2023-10-31 08:16:08
SVPCheck: True	LoopAbstraction: True	LabelReduction: True	Slice: False	

SVPCheck var: svp_simple_006_001_global_var1	pattern: rwr
--------------------------Run start-------------------------------
inliner
slice
LoopAbstraction
unroller
insertLabel
lazyseq
feeder  2.946
[91mUNSAFE[0m, counterexample: 2, time: 6.402 s, memory: 43.93 MB
--------------------------Run end---------------------------------
SVPCheck var: svp_simple_006_001_global_var2	pattern: wrw
--------------------------Run start-------------------------------
inliner
slice
LoopAbstraction
unroller
insertLabel
lazyseq
feeder  0.503
[92mSAFE[0m, counterexample: 0, time: 3.959 s, memory: 38.36 MB
--------------------------Run end---------------------------------
cbmcTimeSum: 3.449
modulesTimeSum: 10.361
