CBMC version 5.6 64-bit x86_64 linux
Parsing /home/dell/zyworkspace/nichecker/Experiment/remarks2.1_basic/svp_simple_004/_mt_svp_simple_004_001_result/_cs_svp_simple_004_001_global_var1_rwr_mt_svp_simple_004_001.c
<command-line>: warning: "__STDC_VERSION__" redefined
<built-in>: note: this is the location of the previous definition
Converting
Type-checking _cs_svp_simple_004_001_global_var1_rwr_mt_svp_simple_004_001
file /home/dell/zyworkspace/nichecker/Experiment/remarks2.1_basic/svp_simple_004/_mt_svp_simple_004_001_result/_cs_svp_simple_004_001_global_var1_rwr_mt_svp_simple_004_001.c line 247 function main_task_0: function `assert' is not declared
Generating GOTO Program
Adding CPROVER library (x86_64)
Removal of function pointers and virtual functions
Partial Inlining
Generic Property Instrumentation
Starting Bounded Model Checking
**** WARNING: no body for function enable_isr
**** WARNING: no body for function disable_isr
size of program expression: 753 steps
simple slicing removed 69 assignments
Generated 5 VCC(s), 5 remaining after simplification
Passing problem to propositional reduction
converting SSA
Running propositional reduction
Post-processing
Solving with MiniSAT 2.2.1 with simplifier
1871 variables, 4122 clauses
SAT checker: instance is SATISFIABLE
Solving with MiniSAT 2.2.1 with simplifier
1871 variables, 592 clauses
SAT checker: instance is UNSATISFIABLE
Runtime decision procedure: 0.011s

** Results:
[main_task_0.assertion.1] assertion rwr_r1 == rwr_tmp1: SUCCESS
[main_task_0.assertion.2] assertion rwr_r2 == rwr_tmp1: FAILURE

Trace for main_task_0.assertion.2:

State 59 file /home/dell/zyworkspace/nichecker/Experiment/remarks2.1_basic/svp_simple_004/_mt_svp_simple_004_001_result/_cs_svp_simple_004_001_global_var1_rwr_mt_svp_simple_004_001.c line 451 function main thread 0
----------------------------------------------------
  __cs_tmp_t1_r0=2 (0010)

State 61 file /home/dell/zyworkspace/nichecker/Experiment/remarks2.1_basic/svp_simple_004/_mt_svp_simple_004_001_result/_cs_svp_simple_004_001_global_var1_rwr_mt_svp_simple_004_001.c line 455 function main thread 0
----------------------------------------------------
  __cs_thread_index=1 (001)

State 62 file /home/dell/zyworkspace/nichecker/Experiment/remarks2.1_basic/svp_simple_004/_mt_svp_simple_004_001_result/_cs_svp_simple_004_001_global_var1_rwr_mt_svp_simple_004_001.c line 457 function main thread 0
----------------------------------------------------
  __cs_pc_cs[1l]=2 (0010)

State 67 file /home/dell/zyworkspace/nichecker/Experiment/remarks2.1_basic/svp_simple_004/_mt_svp_simple_004_001_result/_cs_svp_simple_004_001_global_var1_rwr_mt_svp_simple_004_001.c line 463 function main thread 0
----------------------------------------------------
  __cs_param_main_task_arg=NULL (0000000000000000000000000000000000000000000000000000000000000000)

State 72 file /home/dell/zyworkspace/nichecker/Experiment/remarks2.1_basic/svp_simple_004/_mt_svp_simple_004_001_result/_cs_svp_simple_004_001_global_var1_rwr_mt_svp_simple_004_001.c line 197 function main_task_0 thread 0
----------------------------------------------------
  __cs_disable_thread[3l]=0 (0)

State 73 file /home/dell/zyworkspace/nichecker/Experiment/remarks2.1_basic/svp_simple_004/_mt_svp_simple_004_001_result/_cs_svp_simple_004_001_global_var1_rwr_mt_svp_simple_004_001.c line 200 function main_task_0 thread 0
----------------------------------------------------
  __cs_disable_thread[2l]=0 (0)

State 74 file /home/dell/zyworkspace/nichecker/Experiment/remarks2.1_basic/svp_simple_004/_mt_svp_simple_004_001_result/_cs_svp_simple_004_001_global_var1_rwr_mt_svp_simple_004_001.c line 203 function main_task_0 thread 0
----------------------------------------------------
  __cs_disable_thread[0l]=0 (0)

State 78 file /home/dell/zyworkspace/nichecker/Experiment/remarks2.1_basic/svp_simple_004/_mt_svp_simple_004_001_result/_cs_svp_simple_004_001_global_var1_rwr_mt_svp_simple_004_001.c line 225 function main_task_0 thread 0
----------------------------------------------------
  __cs_disable_thread[3l]=1 (1)

State 80 file /home/dell/zyworkspace/nichecker/Experiment/remarks2.1_basic/svp_simple_004/_mt_svp_simple_004_001_result/_cs_svp_simple_004_001_global_var1_rwr_mt_svp_simple_004_001.c line 234 function main_task_0 thread 0
----------------------------------------------------
  __cs_local_main_task___cs_tmp_if_cond_0=TRUE (00000001)

State 93 file /home/dell/zyworkspace/nichecker/Experiment/remarks2.1_basic/svp_simple_004/_mt_svp_simple_004_001_result/_cs_svp_simple_004_001_global_var1_rwr_mt_svp_simple_004_001.c line 349 function main_task_0 thread 0
----------------------------------------------------
  __cs_value_ptr=NULL (0000000000000000000000000000000000000000000000000000000000000000)

State 98 file /home/dell/zyworkspace/nichecker/Experiment/remarks2.1_basic/svp_simple_004/_mt_svp_simple_004_001_result/_cs_svp_simple_004_001_global_var1_rwr_mt_svp_simple_004_001.c line 465 function main thread 0
----------------------------------------------------
  __cs_pc[1l]=2 (0010)

State 99 file /home/dell/zyworkspace/nichecker/Experiment/remarks2.1_basic/svp_simple_004/_mt_svp_simple_004_001_result/_cs_svp_simple_004_001_global_var1_rwr_mt_svp_simple_004_001.c line 471 function main thread 0
----------------------------------------------------
  __cs_tmp_t2_r0=0 (000)

State 101 file /home/dell/zyworkspace/nichecker/Experiment/remarks2.1_basic/svp_simple_004/_mt_svp_simple_004_001_result/_cs_svp_simple_004_001_global_var1_rwr_mt_svp_simple_004_001.c line 476 function main thread 0
----------------------------------------------------
  __cs_thread_index=2 (010)

State 102 file /home/dell/zyworkspace/nichecker/Experiment/remarks2.1_basic/svp_simple_004/_mt_svp_simple_004_001_result/_cs_svp_simple_004_001_global_var1_rwr_mt_svp_simple_004_001.c line 478 function main thread 0
----------------------------------------------------
  __cs_pc_cs[2l]=0 (0000)

State 107 file /home/dell/zyworkspace/nichecker/Experiment/remarks2.1_basic/svp_simple_004/_mt_svp_simple_004_001_result/_cs_svp_simple_004_001_global_var1_rwr_mt_svp_simple_004_001.c line 484 function main thread 0
----------------------------------------------------
  __cs_param_svp_simple_004_001_isr_1_arg=NULL (0000000000000000000000000000000000000000000000000000000000000000)

State 114 file /home/dell/zyworkspace/nichecker/Experiment/remarks2.1_basic/svp_simple_004/_mt_svp_simple_004_001_result/_cs_svp_simple_004_001_global_var1_rwr_mt_svp_simple_004_001.c line 406 function svp_simple_004_001_isr_1_0 thread 0
----------------------------------------------------
  __cs_value_ptr=NULL (0000000000000000000000000000000000000000000000000000000000000000)

State 119 file /home/dell/zyworkspace/nichecker/Experiment/remarks2.1_basic/svp_simple_004/_mt_svp_simple_004_001_result/_cs_svp_simple_004_001_global_var1_rwr_mt_svp_simple_004_001.c line 486 function main thread 0
----------------------------------------------------
  __cs_pc[2l]=0 (0000)

State 120 file /home/dell/zyworkspace/nichecker/Experiment/remarks2.1_basic/svp_simple_004/_mt_svp_simple_004_001_result/_cs_svp_simple_004_001_global_var1_rwr_mt_svp_simple_004_001.c line 492 function main thread 0
----------------------------------------------------
  __cs_tmp_t3_r0=0 (0)

State 122 file /home/dell/zyworkspace/nichecker/Experiment/remarks2.1_basic/svp_simple_004/_mt_svp_simple_004_001_result/_cs_svp_simple_004_001_global_var1_rwr_mt_svp_simple_004_001.c line 517 function main thread 0
----------------------------------------------------
  __cs_tmp_t1_r1=4 (0100)

State 129 file /home/dell/zyworkspace/nichecker/Experiment/remarks2.1_basic/svp_simple_004/_mt_svp_simple_004_001_result/_cs_svp_simple_004_001_global_var1_rwr_mt_svp_simple_004_001.c line 522 function main thread 0
----------------------------------------------------
  __cs_thread_index=1 (001)

State 130 file /home/dell/zyworkspace/nichecker/Experiment/remarks2.1_basic/svp_simple_004/_mt_svp_simple_004_001_result/_cs_svp_simple_004_001_global_var1_rwr_mt_svp_simple_004_001.c line 524 function main thread 0
----------------------------------------------------
  __cs_pc_cs[1l]=4 (0100)

State 135 file /home/dell/zyworkspace/nichecker/Experiment/remarks2.1_basic/svp_simple_004/_mt_svp_simple_004_001_result/_cs_svp_simple_004_001_global_var1_rwr_mt_svp_simple_004_001.c line 530 function main thread 0
----------------------------------------------------
  __cs_param_main_task_arg=NULL (0000000000000000000000000000000000000000000000000000000000000000)

State 139 file /home/dell/zyworkspace/nichecker/Experiment/remarks2.1_basic/svp_simple_004/_mt_svp_simple_004_001_result/_cs_svp_simple_004_001_global_var1_rwr_mt_svp_simple_004_001.c line 243 function main_task_0 thread 0
----------------------------------------------------
  __cs_local_main_task_reader1=17 (00000000000000000000000000010001)

State 140 file /home/dell/zyworkspace/nichecker/Experiment/remarks2.1_basic/svp_simple_004/_mt_svp_simple_004_001_result/_cs_svp_simple_004_001_global_var1_rwr_mt_svp_simple_004_001.c line 245 function main_task_0 thread 0
----------------------------------------------------
  rwr_r1=17 (00000000000000000000000000010001)

State 142 file /home/dell/zyworkspace/nichecker/Experiment/remarks2.1_basic/svp_simple_004/_mt_svp_simple_004_001_result/_cs_svp_simple_004_001_global_var1_rwr_mt_svp_simple_004_001.c line 249 function main_task_0 thread 0
----------------------------------------------------
  rwr_tmp1_num=1 (00000000000000000000000000000001)

State 143 file /home/dell/zyworkspace/nichecker/Experiment/remarks2.1_basic/svp_simple_004/_mt_svp_simple_004_001_result/_cs_svp_simple_004_001_global_var1_rwr_mt_svp_simple_004_001.c line 250 function main_task_0 thread 0
----------------------------------------------------
  rwr_tmp1=17 (00000000000000000000000000010001)

State 145 file /home/dell/zyworkspace/nichecker/Experiment/remarks2.1_basic/svp_simple_004/_mt_svp_simple_004_001_result/_cs_svp_simple_004_001_global_var1_rwr_mt_svp_simple_004_001.c line 256 function main_task_0 thread 0
----------------------------------------------------
  __cs_local_main_task_reader5=51 (00000000000000000000000000110011)

State 156 file /home/dell/zyworkspace/nichecker/Experiment/remarks2.1_basic/svp_simple_004/_mt_svp_simple_004_001_result/_cs_svp_simple_004_001_global_var1_rwr_mt_svp_simple_004_001.c line 349 function main_task_0 thread 0
----------------------------------------------------
  __cs_value_ptr=NULL (0000000000000000000000000000000000000000000000000000000000000000)

State 161 file /home/dell/zyworkspace/nichecker/Experiment/remarks2.1_basic/svp_simple_004/_mt_svp_simple_004_001_result/_cs_svp_simple_004_001_global_var1_rwr_mt_svp_simple_004_001.c line 532 function main thread 0
----------------------------------------------------
  __cs_pc[1l]=4 (0100)

State 162 file /home/dell/zyworkspace/nichecker/Experiment/remarks2.1_basic/svp_simple_004/_mt_svp_simple_004_001_result/_cs_svp_simple_004_001_global_var1_rwr_mt_svp_simple_004_001.c line 538 function main thread 0
----------------------------------------------------
  __cs_tmp_t2_r1=4 (100)

State 164 file /home/dell/zyworkspace/nichecker/Experiment/remarks2.1_basic/svp_simple_004/_mt_svp_simple_004_001_result/_cs_svp_simple_004_001_global_var1_rwr_mt_svp_simple_004_001.c line 543 function main thread 0
----------------------------------------------------
  __cs_thread_index=2 (010)

State 165 file /home/dell/zyworkspace/nichecker/Experiment/remarks2.1_basic/svp_simple_004/_mt_svp_simple_004_001_result/_cs_svp_simple_004_001_global_var1_rwr_mt_svp_simple_004_001.c line 545 function main thread 0
----------------------------------------------------
  __cs_pc_cs[2l]=4 (0100)

State 170 file /home/dell/zyworkspace/nichecker/Experiment/remarks2.1_basic/svp_simple_004/_mt_svp_simple_004_001_result/_cs_svp_simple_004_001_global_var1_rwr_mt_svp_simple_004_001.c line 551 function main thread 0
----------------------------------------------------
  __cs_param_svp_simple_004_001_isr_1_arg=NULL (0000000000000000000000000000000000000000000000000000000000000000)

State 172 file /home/dell/zyworkspace/nichecker/Experiment/remarks2.1_basic/svp_simple_004/_mt_svp_simple_004_001_result/_cs_svp_simple_004_001_global_var1_rwr_mt_svp_simple_004_001.c line 359 function svp_simple_004_001_isr_1_0 thread 0
----------------------------------------------------
  svp_simple_004_001_condition6=0 (00000000000000000000000000000000)

State 174 file /home/dell/zyworkspace/nichecker/Experiment/remarks2.1_basic/svp_simple_004/_mt_svp_simple_004_001_result/_cs_svp_simple_004_001_global_var1_rwr_mt_svp_simple_004_001.c line 365 function svp_simple_004_001_isr_1_0 thread 0
----------------------------------------------------
  __cs_local_svp_simple_004_001_isr_1___cs_tmp_if_cond_4=TRUE (00000001)

State 177 file /home/dell/zyworkspace/nichecker/Experiment/remarks2.1_basic/svp_simple_004/_mt_svp_simple_004_001_result/_cs_svp_simple_004_001_global_var1_rwr_mt_svp_simple_004_001.c line 372 function svp_simple_004_001_isr_1_0 thread 0
----------------------------------------------------
  svp_simple_004_001_global_var1=170 (00000000000000000000000010101010)

State 178 file /home/dell/zyworkspace/nichecker/Experiment/remarks2.1_basic/svp_simple_004/_mt_svp_simple_004_001_result/_cs_svp_simple_004_001_global_var1_rwr_mt_svp_simple_004_001.c line 374 function svp_simple_004_001_isr_1_0 thread 0
----------------------------------------------------
  rwr_tmp2_num=0 (00000000000000000000000000000000)

State 184 file /home/dell/zyworkspace/nichecker/Experiment/remarks2.1_basic/svp_simple_004/_mt_svp_simple_004_001_result/_cs_svp_simple_004_001_global_var1_rwr_mt_svp_simple_004_001.c line 393 function svp_simple_004_001_isr_1_0 thread 0
----------------------------------------------------
  __cs_disable_thread[3l]=0 (0)

State 188 file /home/dell/zyworkspace/nichecker/Experiment/remarks2.1_basic/svp_simple_004/_mt_svp_simple_004_001_result/_cs_svp_simple_004_001_global_var1_rwr_mt_svp_simple_004_001.c line 406 function svp_simple_004_001_isr_1_0 thread 0
----------------------------------------------------
  __cs_value_ptr=NULL (0000000000000000000000000000000000000000000000000000000000000000)

State 193 file /home/dell/zyworkspace/nichecker/Experiment/remarks2.1_basic/svp_simple_004/_mt_svp_simple_004_001_result/_cs_svp_simple_004_001_global_var1_rwr_mt_svp_simple_004_001.c line 553 function main thread 0
----------------------------------------------------
  __cs_pc[2l]=4 (0100)

State 194 file /home/dell/zyworkspace/nichecker/Experiment/remarks2.1_basic/svp_simple_004/_mt_svp_simple_004_001_result/_cs_svp_simple_004_001_global_var1_rwr_mt_svp_simple_004_001.c line 559 function main thread 0
----------------------------------------------------
  __cs_tmp_t3_r1=0 (0)

State 196 file /home/dell/zyworkspace/nichecker/Experiment/remarks2.1_basic/svp_simple_004/_mt_svp_simple_004_001_result/_cs_svp_simple_004_001_global_var1_rwr_mt_svp_simple_004_001.c line 564 function main thread 0
----------------------------------------------------
  __cs_thread_index=3 (011)

State 197 file /home/dell/zyworkspace/nichecker/Experiment/remarks2.1_basic/svp_simple_004/_mt_svp_simple_004_001_result/_cs_svp_simple_004_001_global_var1_rwr_mt_svp_simple_004_001.c line 566 function main thread 0
----------------------------------------------------
  __cs_pc_cs[3l]=0 (0000)

State 202 file /home/dell/zyworkspace/nichecker/Experiment/remarks2.1_basic/svp_simple_004/_mt_svp_simple_004_001_result/_cs_svp_simple_004_001_global_var1_rwr_mt_svp_simple_004_001.c line 572 function main thread 0
----------------------------------------------------
  __cs_param_svp_simple_004_001_isr_2_arg=NULL (0000000000000000000000000000000000000000000000000000000000000000)

State 206 file /home/dell/zyworkspace/nichecker/Experiment/remarks2.1_basic/svp_simple_004/_mt_svp_simple_004_001_result/_cs_svp_simple_004_001_global_var1_rwr_mt_svp_simple_004_001.c line 439 function svp_simple_004_001_isr_2_0 thread 0
----------------------------------------------------
  __cs_value_ptr=NULL (0000000000000000000000000000000000000000000000000000000000000000)

State 211 file /home/dell/zyworkspace/nichecker/Experiment/remarks2.1_basic/svp_simple_004/_mt_svp_simple_004_001_result/_cs_svp_simple_004_001_global_var1_rwr_mt_svp_simple_004_001.c line 574 function main thread 0
----------------------------------------------------
  __cs_pc[3l]=0 (0000)

State 212 file /home/dell/zyworkspace/nichecker/Experiment/remarks2.1_basic/svp_simple_004/_mt_svp_simple_004_001_result/_cs_svp_simple_004_001_global_var1_rwr_mt_svp_simple_004_001.c line 578 function main thread 0
----------------------------------------------------
  __cs_tmp_t1_r2=6u (00000000000000000000000000000110)

State 214 file /home/dell/zyworkspace/nichecker/Experiment/remarks2.1_basic/svp_simple_004/_mt_svp_simple_004_001_result/_cs_svp_simple_004_001_global_var1_rwr_mt_svp_simple_004_001.c line 583 function main thread 0
----------------------------------------------------
  __cs_thread_index=1 (001)

State 215 file /home/dell/zyworkspace/nichecker/Experiment/remarks2.1_basic/svp_simple_004/_mt_svp_simple_004_001_result/_cs_svp_simple_004_001_global_var1_rwr_mt_svp_simple_004_001.c line 585 function main thread 0
----------------------------------------------------
  __cs_pc_cs[1l]=6 (0110)

State 220 file /home/dell/zyworkspace/nichecker/Experiment/remarks2.1_basic/svp_simple_004/_mt_svp_simple_004_001_result/_cs_svp_simple_004_001_global_var1_rwr_mt_svp_simple_004_001.c line 591 function main thread 0
----------------------------------------------------
  __cs_param_main_task_arg=NULL (0000000000000000000000000000000000000000000000000000000000000000)

State 226 file /home/dell/zyworkspace/nichecker/Experiment/remarks2.1_basic/svp_simple_004/_mt_svp_simple_004_001_result/_cs_svp_simple_004_001_global_var1_rwr_mt_svp_simple_004_001.c line 268 function main_task_0 thread 0
----------------------------------------------------
  __cs_local_main_task___cs_tmp_if_cond_1=TRUE (00000001)

State 229 file /home/dell/zyworkspace/nichecker/Experiment/remarks2.1_basic/svp_simple_004/_mt_svp_simple_004_001_result/_cs_svp_simple_004_001_global_var1_rwr_mt_svp_simple_004_001.c line 277 function main_task_0 thread 0
----------------------------------------------------
  __cs_local_main_task_reader2=170 (00000000000000000000000010101010)

State 230 file /home/dell/zyworkspace/nichecker/Experiment/remarks2.1_basic/svp_simple_004/_mt_svp_simple_004_001_result/_cs_svp_simple_004_001_global_var1_rwr_mt_svp_simple_004_001.c line 279 function main_task_0 thread 0
----------------------------------------------------
  rwr_r2=170 (00000000000000000000000010101010)

Violated property:
  file /home/dell/zyworkspace/nichecker/Experiment/remarks2.1_basic/svp_simple_004/_mt_svp_simple_004_001_result/_cs_svp_simple_004_001_global_var1_rwr_mt_svp_simple_004_001.c line 281 function main_task_0
  assertion rwr_r2 == rwr_tmp1
  rwr_r2 == rwr_tmp1


** 1 of 2 failed (2 iterations)
VERIFICATION FAILED
