2023-10-15 16:51:42
SVPCheck: True	LoopAbstraction: False	LabelReduction: False	Slice: False	

SVPCheck var: svp_simple_004_001_global_var1	pattern: rwr
--------------------------Run start-------------------------------
inliner
slice
LoopAbstraction
unroller
insertLabel
lazyseq
feeder  0.206
[91mUNSAFE[0m, counterexample: 1, time: 1.763 s, memory: 29.98 MB
--------------------------Run end---------------------------------
SVPCheck var: svp_simple_004_001_global_var2	pattern: rwr
--------------------------Run start-------------------------------
inliner
slice
LoopAbstraction
unroller
insertLabel
lazyseq
feeder  0.207
[92mSAFE[0m, counterexample: 0, time: 1.752 s, memory: 29.90 MB
--------------------------Run end---------------------------------
SVPCheck var: svp_simple_004_001_global_var3	pattern: rwr
--------------------------Run start-------------------------------
inliner
slice
LoopAbstraction
unroller
insertLabel
lazyseq
feeder  0.205
[92mSAFE[0m, counterexample: 0, time: 1.740 s, memory: 29.98 MB
--------------------------Run end---------------------------------
cbmcTimeSum: 0.618
modulesTimeSum: 5.255
