CBMC version 5.6 64-bit x86_64 linux
Parsing /home/dell/zyworkspace/nichecker/Experiment/remarks2.1_LA_Slicing_PPR/svp_simple_029/_mt_svp_simple_029_001_result/_cs_svp_simple_029_001_tm_blocks[36]_rww_mt_svp_simple_029_001.c
<command-line>: warning: "__STDC_VERSION__" redefined
<built-in>: note: this is the location of the previous definition
Converting
Type-checking _cs_svp_simple_029_001_tm_blocks[36]_rww_mt_svp_simple_029_001
file /home/dell/zyworkspace/nichecker/Experiment/remarks2.1_LA_Slicing_PPR/svp_simple_029/_mt_svp_simple_029_001_result/_cs_svp_simple_029_001_tm_blocks[36]_rww_mt_svp_simple_029_001.c line 378 function main_task_0: function `nondet_rand' is not declared
file /home/dell/zyworkspace/nichecker/Experiment/remarks2.1_LA_Slicing_PPR/svp_simple_029/_mt_svp_simple_029_001_result/_cs_svp_simple_029_001_tm_blocks[36]_rww_mt_svp_simple_029_001.c line 513 function main_task_0: function `__cs_init_scalar' is not declared
file /home/dell/zyworkspace/nichecker/Experiment/remarks2.1_LA_Slicing_PPR/svp_simple_029/_mt_svp_simple_029_001_result/_cs_svp_simple_029_001_tm_blocks[36]_rww_mt_svp_simple_029_001.c line 643 function main_task_0: function `assert' is not declared
Generating GOTO Program
Adding CPROVER library (x86_64)
Removal of function pointers and virtual functions
Partial Inlining
Generic Property Instrumentation
Starting Bounded Model Checking
**** WARNING: no body for function enable_isr
**** WARNING: no body for function __cs_init_scalar
size of program expression: 999 steps
simple slicing removed 65 assignments
Generated 3 VCC(s), 3 remaining after simplification
Passing problem to propositional reduction
converting SSA
Running propositional reduction
Post-processing
Solving with MiniSAT 2.2.1 with simplifier
422214 variables, 2330702 clauses
SAT checker: instance is SATISFIABLE
Runtime decision procedure: 2.399s

** Results:
[main_task_0.assertion.1] assertion rww_w1 == rww_r_tmp1: FAILURE

Trace for main_task_0.assertion.1:

State 71 file /home/dell/zyworkspace/nichecker/Experiment/remarks2.1_LA_Slicing_PPR/svp_simple_029/_mt_svp_simple_029_001_result/_cs_svp_simple_029_001_tm_blocks[36]_rww_mt_svp_simple_029_001.c line 693 function main thread 0
----------------------------------------------------
  __cs_tmp_t1_r0=5 (101)

State 73 file /home/dell/zyworkspace/nichecker/Experiment/remarks2.1_LA_Slicing_PPR/svp_simple_029/_mt_svp_simple_029_001_result/_cs_svp_simple_029_001_tm_blocks[36]_rww_mt_svp_simple_029_001.c line 697 function main thread 0
----------------------------------------------------
  __cs_thread_index=1 (01)

State 74 file /home/dell/zyworkspace/nichecker/Experiment/remarks2.1_LA_Slicing_PPR/svp_simple_029/_mt_svp_simple_029_001_result/_cs_svp_simple_029_001_tm_blocks[36]_rww_mt_svp_simple_029_001.c line 699 function main thread 0
----------------------------------------------------
  __cs_pc_cs[1l]=5 (101)

State 79 file /home/dell/zyworkspace/nichecker/Experiment/remarks2.1_LA_Slicing_PPR/svp_simple_029/_mt_svp_simple_029_001_result/_cs_svp_simple_029_001_tm_blocks[36]_rww_mt_svp_simple_029_001.c line 705 function main thread 0
----------------------------------------------------
  __cs_param_main_task_arg=NULL (0000000000000000000000000000000000000000000000000000000000000000)

State 81 file /home/dell/zyworkspace/nichecker/Experiment/remarks2.1_LA_Slicing_PPR/svp_simple_029/_mt_svp_simple_029_001_result/_cs_svp_simple_029_001_tm_blocks[36]_rww_mt_svp_simple_029_001.c line 331 function main_task_0 thread 0
----------------------------------------------------
  __cs_local_main_task_svp_simple_029_001_local_status=1 (00000001)

State 82 file /home/dell/zyworkspace/nichecker/Experiment/remarks2.1_LA_Slicing_PPR/svp_simple_029/_mt_svp_simple_029_001_result/_cs_svp_simple_029_001_tm_blocks[36]_rww_mt_svp_simple_029_001.c line 338 function main_task_0 thread 0
----------------------------------------------------
  __cs_local_main_task_i=0 (00000000000000000000000000000000)

State 83 file /home/dell/zyworkspace/nichecker/Experiment/remarks2.1_LA_Slicing_PPR/svp_simple_029/_mt_svp_simple_029_001_result/_cs_svp_simple_029_001_tm_blocks[36]_rww_mt_svp_simple_029_001.c line 346 function main_task_0 thread 0
----------------------------------------------------
  __cs_local_main_task_t_1=0 (00000000000000000000000000000000)

State 85 file /home/dell/zyworkspace/nichecker/Experiment/remarks2.1_LA_Slicing_PPR/svp_simple_029/_mt_svp_simple_029_001_result/_cs_svp_simple_029_001_tm_blocks[36]_rww_mt_svp_simple_029_001.c line 364 function main_task_0 thread 0
----------------------------------------------------
  __cs_local_main_task_loop_1_IOVar1=0 (00000000000000000000000000000000)

State 86 file /home/dell/zyworkspace/nichecker/Experiment/remarks2.1_LA_Slicing_PPR/svp_simple_029/_mt_svp_simple_029_001_result/_cs_svp_simple_029_001_tm_blocks[36]_rww_mt_svp_simple_029_001.c line 367 function main_task_0 thread 0
----------------------------------------------------
  __cs_local_main_task_loop_1_block_1=36 (00000000000000000000000000100100)

State 87 file /home/dell/zyworkspace/nichecker/Experiment/remarks2.1_LA_Slicing_PPR/svp_simple_029/_mt_svp_simple_029_001_result/_cs_svp_simple_029_001_tm_blocks[36]_rww_mt_svp_simple_029_001.c line 370 function main_task_0 thread 0
----------------------------------------------------
  __cs_local_main_task_i=36 (00000000000000000000000000100100)

State 92 file /home/dell/zyworkspace/nichecker/Experiment/remarks2.1_LA_Slicing_PPR/svp_simple_029/_mt_svp_simple_029_001_result/_cs_svp_simple_029_001_tm_blocks[36]_rww_mt_svp_simple_029_001.c line 378 function main_task_0 thread 0
----------------------------------------------------
  svp_simple_029_001_tm_blocks[36l]=12 (00001100)

State 93 file /home/dell/zyworkspace/nichecker/Experiment/remarks2.1_LA_Slicing_PPR/svp_simple_029/_mt_svp_simple_029_001_result/_cs_svp_simple_029_001_tm_blocks[36]_rww_mt_svp_simple_029_001.c line 384 function main_task_0 thread 0
----------------------------------------------------
  __cs_local_main_task_i=37 (00000000000000000000000000100101)

State 94 file /home/dell/zyworkspace/nichecker/Experiment/remarks2.1_LA_Slicing_PPR/svp_simple_029/_mt_svp_simple_029_001_result/_cs_svp_simple_029_001_tm_blocks[36]_rww_mt_svp_simple_029_001.c line 390 function main_task_0 thread 0
----------------------------------------------------
  __cs_local_main_task_t_1=1 (00000000000000000000000000000001)

State 96 file /home/dell/zyworkspace/nichecker/Experiment/remarks2.1_LA_Slicing_PPR/svp_simple_029/_mt_svp_simple_029_001_result/_cs_svp_simple_029_001_tm_blocks[36]_rww_mt_svp_simple_029_001.c line 408 function main_task_0 thread 0
----------------------------------------------------
  __cs_local_main_task_loop_1_IOVar1=37 (00000000000000000000000000100101)

State 97 file /home/dell/zyworkspace/nichecker/Experiment/remarks2.1_LA_Slicing_PPR/svp_simple_029/_mt_svp_simple_029_001_result/_cs_svp_simple_029_001_tm_blocks[36]_rww_mt_svp_simple_029_001.c line 411 function main_task_0 thread 0
----------------------------------------------------
  __cs_local_main_task_loop_1_block_1=4058 (00000000000000000000111111011010)

State 98 file /home/dell/zyworkspace/nichecker/Experiment/remarks2.1_LA_Slicing_PPR/svp_simple_029/_mt_svp_simple_029_001_result/_cs_svp_simple_029_001_tm_blocks[36]_rww_mt_svp_simple_029_001.c line 414 function main_task_0 thread 0
----------------------------------------------------
  __cs_local_main_task_i=4095 (00000000000000000000111111111111)

State 103 file /home/dell/zyworkspace/nichecker/Experiment/remarks2.1_LA_Slicing_PPR/svp_simple_029/_mt_svp_simple_029_001_result/_cs_svp_simple_029_001_tm_blocks[36]_rww_mt_svp_simple_029_001.c line 422 function main_task_0 thread 0
----------------------------------------------------
  svp_simple_029_001_tm_blocks[4095l]=0 (00000000)

State 104 file /home/dell/zyworkspace/nichecker/Experiment/remarks2.1_LA_Slicing_PPR/svp_simple_029/_mt_svp_simple_029_001_result/_cs_svp_simple_029_001_tm_blocks[36]_rww_mt_svp_simple_029_001.c line 428 function main_task_0 thread 0
----------------------------------------------------
  __cs_local_main_task_i=4096 (00000000000000000001000000000000)

State 105 file /home/dell/zyworkspace/nichecker/Experiment/remarks2.1_LA_Slicing_PPR/svp_simple_029/_mt_svp_simple_029_001_result/_cs_svp_simple_029_001_tm_blocks[36]_rww_mt_svp_simple_029_001.c line 434 function main_task_0 thread 0
----------------------------------------------------
  __cs_local_main_task_t_1=2 (00000000000000000000000000000010)

State 106 file /home/dell/zyworkspace/nichecker/Experiment/remarks2.1_LA_Slicing_PPR/svp_simple_029/_mt_svp_simple_029_001_result/_cs_svp_simple_029_001_tm_blocks[36]_rww_mt_svp_simple_029_001.c line 438 function main_task_0 thread 0
----------------------------------------------------
  __cs_loop_1=FALSE (00000000)

State 113 file /home/dell/zyworkspace/nichecker/Experiment/remarks2.1_LA_Slicing_PPR/svp_simple_029/_mt_svp_simple_029_001_result/_cs_svp_simple_029_001_tm_blocks[36]_rww_mt_svp_simple_029_001.c line 460 function main_task_0 thread 0
----------------------------------------------------
  __cs_disable_thread[2l]=0 (0)

State 114 file /home/dell/zyworkspace/nichecker/Experiment/remarks2.1_LA_Slicing_PPR/svp_simple_029/_mt_svp_simple_029_001_result/_cs_svp_simple_029_001_tm_blocks[36]_rww_mt_svp_simple_029_001.c line 463 function main_task_0 thread 0
----------------------------------------------------
  __cs_disable_thread[0l]=0 (0)

State 116 file /home/dell/zyworkspace/nichecker/Experiment/remarks2.1_LA_Slicing_PPR/svp_simple_029/_mt_svp_simple_029_001_result/_cs_svp_simple_029_001_tm_blocks[36]_rww_mt_svp_simple_029_001.c line 477 function main_task_0 thread 0
----------------------------------------------------
  svp_simple_029_001_ptr_SetTmData=svp_simple_029_001_SetTmData (0000001000000000000000000000000000000000000000000000000000000000)

State 118 file /home/dell/zyworkspace/nichecker/Experiment/remarks2.1_LA_Slicing_PPR/svp_simple_029/_mt_svp_simple_029_001_result/_cs_svp_simple_029_001_tm_blocks[36]_rww_mt_svp_simple_029_001.c line 482 function main_task_0 thread 0
----------------------------------------------------
  svp_simple_029_001_ptr_GetTmData=svp_simple_029_001_GetTmData (0000001100000000000000000000000000000000000000000000000000000000)

State 119 file /home/dell/zyworkspace/nichecker/Experiment/remarks2.1_LA_Slicing_PPR/svp_simple_029/_mt_svp_simple_029_001_result/_cs_svp_simple_029_001_tm_blocks[36]_rww_mt_svp_simple_029_001.c line 485 function main_task_0 thread 0
----------------------------------------------------
  svp_simple_029_001_ptr_SetSelfCtrlFlag=svp_simple_029_001_SetSelfCtrlFlag (0000010000000000000000000000000000000000000000000000000000000000)

State 120 file /home/dell/zyworkspace/nichecker/Experiment/remarks2.1_LA_Slicing_PPR/svp_simple_029/_mt_svp_simple_029_001_result/_cs_svp_simple_029_001_tm_blocks[36]_rww_mt_svp_simple_029_001.c line 493 function main_task_0 thread 0
----------------------------------------------------
  __cs_local_main_task___cs_tmp_if_cond_5=TRUE (00000001)

State 122 file /home/dell/zyworkspace/nichecker/Experiment/remarks2.1_LA_Slicing_PPR/svp_simple_029/_mt_svp_simple_029_001_result/_cs_svp_simple_029_001_tm_blocks[36]_rww_mt_svp_simple_029_001.c line 502 function main_task_0 thread 0
----------------------------------------------------
  __cs_local_main_task___cs_tmp_if_cond_6=TRUE (00000001)

State 127 file /home/dell/zyworkspace/nichecker/Experiment/remarks2.1_LA_Slicing_PPR/svp_simple_029/_mt_svp_simple_029_001_result/_cs_svp_simple_029_001_tm_blocks[36]_rww_mt_svp_simple_029_001.c line 519 function main_task_0 thread 0
----------------------------------------------------
  __cs_local_main_task___cs_tmp_if_cond_7=TRUE (00000001)

State 129 file /home/dell/zyworkspace/nichecker/Experiment/remarks2.1_LA_Slicing_PPR/svp_simple_029/_mt_svp_simple_029_001_result/_cs_svp_simple_029_001_tm_blocks[36]_rww_mt_svp_simple_029_001.c line 526 function main_task_0 thread 0
----------------------------------------------------
  __cs_local_main_task_tmp1=1 (00000001)

State 131 file /home/dell/zyworkspace/nichecker/Experiment/remarks2.1_LA_Slicing_PPR/svp_simple_029/_mt_svp_simple_029_001_result/_cs_svp_simple_029_001_tm_blocks[36]_rww_mt_svp_simple_029_001.c line 540 function main_task_0 thread 0
----------------------------------------------------
  __cs_local_main_task_tmp1=1 (00000001)

State 132 file /home/dell/zyworkspace/nichecker/Experiment/remarks2.1_LA_Slicing_PPR/svp_simple_029/_mt_svp_simple_029_001_result/_cs_svp_simple_029_001_tm_blocks[36]_rww_mt_svp_simple_029_001.c line 545 function main_task_0 thread 0
----------------------------------------------------
  __cs_local_main_task___cs_tmp_if_cond_8=TRUE (00000001)

State 134 file /home/dell/zyworkspace/nichecker/Experiment/remarks2.1_LA_Slicing_PPR/svp_simple_029/_mt_svp_simple_029_001_result/_cs_svp_simple_029_001_tm_blocks[36]_rww_mt_svp_simple_029_001.c line 556 function main_task_0 thread 0
----------------------------------------------------
  __cs_local_main_task_tm_name=36u (00000000000000000000000000100100)

State 135 file /home/dell/zyworkspace/nichecker/Experiment/remarks2.1_LA_Slicing_PPR/svp_simple_029/_mt_svp_simple_029_001_result/_cs_svp_simple_029_001_tm_blocks[36]_rww_mt_svp_simple_029_001.c line 559 function main_task_0 thread 0
----------------------------------------------------
  __cs_local_main_task___cs_retval__svp_simple_029_001_GetTmData_0=12 (00001100)

State 137 file /home/dell/zyworkspace/nichecker/Experiment/remarks2.1_LA_Slicing_PPR/svp_simple_029/_mt_svp_simple_029_001_result/_cs_svp_simple_029_001_tm_blocks[36]_rww_mt_svp_simple_029_001.c line 562 function main_task_0 thread 0
----------------------------------------------------
  rww_r_tmp1_num=1 (00000000000000000000000000000001)

State 138 file /home/dell/zyworkspace/nichecker/Experiment/remarks2.1_LA_Slicing_PPR/svp_simple_029/_mt_svp_simple_029_001_result/_cs_svp_simple_029_001_tm_blocks[36]_rww_mt_svp_simple_029_001.c line 563 function main_task_0 thread 0
----------------------------------------------------
  rww_r_tmp1=12 (00001100)

State 140 file /home/dell/zyworkspace/nichecker/Experiment/remarks2.1_LA_Slicing_PPR/svp_simple_029/_mt_svp_simple_029_001_result/_cs_svp_simple_029_001_tm_blocks[36]_rww_mt_svp_simple_029_001.c line 573 function main_task_0 thread 0
----------------------------------------------------
  __cs_local_main_task_ctrl_sts=12 (00001100)

State 142 file /home/dell/zyworkspace/nichecker/Experiment/remarks2.1_LA_Slicing_PPR/svp_simple_029/_mt_svp_simple_029_001_result/_cs_svp_simple_029_001_tm_blocks[36]_rww_mt_svp_simple_029_001.c line 583 function main_task_0 thread 0
----------------------------------------------------
  __cs_local_main_task___cs_tmp_if_cond_9=TRUE (00000001)

State 144 file /home/dell/zyworkspace/nichecker/Experiment/remarks2.1_LA_Slicing_PPR/svp_simple_029/_mt_svp_simple_029_001_result/_cs_svp_simple_029_001_tm_blocks[36]_rww_mt_svp_simple_029_001.c line 594 function main_task_0 thread 0
----------------------------------------------------
  __cs_local_main_task_tm_name=37u (00000000000000000000000000100101)

State 145 file /home/dell/zyworkspace/nichecker/Experiment/remarks2.1_LA_Slicing_PPR/svp_simple_029/_mt_svp_simple_029_001_result/_cs_svp_simple_029_001_tm_blocks[36]_rww_mt_svp_simple_029_001.c line 597 function main_task_0 thread 0
----------------------------------------------------
  __cs_local_main_task___cs_retval__svp_simple_029_001_GetTmData_1=0 (00000000)

State 150 file /home/dell/zyworkspace/nichecker/Experiment/remarks2.1_LA_Slicing_PPR/svp_simple_029/_mt_svp_simple_029_001_result/_cs_svp_simple_029_001_tm_blocks[36]_rww_mt_svp_simple_029_001.c line 681 function main_task_0 thread 0
----------------------------------------------------
  __cs_value_ptr=NULL (0000000000000000000000000000000000000000000000000000000000000000)

State 155 file /home/dell/zyworkspace/nichecker/Experiment/remarks2.1_LA_Slicing_PPR/svp_simple_029/_mt_svp_simple_029_001_result/_cs_svp_simple_029_001_tm_blocks[36]_rww_mt_svp_simple_029_001.c line 707 function main thread 0
----------------------------------------------------
  __cs_pc[1l]=5 (101)

State 156 file /home/dell/zyworkspace/nichecker/Experiment/remarks2.1_LA_Slicing_PPR/svp_simple_029/_mt_svp_simple_029_001_result/_cs_svp_simple_029_001_tm_blocks[36]_rww_mt_svp_simple_029_001.c line 713 function main thread 0
----------------------------------------------------
  __cs_tmp_t2_r0=1 (1)

State 158 file /home/dell/zyworkspace/nichecker/Experiment/remarks2.1_LA_Slicing_PPR/svp_simple_029/_mt_svp_simple_029_001_result/_cs_svp_simple_029_001_tm_blocks[36]_rww_mt_svp_simple_029_001.c line 718 function main thread 0
----------------------------------------------------
  __cs_thread_index=2 (10)

State 159 file /home/dell/zyworkspace/nichecker/Experiment/remarks2.1_LA_Slicing_PPR/svp_simple_029/_mt_svp_simple_029_001_result/_cs_svp_simple_029_001_tm_blocks[36]_rww_mt_svp_simple_029_001.c line 720 function main thread 0
----------------------------------------------------
  __cs_pc_cs[2l]=1 (001)

State 164 file /home/dell/zyworkspace/nichecker/Experiment/remarks2.1_LA_Slicing_PPR/svp_simple_029/_mt_svp_simple_029_001_result/_cs_svp_simple_029_001_tm_blocks[36]_rww_mt_svp_simple_029_001.c line 726 function main thread 0
----------------------------------------------------
  __cs_param_svp_simple_029_001_isr_1_arg=NULL (0000000000000000000000000000000000000000000000000000000000000000)

State 166 file /home/dell/zyworkspace/nichecker/Experiment/remarks2.1_LA_Slicing_PPR/svp_simple_029/_mt_svp_simple_029_001_result/_cs_svp_simple_029_001_tm_blocks[36]_rww_mt_svp_simple_029_001.c line 198 function svp_simple_029_001_isr_1_0 thread 0
----------------------------------------------------
  __cs_local_svp_simple_029_001_isr_1___cs_tmp_if_cond_0=FALSE (00000000)

State 168 file /home/dell/zyworkspace/nichecker/Experiment/remarks2.1_LA_Slicing_PPR/svp_simple_029/_mt_svp_simple_029_001_result/_cs_svp_simple_029_001_tm_blocks[36]_rww_mt_svp_simple_029_001.c line 258 function svp_simple_029_001_isr_1_0 thread 0
----------------------------------------------------
  svp_simple_029_001_average_adjust_count=0 (00000000)

State 169 file /home/dell/zyworkspace/nichecker/Experiment/remarks2.1_LA_Slicing_PPR/svp_simple_029/_mt_svp_simple_029_001_result/_cs_svp_simple_029_001_tm_blocks[36]_rww_mt_svp_simple_029_001.c line 262 function svp_simple_029_001_isr_1_0 thread 0
----------------------------------------------------
  __cs_local_svp_simple_029_001_isr_1___cs_tmp_if_cond_3=TRUE (00000001)

State 171 file /home/dell/zyworkspace/nichecker/Experiment/remarks2.1_LA_Slicing_PPR/svp_simple_029/_mt_svp_simple_029_001_result/_cs_svp_simple_029_001_tm_blocks[36]_rww_mt_svp_simple_029_001.c line 271 function svp_simple_029_001_isr_1_0 thread 0
----------------------------------------------------
  __cs_local_svp_simple_029_001_isr_1_tm_data=0 (00000000)

State 172 file /home/dell/zyworkspace/nichecker/Experiment/remarks2.1_LA_Slicing_PPR/svp_simple_029/_mt_svp_simple_029_001_result/_cs_svp_simple_029_001_tm_blocks[36]_rww_mt_svp_simple_029_001.c line 273 function svp_simple_029_001_isr_1_0 thread 0
----------------------------------------------------
  svp_simple_029_001_tm_blocks[36l]=0 (00000000)

State 177 file /home/dell/zyworkspace/nichecker/Experiment/remarks2.1_LA_Slicing_PPR/svp_simple_029/_mt_svp_simple_029_001_result/_cs_svp_simple_029_001_tm_blocks[36]_rww_mt_svp_simple_029_001.c line 321 function svp_simple_029_001_isr_1_0 thread 0
----------------------------------------------------
  __cs_value_ptr=NULL (0000000000000000000000000000000000000000000000000000000000000000)

State 182 file /home/dell/zyworkspace/nichecker/Experiment/remarks2.1_LA_Slicing_PPR/svp_simple_029/_mt_svp_simple_029_001_result/_cs_svp_simple_029_001_tm_blocks[36]_rww_mt_svp_simple_029_001.c line 728 function main thread 0
----------------------------------------------------
  __cs_pc[2l]=1 (001)

State 183 file /home/dell/zyworkspace/nichecker/Experiment/remarks2.1_LA_Slicing_PPR/svp_simple_029/_mt_svp_simple_029_001_result/_cs_svp_simple_029_001_tm_blocks[36]_rww_mt_svp_simple_029_001.c line 738 function main thread 0
----------------------------------------------------
  __cs_tmp_t1_r1=5 (101)

State 185 file /home/dell/zyworkspace/nichecker/Experiment/remarks2.1_LA_Slicing_PPR/svp_simple_029/_mt_svp_simple_029_001_result/_cs_svp_simple_029_001_tm_blocks[36]_rww_mt_svp_simple_029_001.c line 743 function main thread 0
----------------------------------------------------
  __cs_thread_index=1 (01)

State 186 file /home/dell/zyworkspace/nichecker/Experiment/remarks2.1_LA_Slicing_PPR/svp_simple_029/_mt_svp_simple_029_001_result/_cs_svp_simple_029_001_tm_blocks[36]_rww_mt_svp_simple_029_001.c line 745 function main thread 0
----------------------------------------------------
  __cs_pc_cs[1l]=5 (101)

State 191 file /home/dell/zyworkspace/nichecker/Experiment/remarks2.1_LA_Slicing_PPR/svp_simple_029/_mt_svp_simple_029_001_result/_cs_svp_simple_029_001_tm_blocks[36]_rww_mt_svp_simple_029_001.c line 751 function main thread 0
----------------------------------------------------
  __cs_param_main_task_arg=NULL (0000000000000000000000000000000000000000000000000000000000000000)

State 200 file /home/dell/zyworkspace/nichecker/Experiment/remarks2.1_LA_Slicing_PPR/svp_simple_029/_mt_svp_simple_029_001_result/_cs_svp_simple_029_001_tm_blocks[36]_rww_mt_svp_simple_029_001.c line 681 function main_task_0 thread 0
----------------------------------------------------
  __cs_value_ptr=NULL (0000000000000000000000000000000000000000000000000000000000000000)

State 205 file /home/dell/zyworkspace/nichecker/Experiment/remarks2.1_LA_Slicing_PPR/svp_simple_029/_mt_svp_simple_029_001_result/_cs_svp_simple_029_001_tm_blocks[36]_rww_mt_svp_simple_029_001.c line 753 function main thread 0
----------------------------------------------------
  __cs_pc[1l]=5 (101)

State 206 file /home/dell/zyworkspace/nichecker/Experiment/remarks2.1_LA_Slicing_PPR/svp_simple_029/_mt_svp_simple_029_001_result/_cs_svp_simple_029_001_tm_blocks[36]_rww_mt_svp_simple_029_001.c line 759 function main thread 0
----------------------------------------------------
  __cs_tmp_t2_r1=1 (1)

State 208 file /home/dell/zyworkspace/nichecker/Experiment/remarks2.1_LA_Slicing_PPR/svp_simple_029/_mt_svp_simple_029_001_result/_cs_svp_simple_029_001_tm_blocks[36]_rww_mt_svp_simple_029_001.c line 764 function main thread 0
----------------------------------------------------
  __cs_thread_index=2 (10)

State 209 file /home/dell/zyworkspace/nichecker/Experiment/remarks2.1_LA_Slicing_PPR/svp_simple_029/_mt_svp_simple_029_001_result/_cs_svp_simple_029_001_tm_blocks[36]_rww_mt_svp_simple_029_001.c line 766 function main thread 0
----------------------------------------------------
  __cs_pc_cs[2l]=1 (001)

State 214 file /home/dell/zyworkspace/nichecker/Experiment/remarks2.1_LA_Slicing_PPR/svp_simple_029/_mt_svp_simple_029_001_result/_cs_svp_simple_029_001_tm_blocks[36]_rww_mt_svp_simple_029_001.c line 772 function main thread 0
----------------------------------------------------
  __cs_param_svp_simple_029_001_isr_1_arg=NULL (0000000000000000000000000000000000000000000000000000000000000000)

State 218 file /home/dell/zyworkspace/nichecker/Experiment/remarks2.1_LA_Slicing_PPR/svp_simple_029/_mt_svp_simple_029_001_result/_cs_svp_simple_029_001_tm_blocks[36]_rww_mt_svp_simple_029_001.c line 321 function svp_simple_029_001_isr_1_0 thread 0
----------------------------------------------------
  __cs_value_ptr=NULL (0000000000000000000000000000000000000000000000000000000000000000)

State 223 file /home/dell/zyworkspace/nichecker/Experiment/remarks2.1_LA_Slicing_PPR/svp_simple_029/_mt_svp_simple_029_001_result/_cs_svp_simple_029_001_tm_blocks[36]_rww_mt_svp_simple_029_001.c line 774 function main thread 0
----------------------------------------------------
  __cs_pc[2l]=1 (001)

State 224 file /home/dell/zyworkspace/nichecker/Experiment/remarks2.1_LA_Slicing_PPR/svp_simple_029/_mt_svp_simple_029_001_result/_cs_svp_simple_029_001_tm_blocks[36]_rww_mt_svp_simple_029_001.c line 778 function main thread 0
----------------------------------------------------
  __cs_tmp_t1_r2=6u (00000000000000000000000000000110)

State 226 file /home/dell/zyworkspace/nichecker/Experiment/remarks2.1_LA_Slicing_PPR/svp_simple_029/_mt_svp_simple_029_001_result/_cs_svp_simple_029_001_tm_blocks[36]_rww_mt_svp_simple_029_001.c line 783 function main thread 0
----------------------------------------------------
  __cs_thread_index=1 (01)

State 227 file /home/dell/zyworkspace/nichecker/Experiment/remarks2.1_LA_Slicing_PPR/svp_simple_029/_mt_svp_simple_029_001_result/_cs_svp_simple_029_001_tm_blocks[36]_rww_mt_svp_simple_029_001.c line 785 function main thread 0
----------------------------------------------------
  __cs_pc_cs[1l]=6 (110)

State 232 file /home/dell/zyworkspace/nichecker/Experiment/remarks2.1_LA_Slicing_PPR/svp_simple_029/_mt_svp_simple_029_001_result/_cs_svp_simple_029_001_tm_blocks[36]_rww_mt_svp_simple_029_001.c line 791 function main thread 0
----------------------------------------------------
  __cs_param_main_task_arg=NULL (0000000000000000000000000000000000000000000000000000000000000000)

State 239 file /home/dell/zyworkspace/nichecker/Experiment/remarks2.1_LA_Slicing_PPR/svp_simple_029/_mt_svp_simple_029_001_result/_cs_svp_simple_029_001_tm_blocks[36]_rww_mt_svp_simple_029_001.c line 611 function main_task_0 thread 0
----------------------------------------------------
  __cs_local_main_task_ctrl_sts=12 (00001100)

State 241 file /home/dell/zyworkspace/nichecker/Experiment/remarks2.1_LA_Slicing_PPR/svp_simple_029/_mt_svp_simple_029_001_result/_cs_svp_simple_029_001_tm_blocks[36]_rww_mt_svp_simple_029_001.c line 619 function main_task_0 thread 0
----------------------------------------------------
  __cs_local_main_task_ctrl_sts=13 (00001101)

State 242 file /home/dell/zyworkspace/nichecker/Experiment/remarks2.1_LA_Slicing_PPR/svp_simple_029/_mt_svp_simple_029_001_result/_cs_svp_simple_029_001_tm_blocks[36]_rww_mt_svp_simple_029_001.c line 624 function main_task_0 thread 0
----------------------------------------------------
  __cs_local_main_task___cs_tmp_if_cond_10=TRUE (00000001)

State 244 file /home/dell/zyworkspace/nichecker/Experiment/remarks2.1_LA_Slicing_PPR/svp_simple_029/_mt_svp_simple_029_001_result/_cs_svp_simple_029_001_tm_blocks[36]_rww_mt_svp_simple_029_001.c line 633 function main_task_0 thread 0
----------------------------------------------------
  __cs_local_main_task_tm_name=36u (00000000000000000000000000100100)

State 245 file /home/dell/zyworkspace/nichecker/Experiment/remarks2.1_LA_Slicing_PPR/svp_simple_029/_mt_svp_simple_029_001_result/_cs_svp_simple_029_001_tm_blocks[36]_rww_mt_svp_simple_029_001.c line 637 function main_task_0 thread 0
----------------------------------------------------
  __cs_local_main_task_tm_data=13 (00001101)

State 247 file /home/dell/zyworkspace/nichecker/Experiment/remarks2.1_LA_Slicing_PPR/svp_simple_029/_mt_svp_simple_029_001_result/_cs_svp_simple_029_001_tm_blocks[36]_rww_mt_svp_simple_029_001.c line 641 function main_task_0 thread 0
----------------------------------------------------
  rww_w1=0 (00000000)

Violated property:
  file /home/dell/zyworkspace/nichecker/Experiment/remarks2.1_LA_Slicing_PPR/svp_simple_029/_mt_svp_simple_029_001_result/_cs_svp_simple_029_001_tm_blocks[36]_rww_mt_svp_simple_029_001.c line 643 function main_task_0
  assertion rww_w1 == rww_r_tmp1
  rww_w1 == rww_r_tmp1


** 1 of 1 failed (1 iteration)
VERIFICATION FAILED
