CBMC version 5.6 64-bit x86_64 linux
Parsing /home/dell/zyworkspace/nichecker/Experiment/remarks2.1_LA_Slicing_PPR/svp_simple_027/_mt_svp_simple_027_001_result/_cs_svp_simple_027_001_gloable_var_rww_mt_svp_simple_027_001.c
<command-line>: warning: "__STDC_VERSION__" redefined
<built-in>: note: this is the location of the previous definition
Converting
Type-checking _cs_svp_simple_027_001_gloable_var_rww_mt_svp_simple_027_001
file /home/dell/zyworkspace/nichecker/Experiment/remarks2.1_LA_Slicing_PPR/svp_simple_027/_mt_svp_simple_027_001_result/_cs_svp_simple_027_001_gloable_var_rww_mt_svp_simple_027_001.c line 240 function main_task_0: function `assert' is not declared
Generating GOTO Program
Adding CPROVER library (x86_64)
Removal of function pointers and virtual functions
Partial Inlining
Generic Property Instrumentation
Starting Bounded Model Checking
**** WARNING: no body for function enable_isr
size of program expression: 695 steps
simple slicing removed 30 assignments
Generated 7 VCC(s), 7 remaining after simplification
Passing problem to propositional reduction
converting SSA
Running propositional reduction
Post-processing
Solving with MiniSAT 2.2.1 with simplifier
1944 variables, 4491 clauses
SAT checker: instance is SATISFIABLE
Solving with MiniSAT 2.2.1 with simplifier
1944 variables, 1329 clauses
SAT checker: instance is SATISFIABLE
Solving with MiniSAT 2.2.1 with simplifier
1944 variables, 1304 clauses
SAT checker: instance is SATISFIABLE
Runtime decision procedure: 0.017s

** Results:
[main_task_0.assertion.1] assertion rww_w1 == rww_r_tmp1: FAILURE
[svp_simple_027_001_isr_2_0.assertion.1] assertion rww_w2 == rww_r_tmp3: FAILURE
[svp_simple_027_001_isr_1_0.assertion.1] assertion rww_w3 == rww_r_tmp2: FAILURE

Trace for main_task_0.assertion.1:

State 47 file /home/dell/zyworkspace/nichecker/Experiment/remarks2.1_LA_Slicing_PPR/svp_simple_027/_mt_svp_simple_027_001_result/_cs_svp_simple_027_001_gloable_var_rww_mt_svp_simple_027_001.c line 390 function main thread 0
----------------------------------------------------
  __cs_tmp_t1_r0=2 (010)

State 49 file /home/dell/zyworkspace/nichecker/Experiment/remarks2.1_LA_Slicing_PPR/svp_simple_027/_mt_svp_simple_027_001_result/_cs_svp_simple_027_001_gloable_var_rww_mt_svp_simple_027_001.c line 394 function main thread 0
----------------------------------------------------
  __cs_thread_index=1 (001)

State 50 file /home/dell/zyworkspace/nichecker/Experiment/remarks2.1_LA_Slicing_PPR/svp_simple_027/_mt_svp_simple_027_001_result/_cs_svp_simple_027_001_gloable_var_rww_mt_svp_simple_027_001.c line 396 function main thread 0
----------------------------------------------------
  __cs_pc_cs[1l]=2 (010)

State 55 file /home/dell/zyworkspace/nichecker/Experiment/remarks2.1_LA_Slicing_PPR/svp_simple_027/_mt_svp_simple_027_001_result/_cs_svp_simple_027_001_gloable_var_rww_mt_svp_simple_027_001.c line 402 function main thread 0
----------------------------------------------------
  __cs_param_main_task_arg=NULL (0000000000000000000000000000000000000000000000000000000000000000)

State 57 file /home/dell/zyworkspace/nichecker/Experiment/remarks2.1_LA_Slicing_PPR/svp_simple_027/_mt_svp_simple_027_001_result/_cs_svp_simple_027_001_gloable_var_rww_mt_svp_simple_027_001.c line 184 function main_task_0 thread 0
----------------------------------------------------
  svp_simple_027_001_gloable_var=15 (00000000000000000000000000001111)

State 62 file /home/dell/zyworkspace/nichecker/Experiment/remarks2.1_LA_Slicing_PPR/svp_simple_027/_mt_svp_simple_027_001_result/_cs_svp_simple_027_001_gloable_var_rww_mt_svp_simple_027_001.c line 192 function main_task_0 thread 0
----------------------------------------------------
  __cs_disable_thread[4l]=0 (0)

State 63 file /home/dell/zyworkspace/nichecker/Experiment/remarks2.1_LA_Slicing_PPR/svp_simple_027/_mt_svp_simple_027_001_result/_cs_svp_simple_027_001_gloable_var_rww_mt_svp_simple_027_001.c line 195 function main_task_0 thread 0
----------------------------------------------------
  __cs_disable_thread[3l]=0 (0)

State 64 file /home/dell/zyworkspace/nichecker/Experiment/remarks2.1_LA_Slicing_PPR/svp_simple_027/_mt_svp_simple_027_001_result/_cs_svp_simple_027_001_gloable_var_rww_mt_svp_simple_027_001.c line 198 function main_task_0 thread 0
----------------------------------------------------
  __cs_disable_thread[2l]=0 (0)

State 65 file /home/dell/zyworkspace/nichecker/Experiment/remarks2.1_LA_Slicing_PPR/svp_simple_027/_mt_svp_simple_027_001_result/_cs_svp_simple_027_001_gloable_var_rww_mt_svp_simple_027_001.c line 201 function main_task_0 thread 0
----------------------------------------------------
  __cs_disable_thread[0l]=0 (0)

State 72 file /home/dell/zyworkspace/nichecker/Experiment/remarks2.1_LA_Slicing_PPR/svp_simple_027/_mt_svp_simple_027_001_result/_cs_svp_simple_027_001_gloable_var_rww_mt_svp_simple_027_001.c line 269 function main_task_0 thread 0
----------------------------------------------------
  __cs_value_ptr=NULL (0000000000000000000000000000000000000000000000000000000000000000)

State 77 file /home/dell/zyworkspace/nichecker/Experiment/remarks2.1_LA_Slicing_PPR/svp_simple_027/_mt_svp_simple_027_001_result/_cs_svp_simple_027_001_gloable_var_rww_mt_svp_simple_027_001.c line 404 function main thread 0
----------------------------------------------------
  __cs_pc[1l]=2 (010)

State 78 file /home/dell/zyworkspace/nichecker/Experiment/remarks2.1_LA_Slicing_PPR/svp_simple_027/_mt_svp_simple_027_001_result/_cs_svp_simple_027_001_gloable_var_rww_mt_svp_simple_027_001.c line 410 function main thread 0
----------------------------------------------------
  __cs_tmp_t2_r0=0 (000)

State 85 file /home/dell/zyworkspace/nichecker/Experiment/remarks2.1_LA_Slicing_PPR/svp_simple_027/_mt_svp_simple_027_001_result/_cs_svp_simple_027_001_gloable_var_rww_mt_svp_simple_027_001.c line 415 function main thread 0
----------------------------------------------------
  __cs_thread_index=2 (010)

State 86 file /home/dell/zyworkspace/nichecker/Experiment/remarks2.1_LA_Slicing_PPR/svp_simple_027/_mt_svp_simple_027_001_result/_cs_svp_simple_027_001_gloable_var_rww_mt_svp_simple_027_001.c line 417 function main thread 0
----------------------------------------------------
  __cs_pc_cs[2l]=0 (000)

State 91 file /home/dell/zyworkspace/nichecker/Experiment/remarks2.1_LA_Slicing_PPR/svp_simple_027/_mt_svp_simple_027_001_result/_cs_svp_simple_027_001_gloable_var_rww_mt_svp_simple_027_001.c line 423 function main thread 0
----------------------------------------------------
  __cs_param_svp_simple_027_001_isr_1_arg=NULL (0000000000000000000000000000000000000000000000000000000000000000)

State 98 file /home/dell/zyworkspace/nichecker/Experiment/remarks2.1_LA_Slicing_PPR/svp_simple_027/_mt_svp_simple_027_001_result/_cs_svp_simple_027_001_gloable_var_rww_mt_svp_simple_027_001.c line 378 function svp_simple_027_001_isr_1_0 thread 0
----------------------------------------------------
  __cs_value_ptr=NULL (0000000000000000000000000000000000000000000000000000000000000000)

State 103 file /home/dell/zyworkspace/nichecker/Experiment/remarks2.1_LA_Slicing_PPR/svp_simple_027/_mt_svp_simple_027_001_result/_cs_svp_simple_027_001_gloable_var_rww_mt_svp_simple_027_001.c line 425 function main thread 0
----------------------------------------------------
  __cs_pc[2l]=0 (000)

State 104 file /home/dell/zyworkspace/nichecker/Experiment/remarks2.1_LA_Slicing_PPR/svp_simple_027/_mt_svp_simple_027_001_result/_cs_svp_simple_027_001_gloable_var_rww_mt_svp_simple_027_001.c line 431 function main thread 0
----------------------------------------------------
  __cs_tmp_t3_r0=4 (100)

State 106 file /home/dell/zyworkspace/nichecker/Experiment/remarks2.1_LA_Slicing_PPR/svp_simple_027/_mt_svp_simple_027_001_result/_cs_svp_simple_027_001_gloable_var_rww_mt_svp_simple_027_001.c line 436 function main thread 0
----------------------------------------------------
  __cs_thread_index=3 (011)

State 107 file /home/dell/zyworkspace/nichecker/Experiment/remarks2.1_LA_Slicing_PPR/svp_simple_027/_mt_svp_simple_027_001_result/_cs_svp_simple_027_001_gloable_var_rww_mt_svp_simple_027_001.c line 438 function main thread 0
----------------------------------------------------
  __cs_pc_cs[3l]=4 (100)

State 112 file /home/dell/zyworkspace/nichecker/Experiment/remarks2.1_LA_Slicing_PPR/svp_simple_027/_mt_svp_simple_027_001_result/_cs_svp_simple_027_001_gloable_var_rww_mt_svp_simple_027_001.c line 444 function main thread 0
----------------------------------------------------
  __cs_param_svp_simple_027_001_isr_2_arg=NULL (0000000000000000000000000000000000000000000000000000000000000000)

State 114 file /home/dell/zyworkspace/nichecker/Experiment/remarks2.1_LA_Slicing_PPR/svp_simple_027/_mt_svp_simple_027_001_result/_cs_svp_simple_027_001_gloable_var_rww_mt_svp_simple_027_001.c line 305 function svp_simple_027_001_isr_2_0 thread 0
----------------------------------------------------
  __cs_temporary_0=0 (00000000000000000000000000000000)

State 116 file /home/dell/zyworkspace/nichecker/Experiment/remarks2.1_LA_Slicing_PPR/svp_simple_027/_mt_svp_simple_027_001_result/_cs_svp_simple_027_001_gloable_var_rww_mt_svp_simple_027_001.c line 309 function svp_simple_027_001_isr_2_0 thread 0
----------------------------------------------------
  __cs_temporary_0=17 (00000000000000000000000000010001)

State 117 file /home/dell/zyworkspace/nichecker/Experiment/remarks2.1_LA_Slicing_PPR/svp_simple_027/_mt_svp_simple_027_001_result/_cs_svp_simple_027_001_gloable_var_rww_mt_svp_simple_027_001.c line 311 function svp_simple_027_001_isr_2_0 thread 0
----------------------------------------------------
  rww_r_tmp3_num=1 (00000000000000000000000000000001)

State 118 file /home/dell/zyworkspace/nichecker/Experiment/remarks2.1_LA_Slicing_PPR/svp_simple_027/_mt_svp_simple_027_001_result/_cs_svp_simple_027_001_gloable_var_rww_mt_svp_simple_027_001.c line 312 function svp_simple_027_001_isr_2_0 thread 0
----------------------------------------------------
  rww_r_tmp3=15 (00000000000000000000000000001111)

State 120 file /home/dell/zyworkspace/nichecker/Experiment/remarks2.1_LA_Slicing_PPR/svp_simple_027/_mt_svp_simple_027_001_result/_cs_svp_simple_027_001_gloable_var_rww_mt_svp_simple_027_001.c line 317 function svp_simple_027_001_isr_2_0 thread 0
----------------------------------------------------
  rww_w2=15 (00000000000000000000000000001111)

State 123 file /home/dell/zyworkspace/nichecker/Experiment/remarks2.1_LA_Slicing_PPR/svp_simple_027/_mt_svp_simple_027_001_result/_cs_svp_simple_027_001_gloable_var_rww_mt_svp_simple_027_001.c line 320 function svp_simple_027_001_isr_2_0 thread 0
----------------------------------------------------
  rww_r_tmp3_num=0 (00000000000000000000000000000000)

State 124 file /home/dell/zyworkspace/nichecker/Experiment/remarks2.1_LA_Slicing_PPR/svp_simple_027/_mt_svp_simple_027_001_result/_cs_svp_simple_027_001_gloable_var_rww_mt_svp_simple_027_001.c line 323 function svp_simple_027_001_isr_2_0 thread 0
----------------------------------------------------
  svp_simple_027_001_gloable_var=17 (00000000000000000000000000010001)

State 129 file /home/dell/zyworkspace/nichecker/Experiment/remarks2.1_LA_Slicing_PPR/svp_simple_027/_mt_svp_simple_027_001_result/_cs_svp_simple_027_001_gloable_var_rww_mt_svp_simple_027_001.c line 336 function svp_simple_027_001_isr_2_0 thread 0
----------------------------------------------------
  __cs_value_ptr=NULL (0000000000000000000000000000000000000000000000000000000000000000)

State 134 file /home/dell/zyworkspace/nichecker/Experiment/remarks2.1_LA_Slicing_PPR/svp_simple_027/_mt_svp_simple_027_001_result/_cs_svp_simple_027_001_gloable_var_rww_mt_svp_simple_027_001.c line 446 function main thread 0
----------------------------------------------------
  __cs_pc[3l]=4 (100)

State 135 file /home/dell/zyworkspace/nichecker/Experiment/remarks2.1_LA_Slicing_PPR/svp_simple_027/_mt_svp_simple_027_001_result/_cs_svp_simple_027_001_gloable_var_rww_mt_svp_simple_027_001.c line 452 function main thread 0
----------------------------------------------------
  __cs_tmp_t4_r0=0 (0)

State 137 file /home/dell/zyworkspace/nichecker/Experiment/remarks2.1_LA_Slicing_PPR/svp_simple_027/_mt_svp_simple_027_001_result/_cs_svp_simple_027_001_gloable_var_rww_mt_svp_simple_027_001.c line 457 function main thread 0
----------------------------------------------------
  __cs_thread_index=4 (100)

State 138 file /home/dell/zyworkspace/nichecker/Experiment/remarks2.1_LA_Slicing_PPR/svp_simple_027/_mt_svp_simple_027_001_result/_cs_svp_simple_027_001_gloable_var_rww_mt_svp_simple_027_001.c line 459 function main thread 0
----------------------------------------------------
  __cs_pc_cs[4l]=0 (000)

State 143 file /home/dell/zyworkspace/nichecker/Experiment/remarks2.1_LA_Slicing_PPR/svp_simple_027/_mt_svp_simple_027_001_result/_cs_svp_simple_027_001_gloable_var_rww_mt_svp_simple_027_001.c line 465 function main thread 0
----------------------------------------------------
  __cs_param_svp_simple_027_001_isr_3_arg=NULL (0000000000000000000000000000000000000000000000000000000000000000)

State 147 file /home/dell/zyworkspace/nichecker/Experiment/remarks2.1_LA_Slicing_PPR/svp_simple_027/_mt_svp_simple_027_001_result/_cs_svp_simple_027_001_gloable_var_rww_mt_svp_simple_027_001.c line 294 function svp_simple_027_001_isr_3_0 thread 0
----------------------------------------------------
  __cs_value_ptr=NULL (0000000000000000000000000000000000000000000000000000000000000000)

State 152 file /home/dell/zyworkspace/nichecker/Experiment/remarks2.1_LA_Slicing_PPR/svp_simple_027/_mt_svp_simple_027_001_result/_cs_svp_simple_027_001_gloable_var_rww_mt_svp_simple_027_001.c line 467 function main thread 0
----------------------------------------------------
  __cs_pc[4l]=0 (000)

State 153 file /home/dell/zyworkspace/nichecker/Experiment/remarks2.1_LA_Slicing_PPR/svp_simple_027/_mt_svp_simple_027_001_result/_cs_svp_simple_027_001_gloable_var_rww_mt_svp_simple_027_001.c line 477 function main thread 0
----------------------------------------------------
  __cs_tmp_t1_r1=4 (100)

State 164 file /home/dell/zyworkspace/nichecker/Experiment/remarks2.1_LA_Slicing_PPR/svp_simple_027/_mt_svp_simple_027_001_result/_cs_svp_simple_027_001_gloable_var_rww_mt_svp_simple_027_001.c line 482 function main thread 0
----------------------------------------------------
  __cs_thread_index=1 (001)

State 165 file /home/dell/zyworkspace/nichecker/Experiment/remarks2.1_LA_Slicing_PPR/svp_simple_027/_mt_svp_simple_027_001_result/_cs_svp_simple_027_001_gloable_var_rww_mt_svp_simple_027_001.c line 484 function main thread 0
----------------------------------------------------
  __cs_pc_cs[1l]=4 (100)

State 170 file /home/dell/zyworkspace/nichecker/Experiment/remarks2.1_LA_Slicing_PPR/svp_simple_027/_mt_svp_simple_027_001_result/_cs_svp_simple_027_001_gloable_var_rww_mt_svp_simple_027_001.c line 490 function main thread 0
----------------------------------------------------
  __cs_param_main_task_arg=NULL (0000000000000000000000000000000000000000000000000000000000000000)

State 177 file /home/dell/zyworkspace/nichecker/Experiment/remarks2.1_LA_Slicing_PPR/svp_simple_027/_mt_svp_simple_027_001_result/_cs_svp_simple_027_001_gloable_var_rww_mt_svp_simple_027_001.c line 216 function main_task_0 thread 0
----------------------------------------------------
  __cs_disable_thread[2l]=0 (0)

State 179 file /home/dell/zyworkspace/nichecker/Experiment/remarks2.1_LA_Slicing_PPR/svp_simple_027/_mt_svp_simple_027_001_result/_cs_svp_simple_027_001_gloable_var_rww_mt_svp_simple_027_001.c line 225 function main_task_0 thread 0
----------------------------------------------------
  __cs_local_main_task___cs_tmp_if_cond_0=TRUE (00000001)

State 180 file /home/dell/zyworkspace/nichecker/Experiment/remarks2.1_LA_Slicing_PPR/svp_simple_027/_mt_svp_simple_027_001_result/_cs_svp_simple_027_001_gloable_var_rww_mt_svp_simple_027_001.c line 227 function main_task_0 thread 0
----------------------------------------------------
  rww_r_tmp1_num=1 (00000000000000000000000000000001)

State 181 file /home/dell/zyworkspace/nichecker/Experiment/remarks2.1_LA_Slicing_PPR/svp_simple_027/_mt_svp_simple_027_001_result/_cs_svp_simple_027_001_gloable_var_rww_mt_svp_simple_027_001.c line 228 function main_task_0 thread 0
----------------------------------------------------
  rww_r_tmp1=17 (00000000000000000000000000010001)

State 186 file /home/dell/zyworkspace/nichecker/Experiment/remarks2.1_LA_Slicing_PPR/svp_simple_027/_mt_svp_simple_027_001_result/_cs_svp_simple_027_001_gloable_var_rww_mt_svp_simple_027_001.c line 269 function main_task_0 thread 0
----------------------------------------------------
  __cs_value_ptr=NULL (0000000000000000000000000000000000000000000000000000000000000000)

State 191 file /home/dell/zyworkspace/nichecker/Experiment/remarks2.1_LA_Slicing_PPR/svp_simple_027/_mt_svp_simple_027_001_result/_cs_svp_simple_027_001_gloable_var_rww_mt_svp_simple_027_001.c line 492 function main thread 0
----------------------------------------------------
  __cs_pc[1l]=4 (100)

State 192 file /home/dell/zyworkspace/nichecker/Experiment/remarks2.1_LA_Slicing_PPR/svp_simple_027/_mt_svp_simple_027_001_result/_cs_svp_simple_027_001_gloable_var_rww_mt_svp_simple_027_001.c line 498 function main thread 0
----------------------------------------------------
  __cs_tmp_t2_r1=3 (011)

State 198 file /home/dell/zyworkspace/nichecker/Experiment/remarks2.1_LA_Slicing_PPR/svp_simple_027/_mt_svp_simple_027_001_result/_cs_svp_simple_027_001_gloable_var_rww_mt_svp_simple_027_001.c line 503 function main thread 0
----------------------------------------------------
  __cs_thread_index=2 (010)

State 199 file /home/dell/zyworkspace/nichecker/Experiment/remarks2.1_LA_Slicing_PPR/svp_simple_027/_mt_svp_simple_027_001_result/_cs_svp_simple_027_001_gloable_var_rww_mt_svp_simple_027_001.c line 505 function main thread 0
----------------------------------------------------
  __cs_pc_cs[2l]=3 (011)

State 204 file /home/dell/zyworkspace/nichecker/Experiment/remarks2.1_LA_Slicing_PPR/svp_simple_027/_mt_svp_simple_027_001_result/_cs_svp_simple_027_001_gloable_var_rww_mt_svp_simple_027_001.c line 511 function main thread 0
----------------------------------------------------
  __cs_param_svp_simple_027_001_isr_1_arg=NULL (0000000000000000000000000000000000000000000000000000000000000000)

State 206 file /home/dell/zyworkspace/nichecker/Experiment/remarks2.1_LA_Slicing_PPR/svp_simple_027/_mt_svp_simple_027_001_result/_cs_svp_simple_027_001_gloable_var_rww_mt_svp_simple_027_001.c line 347 function svp_simple_027_001_isr_1_0 thread 0
----------------------------------------------------
  __cs_temporary_0=0 (00000000000000000000000000000000)

State 208 file /home/dell/zyworkspace/nichecker/Experiment/remarks2.1_LA_Slicing_PPR/svp_simple_027/_mt_svp_simple_027_001_result/_cs_svp_simple_027_001_gloable_var_rww_mt_svp_simple_027_001.c line 351 function svp_simple_027_001_isr_1_0 thread 0
----------------------------------------------------
  __cs_temporary_0=18 (00000000000000000000000000010010)

State 209 file /home/dell/zyworkspace/nichecker/Experiment/remarks2.1_LA_Slicing_PPR/svp_simple_027/_mt_svp_simple_027_001_result/_cs_svp_simple_027_001_gloable_var_rww_mt_svp_simple_027_001.c line 353 function svp_simple_027_001_isr_1_0 thread 0
----------------------------------------------------
  rww_r_tmp2_num=1 (00000000000000000000000000000001)

State 210 file /home/dell/zyworkspace/nichecker/Experiment/remarks2.1_LA_Slicing_PPR/svp_simple_027/_mt_svp_simple_027_001_result/_cs_svp_simple_027_001_gloable_var_rww_mt_svp_simple_027_001.c line 354 function svp_simple_027_001_isr_1_0 thread 0
----------------------------------------------------
  rww_r_tmp2=17 (00000000000000000000000000010001)

State 212 file /home/dell/zyworkspace/nichecker/Experiment/remarks2.1_LA_Slicing_PPR/svp_simple_027/_mt_svp_simple_027_001_result/_cs_svp_simple_027_001_gloable_var_rww_mt_svp_simple_027_001.c line 359 function svp_simple_027_001_isr_1_0 thread 0
----------------------------------------------------
  rww_w3=17 (00000000000000000000000000010001)

State 215 file /home/dell/zyworkspace/nichecker/Experiment/remarks2.1_LA_Slicing_PPR/svp_simple_027/_mt_svp_simple_027_001_result/_cs_svp_simple_027_001_gloable_var_rww_mt_svp_simple_027_001.c line 362 function svp_simple_027_001_isr_1_0 thread 0
----------------------------------------------------
  rww_r_tmp2_num=0 (00000000000000000000000000000000)

State 216 file /home/dell/zyworkspace/nichecker/Experiment/remarks2.1_LA_Slicing_PPR/svp_simple_027/_mt_svp_simple_027_001_result/_cs_svp_simple_027_001_gloable_var_rww_mt_svp_simple_027_001.c line 365 function svp_simple_027_001_isr_1_0 thread 0
----------------------------------------------------
  svp_simple_027_001_gloable_var=18 (00000000000000000000000000010010)

State 220 file /home/dell/zyworkspace/nichecker/Experiment/remarks2.1_LA_Slicing_PPR/svp_simple_027/_mt_svp_simple_027_001_result/_cs_svp_simple_027_001_gloable_var_rww_mt_svp_simple_027_001.c line 378 function svp_simple_027_001_isr_1_0 thread 0
----------------------------------------------------
  __cs_value_ptr=NULL (0000000000000000000000000000000000000000000000000000000000000000)

State 225 file /home/dell/zyworkspace/nichecker/Experiment/remarks2.1_LA_Slicing_PPR/svp_simple_027/_mt_svp_simple_027_001_result/_cs_svp_simple_027_001_gloable_var_rww_mt_svp_simple_027_001.c line 513 function main thread 0
----------------------------------------------------
  __cs_pc[2l]=3 (011)

State 226 file /home/dell/zyworkspace/nichecker/Experiment/remarks2.1_LA_Slicing_PPR/svp_simple_027/_mt_svp_simple_027_001_result/_cs_svp_simple_027_001_gloable_var_rww_mt_svp_simple_027_001.c line 519 function main thread 0
----------------------------------------------------
  __cs_tmp_t3_r1=4 (100)

State 228 file /home/dell/zyworkspace/nichecker/Experiment/remarks2.1_LA_Slicing_PPR/svp_simple_027/_mt_svp_simple_027_001_result/_cs_svp_simple_027_001_gloable_var_rww_mt_svp_simple_027_001.c line 524 function main thread 0
----------------------------------------------------
  __cs_thread_index=3 (011)

State 229 file /home/dell/zyworkspace/nichecker/Experiment/remarks2.1_LA_Slicing_PPR/svp_simple_027/_mt_svp_simple_027_001_result/_cs_svp_simple_027_001_gloable_var_rww_mt_svp_simple_027_001.c line 526 function main thread 0
----------------------------------------------------
  __cs_pc_cs[3l]=4 (100)

State 234 file /home/dell/zyworkspace/nichecker/Experiment/remarks2.1_LA_Slicing_PPR/svp_simple_027/_mt_svp_simple_027_001_result/_cs_svp_simple_027_001_gloable_var_rww_mt_svp_simple_027_001.c line 532 function main thread 0
----------------------------------------------------
  __cs_param_svp_simple_027_001_isr_2_arg=NULL (0000000000000000000000000000000000000000000000000000000000000000)

State 241 file /home/dell/zyworkspace/nichecker/Experiment/remarks2.1_LA_Slicing_PPR/svp_simple_027/_mt_svp_simple_027_001_result/_cs_svp_simple_027_001_gloable_var_rww_mt_svp_simple_027_001.c line 336 function svp_simple_027_001_isr_2_0 thread 0
----------------------------------------------------
  __cs_value_ptr=NULL (0000000000000000000000000000000000000000000000000000000000000000)

State 246 file /home/dell/zyworkspace/nichecker/Experiment/remarks2.1_LA_Slicing_PPR/svp_simple_027/_mt_svp_simple_027_001_result/_cs_svp_simple_027_001_gloable_var_rww_mt_svp_simple_027_001.c line 534 function main thread 0
----------------------------------------------------
  __cs_pc[3l]=4 (100)

State 247 file /home/dell/zyworkspace/nichecker/Experiment/remarks2.1_LA_Slicing_PPR/svp_simple_027/_mt_svp_simple_027_001_result/_cs_svp_simple_027_001_gloable_var_rww_mt_svp_simple_027_001.c line 540 function main thread 0
----------------------------------------------------
  __cs_tmp_t4_r1=0 (0)

State 249 file /home/dell/zyworkspace/nichecker/Experiment/remarks2.1_LA_Slicing_PPR/svp_simple_027/_mt_svp_simple_027_001_result/_cs_svp_simple_027_001_gloable_var_rww_mt_svp_simple_027_001.c line 545 function main thread 0
----------------------------------------------------
  __cs_thread_index=4 (100)

State 250 file /home/dell/zyworkspace/nichecker/Experiment/remarks2.1_LA_Slicing_PPR/svp_simple_027/_mt_svp_simple_027_001_result/_cs_svp_simple_027_001_gloable_var_rww_mt_svp_simple_027_001.c line 547 function main thread 0
----------------------------------------------------
  __cs_pc_cs[4l]=0 (000)

State 255 file /home/dell/zyworkspace/nichecker/Experiment/remarks2.1_LA_Slicing_PPR/svp_simple_027/_mt_svp_simple_027_001_result/_cs_svp_simple_027_001_gloable_var_rww_mt_svp_simple_027_001.c line 553 function main thread 0
----------------------------------------------------
  __cs_param_svp_simple_027_001_isr_3_arg=NULL (0000000000000000000000000000000000000000000000000000000000000000)

State 259 file /home/dell/zyworkspace/nichecker/Experiment/remarks2.1_LA_Slicing_PPR/svp_simple_027/_mt_svp_simple_027_001_result/_cs_svp_simple_027_001_gloable_var_rww_mt_svp_simple_027_001.c line 294 function svp_simple_027_001_isr_3_0 thread 0
----------------------------------------------------
  __cs_value_ptr=NULL (0000000000000000000000000000000000000000000000000000000000000000)

State 264 file /home/dell/zyworkspace/nichecker/Experiment/remarks2.1_LA_Slicing_PPR/svp_simple_027/_mt_svp_simple_027_001_result/_cs_svp_simple_027_001_gloable_var_rww_mt_svp_simple_027_001.c line 555 function main thread 0
----------------------------------------------------
  __cs_pc[4l]=0 (000)

State 265 file /home/dell/zyworkspace/nichecker/Experiment/remarks2.1_LA_Slicing_PPR/svp_simple_027/_mt_svp_simple_027_001_result/_cs_svp_simple_027_001_gloable_var_rww_mt_svp_simple_027_001.c line 559 function main thread 0
----------------------------------------------------
  __cs_tmp_t1_r2=6u (00000000000000000000000000000110)

State 267 file /home/dell/zyworkspace/nichecker/Experiment/remarks2.1_LA_Slicing_PPR/svp_simple_027/_mt_svp_simple_027_001_result/_cs_svp_simple_027_001_gloable_var_rww_mt_svp_simple_027_001.c line 564 function main thread 0
----------------------------------------------------
  __cs_thread_index=1 (001)

State 268 file /home/dell/zyworkspace/nichecker/Experiment/remarks2.1_LA_Slicing_PPR/svp_simple_027/_mt_svp_simple_027_001_result/_cs_svp_simple_027_001_gloable_var_rww_mt_svp_simple_027_001.c line 566 function main thread 0
----------------------------------------------------
  __cs_pc_cs[1l]=6 (110)

State 273 file /home/dell/zyworkspace/nichecker/Experiment/remarks2.1_LA_Slicing_PPR/svp_simple_027/_mt_svp_simple_027_001_result/_cs_svp_simple_027_001_gloable_var_rww_mt_svp_simple_027_001.c line 572 function main thread 0
----------------------------------------------------
  __cs_param_main_task_arg=NULL (0000000000000000000000000000000000000000000000000000000000000000)

State 280 file /home/dell/zyworkspace/nichecker/Experiment/remarks2.1_LA_Slicing_PPR/svp_simple_027/_mt_svp_simple_027_001_result/_cs_svp_simple_027_001_gloable_var_rww_mt_svp_simple_027_001.c line 238 function main_task_0 thread 0
----------------------------------------------------
  rww_w1=18 (00000000000000000000000000010010)

Violated property:
  file /home/dell/zyworkspace/nichecker/Experiment/remarks2.1_LA_Slicing_PPR/svp_simple_027/_mt_svp_simple_027_001_result/_cs_svp_simple_027_001_gloable_var_rww_mt_svp_simple_027_001.c line 240 function main_task_0
  assertion rww_w1 == rww_r_tmp1
  rww_w1 == rww_r_tmp1


Trace for svp_simple_027_001_isr_2_0.assertion.1:

State 47 file /home/dell/zyworkspace/nichecker/Experiment/remarks2.1_LA_Slicing_PPR/svp_simple_027/_mt_svp_simple_027_001_result/_cs_svp_simple_027_001_gloable_var_rww_mt_svp_simple_027_001.c line 390 function main thread 0
----------------------------------------------------
  __cs_tmp_t1_r0=1 (001)

State 49 file /home/dell/zyworkspace/nichecker/Experiment/remarks2.1_LA_Slicing_PPR/svp_simple_027/_mt_svp_simple_027_001_result/_cs_svp_simple_027_001_gloable_var_rww_mt_svp_simple_027_001.c line 394 function main thread 0
----------------------------------------------------
  __cs_thread_index=1 (001)

State 50 file /home/dell/zyworkspace/nichecker/Experiment/remarks2.1_LA_Slicing_PPR/svp_simple_027/_mt_svp_simple_027_001_result/_cs_svp_simple_027_001_gloable_var_rww_mt_svp_simple_027_001.c line 396 function main thread 0
----------------------------------------------------
  __cs_pc_cs[1l]=1 (001)

State 55 file /home/dell/zyworkspace/nichecker/Experiment/remarks2.1_LA_Slicing_PPR/svp_simple_027/_mt_svp_simple_027_001_result/_cs_svp_simple_027_001_gloable_var_rww_mt_svp_simple_027_001.c line 402 function main thread 0
----------------------------------------------------
  __cs_param_main_task_arg=NULL (0000000000000000000000000000000000000000000000000000000000000000)

State 57 file /home/dell/zyworkspace/nichecker/Experiment/remarks2.1_LA_Slicing_PPR/svp_simple_027/_mt_svp_simple_027_001_result/_cs_svp_simple_027_001_gloable_var_rww_mt_svp_simple_027_001.c line 184 function main_task_0 thread 0
----------------------------------------------------
  svp_simple_027_001_gloable_var=15 (00000000000000000000000000001111)

State 65 file /home/dell/zyworkspace/nichecker/Experiment/remarks2.1_LA_Slicing_PPR/svp_simple_027/_mt_svp_simple_027_001_result/_cs_svp_simple_027_001_gloable_var_rww_mt_svp_simple_027_001.c line 269 function main_task_0 thread 0
----------------------------------------------------
  __cs_value_ptr=NULL (0000000000000000000000000000000000000000000000000000000000000000)

State 70 file /home/dell/zyworkspace/nichecker/Experiment/remarks2.1_LA_Slicing_PPR/svp_simple_027/_mt_svp_simple_027_001_result/_cs_svp_simple_027_001_gloable_var_rww_mt_svp_simple_027_001.c line 404 function main thread 0
----------------------------------------------------
  __cs_pc[1l]=1 (001)

State 71 file /home/dell/zyworkspace/nichecker/Experiment/remarks2.1_LA_Slicing_PPR/svp_simple_027/_mt_svp_simple_027_001_result/_cs_svp_simple_027_001_gloable_var_rww_mt_svp_simple_027_001.c line 410 function main thread 0
----------------------------------------------------
  __cs_tmp_t2_r0=0 (000)

State 78 file /home/dell/zyworkspace/nichecker/Experiment/remarks2.1_LA_Slicing_PPR/svp_simple_027/_mt_svp_simple_027_001_result/_cs_svp_simple_027_001_gloable_var_rww_mt_svp_simple_027_001.c line 415 function main thread 0
----------------------------------------------------
  __cs_thread_index=2 (010)

State 79 file /home/dell/zyworkspace/nichecker/Experiment/remarks2.1_LA_Slicing_PPR/svp_simple_027/_mt_svp_simple_027_001_result/_cs_svp_simple_027_001_gloable_var_rww_mt_svp_simple_027_001.c line 417 function main thread 0
----------------------------------------------------
  __cs_pc_cs[2l]=0 (000)

State 84 file /home/dell/zyworkspace/nichecker/Experiment/remarks2.1_LA_Slicing_PPR/svp_simple_027/_mt_svp_simple_027_001_result/_cs_svp_simple_027_001_gloable_var_rww_mt_svp_simple_027_001.c line 423 function main thread 0
----------------------------------------------------
  __cs_param_svp_simple_027_001_isr_1_arg=NULL (0000000000000000000000000000000000000000000000000000000000000000)

State 91 file /home/dell/zyworkspace/nichecker/Experiment/remarks2.1_LA_Slicing_PPR/svp_simple_027/_mt_svp_simple_027_001_result/_cs_svp_simple_027_001_gloable_var_rww_mt_svp_simple_027_001.c line 378 function svp_simple_027_001_isr_1_0 thread 0
----------------------------------------------------
  __cs_value_ptr=NULL (0000000000000000000000000000000000000000000000000000000000000000)

State 96 file /home/dell/zyworkspace/nichecker/Experiment/remarks2.1_LA_Slicing_PPR/svp_simple_027/_mt_svp_simple_027_001_result/_cs_svp_simple_027_001_gloable_var_rww_mt_svp_simple_027_001.c line 425 function main thread 0
----------------------------------------------------
  __cs_pc[2l]=0 (000)

State 97 file /home/dell/zyworkspace/nichecker/Experiment/remarks2.1_LA_Slicing_PPR/svp_simple_027/_mt_svp_simple_027_001_result/_cs_svp_simple_027_001_gloable_var_rww_mt_svp_simple_027_001.c line 431 function main thread 0
----------------------------------------------------
  __cs_tmp_t3_r0=2 (010)

State 99 file /home/dell/zyworkspace/nichecker/Experiment/remarks2.1_LA_Slicing_PPR/svp_simple_027/_mt_svp_simple_027_001_result/_cs_svp_simple_027_001_gloable_var_rww_mt_svp_simple_027_001.c line 436 function main thread 0
----------------------------------------------------
  __cs_thread_index=3 (011)

State 100 file /home/dell/zyworkspace/nichecker/Experiment/remarks2.1_LA_Slicing_PPR/svp_simple_027/_mt_svp_simple_027_001_result/_cs_svp_simple_027_001_gloable_var_rww_mt_svp_simple_027_001.c line 438 function main thread 0
----------------------------------------------------
  __cs_pc_cs[3l]=2 (010)

State 105 file /home/dell/zyworkspace/nichecker/Experiment/remarks2.1_LA_Slicing_PPR/svp_simple_027/_mt_svp_simple_027_001_result/_cs_svp_simple_027_001_gloable_var_rww_mt_svp_simple_027_001.c line 444 function main thread 0
----------------------------------------------------
  __cs_param_svp_simple_027_001_isr_2_arg=NULL (0000000000000000000000000000000000000000000000000000000000000000)

State 107 file /home/dell/zyworkspace/nichecker/Experiment/remarks2.1_LA_Slicing_PPR/svp_simple_027/_mt_svp_simple_027_001_result/_cs_svp_simple_027_001_gloable_var_rww_mt_svp_simple_027_001.c line 305 function svp_simple_027_001_isr_2_0 thread 0
----------------------------------------------------
  __cs_temporary_0=0 (00000000000000000000000000000000)

State 109 file /home/dell/zyworkspace/nichecker/Experiment/remarks2.1_LA_Slicing_PPR/svp_simple_027/_mt_svp_simple_027_001_result/_cs_svp_simple_027_001_gloable_var_rww_mt_svp_simple_027_001.c line 309 function svp_simple_027_001_isr_2_0 thread 0
----------------------------------------------------
  __cs_temporary_0=17 (00000000000000000000000000010001)

State 110 file /home/dell/zyworkspace/nichecker/Experiment/remarks2.1_LA_Slicing_PPR/svp_simple_027/_mt_svp_simple_027_001_result/_cs_svp_simple_027_001_gloable_var_rww_mt_svp_simple_027_001.c line 311 function svp_simple_027_001_isr_2_0 thread 0
----------------------------------------------------
  rww_r_tmp3_num=1 (00000000000000000000000000000001)

State 111 file /home/dell/zyworkspace/nichecker/Experiment/remarks2.1_LA_Slicing_PPR/svp_simple_027/_mt_svp_simple_027_001_result/_cs_svp_simple_027_001_gloable_var_rww_mt_svp_simple_027_001.c line 312 function svp_simple_027_001_isr_2_0 thread 0
----------------------------------------------------
  rww_r_tmp3=15 (00000000000000000000000000001111)

State 116 file /home/dell/zyworkspace/nichecker/Experiment/remarks2.1_LA_Slicing_PPR/svp_simple_027/_mt_svp_simple_027_001_result/_cs_svp_simple_027_001_gloable_var_rww_mt_svp_simple_027_001.c line 336 function svp_simple_027_001_isr_2_0 thread 0
----------------------------------------------------
  __cs_value_ptr=NULL (0000000000000000000000000000000000000000000000000000000000000000)

State 121 file /home/dell/zyworkspace/nichecker/Experiment/remarks2.1_LA_Slicing_PPR/svp_simple_027/_mt_svp_simple_027_001_result/_cs_svp_simple_027_001_gloable_var_rww_mt_svp_simple_027_001.c line 446 function main thread 0
----------------------------------------------------
  __cs_pc[3l]=2 (010)

State 122 file /home/dell/zyworkspace/nichecker/Experiment/remarks2.1_LA_Slicing_PPR/svp_simple_027/_mt_svp_simple_027_001_result/_cs_svp_simple_027_001_gloable_var_rww_mt_svp_simple_027_001.c line 452 function main thread 0
----------------------------------------------------
  __cs_tmp_t4_r0=1 (1)

State 124 file /home/dell/zyworkspace/nichecker/Experiment/remarks2.1_LA_Slicing_PPR/svp_simple_027/_mt_svp_simple_027_001_result/_cs_svp_simple_027_001_gloable_var_rww_mt_svp_simple_027_001.c line 457 function main thread 0
----------------------------------------------------
  __cs_thread_index=4 (100)

State 125 file /home/dell/zyworkspace/nichecker/Experiment/remarks2.1_LA_Slicing_PPR/svp_simple_027/_mt_svp_simple_027_001_result/_cs_svp_simple_027_001_gloable_var_rww_mt_svp_simple_027_001.c line 459 function main thread 0
----------------------------------------------------
  __cs_pc_cs[4l]=1 (001)

State 130 file /home/dell/zyworkspace/nichecker/Experiment/remarks2.1_LA_Slicing_PPR/svp_simple_027/_mt_svp_simple_027_001_result/_cs_svp_simple_027_001_gloable_var_rww_mt_svp_simple_027_001.c line 465 function main thread 0
----------------------------------------------------
  __cs_param_svp_simple_027_001_isr_3_arg=NULL (0000000000000000000000000000000000000000000000000000000000000000)

State 132 file /home/dell/zyworkspace/nichecker/Experiment/remarks2.1_LA_Slicing_PPR/svp_simple_027/_mt_svp_simple_027_001_result/_cs_svp_simple_027_001_gloable_var_rww_mt_svp_simple_027_001.c line 280 function svp_simple_027_001_isr_3_0 thread 0
----------------------------------------------------
  __cs_temporary_0=0 (00000000000000000000000000000000)

State 133 file /home/dell/zyworkspace/nichecker/Experiment/remarks2.1_LA_Slicing_PPR/svp_simple_027/_mt_svp_simple_027_001_result/_cs_svp_simple_027_001_gloable_var_rww_mt_svp_simple_027_001.c line 282 function svp_simple_027_001_isr_3_0 thread 0
----------------------------------------------------
  __cs_temporary_0=18 (00000000000000000000000000010010)

State 134 file /home/dell/zyworkspace/nichecker/Experiment/remarks2.1_LA_Slicing_PPR/svp_simple_027/_mt_svp_simple_027_001_result/_cs_svp_simple_027_001_gloable_var_rww_mt_svp_simple_027_001.c line 283 function svp_simple_027_001_isr_3_0 thread 0
----------------------------------------------------
  svp_simple_027_001_gloable_var=18 (00000000000000000000000000010010)

State 138 file /home/dell/zyworkspace/nichecker/Experiment/remarks2.1_LA_Slicing_PPR/svp_simple_027/_mt_svp_simple_027_001_result/_cs_svp_simple_027_001_gloable_var_rww_mt_svp_simple_027_001.c line 294 function svp_simple_027_001_isr_3_0 thread 0
----------------------------------------------------
  __cs_value_ptr=NULL (0000000000000000000000000000000000000000000000000000000000000000)

State 143 file /home/dell/zyworkspace/nichecker/Experiment/remarks2.1_LA_Slicing_PPR/svp_simple_027/_mt_svp_simple_027_001_result/_cs_svp_simple_027_001_gloable_var_rww_mt_svp_simple_027_001.c line 467 function main thread 0
----------------------------------------------------
  __cs_pc[4l]=1 (001)

State 144 file /home/dell/zyworkspace/nichecker/Experiment/remarks2.1_LA_Slicing_PPR/svp_simple_027/_mt_svp_simple_027_001_result/_cs_svp_simple_027_001_gloable_var_rww_mt_svp_simple_027_001.c line 477 function main thread 0
----------------------------------------------------
  __cs_tmp_t1_r1=4 (100)

State 155 file /home/dell/zyworkspace/nichecker/Experiment/remarks2.1_LA_Slicing_PPR/svp_simple_027/_mt_svp_simple_027_001_result/_cs_svp_simple_027_001_gloable_var_rww_mt_svp_simple_027_001.c line 498 function main thread 0
----------------------------------------------------
  __cs_tmp_t2_r1=3 (011)

State 161 file /home/dell/zyworkspace/nichecker/Experiment/remarks2.1_LA_Slicing_PPR/svp_simple_027/_mt_svp_simple_027_001_result/_cs_svp_simple_027_001_gloable_var_rww_mt_svp_simple_027_001.c line 519 function main thread 0
----------------------------------------------------
  __cs_tmp_t3_r1=4 (100)

State 163 file /home/dell/zyworkspace/nichecker/Experiment/remarks2.1_LA_Slicing_PPR/svp_simple_027/_mt_svp_simple_027_001_result/_cs_svp_simple_027_001_gloable_var_rww_mt_svp_simple_027_001.c line 524 function main thread 0
----------------------------------------------------
  __cs_thread_index=3 (011)

State 164 file /home/dell/zyworkspace/nichecker/Experiment/remarks2.1_LA_Slicing_PPR/svp_simple_027/_mt_svp_simple_027_001_result/_cs_svp_simple_027_001_gloable_var_rww_mt_svp_simple_027_001.c line 526 function main thread 0
----------------------------------------------------
  __cs_pc_cs[3l]=4 (100)

State 169 file /home/dell/zyworkspace/nichecker/Experiment/remarks2.1_LA_Slicing_PPR/svp_simple_027/_mt_svp_simple_027_001_result/_cs_svp_simple_027_001_gloable_var_rww_mt_svp_simple_027_001.c line 532 function main thread 0
----------------------------------------------------
  __cs_param_svp_simple_027_001_isr_2_arg=NULL (0000000000000000000000000000000000000000000000000000000000000000)

State 173 file /home/dell/zyworkspace/nichecker/Experiment/remarks2.1_LA_Slicing_PPR/svp_simple_027/_mt_svp_simple_027_001_result/_cs_svp_simple_027_001_gloable_var_rww_mt_svp_simple_027_001.c line 317 function svp_simple_027_001_isr_2_0 thread 0
----------------------------------------------------
  rww_w2=18 (00000000000000000000000000010010)

Violated property:
  file /home/dell/zyworkspace/nichecker/Experiment/remarks2.1_LA_Slicing_PPR/svp_simple_027/_mt_svp_simple_027_001_result/_cs_svp_simple_027_001_gloable_var_rww_mt_svp_simple_027_001.c line 319 function svp_simple_027_001_isr_2_0
  assertion rww_w2 == rww_r_tmp3
  rww_w2 == rww_r_tmp3


Trace for svp_simple_027_001_isr_1_0.assertion.1:

State 47 file /home/dell/zyworkspace/nichecker/Experiment/remarks2.1_LA_Slicing_PPR/svp_simple_027/_mt_svp_simple_027_001_result/_cs_svp_simple_027_001_gloable_var_rww_mt_svp_simple_027_001.c line 390 function main thread 0
----------------------------------------------------
  __cs_tmp_t1_r0=2 (010)

State 49 file /home/dell/zyworkspace/nichecker/Experiment/remarks2.1_LA_Slicing_PPR/svp_simple_027/_mt_svp_simple_027_001_result/_cs_svp_simple_027_001_gloable_var_rww_mt_svp_simple_027_001.c line 394 function main thread 0
----------------------------------------------------
  __cs_thread_index=1 (001)

State 50 file /home/dell/zyworkspace/nichecker/Experiment/remarks2.1_LA_Slicing_PPR/svp_simple_027/_mt_svp_simple_027_001_result/_cs_svp_simple_027_001_gloable_var_rww_mt_svp_simple_027_001.c line 396 function main thread 0
----------------------------------------------------
  __cs_pc_cs[1l]=2 (010)

State 55 file /home/dell/zyworkspace/nichecker/Experiment/remarks2.1_LA_Slicing_PPR/svp_simple_027/_mt_svp_simple_027_001_result/_cs_svp_simple_027_001_gloable_var_rww_mt_svp_simple_027_001.c line 402 function main thread 0
----------------------------------------------------
  __cs_param_main_task_arg=NULL (0000000000000000000000000000000000000000000000000000000000000000)

State 57 file /home/dell/zyworkspace/nichecker/Experiment/remarks2.1_LA_Slicing_PPR/svp_simple_027/_mt_svp_simple_027_001_result/_cs_svp_simple_027_001_gloable_var_rww_mt_svp_simple_027_001.c line 184 function main_task_0 thread 0
----------------------------------------------------
  svp_simple_027_001_gloable_var=15 (00000000000000000000000000001111)

State 62 file /home/dell/zyworkspace/nichecker/Experiment/remarks2.1_LA_Slicing_PPR/svp_simple_027/_mt_svp_simple_027_001_result/_cs_svp_simple_027_001_gloable_var_rww_mt_svp_simple_027_001.c line 192 function main_task_0 thread 0
----------------------------------------------------
  __cs_disable_thread[4l]=0 (0)

State 63 file /home/dell/zyworkspace/nichecker/Experiment/remarks2.1_LA_Slicing_PPR/svp_simple_027/_mt_svp_simple_027_001_result/_cs_svp_simple_027_001_gloable_var_rww_mt_svp_simple_027_001.c line 195 function main_task_0 thread 0
----------------------------------------------------
  __cs_disable_thread[3l]=0 (0)

State 64 file /home/dell/zyworkspace/nichecker/Experiment/remarks2.1_LA_Slicing_PPR/svp_simple_027/_mt_svp_simple_027_001_result/_cs_svp_simple_027_001_gloable_var_rww_mt_svp_simple_027_001.c line 198 function main_task_0 thread 0
----------------------------------------------------
  __cs_disable_thread[2l]=0 (0)

State 65 file /home/dell/zyworkspace/nichecker/Experiment/remarks2.1_LA_Slicing_PPR/svp_simple_027/_mt_svp_simple_027_001_result/_cs_svp_simple_027_001_gloable_var_rww_mt_svp_simple_027_001.c line 201 function main_task_0 thread 0
----------------------------------------------------
  __cs_disable_thread[0l]=0 (0)

State 72 file /home/dell/zyworkspace/nichecker/Experiment/remarks2.1_LA_Slicing_PPR/svp_simple_027/_mt_svp_simple_027_001_result/_cs_svp_simple_027_001_gloable_var_rww_mt_svp_simple_027_001.c line 269 function main_task_0 thread 0
----------------------------------------------------
  __cs_value_ptr=NULL (0000000000000000000000000000000000000000000000000000000000000000)

State 77 file /home/dell/zyworkspace/nichecker/Experiment/remarks2.1_LA_Slicing_PPR/svp_simple_027/_mt_svp_simple_027_001_result/_cs_svp_simple_027_001_gloable_var_rww_mt_svp_simple_027_001.c line 404 function main thread 0
----------------------------------------------------
  __cs_pc[1l]=2 (010)

State 78 file /home/dell/zyworkspace/nichecker/Experiment/remarks2.1_LA_Slicing_PPR/svp_simple_027/_mt_svp_simple_027_001_result/_cs_svp_simple_027_001_gloable_var_rww_mt_svp_simple_027_001.c line 410 function main thread 0
----------------------------------------------------
  __cs_tmp_t2_r0=2 (010)

State 85 file /home/dell/zyworkspace/nichecker/Experiment/remarks2.1_LA_Slicing_PPR/svp_simple_027/_mt_svp_simple_027_001_result/_cs_svp_simple_027_001_gloable_var_rww_mt_svp_simple_027_001.c line 415 function main thread 0
----------------------------------------------------
  __cs_thread_index=2 (010)

State 86 file /home/dell/zyworkspace/nichecker/Experiment/remarks2.1_LA_Slicing_PPR/svp_simple_027/_mt_svp_simple_027_001_result/_cs_svp_simple_027_001_gloable_var_rww_mt_svp_simple_027_001.c line 417 function main thread 0
----------------------------------------------------
  __cs_pc_cs[2l]=2 (010)

State 91 file /home/dell/zyworkspace/nichecker/Experiment/remarks2.1_LA_Slicing_PPR/svp_simple_027/_mt_svp_simple_027_001_result/_cs_svp_simple_027_001_gloable_var_rww_mt_svp_simple_027_001.c line 423 function main thread 0
----------------------------------------------------
  __cs_param_svp_simple_027_001_isr_1_arg=NULL (0000000000000000000000000000000000000000000000000000000000000000)

State 93 file /home/dell/zyworkspace/nichecker/Experiment/remarks2.1_LA_Slicing_PPR/svp_simple_027/_mt_svp_simple_027_001_result/_cs_svp_simple_027_001_gloable_var_rww_mt_svp_simple_027_001.c line 347 function svp_simple_027_001_isr_1_0 thread 0
----------------------------------------------------
  __cs_temporary_0=0 (00000000000000000000000000000000)

State 95 file /home/dell/zyworkspace/nichecker/Experiment/remarks2.1_LA_Slicing_PPR/svp_simple_027/_mt_svp_simple_027_001_result/_cs_svp_simple_027_001_gloable_var_rww_mt_svp_simple_027_001.c line 351 function svp_simple_027_001_isr_1_0 thread 0
----------------------------------------------------
  __cs_temporary_0=16 (00000000000000000000000000010000)

State 96 file /home/dell/zyworkspace/nichecker/Experiment/remarks2.1_LA_Slicing_PPR/svp_simple_027/_mt_svp_simple_027_001_result/_cs_svp_simple_027_001_gloable_var_rww_mt_svp_simple_027_001.c line 353 function svp_simple_027_001_isr_1_0 thread 0
----------------------------------------------------
  rww_r_tmp2_num=1 (00000000000000000000000000000001)

State 97 file /home/dell/zyworkspace/nichecker/Experiment/remarks2.1_LA_Slicing_PPR/svp_simple_027/_mt_svp_simple_027_001_result/_cs_svp_simple_027_001_gloable_var_rww_mt_svp_simple_027_001.c line 354 function svp_simple_027_001_isr_1_0 thread 0
----------------------------------------------------
  rww_r_tmp2=15 (00000000000000000000000000001111)

State 102 file /home/dell/zyworkspace/nichecker/Experiment/remarks2.1_LA_Slicing_PPR/svp_simple_027/_mt_svp_simple_027_001_result/_cs_svp_simple_027_001_gloable_var_rww_mt_svp_simple_027_001.c line 378 function svp_simple_027_001_isr_1_0 thread 0
----------------------------------------------------
  __cs_value_ptr=NULL (0000000000000000000000000000000000000000000000000000000000000000)

State 107 file /home/dell/zyworkspace/nichecker/Experiment/remarks2.1_LA_Slicing_PPR/svp_simple_027/_mt_svp_simple_027_001_result/_cs_svp_simple_027_001_gloable_var_rww_mt_svp_simple_027_001.c line 425 function main thread 0
----------------------------------------------------
  __cs_pc[2l]=2 (010)

State 108 file /home/dell/zyworkspace/nichecker/Experiment/remarks2.1_LA_Slicing_PPR/svp_simple_027/_mt_svp_simple_027_001_result/_cs_svp_simple_027_001_gloable_var_rww_mt_svp_simple_027_001.c line 431 function main thread 0
----------------------------------------------------
  __cs_tmp_t3_r0=4 (100)

State 110 file /home/dell/zyworkspace/nichecker/Experiment/remarks2.1_LA_Slicing_PPR/svp_simple_027/_mt_svp_simple_027_001_result/_cs_svp_simple_027_001_gloable_var_rww_mt_svp_simple_027_001.c line 436 function main thread 0
----------------------------------------------------
  __cs_thread_index=3 (011)

State 111 file /home/dell/zyworkspace/nichecker/Experiment/remarks2.1_LA_Slicing_PPR/svp_simple_027/_mt_svp_simple_027_001_result/_cs_svp_simple_027_001_gloable_var_rww_mt_svp_simple_027_001.c line 438 function main thread 0
----------------------------------------------------
  __cs_pc_cs[3l]=4 (100)

State 116 file /home/dell/zyworkspace/nichecker/Experiment/remarks2.1_LA_Slicing_PPR/svp_simple_027/_mt_svp_simple_027_001_result/_cs_svp_simple_027_001_gloable_var_rww_mt_svp_simple_027_001.c line 444 function main thread 0
----------------------------------------------------
  __cs_param_svp_simple_027_001_isr_2_arg=NULL (0000000000000000000000000000000000000000000000000000000000000000)

State 118 file /home/dell/zyworkspace/nichecker/Experiment/remarks2.1_LA_Slicing_PPR/svp_simple_027/_mt_svp_simple_027_001_result/_cs_svp_simple_027_001_gloable_var_rww_mt_svp_simple_027_001.c line 305 function svp_simple_027_001_isr_2_0 thread 0
----------------------------------------------------
  __cs_temporary_0=0 (00000000000000000000000000000000)

State 120 file /home/dell/zyworkspace/nichecker/Experiment/remarks2.1_LA_Slicing_PPR/svp_simple_027/_mt_svp_simple_027_001_result/_cs_svp_simple_027_001_gloable_var_rww_mt_svp_simple_027_001.c line 309 function svp_simple_027_001_isr_2_0 thread 0
----------------------------------------------------
  __cs_temporary_0=17 (00000000000000000000000000010001)

State 121 file /home/dell/zyworkspace/nichecker/Experiment/remarks2.1_LA_Slicing_PPR/svp_simple_027/_mt_svp_simple_027_001_result/_cs_svp_simple_027_001_gloable_var_rww_mt_svp_simple_027_001.c line 311 function svp_simple_027_001_isr_2_0 thread 0
----------------------------------------------------
  rww_r_tmp3_num=1 (00000000000000000000000000000001)

State 122 file /home/dell/zyworkspace/nichecker/Experiment/remarks2.1_LA_Slicing_PPR/svp_simple_027/_mt_svp_simple_027_001_result/_cs_svp_simple_027_001_gloable_var_rww_mt_svp_simple_027_001.c line 312 function svp_simple_027_001_isr_2_0 thread 0
----------------------------------------------------
  rww_r_tmp3=15 (00000000000000000000000000001111)

State 124 file /home/dell/zyworkspace/nichecker/Experiment/remarks2.1_LA_Slicing_PPR/svp_simple_027/_mt_svp_simple_027_001_result/_cs_svp_simple_027_001_gloable_var_rww_mt_svp_simple_027_001.c line 317 function svp_simple_027_001_isr_2_0 thread 0
----------------------------------------------------
  rww_w2=15 (00000000000000000000000000001111)

State 127 file /home/dell/zyworkspace/nichecker/Experiment/remarks2.1_LA_Slicing_PPR/svp_simple_027/_mt_svp_simple_027_001_result/_cs_svp_simple_027_001_gloable_var_rww_mt_svp_simple_027_001.c line 320 function svp_simple_027_001_isr_2_0 thread 0
----------------------------------------------------
  rww_r_tmp3_num=0 (00000000000000000000000000000000)

State 128 file /home/dell/zyworkspace/nichecker/Experiment/remarks2.1_LA_Slicing_PPR/svp_simple_027/_mt_svp_simple_027_001_result/_cs_svp_simple_027_001_gloable_var_rww_mt_svp_simple_027_001.c line 323 function svp_simple_027_001_isr_2_0 thread 0
----------------------------------------------------
  svp_simple_027_001_gloable_var=17 (00000000000000000000000000010001)

State 133 file /home/dell/zyworkspace/nichecker/Experiment/remarks2.1_LA_Slicing_PPR/svp_simple_027/_mt_svp_simple_027_001_result/_cs_svp_simple_027_001_gloable_var_rww_mt_svp_simple_027_001.c line 336 function svp_simple_027_001_isr_2_0 thread 0
----------------------------------------------------
  __cs_value_ptr=NULL (0000000000000000000000000000000000000000000000000000000000000000)

State 138 file /home/dell/zyworkspace/nichecker/Experiment/remarks2.1_LA_Slicing_PPR/svp_simple_027/_mt_svp_simple_027_001_result/_cs_svp_simple_027_001_gloable_var_rww_mt_svp_simple_027_001.c line 446 function main thread 0
----------------------------------------------------
  __cs_pc[3l]=4 (100)

State 139 file /home/dell/zyworkspace/nichecker/Experiment/remarks2.1_LA_Slicing_PPR/svp_simple_027/_mt_svp_simple_027_001_result/_cs_svp_simple_027_001_gloable_var_rww_mt_svp_simple_027_001.c line 452 function main thread 0
----------------------------------------------------
  __cs_tmp_t4_r0=0 (0)

State 141 file /home/dell/zyworkspace/nichecker/Experiment/remarks2.1_LA_Slicing_PPR/svp_simple_027/_mt_svp_simple_027_001_result/_cs_svp_simple_027_001_gloable_var_rww_mt_svp_simple_027_001.c line 457 function main thread 0
----------------------------------------------------
  __cs_thread_index=4 (100)

State 142 file /home/dell/zyworkspace/nichecker/Experiment/remarks2.1_LA_Slicing_PPR/svp_simple_027/_mt_svp_simple_027_001_result/_cs_svp_simple_027_001_gloable_var_rww_mt_svp_simple_027_001.c line 459 function main thread 0
----------------------------------------------------
  __cs_pc_cs[4l]=0 (000)

State 147 file /home/dell/zyworkspace/nichecker/Experiment/remarks2.1_LA_Slicing_PPR/svp_simple_027/_mt_svp_simple_027_001_result/_cs_svp_simple_027_001_gloable_var_rww_mt_svp_simple_027_001.c line 465 function main thread 0
----------------------------------------------------
  __cs_param_svp_simple_027_001_isr_3_arg=NULL (0000000000000000000000000000000000000000000000000000000000000000)

State 151 file /home/dell/zyworkspace/nichecker/Experiment/remarks2.1_LA_Slicing_PPR/svp_simple_027/_mt_svp_simple_027_001_result/_cs_svp_simple_027_001_gloable_var_rww_mt_svp_simple_027_001.c line 294 function svp_simple_027_001_isr_3_0 thread 0
----------------------------------------------------
  __cs_value_ptr=NULL (0000000000000000000000000000000000000000000000000000000000000000)

State 156 file /home/dell/zyworkspace/nichecker/Experiment/remarks2.1_LA_Slicing_PPR/svp_simple_027/_mt_svp_simple_027_001_result/_cs_svp_simple_027_001_gloable_var_rww_mt_svp_simple_027_001.c line 467 function main thread 0
----------------------------------------------------
  __cs_pc[4l]=0 (000)

State 157 file /home/dell/zyworkspace/nichecker/Experiment/remarks2.1_LA_Slicing_PPR/svp_simple_027/_mt_svp_simple_027_001_result/_cs_svp_simple_027_001_gloable_var_rww_mt_svp_simple_027_001.c line 477 function main thread 0
----------------------------------------------------
  __cs_tmp_t1_r1=6 (110)

State 163 file /home/dell/zyworkspace/nichecker/Experiment/remarks2.1_LA_Slicing_PPR/svp_simple_027/_mt_svp_simple_027_001_result/_cs_svp_simple_027_001_gloable_var_rww_mt_svp_simple_027_001.c line 498 function main thread 0
----------------------------------------------------
  __cs_tmp_t2_r1=3 (011)

State 169 file /home/dell/zyworkspace/nichecker/Experiment/remarks2.1_LA_Slicing_PPR/svp_simple_027/_mt_svp_simple_027_001_result/_cs_svp_simple_027_001_gloable_var_rww_mt_svp_simple_027_001.c line 503 function main thread 0
----------------------------------------------------
  __cs_thread_index=2 (010)

State 170 file /home/dell/zyworkspace/nichecker/Experiment/remarks2.1_LA_Slicing_PPR/svp_simple_027/_mt_svp_simple_027_001_result/_cs_svp_simple_027_001_gloable_var_rww_mt_svp_simple_027_001.c line 505 function main thread 0
----------------------------------------------------
  __cs_pc_cs[2l]=3 (011)

State 175 file /home/dell/zyworkspace/nichecker/Experiment/remarks2.1_LA_Slicing_PPR/svp_simple_027/_mt_svp_simple_027_001_result/_cs_svp_simple_027_001_gloable_var_rww_mt_svp_simple_027_001.c line 511 function main thread 0
----------------------------------------------------
  __cs_param_svp_simple_027_001_isr_1_arg=NULL (0000000000000000000000000000000000000000000000000000000000000000)

State 179 file /home/dell/zyworkspace/nichecker/Experiment/remarks2.1_LA_Slicing_PPR/svp_simple_027/_mt_svp_simple_027_001_result/_cs_svp_simple_027_001_gloable_var_rww_mt_svp_simple_027_001.c line 359 function svp_simple_027_001_isr_1_0 thread 0
----------------------------------------------------
  rww_w3=17 (00000000000000000000000000010001)

Violated property:
  file /home/dell/zyworkspace/nichecker/Experiment/remarks2.1_LA_Slicing_PPR/svp_simple_027/_mt_svp_simple_027_001_result/_cs_svp_simple_027_001_gloable_var_rww_mt_svp_simple_027_001.c line 361 function svp_simple_027_001_isr_1_0
  assertion rww_w3 == rww_r_tmp2
  rww_w3 == rww_r_tmp2


** 3 of 3 failed (3 iterations)
VERIFICATION FAILED
