CBMC version 5.6 64-bit x86_64 linux
Parsing /home/dell/zyworkspace/nichecker/Experiment/remarks2.1_basic/svp_simple_018/_mt_svp_simple_018_001_result/_cs_svp_simple_018_001_para2_rwr_mt_svp_simple_018_001.c
<command-line>: warning: "__STDC_VERSION__" redefined
<built-in>: note: this is the location of the previous definition
Converting
Type-checking _cs_svp_simple_018_001_para2_rwr_mt_svp_simple_018_001
file /home/dell/zyworkspace/nichecker/Experiment/remarks2.1_basic/svp_simple_018/_mt_svp_simple_018_001_result/_cs_svp_simple_018_001_para2_rwr_mt_svp_simple_018_001.c line 164 function main_task_0: function `enable_isr' is not declared
file /home/dell/zyworkspace/nichecker/Experiment/remarks2.1_basic/svp_simple_018/_mt_svp_simple_018_001_result/_cs_svp_simple_018_001_para2_rwr_mt_svp_simple_018_001.c line 202 function main_task_0: function `assert' is not declared
Generating GOTO Program
Adding CPROVER library (x86_64)
Removal of function pointers and virtual functions
Partial Inlining
Generic Property Instrumentation
Starting Bounded Model Checking
**** WARNING: no body for function enable_isr
size of program expression: 631 steps
simple slicing removed 32 assignments
Generated 8 VCC(s), 6 remaining after simplification
Passing problem to propositional reduction
converting SSA
Running propositional reduction
Post-processing
Solving with MiniSAT 2.2.1 with simplifier
6563 variables, 22762 clauses
SAT checker: instance is UNSATISFIABLE
Runtime decision procedure: 0.047s

** Results:
[main_task_0.assertion.1] assertion IEEE_FLOAT_EQUAL(rwr_r1, rwr_tmp1): SUCCESS
[main_task_0.assertion.2] assertion IEEE_FLOAT_EQUAL(rwr_r2, rwr_tmp1): SUCCESS
[main_task_0.assertion.3] assertion IEEE_FLOAT_EQUAL(rwr_r3, rwr_tmp1): SUCCESS

** 0 of 3 failed (1 iteration)
VERIFICATION SUCCESSFUL
