CBMC version 5.6 64-bit x86_64 linux
Parsing /home/dell/zyworkspace/nichecker/Experiment/remarks2.1/svp_simple_006/_mt_svp_simple_006_001_result/_cs_svp_simple_006_001_global_var1_rwr_mt_svp_simple_006_001.c
<command-line>: warning: "__STDC_VERSION__" redefined
<built-in>: note: this is the location of the previous definition
Converting
Type-checking _cs_svp_simple_006_001_global_var1_rwr_mt_svp_simple_006_001
file /home/dell/zyworkspace/nichecker/Experiment/remarks2.1/svp_simple_006/_mt_svp_simple_006_001_result/_cs_svp_simple_006_001_global_var1_rwr_mt_svp_simple_006_001.c line 281 function main_task_0: function `assert' is not declared
Generating GOTO Program
Adding CPROVER library (x86_64)
Removal of function pointers and virtual functions
Partial Inlining
Generic Property Instrumentation
Starting Bounded Model Checking
size of program expression: 5314 steps
simple slicing removed 367 assignments
Generated 33 VCC(s), 24 remaining after simplification
Passing problem to propositional reduction
converting SSA
Running propositional reduction
Post-processing
Solving with MiniSAT 2.2.1 with simplifier
32341 variables, 126511 clauses
SAT checker: instance is SATISFIABLE
Solving with MiniSAT 2.2.1 with simplifier
32341 variables, 42663 clauses
SAT checker: instance is SATISFIABLE
Solving with MiniSAT 2.2.1 with simplifier
32341 variables, 42650 clauses
SAT checker: instance is UNSATISFIABLE
Runtime decision procedure: 5.271s

** Results:
[main_task_0.assertion.1] assertion rwr_r1 == rwr_tmp1: SUCCESS
[main_task_0.assertion.2] assertion rwr_r2 == rwr_tmp1: SUCCESS
[main_task_0.assertion.3] assertion rwr_r3 == rwr_tmp1: SUCCESS
[main_task_0.assertion.4] assertion rwr_r4 == rwr_tmp1: SUCCESS
[main_task_0.assertion.5] assertion rwr_r5 == rwr_tmp1: SUCCESS
[main_task_0.assertion.6] assertion rwr_r6 == rwr_tmp1: SUCCESS
[main_task_0.assertion.7] assertion rwr_r7 == rwr_tmp1: SUCCESS
[main_task_0.assertion.8] assertion rwr_r8 == rwr_tmp1: FAILURE
[main_task_0.assertion.9] assertion rwr_r9 == rwr_tmp1: SUCCESS
[main_task_0.assertion.10] assertion rwr_r10 == rwr_tmp1: SUCCESS
[main_task_0.assertion.11] assertion rwr_r11 == rwr_tmp1: FAILURE
[main_task_0.assertion.12] assertion rwr_r12 == rwr_tmp1: SUCCESS

Trace for main_task_0.assertion.8:

State 101 file /home/dell/zyworkspace/nichecker/Experiment/remarks2.1/svp_simple_006/_mt_svp_simple_006_001_result/_cs_svp_simple_006_001_global_var1_rwr_mt_svp_simple_006_001.c line 1329 function main thread 0
----------------------------------------------------
  __cs_tmp_t1_r0=1 (0001)

State 103 file /home/dell/zyworkspace/nichecker/Experiment/remarks2.1/svp_simple_006/_mt_svp_simple_006_001_result/_cs_svp_simple_006_001_global_var1_rwr_mt_svp_simple_006_001.c line 1333 function main thread 0
----------------------------------------------------
  __cs_thread_index=1 (01)

State 104 file /home/dell/zyworkspace/nichecker/Experiment/remarks2.1/svp_simple_006/_mt_svp_simple_006_001_result/_cs_svp_simple_006_001_global_var1_rwr_mt_svp_simple_006_001.c line 1335 function main thread 0
----------------------------------------------------
  __cs_pc_cs[1l]=1 (0001)

State 109 file /home/dell/zyworkspace/nichecker/Experiment/remarks2.1/svp_simple_006/_mt_svp_simple_006_001_result/_cs_svp_simple_006_001_global_var1_rwr_mt_svp_simple_006_001.c line 1341 function main thread 0
----------------------------------------------------
  __cs_param_main_task_arg=NULL (0000000000000000000000000000000000000000000000000000000000000000)

State 111 file /home/dell/zyworkspace/nichecker/Experiment/remarks2.1/svp_simple_006/_mt_svp_simple_006_001_result/_cs_svp_simple_006_001_global_var1_rwr_mt_svp_simple_006_001.c line 170 function main_task_0 thread 0
----------------------------------------------------
  __cs_local_main_task_reader3=0 (00000000000000000000000000000000)

State 112 file /home/dell/zyworkspace/nichecker/Experiment/remarks2.1/svp_simple_006/_mt_svp_simple_006_001_result/_cs_svp_simple_006_001_global_var1_rwr_mt_svp_simple_006_001.c line 176 function main_task_0 thread 0
----------------------------------------------------
  __cs_local_main_task_i=0 (00000000000000000000000000000000)

State 113 file /home/dell/zyworkspace/nichecker/Experiment/remarks2.1/svp_simple_006/_mt_svp_simple_006_001_result/_cs_svp_simple_006_001_global_var1_rwr_mt_svp_simple_006_001.c line 184 function main_task_0 thread 0
----------------------------------------------------
  __cs_local_main_task_t=0 (00000000000000000000000000000000)

State 115 file /home/dell/zyworkspace/nichecker/Experiment/remarks2.1/svp_simple_006/_mt_svp_simple_006_001_result/_cs_svp_simple_006_001_global_var1_rwr_mt_svp_simple_006_001.c line 202 function main_task_0 thread 0
----------------------------------------------------
  __cs_local_main_task_loop_1_IOVar1=0 (00000000000000000000000000000000)

State 116 file /home/dell/zyworkspace/nichecker/Experiment/remarks2.1/svp_simple_006/_mt_svp_simple_006_001_result/_cs_svp_simple_006_001_global_var1_rwr_mt_svp_simple_006_001.c line 205 function main_task_0 thread 0
----------------------------------------------------
  __cs_local_main_task_loop_1_block_2=0 (00000000000000000000000000000000)

State 117 file /home/dell/zyworkspace/nichecker/Experiment/remarks2.1/svp_simple_006/_mt_svp_simple_006_001_result/_cs_svp_simple_006_001_global_var1_rwr_mt_svp_simple_006_001.c line 208 function main_task_0 thread 0
----------------------------------------------------
  __cs_local_main_task_i=0 (00000000000000000000000000000000)

State 120 file /home/dell/zyworkspace/nichecker/Experiment/remarks2.1/svp_simple_006/_mt_svp_simple_006_001_result/_cs_svp_simple_006_001_global_var1_rwr_mt_svp_simple_006_001.c line 219 function main_task_0 thread 0
----------------------------------------------------
  __cs_local_main_task_j=0 (00000000000000000000000000000000)

State 121 file /home/dell/zyworkspace/nichecker/Experiment/remarks2.1/svp_simple_006/_mt_svp_simple_006_001_result/_cs_svp_simple_006_001_global_var1_rwr_mt_svp_simple_006_001.c line 227 function main_task_0 thread 0
----------------------------------------------------
  __cs_local_main_task_t=0 (00000000000000000000000000000000)

State 123 file /home/dell/zyworkspace/nichecker/Experiment/remarks2.1/svp_simple_006/_mt_svp_simple_006_001_result/_cs_svp_simple_006_001_global_var1_rwr_mt_svp_simple_006_001.c line 245 function main_task_0 thread 0
----------------------------------------------------
  __cs_local_main_task_loop_2_IOVar1=0 (00000000000000000000000000000000)

State 124 file /home/dell/zyworkspace/nichecker/Experiment/remarks2.1/svp_simple_006/_mt_svp_simple_006_001_result/_cs_svp_simple_006_001_global_var1_rwr_mt_svp_simple_006_001.c line 248 function main_task_0 thread 0
----------------------------------------------------
  __cs_local_main_task_loop_2_block_4=0 (00000000000000000000000000000000)

State 125 file /home/dell/zyworkspace/nichecker/Experiment/remarks2.1/svp_simple_006/_mt_svp_simple_006_001_result/_cs_svp_simple_006_001_global_var1_rwr_mt_svp_simple_006_001.c line 251 function main_task_0 thread 0
----------------------------------------------------
  __cs_local_main_task_j=0 (00000000000000000000000000000000)

State 128 file /home/dell/zyworkspace/nichecker/Experiment/remarks2.1/svp_simple_006/_mt_svp_simple_006_001_result/_cs_svp_simple_006_001_global_var1_rwr_mt_svp_simple_006_001.c line 261 function main_task_0 thread 0
----------------------------------------------------
  __cs_local_main_task___cs_tmp_if_cond_0=TRUE (00000001)

State 130 file /home/dell/zyworkspace/nichecker/Experiment/remarks2.1/svp_simple_006/_mt_svp_simple_006_001_result/_cs_svp_simple_006_001_global_var1_rwr_mt_svp_simple_006_001.c line 270 function main_task_0 thread 0
----------------------------------------------------
  __cs_local_main_task___cs_tmp_if_cond_1=TRUE (00000001)

State 132 file /home/dell/zyworkspace/nichecker/Experiment/remarks2.1/svp_simple_006/_mt_svp_simple_006_001_result/_cs_svp_simple_006_001_global_var1_rwr_mt_svp_simple_006_001.c line 277 function main_task_0 thread 0
----------------------------------------------------
  __cs_local_main_task_reader1=0 (00000000000000000000000000000000)

State 133 file /home/dell/zyworkspace/nichecker/Experiment/remarks2.1/svp_simple_006/_mt_svp_simple_006_001_result/_cs_svp_simple_006_001_global_var1_rwr_mt_svp_simple_006_001.c line 279 function main_task_0 thread 0
----------------------------------------------------
  rwr_r1=0 (00000000000000000000000000000000)

State 135 file /home/dell/zyworkspace/nichecker/Experiment/remarks2.1/svp_simple_006/_mt_svp_simple_006_001_result/_cs_svp_simple_006_001_global_var1_rwr_mt_svp_simple_006_001.c line 283 function main_task_0 thread 0
----------------------------------------------------
  rwr_tmp1_num=1 (00000000000000000000000000000001)

State 136 file /home/dell/zyworkspace/nichecker/Experiment/remarks2.1/svp_simple_006/_mt_svp_simple_006_001_result/_cs_svp_simple_006_001_global_var1_rwr_mt_svp_simple_006_001.c line 284 function main_task_0 thread 0
----------------------------------------------------
  rwr_tmp1=0 (00000000000000000000000000000000)

State 151 file /home/dell/zyworkspace/nichecker/Experiment/remarks2.1/svp_simple_006/_mt_svp_simple_006_001_result/_cs_svp_simple_006_001_global_var1_rwr_mt_svp_simple_006_001.c line 1286 function main_task_0 thread 0
----------------------------------------------------
  __cs_value_ptr=NULL (0000000000000000000000000000000000000000000000000000000000000000)

State 156 file /home/dell/zyworkspace/nichecker/Experiment/remarks2.1/svp_simple_006/_mt_svp_simple_006_001_result/_cs_svp_simple_006_001_global_var1_rwr_mt_svp_simple_006_001.c line 1343 function main thread 0
----------------------------------------------------
  __cs_pc[1l]=1 (0001)

State 157 file /home/dell/zyworkspace/nichecker/Experiment/remarks2.1/svp_simple_006/_mt_svp_simple_006_001_result/_cs_svp_simple_006_001_global_var1_rwr_mt_svp_simple_006_001.c line 1349 function main thread 0
----------------------------------------------------
  __cs_tmp_t2_r0=1 (1)

State 159 file /home/dell/zyworkspace/nichecker/Experiment/remarks2.1/svp_simple_006/_mt_svp_simple_006_001_result/_cs_svp_simple_006_001_global_var1_rwr_mt_svp_simple_006_001.c line 1354 function main thread 0
----------------------------------------------------
  __cs_thread_index=2 (10)

State 160 file /home/dell/zyworkspace/nichecker/Experiment/remarks2.1/svp_simple_006/_mt_svp_simple_006_001_result/_cs_svp_simple_006_001_global_var1_rwr_mt_svp_simple_006_001.c line 1356 function main thread 0
----------------------------------------------------
  __cs_pc_cs[2l]=1 (0001)

State 165 file /home/dell/zyworkspace/nichecker/Experiment/remarks2.1/svp_simple_006/_mt_svp_simple_006_001_result/_cs_svp_simple_006_001_global_var1_rwr_mt_svp_simple_006_001.c line 1362 function main thread 0
----------------------------------------------------
  __cs_param_svp_simple_006_001_isr_1_arg=NULL (0000000000000000000000000000000000000000000000000000000000000000)

State 167 file /home/dell/zyworkspace/nichecker/Experiment/remarks2.1/svp_simple_006/_mt_svp_simple_006_001_result/_cs_svp_simple_006_001_global_var1_rwr_mt_svp_simple_006_001.c line 1297 function svp_simple_006_001_isr_1_0 thread 0
----------------------------------------------------
  __cs_local_svp_simple_006_001_isr_1_reader2=0 (00000000000000000000000000000000)

State 168 file /home/dell/zyworkspace/nichecker/Experiment/remarks2.1/svp_simple_006/_mt_svp_simple_006_001_result/_cs_svp_simple_006_001_global_var1_rwr_mt_svp_simple_006_001.c line 1302 function svp_simple_006_001_isr_1_0 thread 0
----------------------------------------------------
  __cs_local_svp_simple_006_001_isr_1_i=0 (00000000000000000000000000000000)

State 169 file /home/dell/zyworkspace/nichecker/Experiment/remarks2.1/svp_simple_006/_mt_svp_simple_006_001_result/_cs_svp_simple_006_001_global_var1_rwr_mt_svp_simple_006_001.c line 1306 function svp_simple_006_001_isr_1_0 thread 0
----------------------------------------------------
  svp_simple_006_001_global_var1=1 (00000000000000000000000000000001)

State 173 file /home/dell/zyworkspace/nichecker/Experiment/remarks2.1/svp_simple_006/_mt_svp_simple_006_001_result/_cs_svp_simple_006_001_global_var1_rwr_mt_svp_simple_006_001.c line 1317 function svp_simple_006_001_isr_1_0 thread 0
----------------------------------------------------
  __cs_value_ptr=NULL (0000000000000000000000000000000000000000000000000000000000000000)

State 178 file /home/dell/zyworkspace/nichecker/Experiment/remarks2.1/svp_simple_006/_mt_svp_simple_006_001_result/_cs_svp_simple_006_001_global_var1_rwr_mt_svp_simple_006_001.c line 1364 function main thread 0
----------------------------------------------------
  __cs_pc[2l]=1 (0001)

State 179 file /home/dell/zyworkspace/nichecker/Experiment/remarks2.1/svp_simple_006/_mt_svp_simple_006_001_result/_cs_svp_simple_006_001_global_var1_rwr_mt_svp_simple_006_001.c line 1374 function main thread 0
----------------------------------------------------
  __cs_tmp_t1_r1=8 (1000)

State 181 file /home/dell/zyworkspace/nichecker/Experiment/remarks2.1/svp_simple_006/_mt_svp_simple_006_001_result/_cs_svp_simple_006_001_global_var1_rwr_mt_svp_simple_006_001.c line 1379 function main thread 0
----------------------------------------------------
  __cs_thread_index=1 (01)

State 182 file /home/dell/zyworkspace/nichecker/Experiment/remarks2.1/svp_simple_006/_mt_svp_simple_006_001_result/_cs_svp_simple_006_001_global_var1_rwr_mt_svp_simple_006_001.c line 1381 function main thread 0
----------------------------------------------------
  __cs_pc_cs[1l]=8 (1000)

State 187 file /home/dell/zyworkspace/nichecker/Experiment/remarks2.1/svp_simple_006/_mt_svp_simple_006_001_result/_cs_svp_simple_006_001_global_var1_rwr_mt_svp_simple_006_001.c line 1387 function main thread 0
----------------------------------------------------
  __cs_param_main_task_arg=NULL (0000000000000000000000000000000000000000000000000000000000000000)

State 193 file /home/dell/zyworkspace/nichecker/Experiment/remarks2.1/svp_simple_006/_mt_svp_simple_006_001_result/_cs_svp_simple_006_001_global_var1_rwr_mt_svp_simple_006_001.c line 367 function main_task_0 thread 0
----------------------------------------------------
  __cs_local_main_task_j=1 (00000000000000000000000000000001)

State 194 file /home/dell/zyworkspace/nichecker/Experiment/remarks2.1/svp_simple_006/_mt_svp_simple_006_001_result/_cs_svp_simple_006_001_global_var1_rwr_mt_svp_simple_006_001.c line 373 function main_task_0 thread 0
----------------------------------------------------
  __cs_local_main_task_t=1 (00000000000000000000000000000001)

State 196 file /home/dell/zyworkspace/nichecker/Experiment/remarks2.1/svp_simple_006/_mt_svp_simple_006_001_result/_cs_svp_simple_006_001_global_var1_rwr_mt_svp_simple_006_001.c line 391 function main_task_0 thread 0
----------------------------------------------------
  __cs_local_main_task_loop_2_IOVar1=1 (00000000000000000000000000000001)

State 197 file /home/dell/zyworkspace/nichecker/Experiment/remarks2.1/svp_simple_006/_mt_svp_simple_006_001_result/_cs_svp_simple_006_001_global_var1_rwr_mt_svp_simple_006_001.c line 394 function main_task_0 thread 0
----------------------------------------------------
  __cs_local_main_task_loop_2_block_4=3 (00000000000000000000000000000011)

State 198 file /home/dell/zyworkspace/nichecker/Experiment/remarks2.1/svp_simple_006/_mt_svp_simple_006_001_result/_cs_svp_simple_006_001_global_var1_rwr_mt_svp_simple_006_001.c line 397 function main_task_0 thread 0
----------------------------------------------------
  __cs_local_main_task_j=4 (00000000000000000000000000000100)

State 201 file /home/dell/zyworkspace/nichecker/Experiment/remarks2.1/svp_simple_006/_mt_svp_simple_006_001_result/_cs_svp_simple_006_001_global_var1_rwr_mt_svp_simple_006_001.c line 407 function main_task_0 thread 0
----------------------------------------------------
  __cs_local_main_task___cs_tmp_if_cond_0=FALSE (00000000)

State 204 file /home/dell/zyworkspace/nichecker/Experiment/remarks2.1/svp_simple_006/_mt_svp_simple_006_001_result/_cs_svp_simple_006_001_global_var1_rwr_mt_svp_simple_006_001.c line 513 function main_task_0 thread 0
----------------------------------------------------
  __cs_local_main_task_j=5 (00000000000000000000000000000101)

State 205 file /home/dell/zyworkspace/nichecker/Experiment/remarks2.1/svp_simple_006/_mt_svp_simple_006_001_result/_cs_svp_simple_006_001_global_var1_rwr_mt_svp_simple_006_001.c line 519 function main_task_0 thread 0
----------------------------------------------------
  __cs_local_main_task_t=2 (00000000000000000000000000000010)

State 206 file /home/dell/zyworkspace/nichecker/Experiment/remarks2.1/svp_simple_006/_mt_svp_simple_006_001_result/_cs_svp_simple_006_001_global_var1_rwr_mt_svp_simple_006_001.c line 523 function main_task_0 thread 0
----------------------------------------------------
  __cs_loop_2=FALSE (00000000)

State 210 file /home/dell/zyworkspace/nichecker/Experiment/remarks2.1/svp_simple_006/_mt_svp_simple_006_001_result/_cs_svp_simple_006_001_global_var1_rwr_mt_svp_simple_006_001.c line 543 function main_task_0 thread 0
----------------------------------------------------
  __cs_local_main_task_i=1 (00000000000000000000000000000001)

State 211 file /home/dell/zyworkspace/nichecker/Experiment/remarks2.1/svp_simple_006/_mt_svp_simple_006_001_result/_cs_svp_simple_006_001_global_var1_rwr_mt_svp_simple_006_001.c line 549 function main_task_0 thread 0
----------------------------------------------------
  __cs_local_main_task_t=1 (00000000000000000000000000000001)

State 213 file /home/dell/zyworkspace/nichecker/Experiment/remarks2.1/svp_simple_006/_mt_svp_simple_006_001_result/_cs_svp_simple_006_001_global_var1_rwr_mt_svp_simple_006_001.c line 567 function main_task_0 thread 0
----------------------------------------------------
  __cs_local_main_task_loop_1_IOVar1=1 (00000000000000000000000000000001)

State 214 file /home/dell/zyworkspace/nichecker/Experiment/remarks2.1/svp_simple_006/_mt_svp_simple_006_001_result/_cs_svp_simple_006_001_global_var1_rwr_mt_svp_simple_006_001.c line 570 function main_task_0 thread 0
----------------------------------------------------
  __cs_local_main_task_loop_1_block_2=3 (00000000000000000000000000000011)

State 215 file /home/dell/zyworkspace/nichecker/Experiment/remarks2.1/svp_simple_006/_mt_svp_simple_006_001_result/_cs_svp_simple_006_001_global_var1_rwr_mt_svp_simple_006_001.c line 573 function main_task_0 thread 0
----------------------------------------------------
  __cs_local_main_task_i=4 (00000000000000000000000000000100)

State 218 file /home/dell/zyworkspace/nichecker/Experiment/remarks2.1/svp_simple_006/_mt_svp_simple_006_001_result/_cs_svp_simple_006_001_global_var1_rwr_mt_svp_simple_006_001.c line 584 function main_task_0 thread 0
----------------------------------------------------
  __cs_local_main_task_j=0 (00000000000000000000000000000000)

State 219 file /home/dell/zyworkspace/nichecker/Experiment/remarks2.1/svp_simple_006/_mt_svp_simple_006_001_result/_cs_svp_simple_006_001_global_var1_rwr_mt_svp_simple_006_001.c line 592 function main_task_0 thread 0
----------------------------------------------------
  __cs_local_main_task_t=0 (00000000000000000000000000000000)

State 221 file /home/dell/zyworkspace/nichecker/Experiment/remarks2.1/svp_simple_006/_mt_svp_simple_006_001_result/_cs_svp_simple_006_001_global_var1_rwr_mt_svp_simple_006_001.c line 610 function main_task_0 thread 0
----------------------------------------------------
  __cs_local_main_task_loop_2_IOVar1=0 (00000000000000000000000000000000)

State 222 file /home/dell/zyworkspace/nichecker/Experiment/remarks2.1/svp_simple_006/_mt_svp_simple_006_001_result/_cs_svp_simple_006_001_global_var1_rwr_mt_svp_simple_006_001.c line 613 function main_task_0 thread 0
----------------------------------------------------
  __cs_local_main_task_loop_2_block_4=4 (00000000000000000000000000000100)

State 223 file /home/dell/zyworkspace/nichecker/Experiment/remarks2.1/svp_simple_006/_mt_svp_simple_006_001_result/_cs_svp_simple_006_001_global_var1_rwr_mt_svp_simple_006_001.c line 616 function main_task_0 thread 0
----------------------------------------------------
  __cs_local_main_task_j=4 (00000000000000000000000000000100)

State 226 file /home/dell/zyworkspace/nichecker/Experiment/remarks2.1/svp_simple_006/_mt_svp_simple_006_001_result/_cs_svp_simple_006_001_global_var1_rwr_mt_svp_simple_006_001.c line 626 function main_task_0 thread 0
----------------------------------------------------
  __cs_local_main_task___cs_tmp_if_cond_0=TRUE (00000001)

State 228 file /home/dell/zyworkspace/nichecker/Experiment/remarks2.1/svp_simple_006/_mt_svp_simple_006_001_result/_cs_svp_simple_006_001_global_var1_rwr_mt_svp_simple_006_001.c line 635 function main_task_0 thread 0
----------------------------------------------------
  __cs_local_main_task___cs_tmp_if_cond_1=FALSE (00000000)

State 231 file /home/dell/zyworkspace/nichecker/Experiment/remarks2.1/svp_simple_006/_mt_svp_simple_006_001_result/_cs_svp_simple_006_001_global_var1_rwr_mt_svp_simple_006_001.c line 662 function main_task_0 thread 0
----------------------------------------------------
  __cs_local_main_task___cs_tmp_if_cond_2=TRUE (00000001)

State 233 file /home/dell/zyworkspace/nichecker/Experiment/remarks2.1/svp_simple_006/_mt_svp_simple_006_001_result/_cs_svp_simple_006_001_global_var1_rwr_mt_svp_simple_006_001.c line 669 function main_task_0 thread 0
----------------------------------------------------
  __cs_local_main_task_reader2=1 (00000000000000000000000000000001)

State 234 file /home/dell/zyworkspace/nichecker/Experiment/remarks2.1/svp_simple_006/_mt_svp_simple_006_001_result/_cs_svp_simple_006_001_global_var1_rwr_mt_svp_simple_006_001.c line 671 function main_task_0 thread 0
----------------------------------------------------
  rwr_r8=1 (00000000000000000000000000000001)

Violated property:
  file /home/dell/zyworkspace/nichecker/Experiment/remarks2.1/svp_simple_006/_mt_svp_simple_006_001_result/_cs_svp_simple_006_001_global_var1_rwr_mt_svp_simple_006_001.c line 673 function main_task_0
  assertion rwr_r8 == rwr_tmp1
  rwr_r8 == rwr_tmp1


Trace for main_task_0.assertion.11:

State 101 file /home/dell/zyworkspace/nichecker/Experiment/remarks2.1/svp_simple_006/_mt_svp_simple_006_001_result/_cs_svp_simple_006_001_global_var1_rwr_mt_svp_simple_006_001.c line 1329 function main thread 0
----------------------------------------------------
  __cs_tmp_t1_r0=1 (0001)

State 103 file /home/dell/zyworkspace/nichecker/Experiment/remarks2.1/svp_simple_006/_mt_svp_simple_006_001_result/_cs_svp_simple_006_001_global_var1_rwr_mt_svp_simple_006_001.c line 1333 function main thread 0
----------------------------------------------------
  __cs_thread_index=1 (01)

State 104 file /home/dell/zyworkspace/nichecker/Experiment/remarks2.1/svp_simple_006/_mt_svp_simple_006_001_result/_cs_svp_simple_006_001_global_var1_rwr_mt_svp_simple_006_001.c line 1335 function main thread 0
----------------------------------------------------
  __cs_pc_cs[1l]=1 (0001)

State 109 file /home/dell/zyworkspace/nichecker/Experiment/remarks2.1/svp_simple_006/_mt_svp_simple_006_001_result/_cs_svp_simple_006_001_global_var1_rwr_mt_svp_simple_006_001.c line 1341 function main thread 0
----------------------------------------------------
  __cs_param_main_task_arg=NULL (0000000000000000000000000000000000000000000000000000000000000000)

State 111 file /home/dell/zyworkspace/nichecker/Experiment/remarks2.1/svp_simple_006/_mt_svp_simple_006_001_result/_cs_svp_simple_006_001_global_var1_rwr_mt_svp_simple_006_001.c line 170 function main_task_0 thread 0
----------------------------------------------------
  __cs_local_main_task_reader3=0 (00000000000000000000000000000000)

State 112 file /home/dell/zyworkspace/nichecker/Experiment/remarks2.1/svp_simple_006/_mt_svp_simple_006_001_result/_cs_svp_simple_006_001_global_var1_rwr_mt_svp_simple_006_001.c line 176 function main_task_0 thread 0
----------------------------------------------------
  __cs_local_main_task_i=0 (00000000000000000000000000000000)

State 113 file /home/dell/zyworkspace/nichecker/Experiment/remarks2.1/svp_simple_006/_mt_svp_simple_006_001_result/_cs_svp_simple_006_001_global_var1_rwr_mt_svp_simple_006_001.c line 184 function main_task_0 thread 0
----------------------------------------------------
  __cs_local_main_task_t=0 (00000000000000000000000000000000)

State 115 file /home/dell/zyworkspace/nichecker/Experiment/remarks2.1/svp_simple_006/_mt_svp_simple_006_001_result/_cs_svp_simple_006_001_global_var1_rwr_mt_svp_simple_006_001.c line 202 function main_task_0 thread 0
----------------------------------------------------
  __cs_local_main_task_loop_1_IOVar1=0 (00000000000000000000000000000000)

State 116 file /home/dell/zyworkspace/nichecker/Experiment/remarks2.1/svp_simple_006/_mt_svp_simple_006_001_result/_cs_svp_simple_006_001_global_var1_rwr_mt_svp_simple_006_001.c line 205 function main_task_0 thread 0
----------------------------------------------------
  __cs_local_main_task_loop_1_block_2=0 (00000000000000000000000000000000)

State 117 file /home/dell/zyworkspace/nichecker/Experiment/remarks2.1/svp_simple_006/_mt_svp_simple_006_001_result/_cs_svp_simple_006_001_global_var1_rwr_mt_svp_simple_006_001.c line 208 function main_task_0 thread 0
----------------------------------------------------
  __cs_local_main_task_i=0 (00000000000000000000000000000000)

State 120 file /home/dell/zyworkspace/nichecker/Experiment/remarks2.1/svp_simple_006/_mt_svp_simple_006_001_result/_cs_svp_simple_006_001_global_var1_rwr_mt_svp_simple_006_001.c line 219 function main_task_0 thread 0
----------------------------------------------------
  __cs_local_main_task_j=0 (00000000000000000000000000000000)

State 121 file /home/dell/zyworkspace/nichecker/Experiment/remarks2.1/svp_simple_006/_mt_svp_simple_006_001_result/_cs_svp_simple_006_001_global_var1_rwr_mt_svp_simple_006_001.c line 227 function main_task_0 thread 0
----------------------------------------------------
  __cs_local_main_task_t=0 (00000000000000000000000000000000)

State 123 file /home/dell/zyworkspace/nichecker/Experiment/remarks2.1/svp_simple_006/_mt_svp_simple_006_001_result/_cs_svp_simple_006_001_global_var1_rwr_mt_svp_simple_006_001.c line 245 function main_task_0 thread 0
----------------------------------------------------
  __cs_local_main_task_loop_2_IOVar1=0 (00000000000000000000000000000000)

State 124 file /home/dell/zyworkspace/nichecker/Experiment/remarks2.1/svp_simple_006/_mt_svp_simple_006_001_result/_cs_svp_simple_006_001_global_var1_rwr_mt_svp_simple_006_001.c line 248 function main_task_0 thread 0
----------------------------------------------------
  __cs_local_main_task_loop_2_block_4=0 (00000000000000000000000000000000)

State 125 file /home/dell/zyworkspace/nichecker/Experiment/remarks2.1/svp_simple_006/_mt_svp_simple_006_001_result/_cs_svp_simple_006_001_global_var1_rwr_mt_svp_simple_006_001.c line 251 function main_task_0 thread 0
----------------------------------------------------
  __cs_local_main_task_j=0 (00000000000000000000000000000000)

State 128 file /home/dell/zyworkspace/nichecker/Experiment/remarks2.1/svp_simple_006/_mt_svp_simple_006_001_result/_cs_svp_simple_006_001_global_var1_rwr_mt_svp_simple_006_001.c line 261 function main_task_0 thread 0
----------------------------------------------------
  __cs_local_main_task___cs_tmp_if_cond_0=TRUE (00000001)

State 130 file /home/dell/zyworkspace/nichecker/Experiment/remarks2.1/svp_simple_006/_mt_svp_simple_006_001_result/_cs_svp_simple_006_001_global_var1_rwr_mt_svp_simple_006_001.c line 270 function main_task_0 thread 0
----------------------------------------------------
  __cs_local_main_task___cs_tmp_if_cond_1=TRUE (00000001)

State 132 file /home/dell/zyworkspace/nichecker/Experiment/remarks2.1/svp_simple_006/_mt_svp_simple_006_001_result/_cs_svp_simple_006_001_global_var1_rwr_mt_svp_simple_006_001.c line 277 function main_task_0 thread 0
----------------------------------------------------
  __cs_local_main_task_reader1=0 (00000000000000000000000000000000)

State 133 file /home/dell/zyworkspace/nichecker/Experiment/remarks2.1/svp_simple_006/_mt_svp_simple_006_001_result/_cs_svp_simple_006_001_global_var1_rwr_mt_svp_simple_006_001.c line 279 function main_task_0 thread 0
----------------------------------------------------
  rwr_r1=0 (00000000000000000000000000000000)

State 135 file /home/dell/zyworkspace/nichecker/Experiment/remarks2.1/svp_simple_006/_mt_svp_simple_006_001_result/_cs_svp_simple_006_001_global_var1_rwr_mt_svp_simple_006_001.c line 283 function main_task_0 thread 0
----------------------------------------------------
  rwr_tmp1_num=1 (00000000000000000000000000000001)

State 136 file /home/dell/zyworkspace/nichecker/Experiment/remarks2.1/svp_simple_006/_mt_svp_simple_006_001_result/_cs_svp_simple_006_001_global_var1_rwr_mt_svp_simple_006_001.c line 284 function main_task_0 thread 0
----------------------------------------------------
  rwr_tmp1=0 (00000000000000000000000000000000)

State 151 file /home/dell/zyworkspace/nichecker/Experiment/remarks2.1/svp_simple_006/_mt_svp_simple_006_001_result/_cs_svp_simple_006_001_global_var1_rwr_mt_svp_simple_006_001.c line 1286 function main_task_0 thread 0
----------------------------------------------------
  __cs_value_ptr=NULL (0000000000000000000000000000000000000000000000000000000000000000)

State 156 file /home/dell/zyworkspace/nichecker/Experiment/remarks2.1/svp_simple_006/_mt_svp_simple_006_001_result/_cs_svp_simple_006_001_global_var1_rwr_mt_svp_simple_006_001.c line 1343 function main thread 0
----------------------------------------------------
  __cs_pc[1l]=1 (0001)

State 157 file /home/dell/zyworkspace/nichecker/Experiment/remarks2.1/svp_simple_006/_mt_svp_simple_006_001_result/_cs_svp_simple_006_001_global_var1_rwr_mt_svp_simple_006_001.c line 1349 function main thread 0
----------------------------------------------------
  __cs_tmp_t2_r0=1 (1)

State 159 file /home/dell/zyworkspace/nichecker/Experiment/remarks2.1/svp_simple_006/_mt_svp_simple_006_001_result/_cs_svp_simple_006_001_global_var1_rwr_mt_svp_simple_006_001.c line 1354 function main thread 0
----------------------------------------------------
  __cs_thread_index=2 (10)

State 160 file /home/dell/zyworkspace/nichecker/Experiment/remarks2.1/svp_simple_006/_mt_svp_simple_006_001_result/_cs_svp_simple_006_001_global_var1_rwr_mt_svp_simple_006_001.c line 1356 function main thread 0
----------------------------------------------------
  __cs_pc_cs[2l]=1 (0001)

State 165 file /home/dell/zyworkspace/nichecker/Experiment/remarks2.1/svp_simple_006/_mt_svp_simple_006_001_result/_cs_svp_simple_006_001_global_var1_rwr_mt_svp_simple_006_001.c line 1362 function main thread 0
----------------------------------------------------
  __cs_param_svp_simple_006_001_isr_1_arg=NULL (0000000000000000000000000000000000000000000000000000000000000000)

State 167 file /home/dell/zyworkspace/nichecker/Experiment/remarks2.1/svp_simple_006/_mt_svp_simple_006_001_result/_cs_svp_simple_006_001_global_var1_rwr_mt_svp_simple_006_001.c line 1297 function svp_simple_006_001_isr_1_0 thread 0
----------------------------------------------------
  __cs_local_svp_simple_006_001_isr_1_reader2=0 (00000000000000000000000000000000)

State 168 file /home/dell/zyworkspace/nichecker/Experiment/remarks2.1/svp_simple_006/_mt_svp_simple_006_001_result/_cs_svp_simple_006_001_global_var1_rwr_mt_svp_simple_006_001.c line 1302 function svp_simple_006_001_isr_1_0 thread 0
----------------------------------------------------
  __cs_local_svp_simple_006_001_isr_1_i=0 (00000000000000000000000000000000)

State 169 file /home/dell/zyworkspace/nichecker/Experiment/remarks2.1/svp_simple_006/_mt_svp_simple_006_001_result/_cs_svp_simple_006_001_global_var1_rwr_mt_svp_simple_006_001.c line 1306 function svp_simple_006_001_isr_1_0 thread 0
----------------------------------------------------
  svp_simple_006_001_global_var1=1 (00000000000000000000000000000001)

State 173 file /home/dell/zyworkspace/nichecker/Experiment/remarks2.1/svp_simple_006/_mt_svp_simple_006_001_result/_cs_svp_simple_006_001_global_var1_rwr_mt_svp_simple_006_001.c line 1317 function svp_simple_006_001_isr_1_0 thread 0
----------------------------------------------------
  __cs_value_ptr=NULL (0000000000000000000000000000000000000000000000000000000000000000)

State 178 file /home/dell/zyworkspace/nichecker/Experiment/remarks2.1/svp_simple_006/_mt_svp_simple_006_001_result/_cs_svp_simple_006_001_global_var1_rwr_mt_svp_simple_006_001.c line 1364 function main thread 0
----------------------------------------------------
  __cs_pc[2l]=1 (0001)

State 179 file /home/dell/zyworkspace/nichecker/Experiment/remarks2.1/svp_simple_006/_mt_svp_simple_006_001_result/_cs_svp_simple_006_001_global_var1_rwr_mt_svp_simple_006_001.c line 1374 function main thread 0
----------------------------------------------------
  __cs_tmp_t1_r1=13 (1101)

State 181 file /home/dell/zyworkspace/nichecker/Experiment/remarks2.1/svp_simple_006/_mt_svp_simple_006_001_result/_cs_svp_simple_006_001_global_var1_rwr_mt_svp_simple_006_001.c line 1379 function main thread 0
----------------------------------------------------
  __cs_thread_index=1 (01)

State 182 file /home/dell/zyworkspace/nichecker/Experiment/remarks2.1/svp_simple_006/_mt_svp_simple_006_001_result/_cs_svp_simple_006_001_global_var1_rwr_mt_svp_simple_006_001.c line 1381 function main thread 0
----------------------------------------------------
  __cs_pc_cs[1l]=13 (1101)

State 187 file /home/dell/zyworkspace/nichecker/Experiment/remarks2.1/svp_simple_006/_mt_svp_simple_006_001_result/_cs_svp_simple_006_001_global_var1_rwr_mt_svp_simple_006_001.c line 1387 function main thread 0
----------------------------------------------------
  __cs_param_main_task_arg=NULL (0000000000000000000000000000000000000000000000000000000000000000)

State 193 file /home/dell/zyworkspace/nichecker/Experiment/remarks2.1/svp_simple_006/_mt_svp_simple_006_001_result/_cs_svp_simple_006_001_global_var1_rwr_mt_svp_simple_006_001.c line 367 function main_task_0 thread 0
----------------------------------------------------
  __cs_local_main_task_j=1 (00000000000000000000000000000001)

State 194 file /home/dell/zyworkspace/nichecker/Experiment/remarks2.1/svp_simple_006/_mt_svp_simple_006_001_result/_cs_svp_simple_006_001_global_var1_rwr_mt_svp_simple_006_001.c line 373 function main_task_0 thread 0
----------------------------------------------------
  __cs_local_main_task_t=1 (00000000000000000000000000000001)

State 196 file /home/dell/zyworkspace/nichecker/Experiment/remarks2.1/svp_simple_006/_mt_svp_simple_006_001_result/_cs_svp_simple_006_001_global_var1_rwr_mt_svp_simple_006_001.c line 391 function main_task_0 thread 0
----------------------------------------------------
  __cs_local_main_task_loop_2_IOVar1=1 (00000000000000000000000000000001)

State 197 file /home/dell/zyworkspace/nichecker/Experiment/remarks2.1/svp_simple_006/_mt_svp_simple_006_001_result/_cs_svp_simple_006_001_global_var1_rwr_mt_svp_simple_006_001.c line 394 function main_task_0 thread 0
----------------------------------------------------
  __cs_local_main_task_loop_2_block_4=3 (00000000000000000000000000000011)

State 198 file /home/dell/zyworkspace/nichecker/Experiment/remarks2.1/svp_simple_006/_mt_svp_simple_006_001_result/_cs_svp_simple_006_001_global_var1_rwr_mt_svp_simple_006_001.c line 397 function main_task_0 thread 0
----------------------------------------------------
  __cs_local_main_task_j=4 (00000000000000000000000000000100)

State 201 file /home/dell/zyworkspace/nichecker/Experiment/remarks2.1/svp_simple_006/_mt_svp_simple_006_001_result/_cs_svp_simple_006_001_global_var1_rwr_mt_svp_simple_006_001.c line 407 function main_task_0 thread 0
----------------------------------------------------
  __cs_local_main_task___cs_tmp_if_cond_0=FALSE (00000000)

State 204 file /home/dell/zyworkspace/nichecker/Experiment/remarks2.1/svp_simple_006/_mt_svp_simple_006_001_result/_cs_svp_simple_006_001_global_var1_rwr_mt_svp_simple_006_001.c line 513 function main_task_0 thread 0
----------------------------------------------------
  __cs_local_main_task_j=5 (00000000000000000000000000000101)

State 205 file /home/dell/zyworkspace/nichecker/Experiment/remarks2.1/svp_simple_006/_mt_svp_simple_006_001_result/_cs_svp_simple_006_001_global_var1_rwr_mt_svp_simple_006_001.c line 519 function main_task_0 thread 0
----------------------------------------------------
  __cs_local_main_task_t=2 (00000000000000000000000000000010)

State 206 file /home/dell/zyworkspace/nichecker/Experiment/remarks2.1/svp_simple_006/_mt_svp_simple_006_001_result/_cs_svp_simple_006_001_global_var1_rwr_mt_svp_simple_006_001.c line 523 function main_task_0 thread 0
----------------------------------------------------
  __cs_loop_2=FALSE (00000000)

State 210 file /home/dell/zyworkspace/nichecker/Experiment/remarks2.1/svp_simple_006/_mt_svp_simple_006_001_result/_cs_svp_simple_006_001_global_var1_rwr_mt_svp_simple_006_001.c line 543 function main_task_0 thread 0
----------------------------------------------------
  __cs_local_main_task_i=1 (00000000000000000000000000000001)

State 211 file /home/dell/zyworkspace/nichecker/Experiment/remarks2.1/svp_simple_006/_mt_svp_simple_006_001_result/_cs_svp_simple_006_001_global_var1_rwr_mt_svp_simple_006_001.c line 549 function main_task_0 thread 0
----------------------------------------------------
  __cs_local_main_task_t=1 (00000000000000000000000000000001)

State 213 file /home/dell/zyworkspace/nichecker/Experiment/remarks2.1/svp_simple_006/_mt_svp_simple_006_001_result/_cs_svp_simple_006_001_global_var1_rwr_mt_svp_simple_006_001.c line 567 function main_task_0 thread 0
----------------------------------------------------
  __cs_local_main_task_loop_1_IOVar1=1 (00000000000000000000000000000001)

State 214 file /home/dell/zyworkspace/nichecker/Experiment/remarks2.1/svp_simple_006/_mt_svp_simple_006_001_result/_cs_svp_simple_006_001_global_var1_rwr_mt_svp_simple_006_001.c line 570 function main_task_0 thread 0
----------------------------------------------------
  __cs_local_main_task_loop_1_block_2=3 (00000000000000000000000000000011)

State 215 file /home/dell/zyworkspace/nichecker/Experiment/remarks2.1/svp_simple_006/_mt_svp_simple_006_001_result/_cs_svp_simple_006_001_global_var1_rwr_mt_svp_simple_006_001.c line 573 function main_task_0 thread 0
----------------------------------------------------
  __cs_local_main_task_i=4 (00000000000000000000000000000100)

State 218 file /home/dell/zyworkspace/nichecker/Experiment/remarks2.1/svp_simple_006/_mt_svp_simple_006_001_result/_cs_svp_simple_006_001_global_var1_rwr_mt_svp_simple_006_001.c line 584 function main_task_0 thread 0
----------------------------------------------------
  __cs_local_main_task_j=0 (00000000000000000000000000000000)

State 219 file /home/dell/zyworkspace/nichecker/Experiment/remarks2.1/svp_simple_006/_mt_svp_simple_006_001_result/_cs_svp_simple_006_001_global_var1_rwr_mt_svp_simple_006_001.c line 592 function main_task_0 thread 0
----------------------------------------------------
  __cs_local_main_task_t=0 (00000000000000000000000000000000)

State 221 file /home/dell/zyworkspace/nichecker/Experiment/remarks2.1/svp_simple_006/_mt_svp_simple_006_001_result/_cs_svp_simple_006_001_global_var1_rwr_mt_svp_simple_006_001.c line 610 function main_task_0 thread 0
----------------------------------------------------
  __cs_local_main_task_loop_2_IOVar1=0 (00000000000000000000000000000000)

State 222 file /home/dell/zyworkspace/nichecker/Experiment/remarks2.1/svp_simple_006/_mt_svp_simple_006_001_result/_cs_svp_simple_006_001_global_var1_rwr_mt_svp_simple_006_001.c line 613 function main_task_0 thread 0
----------------------------------------------------
  __cs_local_main_task_loop_2_block_4=0 (00000000000000000000000000000000)

State 223 file /home/dell/zyworkspace/nichecker/Experiment/remarks2.1/svp_simple_006/_mt_svp_simple_006_001_result/_cs_svp_simple_006_001_global_var1_rwr_mt_svp_simple_006_001.c line 616 function main_task_0 thread 0
----------------------------------------------------
  __cs_local_main_task_j=0 (00000000000000000000000000000000)

State 226 file /home/dell/zyworkspace/nichecker/Experiment/remarks2.1/svp_simple_006/_mt_svp_simple_006_001_result/_cs_svp_simple_006_001_global_var1_rwr_mt_svp_simple_006_001.c line 626 function main_task_0 thread 0
----------------------------------------------------
  __cs_local_main_task___cs_tmp_if_cond_0=FALSE (00000000)

State 229 file /home/dell/zyworkspace/nichecker/Experiment/remarks2.1/svp_simple_006/_mt_svp_simple_006_001_result/_cs_svp_simple_006_001_global_var1_rwr_mt_svp_simple_006_001.c line 732 function main_task_0 thread 0
----------------------------------------------------
  __cs_local_main_task_j=1 (00000000000000000000000000000001)

State 230 file /home/dell/zyworkspace/nichecker/Experiment/remarks2.1/svp_simple_006/_mt_svp_simple_006_001_result/_cs_svp_simple_006_001_global_var1_rwr_mt_svp_simple_006_001.c line 738 function main_task_0 thread 0
----------------------------------------------------
  __cs_local_main_task_t=1 (00000000000000000000000000000001)

State 232 file /home/dell/zyworkspace/nichecker/Experiment/remarks2.1/svp_simple_006/_mt_svp_simple_006_001_result/_cs_svp_simple_006_001_global_var1_rwr_mt_svp_simple_006_001.c line 756 function main_task_0 thread 0
----------------------------------------------------
  __cs_local_main_task_loop_2_IOVar1=1 (00000000000000000000000000000001)

State 233 file /home/dell/zyworkspace/nichecker/Experiment/remarks2.1/svp_simple_006/_mt_svp_simple_006_001_result/_cs_svp_simple_006_001_global_var1_rwr_mt_svp_simple_006_001.c line 759 function main_task_0 thread 0
----------------------------------------------------
  __cs_local_main_task_loop_2_block_4=3 (00000000000000000000000000000011)

State 234 file /home/dell/zyworkspace/nichecker/Experiment/remarks2.1/svp_simple_006/_mt_svp_simple_006_001_result/_cs_svp_simple_006_001_global_var1_rwr_mt_svp_simple_006_001.c line 762 function main_task_0 thread 0
----------------------------------------------------
  __cs_local_main_task_j=4 (00000000000000000000000000000100)

State 237 file /home/dell/zyworkspace/nichecker/Experiment/remarks2.1/svp_simple_006/_mt_svp_simple_006_001_result/_cs_svp_simple_006_001_global_var1_rwr_mt_svp_simple_006_001.c line 772 function main_task_0 thread 0
----------------------------------------------------
  __cs_local_main_task___cs_tmp_if_cond_0=TRUE (00000001)

State 239 file /home/dell/zyworkspace/nichecker/Experiment/remarks2.1/svp_simple_006/_mt_svp_simple_006_001_result/_cs_svp_simple_006_001_global_var1_rwr_mt_svp_simple_006_001.c line 781 function main_task_0 thread 0
----------------------------------------------------
  __cs_local_main_task___cs_tmp_if_cond_1=FALSE (00000000)

State 242 file /home/dell/zyworkspace/nichecker/Experiment/remarks2.1/svp_simple_006/_mt_svp_simple_006_001_result/_cs_svp_simple_006_001_global_var1_rwr_mt_svp_simple_006_001.c line 808 function main_task_0 thread 0
----------------------------------------------------
  __cs_local_main_task___cs_tmp_if_cond_2=TRUE (00000001)

State 244 file /home/dell/zyworkspace/nichecker/Experiment/remarks2.1/svp_simple_006/_mt_svp_simple_006_001_result/_cs_svp_simple_006_001_global_var1_rwr_mt_svp_simple_006_001.c line 815 function main_task_0 thread 0
----------------------------------------------------
  __cs_local_main_task_reader2=1 (00000000000000000000000000000001)

State 245 file /home/dell/zyworkspace/nichecker/Experiment/remarks2.1/svp_simple_006/_mt_svp_simple_006_001_result/_cs_svp_simple_006_001_global_var1_rwr_mt_svp_simple_006_001.c line 817 function main_task_0 thread 0
----------------------------------------------------
  rwr_r11=1 (00000000000000000000000000000001)

Violated property:
  file /home/dell/zyworkspace/nichecker/Experiment/remarks2.1/svp_simple_006/_mt_svp_simple_006_001_result/_cs_svp_simple_006_001_global_var1_rwr_mt_svp_simple_006_001.c line 819 function main_task_0
  assertion rwr_r11 == rwr_tmp1
  rwr_r11 == rwr_tmp1


** 2 of 12 failed (3 iterations)
VERIFICATION FAILED
