CBMC version 5.6 64-bit x86_64 linux
Parsing /home/dell/zyworkspace/nichecker/Experiment/remarks2.1_basic/svp_simple_028/_mt_svp_simple_028_001_result/_cs_svp_simple_028_001_gloable_var_rww_mt_svp_simple_028_001.c
<command-line>: warning: "__STDC_VERSION__" redefined
<built-in>: note: this is the location of the previous definition
Converting
Type-checking _cs_svp_simple_028_001_gloable_var_rww_mt_svp_simple_028_001
file /home/dell/zyworkspace/nichecker/Experiment/remarks2.1_basic/svp_simple_028/_mt_svp_simple_028_001_result/_cs_svp_simple_028_001_gloable_var_rww_mt_svp_simple_028_001.c line 205 function main_task_0: function `nondet_rand' is not declared
file /home/dell/zyworkspace/nichecker/Experiment/remarks2.1_basic/svp_simple_028/_mt_svp_simple_028_001_result/_cs_svp_simple_028_001_gloable_var_rww_mt_svp_simple_028_001.c line 258 function main_task_0: function `assert' is not declared
Generating GOTO Program
Adding CPROVER library (x86_64)
Removal of function pointers and virtual functions
Partial Inlining
Generic Property Instrumentation
Starting Bounded Model Checking
**** WARNING: no body for function disable_isr
**** WARNING: no body for function enable_isr
size of program expression: 879 steps
simple slicing removed 39 assignments
Generated 7 VCC(s), 7 remaining after simplification
Passing problem to propositional reduction
converting SSA
Running propositional reduction
Post-processing
Solving with MiniSAT 2.2.1 with simplifier
6357 variables, 19491 clauses
SAT checker: instance is SATISFIABLE
Solving with MiniSAT 2.2.1 with simplifier
6357 variables, 6982 clauses
SAT checker: instance is UNSATISFIABLE
Runtime decision procedure: 0.046s

** Results:
[main_task_0.assertion.1] assertion rww_w1 == rww_r_tmp1: FAILURE
[svp_simple_028_001_isr_1_0.assertion.1] assertion rww_w2 == rww_r_tmp2: SUCCESS
[svp_simple_028_001_isr_2_0.assertion.1] assertion rww_w3 == rww_r_tmp3: SUCCESS

Trace for main_task_0.assertion.1:

State 49 file /home/dell/zyworkspace/nichecker/Experiment/remarks2.1_basic/svp_simple_028/_mt_svp_simple_028_001_result/_cs_svp_simple_028_001_gloable_var_rww_mt_svp_simple_028_001.c line 424 function main thread 0
----------------------------------------------------
  __cs_tmp_t1_r0=4 (100)

State 51 file /home/dell/zyworkspace/nichecker/Experiment/remarks2.1_basic/svp_simple_028/_mt_svp_simple_028_001_result/_cs_svp_simple_028_001_gloable_var_rww_mt_svp_simple_028_001.c line 428 function main thread 0
----------------------------------------------------
  __cs_thread_index=1 (001)

State 52 file /home/dell/zyworkspace/nichecker/Experiment/remarks2.1_basic/svp_simple_028/_mt_svp_simple_028_001_result/_cs_svp_simple_028_001_gloable_var_rww_mt_svp_simple_028_001.c line 430 function main thread 0
----------------------------------------------------
  __cs_pc_cs[1l]=4 (100)

State 57 file /home/dell/zyworkspace/nichecker/Experiment/remarks2.1_basic/svp_simple_028/_mt_svp_simple_028_001_result/_cs_svp_simple_028_001_gloable_var_rww_mt_svp_simple_028_001.c line 436 function main thread 0
----------------------------------------------------
  __cs_param_main_task_arg=NULL (0000000000000000000000000000000000000000000000000000000000000000)

State 62 file /home/dell/zyworkspace/nichecker/Experiment/remarks2.1_basic/svp_simple_028/_mt_svp_simple_028_001_result/_cs_svp_simple_028_001_gloable_var_rww_mt_svp_simple_028_001.c line 189 function main_task_0 thread 0
----------------------------------------------------
  __cs_disable_thread[3l]=1 (1)

State 63 file /home/dell/zyworkspace/nichecker/Experiment/remarks2.1_basic/svp_simple_028/_mt_svp_simple_028_001_result/_cs_svp_simple_028_001_gloable_var_rww_mt_svp_simple_028_001.c line 192 function main_task_0 thread 0
----------------------------------------------------
  __cs_disable_thread[4l]=1 (1)

State 64 file /home/dell/zyworkspace/nichecker/Experiment/remarks2.1_basic/svp_simple_028/_mt_svp_simple_028_001_result/_cs_svp_simple_028_001_gloable_var_rww_mt_svp_simple_028_001.c line 195 function main_task_0 thread 0
----------------------------------------------------
  __cs_disable_thread[2l]=1 (1)

State 65 file /home/dell/zyworkspace/nichecker/Experiment/remarks2.1_basic/svp_simple_028/_mt_svp_simple_028_001_result/_cs_svp_simple_028_001_gloable_var_rww_mt_svp_simple_028_001.c line 198 function main_task_0 thread 0
----------------------------------------------------
  __cs_disable_thread[0l]=1 (1)

State 67 file /home/dell/zyworkspace/nichecker/Experiment/remarks2.1_basic/svp_simple_028/_mt_svp_simple_028_001_result/_cs_svp_simple_028_001_gloable_var_rww_mt_svp_simple_028_001.c line 205 function main_task_0 thread 0
----------------------------------------------------
  svp_simple_028_001_gloable_var=2147483643 (01111111111111111111111111111011)

State 69 file /home/dell/zyworkspace/nichecker/Experiment/remarks2.1_basic/svp_simple_028/_mt_svp_simple_028_001_result/_cs_svp_simple_028_001_gloable_var_rww_mt_svp_simple_028_001.c line 210 function main_task_0 thread 0
----------------------------------------------------
  svp_simple_028_001_isr_1_flag=0 (00000000000000000000000000000000)

State 73 file /home/dell/zyworkspace/nichecker/Experiment/remarks2.1_basic/svp_simple_028/_mt_svp_simple_028_001_result/_cs_svp_simple_028_001_gloable_var_rww_mt_svp_simple_028_001.c line 218 function main_task_0 thread 0
----------------------------------------------------
  __cs_disable_thread[3l]=1 (1)

State 74 file /home/dell/zyworkspace/nichecker/Experiment/remarks2.1_basic/svp_simple_028/_mt_svp_simple_028_001_result/_cs_svp_simple_028_001_gloable_var_rww_mt_svp_simple_028_001.c line 221 function main_task_0 thread 0
----------------------------------------------------
  __cs_disable_thread[4l]=1 (1)

State 75 file /home/dell/zyworkspace/nichecker/Experiment/remarks2.1_basic/svp_simple_028/_mt_svp_simple_028_001_result/_cs_svp_simple_028_001_gloable_var_rww_mt_svp_simple_028_001.c line 224 function main_task_0 thread 0
----------------------------------------------------
  __cs_disable_thread[2l]=1 (1)

State 76 file /home/dell/zyworkspace/nichecker/Experiment/remarks2.1_basic/svp_simple_028/_mt_svp_simple_028_001_result/_cs_svp_simple_028_001_gloable_var_rww_mt_svp_simple_028_001.c line 227 function main_task_0 thread 0
----------------------------------------------------
  __cs_disable_thread[0l]=1 (1)

State 80 file /home/dell/zyworkspace/nichecker/Experiment/remarks2.1_basic/svp_simple_028/_mt_svp_simple_028_001_result/_cs_svp_simple_028_001_gloable_var_rww_mt_svp_simple_028_001.c line 234 function main_task_0 thread 0
----------------------------------------------------
  __cs_disable_thread[2l]=0 (0)

State 82 file /home/dell/zyworkspace/nichecker/Experiment/remarks2.1_basic/svp_simple_028/_mt_svp_simple_028_001_result/_cs_svp_simple_028_001_gloable_var_rww_mt_svp_simple_028_001.c line 243 function main_task_0 thread 0
----------------------------------------------------
  __cs_local_main_task___cs_tmp_if_cond_0=TRUE (00000001)

State 83 file /home/dell/zyworkspace/nichecker/Experiment/remarks2.1_basic/svp_simple_028/_mt_svp_simple_028_001_result/_cs_svp_simple_028_001_gloable_var_rww_mt_svp_simple_028_001.c line 245 function main_task_0 thread 0
----------------------------------------------------
  rww_r_tmp1_num=1 (00000000000000000000000000000001)

State 84 file /home/dell/zyworkspace/nichecker/Experiment/remarks2.1_basic/svp_simple_028/_mt_svp_simple_028_001_result/_cs_svp_simple_028_001_gloable_var_rww_mt_svp_simple_028_001.c line 246 function main_task_0 thread 0
----------------------------------------------------
  rww_r_tmp1=2147483643 (01111111111111111111111111111011)

State 89 file /home/dell/zyworkspace/nichecker/Experiment/remarks2.1_basic/svp_simple_028/_mt_svp_simple_028_001_result/_cs_svp_simple_028_001_gloable_var_rww_mt_svp_simple_028_001.c line 282 function main_task_0 thread 0
----------------------------------------------------
  __cs_value_ptr=NULL (0000000000000000000000000000000000000000000000000000000000000000)

State 94 file /home/dell/zyworkspace/nichecker/Experiment/remarks2.1_basic/svp_simple_028/_mt_svp_simple_028_001_result/_cs_svp_simple_028_001_gloable_var_rww_mt_svp_simple_028_001.c line 438 function main thread 0
----------------------------------------------------
  __cs_pc[1l]=4 (100)

State 95 file /home/dell/zyworkspace/nichecker/Experiment/remarks2.1_basic/svp_simple_028/_mt_svp_simple_028_001_result/_cs_svp_simple_028_001_gloable_var_rww_mt_svp_simple_028_001.c line 444 function main thread 0
----------------------------------------------------
  __cs_tmp_t2_r0=4 (100)

State 102 file /home/dell/zyworkspace/nichecker/Experiment/remarks2.1_basic/svp_simple_028/_mt_svp_simple_028_001_result/_cs_svp_simple_028_001_gloable_var_rww_mt_svp_simple_028_001.c line 449 function main thread 0
----------------------------------------------------
  __cs_thread_index=2 (010)

State 103 file /home/dell/zyworkspace/nichecker/Experiment/remarks2.1_basic/svp_simple_028/_mt_svp_simple_028_001_result/_cs_svp_simple_028_001_gloable_var_rww_mt_svp_simple_028_001.c line 451 function main thread 0
----------------------------------------------------
  __cs_pc_cs[2l]=4 (100)

State 108 file /home/dell/zyworkspace/nichecker/Experiment/remarks2.1_basic/svp_simple_028/_mt_svp_simple_028_001_result/_cs_svp_simple_028_001_gloable_var_rww_mt_svp_simple_028_001.c line 457 function main thread 0
----------------------------------------------------
  __cs_param_svp_simple_028_001_isr_1_arg=NULL (0000000000000000000000000000000000000000000000000000000000000000)

State 110 file /home/dell/zyworkspace/nichecker/Experiment/remarks2.1_basic/svp_simple_028/_mt_svp_simple_028_001_result/_cs_svp_simple_028_001_gloable_var_rww_mt_svp_simple_028_001.c line 293 function svp_simple_028_001_isr_1_0 thread 0
----------------------------------------------------
  __cs_temporary_0=0 (00000000000000000000000000000000)

State 112 file /home/dell/zyworkspace/nichecker/Experiment/remarks2.1_basic/svp_simple_028/_mt_svp_simple_028_001_result/_cs_svp_simple_028_001_gloable_var_rww_mt_svp_simple_028_001.c line 297 function svp_simple_028_001_isr_1_0 thread 0
----------------------------------------------------
  __cs_temporary_0=2147483644 (01111111111111111111111111111100)

State 113 file /home/dell/zyworkspace/nichecker/Experiment/remarks2.1_basic/svp_simple_028/_mt_svp_simple_028_001_result/_cs_svp_simple_028_001_gloable_var_rww_mt_svp_simple_028_001.c line 299 function svp_simple_028_001_isr_1_0 thread 0
----------------------------------------------------
  rww_r_tmp2_num=1 (00000000000000000000000000000001)

State 114 file /home/dell/zyworkspace/nichecker/Experiment/remarks2.1_basic/svp_simple_028/_mt_svp_simple_028_001_result/_cs_svp_simple_028_001_gloable_var_rww_mt_svp_simple_028_001.c line 300 function svp_simple_028_001_isr_1_0 thread 0
----------------------------------------------------
  rww_r_tmp2=2147483643 (01111111111111111111111111111011)

State 116 file /home/dell/zyworkspace/nichecker/Experiment/remarks2.1_basic/svp_simple_028/_mt_svp_simple_028_001_result/_cs_svp_simple_028_001_gloable_var_rww_mt_svp_simple_028_001.c line 305 function svp_simple_028_001_isr_1_0 thread 0
----------------------------------------------------
  rww_w2=2147483643 (01111111111111111111111111111011)

State 119 file /home/dell/zyworkspace/nichecker/Experiment/remarks2.1_basic/svp_simple_028/_mt_svp_simple_028_001_result/_cs_svp_simple_028_001_gloable_var_rww_mt_svp_simple_028_001.c line 308 function svp_simple_028_001_isr_1_0 thread 0
----------------------------------------------------
  rww_r_tmp2_num=0 (00000000000000000000000000000000)

State 120 file /home/dell/zyworkspace/nichecker/Experiment/remarks2.1_basic/svp_simple_028/_mt_svp_simple_028_001_result/_cs_svp_simple_028_001_gloable_var_rww_mt_svp_simple_028_001.c line 311 function svp_simple_028_001_isr_1_0 thread 0
----------------------------------------------------
  svp_simple_028_001_gloable_var=2147483644 (01111111111111111111111111111100)

State 122 file /home/dell/zyworkspace/nichecker/Experiment/remarks2.1_basic/svp_simple_028/_mt_svp_simple_028_001_result/_cs_svp_simple_028_001_gloable_var_rww_mt_svp_simple_028_001.c line 315 function svp_simple_028_001_isr_1_0 thread 0
----------------------------------------------------
  svp_simple_028_001_isr_1_flag=0 (00000000000000000000000000000000)

State 126 file /home/dell/zyworkspace/nichecker/Experiment/remarks2.1_basic/svp_simple_028/_mt_svp_simple_028_001_result/_cs_svp_simple_028_001_gloable_var_rww_mt_svp_simple_028_001.c line 319 function svp_simple_028_001_isr_1_0 thread 0
----------------------------------------------------
  __cs_disable_thread[3l]=0 (0)

State 130 file /home/dell/zyworkspace/nichecker/Experiment/remarks2.1_basic/svp_simple_028/_mt_svp_simple_028_001_result/_cs_svp_simple_028_001_gloable_var_rww_mt_svp_simple_028_001.c line 332 function svp_simple_028_001_isr_1_0 thread 0
----------------------------------------------------
  __cs_value_ptr=NULL (0000000000000000000000000000000000000000000000000000000000000000)

State 135 file /home/dell/zyworkspace/nichecker/Experiment/remarks2.1_basic/svp_simple_028/_mt_svp_simple_028_001_result/_cs_svp_simple_028_001_gloable_var_rww_mt_svp_simple_028_001.c line 459 function main thread 0
----------------------------------------------------
  __cs_pc[2l]=4 (100)

State 136 file /home/dell/zyworkspace/nichecker/Experiment/remarks2.1_basic/svp_simple_028/_mt_svp_simple_028_001_result/_cs_svp_simple_028_001_gloable_var_rww_mt_svp_simple_028_001.c line 465 function main thread 0
----------------------------------------------------
  __cs_tmp_t3_r0=0 (000)

State 138 file /home/dell/zyworkspace/nichecker/Experiment/remarks2.1_basic/svp_simple_028/_mt_svp_simple_028_001_result/_cs_svp_simple_028_001_gloable_var_rww_mt_svp_simple_028_001.c line 470 function main thread 0
----------------------------------------------------
  __cs_thread_index=3 (011)

State 139 file /home/dell/zyworkspace/nichecker/Experiment/remarks2.1_basic/svp_simple_028/_mt_svp_simple_028_001_result/_cs_svp_simple_028_001_gloable_var_rww_mt_svp_simple_028_001.c line 472 function main thread 0
----------------------------------------------------
  __cs_pc_cs[3l]=0 (000)

State 144 file /home/dell/zyworkspace/nichecker/Experiment/remarks2.1_basic/svp_simple_028/_mt_svp_simple_028_001_result/_cs_svp_simple_028_001_gloable_var_rww_mt_svp_simple_028_001.c line 478 function main thread 0
----------------------------------------------------
  __cs_param_svp_simple_028_001_isr_2_arg=NULL (0000000000000000000000000000000000000000000000000000000000000000)

State 151 file /home/dell/zyworkspace/nichecker/Experiment/remarks2.1_basic/svp_simple_028/_mt_svp_simple_028_001_result/_cs_svp_simple_028_001_gloable_var_rww_mt_svp_simple_028_001.c line 387 function svp_simple_028_001_isr_2_0 thread 0
----------------------------------------------------
  __cs_value_ptr=NULL (0000000000000000000000000000000000000000000000000000000000000000)

State 156 file /home/dell/zyworkspace/nichecker/Experiment/remarks2.1_basic/svp_simple_028/_mt_svp_simple_028_001_result/_cs_svp_simple_028_001_gloable_var_rww_mt_svp_simple_028_001.c line 480 function main thread 0
----------------------------------------------------
  __cs_pc[3l]=0 (000)

State 157 file /home/dell/zyworkspace/nichecker/Experiment/remarks2.1_basic/svp_simple_028/_mt_svp_simple_028_001_result/_cs_svp_simple_028_001_gloable_var_rww_mt_svp_simple_028_001.c line 486 function main thread 0
----------------------------------------------------
  __cs_tmp_t4_r0=0 (0)

State 159 file /home/dell/zyworkspace/nichecker/Experiment/remarks2.1_basic/svp_simple_028/_mt_svp_simple_028_001_result/_cs_svp_simple_028_001_gloable_var_rww_mt_svp_simple_028_001.c line 511 function main thread 0
----------------------------------------------------
  __cs_tmp_t1_r1=4 (100)

State 170 file /home/dell/zyworkspace/nichecker/Experiment/remarks2.1_basic/svp_simple_028/_mt_svp_simple_028_001_result/_cs_svp_simple_028_001_gloable_var_rww_mt_svp_simple_028_001.c line 516 function main thread 0
----------------------------------------------------
  __cs_thread_index=1 (001)

State 171 file /home/dell/zyworkspace/nichecker/Experiment/remarks2.1_basic/svp_simple_028/_mt_svp_simple_028_001_result/_cs_svp_simple_028_001_gloable_var_rww_mt_svp_simple_028_001.c line 518 function main thread 0
----------------------------------------------------
  __cs_pc_cs[1l]=4 (100)

State 176 file /home/dell/zyworkspace/nichecker/Experiment/remarks2.1_basic/svp_simple_028/_mt_svp_simple_028_001_result/_cs_svp_simple_028_001_gloable_var_rww_mt_svp_simple_028_001.c line 524 function main thread 0
----------------------------------------------------
  __cs_param_main_task_arg=NULL (0000000000000000000000000000000000000000000000000000000000000000)

State 184 file /home/dell/zyworkspace/nichecker/Experiment/remarks2.1_basic/svp_simple_028/_mt_svp_simple_028_001_result/_cs_svp_simple_028_001_gloable_var_rww_mt_svp_simple_028_001.c line 282 function main_task_0 thread 0
----------------------------------------------------
  __cs_value_ptr=NULL (0000000000000000000000000000000000000000000000000000000000000000)

State 189 file /home/dell/zyworkspace/nichecker/Experiment/remarks2.1_basic/svp_simple_028/_mt_svp_simple_028_001_result/_cs_svp_simple_028_001_gloable_var_rww_mt_svp_simple_028_001.c line 526 function main thread 0
----------------------------------------------------
  __cs_pc[1l]=4 (100)

State 190 file /home/dell/zyworkspace/nichecker/Experiment/remarks2.1_basic/svp_simple_028/_mt_svp_simple_028_001_result/_cs_svp_simple_028_001_gloable_var_rww_mt_svp_simple_028_001.c line 532 function main thread 0
----------------------------------------------------
  __cs_tmp_t2_r1=4 (100)

State 197 file /home/dell/zyworkspace/nichecker/Experiment/remarks2.1_basic/svp_simple_028/_mt_svp_simple_028_001_result/_cs_svp_simple_028_001_gloable_var_rww_mt_svp_simple_028_001.c line 537 function main thread 0
----------------------------------------------------
  __cs_thread_index=2 (010)

State 198 file /home/dell/zyworkspace/nichecker/Experiment/remarks2.1_basic/svp_simple_028/_mt_svp_simple_028_001_result/_cs_svp_simple_028_001_gloable_var_rww_mt_svp_simple_028_001.c line 539 function main thread 0
----------------------------------------------------
  __cs_pc_cs[2l]=4 (100)

State 203 file /home/dell/zyworkspace/nichecker/Experiment/remarks2.1_basic/svp_simple_028/_mt_svp_simple_028_001_result/_cs_svp_simple_028_001_gloable_var_rww_mt_svp_simple_028_001.c line 545 function main thread 0
----------------------------------------------------
  __cs_param_svp_simple_028_001_isr_1_arg=NULL (0000000000000000000000000000000000000000000000000000000000000000)

State 210 file /home/dell/zyworkspace/nichecker/Experiment/remarks2.1_basic/svp_simple_028/_mt_svp_simple_028_001_result/_cs_svp_simple_028_001_gloable_var_rww_mt_svp_simple_028_001.c line 332 function svp_simple_028_001_isr_1_0 thread 0
----------------------------------------------------
  __cs_value_ptr=NULL (0000000000000000000000000000000000000000000000000000000000000000)

State 215 file /home/dell/zyworkspace/nichecker/Experiment/remarks2.1_basic/svp_simple_028/_mt_svp_simple_028_001_result/_cs_svp_simple_028_001_gloable_var_rww_mt_svp_simple_028_001.c line 547 function main thread 0
----------------------------------------------------
  __cs_pc[2l]=4 (100)

State 216 file /home/dell/zyworkspace/nichecker/Experiment/remarks2.1_basic/svp_simple_028/_mt_svp_simple_028_001_result/_cs_svp_simple_028_001_gloable_var_rww_mt_svp_simple_028_001.c line 553 function main thread 0
----------------------------------------------------
  __cs_tmp_t3_r1=0 (000)

State 218 file /home/dell/zyworkspace/nichecker/Experiment/remarks2.1_basic/svp_simple_028/_mt_svp_simple_028_001_result/_cs_svp_simple_028_001_gloable_var_rww_mt_svp_simple_028_001.c line 558 function main thread 0
----------------------------------------------------
  __cs_thread_index=3 (011)

State 219 file /home/dell/zyworkspace/nichecker/Experiment/remarks2.1_basic/svp_simple_028/_mt_svp_simple_028_001_result/_cs_svp_simple_028_001_gloable_var_rww_mt_svp_simple_028_001.c line 560 function main thread 0
----------------------------------------------------
  __cs_pc_cs[3l]=0 (000)

State 224 file /home/dell/zyworkspace/nichecker/Experiment/remarks2.1_basic/svp_simple_028/_mt_svp_simple_028_001_result/_cs_svp_simple_028_001_gloable_var_rww_mt_svp_simple_028_001.c line 566 function main thread 0
----------------------------------------------------
  __cs_param_svp_simple_028_001_isr_2_arg=NULL (0000000000000000000000000000000000000000000000000000000000000000)

State 231 file /home/dell/zyworkspace/nichecker/Experiment/remarks2.1_basic/svp_simple_028/_mt_svp_simple_028_001_result/_cs_svp_simple_028_001_gloable_var_rww_mt_svp_simple_028_001.c line 387 function svp_simple_028_001_isr_2_0 thread 0
----------------------------------------------------
  __cs_value_ptr=NULL (0000000000000000000000000000000000000000000000000000000000000000)

State 236 file /home/dell/zyworkspace/nichecker/Experiment/remarks2.1_basic/svp_simple_028/_mt_svp_simple_028_001_result/_cs_svp_simple_028_001_gloable_var_rww_mt_svp_simple_028_001.c line 568 function main thread 0
----------------------------------------------------
  __cs_pc[3l]=0 (000)

State 237 file /home/dell/zyworkspace/nichecker/Experiment/remarks2.1_basic/svp_simple_028/_mt_svp_simple_028_001_result/_cs_svp_simple_028_001_gloable_var_rww_mt_svp_simple_028_001.c line 574 function main thread 0
----------------------------------------------------
  __cs_tmp_t4_r1=0 (0)

State 239 file /home/dell/zyworkspace/nichecker/Experiment/remarks2.1_basic/svp_simple_028/_mt_svp_simple_028_001_result/_cs_svp_simple_028_001_gloable_var_rww_mt_svp_simple_028_001.c line 593 function main thread 0
----------------------------------------------------
  __cs_tmp_t1_r2=5u (00000000000000000000000000000101)

State 241 file /home/dell/zyworkspace/nichecker/Experiment/remarks2.1_basic/svp_simple_028/_mt_svp_simple_028_001_result/_cs_svp_simple_028_001_gloable_var_rww_mt_svp_simple_028_001.c line 598 function main thread 0
----------------------------------------------------
  __cs_thread_index=1 (001)

State 242 file /home/dell/zyworkspace/nichecker/Experiment/remarks2.1_basic/svp_simple_028/_mt_svp_simple_028_001_result/_cs_svp_simple_028_001_gloable_var_rww_mt_svp_simple_028_001.c line 600 function main thread 0
----------------------------------------------------
  __cs_pc_cs[1l]=5 (101)

State 247 file /home/dell/zyworkspace/nichecker/Experiment/remarks2.1_basic/svp_simple_028/_mt_svp_simple_028_001_result/_cs_svp_simple_028_001_gloable_var_rww_mt_svp_simple_028_001.c line 606 function main thread 0
----------------------------------------------------
  __cs_param_main_task_arg=NULL (0000000000000000000000000000000000000000000000000000000000000000)

State 253 file /home/dell/zyworkspace/nichecker/Experiment/remarks2.1_basic/svp_simple_028/_mt_svp_simple_028_001_result/_cs_svp_simple_028_001_gloable_var_rww_mt_svp_simple_028_001.c line 256 function main_task_0 thread 0
----------------------------------------------------
  rww_w1=2147483644 (01111111111111111111111111111100)

Violated property:
  file /home/dell/zyworkspace/nichecker/Experiment/remarks2.1_basic/svp_simple_028/_mt_svp_simple_028_001_result/_cs_svp_simple_028_001_gloable_var_rww_mt_svp_simple_028_001.c line 258 function main_task_0
  assertion rww_w1 == rww_r_tmp1
  rww_w1 == rww_r_tmp1


** 1 of 3 failed (2 iterations)
VERIFICATION FAILED
