CBMC version 5.6 64-bit x86_64 linux
Parsing /home/dell/zyworkspace/nichecker/Experiment/remarks2.1_LA_Slicing_PPR/svp_simple_015/_mt_svp_simple_015_001_result/_cs_svp_simple_015_001_global_var1_rwr_mt_svp_simple_015_001.c
<command-line>: warning: "__STDC_VERSION__" redefined
<built-in>: note: this is the location of the previous definition
Converting
Type-checking _cs_svp_simple_015_001_global_var1_rwr_mt_svp_simple_015_001
file /home/dell/zyworkspace/nichecker/Experiment/remarks2.1_LA_Slicing_PPR/svp_simple_015/_mt_svp_simple_015_001_result/_cs_svp_simple_015_001_global_var1_rwr_mt_svp_simple_015_001.c line 224 function main_task_0: function `nondet_rand' is not declared
file /home/dell/zyworkspace/nichecker/Experiment/remarks2.1_LA_Slicing_PPR/svp_simple_015/_mt_svp_simple_015_001_result/_cs_svp_simple_015_001_global_var1_rwr_mt_svp_simple_015_001.c line 247 function main_task_0: function `assert' is not declared
Generating GOTO Program
Adding CPROVER library (x86_64)
Removal of function pointers and virtual functions
Partial Inlining
Generic Property Instrumentation
Starting Bounded Model Checking
**** WARNING: no body for function enable_isr
size of program expression: 394 steps
simple slicing removed 28 assignments
Generated 5 VCC(s), 4 remaining after simplification
Passing problem to propositional reduction
converting SSA
Running propositional reduction
Post-processing
Solving with MiniSAT 2.2.1 with simplifier
1429 variables, 2676 clauses
SAT checker: instance is SATISFIABLE
Solving with MiniSAT 2.2.1 with simplifier
1429 variables, 218 clauses
SAT checker: instance is UNSATISFIABLE
Runtime decision procedure: 0.005s

** Results:
[main_task_0.assertion.1] assertion rwr_r1 == rwr_tmp1: SUCCESS
[main_task_0.assertion.2] assertion rwr_r2 == rwr_tmp1: FAILURE

Trace for main_task_0.assertion.2:

State 47 file /home/dell/zyworkspace/nichecker/Experiment/remarks2.1_LA_Slicing_PPR/svp_simple_015/_mt_svp_simple_015_001_result/_cs_svp_simple_015_001_global_var1_rwr_mt_svp_simple_015_001.c line 303 function main thread 0
----------------------------------------------------
  __cs_tmp_t1_r0=2 (010)

State 49 file /home/dell/zyworkspace/nichecker/Experiment/remarks2.1_LA_Slicing_PPR/svp_simple_015/_mt_svp_simple_015_001_result/_cs_svp_simple_015_001_global_var1_rwr_mt_svp_simple_015_001.c line 307 function main thread 0
----------------------------------------------------
  __cs_thread_index=1 (01)

State 50 file /home/dell/zyworkspace/nichecker/Experiment/remarks2.1_LA_Slicing_PPR/svp_simple_015/_mt_svp_simple_015_001_result/_cs_svp_simple_015_001_global_var1_rwr_mt_svp_simple_015_001.c line 309 function main thread 0
----------------------------------------------------
  __cs_pc_cs[1l]=2 (010)

State 55 file /home/dell/zyworkspace/nichecker/Experiment/remarks2.1_LA_Slicing_PPR/svp_simple_015/_mt_svp_simple_015_001_result/_cs_svp_simple_015_001_global_var1_rwr_mt_svp_simple_015_001.c line 315 function main thread 0
----------------------------------------------------
  __cs_param_main_task_arg=NULL (0000000000000000000000000000000000000000000000000000000000000000)

State 60 file /home/dell/zyworkspace/nichecker/Experiment/remarks2.1_LA_Slicing_PPR/svp_simple_015/_mt_svp_simple_015_001_result/_cs_svp_simple_015_001_global_var1_rwr_mt_svp_simple_015_001.c line 210 function main_task_0 thread 0
----------------------------------------------------
  __cs_disable_thread[2l]=0 (0)

State 61 file /home/dell/zyworkspace/nichecker/Experiment/remarks2.1_LA_Slicing_PPR/svp_simple_015/_mt_svp_simple_015_001_result/_cs_svp_simple_015_001_global_var1_rwr_mt_svp_simple_015_001.c line 213 function main_task_0 thread 0
----------------------------------------------------
  __cs_disable_thread[0l]=0 (0)

State 63 file /home/dell/zyworkspace/nichecker/Experiment/remarks2.1_LA_Slicing_PPR/svp_simple_015/_mt_svp_simple_015_001_result/_cs_svp_simple_015_001_global_var1_rwr_mt_svp_simple_015_001.c line 224 function main_task_0 thread 0
----------------------------------------------------
  __cs_local_main_task_x=5 (00000000000000000000000000000101)

State 64 file /home/dell/zyworkspace/nichecker/Experiment/remarks2.1_LA_Slicing_PPR/svp_simple_015/_mt_svp_simple_015_001_result/_cs_svp_simple_015_001_global_var1_rwr_mt_svp_simple_015_001.c line 228 function main_task_0 thread 0
----------------------------------------------------
  __cs_local_main_task_y=0 (00000000000000000000000000000000)

State 65 file /home/dell/zyworkspace/nichecker/Experiment/remarks2.1_LA_Slicing_PPR/svp_simple_015/_mt_svp_simple_015_001_result/_cs_svp_simple_015_001_global_var1_rwr_mt_svp_simple_015_001.c line 232 function main_task_0 thread 0
----------------------------------------------------
  __cs_local_main_task_z=0 (00000000000000000000000000000000)

State 66 file /home/dell/zyworkspace/nichecker/Experiment/remarks2.1_LA_Slicing_PPR/svp_simple_015/_mt_svp_simple_015_001_result/_cs_svp_simple_015_001_global_var1_rwr_mt_svp_simple_015_001.c line 236 function main_task_0 thread 0
----------------------------------------------------
  __cs_local_main_task_p=0 (00000000000000000000000000000000)

State 67 file /home/dell/zyworkspace/nichecker/Experiment/remarks2.1_LA_Slicing_PPR/svp_simple_015/_mt_svp_simple_015_001_result/_cs_svp_simple_015_001_global_var1_rwr_mt_svp_simple_015_001.c line 243 function main_task_0 thread 0
----------------------------------------------------
  __cs_temporary_0=0 (00000000000000000000000000000000)

State 68 file /home/dell/zyworkspace/nichecker/Experiment/remarks2.1_LA_Slicing_PPR/svp_simple_015/_mt_svp_simple_015_001_result/_cs_svp_simple_015_001_global_var1_rwr_mt_svp_simple_015_001.c line 245 function main_task_0 thread 0
----------------------------------------------------
  rwr_r1=0 (00000000000000000000000000000000)

State 70 file /home/dell/zyworkspace/nichecker/Experiment/remarks2.1_LA_Slicing_PPR/svp_simple_015/_mt_svp_simple_015_001_result/_cs_svp_simple_015_001_global_var1_rwr_mt_svp_simple_015_001.c line 249 function main_task_0 thread 0
----------------------------------------------------
  rwr_tmp1_num=1 (00000000000000000000000000000001)

State 71 file /home/dell/zyworkspace/nichecker/Experiment/remarks2.1_LA_Slicing_PPR/svp_simple_015/_mt_svp_simple_015_001_result/_cs_svp_simple_015_001_global_var1_rwr_mt_svp_simple_015_001.c line 250 function main_task_0 thread 0
----------------------------------------------------
  rwr_tmp1=0 (00000000000000000000000000000000)

State 76 file /home/dell/zyworkspace/nichecker/Experiment/remarks2.1_LA_Slicing_PPR/svp_simple_015/_mt_svp_simple_015_001_result/_cs_svp_simple_015_001_global_var1_rwr_mt_svp_simple_015_001.c line 291 function main_task_0 thread 0
----------------------------------------------------
  __cs_value_ptr=NULL (0000000000000000000000000000000000000000000000000000000000000000)

State 81 file /home/dell/zyworkspace/nichecker/Experiment/remarks2.1_LA_Slicing_PPR/svp_simple_015/_mt_svp_simple_015_001_result/_cs_svp_simple_015_001_global_var1_rwr_mt_svp_simple_015_001.c line 317 function main thread 0
----------------------------------------------------
  __cs_pc[1l]=2 (010)

State 82 file /home/dell/zyworkspace/nichecker/Experiment/remarks2.1_LA_Slicing_PPR/svp_simple_015/_mt_svp_simple_015_001_result/_cs_svp_simple_015_001_global_var1_rwr_mt_svp_simple_015_001.c line 323 function main thread 0
----------------------------------------------------
  __cs_tmp_t2_r0=1 (1)

State 84 file /home/dell/zyworkspace/nichecker/Experiment/remarks2.1_LA_Slicing_PPR/svp_simple_015/_mt_svp_simple_015_001_result/_cs_svp_simple_015_001_global_var1_rwr_mt_svp_simple_015_001.c line 328 function main thread 0
----------------------------------------------------
  __cs_thread_index=2 (10)

State 85 file /home/dell/zyworkspace/nichecker/Experiment/remarks2.1_LA_Slicing_PPR/svp_simple_015/_mt_svp_simple_015_001_result/_cs_svp_simple_015_001_global_var1_rwr_mt_svp_simple_015_001.c line 330 function main thread 0
----------------------------------------------------
  __cs_pc_cs[2l]=1 (001)

State 90 file /home/dell/zyworkspace/nichecker/Experiment/remarks2.1_LA_Slicing_PPR/svp_simple_015/_mt_svp_simple_015_001_result/_cs_svp_simple_015_001_global_var1_rwr_mt_svp_simple_015_001.c line 336 function main thread 0
----------------------------------------------------
  __cs_param_svp_simple_015_001_isr_1_arg=NULL (0000000000000000000000000000000000000000000000000000000000000000)

State 92 file /home/dell/zyworkspace/nichecker/Experiment/remarks2.1_LA_Slicing_PPR/svp_simple_015/_mt_svp_simple_015_001_result/_cs_svp_simple_015_001_global_var1_rwr_mt_svp_simple_015_001.c line 183 function svp_simple_015_001_isr_1_0 thread 0
----------------------------------------------------
  __cs_local_svp_simple_015_001_isr_1_i=0 (00000000000000000000000000000000)

State 93 file /home/dell/zyworkspace/nichecker/Experiment/remarks2.1_LA_Slicing_PPR/svp_simple_015/_mt_svp_simple_015_001_result/_cs_svp_simple_015_001_global_var1_rwr_mt_svp_simple_015_001.c line 187 function svp_simple_015_001_isr_1_0 thread 0
----------------------------------------------------
  svp_simple_015_001_global_var1=5 (00000000000000000000000000000101)

State 97 file /home/dell/zyworkspace/nichecker/Experiment/remarks2.1_LA_Slicing_PPR/svp_simple_015/_mt_svp_simple_015_001_result/_cs_svp_simple_015_001_global_var1_rwr_mt_svp_simple_015_001.c line 198 function svp_simple_015_001_isr_1_0 thread 0
----------------------------------------------------
  __cs_value_ptr=NULL (0000000000000000000000000000000000000000000000000000000000000000)

State 102 file /home/dell/zyworkspace/nichecker/Experiment/remarks2.1_LA_Slicing_PPR/svp_simple_015/_mt_svp_simple_015_001_result/_cs_svp_simple_015_001_global_var1_rwr_mt_svp_simple_015_001.c line 338 function main thread 0
----------------------------------------------------
  __cs_pc[2l]=1 (001)

State 103 file /home/dell/zyworkspace/nichecker/Experiment/remarks2.1_LA_Slicing_PPR/svp_simple_015/_mt_svp_simple_015_001_result/_cs_svp_simple_015_001_global_var1_rwr_mt_svp_simple_015_001.c line 348 function main thread 0
----------------------------------------------------
  __cs_tmp_t1_r1=4 (100)

State 105 file /home/dell/zyworkspace/nichecker/Experiment/remarks2.1_LA_Slicing_PPR/svp_simple_015/_mt_svp_simple_015_001_result/_cs_svp_simple_015_001_global_var1_rwr_mt_svp_simple_015_001.c line 353 function main thread 0
----------------------------------------------------
  __cs_thread_index=1 (01)

State 106 file /home/dell/zyworkspace/nichecker/Experiment/remarks2.1_LA_Slicing_PPR/svp_simple_015/_mt_svp_simple_015_001_result/_cs_svp_simple_015_001_global_var1_rwr_mt_svp_simple_015_001.c line 355 function main thread 0
----------------------------------------------------
  __cs_pc_cs[1l]=4 (100)

State 111 file /home/dell/zyworkspace/nichecker/Experiment/remarks2.1_LA_Slicing_PPR/svp_simple_015/_mt_svp_simple_015_001_result/_cs_svp_simple_015_001_global_var1_rwr_mt_svp_simple_015_001.c line 361 function main thread 0
----------------------------------------------------
  __cs_param_main_task_arg=NULL (0000000000000000000000000000000000000000000000000000000000000000)

State 115 file /home/dell/zyworkspace/nichecker/Experiment/remarks2.1_LA_Slicing_PPR/svp_simple_015/_mt_svp_simple_015_001_result/_cs_svp_simple_015_001_global_var1_rwr_mt_svp_simple_015_001.c line 258 function main_task_0 thread 0
----------------------------------------------------
  __cs_temporary_1=5 (00000000000000000000000000000101)

State 116 file /home/dell/zyworkspace/nichecker/Experiment/remarks2.1_LA_Slicing_PPR/svp_simple_015/_mt_svp_simple_015_001_result/_cs_svp_simple_015_001_global_var1_rwr_mt_svp_simple_015_001.c line 260 function main_task_0 thread 0
----------------------------------------------------
  rwr_r2=5 (00000000000000000000000000000101)

Violated property:
  file /home/dell/zyworkspace/nichecker/Experiment/remarks2.1_LA_Slicing_PPR/svp_simple_015/_mt_svp_simple_015_001_result/_cs_svp_simple_015_001_global_var1_rwr_mt_svp_simple_015_001.c line 262 function main_task_0
  assertion rwr_r2 == rwr_tmp1
  rwr_r2 == rwr_tmp1


** 1 of 2 failed (2 iterations)
VERIFICATION FAILED
