2024-06-03 21:09:44
SVPCheck: True	LoopAbstraction: True	LabelReduction: True	Slice: True	

SVPCheck var: svp_simple_015_001_global_var1	pattern: rwr
--------------------------Run start-------------------------------
inliner
slice
LoopAbstraction
unroller
insertLabel
lazyseq
feeder  0.191
[91mUNSAFE[0m, counterexample: 1, time: 3.366 s, memory: 29.11 MB
--------------------------Run end---------------------------------
SVPCheck var: svp_simple_015_001_global_var2	pattern: rwr
--------------------------Run start-------------------------------
inliner
slice
LoopAbstraction
unroller
insertLabel
lazyseq
feeder  0.140
[92mSAFE[0m, counterexample: 0, time: 3.270 s, memory: 28.16 MB
--------------------------Run end---------------------------------
cbmcTimeSum: 0.331
modulesTimeSum: 6.636
