2023-10-15 16:23:43
SVPCheck: True	LoopAbstraction: True	LabelReduction: False	Slice: True	

SVPCheck var: svp_simple_021_001_tc_block_rcvd_bytes_ch1	pattern: rww
--------------------------Run start-------------------------------
inliner
slice
LoopAbstraction
unroller
insertLabel
lazyseq
feeder  0.258
[91mUNSAFE[0m, counterexample: 1, time: 2.760 s, memory: 30.92 MB
--------------------------Run end---------------------------------
SVPCheck var: svp_simple_021_001_tc_block_rcvd_bytes_ch1	pattern: wwr
--------------------------Run start-------------------------------
inliner
slice
LoopAbstraction
unroller
insertLabel
lazyseq
feeder  0.268
[91mUNSAFE[0m, counterexample: 1, time: 2.714 s, memory: 31.06 MB
--------------------------Run end---------------------------------
SVPCheck var: svp_simple_021_001_tc_block_rcvd_bytes_ch1	pattern: rwr
--------------------------Run start-------------------------------
inliner
slice
LoopAbstraction
unroller
insertLabel
lazyseq
feeder  0.277
[91mUNSAFE[0m, counterexample: 1, time: 2.776 s, memory: 31.33 MB
--------------------------Run end---------------------------------
cbmcTimeSum: 0.803
modulesTimeSum: 8.25
