CBMC version 5.6 64-bit x86_64 linux
Parsing /home/dell/zyworkspace/nichecker/Experiment/remarks2.1_basic/svp_simple_016/_mt_svp_simple_016_001_result/_cs_svp_simple_016_001_global_var1_wwr_mt_svp_simple_016_001.c
<command-line>: warning: "__STDC_VERSION__" redefined
<built-in>: note: this is the location of the previous definition
Converting
Type-checking _cs_svp_simple_016_001_global_var1_wwr_mt_svp_simple_016_001
file /home/dell/zyworkspace/nichecker/Experiment/remarks2.1_basic/svp_simple_016/_mt_svp_simple_016_001_result/_cs_svp_simple_016_001_global_var1_wwr_mt_svp_simple_016_001.c line 209 function main_task_0: function `assert' is not declared
Generating GOTO Program
Adding CPROVER library (x86_64)
Removal of function pointers and virtual functions
Partial Inlining
Generic Property Instrumentation
Starting Bounded Model Checking
**** WARNING: no body for function enable_isr
size of program expression: 429 steps
simple slicing removed 22 assignments
Generated 9 VCC(s), 9 remaining after simplification
Passing problem to propositional reduction
converting SSA
Running propositional reduction
Post-processing
Solving with MiniSAT 2.2.1 with simplifier
635 variables, 1071 clauses
SAT checker: instance is UNSATISFIABLE
Runtime decision procedure: 0.003s

** Results:
[main_task_0.assertion.1] assertion wwr_r1 == wwr_w_tmp1: SUCCESS
[main_task_0.assertion.2] assertion wwr_r1 == wwr_w_tmp1: SUCCESS
[main_task_0.assertion.3] assertion wwr_r1 == wwr_w_tmp1: SUCCESS

** 0 of 3 failed (1 iteration)
VERIFICATION SUCCESSFUL
