2023-10-15 16:52:27
SVPCheck: True	LoopAbstraction: False	LabelReduction: False	Slice: False	

SVPCheck var: svp_simple_016_001_global_var1	pattern: rwr
--------------------------Run start-------------------------------
inliner
slice
LoopAbstraction
unroller
insertLabel
lazyseq
feeder  0.177
[92mSAFE[0m, counterexample: 0, time: 1.595 s, memory: 29.12 MB
--------------------------Run end---------------------------------
SVPCheck var: svp_simple_016_001_global_var1	pattern: wwr
--------------------------Run start-------------------------------
inliner
slice
LoopAbstraction
unroller
insertLabel
lazyseq
feeder  0.178
[92mSAFE[0m, counterexample: 0, time: 1.543 s, memory: 29.07 MB
--------------------------Run end---------------------------------
cbmcTimeSum: 0.355
modulesTimeSum: 3.138
