CBMC version 5.6 64-bit x86_64 linux
Parsing /home/dell/zyworkspace/nichecker/Experiment/remarks2.1_LA_Slicing_PPR/svp_simple_020/_mt_svp_simple_020_001_result/_cs_svp_simple_020_001_global_var_rwr_mt_svp_simple_020_001.c
<command-line>: warning: "__STDC_VERSION__" redefined
<built-in>: note: this is the location of the previous definition
Converting
Type-checking _cs_svp_simple_020_001_global_var_rwr_mt_svp_simple_020_001
file /home/dell/zyworkspace/nichecker/Experiment/remarks2.1_LA_Slicing_PPR/svp_simple_020/_mt_svp_simple_020_001_result/_cs_svp_simple_020_001_global_var_rwr_mt_svp_simple_020_001.c line 217 function main_task_0: function `nondet_rand' is not declared
file /home/dell/zyworkspace/nichecker/Experiment/remarks2.1_LA_Slicing_PPR/svp_simple_020/_mt_svp_simple_020_001_result/_cs_svp_simple_020_001_global_var_rwr_mt_svp_simple_020_001.c line 236 function main_task_0: function `assert' is not declared
Generating GOTO Program
Adding CPROVER library (x86_64)
Removal of function pointers and virtual functions
Partial Inlining
Generic Property Instrumentation
Starting Bounded Model Checking
**** WARNING: no body for function enable_isr
**** WARNING: no body for function disable_isr
size of program expression: 721 steps
simple slicing removed 67 assignments
Generated 5 VCC(s), 4 remaining after simplification
Passing problem to propositional reduction
converting SSA
Running propositional reduction
Post-processing
Solving with MiniSAT 2.2.1 with simplifier
3234 variables, 10007 clauses
SAT checker: instance is SATISFIABLE
Solving with MiniSAT 2.2.1 with simplifier
3234 variables, 6355 clauses
SAT checker: instance is UNSATISFIABLE
Runtime decision procedure: 0.025s

** Results:
[main_task_0.assertion.1] assertion rwr_r1 == rwr_tmp1: SUCCESS
[main_task_0.assertion.2] assertion rwr_r2 == rwr_tmp1: FAILURE

Trace for main_task_0.assertion.2:

State 49 file /home/dell/zyworkspace/nichecker/Experiment/remarks2.1_LA_Slicing_PPR/svp_simple_020/_mt_svp_simple_020_001_result/_cs_svp_simple_020_001_global_var_rwr_mt_svp_simple_020_001.c line 367 function main thread 0
----------------------------------------------------
  __cs_tmp_t1_r0=1 (001)

State 51 file /home/dell/zyworkspace/nichecker/Experiment/remarks2.1_LA_Slicing_PPR/svp_simple_020/_mt_svp_simple_020_001_result/_cs_svp_simple_020_001_global_var_rwr_mt_svp_simple_020_001.c line 371 function main thread 0
----------------------------------------------------
  __cs_thread_index=1 (001)

State 52 file /home/dell/zyworkspace/nichecker/Experiment/remarks2.1_LA_Slicing_PPR/svp_simple_020/_mt_svp_simple_020_001_result/_cs_svp_simple_020_001_global_var_rwr_mt_svp_simple_020_001.c line 373 function main thread 0
----------------------------------------------------
  __cs_pc_cs[1l]=1 (001)

State 57 file /home/dell/zyworkspace/nichecker/Experiment/remarks2.1_LA_Slicing_PPR/svp_simple_020/_mt_svp_simple_020_001_result/_cs_svp_simple_020_001_global_var_rwr_mt_svp_simple_020_001.c line 379 function main thread 0
----------------------------------------------------
  __cs_param_main_task_arg=NULL (0000000000000000000000000000000000000000000000000000000000000000)

State 62 file /home/dell/zyworkspace/nichecker/Experiment/remarks2.1_LA_Slicing_PPR/svp_simple_020/_mt_svp_simple_020_001_result/_cs_svp_simple_020_001_global_var_rwr_mt_svp_simple_020_001.c line 186 function main_task_0 thread 0
----------------------------------------------------
  __cs_disable_thread[3l]=0 (0)

State 63 file /home/dell/zyworkspace/nichecker/Experiment/remarks2.1_LA_Slicing_PPR/svp_simple_020/_mt_svp_simple_020_001_result/_cs_svp_simple_020_001_global_var_rwr_mt_svp_simple_020_001.c line 189 function main_task_0 thread 0
----------------------------------------------------
  __cs_disable_thread[2l]=0 (0)

State 64 file /home/dell/zyworkspace/nichecker/Experiment/remarks2.1_LA_Slicing_PPR/svp_simple_020/_mt_svp_simple_020_001_result/_cs_svp_simple_020_001_global_var_rwr_mt_svp_simple_020_001.c line 192 function main_task_0 thread 0
----------------------------------------------------
  __cs_disable_thread[0l]=0 (0)

State 70 file /home/dell/zyworkspace/nichecker/Experiment/remarks2.1_LA_Slicing_PPR/svp_simple_020/_mt_svp_simple_020_001_result/_cs_svp_simple_020_001_global_var_rwr_mt_svp_simple_020_001.c line 286 function main_task_0 thread 0
----------------------------------------------------
  __cs_value_ptr=NULL (0000000000000000000000000000000000000000000000000000000000000000)

State 75 file /home/dell/zyworkspace/nichecker/Experiment/remarks2.1_LA_Slicing_PPR/svp_simple_020/_mt_svp_simple_020_001_result/_cs_svp_simple_020_001_global_var_rwr_mt_svp_simple_020_001.c line 381 function main thread 0
----------------------------------------------------
  __cs_pc[1l]=1 (001)

State 76 file /home/dell/zyworkspace/nichecker/Experiment/remarks2.1_LA_Slicing_PPR/svp_simple_020/_mt_svp_simple_020_001_result/_cs_svp_simple_020_001_global_var_rwr_mt_svp_simple_020_001.c line 387 function main thread 0
----------------------------------------------------
  __cs_tmp_t2_r0=0 (00)

State 78 file /home/dell/zyworkspace/nichecker/Experiment/remarks2.1_LA_Slicing_PPR/svp_simple_020/_mt_svp_simple_020_001_result/_cs_svp_simple_020_001_global_var_rwr_mt_svp_simple_020_001.c line 392 function main thread 0
----------------------------------------------------
  __cs_thread_index=2 (010)

State 79 file /home/dell/zyworkspace/nichecker/Experiment/remarks2.1_LA_Slicing_PPR/svp_simple_020/_mt_svp_simple_020_001_result/_cs_svp_simple_020_001_global_var_rwr_mt_svp_simple_020_001.c line 394 function main thread 0
----------------------------------------------------
  __cs_pc_cs[2l]=0 (000)

State 84 file /home/dell/zyworkspace/nichecker/Experiment/remarks2.1_LA_Slicing_PPR/svp_simple_020/_mt_svp_simple_020_001_result/_cs_svp_simple_020_001_global_var_rwr_mt_svp_simple_020_001.c line 400 function main thread 0
----------------------------------------------------
  __cs_param_svp_simple_020_001_isr_1_arg=NULL (0000000000000000000000000000000000000000000000000000000000000000)

State 90 file /home/dell/zyworkspace/nichecker/Experiment/remarks2.1_LA_Slicing_PPR/svp_simple_020/_mt_svp_simple_020_001_result/_cs_svp_simple_020_001_global_var_rwr_mt_svp_simple_020_001.c line 355 function svp_simple_020_001_isr_1_0 thread 0
----------------------------------------------------
  __cs_value_ptr=NULL (0000000000000000000000000000000000000000000000000000000000000000)

State 95 file /home/dell/zyworkspace/nichecker/Experiment/remarks2.1_LA_Slicing_PPR/svp_simple_020/_mt_svp_simple_020_001_result/_cs_svp_simple_020_001_global_var_rwr_mt_svp_simple_020_001.c line 402 function main thread 0
----------------------------------------------------
  __cs_pc[2l]=0 (000)

State 96 file /home/dell/zyworkspace/nichecker/Experiment/remarks2.1_LA_Slicing_PPR/svp_simple_020/_mt_svp_simple_020_001_result/_cs_svp_simple_020_001_global_var_rwr_mt_svp_simple_020_001.c line 408 function main thread 0
----------------------------------------------------
  __cs_tmp_t3_r0=0 (0)

State 98 file /home/dell/zyworkspace/nichecker/Experiment/remarks2.1_LA_Slicing_PPR/svp_simple_020/_mt_svp_simple_020_001_result/_cs_svp_simple_020_001_global_var_rwr_mt_svp_simple_020_001.c line 413 function main thread 0
----------------------------------------------------
  __cs_thread_index=3 (011)

State 99 file /home/dell/zyworkspace/nichecker/Experiment/remarks2.1_LA_Slicing_PPR/svp_simple_020/_mt_svp_simple_020_001_result/_cs_svp_simple_020_001_global_var_rwr_mt_svp_simple_020_001.c line 415 function main thread 0
----------------------------------------------------
  __cs_pc_cs[3l]=0 (000)

State 104 file /home/dell/zyworkspace/nichecker/Experiment/remarks2.1_LA_Slicing_PPR/svp_simple_020/_mt_svp_simple_020_001_result/_cs_svp_simple_020_001_global_var_rwr_mt_svp_simple_020_001.c line 421 function main thread 0
----------------------------------------------------
  __cs_param_svp_simple_020_001_isr_2_arg=NULL (0000000000000000000000000000000000000000000000000000000000000000)

State 108 file /home/dell/zyworkspace/nichecker/Experiment/remarks2.1_LA_Slicing_PPR/svp_simple_020/_mt_svp_simple_020_001_result/_cs_svp_simple_020_001_global_var_rwr_mt_svp_simple_020_001.c line 320 function svp_simple_020_001_isr_2_0 thread 0
----------------------------------------------------
  __cs_value_ptr=NULL (0000000000000000000000000000000000000000000000000000000000000000)

State 113 file /home/dell/zyworkspace/nichecker/Experiment/remarks2.1_LA_Slicing_PPR/svp_simple_020/_mt_svp_simple_020_001_result/_cs_svp_simple_020_001_global_var_rwr_mt_svp_simple_020_001.c line 423 function main thread 0
----------------------------------------------------
  __cs_pc[3l]=0 (000)

State 114 file /home/dell/zyworkspace/nichecker/Experiment/remarks2.1_LA_Slicing_PPR/svp_simple_020/_mt_svp_simple_020_001_result/_cs_svp_simple_020_001_global_var_rwr_mt_svp_simple_020_001.c line 433 function main thread 0
----------------------------------------------------
  __cs_tmp_t1_r1=2 (010)

State 121 file /home/dell/zyworkspace/nichecker/Experiment/remarks2.1_LA_Slicing_PPR/svp_simple_020/_mt_svp_simple_020_001_result/_cs_svp_simple_020_001_global_var_rwr_mt_svp_simple_020_001.c line 438 function main thread 0
----------------------------------------------------
  __cs_thread_index=1 (001)

State 122 file /home/dell/zyworkspace/nichecker/Experiment/remarks2.1_LA_Slicing_PPR/svp_simple_020/_mt_svp_simple_020_001_result/_cs_svp_simple_020_001_global_var_rwr_mt_svp_simple_020_001.c line 440 function main thread 0
----------------------------------------------------
  __cs_pc_cs[1l]=2 (010)

State 127 file /home/dell/zyworkspace/nichecker/Experiment/remarks2.1_LA_Slicing_PPR/svp_simple_020/_mt_svp_simple_020_001_result/_cs_svp_simple_020_001_global_var_rwr_mt_svp_simple_020_001.c line 446 function main thread 0
----------------------------------------------------
  __cs_param_main_task_arg=NULL (0000000000000000000000000000000000000000000000000000000000000000)

State 133 file /home/dell/zyworkspace/nichecker/Experiment/remarks2.1_LA_Slicing_PPR/svp_simple_020/_mt_svp_simple_020_001_result/_cs_svp_simple_020_001_global_var_rwr_mt_svp_simple_020_001.c line 204 function main_task_0 thread 0
----------------------------------------------------
  __cs_disable_thread[3l]=1 (1)

State 134 file /home/dell/zyworkspace/nichecker/Experiment/remarks2.1_LA_Slicing_PPR/svp_simple_020/_mt_svp_simple_020_001_result/_cs_svp_simple_020_001_global_var_rwr_mt_svp_simple_020_001.c line 217 function main_task_0 thread 0
----------------------------------------------------
  __cs_local_main_task_svp_simple_020_001_local_var1=3 (00000000000000000000000000000011)

State 135 file /home/dell/zyworkspace/nichecker/Experiment/remarks2.1_LA_Slicing_PPR/svp_simple_020/_mt_svp_simple_020_001_result/_cs_svp_simple_020_001_global_var_rwr_mt_svp_simple_020_001.c line 220 function main_task_0 thread 0
----------------------------------------------------
  __cs_local_main_task_svp_simple_020_001_local_var2=1 (00000000000000000000000000000001)

State 136 file /home/dell/zyworkspace/nichecker/Experiment/remarks2.1_LA_Slicing_PPR/svp_simple_020/_mt_svp_simple_020_001_result/_cs_svp_simple_020_001_global_var_rwr_mt_svp_simple_020_001.c line 225 function main_task_0 thread 0
----------------------------------------------------
  __cs_local_main_task___cs_tmp_if_cond_0=TRUE (00000001)

State 138 file /home/dell/zyworkspace/nichecker/Experiment/remarks2.1_LA_Slicing_PPR/svp_simple_020/_mt_svp_simple_020_001_result/_cs_svp_simple_020_001_global_var_rwr_mt_svp_simple_020_001.c line 232 function main_task_0 thread 0
----------------------------------------------------
  __cs_local_main_task_reader1=0 (00000000000000000000000000000000)

State 139 file /home/dell/zyworkspace/nichecker/Experiment/remarks2.1_LA_Slicing_PPR/svp_simple_020/_mt_svp_simple_020_001_result/_cs_svp_simple_020_001_global_var_rwr_mt_svp_simple_020_001.c line 234 function main_task_0 thread 0
----------------------------------------------------
  rwr_r1=0 (00000000000000000000000000000000)

State 141 file /home/dell/zyworkspace/nichecker/Experiment/remarks2.1_LA_Slicing_PPR/svp_simple_020/_mt_svp_simple_020_001_result/_cs_svp_simple_020_001_global_var_rwr_mt_svp_simple_020_001.c line 238 function main_task_0 thread 0
----------------------------------------------------
  rwr_tmp1_num=1 (00000000000000000000000000000001)

State 142 file /home/dell/zyworkspace/nichecker/Experiment/remarks2.1_LA_Slicing_PPR/svp_simple_020/_mt_svp_simple_020_001_result/_cs_svp_simple_020_001_global_var_rwr_mt_svp_simple_020_001.c line 239 function main_task_0 thread 0
----------------------------------------------------
  rwr_tmp1=0 (00000000000000000000000000000000)

State 147 file /home/dell/zyworkspace/nichecker/Experiment/remarks2.1_LA_Slicing_PPR/svp_simple_020/_mt_svp_simple_020_001_result/_cs_svp_simple_020_001_global_var_rwr_mt_svp_simple_020_001.c line 286 function main_task_0 thread 0
----------------------------------------------------
  __cs_value_ptr=NULL (0000000000000000000000000000000000000000000000000000000000000000)

State 152 file /home/dell/zyworkspace/nichecker/Experiment/remarks2.1_LA_Slicing_PPR/svp_simple_020/_mt_svp_simple_020_001_result/_cs_svp_simple_020_001_global_var_rwr_mt_svp_simple_020_001.c line 448 function main thread 0
----------------------------------------------------
  __cs_pc[1l]=2 (010)

State 153 file /home/dell/zyworkspace/nichecker/Experiment/remarks2.1_LA_Slicing_PPR/svp_simple_020/_mt_svp_simple_020_001_result/_cs_svp_simple_020_001_global_var_rwr_mt_svp_simple_020_001.c line 454 function main thread 0
----------------------------------------------------
  __cs_tmp_t2_r1=2 (10)

State 155 file /home/dell/zyworkspace/nichecker/Experiment/remarks2.1_LA_Slicing_PPR/svp_simple_020/_mt_svp_simple_020_001_result/_cs_svp_simple_020_001_global_var_rwr_mt_svp_simple_020_001.c line 459 function main thread 0
----------------------------------------------------
  __cs_thread_index=2 (010)

State 156 file /home/dell/zyworkspace/nichecker/Experiment/remarks2.1_LA_Slicing_PPR/svp_simple_020/_mt_svp_simple_020_001_result/_cs_svp_simple_020_001_global_var_rwr_mt_svp_simple_020_001.c line 461 function main thread 0
----------------------------------------------------
  __cs_pc_cs[2l]=2 (010)

State 161 file /home/dell/zyworkspace/nichecker/Experiment/remarks2.1_LA_Slicing_PPR/svp_simple_020/_mt_svp_simple_020_001_result/_cs_svp_simple_020_001_global_var_rwr_mt_svp_simple_020_001.c line 467 function main thread 0
----------------------------------------------------
  __cs_param_svp_simple_020_001_isr_1_arg=NULL (0000000000000000000000000000000000000000000000000000000000000000)

State 163 file /home/dell/zyworkspace/nichecker/Experiment/remarks2.1_LA_Slicing_PPR/svp_simple_020/_mt_svp_simple_020_001_result/_cs_svp_simple_020_001_global_var_rwr_mt_svp_simple_020_001.c line 329 function svp_simple_020_001_isr_1_0 thread 0
----------------------------------------------------
  svp_simple_020_001_global_var=1 (00000000000000000000000000000001)

State 164 file /home/dell/zyworkspace/nichecker/Experiment/remarks2.1_LA_Slicing_PPR/svp_simple_020/_mt_svp_simple_020_001_result/_cs_svp_simple_020_001_global_var_rwr_mt_svp_simple_020_001.c line 331 function svp_simple_020_001_isr_1_0 thread 0
----------------------------------------------------
  rwr_tmp2_num=0 (00000000000000000000000000000000)

State 165 file /home/dell/zyworkspace/nichecker/Experiment/remarks2.1_LA_Slicing_PPR/svp_simple_020/_mt_svp_simple_020_001_result/_cs_svp_simple_020_001_global_var_rwr_mt_svp_simple_020_001.c line 334 function svp_simple_020_001_isr_1_0 thread 0
----------------------------------------------------
  svp_simple_020_001_global_flag=1 (00000000000000000000000000000001)

State 170 file /home/dell/zyworkspace/nichecker/Experiment/remarks2.1_LA_Slicing_PPR/svp_simple_020/_mt_svp_simple_020_001_result/_cs_svp_simple_020_001_global_var_rwr_mt_svp_simple_020_001.c line 340 function svp_simple_020_001_isr_1_0 thread 0
----------------------------------------------------
  __cs_disable_thread[3l]=0 (0)

State 174 file /home/dell/zyworkspace/nichecker/Experiment/remarks2.1_LA_Slicing_PPR/svp_simple_020/_mt_svp_simple_020_001_result/_cs_svp_simple_020_001_global_var_rwr_mt_svp_simple_020_001.c line 355 function svp_simple_020_001_isr_1_0 thread 0
----------------------------------------------------
  __cs_value_ptr=NULL (0000000000000000000000000000000000000000000000000000000000000000)

State 179 file /home/dell/zyworkspace/nichecker/Experiment/remarks2.1_LA_Slicing_PPR/svp_simple_020/_mt_svp_simple_020_001_result/_cs_svp_simple_020_001_global_var_rwr_mt_svp_simple_020_001.c line 469 function main thread 0
----------------------------------------------------
  __cs_pc[2l]=2 (010)

State 180 file /home/dell/zyworkspace/nichecker/Experiment/remarks2.1_LA_Slicing_PPR/svp_simple_020/_mt_svp_simple_020_001_result/_cs_svp_simple_020_001_global_var_rwr_mt_svp_simple_020_001.c line 475 function main thread 0
----------------------------------------------------
  __cs_tmp_t3_r1=1 (1)

State 182 file /home/dell/zyworkspace/nichecker/Experiment/remarks2.1_LA_Slicing_PPR/svp_simple_020/_mt_svp_simple_020_001_result/_cs_svp_simple_020_001_global_var_rwr_mt_svp_simple_020_001.c line 480 function main thread 0
----------------------------------------------------
  __cs_thread_index=3 (011)

State 183 file /home/dell/zyworkspace/nichecker/Experiment/remarks2.1_LA_Slicing_PPR/svp_simple_020/_mt_svp_simple_020_001_result/_cs_svp_simple_020_001_global_var_rwr_mt_svp_simple_020_001.c line 482 function main thread 0
----------------------------------------------------
  __cs_pc_cs[3l]=1 (001)

State 188 file /home/dell/zyworkspace/nichecker/Experiment/remarks2.1_LA_Slicing_PPR/svp_simple_020/_mt_svp_simple_020_001_result/_cs_svp_simple_020_001_global_var_rwr_mt_svp_simple_020_001.c line 488 function main thread 0
----------------------------------------------------
  __cs_param_svp_simple_020_001_isr_2_arg=NULL (0000000000000000000000000000000000000000000000000000000000000000)

State 190 file /home/dell/zyworkspace/nichecker/Experiment/remarks2.1_LA_Slicing_PPR/svp_simple_020/_mt_svp_simple_020_001_result/_cs_svp_simple_020_001_global_var_rwr_mt_svp_simple_020_001.c line 298 function svp_simple_020_001_isr_2_0 thread 0
----------------------------------------------------
  __cs_local_svp_simple_020_001_isr_2___cs_tmp_if_cond_2=TRUE (00000001)

State 192 file /home/dell/zyworkspace/nichecker/Experiment/remarks2.1_LA_Slicing_PPR/svp_simple_020/_mt_svp_simple_020_001_result/_cs_svp_simple_020_001_global_var_rwr_mt_svp_simple_020_001.c line 304 function svp_simple_020_001_isr_2_0 thread 0
----------------------------------------------------
  svp_simple_020_001_global_para=11 (00000000000000000000000000001011)

State 193 file /home/dell/zyworkspace/nichecker/Experiment/remarks2.1_LA_Slicing_PPR/svp_simple_020/_mt_svp_simple_020_001_result/_cs_svp_simple_020_001_global_var_rwr_mt_svp_simple_020_001.c line 305 function svp_simple_020_001_isr_2_0 thread 0
----------------------------------------------------
  svp_simple_020_001_global_var=5 (00000000000000000000000000000101)

State 197 file /home/dell/zyworkspace/nichecker/Experiment/remarks2.1_LA_Slicing_PPR/svp_simple_020/_mt_svp_simple_020_001_result/_cs_svp_simple_020_001_global_var_rwr_mt_svp_simple_020_001.c line 320 function svp_simple_020_001_isr_2_0 thread 0
----------------------------------------------------
  __cs_value_ptr=NULL (0000000000000000000000000000000000000000000000000000000000000000)

State 202 file /home/dell/zyworkspace/nichecker/Experiment/remarks2.1_LA_Slicing_PPR/svp_simple_020/_mt_svp_simple_020_001_result/_cs_svp_simple_020_001_global_var_rwr_mt_svp_simple_020_001.c line 490 function main thread 0
----------------------------------------------------
  __cs_pc[3l]=1 (001)

State 203 file /home/dell/zyworkspace/nichecker/Experiment/remarks2.1_LA_Slicing_PPR/svp_simple_020/_mt_svp_simple_020_001_result/_cs_svp_simple_020_001_global_var_rwr_mt_svp_simple_020_001.c line 494 function main thread 0
----------------------------------------------------
  __cs_tmp_t1_r2=4u (00000000000000000000000000000100)

State 205 file /home/dell/zyworkspace/nichecker/Experiment/remarks2.1_LA_Slicing_PPR/svp_simple_020/_mt_svp_simple_020_001_result/_cs_svp_simple_020_001_global_var_rwr_mt_svp_simple_020_001.c line 499 function main thread 0
----------------------------------------------------
  __cs_thread_index=1 (001)

State 206 file /home/dell/zyworkspace/nichecker/Experiment/remarks2.1_LA_Slicing_PPR/svp_simple_020/_mt_svp_simple_020_001_result/_cs_svp_simple_020_001_global_var_rwr_mt_svp_simple_020_001.c line 501 function main thread 0
----------------------------------------------------
  __cs_pc_cs[1l]=4 (100)

State 211 file /home/dell/zyworkspace/nichecker/Experiment/remarks2.1_LA_Slicing_PPR/svp_simple_020/_mt_svp_simple_020_001_result/_cs_svp_simple_020_001_global_var_rwr_mt_svp_simple_020_001.c line 507 function main thread 0
----------------------------------------------------
  __cs_param_main_task_arg=NULL (0000000000000000000000000000000000000000000000000000000000000000)

State 216 file /home/dell/zyworkspace/nichecker/Experiment/remarks2.1_LA_Slicing_PPR/svp_simple_020/_mt_svp_simple_020_001_result/_cs_svp_simple_020_001_global_var_rwr_mt_svp_simple_020_001.c line 252 function main_task_0 thread 0
----------------------------------------------------
  __cs_local_main_task___cs_tmp_if_cond_1=TRUE (00000001)

State 218 file /home/dell/zyworkspace/nichecker/Experiment/remarks2.1_LA_Slicing_PPR/svp_simple_020/_mt_svp_simple_020_001_result/_cs_svp_simple_020_001_global_var_rwr_mt_svp_simple_020_001.c line 259 function main_task_0 thread 0
----------------------------------------------------
  __cs_local_main_task_reader2=5 (00000000000000000000000000000101)

State 219 file /home/dell/zyworkspace/nichecker/Experiment/remarks2.1_LA_Slicing_PPR/svp_simple_020/_mt_svp_simple_020_001_result/_cs_svp_simple_020_001_global_var_rwr_mt_svp_simple_020_001.c line 261 function main_task_0 thread 0
----------------------------------------------------
  rwr_r2=5 (00000000000000000000000000000101)

Violated property:
  file /home/dell/zyworkspace/nichecker/Experiment/remarks2.1_LA_Slicing_PPR/svp_simple_020/_mt_svp_simple_020_001_result/_cs_svp_simple_020_001_global_var_rwr_mt_svp_simple_020_001.c line 263 function main_task_0
  assertion rwr_r2 == rwr_tmp1
  rwr_r2 == rwr_tmp1


** 1 of 2 failed (2 iterations)
VERIFICATION FAILED
