CBMC version 5.6 64-bit x86_64 linux
Parsing /home/dell/zyworkspace/nichecker/Experiment/remarks2.1_LA/svp_simple_027/_mt_svp_simple_027_001_result/_cs_svp_simple_027_001_gloable_var_rww_mt_svp_simple_027_001.c
<command-line>: warning: "__STDC_VERSION__" redefined
<built-in>: note: this is the location of the previous definition
Converting
Type-checking _cs_svp_simple_027_001_gloable_var_rww_mt_svp_simple_027_001
file /home/dell/zyworkspace/nichecker/Experiment/remarks2.1_LA/svp_simple_027/_mt_svp_simple_027_001_result/_cs_svp_simple_027_001_gloable_var_rww_mt_svp_simple_027_001.c line 236 function main_task_0: function `assert' is not declared
Generating GOTO Program
Adding CPROVER library (x86_64)
Removal of function pointers and virtual functions
Partial Inlining
Generic Property Instrumentation
Starting Bounded Model Checking
**** WARNING: no body for function enable_isr
size of program expression: 669 steps
simple slicing removed 29 assignments
Generated 7 VCC(s), 7 remaining after simplification
Passing problem to propositional reduction
converting SSA
Running propositional reduction
Post-processing
Solving with MiniSAT 2.2.1 with simplifier
1777 variables, 3919 clauses
SAT checker: instance is SATISFIABLE
Solving with MiniSAT 2.2.1 with simplifier
1777 variables, 1135 clauses
SAT checker: instance is SATISFIABLE
Solving with MiniSAT 2.2.1 with simplifier
1777 variables, 1134 clauses
SAT checker: instance is SATISFIABLE
Runtime decision procedure: 0.017s

** Results:
[main_task_0.assertion.1] assertion rww_w1 == rww_r_tmp1: FAILURE
[svp_simple_027_001_isr_1_0.assertion.1] assertion rww_w2 == rww_r_tmp2: FAILURE
[svp_simple_027_001_isr_2_0.assertion.1] assertion rww_w3 == rww_r_tmp3: FAILURE

Trace for main_task_0.assertion.1:

State 47 file /home/dell/zyworkspace/nichecker/Experiment/remarks2.1_LA/svp_simple_027/_mt_svp_simple_027_001_result/_cs_svp_simple_027_001_gloable_var_rww_mt_svp_simple_027_001.c line 377 function main thread 0
----------------------------------------------------
  __cs_tmp_t1_r0=2 (10)

State 49 file /home/dell/zyworkspace/nichecker/Experiment/remarks2.1_LA/svp_simple_027/_mt_svp_simple_027_001_result/_cs_svp_simple_027_001_gloable_var_rww_mt_svp_simple_027_001.c line 381 function main thread 0
----------------------------------------------------
  __cs_thread_index=1 (001)

State 50 file /home/dell/zyworkspace/nichecker/Experiment/remarks2.1_LA/svp_simple_027/_mt_svp_simple_027_001_result/_cs_svp_simple_027_001_gloable_var_rww_mt_svp_simple_027_001.c line 383 function main thread 0
----------------------------------------------------
  __cs_pc_cs[1l]=2 (010)

State 55 file /home/dell/zyworkspace/nichecker/Experiment/remarks2.1_LA/svp_simple_027/_mt_svp_simple_027_001_result/_cs_svp_simple_027_001_gloable_var_rww_mt_svp_simple_027_001.c line 389 function main thread 0
----------------------------------------------------
  __cs_param_main_task_arg=NULL (0000000000000000000000000000000000000000000000000000000000000000)

State 57 file /home/dell/zyworkspace/nichecker/Experiment/remarks2.1_LA/svp_simple_027/_mt_svp_simple_027_001_result/_cs_svp_simple_027_001_gloable_var_rww_mt_svp_simple_027_001.c line 184 function main_task_0 thread 0
----------------------------------------------------
  svp_simple_027_001_gloable_var=15 (00000000000000000000000000001111)

State 61 file /home/dell/zyworkspace/nichecker/Experiment/remarks2.1_LA/svp_simple_027/_mt_svp_simple_027_001_result/_cs_svp_simple_027_001_gloable_var_rww_mt_svp_simple_027_001.c line 190 function main_task_0 thread 0
----------------------------------------------------
  __cs_disable_thread[4l]=0 (0)

State 62 file /home/dell/zyworkspace/nichecker/Experiment/remarks2.1_LA/svp_simple_027/_mt_svp_simple_027_001_result/_cs_svp_simple_027_001_gloable_var_rww_mt_svp_simple_027_001.c line 193 function main_task_0 thread 0
----------------------------------------------------
  __cs_disable_thread[3l]=0 (0)

State 63 file /home/dell/zyworkspace/nichecker/Experiment/remarks2.1_LA/svp_simple_027/_mt_svp_simple_027_001_result/_cs_svp_simple_027_001_gloable_var_rww_mt_svp_simple_027_001.c line 196 function main_task_0 thread 0
----------------------------------------------------
  __cs_disable_thread[2l]=0 (0)

State 64 file /home/dell/zyworkspace/nichecker/Experiment/remarks2.1_LA/svp_simple_027/_mt_svp_simple_027_001_result/_cs_svp_simple_027_001_gloable_var_rww_mt_svp_simple_027_001.c line 199 function main_task_0 thread 0
----------------------------------------------------
  __cs_disable_thread[0l]=0 (0)

State 68 file /home/dell/zyworkspace/nichecker/Experiment/remarks2.1_LA/svp_simple_027/_mt_svp_simple_027_001_result/_cs_svp_simple_027_001_gloable_var_rww_mt_svp_simple_027_001.c line 212 function main_task_0 thread 0
----------------------------------------------------
  __cs_disable_thread[2l]=0 (0)

State 70 file /home/dell/zyworkspace/nichecker/Experiment/remarks2.1_LA/svp_simple_027/_mt_svp_simple_027_001_result/_cs_svp_simple_027_001_gloable_var_rww_mt_svp_simple_027_001.c line 221 function main_task_0 thread 0
----------------------------------------------------
  __cs_local_main_task___cs_tmp_if_cond_0=TRUE (00000001)

State 71 file /home/dell/zyworkspace/nichecker/Experiment/remarks2.1_LA/svp_simple_027/_mt_svp_simple_027_001_result/_cs_svp_simple_027_001_gloable_var_rww_mt_svp_simple_027_001.c line 223 function main_task_0 thread 0
----------------------------------------------------
  rww_r_tmp1_num=1 (00000000000000000000000000000001)

State 72 file /home/dell/zyworkspace/nichecker/Experiment/remarks2.1_LA/svp_simple_027/_mt_svp_simple_027_001_result/_cs_svp_simple_027_001_gloable_var_rww_mt_svp_simple_027_001.c line 224 function main_task_0 thread 0
----------------------------------------------------
  rww_r_tmp1=15 (00000000000000000000000000001111)

State 77 file /home/dell/zyworkspace/nichecker/Experiment/remarks2.1_LA/svp_simple_027/_mt_svp_simple_027_001_result/_cs_svp_simple_027_001_gloable_var_rww_mt_svp_simple_027_001.c line 260 function main_task_0 thread 0
----------------------------------------------------
  __cs_value_ptr=NULL (0000000000000000000000000000000000000000000000000000000000000000)

State 82 file /home/dell/zyworkspace/nichecker/Experiment/remarks2.1_LA/svp_simple_027/_mt_svp_simple_027_001_result/_cs_svp_simple_027_001_gloable_var_rww_mt_svp_simple_027_001.c line 391 function main thread 0
----------------------------------------------------
  __cs_pc[1l]=2 (010)

State 83 file /home/dell/zyworkspace/nichecker/Experiment/remarks2.1_LA/svp_simple_027/_mt_svp_simple_027_001_result/_cs_svp_simple_027_001_gloable_var_rww_mt_svp_simple_027_001.c line 397 function main thread 0
----------------------------------------------------
  __cs_tmp_t2_r0=3 (11)

State 90 file /home/dell/zyworkspace/nichecker/Experiment/remarks2.1_LA/svp_simple_027/_mt_svp_simple_027_001_result/_cs_svp_simple_027_001_gloable_var_rww_mt_svp_simple_027_001.c line 402 function main thread 0
----------------------------------------------------
  __cs_thread_index=2 (010)

State 91 file /home/dell/zyworkspace/nichecker/Experiment/remarks2.1_LA/svp_simple_027/_mt_svp_simple_027_001_result/_cs_svp_simple_027_001_gloable_var_rww_mt_svp_simple_027_001.c line 404 function main thread 0
----------------------------------------------------
  __cs_pc_cs[2l]=3 (011)

State 96 file /home/dell/zyworkspace/nichecker/Experiment/remarks2.1_LA/svp_simple_027/_mt_svp_simple_027_001_result/_cs_svp_simple_027_001_gloable_var_rww_mt_svp_simple_027_001.c line 410 function main thread 0
----------------------------------------------------
  __cs_param_svp_simple_027_001_isr_1_arg=NULL (0000000000000000000000000000000000000000000000000000000000000000)

State 98 file /home/dell/zyworkspace/nichecker/Experiment/remarks2.1_LA/svp_simple_027/_mt_svp_simple_027_001_result/_cs_svp_simple_027_001_gloable_var_rww_mt_svp_simple_027_001.c line 271 function svp_simple_027_001_isr_1_0 thread 0
----------------------------------------------------
  __cs_temporary_0=0 (00000000000000000000000000000000)

State 100 file /home/dell/zyworkspace/nichecker/Experiment/remarks2.1_LA/svp_simple_027/_mt_svp_simple_027_001_result/_cs_svp_simple_027_001_gloable_var_rww_mt_svp_simple_027_001.c line 275 function svp_simple_027_001_isr_1_0 thread 0
----------------------------------------------------
  __cs_temporary_0=16 (00000000000000000000000000010000)

State 101 file /home/dell/zyworkspace/nichecker/Experiment/remarks2.1_LA/svp_simple_027/_mt_svp_simple_027_001_result/_cs_svp_simple_027_001_gloable_var_rww_mt_svp_simple_027_001.c line 277 function svp_simple_027_001_isr_1_0 thread 0
----------------------------------------------------
  rww_r_tmp2_num=1 (00000000000000000000000000000001)

State 102 file /home/dell/zyworkspace/nichecker/Experiment/remarks2.1_LA/svp_simple_027/_mt_svp_simple_027_001_result/_cs_svp_simple_027_001_gloable_var_rww_mt_svp_simple_027_001.c line 278 function svp_simple_027_001_isr_1_0 thread 0
----------------------------------------------------
  rww_r_tmp2=15 (00000000000000000000000000001111)

State 104 file /home/dell/zyworkspace/nichecker/Experiment/remarks2.1_LA/svp_simple_027/_mt_svp_simple_027_001_result/_cs_svp_simple_027_001_gloable_var_rww_mt_svp_simple_027_001.c line 283 function svp_simple_027_001_isr_1_0 thread 0
----------------------------------------------------
  rww_w2=15 (00000000000000000000000000001111)

State 107 file /home/dell/zyworkspace/nichecker/Experiment/remarks2.1_LA/svp_simple_027/_mt_svp_simple_027_001_result/_cs_svp_simple_027_001_gloable_var_rww_mt_svp_simple_027_001.c line 286 function svp_simple_027_001_isr_1_0 thread 0
----------------------------------------------------
  rww_r_tmp2_num=0 (00000000000000000000000000000000)

State 108 file /home/dell/zyworkspace/nichecker/Experiment/remarks2.1_LA/svp_simple_027/_mt_svp_simple_027_001_result/_cs_svp_simple_027_001_gloable_var_rww_mt_svp_simple_027_001.c line 289 function svp_simple_027_001_isr_1_0 thread 0
----------------------------------------------------
  svp_simple_027_001_gloable_var=16 (00000000000000000000000000010000)

State 112 file /home/dell/zyworkspace/nichecker/Experiment/remarks2.1_LA/svp_simple_027/_mt_svp_simple_027_001_result/_cs_svp_simple_027_001_gloable_var_rww_mt_svp_simple_027_001.c line 300 function svp_simple_027_001_isr_1_0 thread 0
----------------------------------------------------
  __cs_value_ptr=NULL (0000000000000000000000000000000000000000000000000000000000000000)

State 117 file /home/dell/zyworkspace/nichecker/Experiment/remarks2.1_LA/svp_simple_027/_mt_svp_simple_027_001_result/_cs_svp_simple_027_001_gloable_var_rww_mt_svp_simple_027_001.c line 412 function main thread 0
----------------------------------------------------
  __cs_pc[2l]=3 (011)

State 118 file /home/dell/zyworkspace/nichecker/Experiment/remarks2.1_LA/svp_simple_027/_mt_svp_simple_027_001_result/_cs_svp_simple_027_001_gloable_var_rww_mt_svp_simple_027_001.c line 418 function main thread 0
----------------------------------------------------
  __cs_tmp_t3_r0=2 (10)

State 120 file /home/dell/zyworkspace/nichecker/Experiment/remarks2.1_LA/svp_simple_027/_mt_svp_simple_027_001_result/_cs_svp_simple_027_001_gloable_var_rww_mt_svp_simple_027_001.c line 423 function main thread 0
----------------------------------------------------
  __cs_thread_index=3 (011)

State 121 file /home/dell/zyworkspace/nichecker/Experiment/remarks2.1_LA/svp_simple_027/_mt_svp_simple_027_001_result/_cs_svp_simple_027_001_gloable_var_rww_mt_svp_simple_027_001.c line 425 function main thread 0
----------------------------------------------------
  __cs_pc_cs[3l]=2 (010)

State 126 file /home/dell/zyworkspace/nichecker/Experiment/remarks2.1_LA/svp_simple_027/_mt_svp_simple_027_001_result/_cs_svp_simple_027_001_gloable_var_rww_mt_svp_simple_027_001.c line 431 function main thread 0
----------------------------------------------------
  __cs_param_svp_simple_027_001_isr_2_arg=NULL (0000000000000000000000000000000000000000000000000000000000000000)

State 128 file /home/dell/zyworkspace/nichecker/Experiment/remarks2.1_LA/svp_simple_027/_mt_svp_simple_027_001_result/_cs_svp_simple_027_001_gloable_var_rww_mt_svp_simple_027_001.c line 311 function svp_simple_027_001_isr_2_0 thread 0
----------------------------------------------------
  __cs_temporary_0=0 (00000000000000000000000000000000)

State 130 file /home/dell/zyworkspace/nichecker/Experiment/remarks2.1_LA/svp_simple_027/_mt_svp_simple_027_001_result/_cs_svp_simple_027_001_gloable_var_rww_mt_svp_simple_027_001.c line 315 function svp_simple_027_001_isr_2_0 thread 0
----------------------------------------------------
  __cs_temporary_0=18 (00000000000000000000000000010010)

State 131 file /home/dell/zyworkspace/nichecker/Experiment/remarks2.1_LA/svp_simple_027/_mt_svp_simple_027_001_result/_cs_svp_simple_027_001_gloable_var_rww_mt_svp_simple_027_001.c line 317 function svp_simple_027_001_isr_2_0 thread 0
----------------------------------------------------
  rww_r_tmp3_num=1 (00000000000000000000000000000001)

State 132 file /home/dell/zyworkspace/nichecker/Experiment/remarks2.1_LA/svp_simple_027/_mt_svp_simple_027_001_result/_cs_svp_simple_027_001_gloable_var_rww_mt_svp_simple_027_001.c line 318 function svp_simple_027_001_isr_2_0 thread 0
----------------------------------------------------
  rww_r_tmp3=16 (00000000000000000000000000010000)

State 136 file /home/dell/zyworkspace/nichecker/Experiment/remarks2.1_LA/svp_simple_027/_mt_svp_simple_027_001_result/_cs_svp_simple_027_001_gloable_var_rww_mt_svp_simple_027_001.c line 340 function svp_simple_027_001_isr_2_0 thread 0
----------------------------------------------------
  __cs_value_ptr=NULL (0000000000000000000000000000000000000000000000000000000000000000)

State 141 file /home/dell/zyworkspace/nichecker/Experiment/remarks2.1_LA/svp_simple_027/_mt_svp_simple_027_001_result/_cs_svp_simple_027_001_gloable_var_rww_mt_svp_simple_027_001.c line 433 function main thread 0
----------------------------------------------------
  __cs_pc[3l]=2 (010)

State 142 file /home/dell/zyworkspace/nichecker/Experiment/remarks2.1_LA/svp_simple_027/_mt_svp_simple_027_001_result/_cs_svp_simple_027_001_gloable_var_rww_mt_svp_simple_027_001.c line 439 function main thread 0
----------------------------------------------------
  __cs_tmp_t4_r0=1 (1)

State 144 file /home/dell/zyworkspace/nichecker/Experiment/remarks2.1_LA/svp_simple_027/_mt_svp_simple_027_001_result/_cs_svp_simple_027_001_gloable_var_rww_mt_svp_simple_027_001.c line 444 function main thread 0
----------------------------------------------------
  __cs_thread_index=4 (100)

State 145 file /home/dell/zyworkspace/nichecker/Experiment/remarks2.1_LA/svp_simple_027/_mt_svp_simple_027_001_result/_cs_svp_simple_027_001_gloable_var_rww_mt_svp_simple_027_001.c line 446 function main thread 0
----------------------------------------------------
  __cs_pc_cs[4l]=1 (001)

State 150 file /home/dell/zyworkspace/nichecker/Experiment/remarks2.1_LA/svp_simple_027/_mt_svp_simple_027_001_result/_cs_svp_simple_027_001_gloable_var_rww_mt_svp_simple_027_001.c line 452 function main thread 0
----------------------------------------------------
  __cs_param_svp_simple_027_001_isr_3_arg=NULL (0000000000000000000000000000000000000000000000000000000000000000)

State 152 file /home/dell/zyworkspace/nichecker/Experiment/remarks2.1_LA/svp_simple_027/_mt_svp_simple_027_001_result/_cs_svp_simple_027_001_gloable_var_rww_mt_svp_simple_027_001.c line 351 function svp_simple_027_001_isr_3_0 thread 0
----------------------------------------------------
  __cs_temporary_0=0 (00000000000000000000000000000000)

State 153 file /home/dell/zyworkspace/nichecker/Experiment/remarks2.1_LA/svp_simple_027/_mt_svp_simple_027_001_result/_cs_svp_simple_027_001_gloable_var_rww_mt_svp_simple_027_001.c line 353 function svp_simple_027_001_isr_3_0 thread 0
----------------------------------------------------
  __cs_temporary_0=19 (00000000000000000000000000010011)

State 154 file /home/dell/zyworkspace/nichecker/Experiment/remarks2.1_LA/svp_simple_027/_mt_svp_simple_027_001_result/_cs_svp_simple_027_001_gloable_var_rww_mt_svp_simple_027_001.c line 354 function svp_simple_027_001_isr_3_0 thread 0
----------------------------------------------------
  svp_simple_027_001_gloable_var=19 (00000000000000000000000000010011)

State 158 file /home/dell/zyworkspace/nichecker/Experiment/remarks2.1_LA/svp_simple_027/_mt_svp_simple_027_001_result/_cs_svp_simple_027_001_gloable_var_rww_mt_svp_simple_027_001.c line 365 function svp_simple_027_001_isr_3_0 thread 0
----------------------------------------------------
  __cs_value_ptr=NULL (0000000000000000000000000000000000000000000000000000000000000000)

State 163 file /home/dell/zyworkspace/nichecker/Experiment/remarks2.1_LA/svp_simple_027/_mt_svp_simple_027_001_result/_cs_svp_simple_027_001_gloable_var_rww_mt_svp_simple_027_001.c line 454 function main thread 0
----------------------------------------------------
  __cs_pc[4l]=1 (001)

State 164 file /home/dell/zyworkspace/nichecker/Experiment/remarks2.1_LA/svp_simple_027/_mt_svp_simple_027_001_result/_cs_svp_simple_027_001_gloable_var_rww_mt_svp_simple_027_001.c line 464 function main thread 0
----------------------------------------------------
  __cs_tmp_t1_r1=2 (10)

State 174 file /home/dell/zyworkspace/nichecker/Experiment/remarks2.1_LA/svp_simple_027/_mt_svp_simple_027_001_result/_cs_svp_simple_027_001_gloable_var_rww_mt_svp_simple_027_001.c line 485 function main thread 0
----------------------------------------------------
  __cs_tmp_t2_r1=2 (10)

State 180 file /home/dell/zyworkspace/nichecker/Experiment/remarks2.1_LA/svp_simple_027/_mt_svp_simple_027_001_result/_cs_svp_simple_027_001_gloable_var_rww_mt_svp_simple_027_001.c line 506 function main thread 0
----------------------------------------------------
  __cs_tmp_t3_r1=3 (11)

State 182 file /home/dell/zyworkspace/nichecker/Experiment/remarks2.1_LA/svp_simple_027/_mt_svp_simple_027_001_result/_cs_svp_simple_027_001_gloable_var_rww_mt_svp_simple_027_001.c line 511 function main thread 0
----------------------------------------------------
  __cs_thread_index=3 (011)

State 183 file /home/dell/zyworkspace/nichecker/Experiment/remarks2.1_LA/svp_simple_027/_mt_svp_simple_027_001_result/_cs_svp_simple_027_001_gloable_var_rww_mt_svp_simple_027_001.c line 513 function main thread 0
----------------------------------------------------
  __cs_pc_cs[3l]=3 (011)

State 188 file /home/dell/zyworkspace/nichecker/Experiment/remarks2.1_LA/svp_simple_027/_mt_svp_simple_027_001_result/_cs_svp_simple_027_001_gloable_var_rww_mt_svp_simple_027_001.c line 519 function main thread 0
----------------------------------------------------
  __cs_param_svp_simple_027_001_isr_2_arg=NULL (0000000000000000000000000000000000000000000000000000000000000000)

State 192 file /home/dell/zyworkspace/nichecker/Experiment/remarks2.1_LA/svp_simple_027/_mt_svp_simple_027_001_result/_cs_svp_simple_027_001_gloable_var_rww_mt_svp_simple_027_001.c line 323 function svp_simple_027_001_isr_2_0 thread 0
----------------------------------------------------
  rww_w3=19 (00000000000000000000000000010011)

Violated property:
  file /home/dell/zyworkspace/nichecker/Experiment/remarks2.1_LA/svp_simple_027/_mt_svp_simple_027_001_result/_cs_svp_simple_027_001_gloable_var_rww_mt_svp_simple_027_001.c line 325 function svp_simple_027_001_isr_2_0
  assertion rww_w3 == rww_r_tmp3
  rww_w3 == rww_r_tmp3


State 195 file /home/dell/zyworkspace/nichecker/Experiment/remarks2.1_LA/svp_simple_027/_mt_svp_simple_027_001_result/_cs_svp_simple_027_001_gloable_var_rww_mt_svp_simple_027_001.c line 326 function svp_simple_027_001_isr_2_0 thread 0
----------------------------------------------------
  rww_r_tmp3_num=0 (00000000000000000000000000000000)

State 196 file /home/dell/zyworkspace/nichecker/Experiment/remarks2.1_LA/svp_simple_027/_mt_svp_simple_027_001_result/_cs_svp_simple_027_001_gloable_var_rww_mt_svp_simple_027_001.c line 329 function svp_simple_027_001_isr_2_0 thread 0
----------------------------------------------------
  svp_simple_027_001_gloable_var=18 (00000000000000000000000000010010)

State 200 file /home/dell/zyworkspace/nichecker/Experiment/remarks2.1_LA/svp_simple_027/_mt_svp_simple_027_001_result/_cs_svp_simple_027_001_gloable_var_rww_mt_svp_simple_027_001.c line 340 function svp_simple_027_001_isr_2_0 thread 0
----------------------------------------------------
  __cs_value_ptr=NULL (0000000000000000000000000000000000000000000000000000000000000000)

State 205 file /home/dell/zyworkspace/nichecker/Experiment/remarks2.1_LA/svp_simple_027/_mt_svp_simple_027_001_result/_cs_svp_simple_027_001_gloable_var_rww_mt_svp_simple_027_001.c line 521 function main thread 0
----------------------------------------------------
  __cs_pc[3l]=3 (011)

State 206 file /home/dell/zyworkspace/nichecker/Experiment/remarks2.1_LA/svp_simple_027/_mt_svp_simple_027_001_result/_cs_svp_simple_027_001_gloable_var_rww_mt_svp_simple_027_001.c line 527 function main thread 0
----------------------------------------------------
  __cs_tmp_t4_r1=1 (1)

State 208 file /home/dell/zyworkspace/nichecker/Experiment/remarks2.1_LA/svp_simple_027/_mt_svp_simple_027_001_result/_cs_svp_simple_027_001_gloable_var_rww_mt_svp_simple_027_001.c line 532 function main thread 0
----------------------------------------------------
  __cs_thread_index=4 (100)

State 209 file /home/dell/zyworkspace/nichecker/Experiment/remarks2.1_LA/svp_simple_027/_mt_svp_simple_027_001_result/_cs_svp_simple_027_001_gloable_var_rww_mt_svp_simple_027_001.c line 534 function main thread 0
----------------------------------------------------
  __cs_pc_cs[4l]=1 (001)

State 214 file /home/dell/zyworkspace/nichecker/Experiment/remarks2.1_LA/svp_simple_027/_mt_svp_simple_027_001_result/_cs_svp_simple_027_001_gloable_var_rww_mt_svp_simple_027_001.c line 540 function main thread 0
----------------------------------------------------
  __cs_param_svp_simple_027_001_isr_3_arg=NULL (0000000000000000000000000000000000000000000000000000000000000000)

State 218 file /home/dell/zyworkspace/nichecker/Experiment/remarks2.1_LA/svp_simple_027/_mt_svp_simple_027_001_result/_cs_svp_simple_027_001_gloable_var_rww_mt_svp_simple_027_001.c line 365 function svp_simple_027_001_isr_3_0 thread 0
----------------------------------------------------
  __cs_value_ptr=NULL (0000000000000000000000000000000000000000000000000000000000000000)

State 223 file /home/dell/zyworkspace/nichecker/Experiment/remarks2.1_LA/svp_simple_027/_mt_svp_simple_027_001_result/_cs_svp_simple_027_001_gloable_var_rww_mt_svp_simple_027_001.c line 542 function main thread 0
----------------------------------------------------
  __cs_pc[4l]=1 (001)

State 224 file /home/dell/zyworkspace/nichecker/Experiment/remarks2.1_LA/svp_simple_027/_mt_svp_simple_027_001_result/_cs_svp_simple_027_001_gloable_var_rww_mt_svp_simple_027_001.c line 546 function main thread 0
----------------------------------------------------
  __cs_tmp_t1_r2=3u (00000000000000000000000000000011)

State 226 file /home/dell/zyworkspace/nichecker/Experiment/remarks2.1_LA/svp_simple_027/_mt_svp_simple_027_001_result/_cs_svp_simple_027_001_gloable_var_rww_mt_svp_simple_027_001.c line 551 function main thread 0
----------------------------------------------------
  __cs_thread_index=1 (001)

State 227 file /home/dell/zyworkspace/nichecker/Experiment/remarks2.1_LA/svp_simple_027/_mt_svp_simple_027_001_result/_cs_svp_simple_027_001_gloable_var_rww_mt_svp_simple_027_001.c line 553 function main thread 0
----------------------------------------------------
  __cs_pc_cs[1l]=3 (011)

State 232 file /home/dell/zyworkspace/nichecker/Experiment/remarks2.1_LA/svp_simple_027/_mt_svp_simple_027_001_result/_cs_svp_simple_027_001_gloable_var_rww_mt_svp_simple_027_001.c line 559 function main thread 0
----------------------------------------------------
  __cs_param_main_task_arg=NULL (0000000000000000000000000000000000000000000000000000000000000000)

State 236 file /home/dell/zyworkspace/nichecker/Experiment/remarks2.1_LA/svp_simple_027/_mt_svp_simple_027_001_result/_cs_svp_simple_027_001_gloable_var_rww_mt_svp_simple_027_001.c line 234 function main_task_0 thread 0
----------------------------------------------------
  rww_w1=18 (00000000000000000000000000010010)

Violated property:
  file /home/dell/zyworkspace/nichecker/Experiment/remarks2.1_LA/svp_simple_027/_mt_svp_simple_027_001_result/_cs_svp_simple_027_001_gloable_var_rww_mt_svp_simple_027_001.c line 236 function main_task_0
  assertion rww_w1 == rww_r_tmp1
  rww_w1 == rww_r_tmp1


Trace for svp_simple_027_001_isr_1_0.assertion.1:

State 47 file /home/dell/zyworkspace/nichecker/Experiment/remarks2.1_LA/svp_simple_027/_mt_svp_simple_027_001_result/_cs_svp_simple_027_001_gloable_var_rww_mt_svp_simple_027_001.c line 377 function main thread 0
----------------------------------------------------
  __cs_tmp_t1_r0=3 (11)

State 49 file /home/dell/zyworkspace/nichecker/Experiment/remarks2.1_LA/svp_simple_027/_mt_svp_simple_027_001_result/_cs_svp_simple_027_001_gloable_var_rww_mt_svp_simple_027_001.c line 381 function main thread 0
----------------------------------------------------
  __cs_thread_index=1 (001)

State 50 file /home/dell/zyworkspace/nichecker/Experiment/remarks2.1_LA/svp_simple_027/_mt_svp_simple_027_001_result/_cs_svp_simple_027_001_gloable_var_rww_mt_svp_simple_027_001.c line 383 function main thread 0
----------------------------------------------------
  __cs_pc_cs[1l]=3 (011)

State 55 file /home/dell/zyworkspace/nichecker/Experiment/remarks2.1_LA/svp_simple_027/_mt_svp_simple_027_001_result/_cs_svp_simple_027_001_gloable_var_rww_mt_svp_simple_027_001.c line 389 function main thread 0
----------------------------------------------------
  __cs_param_main_task_arg=NULL (0000000000000000000000000000000000000000000000000000000000000000)

State 57 file /home/dell/zyworkspace/nichecker/Experiment/remarks2.1_LA/svp_simple_027/_mt_svp_simple_027_001_result/_cs_svp_simple_027_001_gloable_var_rww_mt_svp_simple_027_001.c line 184 function main_task_0 thread 0
----------------------------------------------------
  svp_simple_027_001_gloable_var=15 (00000000000000000000000000001111)

State 61 file /home/dell/zyworkspace/nichecker/Experiment/remarks2.1_LA/svp_simple_027/_mt_svp_simple_027_001_result/_cs_svp_simple_027_001_gloable_var_rww_mt_svp_simple_027_001.c line 190 function main_task_0 thread 0
----------------------------------------------------
  __cs_disable_thread[4l]=0 (0)

State 62 file /home/dell/zyworkspace/nichecker/Experiment/remarks2.1_LA/svp_simple_027/_mt_svp_simple_027_001_result/_cs_svp_simple_027_001_gloable_var_rww_mt_svp_simple_027_001.c line 193 function main_task_0 thread 0
----------------------------------------------------
  __cs_disable_thread[3l]=0 (0)

State 63 file /home/dell/zyworkspace/nichecker/Experiment/remarks2.1_LA/svp_simple_027/_mt_svp_simple_027_001_result/_cs_svp_simple_027_001_gloable_var_rww_mt_svp_simple_027_001.c line 196 function main_task_0 thread 0
----------------------------------------------------
  __cs_disable_thread[2l]=0 (0)

State 64 file /home/dell/zyworkspace/nichecker/Experiment/remarks2.1_LA/svp_simple_027/_mt_svp_simple_027_001_result/_cs_svp_simple_027_001_gloable_var_rww_mt_svp_simple_027_001.c line 199 function main_task_0 thread 0
----------------------------------------------------
  __cs_disable_thread[0l]=0 (0)

State 68 file /home/dell/zyworkspace/nichecker/Experiment/remarks2.1_LA/svp_simple_027/_mt_svp_simple_027_001_result/_cs_svp_simple_027_001_gloable_var_rww_mt_svp_simple_027_001.c line 212 function main_task_0 thread 0
----------------------------------------------------
  __cs_disable_thread[2l]=0 (0)

State 70 file /home/dell/zyworkspace/nichecker/Experiment/remarks2.1_LA/svp_simple_027/_mt_svp_simple_027_001_result/_cs_svp_simple_027_001_gloable_var_rww_mt_svp_simple_027_001.c line 221 function main_task_0 thread 0
----------------------------------------------------
  __cs_local_main_task___cs_tmp_if_cond_0=TRUE (00000001)

State 71 file /home/dell/zyworkspace/nichecker/Experiment/remarks2.1_LA/svp_simple_027/_mt_svp_simple_027_001_result/_cs_svp_simple_027_001_gloable_var_rww_mt_svp_simple_027_001.c line 223 function main_task_0 thread 0
----------------------------------------------------
  rww_r_tmp1_num=1 (00000000000000000000000000000001)

State 72 file /home/dell/zyworkspace/nichecker/Experiment/remarks2.1_LA/svp_simple_027/_mt_svp_simple_027_001_result/_cs_svp_simple_027_001_gloable_var_rww_mt_svp_simple_027_001.c line 224 function main_task_0 thread 0
----------------------------------------------------
  rww_r_tmp1=15 (00000000000000000000000000001111)

State 75 file /home/dell/zyworkspace/nichecker/Experiment/remarks2.1_LA/svp_simple_027/_mt_svp_simple_027_001_result/_cs_svp_simple_027_001_gloable_var_rww_mt_svp_simple_027_001.c line 234 function main_task_0 thread 0
----------------------------------------------------
  rww_w1=15 (00000000000000000000000000001111)

State 78 file /home/dell/zyworkspace/nichecker/Experiment/remarks2.1_LA/svp_simple_027/_mt_svp_simple_027_001_result/_cs_svp_simple_027_001_gloable_var_rww_mt_svp_simple_027_001.c line 237 function main_task_0 thread 0
----------------------------------------------------
  rww_r_tmp1_num=0 (00000000000000000000000000000000)

State 79 file /home/dell/zyworkspace/nichecker/Experiment/remarks2.1_LA/svp_simple_027/_mt_svp_simple_027_001_result/_cs_svp_simple_027_001_gloable_var_rww_mt_svp_simple_027_001.c line 240 function main_task_0 thread 0
----------------------------------------------------
  svp_simple_027_001_gloable_var=0 (00000000000000000000000000000000)

State 84 file /home/dell/zyworkspace/nichecker/Experiment/remarks2.1_LA/svp_simple_027/_mt_svp_simple_027_001_result/_cs_svp_simple_027_001_gloable_var_rww_mt_svp_simple_027_001.c line 260 function main_task_0 thread 0
----------------------------------------------------
  __cs_value_ptr=NULL (0000000000000000000000000000000000000000000000000000000000000000)

State 89 file /home/dell/zyworkspace/nichecker/Experiment/remarks2.1_LA/svp_simple_027/_mt_svp_simple_027_001_result/_cs_svp_simple_027_001_gloable_var_rww_mt_svp_simple_027_001.c line 391 function main thread 0
----------------------------------------------------
  __cs_pc[1l]=3 (011)

State 90 file /home/dell/zyworkspace/nichecker/Experiment/remarks2.1_LA/svp_simple_027/_mt_svp_simple_027_001_result/_cs_svp_simple_027_001_gloable_var_rww_mt_svp_simple_027_001.c line 397 function main thread 0
----------------------------------------------------
  __cs_tmp_t2_r0=2 (10)

State 97 file /home/dell/zyworkspace/nichecker/Experiment/remarks2.1_LA/svp_simple_027/_mt_svp_simple_027_001_result/_cs_svp_simple_027_001_gloable_var_rww_mt_svp_simple_027_001.c line 402 function main thread 0
----------------------------------------------------
  __cs_thread_index=2 (010)

State 98 file /home/dell/zyworkspace/nichecker/Experiment/remarks2.1_LA/svp_simple_027/_mt_svp_simple_027_001_result/_cs_svp_simple_027_001_gloable_var_rww_mt_svp_simple_027_001.c line 404 function main thread 0
----------------------------------------------------
  __cs_pc_cs[2l]=2 (010)

State 103 file /home/dell/zyworkspace/nichecker/Experiment/remarks2.1_LA/svp_simple_027/_mt_svp_simple_027_001_result/_cs_svp_simple_027_001_gloable_var_rww_mt_svp_simple_027_001.c line 410 function main thread 0
----------------------------------------------------
  __cs_param_svp_simple_027_001_isr_1_arg=NULL (0000000000000000000000000000000000000000000000000000000000000000)

State 105 file /home/dell/zyworkspace/nichecker/Experiment/remarks2.1_LA/svp_simple_027/_mt_svp_simple_027_001_result/_cs_svp_simple_027_001_gloable_var_rww_mt_svp_simple_027_001.c line 271 function svp_simple_027_001_isr_1_0 thread 0
----------------------------------------------------
  __cs_temporary_0=0 (00000000000000000000000000000000)

State 107 file /home/dell/zyworkspace/nichecker/Experiment/remarks2.1_LA/svp_simple_027/_mt_svp_simple_027_001_result/_cs_svp_simple_027_001_gloable_var_rww_mt_svp_simple_027_001.c line 275 function svp_simple_027_001_isr_1_0 thread 0
----------------------------------------------------
  __cs_temporary_0=1 (00000000000000000000000000000001)

State 108 file /home/dell/zyworkspace/nichecker/Experiment/remarks2.1_LA/svp_simple_027/_mt_svp_simple_027_001_result/_cs_svp_simple_027_001_gloable_var_rww_mt_svp_simple_027_001.c line 277 function svp_simple_027_001_isr_1_0 thread 0
----------------------------------------------------
  rww_r_tmp2_num=1 (00000000000000000000000000000001)

State 109 file /home/dell/zyworkspace/nichecker/Experiment/remarks2.1_LA/svp_simple_027/_mt_svp_simple_027_001_result/_cs_svp_simple_027_001_gloable_var_rww_mt_svp_simple_027_001.c line 278 function svp_simple_027_001_isr_1_0 thread 0
----------------------------------------------------
  rww_r_tmp2=0 (00000000000000000000000000000000)

State 113 file /home/dell/zyworkspace/nichecker/Experiment/remarks2.1_LA/svp_simple_027/_mt_svp_simple_027_001_result/_cs_svp_simple_027_001_gloable_var_rww_mt_svp_simple_027_001.c line 300 function svp_simple_027_001_isr_1_0 thread 0
----------------------------------------------------
  __cs_value_ptr=NULL (0000000000000000000000000000000000000000000000000000000000000000)

State 118 file /home/dell/zyworkspace/nichecker/Experiment/remarks2.1_LA/svp_simple_027/_mt_svp_simple_027_001_result/_cs_svp_simple_027_001_gloable_var_rww_mt_svp_simple_027_001.c line 412 function main thread 0
----------------------------------------------------
  __cs_pc[2l]=2 (010)

State 119 file /home/dell/zyworkspace/nichecker/Experiment/remarks2.1_LA/svp_simple_027/_mt_svp_simple_027_001_result/_cs_svp_simple_027_001_gloable_var_rww_mt_svp_simple_027_001.c line 418 function main thread 0
----------------------------------------------------
  __cs_tmp_t3_r0=3 (11)

State 121 file /home/dell/zyworkspace/nichecker/Experiment/remarks2.1_LA/svp_simple_027/_mt_svp_simple_027_001_result/_cs_svp_simple_027_001_gloable_var_rww_mt_svp_simple_027_001.c line 423 function main thread 0
----------------------------------------------------
  __cs_thread_index=3 (011)

State 122 file /home/dell/zyworkspace/nichecker/Experiment/remarks2.1_LA/svp_simple_027/_mt_svp_simple_027_001_result/_cs_svp_simple_027_001_gloable_var_rww_mt_svp_simple_027_001.c line 425 function main thread 0
----------------------------------------------------
  __cs_pc_cs[3l]=3 (011)

State 127 file /home/dell/zyworkspace/nichecker/Experiment/remarks2.1_LA/svp_simple_027/_mt_svp_simple_027_001_result/_cs_svp_simple_027_001_gloable_var_rww_mt_svp_simple_027_001.c line 431 function main thread 0
----------------------------------------------------
  __cs_param_svp_simple_027_001_isr_2_arg=NULL (0000000000000000000000000000000000000000000000000000000000000000)

State 129 file /home/dell/zyworkspace/nichecker/Experiment/remarks2.1_LA/svp_simple_027/_mt_svp_simple_027_001_result/_cs_svp_simple_027_001_gloable_var_rww_mt_svp_simple_027_001.c line 311 function svp_simple_027_001_isr_2_0 thread 0
----------------------------------------------------
  __cs_temporary_0=0 (00000000000000000000000000000000)

State 131 file /home/dell/zyworkspace/nichecker/Experiment/remarks2.1_LA/svp_simple_027/_mt_svp_simple_027_001_result/_cs_svp_simple_027_001_gloable_var_rww_mt_svp_simple_027_001.c line 315 function svp_simple_027_001_isr_2_0 thread 0
----------------------------------------------------
  __cs_temporary_0=2 (00000000000000000000000000000010)

State 132 file /home/dell/zyworkspace/nichecker/Experiment/remarks2.1_LA/svp_simple_027/_mt_svp_simple_027_001_result/_cs_svp_simple_027_001_gloable_var_rww_mt_svp_simple_027_001.c line 317 function svp_simple_027_001_isr_2_0 thread 0
----------------------------------------------------
  rww_r_tmp3_num=1 (00000000000000000000000000000001)

State 133 file /home/dell/zyworkspace/nichecker/Experiment/remarks2.1_LA/svp_simple_027/_mt_svp_simple_027_001_result/_cs_svp_simple_027_001_gloable_var_rww_mt_svp_simple_027_001.c line 318 function svp_simple_027_001_isr_2_0 thread 0
----------------------------------------------------
  rww_r_tmp3=0 (00000000000000000000000000000000)

State 135 file /home/dell/zyworkspace/nichecker/Experiment/remarks2.1_LA/svp_simple_027/_mt_svp_simple_027_001_result/_cs_svp_simple_027_001_gloable_var_rww_mt_svp_simple_027_001.c line 323 function svp_simple_027_001_isr_2_0 thread 0
----------------------------------------------------
  rww_w3=0 (00000000000000000000000000000000)

State 138 file /home/dell/zyworkspace/nichecker/Experiment/remarks2.1_LA/svp_simple_027/_mt_svp_simple_027_001_result/_cs_svp_simple_027_001_gloable_var_rww_mt_svp_simple_027_001.c line 326 function svp_simple_027_001_isr_2_0 thread 0
----------------------------------------------------
  rww_r_tmp3_num=0 (00000000000000000000000000000000)

State 139 file /home/dell/zyworkspace/nichecker/Experiment/remarks2.1_LA/svp_simple_027/_mt_svp_simple_027_001_result/_cs_svp_simple_027_001_gloable_var_rww_mt_svp_simple_027_001.c line 329 function svp_simple_027_001_isr_2_0 thread 0
----------------------------------------------------
  svp_simple_027_001_gloable_var=2 (00000000000000000000000000000010)

State 143 file /home/dell/zyworkspace/nichecker/Experiment/remarks2.1_LA/svp_simple_027/_mt_svp_simple_027_001_result/_cs_svp_simple_027_001_gloable_var_rww_mt_svp_simple_027_001.c line 340 function svp_simple_027_001_isr_2_0 thread 0
----------------------------------------------------
  __cs_value_ptr=NULL (0000000000000000000000000000000000000000000000000000000000000000)

State 148 file /home/dell/zyworkspace/nichecker/Experiment/remarks2.1_LA/svp_simple_027/_mt_svp_simple_027_001_result/_cs_svp_simple_027_001_gloable_var_rww_mt_svp_simple_027_001.c line 433 function main thread 0
----------------------------------------------------
  __cs_pc[3l]=3 (011)

State 149 file /home/dell/zyworkspace/nichecker/Experiment/remarks2.1_LA/svp_simple_027/_mt_svp_simple_027_001_result/_cs_svp_simple_027_001_gloable_var_rww_mt_svp_simple_027_001.c line 439 function main thread 0
----------------------------------------------------
  __cs_tmp_t4_r0=0 (0)

State 151 file /home/dell/zyworkspace/nichecker/Experiment/remarks2.1_LA/svp_simple_027/_mt_svp_simple_027_001_result/_cs_svp_simple_027_001_gloable_var_rww_mt_svp_simple_027_001.c line 444 function main thread 0
----------------------------------------------------
  __cs_thread_index=4 (100)

State 152 file /home/dell/zyworkspace/nichecker/Experiment/remarks2.1_LA/svp_simple_027/_mt_svp_simple_027_001_result/_cs_svp_simple_027_001_gloable_var_rww_mt_svp_simple_027_001.c line 446 function main thread 0
----------------------------------------------------
  __cs_pc_cs[4l]=0 (000)

State 157 file /home/dell/zyworkspace/nichecker/Experiment/remarks2.1_LA/svp_simple_027/_mt_svp_simple_027_001_result/_cs_svp_simple_027_001_gloable_var_rww_mt_svp_simple_027_001.c line 452 function main thread 0
----------------------------------------------------
  __cs_param_svp_simple_027_001_isr_3_arg=NULL (0000000000000000000000000000000000000000000000000000000000000000)

State 161 file /home/dell/zyworkspace/nichecker/Experiment/remarks2.1_LA/svp_simple_027/_mt_svp_simple_027_001_result/_cs_svp_simple_027_001_gloable_var_rww_mt_svp_simple_027_001.c line 365 function svp_simple_027_001_isr_3_0 thread 0
----------------------------------------------------
  __cs_value_ptr=NULL (0000000000000000000000000000000000000000000000000000000000000000)

State 166 file /home/dell/zyworkspace/nichecker/Experiment/remarks2.1_LA/svp_simple_027/_mt_svp_simple_027_001_result/_cs_svp_simple_027_001_gloable_var_rww_mt_svp_simple_027_001.c line 454 function main thread 0
----------------------------------------------------
  __cs_pc[4l]=0 (000)

State 167 file /home/dell/zyworkspace/nichecker/Experiment/remarks2.1_LA/svp_simple_027/_mt_svp_simple_027_001_result/_cs_svp_simple_027_001_gloable_var_rww_mt_svp_simple_027_001.c line 464 function main thread 0
----------------------------------------------------
  __cs_tmp_t1_r1=2 (10)

State 173 file /home/dell/zyworkspace/nichecker/Experiment/remarks2.1_LA/svp_simple_027/_mt_svp_simple_027_001_result/_cs_svp_simple_027_001_gloable_var_rww_mt_svp_simple_027_001.c line 485 function main thread 0
----------------------------------------------------
  __cs_tmp_t2_r1=3 (11)

State 179 file /home/dell/zyworkspace/nichecker/Experiment/remarks2.1_LA/svp_simple_027/_mt_svp_simple_027_001_result/_cs_svp_simple_027_001_gloable_var_rww_mt_svp_simple_027_001.c line 490 function main thread 0
----------------------------------------------------
  __cs_thread_index=2 (010)

State 180 file /home/dell/zyworkspace/nichecker/Experiment/remarks2.1_LA/svp_simple_027/_mt_svp_simple_027_001_result/_cs_svp_simple_027_001_gloable_var_rww_mt_svp_simple_027_001.c line 492 function main thread 0
----------------------------------------------------
  __cs_pc_cs[2l]=3 (011)

State 185 file /home/dell/zyworkspace/nichecker/Experiment/remarks2.1_LA/svp_simple_027/_mt_svp_simple_027_001_result/_cs_svp_simple_027_001_gloable_var_rww_mt_svp_simple_027_001.c line 498 function main thread 0
----------------------------------------------------
  __cs_param_svp_simple_027_001_isr_1_arg=NULL (0000000000000000000000000000000000000000000000000000000000000000)

State 189 file /home/dell/zyworkspace/nichecker/Experiment/remarks2.1_LA/svp_simple_027/_mt_svp_simple_027_001_result/_cs_svp_simple_027_001_gloable_var_rww_mt_svp_simple_027_001.c line 283 function svp_simple_027_001_isr_1_0 thread 0
----------------------------------------------------
  rww_w2=2 (00000000000000000000000000000010)

Violated property:
  file /home/dell/zyworkspace/nichecker/Experiment/remarks2.1_LA/svp_simple_027/_mt_svp_simple_027_001_result/_cs_svp_simple_027_001_gloable_var_rww_mt_svp_simple_027_001.c line 285 function svp_simple_027_001_isr_1_0
  assertion rww_w2 == rww_r_tmp2
  rww_w2 == rww_r_tmp2


Trace for svp_simple_027_001_isr_2_0.assertion.1:

State 47 file /home/dell/zyworkspace/nichecker/Experiment/remarks2.1_LA/svp_simple_027/_mt_svp_simple_027_001_result/_cs_svp_simple_027_001_gloable_var_rww_mt_svp_simple_027_001.c line 377 function main thread 0
----------------------------------------------------
  __cs_tmp_t1_r0=2 (10)

State 49 file /home/dell/zyworkspace/nichecker/Experiment/remarks2.1_LA/svp_simple_027/_mt_svp_simple_027_001_result/_cs_svp_simple_027_001_gloable_var_rww_mt_svp_simple_027_001.c line 381 function main thread 0
----------------------------------------------------
  __cs_thread_index=1 (001)

State 50 file /home/dell/zyworkspace/nichecker/Experiment/remarks2.1_LA/svp_simple_027/_mt_svp_simple_027_001_result/_cs_svp_simple_027_001_gloable_var_rww_mt_svp_simple_027_001.c line 383 function main thread 0
----------------------------------------------------
  __cs_pc_cs[1l]=2 (010)

State 55 file /home/dell/zyworkspace/nichecker/Experiment/remarks2.1_LA/svp_simple_027/_mt_svp_simple_027_001_result/_cs_svp_simple_027_001_gloable_var_rww_mt_svp_simple_027_001.c line 389 function main thread 0
----------------------------------------------------
  __cs_param_main_task_arg=NULL (0000000000000000000000000000000000000000000000000000000000000000)

State 57 file /home/dell/zyworkspace/nichecker/Experiment/remarks2.1_LA/svp_simple_027/_mt_svp_simple_027_001_result/_cs_svp_simple_027_001_gloable_var_rww_mt_svp_simple_027_001.c line 184 function main_task_0 thread 0
----------------------------------------------------
  svp_simple_027_001_gloable_var=15 (00000000000000000000000000001111)

State 61 file /home/dell/zyworkspace/nichecker/Experiment/remarks2.1_LA/svp_simple_027/_mt_svp_simple_027_001_result/_cs_svp_simple_027_001_gloable_var_rww_mt_svp_simple_027_001.c line 190 function main_task_0 thread 0
----------------------------------------------------
  __cs_disable_thread[4l]=0 (0)

State 62 file /home/dell/zyworkspace/nichecker/Experiment/remarks2.1_LA/svp_simple_027/_mt_svp_simple_027_001_result/_cs_svp_simple_027_001_gloable_var_rww_mt_svp_simple_027_001.c line 193 function main_task_0 thread 0
----------------------------------------------------
  __cs_disable_thread[3l]=0 (0)

State 63 file /home/dell/zyworkspace/nichecker/Experiment/remarks2.1_LA/svp_simple_027/_mt_svp_simple_027_001_result/_cs_svp_simple_027_001_gloable_var_rww_mt_svp_simple_027_001.c line 196 function main_task_0 thread 0
----------------------------------------------------
  __cs_disable_thread[2l]=0 (0)

State 64 file /home/dell/zyworkspace/nichecker/Experiment/remarks2.1_LA/svp_simple_027/_mt_svp_simple_027_001_result/_cs_svp_simple_027_001_gloable_var_rww_mt_svp_simple_027_001.c line 199 function main_task_0 thread 0
----------------------------------------------------
  __cs_disable_thread[0l]=0 (0)

State 68 file /home/dell/zyworkspace/nichecker/Experiment/remarks2.1_LA/svp_simple_027/_mt_svp_simple_027_001_result/_cs_svp_simple_027_001_gloable_var_rww_mt_svp_simple_027_001.c line 212 function main_task_0 thread 0
----------------------------------------------------
  __cs_disable_thread[2l]=0 (0)

State 70 file /home/dell/zyworkspace/nichecker/Experiment/remarks2.1_LA/svp_simple_027/_mt_svp_simple_027_001_result/_cs_svp_simple_027_001_gloable_var_rww_mt_svp_simple_027_001.c line 221 function main_task_0 thread 0
----------------------------------------------------
  __cs_local_main_task___cs_tmp_if_cond_0=TRUE (00000001)

State 71 file /home/dell/zyworkspace/nichecker/Experiment/remarks2.1_LA/svp_simple_027/_mt_svp_simple_027_001_result/_cs_svp_simple_027_001_gloable_var_rww_mt_svp_simple_027_001.c line 223 function main_task_0 thread 0
----------------------------------------------------
  rww_r_tmp1_num=1 (00000000000000000000000000000001)

State 72 file /home/dell/zyworkspace/nichecker/Experiment/remarks2.1_LA/svp_simple_027/_mt_svp_simple_027_001_result/_cs_svp_simple_027_001_gloable_var_rww_mt_svp_simple_027_001.c line 224 function main_task_0 thread 0
----------------------------------------------------
  rww_r_tmp1=15 (00000000000000000000000000001111)

State 77 file /home/dell/zyworkspace/nichecker/Experiment/remarks2.1_LA/svp_simple_027/_mt_svp_simple_027_001_result/_cs_svp_simple_027_001_gloable_var_rww_mt_svp_simple_027_001.c line 260 function main_task_0 thread 0
----------------------------------------------------
  __cs_value_ptr=NULL (0000000000000000000000000000000000000000000000000000000000000000)

State 82 file /home/dell/zyworkspace/nichecker/Experiment/remarks2.1_LA/svp_simple_027/_mt_svp_simple_027_001_result/_cs_svp_simple_027_001_gloable_var_rww_mt_svp_simple_027_001.c line 391 function main thread 0
----------------------------------------------------
  __cs_pc[1l]=2 (010)

State 83 file /home/dell/zyworkspace/nichecker/Experiment/remarks2.1_LA/svp_simple_027/_mt_svp_simple_027_001_result/_cs_svp_simple_027_001_gloable_var_rww_mt_svp_simple_027_001.c line 397 function main thread 0
----------------------------------------------------
  __cs_tmp_t2_r0=3 (11)

State 90 file /home/dell/zyworkspace/nichecker/Experiment/remarks2.1_LA/svp_simple_027/_mt_svp_simple_027_001_result/_cs_svp_simple_027_001_gloable_var_rww_mt_svp_simple_027_001.c line 402 function main thread 0
----------------------------------------------------
  __cs_thread_index=2 (010)

State 91 file /home/dell/zyworkspace/nichecker/Experiment/remarks2.1_LA/svp_simple_027/_mt_svp_simple_027_001_result/_cs_svp_simple_027_001_gloable_var_rww_mt_svp_simple_027_001.c line 404 function main thread 0
----------------------------------------------------
  __cs_pc_cs[2l]=3 (011)

State 96 file /home/dell/zyworkspace/nichecker/Experiment/remarks2.1_LA/svp_simple_027/_mt_svp_simple_027_001_result/_cs_svp_simple_027_001_gloable_var_rww_mt_svp_simple_027_001.c line 410 function main thread 0
----------------------------------------------------
  __cs_param_svp_simple_027_001_isr_1_arg=NULL (0000000000000000000000000000000000000000000000000000000000000000)

State 98 file /home/dell/zyworkspace/nichecker/Experiment/remarks2.1_LA/svp_simple_027/_mt_svp_simple_027_001_result/_cs_svp_simple_027_001_gloable_var_rww_mt_svp_simple_027_001.c line 271 function svp_simple_027_001_isr_1_0 thread 0
----------------------------------------------------
  __cs_temporary_0=0 (00000000000000000000000000000000)

State 100 file /home/dell/zyworkspace/nichecker/Experiment/remarks2.1_LA/svp_simple_027/_mt_svp_simple_027_001_result/_cs_svp_simple_027_001_gloable_var_rww_mt_svp_simple_027_001.c line 275 function svp_simple_027_001_isr_1_0 thread 0
----------------------------------------------------
  __cs_temporary_0=16 (00000000000000000000000000010000)

State 101 file /home/dell/zyworkspace/nichecker/Experiment/remarks2.1_LA/svp_simple_027/_mt_svp_simple_027_001_result/_cs_svp_simple_027_001_gloable_var_rww_mt_svp_simple_027_001.c line 277 function svp_simple_027_001_isr_1_0 thread 0
----------------------------------------------------
  rww_r_tmp2_num=1 (00000000000000000000000000000001)

State 102 file /home/dell/zyworkspace/nichecker/Experiment/remarks2.1_LA/svp_simple_027/_mt_svp_simple_027_001_result/_cs_svp_simple_027_001_gloable_var_rww_mt_svp_simple_027_001.c line 278 function svp_simple_027_001_isr_1_0 thread 0
----------------------------------------------------
  rww_r_tmp2=15 (00000000000000000000000000001111)

State 104 file /home/dell/zyworkspace/nichecker/Experiment/remarks2.1_LA/svp_simple_027/_mt_svp_simple_027_001_result/_cs_svp_simple_027_001_gloable_var_rww_mt_svp_simple_027_001.c line 283 function svp_simple_027_001_isr_1_0 thread 0
----------------------------------------------------
  rww_w2=15 (00000000000000000000000000001111)

State 107 file /home/dell/zyworkspace/nichecker/Experiment/remarks2.1_LA/svp_simple_027/_mt_svp_simple_027_001_result/_cs_svp_simple_027_001_gloable_var_rww_mt_svp_simple_027_001.c line 286 function svp_simple_027_001_isr_1_0 thread 0
----------------------------------------------------
  rww_r_tmp2_num=0 (00000000000000000000000000000000)

State 108 file /home/dell/zyworkspace/nichecker/Experiment/remarks2.1_LA/svp_simple_027/_mt_svp_simple_027_001_result/_cs_svp_simple_027_001_gloable_var_rww_mt_svp_simple_027_001.c line 289 function svp_simple_027_001_isr_1_0 thread 0
----------------------------------------------------
  svp_simple_027_001_gloable_var=16 (00000000000000000000000000010000)

State 112 file /home/dell/zyworkspace/nichecker/Experiment/remarks2.1_LA/svp_simple_027/_mt_svp_simple_027_001_result/_cs_svp_simple_027_001_gloable_var_rww_mt_svp_simple_027_001.c line 300 function svp_simple_027_001_isr_1_0 thread 0
----------------------------------------------------
  __cs_value_ptr=NULL (0000000000000000000000000000000000000000000000000000000000000000)

State 117 file /home/dell/zyworkspace/nichecker/Experiment/remarks2.1_LA/svp_simple_027/_mt_svp_simple_027_001_result/_cs_svp_simple_027_001_gloable_var_rww_mt_svp_simple_027_001.c line 412 function main thread 0
----------------------------------------------------
  __cs_pc[2l]=3 (011)

State 118 file /home/dell/zyworkspace/nichecker/Experiment/remarks2.1_LA/svp_simple_027/_mt_svp_simple_027_001_result/_cs_svp_simple_027_001_gloable_var_rww_mt_svp_simple_027_001.c line 418 function main thread 0
----------------------------------------------------
  __cs_tmp_t3_r0=2 (10)

State 120 file /home/dell/zyworkspace/nichecker/Experiment/remarks2.1_LA/svp_simple_027/_mt_svp_simple_027_001_result/_cs_svp_simple_027_001_gloable_var_rww_mt_svp_simple_027_001.c line 423 function main thread 0
----------------------------------------------------
  __cs_thread_index=3 (011)

State 121 file /home/dell/zyworkspace/nichecker/Experiment/remarks2.1_LA/svp_simple_027/_mt_svp_simple_027_001_result/_cs_svp_simple_027_001_gloable_var_rww_mt_svp_simple_027_001.c line 425 function main thread 0
----------------------------------------------------
  __cs_pc_cs[3l]=2 (010)

State 126 file /home/dell/zyworkspace/nichecker/Experiment/remarks2.1_LA/svp_simple_027/_mt_svp_simple_027_001_result/_cs_svp_simple_027_001_gloable_var_rww_mt_svp_simple_027_001.c line 431 function main thread 0
----------------------------------------------------
  __cs_param_svp_simple_027_001_isr_2_arg=NULL (0000000000000000000000000000000000000000000000000000000000000000)

State 128 file /home/dell/zyworkspace/nichecker/Experiment/remarks2.1_LA/svp_simple_027/_mt_svp_simple_027_001_result/_cs_svp_simple_027_001_gloable_var_rww_mt_svp_simple_027_001.c line 311 function svp_simple_027_001_isr_2_0 thread 0
----------------------------------------------------
  __cs_temporary_0=0 (00000000000000000000000000000000)

State 130 file /home/dell/zyworkspace/nichecker/Experiment/remarks2.1_LA/svp_simple_027/_mt_svp_simple_027_001_result/_cs_svp_simple_027_001_gloable_var_rww_mt_svp_simple_027_001.c line 315 function svp_simple_027_001_isr_2_0 thread 0
----------------------------------------------------
  __cs_temporary_0=18 (00000000000000000000000000010010)

State 131 file /home/dell/zyworkspace/nichecker/Experiment/remarks2.1_LA/svp_simple_027/_mt_svp_simple_027_001_result/_cs_svp_simple_027_001_gloable_var_rww_mt_svp_simple_027_001.c line 317 function svp_simple_027_001_isr_2_0 thread 0
----------------------------------------------------
  rww_r_tmp3_num=1 (00000000000000000000000000000001)

State 132 file /home/dell/zyworkspace/nichecker/Experiment/remarks2.1_LA/svp_simple_027/_mt_svp_simple_027_001_result/_cs_svp_simple_027_001_gloable_var_rww_mt_svp_simple_027_001.c line 318 function svp_simple_027_001_isr_2_0 thread 0
----------------------------------------------------
  rww_r_tmp3=16 (00000000000000000000000000010000)

State 136 file /home/dell/zyworkspace/nichecker/Experiment/remarks2.1_LA/svp_simple_027/_mt_svp_simple_027_001_result/_cs_svp_simple_027_001_gloable_var_rww_mt_svp_simple_027_001.c line 340 function svp_simple_027_001_isr_2_0 thread 0
----------------------------------------------------
  __cs_value_ptr=NULL (0000000000000000000000000000000000000000000000000000000000000000)

State 141 file /home/dell/zyworkspace/nichecker/Experiment/remarks2.1_LA/svp_simple_027/_mt_svp_simple_027_001_result/_cs_svp_simple_027_001_gloable_var_rww_mt_svp_simple_027_001.c line 433 function main thread 0
----------------------------------------------------
  __cs_pc[3l]=2 (010)

State 142 file /home/dell/zyworkspace/nichecker/Experiment/remarks2.1_LA/svp_simple_027/_mt_svp_simple_027_001_result/_cs_svp_simple_027_001_gloable_var_rww_mt_svp_simple_027_001.c line 439 function main thread 0
----------------------------------------------------
  __cs_tmp_t4_r0=1 (1)

State 144 file /home/dell/zyworkspace/nichecker/Experiment/remarks2.1_LA/svp_simple_027/_mt_svp_simple_027_001_result/_cs_svp_simple_027_001_gloable_var_rww_mt_svp_simple_027_001.c line 444 function main thread 0
----------------------------------------------------
  __cs_thread_index=4 (100)

State 145 file /home/dell/zyworkspace/nichecker/Experiment/remarks2.1_LA/svp_simple_027/_mt_svp_simple_027_001_result/_cs_svp_simple_027_001_gloable_var_rww_mt_svp_simple_027_001.c line 446 function main thread 0
----------------------------------------------------
  __cs_pc_cs[4l]=1 (001)

State 150 file /home/dell/zyworkspace/nichecker/Experiment/remarks2.1_LA/svp_simple_027/_mt_svp_simple_027_001_result/_cs_svp_simple_027_001_gloable_var_rww_mt_svp_simple_027_001.c line 452 function main thread 0
----------------------------------------------------
  __cs_param_svp_simple_027_001_isr_3_arg=NULL (0000000000000000000000000000000000000000000000000000000000000000)

State 152 file /home/dell/zyworkspace/nichecker/Experiment/remarks2.1_LA/svp_simple_027/_mt_svp_simple_027_001_result/_cs_svp_simple_027_001_gloable_var_rww_mt_svp_simple_027_001.c line 351 function svp_simple_027_001_isr_3_0 thread 0
----------------------------------------------------
  __cs_temporary_0=0 (00000000000000000000000000000000)

State 153 file /home/dell/zyworkspace/nichecker/Experiment/remarks2.1_LA/svp_simple_027/_mt_svp_simple_027_001_result/_cs_svp_simple_027_001_gloable_var_rww_mt_svp_simple_027_001.c line 353 function svp_simple_027_001_isr_3_0 thread 0
----------------------------------------------------
  __cs_temporary_0=19 (00000000000000000000000000010011)

State 154 file /home/dell/zyworkspace/nichecker/Experiment/remarks2.1_LA/svp_simple_027/_mt_svp_simple_027_001_result/_cs_svp_simple_027_001_gloable_var_rww_mt_svp_simple_027_001.c line 354 function svp_simple_027_001_isr_3_0 thread 0
----------------------------------------------------
  svp_simple_027_001_gloable_var=19 (00000000000000000000000000010011)

State 158 file /home/dell/zyworkspace/nichecker/Experiment/remarks2.1_LA/svp_simple_027/_mt_svp_simple_027_001_result/_cs_svp_simple_027_001_gloable_var_rww_mt_svp_simple_027_001.c line 365 function svp_simple_027_001_isr_3_0 thread 0
----------------------------------------------------
  __cs_value_ptr=NULL (0000000000000000000000000000000000000000000000000000000000000000)

State 163 file /home/dell/zyworkspace/nichecker/Experiment/remarks2.1_LA/svp_simple_027/_mt_svp_simple_027_001_result/_cs_svp_simple_027_001_gloable_var_rww_mt_svp_simple_027_001.c line 454 function main thread 0
----------------------------------------------------
  __cs_pc[4l]=1 (001)

State 164 file /home/dell/zyworkspace/nichecker/Experiment/remarks2.1_LA/svp_simple_027/_mt_svp_simple_027_001_result/_cs_svp_simple_027_001_gloable_var_rww_mt_svp_simple_027_001.c line 464 function main thread 0
----------------------------------------------------
  __cs_tmp_t1_r1=2 (10)

State 174 file /home/dell/zyworkspace/nichecker/Experiment/remarks2.1_LA/svp_simple_027/_mt_svp_simple_027_001_result/_cs_svp_simple_027_001_gloable_var_rww_mt_svp_simple_027_001.c line 485 function main thread 0
----------------------------------------------------
  __cs_tmp_t2_r1=2 (10)

State 180 file /home/dell/zyworkspace/nichecker/Experiment/remarks2.1_LA/svp_simple_027/_mt_svp_simple_027_001_result/_cs_svp_simple_027_001_gloable_var_rww_mt_svp_simple_027_001.c line 506 function main thread 0
----------------------------------------------------
  __cs_tmp_t3_r1=3 (11)

State 182 file /home/dell/zyworkspace/nichecker/Experiment/remarks2.1_LA/svp_simple_027/_mt_svp_simple_027_001_result/_cs_svp_simple_027_001_gloable_var_rww_mt_svp_simple_027_001.c line 511 function main thread 0
----------------------------------------------------
  __cs_thread_index=3 (011)

State 183 file /home/dell/zyworkspace/nichecker/Experiment/remarks2.1_LA/svp_simple_027/_mt_svp_simple_027_001_result/_cs_svp_simple_027_001_gloable_var_rww_mt_svp_simple_027_001.c line 513 function main thread 0
----------------------------------------------------
  __cs_pc_cs[3l]=3 (011)

State 188 file /home/dell/zyworkspace/nichecker/Experiment/remarks2.1_LA/svp_simple_027/_mt_svp_simple_027_001_result/_cs_svp_simple_027_001_gloable_var_rww_mt_svp_simple_027_001.c line 519 function main thread 0
----------------------------------------------------
  __cs_param_svp_simple_027_001_isr_2_arg=NULL (0000000000000000000000000000000000000000000000000000000000000000)

State 192 file /home/dell/zyworkspace/nichecker/Experiment/remarks2.1_LA/svp_simple_027/_mt_svp_simple_027_001_result/_cs_svp_simple_027_001_gloable_var_rww_mt_svp_simple_027_001.c line 323 function svp_simple_027_001_isr_2_0 thread 0
----------------------------------------------------
  rww_w3=19 (00000000000000000000000000010011)

Violated property:
  file /home/dell/zyworkspace/nichecker/Experiment/remarks2.1_LA/svp_simple_027/_mt_svp_simple_027_001_result/_cs_svp_simple_027_001_gloable_var_rww_mt_svp_simple_027_001.c line 325 function svp_simple_027_001_isr_2_0
  assertion rww_w3 == rww_r_tmp3
  rww_w3 == rww_r_tmp3


** 3 of 3 failed (3 iterations)
VERIFICATION FAILED
