2023-10-15 16:22:50
SVPCheck: True	LoopAbstraction: True	LabelReduction: False	Slice: True	

SVPCheck var: svp_simple_013_001_global_var1	pattern: rwr
--------------------------Run start-------------------------------
inliner
slice
LoopAbstraction
unroller
insertLabel
lazyseq
feeder  0.271
[91mUNSAFE[0m, counterexample: 1, time: 2.919 s, memory: 32.21 MB
--------------------------Run end---------------------------------
SVPCheck var: svp_simple_013_001_global_var2	pattern: rwr
--------------------------Run start-------------------------------
inliner
slice
LoopAbstraction
unroller
insertLabel
lazyseq
feeder  0.212
[92mSAFE[0m, counterexample: 0, time: 2.850 s, memory: 30.47 MB
--------------------------Run end---------------------------------
cbmcTimeSum: 0.483
modulesTimeSum: 5.769
