2023-10-31 08:54:33
SVPCheck: True	LoopAbstraction: True	LabelReduction: True	Slice: True	

SVPCheck var: svp_simple_022_001_global_var1	pattern: wwr
--------------------------Run start-------------------------------
inliner
slice
LoopAbstraction
unroller
insertLabel
lazyseq
feeder  0.203
[91mUNSAFE[0m, counterexample: 2, time: 3.415 s, memory: 29.63 MB
--------------------------Run end---------------------------------
SVPCheck var: svp_simple_022_001_global_var1	pattern: rwr
--------------------------Run start-------------------------------
inliner
slice
LoopAbstraction
unroller
insertLabel
lazyseq
feeder  0.188
[91mUNSAFE[0m, counterexample: 1, time: 3.338 s, memory: 29.46 MB
--------------------------Run end---------------------------------
SVPCheck var: svp_simple_022_001_global_var1	pattern: rww
--------------------------Run start-------------------------------
inliner
slice
LoopAbstraction
unroller
insertLabel
lazyseq
feeder  0.189
[91mUNSAFE[0m, counterexample: 1, time: 3.323 s, memory: 29.43 MB
--------------------------Run end---------------------------------
cbmcTimeSum: 0.58
modulesTimeSum: 10.076
