CBMC version 5.6 64-bit x86_64 linux
Parsing /home/dell/zyworkspace/nichecker/Experiment/icbmc/wdt_pci_2/_mt_main_n_result/_cs___mt_main_n.c
<command-line>: warning: "__STDC_VERSION__" redefined
<built-in>: note: this is the location of the previous definition
Converting
Type-checking _cs___mt_main_n
file /home/dell/zyworkspace/nichecker/Experiment/icbmc/wdt_pci_2/_mt_main_n_result/_cs___mt_main_n.c line 253 function closer1_isr_0: function `assert' is not declared
Generating GOTO Program
Adding CPROVER library (x86_64)
Removal of function pointers and virtual functions
Partial Inlining
Generic Property Instrumentation
Starting Bounded Model Checking
size of program expression: 1167 steps
simple slicing removed 293 assignments
Generated 2 VCC(s), 2 remaining after simplification
Passing problem to propositional reduction
converting SSA
Running propositional reduction
Post-processing
Solving with MiniSAT 2.2.1 with simplifier
2115 variables, 3981 clauses
SAT checker: instance is SATISFIABLE
Solving with MiniSAT 2.2.1 with simplifier
2115 variables, 553 clauses
SAT checker inconsistent: instance is UNSATISFIABLE
Runtime decision procedure: 0.014s

** Results:
[closer1_isr_0.assertion.1] assertion 0: SUCCESS
[closer2_isr_0.assertion.1] assertion 0: SUCCESS
[closer3_isr_0.assertion.1] assertion 0: FAILURE

Trace for closer3_isr_0.assertion.1:

State 70 file /home/dell/zyworkspace/nichecker/Experiment/icbmc/wdt_pci_2/_mt_main_n_result/_cs___mt_main_n.c line 723 function main thread 0
----------------------------------------------------
  __cs_tmp_t1_r0=1 (1)

State 72 file /home/dell/zyworkspace/nichecker/Experiment/icbmc/wdt_pci_2/_mt_main_n_result/_cs___mt_main_n.c line 727 function main thread 0
----------------------------------------------------
  __cs_thread_index=1 (0001)

State 73 file /home/dell/zyworkspace/nichecker/Experiment/icbmc/wdt_pci_2/_mt_main_n_result/_cs___mt_main_n.c line 729 function main thread 0
----------------------------------------------------
  __cs_pc_cs[1l]=1 (0001)

State 78 file /home/dell/zyworkspace/nichecker/Experiment/icbmc/wdt_pci_2/_mt_main_n_result/_cs___mt_main_n.c line 735 function main thread 0
----------------------------------------------------
  __cs_param_main_task_arg=NULL (0000000000000000000000000000000000000000000000000000000000000000)

State 84 file /home/dell/zyworkspace/nichecker/Experiment/icbmc/wdt_pci_2/_mt_main_n_result/_cs___mt_main_n.c line 711 function main_task_0 thread 0
----------------------------------------------------
  __cs_value_ptr=NULL (0000000000000000000000000000000000000000000000000000000000000000)

State 89 file /home/dell/zyworkspace/nichecker/Experiment/icbmc/wdt_pci_2/_mt_main_n_result/_cs___mt_main_n.c line 737 function main thread 0
----------------------------------------------------
  __cs_pc[1l]=1 (0001)

State 90 file /home/dell/zyworkspace/nichecker/Experiment/icbmc/wdt_pci_2/_mt_main_n_result/_cs___mt_main_n.c line 743 function main thread 0
----------------------------------------------------
  __cs_tmp_t2_r0=0 (0)

State 92 file /home/dell/zyworkspace/nichecker/Experiment/icbmc/wdt_pci_2/_mt_main_n_result/_cs___mt_main_n.c line 748 function main thread 0
----------------------------------------------------
  __cs_thread_index=2 (0010)

State 93 file /home/dell/zyworkspace/nichecker/Experiment/icbmc/wdt_pci_2/_mt_main_n_result/_cs___mt_main_n.c line 750 function main thread 0
----------------------------------------------------
  __cs_pc_cs[2l]=0 (0000)

State 98 file /home/dell/zyworkspace/nichecker/Experiment/icbmc/wdt_pci_2/_mt_main_n_result/_cs___mt_main_n.c line 756 function main thread 0
----------------------------------------------------
  __cs_param_closer1_isr_arg=NULL (0000000000000000000000000000000000000000000000000000000000000000)

State 102 file /home/dell/zyworkspace/nichecker/Experiment/icbmc/wdt_pci_2/_mt_main_n_result/_cs___mt_main_n.c line 276 function closer1_isr_0 thread 0
----------------------------------------------------
  __cs_value_ptr=NULL (0000000000000000000000000000000000000000000000000000000000000000)

State 107 file /home/dell/zyworkspace/nichecker/Experiment/icbmc/wdt_pci_2/_mt_main_n_result/_cs___mt_main_n.c line 758 function main thread 0
----------------------------------------------------
  __cs_pc[2l]=0 (0000)

State 108 file /home/dell/zyworkspace/nichecker/Experiment/icbmc/wdt_pci_2/_mt_main_n_result/_cs___mt_main_n.c line 764 function main thread 0
----------------------------------------------------
  __cs_tmp_t3_r0=0 (0)

State 110 file /home/dell/zyworkspace/nichecker/Experiment/icbmc/wdt_pci_2/_mt_main_n_result/_cs___mt_main_n.c line 769 function main thread 0
----------------------------------------------------
  __cs_thread_index=3 (0011)

State 111 file /home/dell/zyworkspace/nichecker/Experiment/icbmc/wdt_pci_2/_mt_main_n_result/_cs___mt_main_n.c line 771 function main thread 0
----------------------------------------------------
  __cs_pc_cs[3l]=0 (0000)

State 116 file /home/dell/zyworkspace/nichecker/Experiment/icbmc/wdt_pci_2/_mt_main_n_result/_cs___mt_main_n.c line 777 function main thread 0
----------------------------------------------------
  __cs_param_closer2_isr_arg=NULL (0000000000000000000000000000000000000000000000000000000000000000)

State 120 file /home/dell/zyworkspace/nichecker/Experiment/icbmc/wdt_pci_2/_mt_main_n_result/_cs___mt_main_n.c line 361 function closer2_isr_0 thread 0
----------------------------------------------------
  __cs_value_ptr=NULL (0000000000000000000000000000000000000000000000000000000000000000)

State 125 file /home/dell/zyworkspace/nichecker/Experiment/icbmc/wdt_pci_2/_mt_main_n_result/_cs___mt_main_n.c line 779 function main thread 0
----------------------------------------------------
  __cs_pc[3l]=0 (0000)

State 126 file /home/dell/zyworkspace/nichecker/Experiment/icbmc/wdt_pci_2/_mt_main_n_result/_cs___mt_main_n.c line 785 function main thread 0
----------------------------------------------------
  __cs_tmp_t4_r0=7 (0111)

State 138 file /home/dell/zyworkspace/nichecker/Experiment/icbmc/wdt_pci_2/_mt_main_n_result/_cs___mt_main_n.c line 790 function main thread 0
----------------------------------------------------
  __cs_thread_index=4 (0100)

State 139 file /home/dell/zyworkspace/nichecker/Experiment/icbmc/wdt_pci_2/_mt_main_n_result/_cs___mt_main_n.c line 792 function main thread 0
----------------------------------------------------
  __cs_pc_cs[4l]=7 (0111)

State 144 file /home/dell/zyworkspace/nichecker/Experiment/icbmc/wdt_pci_2/_mt_main_n_result/_cs___mt_main_n.c line 798 function main thread 0
----------------------------------------------------
  __cs_param_closer3_isr_arg=NULL (0000000000000000000000000000000000000000000000000000000000000000)

State 146 file /home/dell/zyworkspace/nichecker/Experiment/icbmc/wdt_pci_2/_mt_main_n_result/_cs___mt_main_n.c line 371 function closer3_isr_0 thread 0
----------------------------------------------------
  wdtpci_write_buf='V' (01010110)

State 148 file /home/dell/zyworkspace/nichecker/Experiment/icbmc/wdt_pci_2/_mt_main_n_result/_cs___mt_main_n.c line 375 function closer3_isr_0 thread 0
----------------------------------------------------
  expect_close=42 (00000000000000000000000000101010)

State 150 file /home/dell/zyworkspace/nichecker/Experiment/icbmc/wdt_pci_2/_mt_main_n_result/_cs___mt_main_n.c line 379 function closer3_isr_0 thread 0
----------------------------------------------------
  count=1 (00000000000000000000000000000001)

State 152 file /home/dell/zyworkspace/nichecker/Experiment/icbmc/wdt_pci_2/_mt_main_n_result/_cs___mt_main_n.c line 385 function closer3_isr_0 thread 0
----------------------------------------------------
  __cs_local_closer3_isr___cs_tmp_if_cond_9=TRUE (00000001)

State 155 file /home/dell/zyworkspace/nichecker/Experiment/icbmc/wdt_pci_2/_mt_main_n_result/_cs___mt_main_n.c line 395 function closer3_isr_0 thread 0
----------------------------------------------------
  __cs_local_closer3_isr___cs_tmp_if_cond_10=TRUE (00000001)

State 158 file /home/dell/zyworkspace/nichecker/Experiment/icbmc/wdt_pci_2/_mt_main_n_result/_cs___mt_main_n.c line 405 function closer3_isr_0 thread 0
----------------------------------------------------
  __cs_local_closer3_isr___cs_tmp_if_cond_11=FALSE (00000000)

State 168 file /home/dell/zyworkspace/nichecker/Experiment/icbmc/wdt_pci_2/_mt_main_n_result/_cs___mt_main_n.c line 467 function closer3_isr_0 thread 0
----------------------------------------------------
  __cs_value_ptr=NULL (0000000000000000000000000000000000000000000000000000000000000000)

State 173 file /home/dell/zyworkspace/nichecker/Experiment/icbmc/wdt_pci_2/_mt_main_n_result/_cs___mt_main_n.c line 800 function main thread 0
----------------------------------------------------
  __cs_pc[4l]=7 (0111)

State 174 file /home/dell/zyworkspace/nichecker/Experiment/icbmc/wdt_pci_2/_mt_main_n_result/_cs___mt_main_n.c line 806 function main thread 0
----------------------------------------------------
  __cs_tmp_t5_r0=7 (111)

State 181 file /home/dell/zyworkspace/nichecker/Experiment/icbmc/wdt_pci_2/_mt_main_n_result/_cs___mt_main_n.c line 811 function main thread 0
----------------------------------------------------
  __cs_thread_index=5 (0101)

State 182 file /home/dell/zyworkspace/nichecker/Experiment/icbmc/wdt_pci_2/_mt_main_n_result/_cs___mt_main_n.c line 813 function main thread 0
----------------------------------------------------
  __cs_pc_cs[5l]=7 (0111)

State 187 file /home/dell/zyworkspace/nichecker/Experiment/icbmc/wdt_pci_2/_mt_main_n_result/_cs___mt_main_n.c line 819 function main thread 0
----------------------------------------------------
  __cs_param_writer1_isr_arg=NULL (0000000000000000000000000000000000000000000000000000000000000000)

State 189 file /home/dell/zyworkspace/nichecker/Experiment/icbmc/wdt_pci_2/_mt_main_n_result/_cs___mt_main_n.c line 477 function writer1_isr_0 thread 0
----------------------------------------------------
  count=0 (00000000000000000000000000000000)

State 191 file /home/dell/zyworkspace/nichecker/Experiment/icbmc/wdt_pci_2/_mt_main_n_result/_cs___mt_main_n.c line 481 function writer1_isr_0 thread 0
----------------------------------------------------
  expect_close=0 (00000000000000000000000000000000)

State 193 file /home/dell/zyworkspace/nichecker/Experiment/icbmc/wdt_pci_2/_mt_main_n_result/_cs___mt_main_n.c line 487 function writer1_isr_0 thread 0
----------------------------------------------------
  __cs_local_writer1_isr___cs_tmp_if_cond_13=FALSE (00000000)

State 197 file /home/dell/zyworkspace/nichecker/Experiment/icbmc/wdt_pci_2/_mt_main_n_result/_cs___mt_main_n.c line 534 function writer1_isr_0 thread 0
----------------------------------------------------
  cnt3=1 (00000000000000000000000000000001)

State 201 file /home/dell/zyworkspace/nichecker/Experiment/icbmc/wdt_pci_2/_mt_main_n_result/_cs___mt_main_n.c line 545 function writer1_isr_0 thread 0
----------------------------------------------------
  __cs_value_ptr=NULL (0000000000000000000000000000000000000000000000000000000000000000)

State 206 file /home/dell/zyworkspace/nichecker/Experiment/icbmc/wdt_pci_2/_mt_main_n_result/_cs___mt_main_n.c line 821 function main thread 0
----------------------------------------------------
  __cs_pc[5l]=7 (0111)

State 207 file /home/dell/zyworkspace/nichecker/Experiment/icbmc/wdt_pci_2/_mt_main_n_result/_cs___mt_main_n.c line 827 function main thread 0
----------------------------------------------------
  __cs_tmp_t6_r0=0 (000)

State 213 file /home/dell/zyworkspace/nichecker/Experiment/icbmc/wdt_pci_2/_mt_main_n_result/_cs___mt_main_n.c line 832 function main thread 0
----------------------------------------------------
  __cs_thread_index=6 (0110)

State 214 file /home/dell/zyworkspace/nichecker/Experiment/icbmc/wdt_pci_2/_mt_main_n_result/_cs___mt_main_n.c line 834 function main thread 0
----------------------------------------------------
  __cs_pc_cs[6l]=0 (0000)

State 219 file /home/dell/zyworkspace/nichecker/Experiment/icbmc/wdt_pci_2/_mt_main_n_result/_cs___mt_main_n.c line 840 function main thread 0
----------------------------------------------------
  __cs_param_writer2_isr_arg=NULL (0000000000000000000000000000000000000000000000000000000000000000)

State 229 file /home/dell/zyworkspace/nichecker/Experiment/icbmc/wdt_pci_2/_mt_main_n_result/_cs___mt_main_n.c line 623 function writer2_isr_0 thread 0
----------------------------------------------------
  __cs_value_ptr=NULL (0000000000000000000000000000000000000000000000000000000000000000)

State 234 file /home/dell/zyworkspace/nichecker/Experiment/icbmc/wdt_pci_2/_mt_main_n_result/_cs___mt_main_n.c line 842 function main thread 0
----------------------------------------------------
  __cs_pc[6l]=0 (0000)

State 235 file /home/dell/zyworkspace/nichecker/Experiment/icbmc/wdt_pci_2/_mt_main_n_result/_cs___mt_main_n.c line 848 function main thread 0
----------------------------------------------------
  __cs_tmp_t7_r0=0 (0)

State 237 file /home/dell/zyworkspace/nichecker/Experiment/icbmc/wdt_pci_2/_mt_main_n_result/_cs___mt_main_n.c line 853 function main thread 0
----------------------------------------------------
  __cs_thread_index=7 (0111)

State 238 file /home/dell/zyworkspace/nichecker/Experiment/icbmc/wdt_pci_2/_mt_main_n_result/_cs___mt_main_n.c line 855 function main thread 0
----------------------------------------------------
  __cs_pc_cs[7l]=0 (0000)

State 243 file /home/dell/zyworkspace/nichecker/Experiment/icbmc/wdt_pci_2/_mt_main_n_result/_cs___mt_main_n.c line 861 function main thread 0
----------------------------------------------------
  __cs_param_writer3_isr_arg=NULL (0000000000000000000000000000000000000000000000000000000000000000)

State 247 file /home/dell/zyworkspace/nichecker/Experiment/icbmc/wdt_pci_2/_mt_main_n_result/_cs___mt_main_n.c line 686 function writer3_isr_0 thread 0
----------------------------------------------------
  __cs_value_ptr=NULL (0000000000000000000000000000000000000000000000000000000000000000)

State 252 file /home/dell/zyworkspace/nichecker/Experiment/icbmc/wdt_pci_2/_mt_main_n_result/_cs___mt_main_n.c line 863 function main thread 0
----------------------------------------------------
  __cs_pc[7l]=0 (0000)

State 253 file /home/dell/zyworkspace/nichecker/Experiment/icbmc/wdt_pci_2/_mt_main_n_result/_cs___mt_main_n.c line 873 function main thread 0
----------------------------------------------------
  __cs_tmp_t1_r1=0 (0)

State 259 file /home/dell/zyworkspace/nichecker/Experiment/icbmc/wdt_pci_2/_mt_main_n_result/_cs___mt_main_n.c line 894 function main thread 0
----------------------------------------------------
  __cs_tmp_t2_r1=0 (0)

State 261 file /home/dell/zyworkspace/nichecker/Experiment/icbmc/wdt_pci_2/_mt_main_n_result/_cs___mt_main_n.c line 899 function main thread 0
----------------------------------------------------
  __cs_thread_index=2 (0010)

State 262 file /home/dell/zyworkspace/nichecker/Experiment/icbmc/wdt_pci_2/_mt_main_n_result/_cs___mt_main_n.c line 901 function main thread 0
----------------------------------------------------
  __cs_pc_cs[2l]=0 (0000)

State 267 file /home/dell/zyworkspace/nichecker/Experiment/icbmc/wdt_pci_2/_mt_main_n_result/_cs___mt_main_n.c line 907 function main thread 0
----------------------------------------------------
  __cs_param_closer1_isr_arg=NULL (0000000000000000000000000000000000000000000000000000000000000000)

State 271 file /home/dell/zyworkspace/nichecker/Experiment/icbmc/wdt_pci_2/_mt_main_n_result/_cs___mt_main_n.c line 276 function closer1_isr_0 thread 0
----------------------------------------------------
  __cs_value_ptr=NULL (0000000000000000000000000000000000000000000000000000000000000000)

State 276 file /home/dell/zyworkspace/nichecker/Experiment/icbmc/wdt_pci_2/_mt_main_n_result/_cs___mt_main_n.c line 909 function main thread 0
----------------------------------------------------
  __cs_pc[2l]=0 (0000)

State 277 file /home/dell/zyworkspace/nichecker/Experiment/icbmc/wdt_pci_2/_mt_main_n_result/_cs___mt_main_n.c line 915 function main thread 0
----------------------------------------------------
  __cs_tmp_t3_r1=0 (0)

State 279 file /home/dell/zyworkspace/nichecker/Experiment/icbmc/wdt_pci_2/_mt_main_n_result/_cs___mt_main_n.c line 920 function main thread 0
----------------------------------------------------
  __cs_thread_index=3 (0011)

State 280 file /home/dell/zyworkspace/nichecker/Experiment/icbmc/wdt_pci_2/_mt_main_n_result/_cs___mt_main_n.c line 922 function main thread 0
----------------------------------------------------
  __cs_pc_cs[3l]=0 (0000)

State 285 file /home/dell/zyworkspace/nichecker/Experiment/icbmc/wdt_pci_2/_mt_main_n_result/_cs___mt_main_n.c line 928 function main thread 0
----------------------------------------------------
  __cs_param_closer2_isr_arg=NULL (0000000000000000000000000000000000000000000000000000000000000000)

State 289 file /home/dell/zyworkspace/nichecker/Experiment/icbmc/wdt_pci_2/_mt_main_n_result/_cs___mt_main_n.c line 361 function closer2_isr_0 thread 0
----------------------------------------------------
  __cs_value_ptr=NULL (0000000000000000000000000000000000000000000000000000000000000000)

State 294 file /home/dell/zyworkspace/nichecker/Experiment/icbmc/wdt_pci_2/_mt_main_n_result/_cs___mt_main_n.c line 930 function main thread 0
----------------------------------------------------
  __cs_pc[3l]=0 (0000)

State 295 file /home/dell/zyworkspace/nichecker/Experiment/icbmc/wdt_pci_2/_mt_main_n_result/_cs___mt_main_n.c line 936 function main thread 0
----------------------------------------------------
  __cs_tmp_t4_r1=9 (1001)

State 306 file /home/dell/zyworkspace/nichecker/Experiment/icbmc/wdt_pci_2/_mt_main_n_result/_cs___mt_main_n.c line 941 function main thread 0
----------------------------------------------------
  __cs_thread_index=4 (0100)

State 307 file /home/dell/zyworkspace/nichecker/Experiment/icbmc/wdt_pci_2/_mt_main_n_result/_cs___mt_main_n.c line 943 function main thread 0
----------------------------------------------------
  __cs_pc_cs[4l]=9 (1001)

State 312 file /home/dell/zyworkspace/nichecker/Experiment/icbmc/wdt_pci_2/_mt_main_n_result/_cs___mt_main_n.c line 949 function main thread 0
----------------------------------------------------
  __cs_param_closer3_isr_arg=NULL (0000000000000000000000000000000000000000000000000000000000000000)

State 321 file /home/dell/zyworkspace/nichecker/Experiment/icbmc/wdt_pci_2/_mt_main_n_result/_cs___mt_main_n.c line 434 function closer3_isr_0 thread 0
----------------------------------------------------
  __cs_local_closer3_isr___cs_tmp_if_cond_12=TRUE (00000001)

Violated property:
  file /home/dell/zyworkspace/nichecker/Experiment/icbmc/wdt_pci_2/_mt_main_n_result/_cs___mt_main_n.c line 440 function closer3_isr_0
  assertion 0
  (_Bool)0


** 1 of 3 failed (2 iterations)
VERIFICATION FAILED
