2023-10-04 12:13:35
SVPCheck: True	LoopAbstraction: True	LabelReduction: True	Slice: True	

SVPCheck var: svp_simple_019_001_global_var1	pattern: rwr
--------------------------Run start-------------------------------
inliner
slice
LoopAbstraction
unroller
insertLabel
lazyseq
feeder  0.205
[91mUNSAFE[0m, counterexample: 1, time: 3.609 s, memory: 29.92 MB
--------------------------Run end---------------------------------
SVPCheck var: svp_simple_019_001_global_var2	pattern: rwr
--------------------------Run start-------------------------------
inliner
slice
LoopAbstraction
unroller
insertLabel
lazyseq
feeder  0.254
[92mSAFE[0m, counterexample: 0, time: 3.574 s, memory: 32.29 MB
--------------------------Run end---------------------------------
SVPCheck var: svp_simple_019_001_global_condition3	pattern: rwr
--------------------------Run start-------------------------------
inliner
slice
LoopAbstraction
unroller
insertLabel
lazyseq
feeder  0.193
[92mSAFE[0m, counterexample: 0, time: 3.461 s, memory: 29.56 MB
--------------------------Run end---------------------------------
cbmcTimeSum: 0.652
modulesTimeSum: 10.644
