CBMC version 5.6 64-bit x86_64 linux
Parsing /home/dell/zyworkspace/nichecker/Experiment/remarks2.1_LA_Slicing/svp_simple_006/_mt_svp_simple_006_001_result/_cs_svp_simple_006_001_global_var2_wrw_mt_svp_simple_006_001.c
<command-line>: warning: "__STDC_VERSION__" redefined
<built-in>: note: this is the location of the previous definition
Converting
Type-checking _cs_svp_simple_006_001_global_var2_wrw_mt_svp_simple_006_001
file /home/dell/zyworkspace/nichecker/Experiment/remarks2.1_LA_Slicing/svp_simple_006/_mt_svp_simple_006_001_result/_cs_svp_simple_006_001_global_var2_wrw_mt_svp_simple_006_001.c line 833 function main_task_0: function `assert' is not declared
Generating GOTO Program
Adding CPROVER library (x86_64)
Removal of function pointers and virtual functions
Partial Inlining
Generic Property Instrumentation
Starting Bounded Model Checking
size of program expression: 1848 steps
simple slicing removed 72 assignments
Generated 11 VCC(s), 8 remaining after simplification
Passing problem to propositional reduction
converting SSA
Running propositional reduction
Post-processing
Solving with MiniSAT 2.2.1 with simplifier
18961 variables, 73468 clauses
SAT checker: instance is UNSATISFIABLE
Runtime decision procedure: 0.148s

** Results:
[main_task_0.assertion.1] assertion wrw_a_1 == 0: SUCCESS
[main_task_0.assertion.2] assertion wrw_a_1 == 0: SUCCESS
[main_task_0.assertion.3] assertion wrw_a_1 == 0: SUCCESS
[main_task_0.assertion.4] assertion wrw_a_1 == 0: SUCCESS

** 0 of 4 failed (1 iteration)
VERIFICATION SUCCESSFUL
