CBMC version 5.6 64-bit x86_64 linux
Parsing /home/dell/zyworkspace/nichecker/Experiment/remarks2.1_LA_Slicing/svp_simple_006/_mt_svp_simple_006_001_result/_cs_svp_simple_006_001_global_var1_rwr_mt_svp_simple_006_001.c
<command-line>: warning: "__STDC_VERSION__" redefined
<built-in>: note: this is the location of the previous definition
Converting
Type-checking _cs_svp_simple_006_001_global_var1_rwr_mt_svp_simple_006_001
file /home/dell/zyworkspace/nichecker/Experiment/remarks2.1_LA_Slicing/svp_simple_006/_mt_svp_simple_006_001_result/_cs_svp_simple_006_001_global_var1_rwr_mt_svp_simple_006_001.c line 314 function main_task_0: function `assert' is not declared
Generating GOTO Program
Adding CPROVER library (x86_64)
Removal of function pointers and virtual functions
Partial Inlining
Generic Property Instrumentation
Starting Bounded Model Checking
size of program expression: 4429 steps
simple slicing removed 306 assignments
Generated 33 VCC(s), 24 remaining after simplification
Passing problem to propositional reduction
converting SSA
Running propositional reduction
Post-processing
Solving with MiniSAT 2.2.1 with simplifier
30049 variables, 117268 clauses
SAT checker: instance is SATISFIABLE
Solving with MiniSAT 2.2.1 with simplifier
30049 variables, 47199 clauses
SAT checker: instance is SATISFIABLE
Solving with MiniSAT 2.2.1 with simplifier
30049 variables, 47199 clauses
SAT checker: instance is UNSATISFIABLE
Runtime decision procedure: 0.409s

** Results:
[main_task_0.assertion.1] assertion rwr_r1 == rwr_tmp1: SUCCESS
[main_task_0.assertion.2] assertion rwr_r2 == rwr_tmp1: SUCCESS
[main_task_0.assertion.3] assertion rwr_r3 == rwr_tmp1: SUCCESS
[main_task_0.assertion.4] assertion rwr_r4 == rwr_tmp1: SUCCESS
[main_task_0.assertion.5] assertion rwr_r5 == rwr_tmp1: SUCCESS
[main_task_0.assertion.6] assertion rwr_r6 == rwr_tmp1: SUCCESS
[main_task_0.assertion.7] assertion rwr_r7 == rwr_tmp1: SUCCESS
[main_task_0.assertion.8] assertion rwr_r8 == rwr_tmp1: FAILURE
[main_task_0.assertion.9] assertion rwr_r9 == rwr_tmp1: SUCCESS
[main_task_0.assertion.10] assertion rwr_r10 == rwr_tmp1: SUCCESS
[main_task_0.assertion.11] assertion rwr_r11 == rwr_tmp1: FAILURE
[main_task_0.assertion.12] assertion rwr_r12 == rwr_tmp1: SUCCESS

Trace for main_task_0.assertion.8:

State 101 file /home/dell/zyworkspace/nichecker/Experiment/remarks2.1_LA_Slicing/svp_simple_006/_mt_svp_simple_006_001_result/_cs_svp_simple_006_001_global_var1_rwr_mt_svp_simple_006_001.c line 1341 function main thread 0
----------------------------------------------------
  __cs_tmp_t1_r0=7 (00111)

State 103 file /home/dell/zyworkspace/nichecker/Experiment/remarks2.1_LA_Slicing/svp_simple_006/_mt_svp_simple_006_001_result/_cs_svp_simple_006_001_global_var1_rwr_mt_svp_simple_006_001.c line 1345 function main thread 0
----------------------------------------------------
  __cs_thread_index=1 (01)

State 104 file /home/dell/zyworkspace/nichecker/Experiment/remarks2.1_LA_Slicing/svp_simple_006/_mt_svp_simple_006_001_result/_cs_svp_simple_006_001_global_var1_rwr_mt_svp_simple_006_001.c line 1347 function main thread 0
----------------------------------------------------
  __cs_pc_cs[1l]=7 (00111)

State 109 file /home/dell/zyworkspace/nichecker/Experiment/remarks2.1_LA_Slicing/svp_simple_006/_mt_svp_simple_006_001_result/_cs_svp_simple_006_001_global_var1_rwr_mt_svp_simple_006_001.c line 1353 function main thread 0
----------------------------------------------------
  __cs_param_main_task_arg=NULL (0000000000000000000000000000000000000000000000000000000000000000)

State 111 file /home/dell/zyworkspace/nichecker/Experiment/remarks2.1_LA_Slicing/svp_simple_006/_mt_svp_simple_006_001_result/_cs_svp_simple_006_001_global_var1_rwr_mt_svp_simple_006_001.c line 201 function main_task_0 thread 0
----------------------------------------------------
  __cs_local_main_task_reader3=0 (00000000000000000000000000000000)

State 112 file /home/dell/zyworkspace/nichecker/Experiment/remarks2.1_LA_Slicing/svp_simple_006/_mt_svp_simple_006_001_result/_cs_svp_simple_006_001_global_var1_rwr_mt_svp_simple_006_001.c line 207 function main_task_0 thread 0
----------------------------------------------------
  __cs_local_main_task_i=0 (00000000000000000000000000000000)

State 113 file /home/dell/zyworkspace/nichecker/Experiment/remarks2.1_LA_Slicing/svp_simple_006/_mt_svp_simple_006_001_result/_cs_svp_simple_006_001_global_var1_rwr_mt_svp_simple_006_001.c line 215 function main_task_0 thread 0
----------------------------------------------------
  __cs_local_main_task_t_1=0 (00000000000000000000000000000000)

State 115 file /home/dell/zyworkspace/nichecker/Experiment/remarks2.1_LA_Slicing/svp_simple_006/_mt_svp_simple_006_001_result/_cs_svp_simple_006_001_global_var1_rwr_mt_svp_simple_006_001.c line 233 function main_task_0 thread 0
----------------------------------------------------
  __cs_local_main_task_loop_1_IOVar1=0 (00000000000000000000000000000000)

State 116 file /home/dell/zyworkspace/nichecker/Experiment/remarks2.1_LA_Slicing/svp_simple_006/_mt_svp_simple_006_001_result/_cs_svp_simple_006_001_global_var1_rwr_mt_svp_simple_006_001.c line 236 function main_task_0 thread 0
----------------------------------------------------
  __cs_local_main_task_loop_1_block_2=0 (00000000000000000000000000000000)

State 117 file /home/dell/zyworkspace/nichecker/Experiment/remarks2.1_LA_Slicing/svp_simple_006/_mt_svp_simple_006_001_result/_cs_svp_simple_006_001_global_var1_rwr_mt_svp_simple_006_001.c line 239 function main_task_0 thread 0
----------------------------------------------------
  __cs_local_main_task_i=0 (00000000000000000000000000000000)

State 120 file /home/dell/zyworkspace/nichecker/Experiment/remarks2.1_LA_Slicing/svp_simple_006/_mt_svp_simple_006_001_result/_cs_svp_simple_006_001_global_var1_rwr_mt_svp_simple_006_001.c line 250 function main_task_0 thread 0
----------------------------------------------------
  __cs_local_main_task_j=0 (00000000000000000000000000000000)

State 121 file /home/dell/zyworkspace/nichecker/Experiment/remarks2.1_LA_Slicing/svp_simple_006/_mt_svp_simple_006_001_result/_cs_svp_simple_006_001_global_var1_rwr_mt_svp_simple_006_001.c line 258 function main_task_0 thread 0
----------------------------------------------------
  __cs_local_main_task_t_2=0 (00000000000000000000000000000000)

State 123 file /home/dell/zyworkspace/nichecker/Experiment/remarks2.1_LA_Slicing/svp_simple_006/_mt_svp_simple_006_001_result/_cs_svp_simple_006_001_global_var1_rwr_mt_svp_simple_006_001.c line 276 function main_task_0 thread 0
----------------------------------------------------
  __cs_local_main_task_loop_2_IOVar1=0 (00000000000000000000000000000000)

State 124 file /home/dell/zyworkspace/nichecker/Experiment/remarks2.1_LA_Slicing/svp_simple_006/_mt_svp_simple_006_001_result/_cs_svp_simple_006_001_global_var1_rwr_mt_svp_simple_006_001.c line 279 function main_task_0 thread 0
----------------------------------------------------
  __cs_local_main_task_loop_2_block_4=0 (00000000000000000000000000000000)

State 125 file /home/dell/zyworkspace/nichecker/Experiment/remarks2.1_LA_Slicing/svp_simple_006/_mt_svp_simple_006_001_result/_cs_svp_simple_006_001_global_var1_rwr_mt_svp_simple_006_001.c line 282 function main_task_0 thread 0
----------------------------------------------------
  __cs_local_main_task_j=0 (00000000000000000000000000000000)

State 128 file /home/dell/zyworkspace/nichecker/Experiment/remarks2.1_LA_Slicing/svp_simple_006/_mt_svp_simple_006_001_result/_cs_svp_simple_006_001_global_var1_rwr_mt_svp_simple_006_001.c line 292 function main_task_0 thread 0
----------------------------------------------------
  __cs_local_main_task___cs_tmp_if_cond_0=TRUE (00000001)

State 130 file /home/dell/zyworkspace/nichecker/Experiment/remarks2.1_LA_Slicing/svp_simple_006/_mt_svp_simple_006_001_result/_cs_svp_simple_006_001_global_var1_rwr_mt_svp_simple_006_001.c line 301 function main_task_0 thread 0
----------------------------------------------------
  __cs_local_main_task___cs_tmp_if_cond_1=TRUE (00000001)

State 133 file /home/dell/zyworkspace/nichecker/Experiment/remarks2.1_LA_Slicing/svp_simple_006/_mt_svp_simple_006_001_result/_cs_svp_simple_006_001_global_var1_rwr_mt_svp_simple_006_001.c line 310 function main_task_0 thread 0
----------------------------------------------------
  __cs_local_main_task_reader1=0 (00000000000000000000000000000000)

State 134 file /home/dell/zyworkspace/nichecker/Experiment/remarks2.1_LA_Slicing/svp_simple_006/_mt_svp_simple_006_001_result/_cs_svp_simple_006_001_global_var1_rwr_mt_svp_simple_006_001.c line 312 function main_task_0 thread 0
----------------------------------------------------
  rwr_r1=0 (00000000000000000000000000000000)

State 136 file /home/dell/zyworkspace/nichecker/Experiment/remarks2.1_LA_Slicing/svp_simple_006/_mt_svp_simple_006_001_result/_cs_svp_simple_006_001_global_var1_rwr_mt_svp_simple_006_001.c line 316 function main_task_0 thread 0
----------------------------------------------------
  rwr_tmp1_num=1 (00000000000000000000000000000001)

State 137 file /home/dell/zyworkspace/nichecker/Experiment/remarks2.1_LA_Slicing/svp_simple_006/_mt_svp_simple_006_001_result/_cs_svp_simple_006_001_global_var1_rwr_mt_svp_simple_006_001.c line 317 function main_task_0 thread 0
----------------------------------------------------
  rwr_tmp1=0 (00000000000000000000000000000000)

State 141 file /home/dell/zyworkspace/nichecker/Experiment/remarks2.1_LA_Slicing/svp_simple_006/_mt_svp_simple_006_001_result/_cs_svp_simple_006_001_global_var1_rwr_mt_svp_simple_006_001.c line 398 function main_task_0 thread 0
----------------------------------------------------
  __cs_local_main_task_j=1 (00000000000000000000000000000001)

State 142 file /home/dell/zyworkspace/nichecker/Experiment/remarks2.1_LA_Slicing/svp_simple_006/_mt_svp_simple_006_001_result/_cs_svp_simple_006_001_global_var1_rwr_mt_svp_simple_006_001.c line 404 function main_task_0 thread 0
----------------------------------------------------
  __cs_local_main_task_t_2=1 (00000000000000000000000000000001)

State 144 file /home/dell/zyworkspace/nichecker/Experiment/remarks2.1_LA_Slicing/svp_simple_006/_mt_svp_simple_006_001_result/_cs_svp_simple_006_001_global_var1_rwr_mt_svp_simple_006_001.c line 422 function main_task_0 thread 0
----------------------------------------------------
  __cs_local_main_task_loop_2_IOVar1=1 (00000000000000000000000000000001)

State 145 file /home/dell/zyworkspace/nichecker/Experiment/remarks2.1_LA_Slicing/svp_simple_006/_mt_svp_simple_006_001_result/_cs_svp_simple_006_001_global_var1_rwr_mt_svp_simple_006_001.c line 425 function main_task_0 thread 0
----------------------------------------------------
  __cs_local_main_task_loop_2_block_4=3 (00000000000000000000000000000011)

State 146 file /home/dell/zyworkspace/nichecker/Experiment/remarks2.1_LA_Slicing/svp_simple_006/_mt_svp_simple_006_001_result/_cs_svp_simple_006_001_global_var1_rwr_mt_svp_simple_006_001.c line 428 function main_task_0 thread 0
----------------------------------------------------
  __cs_local_main_task_j=4 (00000000000000000000000000000100)

State 149 file /home/dell/zyworkspace/nichecker/Experiment/remarks2.1_LA_Slicing/svp_simple_006/_mt_svp_simple_006_001_result/_cs_svp_simple_006_001_global_var1_rwr_mt_svp_simple_006_001.c line 438 function main_task_0 thread 0
----------------------------------------------------
  __cs_local_main_task___cs_tmp_if_cond_0=FALSE (00000000)

State 152 file /home/dell/zyworkspace/nichecker/Experiment/remarks2.1_LA_Slicing/svp_simple_006/_mt_svp_simple_006_001_result/_cs_svp_simple_006_001_global_var1_rwr_mt_svp_simple_006_001.c line 544 function main_task_0 thread 0
----------------------------------------------------
  __cs_local_main_task_j=5 (00000000000000000000000000000101)

State 153 file /home/dell/zyworkspace/nichecker/Experiment/remarks2.1_LA_Slicing/svp_simple_006/_mt_svp_simple_006_001_result/_cs_svp_simple_006_001_global_var1_rwr_mt_svp_simple_006_001.c line 550 function main_task_0 thread 0
----------------------------------------------------
  __cs_local_main_task_t_2=2 (00000000000000000000000000000010)

State 154 file /home/dell/zyworkspace/nichecker/Experiment/remarks2.1_LA_Slicing/svp_simple_006/_mt_svp_simple_006_001_result/_cs_svp_simple_006_001_global_var1_rwr_mt_svp_simple_006_001.c line 554 function main_task_0 thread 0
----------------------------------------------------
  __cs_loop_2=FALSE (00000000)

State 169 file /home/dell/zyworkspace/nichecker/Experiment/remarks2.1_LA_Slicing/svp_simple_006/_mt_svp_simple_006_001_result/_cs_svp_simple_006_001_global_var1_rwr_mt_svp_simple_006_001.c line 1329 function main_task_0 thread 0
----------------------------------------------------
  __cs_value_ptr=NULL (0000000000000000000000000000000000000000000000000000000000000000)

State 174 file /home/dell/zyworkspace/nichecker/Experiment/remarks2.1_LA_Slicing/svp_simple_006/_mt_svp_simple_006_001_result/_cs_svp_simple_006_001_global_var1_rwr_mt_svp_simple_006_001.c line 1355 function main thread 0
----------------------------------------------------
  __cs_pc[1l]=7 (00111)

State 175 file /home/dell/zyworkspace/nichecker/Experiment/remarks2.1_LA_Slicing/svp_simple_006/_mt_svp_simple_006_001_result/_cs_svp_simple_006_001_global_var1_rwr_mt_svp_simple_006_001.c line 1361 function main thread 0
----------------------------------------------------
  __cs_tmp_t2_r0=1 (1)

State 177 file /home/dell/zyworkspace/nichecker/Experiment/remarks2.1_LA_Slicing/svp_simple_006/_mt_svp_simple_006_001_result/_cs_svp_simple_006_001_global_var1_rwr_mt_svp_simple_006_001.c line 1366 function main thread 0
----------------------------------------------------
  __cs_thread_index=2 (10)

State 178 file /home/dell/zyworkspace/nichecker/Experiment/remarks2.1_LA_Slicing/svp_simple_006/_mt_svp_simple_006_001_result/_cs_svp_simple_006_001_global_var1_rwr_mt_svp_simple_006_001.c line 1368 function main thread 0
----------------------------------------------------
  __cs_pc_cs[2l]=1 (00001)

State 183 file /home/dell/zyworkspace/nichecker/Experiment/remarks2.1_LA_Slicing/svp_simple_006/_mt_svp_simple_006_001_result/_cs_svp_simple_006_001_global_var1_rwr_mt_svp_simple_006_001.c line 1374 function main thread 0
----------------------------------------------------
  __cs_param_svp_simple_006_001_isr_1_arg=NULL (0000000000000000000000000000000000000000000000000000000000000000)

State 185 file /home/dell/zyworkspace/nichecker/Experiment/remarks2.1_LA_Slicing/svp_simple_006/_mt_svp_simple_006_001_result/_cs_svp_simple_006_001_global_var1_rwr_mt_svp_simple_006_001.c line 167 function svp_simple_006_001_isr_1_0 thread 0
----------------------------------------------------
  __cs_local_svp_simple_006_001_isr_1_reader2=0 (00000000000000000000000000000000)

State 186 file /home/dell/zyworkspace/nichecker/Experiment/remarks2.1_LA_Slicing/svp_simple_006/_mt_svp_simple_006_001_result/_cs_svp_simple_006_001_global_var1_rwr_mt_svp_simple_006_001.c line 172 function svp_simple_006_001_isr_1_0 thread 0
----------------------------------------------------
  __cs_local_svp_simple_006_001_isr_1_i=0 (00000000000000000000000000000000)

State 187 file /home/dell/zyworkspace/nichecker/Experiment/remarks2.1_LA_Slicing/svp_simple_006/_mt_svp_simple_006_001_result/_cs_svp_simple_006_001_global_var1_rwr_mt_svp_simple_006_001.c line 176 function svp_simple_006_001_isr_1_0 thread 0
----------------------------------------------------
  svp_simple_006_001_global_var1=1 (00000000000000000000000000000001)

State 191 file /home/dell/zyworkspace/nichecker/Experiment/remarks2.1_LA_Slicing/svp_simple_006/_mt_svp_simple_006_001_result/_cs_svp_simple_006_001_global_var1_rwr_mt_svp_simple_006_001.c line 187 function svp_simple_006_001_isr_1_0 thread 0
----------------------------------------------------
  __cs_value_ptr=NULL (0000000000000000000000000000000000000000000000000000000000000000)

State 196 file /home/dell/zyworkspace/nichecker/Experiment/remarks2.1_LA_Slicing/svp_simple_006/_mt_svp_simple_006_001_result/_cs_svp_simple_006_001_global_var1_rwr_mt_svp_simple_006_001.c line 1376 function main thread 0
----------------------------------------------------
  __cs_pc[2l]=1 (00001)

State 197 file /home/dell/zyworkspace/nichecker/Experiment/remarks2.1_LA_Slicing/svp_simple_006/_mt_svp_simple_006_001_result/_cs_svp_simple_006_001_global_var1_rwr_mt_svp_simple_006_001.c line 1386 function main thread 0
----------------------------------------------------
  __cs_tmp_t1_r1=13 (01101)

State 199 file /home/dell/zyworkspace/nichecker/Experiment/remarks2.1_LA_Slicing/svp_simple_006/_mt_svp_simple_006_001_result/_cs_svp_simple_006_001_global_var1_rwr_mt_svp_simple_006_001.c line 1391 function main thread 0
----------------------------------------------------
  __cs_thread_index=1 (01)

State 200 file /home/dell/zyworkspace/nichecker/Experiment/remarks2.1_LA_Slicing/svp_simple_006/_mt_svp_simple_006_001_result/_cs_svp_simple_006_001_global_var1_rwr_mt_svp_simple_006_001.c line 1393 function main thread 0
----------------------------------------------------
  __cs_pc_cs[1l]=13 (01101)

State 205 file /home/dell/zyworkspace/nichecker/Experiment/remarks2.1_LA_Slicing/svp_simple_006/_mt_svp_simple_006_001_result/_cs_svp_simple_006_001_global_var1_rwr_mt_svp_simple_006_001.c line 1399 function main thread 0
----------------------------------------------------
  __cs_param_main_task_arg=NULL (0000000000000000000000000000000000000000000000000000000000000000)

State 217 file /home/dell/zyworkspace/nichecker/Experiment/remarks2.1_LA_Slicing/svp_simple_006/_mt_svp_simple_006_001_result/_cs_svp_simple_006_001_global_var1_rwr_mt_svp_simple_006_001.c line 576 function main_task_0 thread 0
----------------------------------------------------
  __cs_local_main_task_i=1 (00000000000000000000000000000001)

State 218 file /home/dell/zyworkspace/nichecker/Experiment/remarks2.1_LA_Slicing/svp_simple_006/_mt_svp_simple_006_001_result/_cs_svp_simple_006_001_global_var1_rwr_mt_svp_simple_006_001.c line 582 function main_task_0 thread 0
----------------------------------------------------
  __cs_local_main_task_t_1=1 (00000000000000000000000000000001)

State 220 file /home/dell/zyworkspace/nichecker/Experiment/remarks2.1_LA_Slicing/svp_simple_006/_mt_svp_simple_006_001_result/_cs_svp_simple_006_001_global_var1_rwr_mt_svp_simple_006_001.c line 600 function main_task_0 thread 0
----------------------------------------------------
  __cs_local_main_task_loop_1_IOVar1=1 (00000000000000000000000000000001)

State 221 file /home/dell/zyworkspace/nichecker/Experiment/remarks2.1_LA_Slicing/svp_simple_006/_mt_svp_simple_006_001_result/_cs_svp_simple_006_001_global_var1_rwr_mt_svp_simple_006_001.c line 603 function main_task_0 thread 0
----------------------------------------------------
  __cs_local_main_task_loop_1_block_2=3 (00000000000000000000000000000011)

State 222 file /home/dell/zyworkspace/nichecker/Experiment/remarks2.1_LA_Slicing/svp_simple_006/_mt_svp_simple_006_001_result/_cs_svp_simple_006_001_global_var1_rwr_mt_svp_simple_006_001.c line 606 function main_task_0 thread 0
----------------------------------------------------
  __cs_local_main_task_i=4 (00000000000000000000000000000100)

State 225 file /home/dell/zyworkspace/nichecker/Experiment/remarks2.1_LA_Slicing/svp_simple_006/_mt_svp_simple_006_001_result/_cs_svp_simple_006_001_global_var1_rwr_mt_svp_simple_006_001.c line 617 function main_task_0 thread 0
----------------------------------------------------
  __cs_local_main_task_j=0 (00000000000000000000000000000000)

State 226 file /home/dell/zyworkspace/nichecker/Experiment/remarks2.1_LA_Slicing/svp_simple_006/_mt_svp_simple_006_001_result/_cs_svp_simple_006_001_global_var1_rwr_mt_svp_simple_006_001.c line 625 function main_task_0 thread 0
----------------------------------------------------
  __cs_local_main_task_t_2=0 (00000000000000000000000000000000)

State 228 file /home/dell/zyworkspace/nichecker/Experiment/remarks2.1_LA_Slicing/svp_simple_006/_mt_svp_simple_006_001_result/_cs_svp_simple_006_001_global_var1_rwr_mt_svp_simple_006_001.c line 643 function main_task_0 thread 0
----------------------------------------------------
  __cs_local_main_task_loop_2_IOVar1=0 (00000000000000000000000000000000)

State 229 file /home/dell/zyworkspace/nichecker/Experiment/remarks2.1_LA_Slicing/svp_simple_006/_mt_svp_simple_006_001_result/_cs_svp_simple_006_001_global_var1_rwr_mt_svp_simple_006_001.c line 646 function main_task_0 thread 0
----------------------------------------------------
  __cs_local_main_task_loop_2_block_4=4 (00000000000000000000000000000100)

State 230 file /home/dell/zyworkspace/nichecker/Experiment/remarks2.1_LA_Slicing/svp_simple_006/_mt_svp_simple_006_001_result/_cs_svp_simple_006_001_global_var1_rwr_mt_svp_simple_006_001.c line 649 function main_task_0 thread 0
----------------------------------------------------
  __cs_local_main_task_j=4 (00000000000000000000000000000100)

State 233 file /home/dell/zyworkspace/nichecker/Experiment/remarks2.1_LA_Slicing/svp_simple_006/_mt_svp_simple_006_001_result/_cs_svp_simple_006_001_global_var1_rwr_mt_svp_simple_006_001.c line 659 function main_task_0 thread 0
----------------------------------------------------
  __cs_local_main_task___cs_tmp_if_cond_0=TRUE (00000001)

State 235 file /home/dell/zyworkspace/nichecker/Experiment/remarks2.1_LA_Slicing/svp_simple_006/_mt_svp_simple_006_001_result/_cs_svp_simple_006_001_global_var1_rwr_mt_svp_simple_006_001.c line 668 function main_task_0 thread 0
----------------------------------------------------
  __cs_local_main_task___cs_tmp_if_cond_1=FALSE (00000000)

State 238 file /home/dell/zyworkspace/nichecker/Experiment/remarks2.1_LA_Slicing/svp_simple_006/_mt_svp_simple_006_001_result/_cs_svp_simple_006_001_global_var1_rwr_mt_svp_simple_006_001.c line 695 function main_task_0 thread 0
----------------------------------------------------
  __cs_local_main_task___cs_tmp_if_cond_2=TRUE (00000001)

State 241 file /home/dell/zyworkspace/nichecker/Experiment/remarks2.1_LA_Slicing/svp_simple_006/_mt_svp_simple_006_001_result/_cs_svp_simple_006_001_global_var1_rwr_mt_svp_simple_006_001.c line 704 function main_task_0 thread 0
----------------------------------------------------
  __cs_local_main_task_reader2=1 (00000000000000000000000000000001)

State 242 file /home/dell/zyworkspace/nichecker/Experiment/remarks2.1_LA_Slicing/svp_simple_006/_mt_svp_simple_006_001_result/_cs_svp_simple_006_001_global_var1_rwr_mt_svp_simple_006_001.c line 706 function main_task_0 thread 0
----------------------------------------------------
  rwr_r8=1 (00000000000000000000000000000001)

Violated property:
  file /home/dell/zyworkspace/nichecker/Experiment/remarks2.1_LA_Slicing/svp_simple_006/_mt_svp_simple_006_001_result/_cs_svp_simple_006_001_global_var1_rwr_mt_svp_simple_006_001.c line 708 function main_task_0
  assertion rwr_r8 == rwr_tmp1
  rwr_r8 == rwr_tmp1


Trace for main_task_0.assertion.11:

State 101 file /home/dell/zyworkspace/nichecker/Experiment/remarks2.1_LA_Slicing/svp_simple_006/_mt_svp_simple_006_001_result/_cs_svp_simple_006_001_global_var1_rwr_mt_svp_simple_006_001.c line 1341 function main thread 0
----------------------------------------------------
  __cs_tmp_t1_r0=7 (00111)

State 103 file /home/dell/zyworkspace/nichecker/Experiment/remarks2.1_LA_Slicing/svp_simple_006/_mt_svp_simple_006_001_result/_cs_svp_simple_006_001_global_var1_rwr_mt_svp_simple_006_001.c line 1345 function main thread 0
----------------------------------------------------
  __cs_thread_index=1 (01)

State 104 file /home/dell/zyworkspace/nichecker/Experiment/remarks2.1_LA_Slicing/svp_simple_006/_mt_svp_simple_006_001_result/_cs_svp_simple_006_001_global_var1_rwr_mt_svp_simple_006_001.c line 1347 function main thread 0
----------------------------------------------------
  __cs_pc_cs[1l]=7 (00111)

State 109 file /home/dell/zyworkspace/nichecker/Experiment/remarks2.1_LA_Slicing/svp_simple_006/_mt_svp_simple_006_001_result/_cs_svp_simple_006_001_global_var1_rwr_mt_svp_simple_006_001.c line 1353 function main thread 0
----------------------------------------------------
  __cs_param_main_task_arg=NULL (0000000000000000000000000000000000000000000000000000000000000000)

State 111 file /home/dell/zyworkspace/nichecker/Experiment/remarks2.1_LA_Slicing/svp_simple_006/_mt_svp_simple_006_001_result/_cs_svp_simple_006_001_global_var1_rwr_mt_svp_simple_006_001.c line 201 function main_task_0 thread 0
----------------------------------------------------
  __cs_local_main_task_reader3=0 (00000000000000000000000000000000)

State 112 file /home/dell/zyworkspace/nichecker/Experiment/remarks2.1_LA_Slicing/svp_simple_006/_mt_svp_simple_006_001_result/_cs_svp_simple_006_001_global_var1_rwr_mt_svp_simple_006_001.c line 207 function main_task_0 thread 0
----------------------------------------------------
  __cs_local_main_task_i=0 (00000000000000000000000000000000)

State 113 file /home/dell/zyworkspace/nichecker/Experiment/remarks2.1_LA_Slicing/svp_simple_006/_mt_svp_simple_006_001_result/_cs_svp_simple_006_001_global_var1_rwr_mt_svp_simple_006_001.c line 215 function main_task_0 thread 0
----------------------------------------------------
  __cs_local_main_task_t_1=0 (00000000000000000000000000000000)

State 115 file /home/dell/zyworkspace/nichecker/Experiment/remarks2.1_LA_Slicing/svp_simple_006/_mt_svp_simple_006_001_result/_cs_svp_simple_006_001_global_var1_rwr_mt_svp_simple_006_001.c line 233 function main_task_0 thread 0
----------------------------------------------------
  __cs_local_main_task_loop_1_IOVar1=0 (00000000000000000000000000000000)

State 116 file /home/dell/zyworkspace/nichecker/Experiment/remarks2.1_LA_Slicing/svp_simple_006/_mt_svp_simple_006_001_result/_cs_svp_simple_006_001_global_var1_rwr_mt_svp_simple_006_001.c line 236 function main_task_0 thread 0
----------------------------------------------------
  __cs_local_main_task_loop_1_block_2=0 (00000000000000000000000000000000)

State 117 file /home/dell/zyworkspace/nichecker/Experiment/remarks2.1_LA_Slicing/svp_simple_006/_mt_svp_simple_006_001_result/_cs_svp_simple_006_001_global_var1_rwr_mt_svp_simple_006_001.c line 239 function main_task_0 thread 0
----------------------------------------------------
  __cs_local_main_task_i=0 (00000000000000000000000000000000)

State 120 file /home/dell/zyworkspace/nichecker/Experiment/remarks2.1_LA_Slicing/svp_simple_006/_mt_svp_simple_006_001_result/_cs_svp_simple_006_001_global_var1_rwr_mt_svp_simple_006_001.c line 250 function main_task_0 thread 0
----------------------------------------------------
  __cs_local_main_task_j=0 (00000000000000000000000000000000)

State 121 file /home/dell/zyworkspace/nichecker/Experiment/remarks2.1_LA_Slicing/svp_simple_006/_mt_svp_simple_006_001_result/_cs_svp_simple_006_001_global_var1_rwr_mt_svp_simple_006_001.c line 258 function main_task_0 thread 0
----------------------------------------------------
  __cs_local_main_task_t_2=0 (00000000000000000000000000000000)

State 123 file /home/dell/zyworkspace/nichecker/Experiment/remarks2.1_LA_Slicing/svp_simple_006/_mt_svp_simple_006_001_result/_cs_svp_simple_006_001_global_var1_rwr_mt_svp_simple_006_001.c line 276 function main_task_0 thread 0
----------------------------------------------------
  __cs_local_main_task_loop_2_IOVar1=0 (00000000000000000000000000000000)

State 124 file /home/dell/zyworkspace/nichecker/Experiment/remarks2.1_LA_Slicing/svp_simple_006/_mt_svp_simple_006_001_result/_cs_svp_simple_006_001_global_var1_rwr_mt_svp_simple_006_001.c line 279 function main_task_0 thread 0
----------------------------------------------------
  __cs_local_main_task_loop_2_block_4=0 (00000000000000000000000000000000)

State 125 file /home/dell/zyworkspace/nichecker/Experiment/remarks2.1_LA_Slicing/svp_simple_006/_mt_svp_simple_006_001_result/_cs_svp_simple_006_001_global_var1_rwr_mt_svp_simple_006_001.c line 282 function main_task_0 thread 0
----------------------------------------------------
  __cs_local_main_task_j=0 (00000000000000000000000000000000)

State 128 file /home/dell/zyworkspace/nichecker/Experiment/remarks2.1_LA_Slicing/svp_simple_006/_mt_svp_simple_006_001_result/_cs_svp_simple_006_001_global_var1_rwr_mt_svp_simple_006_001.c line 292 function main_task_0 thread 0
----------------------------------------------------
  __cs_local_main_task___cs_tmp_if_cond_0=TRUE (00000001)

State 130 file /home/dell/zyworkspace/nichecker/Experiment/remarks2.1_LA_Slicing/svp_simple_006/_mt_svp_simple_006_001_result/_cs_svp_simple_006_001_global_var1_rwr_mt_svp_simple_006_001.c line 301 function main_task_0 thread 0
----------------------------------------------------
  __cs_local_main_task___cs_tmp_if_cond_1=TRUE (00000001)

State 133 file /home/dell/zyworkspace/nichecker/Experiment/remarks2.1_LA_Slicing/svp_simple_006/_mt_svp_simple_006_001_result/_cs_svp_simple_006_001_global_var1_rwr_mt_svp_simple_006_001.c line 310 function main_task_0 thread 0
----------------------------------------------------
  __cs_local_main_task_reader1=0 (00000000000000000000000000000000)

State 134 file /home/dell/zyworkspace/nichecker/Experiment/remarks2.1_LA_Slicing/svp_simple_006/_mt_svp_simple_006_001_result/_cs_svp_simple_006_001_global_var1_rwr_mt_svp_simple_006_001.c line 312 function main_task_0 thread 0
----------------------------------------------------
  rwr_r1=0 (00000000000000000000000000000000)

State 136 file /home/dell/zyworkspace/nichecker/Experiment/remarks2.1_LA_Slicing/svp_simple_006/_mt_svp_simple_006_001_result/_cs_svp_simple_006_001_global_var1_rwr_mt_svp_simple_006_001.c line 316 function main_task_0 thread 0
----------------------------------------------------
  rwr_tmp1_num=1 (00000000000000000000000000000001)

State 137 file /home/dell/zyworkspace/nichecker/Experiment/remarks2.1_LA_Slicing/svp_simple_006/_mt_svp_simple_006_001_result/_cs_svp_simple_006_001_global_var1_rwr_mt_svp_simple_006_001.c line 317 function main_task_0 thread 0
----------------------------------------------------
  rwr_tmp1=0 (00000000000000000000000000000000)

State 141 file /home/dell/zyworkspace/nichecker/Experiment/remarks2.1_LA_Slicing/svp_simple_006/_mt_svp_simple_006_001_result/_cs_svp_simple_006_001_global_var1_rwr_mt_svp_simple_006_001.c line 398 function main_task_0 thread 0
----------------------------------------------------
  __cs_local_main_task_j=1 (00000000000000000000000000000001)

State 142 file /home/dell/zyworkspace/nichecker/Experiment/remarks2.1_LA_Slicing/svp_simple_006/_mt_svp_simple_006_001_result/_cs_svp_simple_006_001_global_var1_rwr_mt_svp_simple_006_001.c line 404 function main_task_0 thread 0
----------------------------------------------------
  __cs_local_main_task_t_2=1 (00000000000000000000000000000001)

State 144 file /home/dell/zyworkspace/nichecker/Experiment/remarks2.1_LA_Slicing/svp_simple_006/_mt_svp_simple_006_001_result/_cs_svp_simple_006_001_global_var1_rwr_mt_svp_simple_006_001.c line 422 function main_task_0 thread 0
----------------------------------------------------
  __cs_local_main_task_loop_2_IOVar1=1 (00000000000000000000000000000001)

State 145 file /home/dell/zyworkspace/nichecker/Experiment/remarks2.1_LA_Slicing/svp_simple_006/_mt_svp_simple_006_001_result/_cs_svp_simple_006_001_global_var1_rwr_mt_svp_simple_006_001.c line 425 function main_task_0 thread 0
----------------------------------------------------
  __cs_local_main_task_loop_2_block_4=3 (00000000000000000000000000000011)

State 146 file /home/dell/zyworkspace/nichecker/Experiment/remarks2.1_LA_Slicing/svp_simple_006/_mt_svp_simple_006_001_result/_cs_svp_simple_006_001_global_var1_rwr_mt_svp_simple_006_001.c line 428 function main_task_0 thread 0
----------------------------------------------------
  __cs_local_main_task_j=4 (00000000000000000000000000000100)

State 149 file /home/dell/zyworkspace/nichecker/Experiment/remarks2.1_LA_Slicing/svp_simple_006/_mt_svp_simple_006_001_result/_cs_svp_simple_006_001_global_var1_rwr_mt_svp_simple_006_001.c line 438 function main_task_0 thread 0
----------------------------------------------------
  __cs_local_main_task___cs_tmp_if_cond_0=FALSE (00000000)

State 152 file /home/dell/zyworkspace/nichecker/Experiment/remarks2.1_LA_Slicing/svp_simple_006/_mt_svp_simple_006_001_result/_cs_svp_simple_006_001_global_var1_rwr_mt_svp_simple_006_001.c line 544 function main_task_0 thread 0
----------------------------------------------------
  __cs_local_main_task_j=5 (00000000000000000000000000000101)

State 153 file /home/dell/zyworkspace/nichecker/Experiment/remarks2.1_LA_Slicing/svp_simple_006/_mt_svp_simple_006_001_result/_cs_svp_simple_006_001_global_var1_rwr_mt_svp_simple_006_001.c line 550 function main_task_0 thread 0
----------------------------------------------------
  __cs_local_main_task_t_2=2 (00000000000000000000000000000010)

State 154 file /home/dell/zyworkspace/nichecker/Experiment/remarks2.1_LA_Slicing/svp_simple_006/_mt_svp_simple_006_001_result/_cs_svp_simple_006_001_global_var1_rwr_mt_svp_simple_006_001.c line 554 function main_task_0 thread 0
----------------------------------------------------
  __cs_loop_2=FALSE (00000000)

State 169 file /home/dell/zyworkspace/nichecker/Experiment/remarks2.1_LA_Slicing/svp_simple_006/_mt_svp_simple_006_001_result/_cs_svp_simple_006_001_global_var1_rwr_mt_svp_simple_006_001.c line 1329 function main_task_0 thread 0
----------------------------------------------------
  __cs_value_ptr=NULL (0000000000000000000000000000000000000000000000000000000000000000)

State 174 file /home/dell/zyworkspace/nichecker/Experiment/remarks2.1_LA_Slicing/svp_simple_006/_mt_svp_simple_006_001_result/_cs_svp_simple_006_001_global_var1_rwr_mt_svp_simple_006_001.c line 1355 function main thread 0
----------------------------------------------------
  __cs_pc[1l]=7 (00111)

State 175 file /home/dell/zyworkspace/nichecker/Experiment/remarks2.1_LA_Slicing/svp_simple_006/_mt_svp_simple_006_001_result/_cs_svp_simple_006_001_global_var1_rwr_mt_svp_simple_006_001.c line 1361 function main thread 0
----------------------------------------------------
  __cs_tmp_t2_r0=1 (1)

State 177 file /home/dell/zyworkspace/nichecker/Experiment/remarks2.1_LA_Slicing/svp_simple_006/_mt_svp_simple_006_001_result/_cs_svp_simple_006_001_global_var1_rwr_mt_svp_simple_006_001.c line 1366 function main thread 0
----------------------------------------------------
  __cs_thread_index=2 (10)

State 178 file /home/dell/zyworkspace/nichecker/Experiment/remarks2.1_LA_Slicing/svp_simple_006/_mt_svp_simple_006_001_result/_cs_svp_simple_006_001_global_var1_rwr_mt_svp_simple_006_001.c line 1368 function main thread 0
----------------------------------------------------
  __cs_pc_cs[2l]=1 (00001)

State 183 file /home/dell/zyworkspace/nichecker/Experiment/remarks2.1_LA_Slicing/svp_simple_006/_mt_svp_simple_006_001_result/_cs_svp_simple_006_001_global_var1_rwr_mt_svp_simple_006_001.c line 1374 function main thread 0
----------------------------------------------------
  __cs_param_svp_simple_006_001_isr_1_arg=NULL (0000000000000000000000000000000000000000000000000000000000000000)

State 185 file /home/dell/zyworkspace/nichecker/Experiment/remarks2.1_LA_Slicing/svp_simple_006/_mt_svp_simple_006_001_result/_cs_svp_simple_006_001_global_var1_rwr_mt_svp_simple_006_001.c line 167 function svp_simple_006_001_isr_1_0 thread 0
----------------------------------------------------
  __cs_local_svp_simple_006_001_isr_1_reader2=0 (00000000000000000000000000000000)

State 186 file /home/dell/zyworkspace/nichecker/Experiment/remarks2.1_LA_Slicing/svp_simple_006/_mt_svp_simple_006_001_result/_cs_svp_simple_006_001_global_var1_rwr_mt_svp_simple_006_001.c line 172 function svp_simple_006_001_isr_1_0 thread 0
----------------------------------------------------
  __cs_local_svp_simple_006_001_isr_1_i=0 (00000000000000000000000000000000)

State 187 file /home/dell/zyworkspace/nichecker/Experiment/remarks2.1_LA_Slicing/svp_simple_006/_mt_svp_simple_006_001_result/_cs_svp_simple_006_001_global_var1_rwr_mt_svp_simple_006_001.c line 176 function svp_simple_006_001_isr_1_0 thread 0
----------------------------------------------------
  svp_simple_006_001_global_var1=1 (00000000000000000000000000000001)

State 191 file /home/dell/zyworkspace/nichecker/Experiment/remarks2.1_LA_Slicing/svp_simple_006/_mt_svp_simple_006_001_result/_cs_svp_simple_006_001_global_var1_rwr_mt_svp_simple_006_001.c line 187 function svp_simple_006_001_isr_1_0 thread 0
----------------------------------------------------
  __cs_value_ptr=NULL (0000000000000000000000000000000000000000000000000000000000000000)

State 196 file /home/dell/zyworkspace/nichecker/Experiment/remarks2.1_LA_Slicing/svp_simple_006/_mt_svp_simple_006_001_result/_cs_svp_simple_006_001_global_var1_rwr_mt_svp_simple_006_001.c line 1376 function main thread 0
----------------------------------------------------
  __cs_pc[2l]=1 (00001)

State 197 file /home/dell/zyworkspace/nichecker/Experiment/remarks2.1_LA_Slicing/svp_simple_006/_mt_svp_simple_006_001_result/_cs_svp_simple_006_001_global_var1_rwr_mt_svp_simple_006_001.c line 1386 function main thread 0
----------------------------------------------------
  __cs_tmp_t1_r1=15 (01111)

State 199 file /home/dell/zyworkspace/nichecker/Experiment/remarks2.1_LA_Slicing/svp_simple_006/_mt_svp_simple_006_001_result/_cs_svp_simple_006_001_global_var1_rwr_mt_svp_simple_006_001.c line 1391 function main thread 0
----------------------------------------------------
  __cs_thread_index=1 (01)

State 200 file /home/dell/zyworkspace/nichecker/Experiment/remarks2.1_LA_Slicing/svp_simple_006/_mt_svp_simple_006_001_result/_cs_svp_simple_006_001_global_var1_rwr_mt_svp_simple_006_001.c line 1393 function main thread 0
----------------------------------------------------
  __cs_pc_cs[1l]=15 (01111)

State 205 file /home/dell/zyworkspace/nichecker/Experiment/remarks2.1_LA_Slicing/svp_simple_006/_mt_svp_simple_006_001_result/_cs_svp_simple_006_001_global_var1_rwr_mt_svp_simple_006_001.c line 1399 function main thread 0
----------------------------------------------------
  __cs_param_main_task_arg=NULL (0000000000000000000000000000000000000000000000000000000000000000)

State 217 file /home/dell/zyworkspace/nichecker/Experiment/remarks2.1_LA_Slicing/svp_simple_006/_mt_svp_simple_006_001_result/_cs_svp_simple_006_001_global_var1_rwr_mt_svp_simple_006_001.c line 576 function main_task_0 thread 0
----------------------------------------------------
  __cs_local_main_task_i=1 (00000000000000000000000000000001)

State 218 file /home/dell/zyworkspace/nichecker/Experiment/remarks2.1_LA_Slicing/svp_simple_006/_mt_svp_simple_006_001_result/_cs_svp_simple_006_001_global_var1_rwr_mt_svp_simple_006_001.c line 582 function main_task_0 thread 0
----------------------------------------------------
  __cs_local_main_task_t_1=1 (00000000000000000000000000000001)

State 220 file /home/dell/zyworkspace/nichecker/Experiment/remarks2.1_LA_Slicing/svp_simple_006/_mt_svp_simple_006_001_result/_cs_svp_simple_006_001_global_var1_rwr_mt_svp_simple_006_001.c line 600 function main_task_0 thread 0
----------------------------------------------------
  __cs_local_main_task_loop_1_IOVar1=1 (00000000000000000000000000000001)

State 221 file /home/dell/zyworkspace/nichecker/Experiment/remarks2.1_LA_Slicing/svp_simple_006/_mt_svp_simple_006_001_result/_cs_svp_simple_006_001_global_var1_rwr_mt_svp_simple_006_001.c line 603 function main_task_0 thread 0
----------------------------------------------------
  __cs_local_main_task_loop_1_block_2=3 (00000000000000000000000000000011)

State 222 file /home/dell/zyworkspace/nichecker/Experiment/remarks2.1_LA_Slicing/svp_simple_006/_mt_svp_simple_006_001_result/_cs_svp_simple_006_001_global_var1_rwr_mt_svp_simple_006_001.c line 606 function main_task_0 thread 0
----------------------------------------------------
  __cs_local_main_task_i=4 (00000000000000000000000000000100)

State 225 file /home/dell/zyworkspace/nichecker/Experiment/remarks2.1_LA_Slicing/svp_simple_006/_mt_svp_simple_006_001_result/_cs_svp_simple_006_001_global_var1_rwr_mt_svp_simple_006_001.c line 617 function main_task_0 thread 0
----------------------------------------------------
  __cs_local_main_task_j=0 (00000000000000000000000000000000)

State 226 file /home/dell/zyworkspace/nichecker/Experiment/remarks2.1_LA_Slicing/svp_simple_006/_mt_svp_simple_006_001_result/_cs_svp_simple_006_001_global_var1_rwr_mt_svp_simple_006_001.c line 625 function main_task_0 thread 0
----------------------------------------------------
  __cs_local_main_task_t_2=0 (00000000000000000000000000000000)

State 228 file /home/dell/zyworkspace/nichecker/Experiment/remarks2.1_LA_Slicing/svp_simple_006/_mt_svp_simple_006_001_result/_cs_svp_simple_006_001_global_var1_rwr_mt_svp_simple_006_001.c line 643 function main_task_0 thread 0
----------------------------------------------------
  __cs_local_main_task_loop_2_IOVar1=0 (00000000000000000000000000000000)

State 229 file /home/dell/zyworkspace/nichecker/Experiment/remarks2.1_LA_Slicing/svp_simple_006/_mt_svp_simple_006_001_result/_cs_svp_simple_006_001_global_var1_rwr_mt_svp_simple_006_001.c line 646 function main_task_0 thread 0
----------------------------------------------------
  __cs_local_main_task_loop_2_block_4=0 (00000000000000000000000000000000)

State 230 file /home/dell/zyworkspace/nichecker/Experiment/remarks2.1_LA_Slicing/svp_simple_006/_mt_svp_simple_006_001_result/_cs_svp_simple_006_001_global_var1_rwr_mt_svp_simple_006_001.c line 649 function main_task_0 thread 0
----------------------------------------------------
  __cs_local_main_task_j=0 (00000000000000000000000000000000)

State 233 file /home/dell/zyworkspace/nichecker/Experiment/remarks2.1_LA_Slicing/svp_simple_006/_mt_svp_simple_006_001_result/_cs_svp_simple_006_001_global_var1_rwr_mt_svp_simple_006_001.c line 659 function main_task_0 thread 0
----------------------------------------------------
  __cs_local_main_task___cs_tmp_if_cond_0=FALSE (00000000)

State 236 file /home/dell/zyworkspace/nichecker/Experiment/remarks2.1_LA_Slicing/svp_simple_006/_mt_svp_simple_006_001_result/_cs_svp_simple_006_001_global_var1_rwr_mt_svp_simple_006_001.c line 765 function main_task_0 thread 0
----------------------------------------------------
  __cs_local_main_task_j=1 (00000000000000000000000000000001)

State 237 file /home/dell/zyworkspace/nichecker/Experiment/remarks2.1_LA_Slicing/svp_simple_006/_mt_svp_simple_006_001_result/_cs_svp_simple_006_001_global_var1_rwr_mt_svp_simple_006_001.c line 771 function main_task_0 thread 0
----------------------------------------------------
  __cs_local_main_task_t_2=1 (00000000000000000000000000000001)

State 239 file /home/dell/zyworkspace/nichecker/Experiment/remarks2.1_LA_Slicing/svp_simple_006/_mt_svp_simple_006_001_result/_cs_svp_simple_006_001_global_var1_rwr_mt_svp_simple_006_001.c line 789 function main_task_0 thread 0
----------------------------------------------------
  __cs_local_main_task_loop_2_IOVar1=1 (00000000000000000000000000000001)

State 240 file /home/dell/zyworkspace/nichecker/Experiment/remarks2.1_LA_Slicing/svp_simple_006/_mt_svp_simple_006_001_result/_cs_svp_simple_006_001_global_var1_rwr_mt_svp_simple_006_001.c line 792 function main_task_0 thread 0
----------------------------------------------------
  __cs_local_main_task_loop_2_block_4=3 (00000000000000000000000000000011)

State 241 file /home/dell/zyworkspace/nichecker/Experiment/remarks2.1_LA_Slicing/svp_simple_006/_mt_svp_simple_006_001_result/_cs_svp_simple_006_001_global_var1_rwr_mt_svp_simple_006_001.c line 795 function main_task_0 thread 0
----------------------------------------------------
  __cs_local_main_task_j=4 (00000000000000000000000000000100)

State 244 file /home/dell/zyworkspace/nichecker/Experiment/remarks2.1_LA_Slicing/svp_simple_006/_mt_svp_simple_006_001_result/_cs_svp_simple_006_001_global_var1_rwr_mt_svp_simple_006_001.c line 805 function main_task_0 thread 0
----------------------------------------------------
  __cs_local_main_task___cs_tmp_if_cond_0=TRUE (00000001)

State 246 file /home/dell/zyworkspace/nichecker/Experiment/remarks2.1_LA_Slicing/svp_simple_006/_mt_svp_simple_006_001_result/_cs_svp_simple_006_001_global_var1_rwr_mt_svp_simple_006_001.c line 814 function main_task_0 thread 0
----------------------------------------------------
  __cs_local_main_task___cs_tmp_if_cond_1=FALSE (00000000)

State 249 file /home/dell/zyworkspace/nichecker/Experiment/remarks2.1_LA_Slicing/svp_simple_006/_mt_svp_simple_006_001_result/_cs_svp_simple_006_001_global_var1_rwr_mt_svp_simple_006_001.c line 841 function main_task_0 thread 0
----------------------------------------------------
  __cs_local_main_task___cs_tmp_if_cond_2=TRUE (00000001)

State 252 file /home/dell/zyworkspace/nichecker/Experiment/remarks2.1_LA_Slicing/svp_simple_006/_mt_svp_simple_006_001_result/_cs_svp_simple_006_001_global_var1_rwr_mt_svp_simple_006_001.c line 850 function main_task_0 thread 0
----------------------------------------------------
  __cs_local_main_task_reader2=1 (00000000000000000000000000000001)

State 253 file /home/dell/zyworkspace/nichecker/Experiment/remarks2.1_LA_Slicing/svp_simple_006/_mt_svp_simple_006_001_result/_cs_svp_simple_006_001_global_var1_rwr_mt_svp_simple_006_001.c line 852 function main_task_0 thread 0
----------------------------------------------------
  rwr_r11=1 (00000000000000000000000000000001)

Violated property:
  file /home/dell/zyworkspace/nichecker/Experiment/remarks2.1_LA_Slicing/svp_simple_006/_mt_svp_simple_006_001_result/_cs_svp_simple_006_001_global_var1_rwr_mt_svp_simple_006_001.c line 854 function main_task_0
  assertion rwr_r11 == rwr_tmp1
  rwr_r11 == rwr_tmp1


** 2 of 12 failed (3 iterations)
VERIFICATION FAILED
