2024-06-03 21:53:54
SVPCheck: True	LoopAbstraction: True	LabelReduction: False	Slice: True	

SVPCheck var: svp_simple_006_001_global_var2	pattern: wrw
--------------------------Run start-------------------------------
inliner
slice
LoopAbstraction
unroller
insertLabel
lazyseq
feeder  0.460
[92mSAFE[0m, counterexample: 0, time: 3.512 s, memory: 37.46 MB
--------------------------Run end---------------------------------
SVPCheck var: svp_simple_006_001_global_var1	pattern: rwr
--------------------------Run start-------------------------------
inliner
slice
LoopAbstraction
unroller
insertLabel
lazyseq
feeder  2.350
[91mUNSAFE[0m, counterexample: 2, time: 5.342 s, memory: 40.97 MB
--------------------------Run end---------------------------------
cbmcTimeSum: 2.81
modulesTimeSum: 8.854
