2023-10-15 16:48:39
SVPCheck: True	LoopAbstraction: True	LabelReduction: False	Slice: False	

SVPCheck var: svp_simple_022_001_global_var1	pattern: wwr
--------------------------Run start-------------------------------
inliner
slice
LoopAbstraction
unroller
insertLabel
lazyseq
feeder  0.295
[91mUNSAFE[0m, counterexample: 2, time: 1.891 s, memory: 35.23 MB
--------------------------Run end---------------------------------
SVPCheck var: svp_simple_022_001_global_var1	pattern: rwr
--------------------------Run start-------------------------------
inliner
slice
LoopAbstraction
unroller
insertLabel
lazyseq
feeder  0.289
[91mUNSAFE[0m, counterexample: 1, time: 1.917 s, memory: 35.37 MB
--------------------------Run end---------------------------------
SVPCheck var: svp_simple_022_001_global_var1	pattern: rww
--------------------------Run start-------------------------------
inliner
slice
LoopAbstraction
unroller
insertLabel
lazyseq
feeder  0.268
[91mUNSAFE[0m, counterexample: 1, time: 1.869 s, memory: 33.45 MB
--------------------------Run end---------------------------------
cbmcTimeSum: 0.852
modulesTimeSum: 5.677
