2023-10-15 16:52:23
SVPCheck: True	LoopAbstraction: False	LabelReduction: False	Slice: False	

SVPCheck var: svp_simple_015_001_global_var1	pattern: rwr
--------------------------Run start-------------------------------
inliner
slice
LoopAbstraction
unroller
insertLabel
lazyseq
feeder  0.181
[92mSAFE[0m, counterexample: 0, time: 1.632 s, memory: 29.27 MB
--------------------------Run end---------------------------------
SVPCheck var: svp_simple_015_001_global_var2	pattern: rwr
--------------------------Run start-------------------------------
inliner
slice
LoopAbstraction
unroller
insertLabel
lazyseq
feeder  0.177
[92mSAFE[0m, counterexample: 0, time: 1.647 s, memory: 29.08 MB
--------------------------Run end---------------------------------
cbmcTimeSum: 0.358
modulesTimeSum: 3.279
