CBMC version 5.6 64-bit x86_64 linux
Parsing /home/dell/zyworkspace/nichecker/Experiment/icbmc/blink3/_mt_main_n_result/_cs___mt_main_n.c
<command-line>: warning: "__STDC_VERSION__" redefined
<built-in>: note: this is the location of the previous definition
Converting
Type-checking _cs___mt_main_n
file /home/dell/zyworkspace/nichecker/Experiment/icbmc/blink3/_mt_main_n_result/_cs___mt_main_n.c line 189 function Timer_A_isr_0: function `assert' is not declared
Generating GOTO Program
Adding CPROVER library (x86_64)
Removal of function pointers and virtual functions
Partial Inlining
Generic Property Instrumentation
Starting Bounded Model Checking
size of program expression: 1056 steps
simple slicing removed 165 assignments
Generated 6 VCC(s), 6 remaining after simplification
Passing problem to propositional reduction
converting SSA
Running propositional reduction
Post-processing
Solving with MiniSAT 2.2.1 with simplifier
2925 variables, 7224 clauses
SAT checker: instance is SATISFIABLE
Solving with MiniSAT 2.2.1 with simplifier
2925 variables, 594 clauses
SAT checker inconsistent: instance is UNSATISFIABLE
Runtime decision procedure: 0.022s

** Results:
[Timer_A_isr_0.assertion.1] assertion 0: FAILURE
[Timer_B_isr_0.assertion.1] assertion 0: FAILURE
[Timer_C_isr_0.assertion.1] assertion 0: FAILURE
[Timer_Reset_isr_0.assertion.1] assertion 0: SUCCESS

Trace for Timer_A_isr_0.assertion.1:

State 56 file /home/dell/zyworkspace/nichecker/Experiment/icbmc/blink3/_mt_main_n_result/_cs___mt_main_n.c line 470 function main thread 0
----------------------------------------------------
  __cs_tmp_t1_r0=1 (001)

State 58 file /home/dell/zyworkspace/nichecker/Experiment/icbmc/blink3/_mt_main_n_result/_cs___mt_main_n.c line 474 function main thread 0
----------------------------------------------------
  __cs_thread_index=1 (001)

State 59 file /home/dell/zyworkspace/nichecker/Experiment/icbmc/blink3/_mt_main_n_result/_cs___mt_main_n.c line 476 function main thread 0
----------------------------------------------------
  __cs_pc_cs[1l]=1 (001)

State 64 file /home/dell/zyworkspace/nichecker/Experiment/icbmc/blink3/_mt_main_n_result/_cs___mt_main_n.c line 482 function main thread 0
----------------------------------------------------
  __cs_param_main_task_arg=NULL (0000000000000000000000000000000000000000000000000000000000000000)

State 66 file /home/dell/zyworkspace/nichecker/Experiment/icbmc/blink3/_mt_main_n_result/_cs___mt_main_n.c line 418 function main_task_0 thread 0
----------------------------------------------------
  WDTCTL=0 (00000000000000000000000000000000)

State 74 file /home/dell/zyworkspace/nichecker/Experiment/icbmc/blink3/_mt_main_n_result/_cs___mt_main_n.c line 458 function main_task_0 thread 0
----------------------------------------------------
  __cs_value_ptr=NULL (0000000000000000000000000000000000000000000000000000000000000000)

State 79 file /home/dell/zyworkspace/nichecker/Experiment/icbmc/blink3/_mt_main_n_result/_cs___mt_main_n.c line 484 function main thread 0
----------------------------------------------------
  __cs_pc[1l]=1 (001)

State 80 file /home/dell/zyworkspace/nichecker/Experiment/icbmc/blink3/_mt_main_n_result/_cs___mt_main_n.c line 490 function main thread 0
----------------------------------------------------
  __cs_tmp_t2_r0=0 (000)

State 97 file /home/dell/zyworkspace/nichecker/Experiment/icbmc/blink3/_mt_main_n_result/_cs___mt_main_n.c line 495 function main thread 0
----------------------------------------------------
  __cs_thread_index=2 (010)

State 98 file /home/dell/zyworkspace/nichecker/Experiment/icbmc/blink3/_mt_main_n_result/_cs___mt_main_n.c line 497 function main thread 0
----------------------------------------------------
  __cs_pc_cs[2l]=0 (000)

State 103 file /home/dell/zyworkspace/nichecker/Experiment/icbmc/blink3/_mt_main_n_result/_cs___mt_main_n.c line 503 function main thread 0
----------------------------------------------------
  __cs_param_Timer_A_isr_arg=NULL (0000000000000000000000000000000000000000000000000000000000000000)

State 111 file /home/dell/zyworkspace/nichecker/Experiment/icbmc/blink3/_mt_main_n_result/_cs___mt_main_n.c line 227 function Timer_A_isr_0 thread 0
----------------------------------------------------
  __cs_value_ptr=NULL (0000000000000000000000000000000000000000000000000000000000000000)

State 116 file /home/dell/zyworkspace/nichecker/Experiment/icbmc/blink3/_mt_main_n_result/_cs___mt_main_n.c line 505 function main thread 0
----------------------------------------------------
  __cs_pc[2l]=0 (000)

State 117 file /home/dell/zyworkspace/nichecker/Experiment/icbmc/blink3/_mt_main_n_result/_cs___mt_main_n.c line 511 function main thread 0
----------------------------------------------------
  __cs_tmp_t3_r0=5 (101)

State 134 file /home/dell/zyworkspace/nichecker/Experiment/icbmc/blink3/_mt_main_n_result/_cs___mt_main_n.c line 516 function main thread 0
----------------------------------------------------
  __cs_thread_index=3 (011)

State 135 file /home/dell/zyworkspace/nichecker/Experiment/icbmc/blink3/_mt_main_n_result/_cs___mt_main_n.c line 518 function main thread 0
----------------------------------------------------
  __cs_pc_cs[3l]=5 (101)

State 140 file /home/dell/zyworkspace/nichecker/Experiment/icbmc/blink3/_mt_main_n_result/_cs___mt_main_n.c line 524 function main thread 0
----------------------------------------------------
  __cs_param_Timer_B_isr_arg=NULL (0000000000000000000000000000000000000000000000000000000000000000)

State 142 file /home/dell/zyworkspace/nichecker/Experiment/icbmc/blink3/_mt_main_n_result/_cs___mt_main_n.c line 237 function Timer_B_isr_0 thread 0
----------------------------------------------------
  timerCount=1u (00000000000000000000000000000001)

State 144 file /home/dell/zyworkspace/nichecker/Experiment/icbmc/blink3/_mt_main_n_result/_cs___mt_main_n.c line 243 function Timer_B_isr_0 thread 0
----------------------------------------------------
  __cs_local_Timer_B_isr___cs_tmp_if_cond_2=TRUE (00000001)

Violated property:
  file /home/dell/zyworkspace/nichecker/Experiment/icbmc/blink3/_mt_main_n_result/_cs___mt_main_n.c line 249 function Timer_B_isr_0
  assertion 0
  (_Bool)0


State 148 file /home/dell/zyworkspace/nichecker/Experiment/icbmc/blink3/_mt_main_n_result/_cs___mt_main_n.c line 259 function Timer_B_isr_0 thread 0
----------------------------------------------------
  __cs_local_Timer_B_isr___cs_tmp_if_cond_3=FALSE (00000000)

State 152 file /home/dell/zyworkspace/nichecker/Experiment/icbmc/blink3/_mt_main_n_result/_cs___mt_main_n.c line 276 function Timer_B_isr_0 thread 0
----------------------------------------------------
  cnt2=1 (00000000000000000000000000000001)

State 156 file /home/dell/zyworkspace/nichecker/Experiment/icbmc/blink3/_mt_main_n_result/_cs___mt_main_n.c line 287 function Timer_B_isr_0 thread 0
----------------------------------------------------
  __cs_value_ptr=NULL (0000000000000000000000000000000000000000000000000000000000000000)

State 161 file /home/dell/zyworkspace/nichecker/Experiment/icbmc/blink3/_mt_main_n_result/_cs___mt_main_n.c line 526 function main thread 0
----------------------------------------------------
  __cs_pc[3l]=5 (101)

State 162 file /home/dell/zyworkspace/nichecker/Experiment/icbmc/blink3/_mt_main_n_result/_cs___mt_main_n.c line 532 function main thread 0
----------------------------------------------------
  __cs_tmp_t4_r0=0 (000)

State 164 file /home/dell/zyworkspace/nichecker/Experiment/icbmc/blink3/_mt_main_n_result/_cs___mt_main_n.c line 537 function main thread 0
----------------------------------------------------
  __cs_thread_index=4 (100)

State 165 file /home/dell/zyworkspace/nichecker/Experiment/icbmc/blink3/_mt_main_n_result/_cs___mt_main_n.c line 539 function main thread 0
----------------------------------------------------
  __cs_pc_cs[4l]=0 (000)

State 170 file /home/dell/zyworkspace/nichecker/Experiment/icbmc/blink3/_mt_main_n_result/_cs___mt_main_n.c line 545 function main thread 0
----------------------------------------------------
  __cs_param_Timer_C_isr_arg=NULL (0000000000000000000000000000000000000000000000000000000000000000)

State 178 file /home/dell/zyworkspace/nichecker/Experiment/icbmc/blink3/_mt_main_n_result/_cs___mt_main_n.c line 347 function Timer_C_isr_0 thread 0
----------------------------------------------------
  __cs_value_ptr=NULL (0000000000000000000000000000000000000000000000000000000000000000)

State 183 file /home/dell/zyworkspace/nichecker/Experiment/icbmc/blink3/_mt_main_n_result/_cs___mt_main_n.c line 547 function main thread 0
----------------------------------------------------
  __cs_pc[4l]=0 (000)

State 184 file /home/dell/zyworkspace/nichecker/Experiment/icbmc/blink3/_mt_main_n_result/_cs___mt_main_n.c line 553 function main thread 0
----------------------------------------------------
  __cs_tmp_t5_r0=2 (10)

State 191 file /home/dell/zyworkspace/nichecker/Experiment/icbmc/blink3/_mt_main_n_result/_cs___mt_main_n.c line 558 function main thread 0
----------------------------------------------------
  __cs_thread_index=5 (101)

State 192 file /home/dell/zyworkspace/nichecker/Experiment/icbmc/blink3/_mt_main_n_result/_cs___mt_main_n.c line 560 function main thread 0
----------------------------------------------------
  __cs_pc_cs[5l]=2 (010)

State 197 file /home/dell/zyworkspace/nichecker/Experiment/icbmc/blink3/_mt_main_n_result/_cs___mt_main_n.c line 566 function main thread 0
----------------------------------------------------
  __cs_param_Timer_Force_isr_arg=NULL (0000000000000000000000000000000000000000000000000000000000000000)

State 199 file /home/dell/zyworkspace/nichecker/Experiment/icbmc/blink3/_mt_main_n_result/_cs___mt_main_n.c line 357 function Timer_Force_isr_0 thread 0
----------------------------------------------------
  timerCount=2u (00000000000000000000000000000010)

State 201 file /home/dell/zyworkspace/nichecker/Experiment/icbmc/blink3/_mt_main_n_result/_cs___mt_main_n.c line 361 function Timer_Force_isr_0 thread 0
----------------------------------------------------
  cnt4=1 (00000000000000000000000000000001)

State 205 file /home/dell/zyworkspace/nichecker/Experiment/icbmc/blink3/_mt_main_n_result/_cs___mt_main_n.c line 372 function Timer_Force_isr_0 thread 0
----------------------------------------------------
  __cs_value_ptr=NULL (0000000000000000000000000000000000000000000000000000000000000000)

State 210 file /home/dell/zyworkspace/nichecker/Experiment/icbmc/blink3/_mt_main_n_result/_cs___mt_main_n.c line 568 function main thread 0
----------------------------------------------------
  __cs_pc[5l]=2 (010)

State 211 file /home/dell/zyworkspace/nichecker/Experiment/icbmc/blink3/_mt_main_n_result/_cs___mt_main_n.c line 574 function main thread 0
----------------------------------------------------
  __cs_tmp_t6_r0=1 (1)

State 213 file /home/dell/zyworkspace/nichecker/Experiment/icbmc/blink3/_mt_main_n_result/_cs___mt_main_n.c line 579 function main thread 0
----------------------------------------------------
  __cs_thread_index=6 (110)

State 214 file /home/dell/zyworkspace/nichecker/Experiment/icbmc/blink3/_mt_main_n_result/_cs___mt_main_n.c line 581 function main thread 0
----------------------------------------------------
  __cs_pc_cs[6l]=1 (001)

State 219 file /home/dell/zyworkspace/nichecker/Experiment/icbmc/blink3/_mt_main_n_result/_cs___mt_main_n.c line 587 function main thread 0
----------------------------------------------------
  __cs_param_Timer_Reset_isr_arg=NULL (0000000000000000000000000000000000000000000000000000000000000000)

State 221 file /home/dell/zyworkspace/nichecker/Experiment/icbmc/blink3/_mt_main_n_result/_cs___mt_main_n.c line 382 function Timer_Reset_isr_0 thread 0
----------------------------------------------------
  timerCount=0u (00000000000000000000000000000000)

State 222 file /home/dell/zyworkspace/nichecker/Experiment/icbmc/blink3/_mt_main_n_result/_cs___mt_main_n.c line 386 function Timer_Reset_isr_0 thread 0
----------------------------------------------------
  __cs_local_Timer_Reset_isr___cs_tmp_if_cond_6=FALSE (00000000)

State 224 file /home/dell/zyworkspace/nichecker/Experiment/icbmc/blink3/_mt_main_n_result/_cs___mt_main_n.c line 398 function Timer_Reset_isr_0 thread 0
----------------------------------------------------
  cnt5=1 (00000000000000000000000000000001)

State 228 file /home/dell/zyworkspace/nichecker/Experiment/icbmc/blink3/_mt_main_n_result/_cs___mt_main_n.c line 409 function Timer_Reset_isr_0 thread 0
----------------------------------------------------
  __cs_value_ptr=NULL (0000000000000000000000000000000000000000000000000000000000000000)

State 233 file /home/dell/zyworkspace/nichecker/Experiment/icbmc/blink3/_mt_main_n_result/_cs___mt_main_n.c line 589 function main thread 0
----------------------------------------------------
  __cs_pc[6l]=1 (001)

State 234 file /home/dell/zyworkspace/nichecker/Experiment/icbmc/blink3/_mt_main_n_result/_cs___mt_main_n.c line 599 function main thread 0
----------------------------------------------------
  __cs_tmp_t1_r1=3 (011)

State 254 file /home/dell/zyworkspace/nichecker/Experiment/icbmc/blink3/_mt_main_n_result/_cs___mt_main_n.c line 604 function main thread 0
----------------------------------------------------
  __cs_thread_index=1 (001)

State 255 file /home/dell/zyworkspace/nichecker/Experiment/icbmc/blink3/_mt_main_n_result/_cs___mt_main_n.c line 606 function main thread 0
----------------------------------------------------
  __cs_pc_cs[1l]=3 (011)

State 260 file /home/dell/zyworkspace/nichecker/Experiment/icbmc/blink3/_mt_main_n_result/_cs___mt_main_n.c line 612 function main thread 0
----------------------------------------------------
  __cs_param_main_task_arg=NULL (0000000000000000000000000000000000000000000000000000000000000000)

State 263 file /home/dell/zyworkspace/nichecker/Experiment/icbmc/blink3/_mt_main_n_result/_cs___mt_main_n.c line 423 function main_task_0 thread 0
----------------------------------------------------
  LED_DIR=0 (00000000000000000000000000000000)

State 265 file /home/dell/zyworkspace/nichecker/Experiment/icbmc/blink3/_mt_main_n_result/_cs___mt_main_n.c line 428 function main_task_0 thread 0
----------------------------------------------------
  LED_OUT=1 (00000000000000000000000000000001)

State 271 file /home/dell/zyworkspace/nichecker/Experiment/icbmc/blink3/_mt_main_n_result/_cs___mt_main_n.c line 458 function main_task_0 thread 0
----------------------------------------------------
  __cs_value_ptr=NULL (0000000000000000000000000000000000000000000000000000000000000000)

State 276 file /home/dell/zyworkspace/nichecker/Experiment/icbmc/blink3/_mt_main_n_result/_cs___mt_main_n.c line 614 function main thread 0
----------------------------------------------------
  __cs_pc[1l]=3 (011)

State 277 file /home/dell/zyworkspace/nichecker/Experiment/icbmc/blink3/_mt_main_n_result/_cs___mt_main_n.c line 620 function main thread 0
----------------------------------------------------
  __cs_tmp_t2_r1=2 (010)

State 292 file /home/dell/zyworkspace/nichecker/Experiment/icbmc/blink3/_mt_main_n_result/_cs___mt_main_n.c line 625 function main thread 0
----------------------------------------------------
  __cs_thread_index=2 (010)

State 293 file /home/dell/zyworkspace/nichecker/Experiment/icbmc/blink3/_mt_main_n_result/_cs___mt_main_n.c line 627 function main thread 0
----------------------------------------------------
  __cs_pc_cs[2l]=2 (010)

State 298 file /home/dell/zyworkspace/nichecker/Experiment/icbmc/blink3/_mt_main_n_result/_cs___mt_main_n.c line 633 function main thread 0
----------------------------------------------------
  __cs_param_Timer_A_isr_arg=NULL (0000000000000000000000000000000000000000000000000000000000000000)

State 300 file /home/dell/zyworkspace/nichecker/Experiment/icbmc/blink3/_mt_main_n_result/_cs___mt_main_n.c line 177 function Timer_A_isr_0 thread 0
----------------------------------------------------
  timerCount=1u (00000000000000000000000000000001)

State 302 file /home/dell/zyworkspace/nichecker/Experiment/icbmc/blink3/_mt_main_n_result/_cs___mt_main_n.c line 183 function Timer_A_isr_0 thread 0
----------------------------------------------------
  __cs_local_Timer_A_isr___cs_tmp_if_cond_0=TRUE (00000001)

Violated property:
  file /home/dell/zyworkspace/nichecker/Experiment/icbmc/blink3/_mt_main_n_result/_cs___mt_main_n.c line 189 function Timer_A_isr_0
  assertion 0
  (_Bool)0


Trace for Timer_B_isr_0.assertion.1:

State 56 file /home/dell/zyworkspace/nichecker/Experiment/icbmc/blink3/_mt_main_n_result/_cs___mt_main_n.c line 470 function main thread 0
----------------------------------------------------
  __cs_tmp_t1_r0=1 (001)

State 58 file /home/dell/zyworkspace/nichecker/Experiment/icbmc/blink3/_mt_main_n_result/_cs___mt_main_n.c line 474 function main thread 0
----------------------------------------------------
  __cs_thread_index=1 (001)

State 59 file /home/dell/zyworkspace/nichecker/Experiment/icbmc/blink3/_mt_main_n_result/_cs___mt_main_n.c line 476 function main thread 0
----------------------------------------------------
  __cs_pc_cs[1l]=1 (001)

State 64 file /home/dell/zyworkspace/nichecker/Experiment/icbmc/blink3/_mt_main_n_result/_cs___mt_main_n.c line 482 function main thread 0
----------------------------------------------------
  __cs_param_main_task_arg=NULL (0000000000000000000000000000000000000000000000000000000000000000)

State 66 file /home/dell/zyworkspace/nichecker/Experiment/icbmc/blink3/_mt_main_n_result/_cs___mt_main_n.c line 418 function main_task_0 thread 0
----------------------------------------------------
  WDTCTL=0 (00000000000000000000000000000000)

State 74 file /home/dell/zyworkspace/nichecker/Experiment/icbmc/blink3/_mt_main_n_result/_cs___mt_main_n.c line 458 function main_task_0 thread 0
----------------------------------------------------
  __cs_value_ptr=NULL (0000000000000000000000000000000000000000000000000000000000000000)

State 79 file /home/dell/zyworkspace/nichecker/Experiment/icbmc/blink3/_mt_main_n_result/_cs___mt_main_n.c line 484 function main thread 0
----------------------------------------------------
  __cs_pc[1l]=1 (001)

State 80 file /home/dell/zyworkspace/nichecker/Experiment/icbmc/blink3/_mt_main_n_result/_cs___mt_main_n.c line 490 function main thread 0
----------------------------------------------------
  __cs_tmp_t2_r0=0 (000)

State 97 file /home/dell/zyworkspace/nichecker/Experiment/icbmc/blink3/_mt_main_n_result/_cs___mt_main_n.c line 495 function main thread 0
----------------------------------------------------
  __cs_thread_index=2 (010)

State 98 file /home/dell/zyworkspace/nichecker/Experiment/icbmc/blink3/_mt_main_n_result/_cs___mt_main_n.c line 497 function main thread 0
----------------------------------------------------
  __cs_pc_cs[2l]=0 (000)

State 103 file /home/dell/zyworkspace/nichecker/Experiment/icbmc/blink3/_mt_main_n_result/_cs___mt_main_n.c line 503 function main thread 0
----------------------------------------------------
  __cs_param_Timer_A_isr_arg=NULL (0000000000000000000000000000000000000000000000000000000000000000)

State 111 file /home/dell/zyworkspace/nichecker/Experiment/icbmc/blink3/_mt_main_n_result/_cs___mt_main_n.c line 227 function Timer_A_isr_0 thread 0
----------------------------------------------------
  __cs_value_ptr=NULL (0000000000000000000000000000000000000000000000000000000000000000)

State 116 file /home/dell/zyworkspace/nichecker/Experiment/icbmc/blink3/_mt_main_n_result/_cs___mt_main_n.c line 505 function main thread 0
----------------------------------------------------
  __cs_pc[2l]=0 (000)

State 117 file /home/dell/zyworkspace/nichecker/Experiment/icbmc/blink3/_mt_main_n_result/_cs___mt_main_n.c line 511 function main thread 0
----------------------------------------------------
  __cs_tmp_t3_r0=5 (101)

State 134 file /home/dell/zyworkspace/nichecker/Experiment/icbmc/blink3/_mt_main_n_result/_cs___mt_main_n.c line 516 function main thread 0
----------------------------------------------------
  __cs_thread_index=3 (011)

State 135 file /home/dell/zyworkspace/nichecker/Experiment/icbmc/blink3/_mt_main_n_result/_cs___mt_main_n.c line 518 function main thread 0
----------------------------------------------------
  __cs_pc_cs[3l]=5 (101)

State 140 file /home/dell/zyworkspace/nichecker/Experiment/icbmc/blink3/_mt_main_n_result/_cs___mt_main_n.c line 524 function main thread 0
----------------------------------------------------
  __cs_param_Timer_B_isr_arg=NULL (0000000000000000000000000000000000000000000000000000000000000000)

State 142 file /home/dell/zyworkspace/nichecker/Experiment/icbmc/blink3/_mt_main_n_result/_cs___mt_main_n.c line 237 function Timer_B_isr_0 thread 0
----------------------------------------------------
  timerCount=1u (00000000000000000000000000000001)

State 144 file /home/dell/zyworkspace/nichecker/Experiment/icbmc/blink3/_mt_main_n_result/_cs___mt_main_n.c line 243 function Timer_B_isr_0 thread 0
----------------------------------------------------
  __cs_local_Timer_B_isr___cs_tmp_if_cond_2=TRUE (00000001)

Violated property:
  file /home/dell/zyworkspace/nichecker/Experiment/icbmc/blink3/_mt_main_n_result/_cs___mt_main_n.c line 249 function Timer_B_isr_0
  assertion 0
  (_Bool)0


Trace for Timer_C_isr_0.assertion.1:

State 56 file /home/dell/zyworkspace/nichecker/Experiment/icbmc/blink3/_mt_main_n_result/_cs___mt_main_n.c line 470 function main thread 0
----------------------------------------------------
  __cs_tmp_t1_r0=1 (001)

State 58 file /home/dell/zyworkspace/nichecker/Experiment/icbmc/blink3/_mt_main_n_result/_cs___mt_main_n.c line 474 function main thread 0
----------------------------------------------------
  __cs_thread_index=1 (001)

State 59 file /home/dell/zyworkspace/nichecker/Experiment/icbmc/blink3/_mt_main_n_result/_cs___mt_main_n.c line 476 function main thread 0
----------------------------------------------------
  __cs_pc_cs[1l]=1 (001)

State 64 file /home/dell/zyworkspace/nichecker/Experiment/icbmc/blink3/_mt_main_n_result/_cs___mt_main_n.c line 482 function main thread 0
----------------------------------------------------
  __cs_param_main_task_arg=NULL (0000000000000000000000000000000000000000000000000000000000000000)

State 66 file /home/dell/zyworkspace/nichecker/Experiment/icbmc/blink3/_mt_main_n_result/_cs___mt_main_n.c line 418 function main_task_0 thread 0
----------------------------------------------------
  WDTCTL=0 (00000000000000000000000000000000)

State 74 file /home/dell/zyworkspace/nichecker/Experiment/icbmc/blink3/_mt_main_n_result/_cs___mt_main_n.c line 458 function main_task_0 thread 0
----------------------------------------------------
  __cs_value_ptr=NULL (0000000000000000000000000000000000000000000000000000000000000000)

State 79 file /home/dell/zyworkspace/nichecker/Experiment/icbmc/blink3/_mt_main_n_result/_cs___mt_main_n.c line 484 function main thread 0
----------------------------------------------------
  __cs_pc[1l]=1 (001)

State 80 file /home/dell/zyworkspace/nichecker/Experiment/icbmc/blink3/_mt_main_n_result/_cs___mt_main_n.c line 490 function main thread 0
----------------------------------------------------
  __cs_tmp_t2_r0=0 (000)

State 97 file /home/dell/zyworkspace/nichecker/Experiment/icbmc/blink3/_mt_main_n_result/_cs___mt_main_n.c line 495 function main thread 0
----------------------------------------------------
  __cs_thread_index=2 (010)

State 98 file /home/dell/zyworkspace/nichecker/Experiment/icbmc/blink3/_mt_main_n_result/_cs___mt_main_n.c line 497 function main thread 0
----------------------------------------------------
  __cs_pc_cs[2l]=0 (000)

State 103 file /home/dell/zyworkspace/nichecker/Experiment/icbmc/blink3/_mt_main_n_result/_cs___mt_main_n.c line 503 function main thread 0
----------------------------------------------------
  __cs_param_Timer_A_isr_arg=NULL (0000000000000000000000000000000000000000000000000000000000000000)

State 111 file /home/dell/zyworkspace/nichecker/Experiment/icbmc/blink3/_mt_main_n_result/_cs___mt_main_n.c line 227 function Timer_A_isr_0 thread 0
----------------------------------------------------
  __cs_value_ptr=NULL (0000000000000000000000000000000000000000000000000000000000000000)

State 116 file /home/dell/zyworkspace/nichecker/Experiment/icbmc/blink3/_mt_main_n_result/_cs___mt_main_n.c line 505 function main thread 0
----------------------------------------------------
  __cs_pc[2l]=0 (000)

State 117 file /home/dell/zyworkspace/nichecker/Experiment/icbmc/blink3/_mt_main_n_result/_cs___mt_main_n.c line 511 function main thread 0
----------------------------------------------------
  __cs_tmp_t3_r0=5 (101)

State 134 file /home/dell/zyworkspace/nichecker/Experiment/icbmc/blink3/_mt_main_n_result/_cs___mt_main_n.c line 516 function main thread 0
----------------------------------------------------
  __cs_thread_index=3 (011)

State 135 file /home/dell/zyworkspace/nichecker/Experiment/icbmc/blink3/_mt_main_n_result/_cs___mt_main_n.c line 518 function main thread 0
----------------------------------------------------
  __cs_pc_cs[3l]=5 (101)

State 140 file /home/dell/zyworkspace/nichecker/Experiment/icbmc/blink3/_mt_main_n_result/_cs___mt_main_n.c line 524 function main thread 0
----------------------------------------------------
  __cs_param_Timer_B_isr_arg=NULL (0000000000000000000000000000000000000000000000000000000000000000)

State 142 file /home/dell/zyworkspace/nichecker/Experiment/icbmc/blink3/_mt_main_n_result/_cs___mt_main_n.c line 237 function Timer_B_isr_0 thread 0
----------------------------------------------------
  timerCount=1u (00000000000000000000000000000001)

State 144 file /home/dell/zyworkspace/nichecker/Experiment/icbmc/blink3/_mt_main_n_result/_cs___mt_main_n.c line 243 function Timer_B_isr_0 thread 0
----------------------------------------------------
  __cs_local_Timer_B_isr___cs_tmp_if_cond_2=TRUE (00000001)

Violated property:
  file /home/dell/zyworkspace/nichecker/Experiment/icbmc/blink3/_mt_main_n_result/_cs___mt_main_n.c line 249 function Timer_B_isr_0
  assertion 0
  (_Bool)0


State 148 file /home/dell/zyworkspace/nichecker/Experiment/icbmc/blink3/_mt_main_n_result/_cs___mt_main_n.c line 259 function Timer_B_isr_0 thread 0
----------------------------------------------------
  __cs_local_Timer_B_isr___cs_tmp_if_cond_3=FALSE (00000000)

State 152 file /home/dell/zyworkspace/nichecker/Experiment/icbmc/blink3/_mt_main_n_result/_cs___mt_main_n.c line 276 function Timer_B_isr_0 thread 0
----------------------------------------------------
  cnt2=1 (00000000000000000000000000000001)

State 156 file /home/dell/zyworkspace/nichecker/Experiment/icbmc/blink3/_mt_main_n_result/_cs___mt_main_n.c line 287 function Timer_B_isr_0 thread 0
----------------------------------------------------
  __cs_value_ptr=NULL (0000000000000000000000000000000000000000000000000000000000000000)

State 161 file /home/dell/zyworkspace/nichecker/Experiment/icbmc/blink3/_mt_main_n_result/_cs___mt_main_n.c line 526 function main thread 0
----------------------------------------------------
  __cs_pc[3l]=5 (101)

State 162 file /home/dell/zyworkspace/nichecker/Experiment/icbmc/blink3/_mt_main_n_result/_cs___mt_main_n.c line 532 function main thread 0
----------------------------------------------------
  __cs_tmp_t4_r0=0 (000)

State 164 file /home/dell/zyworkspace/nichecker/Experiment/icbmc/blink3/_mt_main_n_result/_cs___mt_main_n.c line 537 function main thread 0
----------------------------------------------------
  __cs_thread_index=4 (100)

State 165 file /home/dell/zyworkspace/nichecker/Experiment/icbmc/blink3/_mt_main_n_result/_cs___mt_main_n.c line 539 function main thread 0
----------------------------------------------------
  __cs_pc_cs[4l]=0 (000)

State 170 file /home/dell/zyworkspace/nichecker/Experiment/icbmc/blink3/_mt_main_n_result/_cs___mt_main_n.c line 545 function main thread 0
----------------------------------------------------
  __cs_param_Timer_C_isr_arg=NULL (0000000000000000000000000000000000000000000000000000000000000000)

State 178 file /home/dell/zyworkspace/nichecker/Experiment/icbmc/blink3/_mt_main_n_result/_cs___mt_main_n.c line 347 function Timer_C_isr_0 thread 0
----------------------------------------------------
  __cs_value_ptr=NULL (0000000000000000000000000000000000000000000000000000000000000000)

State 183 file /home/dell/zyworkspace/nichecker/Experiment/icbmc/blink3/_mt_main_n_result/_cs___mt_main_n.c line 547 function main thread 0
----------------------------------------------------
  __cs_pc[4l]=0 (000)

State 184 file /home/dell/zyworkspace/nichecker/Experiment/icbmc/blink3/_mt_main_n_result/_cs___mt_main_n.c line 553 function main thread 0
----------------------------------------------------
  __cs_tmp_t5_r0=2 (10)

State 191 file /home/dell/zyworkspace/nichecker/Experiment/icbmc/blink3/_mt_main_n_result/_cs___mt_main_n.c line 558 function main thread 0
----------------------------------------------------
  __cs_thread_index=5 (101)

State 192 file /home/dell/zyworkspace/nichecker/Experiment/icbmc/blink3/_mt_main_n_result/_cs___mt_main_n.c line 560 function main thread 0
----------------------------------------------------
  __cs_pc_cs[5l]=2 (010)

State 197 file /home/dell/zyworkspace/nichecker/Experiment/icbmc/blink3/_mt_main_n_result/_cs___mt_main_n.c line 566 function main thread 0
----------------------------------------------------
  __cs_param_Timer_Force_isr_arg=NULL (0000000000000000000000000000000000000000000000000000000000000000)

State 199 file /home/dell/zyworkspace/nichecker/Experiment/icbmc/blink3/_mt_main_n_result/_cs___mt_main_n.c line 357 function Timer_Force_isr_0 thread 0
----------------------------------------------------
  timerCount=2u (00000000000000000000000000000010)

State 201 file /home/dell/zyworkspace/nichecker/Experiment/icbmc/blink3/_mt_main_n_result/_cs___mt_main_n.c line 361 function Timer_Force_isr_0 thread 0
----------------------------------------------------
  cnt4=1 (00000000000000000000000000000001)

State 205 file /home/dell/zyworkspace/nichecker/Experiment/icbmc/blink3/_mt_main_n_result/_cs___mt_main_n.c line 372 function Timer_Force_isr_0 thread 0
----------------------------------------------------
  __cs_value_ptr=NULL (0000000000000000000000000000000000000000000000000000000000000000)

State 210 file /home/dell/zyworkspace/nichecker/Experiment/icbmc/blink3/_mt_main_n_result/_cs___mt_main_n.c line 568 function main thread 0
----------------------------------------------------
  __cs_pc[5l]=2 (010)

State 211 file /home/dell/zyworkspace/nichecker/Experiment/icbmc/blink3/_mt_main_n_result/_cs___mt_main_n.c line 574 function main thread 0
----------------------------------------------------
  __cs_tmp_t6_r0=1 (1)

State 213 file /home/dell/zyworkspace/nichecker/Experiment/icbmc/blink3/_mt_main_n_result/_cs___mt_main_n.c line 579 function main thread 0
----------------------------------------------------
  __cs_thread_index=6 (110)

State 214 file /home/dell/zyworkspace/nichecker/Experiment/icbmc/blink3/_mt_main_n_result/_cs___mt_main_n.c line 581 function main thread 0
----------------------------------------------------
  __cs_pc_cs[6l]=1 (001)

State 219 file /home/dell/zyworkspace/nichecker/Experiment/icbmc/blink3/_mt_main_n_result/_cs___mt_main_n.c line 587 function main thread 0
----------------------------------------------------
  __cs_param_Timer_Reset_isr_arg=NULL (0000000000000000000000000000000000000000000000000000000000000000)

State 221 file /home/dell/zyworkspace/nichecker/Experiment/icbmc/blink3/_mt_main_n_result/_cs___mt_main_n.c line 382 function Timer_Reset_isr_0 thread 0
----------------------------------------------------
  timerCount=0u (00000000000000000000000000000000)

State 222 file /home/dell/zyworkspace/nichecker/Experiment/icbmc/blink3/_mt_main_n_result/_cs___mt_main_n.c line 386 function Timer_Reset_isr_0 thread 0
----------------------------------------------------
  __cs_local_Timer_Reset_isr___cs_tmp_if_cond_6=FALSE (00000000)

State 224 file /home/dell/zyworkspace/nichecker/Experiment/icbmc/blink3/_mt_main_n_result/_cs___mt_main_n.c line 398 function Timer_Reset_isr_0 thread 0
----------------------------------------------------
  cnt5=1 (00000000000000000000000000000001)

State 228 file /home/dell/zyworkspace/nichecker/Experiment/icbmc/blink3/_mt_main_n_result/_cs___mt_main_n.c line 409 function Timer_Reset_isr_0 thread 0
----------------------------------------------------
  __cs_value_ptr=NULL (0000000000000000000000000000000000000000000000000000000000000000)

State 233 file /home/dell/zyworkspace/nichecker/Experiment/icbmc/blink3/_mt_main_n_result/_cs___mt_main_n.c line 589 function main thread 0
----------------------------------------------------
  __cs_pc[6l]=1 (001)

State 234 file /home/dell/zyworkspace/nichecker/Experiment/icbmc/blink3/_mt_main_n_result/_cs___mt_main_n.c line 599 function main thread 0
----------------------------------------------------
  __cs_tmp_t1_r1=3 (011)

State 254 file /home/dell/zyworkspace/nichecker/Experiment/icbmc/blink3/_mt_main_n_result/_cs___mt_main_n.c line 604 function main thread 0
----------------------------------------------------
  __cs_thread_index=1 (001)

State 255 file /home/dell/zyworkspace/nichecker/Experiment/icbmc/blink3/_mt_main_n_result/_cs___mt_main_n.c line 606 function main thread 0
----------------------------------------------------
  __cs_pc_cs[1l]=3 (011)

State 260 file /home/dell/zyworkspace/nichecker/Experiment/icbmc/blink3/_mt_main_n_result/_cs___mt_main_n.c line 612 function main thread 0
----------------------------------------------------
  __cs_param_main_task_arg=NULL (0000000000000000000000000000000000000000000000000000000000000000)

State 263 file /home/dell/zyworkspace/nichecker/Experiment/icbmc/blink3/_mt_main_n_result/_cs___mt_main_n.c line 423 function main_task_0 thread 0
----------------------------------------------------
  LED_DIR=0 (00000000000000000000000000000000)

State 265 file /home/dell/zyworkspace/nichecker/Experiment/icbmc/blink3/_mt_main_n_result/_cs___mt_main_n.c line 428 function main_task_0 thread 0
----------------------------------------------------
  LED_OUT=1 (00000000000000000000000000000001)

State 271 file /home/dell/zyworkspace/nichecker/Experiment/icbmc/blink3/_mt_main_n_result/_cs___mt_main_n.c line 458 function main_task_0 thread 0
----------------------------------------------------
  __cs_value_ptr=NULL (0000000000000000000000000000000000000000000000000000000000000000)

State 276 file /home/dell/zyworkspace/nichecker/Experiment/icbmc/blink3/_mt_main_n_result/_cs___mt_main_n.c line 614 function main thread 0
----------------------------------------------------
  __cs_pc[1l]=3 (011)

State 277 file /home/dell/zyworkspace/nichecker/Experiment/icbmc/blink3/_mt_main_n_result/_cs___mt_main_n.c line 620 function main thread 0
----------------------------------------------------
  __cs_tmp_t2_r1=2 (010)

State 292 file /home/dell/zyworkspace/nichecker/Experiment/icbmc/blink3/_mt_main_n_result/_cs___mt_main_n.c line 625 function main thread 0
----------------------------------------------------
  __cs_thread_index=2 (010)

State 293 file /home/dell/zyworkspace/nichecker/Experiment/icbmc/blink3/_mt_main_n_result/_cs___mt_main_n.c line 627 function main thread 0
----------------------------------------------------
  __cs_pc_cs[2l]=2 (010)

State 298 file /home/dell/zyworkspace/nichecker/Experiment/icbmc/blink3/_mt_main_n_result/_cs___mt_main_n.c line 633 function main thread 0
----------------------------------------------------
  __cs_param_Timer_A_isr_arg=NULL (0000000000000000000000000000000000000000000000000000000000000000)

State 300 file /home/dell/zyworkspace/nichecker/Experiment/icbmc/blink3/_mt_main_n_result/_cs___mt_main_n.c line 177 function Timer_A_isr_0 thread 0
----------------------------------------------------
  timerCount=1u (00000000000000000000000000000001)

State 302 file /home/dell/zyworkspace/nichecker/Experiment/icbmc/blink3/_mt_main_n_result/_cs___mt_main_n.c line 183 function Timer_A_isr_0 thread 0
----------------------------------------------------
  __cs_local_Timer_A_isr___cs_tmp_if_cond_0=TRUE (00000001)

Violated property:
  file /home/dell/zyworkspace/nichecker/Experiment/icbmc/blink3/_mt_main_n_result/_cs___mt_main_n.c line 189 function Timer_A_isr_0
  assertion 0
  (_Bool)0


State 310 file /home/dell/zyworkspace/nichecker/Experiment/icbmc/blink3/_mt_main_n_result/_cs___mt_main_n.c line 227 function Timer_A_isr_0 thread 0
----------------------------------------------------
  __cs_value_ptr=NULL (0000000000000000000000000000000000000000000000000000000000000000)

State 315 file /home/dell/zyworkspace/nichecker/Experiment/icbmc/blink3/_mt_main_n_result/_cs___mt_main_n.c line 635 function main thread 0
----------------------------------------------------
  __cs_pc[2l]=2 (010)

State 316 file /home/dell/zyworkspace/nichecker/Experiment/icbmc/blink3/_mt_main_n_result/_cs___mt_main_n.c line 641 function main thread 0
----------------------------------------------------
  __cs_tmp_t3_r1=7 (111)

State 322 file /home/dell/zyworkspace/nichecker/Experiment/icbmc/blink3/_mt_main_n_result/_cs___mt_main_n.c line 662 function main thread 0
----------------------------------------------------
  __cs_tmp_t4_r1=2 (010)

State 324 file /home/dell/zyworkspace/nichecker/Experiment/icbmc/blink3/_mt_main_n_result/_cs___mt_main_n.c line 667 function main thread 0
----------------------------------------------------
  __cs_thread_index=4 (100)

State 325 file /home/dell/zyworkspace/nichecker/Experiment/icbmc/blink3/_mt_main_n_result/_cs___mt_main_n.c line 669 function main thread 0
----------------------------------------------------
  __cs_pc_cs[4l]=2 (010)

State 330 file /home/dell/zyworkspace/nichecker/Experiment/icbmc/blink3/_mt_main_n_result/_cs___mt_main_n.c line 675 function main thread 0
----------------------------------------------------
  __cs_param_Timer_C_isr_arg=NULL (0000000000000000000000000000000000000000000000000000000000000000)

State 332 file /home/dell/zyworkspace/nichecker/Experiment/icbmc/blink3/_mt_main_n_result/_cs___mt_main_n.c line 297 function Timer_C_isr_0 thread 0
----------------------------------------------------
  timerCount=1u (00000000000000000000000000000001)

State 334 file /home/dell/zyworkspace/nichecker/Experiment/icbmc/blink3/_mt_main_n_result/_cs___mt_main_n.c line 303 function Timer_C_isr_0 thread 0
----------------------------------------------------
  __cs_local_Timer_C_isr___cs_tmp_if_cond_4=TRUE (00000001)

Violated property:
  file /home/dell/zyworkspace/nichecker/Experiment/icbmc/blink3/_mt_main_n_result/_cs___mt_main_n.c line 309 function Timer_C_isr_0
  assertion 0
  (_Bool)0


** 3 of 4 failed (2 iterations)
VERIFICATION FAILED
