2023-10-15 16:52:16
SVPCheck: True	LoopAbstraction: False	LabelReduction: False	Slice: False	

SVPCheck var: svp_simple_013_001_global_var1	pattern: rwr
--------------------------Run start-------------------------------
inliner
slice
LoopAbstraction
unroller
insertLabel
lazyseq
feeder  0.227
[92mSAFE[0m, counterexample: 0, time: 1.804 s, memory: 30.85 MB
--------------------------Run end---------------------------------
SVPCheck var: svp_simple_013_001_global_var2	pattern: rwr
--------------------------Run start-------------------------------
inliner
slice
LoopAbstraction
unroller
insertLabel
lazyseq
feeder  0.225
[92mSAFE[0m, counterexample: 0, time: 1.828 s, memory: 30.67 MB
--------------------------Run end---------------------------------
cbmcTimeSum: 0.452
modulesTimeSum: 3.632
