CBMC version 5.6 64-bit x86_64 linux
Parsing /home/dell/zyworkspace/nichecker/Experiment/remarks2.1/svp_simple_021/_mt_svp_simple_021_001_result/_cs_svp_simple_021_001_tc_block_rcvd_bytes_ch1_wwr_mt_svp_simple_021_001.c
<command-line>: warning: "__STDC_VERSION__" redefined
<built-in>: note: this is the location of the previous definition
Converting
Type-checking _cs_svp_simple_021_001_tc_block_rcvd_bytes_ch1_wwr_mt_svp_simple_021_001
file /home/dell/zyworkspace/nichecker/Experiment/remarks2.1/svp_simple_021/_mt_svp_simple_021_001_result/_cs_svp_simple_021_001_tc_block_rcvd_bytes_ch1_wwr_mt_svp_simple_021_001.c line 216 function main_task_0: function `nondet_rand' is not declared
file /home/dell/zyworkspace/nichecker/Experiment/remarks2.1/svp_simple_021/_mt_svp_simple_021_001_result/_cs_svp_simple_021_001_tc_block_rcvd_bytes_ch1_wwr_mt_svp_simple_021_001.c line 242 function main_task_0: function `__cs_init_scalar' is not declared
file /home/dell/zyworkspace/nichecker/Experiment/remarks2.1/svp_simple_021/_mt_svp_simple_021_001_result/_cs_svp_simple_021_001_tc_block_rcvd_bytes_ch1_wwr_mt_svp_simple_021_001.c line 328 function main_task_0: function `assert' is not declared
Generating GOTO Program
Adding CPROVER library (x86_64)
Removal of function pointers and virtual functions
Partial Inlining
Generic Property Instrumentation
Starting Bounded Model Checking
**** WARNING: no body for function enable_isr
**** WARNING: no body for function __cs_init_scalar
size of program expression: 657 steps
simple slicing removed 53 assignments
Generated 6 VCC(s), 6 remaining after simplification
Passing problem to propositional reduction
converting SSA
Running propositional reduction
Post-processing
Solving with MiniSAT 2.2.1 with simplifier
3899 variables, 11594 clauses
SAT checker: instance is SATISFIABLE
Solving with MiniSAT 2.2.1 with simplifier
3899 variables, 4765 clauses
SAT checker: instance is UNSATISFIABLE
Runtime decision procedure: 0.024s

** Results:
[main_task_0.assertion.1] assertion wwr_r1 == wwr_w_tmp1: FAILURE
[main_task_0.assertion.2] assertion wwr_r1 == wwr_w_tmp1: SUCCESS

Trace for main_task_0.assertion.1:

State 51 file /home/dell/zyworkspace/nichecker/Experiment/remarks2.1/svp_simple_021/_mt_svp_simple_021_001_result/_cs_svp_simple_021_001_tc_block_rcvd_bytes_ch1_wwr_mt_svp_simple_021_001.c line 458 function main thread 0
----------------------------------------------------
  __cs_tmp_t1_r0=3 (011)

State 53 file /home/dell/zyworkspace/nichecker/Experiment/remarks2.1/svp_simple_021/_mt_svp_simple_021_001_result/_cs_svp_simple_021_001_tc_block_rcvd_bytes_ch1_wwr_mt_svp_simple_021_001.c line 462 function main thread 0
----------------------------------------------------
  __cs_thread_index=1 (01)

State 54 file /home/dell/zyworkspace/nichecker/Experiment/remarks2.1/svp_simple_021/_mt_svp_simple_021_001_result/_cs_svp_simple_021_001_tc_block_rcvd_bytes_ch1_wwr_mt_svp_simple_021_001.c line 464 function main thread 0
----------------------------------------------------
  __cs_pc_cs[1l]=3 (011)

State 59 file /home/dell/zyworkspace/nichecker/Experiment/remarks2.1/svp_simple_021/_mt_svp_simple_021_001_result/_cs_svp_simple_021_001_tc_block_rcvd_bytes_ch1_wwr_mt_svp_simple_021_001.c line 470 function main thread 0
----------------------------------------------------
  __cs_param_main_task_arg=NULL (0000000000000000000000000000000000000000000000000000000000000000)

State 63 file /home/dell/zyworkspace/nichecker/Experiment/remarks2.1/svp_simple_021/_mt_svp_simple_021_001_result/_cs_svp_simple_021_001_tc_block_rcvd_bytes_ch1_wwr_mt_svp_simple_021_001.c line 216 function main_task_0 thread 0
----------------------------------------------------
  svp_simple_021_001_tc_block_rcvd_bytes_ch1=16 (0000000000010000)

State 68 file /home/dell/zyworkspace/nichecker/Experiment/remarks2.1/svp_simple_021/_mt_svp_simple_021_001_result/_cs_svp_simple_021_001_tc_block_rcvd_bytes_ch1_wwr_mt_svp_simple_021_001.c line 224 function main_task_0 thread 0
----------------------------------------------------
  __cs_disable_thread[2l]=0 (0)

State 69 file /home/dell/zyworkspace/nichecker/Experiment/remarks2.1/svp_simple_021/_mt_svp_simple_021_001_result/_cs_svp_simple_021_001_tc_block_rcvd_bytes_ch1_wwr_mt_svp_simple_021_001.c line 227 function main_task_0 thread 0
----------------------------------------------------
  __cs_disable_thread[0l]=0 (0)

State 74 file /home/dell/zyworkspace/nichecker/Experiment/remarks2.1/svp_simple_021/_mt_svp_simple_021_001_result/_cs_svp_simple_021_001_tc_block_rcvd_bytes_ch1_wwr_mt_svp_simple_021_001.c line 246 function main_task_0 thread 0
----------------------------------------------------
  __cs_local_main_task___cs_tmp_if_cond_0=TRUE (00000001)

State 76 file /home/dell/zyworkspace/nichecker/Experiment/remarks2.1/svp_simple_021/_mt_svp_simple_021_001_result/_cs_svp_simple_021_001_tc_block_rcvd_bytes_ch1_wwr_mt_svp_simple_021_001.c line 252 function main_task_0 thread 0
----------------------------------------------------
  svp_simple_021_001_tc_block_rcvd_bytes_ch1=0 (0000000000000000)

State 77 file /home/dell/zyworkspace/nichecker/Experiment/remarks2.1/svp_simple_021/_mt_svp_simple_021_001_result/_cs_svp_simple_021_001_tc_block_rcvd_bytes_ch1_wwr_mt_svp_simple_021_001.c line 254 function main_task_0 thread 0
----------------------------------------------------
  wwr_w_tmp1_num=1 (00000000000000000000000000000001)

State 78 file /home/dell/zyworkspace/nichecker/Experiment/remarks2.1/svp_simple_021/_mt_svp_simple_021_001_result/_cs_svp_simple_021_001_tc_block_rcvd_bytes_ch1_wwr_mt_svp_simple_021_001.c line 255 function main_task_0 thread 0
----------------------------------------------------
  wwr_w_tmp1=0 (0000000000000000)

State 82 file /home/dell/zyworkspace/nichecker/Experiment/remarks2.1/svp_simple_021/_mt_svp_simple_021_001_result/_cs_svp_simple_021_001_tc_block_rcvd_bytes_ch1_wwr_mt_svp_simple_021_001.c line 446 function main_task_0 thread 0
----------------------------------------------------
  __cs_value_ptr=NULL (0000000000000000000000000000000000000000000000000000000000000000)

State 87 file /home/dell/zyworkspace/nichecker/Experiment/remarks2.1/svp_simple_021/_mt_svp_simple_021_001_result/_cs_svp_simple_021_001_tc_block_rcvd_bytes_ch1_wwr_mt_svp_simple_021_001.c line 472 function main thread 0
----------------------------------------------------
  __cs_pc[1l]=3 (011)

State 88 file /home/dell/zyworkspace/nichecker/Experiment/remarks2.1/svp_simple_021/_mt_svp_simple_021_001_result/_cs_svp_simple_021_001_tc_block_rcvd_bytes_ch1_wwr_mt_svp_simple_021_001.c line 478 function main thread 0
----------------------------------------------------
  __cs_tmp_t2_r0=1 (1)

State 90 file /home/dell/zyworkspace/nichecker/Experiment/remarks2.1/svp_simple_021/_mt_svp_simple_021_001_result/_cs_svp_simple_021_001_tc_block_rcvd_bytes_ch1_wwr_mt_svp_simple_021_001.c line 483 function main thread 0
----------------------------------------------------
  __cs_thread_index=2 (10)

State 91 file /home/dell/zyworkspace/nichecker/Experiment/remarks2.1/svp_simple_021/_mt_svp_simple_021_001_result/_cs_svp_simple_021_001_tc_block_rcvd_bytes_ch1_wwr_mt_svp_simple_021_001.c line 485 function main thread 0
----------------------------------------------------
  __cs_pc_cs[2l]=1 (001)

State 96 file /home/dell/zyworkspace/nichecker/Experiment/remarks2.1/svp_simple_021/_mt_svp_simple_021_001_result/_cs_svp_simple_021_001_tc_block_rcvd_bytes_ch1_wwr_mt_svp_simple_021_001.c line 491 function main thread 0
----------------------------------------------------
  __cs_param_svp_simple_021_001_isr_1_arg=NULL (0000000000000000000000000000000000000000000000000000000000000000)

State 98 file /home/dell/zyworkspace/nichecker/Experiment/remarks2.1/svp_simple_021/_mt_svp_simple_021_001_result/_cs_svp_simple_021_001_tc_block_rcvd_bytes_ch1_wwr_mt_svp_simple_021_001.c line 194 function svp_simple_021_001_isr_1_0 thread 0
----------------------------------------------------
  svp_simple_021_001_tc_block_rcvd_bytes_ch1=1 (0000000000000001)

State 102 file /home/dell/zyworkspace/nichecker/Experiment/remarks2.1/svp_simple_021/_mt_svp_simple_021_001_result/_cs_svp_simple_021_001_tc_block_rcvd_bytes_ch1_wwr_mt_svp_simple_021_001.c line 205 function svp_simple_021_001_isr_1_0 thread 0
----------------------------------------------------
  __cs_value_ptr=NULL (0000000000000000000000000000000000000000000000000000000000000000)

State 107 file /home/dell/zyworkspace/nichecker/Experiment/remarks2.1/svp_simple_021/_mt_svp_simple_021_001_result/_cs_svp_simple_021_001_tc_block_rcvd_bytes_ch1_wwr_mt_svp_simple_021_001.c line 493 function main thread 0
----------------------------------------------------
  __cs_pc[2l]=1 (001)

State 108 file /home/dell/zyworkspace/nichecker/Experiment/remarks2.1/svp_simple_021/_mt_svp_simple_021_001_result/_cs_svp_simple_021_001_tc_block_rcvd_bytes_ch1_wwr_mt_svp_simple_021_001.c line 503 function main thread 0
----------------------------------------------------
  __cs_tmp_t1_r1=4 (100)

State 110 file /home/dell/zyworkspace/nichecker/Experiment/remarks2.1/svp_simple_021/_mt_svp_simple_021_001_result/_cs_svp_simple_021_001_tc_block_rcvd_bytes_ch1_wwr_mt_svp_simple_021_001.c line 508 function main thread 0
----------------------------------------------------
  __cs_thread_index=1 (01)

State 111 file /home/dell/zyworkspace/nichecker/Experiment/remarks2.1/svp_simple_021/_mt_svp_simple_021_001_result/_cs_svp_simple_021_001_tc_block_rcvd_bytes_ch1_wwr_mt_svp_simple_021_001.c line 510 function main thread 0
----------------------------------------------------
  __cs_pc_cs[1l]=4 (100)

State 116 file /home/dell/zyworkspace/nichecker/Experiment/remarks2.1/svp_simple_021/_mt_svp_simple_021_001_result/_cs_svp_simple_021_001_tc_block_rcvd_bytes_ch1_wwr_mt_svp_simple_021_001.c line 516 function main thread 0
----------------------------------------------------
  __cs_param_main_task_arg=NULL (0000000000000000000000000000000000000000000000000000000000000000)

State 121 file /home/dell/zyworkspace/nichecker/Experiment/remarks2.1/svp_simple_021/_mt_svp_simple_021_001_result/_cs_svp_simple_021_001_tc_block_rcvd_bytes_ch1_wwr_mt_svp_simple_021_001.c line 262 function main_task_0 thread 0
----------------------------------------------------
  __cs_local_main_task_i=0 (00000000000000000000000000000000)

State 123 file /home/dell/zyworkspace/nichecker/Experiment/remarks2.1/svp_simple_021/_mt_svp_simple_021_001_result/_cs_svp_simple_021_001_tc_block_rcvd_bytes_ch1_wwr_mt_svp_simple_021_001.c line 275 function main_task_0 thread 0
----------------------------------------------------
  __cs_local_main_task_ichan=0 (00000000000000000000000000000000)

State 124 file /home/dell/zyworkspace/nichecker/Experiment/remarks2.1/svp_simple_021/_mt_svp_simple_021_001_result/_cs_svp_simple_021_001_tc_block_rcvd_bytes_ch1_wwr_mt_svp_simple_021_001.c line 283 function main_task_0 thread 0
----------------------------------------------------
  __cs_local_main_task_t=0 (00000000000000000000000000000000)

State 126 file /home/dell/zyworkspace/nichecker/Experiment/remarks2.1/svp_simple_021/_mt_svp_simple_021_001_result/_cs_svp_simple_021_001_tc_block_rcvd_bytes_ch1_wwr_mt_svp_simple_021_001.c line 301 function main_task_0 thread 0
----------------------------------------------------
  __cs_local_main_task_loop_1_IOVar1=0 (00000000000000000000000000000000)

State 127 file /home/dell/zyworkspace/nichecker/Experiment/remarks2.1/svp_simple_021/_mt_svp_simple_021_001_result/_cs_svp_simple_021_001_tc_block_rcvd_bytes_ch1_wwr_mt_svp_simple_021_001.c line 304 function main_task_0 thread 0
----------------------------------------------------
  __cs_local_main_task_loop_1_block_2=0 (00000000000000000000000000000000)

State 128 file /home/dell/zyworkspace/nichecker/Experiment/remarks2.1/svp_simple_021/_mt_svp_simple_021_001_result/_cs_svp_simple_021_001_tc_block_rcvd_bytes_ch1_wwr_mt_svp_simple_021_001.c line 307 function main_task_0 thread 0
----------------------------------------------------
  __cs_local_main_task_ichan=0 (00000000000000000000000000000000)

State 131 file /home/dell/zyworkspace/nichecker/Experiment/remarks2.1/svp_simple_021/_mt_svp_simple_021_001_result/_cs_svp_simple_021_001_tc_block_rcvd_bytes_ch1_wwr_mt_svp_simple_021_001.c line 317 function main_task_0 thread 0
----------------------------------------------------
  __cs_local_main_task___cs_tmp_if_cond_1=TRUE (00000001)

State 133 file /home/dell/zyworkspace/nichecker/Experiment/remarks2.1/svp_simple_021/_mt_svp_simple_021_001_result/_cs_svp_simple_021_001_tc_block_rcvd_bytes_ch1_wwr_mt_svp_simple_021_001.c line 324 function main_task_0 thread 0
----------------------------------------------------
  svp_simple_021_001_tc_block_rcvd_bytes=1 (0000000000000001)

State 134 file /home/dell/zyworkspace/nichecker/Experiment/remarks2.1/svp_simple_021/_mt_svp_simple_021_001_result/_cs_svp_simple_021_001_tc_block_rcvd_bytes_ch1_wwr_mt_svp_simple_021_001.c line 326 function main_task_0 thread 0
----------------------------------------------------
  wwr_r1=1 (0000000000000001)

Violated property:
  file /home/dell/zyworkspace/nichecker/Experiment/remarks2.1/svp_simple_021/_mt_svp_simple_021_001_result/_cs_svp_simple_021_001_tc_block_rcvd_bytes_ch1_wwr_mt_svp_simple_021_001.c line 328 function main_task_0
  assertion wwr_r1 == wwr_w_tmp1
  wwr_r1 == wwr_w_tmp1


** 1 of 2 failed (2 iterations)
VERIFICATION FAILED
