CBMC version 5.6 64-bit x86_64 linux
Parsing /home/dell/zyworkspace/nichecker/Experiment/remarks2.1/svp_simple_021/_mt_svp_simple_021_001_result/_cs_svp_simple_021_001_tc_block_rcvd_bytes_ch1_rww_mt_svp_simple_021_001.c
<command-line>: warning: "__STDC_VERSION__" redefined
<built-in>: note: this is the location of the previous definition
Converting
Type-checking _cs_svp_simple_021_001_tc_block_rcvd_bytes_ch1_rww_mt_svp_simple_021_001
file /home/dell/zyworkspace/nichecker/Experiment/remarks2.1/svp_simple_021/_mt_svp_simple_021_001_result/_cs_svp_simple_021_001_tc_block_rcvd_bytes_ch1_rww_mt_svp_simple_021_001.c line 216 function main_task_0: function `nondet_rand' is not declared
file /home/dell/zyworkspace/nichecker/Experiment/remarks2.1/svp_simple_021/_mt_svp_simple_021_001_result/_cs_svp_simple_021_001_tc_block_rcvd_bytes_ch1_rww_mt_svp_simple_021_001.c line 240 function main_task_0: function `__cs_init_scalar' is not declared
file /home/dell/zyworkspace/nichecker/Experiment/remarks2.1/svp_simple_021/_mt_svp_simple_021_001_result/_cs_svp_simple_021_001_tc_block_rcvd_bytes_ch1_rww_mt_svp_simple_021_001.c line 259 function main_task_0: function `assert' is not declared
Generating GOTO Program
Adding CPROVER library (x86_64)
Removal of function pointers and virtual functions
Partial Inlining
Generic Property Instrumentation
Starting Bounded Model Checking
**** WARNING: no body for function enable_isr
**** WARNING: no body for function __cs_init_scalar
size of program expression: 858 steps
simple slicing removed 189 assignments
Generated 3 VCC(s), 3 remaining after simplification
Passing problem to propositional reduction
converting SSA
Running propositional reduction
Post-processing
Solving with MiniSAT 2.2.1 with simplifier
4824 variables, 15330 clauses
SAT checker: instance is SATISFIABLE
Runtime decision procedure: 0.025s

** Results:
[main_task_0.assertion.1] assertion rww_w1 == rww_r_tmp1: FAILURE

Trace for main_task_0.assertion.1:

State 51 file /home/dell/zyworkspace/nichecker/Experiment/remarks2.1/svp_simple_021/_mt_svp_simple_021_001_result/_cs_svp_simple_021_001_tc_block_rcvd_bytes_ch1_rww_mt_svp_simple_021_001.c line 464 function main thread 0
----------------------------------------------------
  __cs_tmp_t1_r0=2 (010)

State 53 file /home/dell/zyworkspace/nichecker/Experiment/remarks2.1/svp_simple_021/_mt_svp_simple_021_001_result/_cs_svp_simple_021_001_tc_block_rcvd_bytes_ch1_rww_mt_svp_simple_021_001.c line 468 function main thread 0
----------------------------------------------------
  __cs_thread_index=1 (01)

State 54 file /home/dell/zyworkspace/nichecker/Experiment/remarks2.1/svp_simple_021/_mt_svp_simple_021_001_result/_cs_svp_simple_021_001_tc_block_rcvd_bytes_ch1_rww_mt_svp_simple_021_001.c line 470 function main thread 0
----------------------------------------------------
  __cs_pc_cs[1l]=2 (010)

State 59 file /home/dell/zyworkspace/nichecker/Experiment/remarks2.1/svp_simple_021/_mt_svp_simple_021_001_result/_cs_svp_simple_021_001_tc_block_rcvd_bytes_ch1_rww_mt_svp_simple_021_001.c line 476 function main thread 0
----------------------------------------------------
  __cs_param_main_task_arg=NULL (0000000000000000000000000000000000000000000000000000000000000000)

State 63 file /home/dell/zyworkspace/nichecker/Experiment/remarks2.1/svp_simple_021/_mt_svp_simple_021_001_result/_cs_svp_simple_021_001_tc_block_rcvd_bytes_ch1_rww_mt_svp_simple_021_001.c line 216 function main_task_0 thread 0
----------------------------------------------------
  svp_simple_021_001_tc_block_rcvd_bytes_ch1=128 (0000000010000000)

State 67 file /home/dell/zyworkspace/nichecker/Experiment/remarks2.1/svp_simple_021/_mt_svp_simple_021_001_result/_cs_svp_simple_021_001_tc_block_rcvd_bytes_ch1_rww_mt_svp_simple_021_001.c line 222 function main_task_0 thread 0
----------------------------------------------------
  __cs_disable_thread[2l]=0 (0)

State 68 file /home/dell/zyworkspace/nichecker/Experiment/remarks2.1/svp_simple_021/_mt_svp_simple_021_001_result/_cs_svp_simple_021_001_tc_block_rcvd_bytes_ch1_rww_mt_svp_simple_021_001.c line 225 function main_task_0 thread 0
----------------------------------------------------
  __cs_disable_thread[0l]=0 (0)

State 73 file /home/dell/zyworkspace/nichecker/Experiment/remarks2.1/svp_simple_021/_mt_svp_simple_021_001_result/_cs_svp_simple_021_001_tc_block_rcvd_bytes_ch1_rww_mt_svp_simple_021_001.c line 244 function main_task_0 thread 0
----------------------------------------------------
  __cs_local_main_task___cs_tmp_if_cond_0=TRUE (00000001)

State 74 file /home/dell/zyworkspace/nichecker/Experiment/remarks2.1/svp_simple_021/_mt_svp_simple_021_001_result/_cs_svp_simple_021_001_tc_block_rcvd_bytes_ch1_rww_mt_svp_simple_021_001.c line 246 function main_task_0 thread 0
----------------------------------------------------
  rww_r_tmp1_num=1 (00000000000000000000000000000001)

State 75 file /home/dell/zyworkspace/nichecker/Experiment/remarks2.1/svp_simple_021/_mt_svp_simple_021_001_result/_cs_svp_simple_021_001_tc_block_rcvd_bytes_ch1_rww_mt_svp_simple_021_001.c line 247 function main_task_0 thread 0
----------------------------------------------------
  rww_r_tmp1=128 (0000000010000000)

State 81 file /home/dell/zyworkspace/nichecker/Experiment/remarks2.1/svp_simple_021/_mt_svp_simple_021_001_result/_cs_svp_simple_021_001_tc_block_rcvd_bytes_ch1_rww_mt_svp_simple_021_001.c line 452 function main_task_0 thread 0
----------------------------------------------------
  __cs_value_ptr=NULL (0000000000000000000000000000000000000000000000000000000000000000)

State 86 file /home/dell/zyworkspace/nichecker/Experiment/remarks2.1/svp_simple_021/_mt_svp_simple_021_001_result/_cs_svp_simple_021_001_tc_block_rcvd_bytes_ch1_rww_mt_svp_simple_021_001.c line 478 function main thread 0
----------------------------------------------------
  __cs_pc[1l]=2 (010)

State 87 file /home/dell/zyworkspace/nichecker/Experiment/remarks2.1/svp_simple_021/_mt_svp_simple_021_001_result/_cs_svp_simple_021_001_tc_block_rcvd_bytes_ch1_rww_mt_svp_simple_021_001.c line 484 function main thread 0
----------------------------------------------------
  __cs_tmp_t2_r0=0 (0)

State 89 file /home/dell/zyworkspace/nichecker/Experiment/remarks2.1/svp_simple_021/_mt_svp_simple_021_001_result/_cs_svp_simple_021_001_tc_block_rcvd_bytes_ch1_rww_mt_svp_simple_021_001.c line 489 function main thread 0
----------------------------------------------------
  __cs_thread_index=2 (10)

State 90 file /home/dell/zyworkspace/nichecker/Experiment/remarks2.1/svp_simple_021/_mt_svp_simple_021_001_result/_cs_svp_simple_021_001_tc_block_rcvd_bytes_ch1_rww_mt_svp_simple_021_001.c line 491 function main thread 0
----------------------------------------------------
  __cs_pc_cs[2l]=0 (000)

State 95 file /home/dell/zyworkspace/nichecker/Experiment/remarks2.1/svp_simple_021/_mt_svp_simple_021_001_result/_cs_svp_simple_021_001_tc_block_rcvd_bytes_ch1_rww_mt_svp_simple_021_001.c line 497 function main thread 0
----------------------------------------------------
  __cs_param_svp_simple_021_001_isr_1_arg=NULL (0000000000000000000000000000000000000000000000000000000000000000)

State 99 file /home/dell/zyworkspace/nichecker/Experiment/remarks2.1/svp_simple_021/_mt_svp_simple_021_001_result/_cs_svp_simple_021_001_tc_block_rcvd_bytes_ch1_rww_mt_svp_simple_021_001.c line 205 function svp_simple_021_001_isr_1_0 thread 0
----------------------------------------------------
  __cs_value_ptr=NULL (0000000000000000000000000000000000000000000000000000000000000000)

State 104 file /home/dell/zyworkspace/nichecker/Experiment/remarks2.1/svp_simple_021/_mt_svp_simple_021_001_result/_cs_svp_simple_021_001_tc_block_rcvd_bytes_ch1_rww_mt_svp_simple_021_001.c line 499 function main thread 0
----------------------------------------------------
  __cs_pc[2l]=0 (000)

State 105 file /home/dell/zyworkspace/nichecker/Experiment/remarks2.1/svp_simple_021/_mt_svp_simple_021_001_result/_cs_svp_simple_021_001_tc_block_rcvd_bytes_ch1_rww_mt_svp_simple_021_001.c line 509 function main thread 0
----------------------------------------------------
  __cs_tmp_t1_r1=2 (010)

State 107 file /home/dell/zyworkspace/nichecker/Experiment/remarks2.1/svp_simple_021/_mt_svp_simple_021_001_result/_cs_svp_simple_021_001_tc_block_rcvd_bytes_ch1_rww_mt_svp_simple_021_001.c line 514 function main thread 0
----------------------------------------------------
  __cs_thread_index=1 (01)

State 108 file /home/dell/zyworkspace/nichecker/Experiment/remarks2.1/svp_simple_021/_mt_svp_simple_021_001_result/_cs_svp_simple_021_001_tc_block_rcvd_bytes_ch1_rww_mt_svp_simple_021_001.c line 516 function main thread 0
----------------------------------------------------
  __cs_pc_cs[1l]=2 (010)

State 113 file /home/dell/zyworkspace/nichecker/Experiment/remarks2.1/svp_simple_021/_mt_svp_simple_021_001_result/_cs_svp_simple_021_001_tc_block_rcvd_bytes_ch1_rww_mt_svp_simple_021_001.c line 522 function main thread 0
----------------------------------------------------
  __cs_param_main_task_arg=NULL (0000000000000000000000000000000000000000000000000000000000000000)

State 121 file /home/dell/zyworkspace/nichecker/Experiment/remarks2.1/svp_simple_021/_mt_svp_simple_021_001_result/_cs_svp_simple_021_001_tc_block_rcvd_bytes_ch1_rww_mt_svp_simple_021_001.c line 452 function main_task_0 thread 0
----------------------------------------------------
  __cs_value_ptr=NULL (0000000000000000000000000000000000000000000000000000000000000000)

State 126 file /home/dell/zyworkspace/nichecker/Experiment/remarks2.1/svp_simple_021/_mt_svp_simple_021_001_result/_cs_svp_simple_021_001_tc_block_rcvd_bytes_ch1_rww_mt_svp_simple_021_001.c line 524 function main thread 0
----------------------------------------------------
  __cs_pc[1l]=2 (010)

State 127 file /home/dell/zyworkspace/nichecker/Experiment/remarks2.1/svp_simple_021/_mt_svp_simple_021_001_result/_cs_svp_simple_021_001_tc_block_rcvd_bytes_ch1_rww_mt_svp_simple_021_001.c line 530 function main thread 0
----------------------------------------------------
  __cs_tmp_t2_r1=1 (1)

State 129 file /home/dell/zyworkspace/nichecker/Experiment/remarks2.1/svp_simple_021/_mt_svp_simple_021_001_result/_cs_svp_simple_021_001_tc_block_rcvd_bytes_ch1_rww_mt_svp_simple_021_001.c line 535 function main thread 0
----------------------------------------------------
  __cs_thread_index=2 (10)

State 130 file /home/dell/zyworkspace/nichecker/Experiment/remarks2.1/svp_simple_021/_mt_svp_simple_021_001_result/_cs_svp_simple_021_001_tc_block_rcvd_bytes_ch1_rww_mt_svp_simple_021_001.c line 537 function main thread 0
----------------------------------------------------
  __cs_pc_cs[2l]=1 (001)

State 135 file /home/dell/zyworkspace/nichecker/Experiment/remarks2.1/svp_simple_021/_mt_svp_simple_021_001_result/_cs_svp_simple_021_001_tc_block_rcvd_bytes_ch1_rww_mt_svp_simple_021_001.c line 543 function main thread 0
----------------------------------------------------
  __cs_param_svp_simple_021_001_isr_1_arg=NULL (0000000000000000000000000000000000000000000000000000000000000000)

State 137 file /home/dell/zyworkspace/nichecker/Experiment/remarks2.1/svp_simple_021/_mt_svp_simple_021_001_result/_cs_svp_simple_021_001_tc_block_rcvd_bytes_ch1_rww_mt_svp_simple_021_001.c line 194 function svp_simple_021_001_isr_1_0 thread 0
----------------------------------------------------
  svp_simple_021_001_tc_block_rcvd_bytes_ch1=0 (0000000000000000)

State 141 file /home/dell/zyworkspace/nichecker/Experiment/remarks2.1/svp_simple_021/_mt_svp_simple_021_001_result/_cs_svp_simple_021_001_tc_block_rcvd_bytes_ch1_rww_mt_svp_simple_021_001.c line 205 function svp_simple_021_001_isr_1_0 thread 0
----------------------------------------------------
  __cs_value_ptr=NULL (0000000000000000000000000000000000000000000000000000000000000000)

State 146 file /home/dell/zyworkspace/nichecker/Experiment/remarks2.1/svp_simple_021/_mt_svp_simple_021_001_result/_cs_svp_simple_021_001_tc_block_rcvd_bytes_ch1_rww_mt_svp_simple_021_001.c line 545 function main thread 0
----------------------------------------------------
  __cs_pc[2l]=1 (001)

State 147 file /home/dell/zyworkspace/nichecker/Experiment/remarks2.1/svp_simple_021/_mt_svp_simple_021_001_result/_cs_svp_simple_021_001_tc_block_rcvd_bytes_ch1_rww_mt_svp_simple_021_001.c line 549 function main thread 0
----------------------------------------------------
  __cs_tmp_t1_r2=3u (00000000000000000000000000000011)

State 149 file /home/dell/zyworkspace/nichecker/Experiment/remarks2.1/svp_simple_021/_mt_svp_simple_021_001_result/_cs_svp_simple_021_001_tc_block_rcvd_bytes_ch1_rww_mt_svp_simple_021_001.c line 554 function main thread 0
----------------------------------------------------
  __cs_thread_index=1 (01)

State 150 file /home/dell/zyworkspace/nichecker/Experiment/remarks2.1/svp_simple_021/_mt_svp_simple_021_001_result/_cs_svp_simple_021_001_tc_block_rcvd_bytes_ch1_rww_mt_svp_simple_021_001.c line 556 function main thread 0
----------------------------------------------------
  __cs_pc_cs[1l]=3 (011)

State 155 file /home/dell/zyworkspace/nichecker/Experiment/remarks2.1/svp_simple_021/_mt_svp_simple_021_001_result/_cs_svp_simple_021_001_tc_block_rcvd_bytes_ch1_rww_mt_svp_simple_021_001.c line 562 function main thread 0
----------------------------------------------------
  __cs_param_main_task_arg=NULL (0000000000000000000000000000000000000000000000000000000000000000)

State 160 file /home/dell/zyworkspace/nichecker/Experiment/remarks2.1/svp_simple_021/_mt_svp_simple_021_001_result/_cs_svp_simple_021_001_tc_block_rcvd_bytes_ch1_rww_mt_svp_simple_021_001.c line 257 function main_task_0 thread 0
----------------------------------------------------
  rww_w1=0 (0000000000000000)

Violated property:
  file /home/dell/zyworkspace/nichecker/Experiment/remarks2.1/svp_simple_021/_mt_svp_simple_021_001_result/_cs_svp_simple_021_001_tc_block_rcvd_bytes_ch1_rww_mt_svp_simple_021_001.c line 259 function main_task_0
  assertion rww_w1 == rww_r_tmp1
  rww_w1 == rww_r_tmp1


** 1 of 1 failed (1 iteration)
VERIFICATION FAILED
