2023-10-04 12:13:53
SVPCheck: True	LoopAbstraction: True	LabelReduction: True	Slice: True	

SVPCheck var: svp_simple_021_001_tc_block_rcvd_bytes_ch1	pattern: rww
--------------------------Run start-------------------------------
inliner
slice
LoopAbstraction
unroller
insertLabel
lazyseq
feeder  0.232
[91mUNSAFE[0m, counterexample: 1, time: 3.705 s, memory: 30.95 MB
--------------------------Run end---------------------------------
SVPCheck var: svp_simple_021_001_tc_block_rcvd_bytes_ch1	pattern: wwr
--------------------------Run start-------------------------------
inliner
slice
LoopAbstraction
unroller
insertLabel
lazyseq
feeder  0.219
[91mUNSAFE[0m, counterexample: 1, time: 3.676 s, memory: 30.36 MB
--------------------------Run end---------------------------------
SVPCheck var: svp_simple_021_001_tc_block_rcvd_bytes_ch1	pattern: rwr
--------------------------Run start-------------------------------
inliner
slice
LoopAbstraction
unroller
insertLabel
lazyseq
feeder  0.249
[91mUNSAFE[0m, counterexample: 1, time: 3.732 s, memory: 31.34 MB
--------------------------Run end---------------------------------
cbmcTimeSum: 0.7
modulesTimeSum: 11.113
