2023-10-31 08:16:24
SVPCheck: True	LoopAbstraction: True	LabelReduction: True	Slice: False	

SVPCheck var: svp_simple_009_001_p	pattern: wrw
--------------------------Run start-------------------------------
inliner
slice
LoopAbstraction
unroller
insertLabel
lazyseq
feeder  0.192
[92mSAFE[0m, counterexample: 0, time: 2.720 s, memory: 29.65 MB
--------------------------Run end---------------------------------
SVPCheck var: svp_simple_009_001_q	pattern: wrw
--------------------------Run start-------------------------------
inliner
slice
LoopAbstraction
unroller
insertLabel
lazyseq
feeder  0.183
[92mSAFE[0m, counterexample: 0, time: 2.633 s, memory: 28.66 MB
--------------------------Run end---------------------------------
SVPCheck var: svp_simple_009_001_m	pattern: wrw
--------------------------Run start-------------------------------
inliner
slice
LoopAbstraction
unroller
insertLabel
lazyseq
feeder  0.189
[92mSAFE[0m, counterexample: 0, time: 2.732 s, memory: 29.64 MB
--------------------------Run end---------------------------------
cbmcTimeSum: 0.564
modulesTimeSum: 8.085
