2023-10-15 16:46:58
SVPCheck: True	LoopAbstraction: True	LabelReduction: False	Slice: False	

SVPCheck var: svp_simple_001_001_global_array[9999]	pattern: wrw
--------------------------Run start-------------------------------
inliner
slice
LoopAbstraction
unroller
insertLabel
lazyseq
feeder  5.643
[91mUNSAFE[0m, counterexample: 2, time: 7.478 s, memory: 708.54 MB
--------------------------Run end---------------------------------
SVPCheck var: svp_simple_001_001_global_var	pattern: wrw
--------------------------Run start-------------------------------
inliner
slice
LoopAbstraction
unroller
insertLabel
lazyseq
feeder  3.590
[92mSAFE[0m, counterexample: 0, time: 5.387 s, memory: 486.06 MB
--------------------------Run end---------------------------------
cbmcTimeSum: 9.233
modulesTimeSum: 12.865
