2023-10-15 16:24:16
SVPCheck: True	LoopAbstraction: True	LabelReduction: False	Slice: True	

SVPCheck var: svp_simple_027_001_gloable_var	pattern: rww
--------------------------Run start-------------------------------
inliner
slice
LoopAbstraction
unroller
insertLabel
lazyseq
feeder  0.217
[91mUNSAFE[0m, counterexample: 3, time: 2.605 s, memory: 29.88 MB
--------------------------Run end---------------------------------
SVPCheck var: svp_simple_027_001_gloable_var	pattern: wwr
--------------------------Run start-------------------------------
inliner
slice
LoopAbstraction
unroller
insertLabel
lazyseq
feeder  0.207
[91mUNSAFE[0m, counterexample: 1, time: 2.600 s, memory: 29.91 MB
--------------------------Run end---------------------------------
cbmcTimeSum: 0.424
modulesTimeSum: 5.205
