CBMC version 5.6 64-bit x86_64 linux
Parsing /home/dell/zyworkspace/nichecker/Experiment/icbmc/brake1/_mt_main_n_result/_cs___mt_main_n.c
<command-line>: warning: "__STDC_VERSION__" redefined
<built-in>: note: this is the location of the previous definition
Converting
Type-checking _cs___mt_main_n
file /home/dell/zyworkspace/nichecker/Experiment/icbmc/brake1/_mt_main_n_result/_cs___mt_main_n.c line 266 function task_compute_isr_0: function `assert' is not declared
Generating GOTO Program
Adding CPROVER library (x86_64)
Removal of function pointers and virtual functions
Partial Inlining
Generic Property Instrumentation
Starting Bounded Model Checking
size of program expression: 850 steps
simple slicing removed 260 assignments
Generated 8 VCC(s), 8 remaining after simplification
Passing problem to propositional reduction
converting SSA
Running propositional reduction
Post-processing
Solving with MiniSAT 2.2.1 with simplifier
572 variables, 973 clauses
SAT checker: instance is SATISFIABLE
Solving with MiniSAT 2.2.1 with simplifier
572 variables, 0 clauses
SAT checker inconsistent: instance is UNSATISFIABLE
Runtime decision procedure: 0.008s

** Results:
[task_compute_isr_0.assertion.1] assertion 0: SUCCESS
[task_compute_isr_0.assertion.2] assertion 0: FAILURE
[task_compute_isr_0.assertion.3] assertion 0: FAILURE
[task_compute_isr_0.assertion.4] assertion 0: FAILURE
[task_compute_isr_0.assertion.5] assertion 0: FAILURE

Trace for task_compute_isr_0.assertion.2:

State 91 file /home/dell/zyworkspace/nichecker/Experiment/icbmc/brake1/_mt_main_n_result/_cs___mt_main_n.c line 581 function main thread 0
----------------------------------------------------
  __cs_tmp_t1_r0=1 (1)

State 93 file /home/dell/zyworkspace/nichecker/Experiment/icbmc/brake1/_mt_main_n_result/_cs___mt_main_n.c line 585 function main thread 0
----------------------------------------------------
  __cs_thread_index=1 (001)

State 94 file /home/dell/zyworkspace/nichecker/Experiment/icbmc/brake1/_mt_main_n_result/_cs___mt_main_n.c line 587 function main thread 0
----------------------------------------------------
  __cs_pc_cs[1l]=1 (00001)

State 99 file /home/dell/zyworkspace/nichecker/Experiment/icbmc/brake1/_mt_main_n_result/_cs___mt_main_n.c line 593 function main thread 0
----------------------------------------------------
  __cs_param_main_task_arg=NULL (0000000000000000000000000000000000000000000000000000000000000000)

State 101 file /home/dell/zyworkspace/nichecker/Experiment/icbmc/brake1/_mt_main_n_result/_cs___mt_main_n.c line 554 function main_task_0 thread 0
----------------------------------------------------
  test=0 (00000000000000000000000000000000)

State 105 file /home/dell/zyworkspace/nichecker/Experiment/icbmc/brake1/_mt_main_n_result/_cs___mt_main_n.c line 569 function main_task_0 thread 0
----------------------------------------------------
  __cs_value_ptr=NULL (0000000000000000000000000000000000000000000000000000000000000000)

State 110 file /home/dell/zyworkspace/nichecker/Experiment/icbmc/brake1/_mt_main_n_result/_cs___mt_main_n.c line 595 function main thread 0
----------------------------------------------------
  __cs_pc[1l]=1 (00001)

State 111 file /home/dell/zyworkspace/nichecker/Experiment/icbmc/brake1/_mt_main_n_result/_cs___mt_main_n.c line 601 function main thread 0
----------------------------------------------------
  __cs_tmp_t2_r0=1 (1)

State 113 file /home/dell/zyworkspace/nichecker/Experiment/icbmc/brake1/_mt_main_n_result/_cs___mt_main_n.c line 606 function main thread 0
----------------------------------------------------
  __cs_thread_index=2 (010)

State 114 file /home/dell/zyworkspace/nichecker/Experiment/icbmc/brake1/_mt_main_n_result/_cs___mt_main_n.c line 608 function main thread 0
----------------------------------------------------
  __cs_pc_cs[2l]=1 (00001)

State 119 file /home/dell/zyworkspace/nichecker/Experiment/icbmc/brake1/_mt_main_n_result/_cs___mt_main_n.c line 614 function main thread 0
----------------------------------------------------
  __cs_param_task_compute_isr_arg=NULL (0000000000000000000000000000000000000000000000000000000000000000)

State 121 file /home/dell/zyworkspace/nichecker/Experiment/icbmc/brake1/_mt_main_n_result/_cs___mt_main_n.c line 223 function task_compute_isr_0 thread 0
----------------------------------------------------
  cnt1=1 (00000000000000000000000000000001)

State 122 file /home/dell/zyworkspace/nichecker/Experiment/icbmc/brake1/_mt_main_n_result/_cs___mt_main_n.c line 225 function task_compute_isr_0 thread 0
----------------------------------------------------
  brake_acc_nodiv_ctrl_B_local_RT_h=0 (00000000000000000000000000000000)

State 123 file /home/dell/zyworkspace/nichecker/Experiment/icbmc/brake1/_mt_main_n_result/_cs___mt_main_n.c line 227 function task_compute_isr_0 thread 0
----------------------------------------------------
  brake_acc_nodiv_ctrl_B_local_RT4=0 (00000000000000000000000000000000)

State 124 file /home/dell/zyworkspace/nichecker/Experiment/icbmc/brake1/_mt_main_n_result/_cs___mt_main_n.c line 229 function task_compute_isr_0 thread 0
----------------------------------------------------
  brake_acc_nodiv_ctrl_B_local_RT1=0 (00000000000000000000000000000000)

State 125 file /home/dell/zyworkspace/nichecker/Experiment/icbmc/brake1/_mt_main_n_result/_cs___mt_main_n.c line 231 function task_compute_isr_0 thread 0
----------------------------------------------------
  brake_acc_nodiv_ctrl_B_local_RT2=0 (00000000000000000000000000000000)

State 126 file /home/dell/zyworkspace/nichecker/Experiment/icbmc/brake1/_mt_main_n_result/_cs___mt_main_n.c line 233 function task_compute_isr_0 thread 0
----------------------------------------------------
  brake_acc_nodiv_ctrl_B_local_RT3=0 (00000000000000000000000000000000)

State 127 file /home/dell/zyworkspace/nichecker/Experiment/icbmc/brake1/_mt_main_n_result/_cs___mt_main_n.c line 235 function task_compute_isr_0 thread 0
----------------------------------------------------
  test=0 (00000000000000000000000000000000)

State 128 file /home/dell/zyworkspace/nichecker/Experiment/icbmc/brake1/_mt_main_n_result/_cs___mt_main_n.c line 237 function task_compute_isr_0 thread 0
----------------------------------------------------
  Distribution_idx=0 (00000000000000000000000000000000)

State 129 file /home/dell/zyworkspace/nichecker/Experiment/icbmc/brake1/_mt_main_n_result/_cs___mt_main_n.c line 240 function task_compute_isr_0 thread 0
----------------------------------------------------
  Distribution_idx_0=0 (00000000000000000000000000000000)

State 130 file /home/dell/zyworkspace/nichecker/Experiment/icbmc/brake1/_mt_main_n_result/_cs___mt_main_n.c line 243 function task_compute_isr_0 thread 0
----------------------------------------------------
  Distribution_idx_1=0 (00000000000000000000000000000000)

State 131 file /home/dell/zyworkspace/nichecker/Experiment/icbmc/brake1/_mt_main_n_result/_cs___mt_main_n.c line 246 function task_compute_isr_0 thread 0
----------------------------------------------------
  vkmh=0 (00000000000000000000000000000000)

State 132 file /home/dell/zyworkspace/nichecker/Experiment/icbmc/brake1/_mt_main_n_result/_cs___mt_main_n.c line 248 function task_compute_isr_0 thread 0
----------------------------------------------------
  vkmh=0 (00000000000000000000000000000000)

State 133 file /home/dell/zyworkspace/nichecker/Experiment/icbmc/brake1/_mt_main_n_result/_cs___mt_main_n.c line 250 function task_compute_isr_0 thread 0
----------------------------------------------------
  vkmh=0 (00000000000000000000000000000000)

State 134 file /home/dell/zyworkspace/nichecker/Experiment/icbmc/brake1/_mt_main_n_result/_cs___mt_main_n.c line 252 function task_compute_isr_0 thread 0
----------------------------------------------------
  vkmh=0 (00000000000000000000000000000000)

State 135 file /home/dell/zyworkspace/nichecker/Experiment/icbmc/brake1/_mt_main_n_result/_cs___mt_main_n.c line 254 function task_compute_isr_0 thread 0
----------------------------------------------------
  vkmh=0 (00000000000000000000000000000000)

State 136 file /home/dell/zyworkspace/nichecker/Experiment/icbmc/brake1/_mt_main_n_result/_cs___mt_main_n.c line 256 function task_compute_isr_0 thread 0
----------------------------------------------------
  vkmh=0 (00000000000000000000000000000000)

State 137 file /home/dell/zyworkspace/nichecker/Experiment/icbmc/brake1/_mt_main_n_result/_cs___mt_main_n.c line 260 function task_compute_isr_0 thread 0
----------------------------------------------------
  __cs_local_task_compute_isr___cs_tmp_if_cond_0=FALSE (00000000)

State 139 file /home/dell/zyworkspace/nichecker/Experiment/icbmc/brake1/_mt_main_n_result/_cs___mt_main_n.c line 274 function task_compute_isr_0 thread 0
----------------------------------------------------
  __cs_local_task_compute_isr___cs_tmp_if_cond_1=TRUE (00000001)

Violated property:
  file /home/dell/zyworkspace/nichecker/Experiment/icbmc/brake1/_mt_main_n_result/_cs___mt_main_n.c line 280 function task_compute_isr_0
  assertion 0
  (_Bool)0


Trace for task_compute_isr_0.assertion.3:

State 91 file /home/dell/zyworkspace/nichecker/Experiment/icbmc/brake1/_mt_main_n_result/_cs___mt_main_n.c line 581 function main thread 0
----------------------------------------------------
  __cs_tmp_t1_r0=1 (1)

State 93 file /home/dell/zyworkspace/nichecker/Experiment/icbmc/brake1/_mt_main_n_result/_cs___mt_main_n.c line 585 function main thread 0
----------------------------------------------------
  __cs_thread_index=1 (001)

State 94 file /home/dell/zyworkspace/nichecker/Experiment/icbmc/brake1/_mt_main_n_result/_cs___mt_main_n.c line 587 function main thread 0
----------------------------------------------------
  __cs_pc_cs[1l]=1 (00001)

State 99 file /home/dell/zyworkspace/nichecker/Experiment/icbmc/brake1/_mt_main_n_result/_cs___mt_main_n.c line 593 function main thread 0
----------------------------------------------------
  __cs_param_main_task_arg=NULL (0000000000000000000000000000000000000000000000000000000000000000)

State 101 file /home/dell/zyworkspace/nichecker/Experiment/icbmc/brake1/_mt_main_n_result/_cs___mt_main_n.c line 554 function main_task_0 thread 0
----------------------------------------------------
  test=0 (00000000000000000000000000000000)

State 105 file /home/dell/zyworkspace/nichecker/Experiment/icbmc/brake1/_mt_main_n_result/_cs___mt_main_n.c line 569 function main_task_0 thread 0
----------------------------------------------------
  __cs_value_ptr=NULL (0000000000000000000000000000000000000000000000000000000000000000)

State 110 file /home/dell/zyworkspace/nichecker/Experiment/icbmc/brake1/_mt_main_n_result/_cs___mt_main_n.c line 595 function main thread 0
----------------------------------------------------
  __cs_pc[1l]=1 (00001)

State 111 file /home/dell/zyworkspace/nichecker/Experiment/icbmc/brake1/_mt_main_n_result/_cs___mt_main_n.c line 601 function main thread 0
----------------------------------------------------
  __cs_tmp_t2_r0=1 (1)

State 113 file /home/dell/zyworkspace/nichecker/Experiment/icbmc/brake1/_mt_main_n_result/_cs___mt_main_n.c line 606 function main thread 0
----------------------------------------------------
  __cs_thread_index=2 (010)

State 114 file /home/dell/zyworkspace/nichecker/Experiment/icbmc/brake1/_mt_main_n_result/_cs___mt_main_n.c line 608 function main thread 0
----------------------------------------------------
  __cs_pc_cs[2l]=1 (00001)

State 119 file /home/dell/zyworkspace/nichecker/Experiment/icbmc/brake1/_mt_main_n_result/_cs___mt_main_n.c line 614 function main thread 0
----------------------------------------------------
  __cs_param_task_compute_isr_arg=NULL (0000000000000000000000000000000000000000000000000000000000000000)

State 121 file /home/dell/zyworkspace/nichecker/Experiment/icbmc/brake1/_mt_main_n_result/_cs___mt_main_n.c line 223 function task_compute_isr_0 thread 0
----------------------------------------------------
  cnt1=1 (00000000000000000000000000000001)

State 122 file /home/dell/zyworkspace/nichecker/Experiment/icbmc/brake1/_mt_main_n_result/_cs___mt_main_n.c line 225 function task_compute_isr_0 thread 0
----------------------------------------------------
  brake_acc_nodiv_ctrl_B_local_RT_h=0 (00000000000000000000000000000000)

State 123 file /home/dell/zyworkspace/nichecker/Experiment/icbmc/brake1/_mt_main_n_result/_cs___mt_main_n.c line 227 function task_compute_isr_0 thread 0
----------------------------------------------------
  brake_acc_nodiv_ctrl_B_local_RT4=0 (00000000000000000000000000000000)

State 124 file /home/dell/zyworkspace/nichecker/Experiment/icbmc/brake1/_mt_main_n_result/_cs___mt_main_n.c line 229 function task_compute_isr_0 thread 0
----------------------------------------------------
  brake_acc_nodiv_ctrl_B_local_RT1=0 (00000000000000000000000000000000)

State 125 file /home/dell/zyworkspace/nichecker/Experiment/icbmc/brake1/_mt_main_n_result/_cs___mt_main_n.c line 231 function task_compute_isr_0 thread 0
----------------------------------------------------
  brake_acc_nodiv_ctrl_B_local_RT2=0 (00000000000000000000000000000000)

State 126 file /home/dell/zyworkspace/nichecker/Experiment/icbmc/brake1/_mt_main_n_result/_cs___mt_main_n.c line 233 function task_compute_isr_0 thread 0
----------------------------------------------------
  brake_acc_nodiv_ctrl_B_local_RT3=0 (00000000000000000000000000000000)

State 127 file /home/dell/zyworkspace/nichecker/Experiment/icbmc/brake1/_mt_main_n_result/_cs___mt_main_n.c line 235 function task_compute_isr_0 thread 0
----------------------------------------------------
  test=0 (00000000000000000000000000000000)

State 128 file /home/dell/zyworkspace/nichecker/Experiment/icbmc/brake1/_mt_main_n_result/_cs___mt_main_n.c line 237 function task_compute_isr_0 thread 0
----------------------------------------------------
  Distribution_idx=0 (00000000000000000000000000000000)

State 129 file /home/dell/zyworkspace/nichecker/Experiment/icbmc/brake1/_mt_main_n_result/_cs___mt_main_n.c line 240 function task_compute_isr_0 thread 0
----------------------------------------------------
  Distribution_idx_0=0 (00000000000000000000000000000000)

State 130 file /home/dell/zyworkspace/nichecker/Experiment/icbmc/brake1/_mt_main_n_result/_cs___mt_main_n.c line 243 function task_compute_isr_0 thread 0
----------------------------------------------------
  Distribution_idx_1=0 (00000000000000000000000000000000)

State 131 file /home/dell/zyworkspace/nichecker/Experiment/icbmc/brake1/_mt_main_n_result/_cs___mt_main_n.c line 246 function task_compute_isr_0 thread 0
----------------------------------------------------
  vkmh=0 (00000000000000000000000000000000)

State 132 file /home/dell/zyworkspace/nichecker/Experiment/icbmc/brake1/_mt_main_n_result/_cs___mt_main_n.c line 248 function task_compute_isr_0 thread 0
----------------------------------------------------
  vkmh=0 (00000000000000000000000000000000)

State 133 file /home/dell/zyworkspace/nichecker/Experiment/icbmc/brake1/_mt_main_n_result/_cs___mt_main_n.c line 250 function task_compute_isr_0 thread 0
----------------------------------------------------
  vkmh=0 (00000000000000000000000000000000)

State 134 file /home/dell/zyworkspace/nichecker/Experiment/icbmc/brake1/_mt_main_n_result/_cs___mt_main_n.c line 252 function task_compute_isr_0 thread 0
----------------------------------------------------
  vkmh=0 (00000000000000000000000000000000)

State 135 file /home/dell/zyworkspace/nichecker/Experiment/icbmc/brake1/_mt_main_n_result/_cs___mt_main_n.c line 254 function task_compute_isr_0 thread 0
----------------------------------------------------
  vkmh=0 (00000000000000000000000000000000)

State 136 file /home/dell/zyworkspace/nichecker/Experiment/icbmc/brake1/_mt_main_n_result/_cs___mt_main_n.c line 256 function task_compute_isr_0 thread 0
----------------------------------------------------
  vkmh=0 (00000000000000000000000000000000)

State 137 file /home/dell/zyworkspace/nichecker/Experiment/icbmc/brake1/_mt_main_n_result/_cs___mt_main_n.c line 260 function task_compute_isr_0 thread 0
----------------------------------------------------
  __cs_local_task_compute_isr___cs_tmp_if_cond_0=FALSE (00000000)

State 139 file /home/dell/zyworkspace/nichecker/Experiment/icbmc/brake1/_mt_main_n_result/_cs___mt_main_n.c line 274 function task_compute_isr_0 thread 0
----------------------------------------------------
  __cs_local_task_compute_isr___cs_tmp_if_cond_1=TRUE (00000001)

Violated property:
  file /home/dell/zyworkspace/nichecker/Experiment/icbmc/brake1/_mt_main_n_result/_cs___mt_main_n.c line 280 function task_compute_isr_0
  assertion 0
  (_Bool)0


State 142 file /home/dell/zyworkspace/nichecker/Experiment/icbmc/brake1/_mt_main_n_result/_cs___mt_main_n.c line 288 function task_compute_isr_0 thread 0
----------------------------------------------------
  __cs_local_task_compute_isr___cs_tmp_if_cond_2=TRUE (00000001)

Violated property:
  file /home/dell/zyworkspace/nichecker/Experiment/icbmc/brake1/_mt_main_n_result/_cs___mt_main_n.c line 294 function task_compute_isr_0
  assertion 0
  (_Bool)0


Trace for task_compute_isr_0.assertion.4:

State 91 file /home/dell/zyworkspace/nichecker/Experiment/icbmc/brake1/_mt_main_n_result/_cs___mt_main_n.c line 581 function main thread 0
----------------------------------------------------
  __cs_tmp_t1_r0=1 (1)

State 93 file /home/dell/zyworkspace/nichecker/Experiment/icbmc/brake1/_mt_main_n_result/_cs___mt_main_n.c line 585 function main thread 0
----------------------------------------------------
  __cs_thread_index=1 (001)

State 94 file /home/dell/zyworkspace/nichecker/Experiment/icbmc/brake1/_mt_main_n_result/_cs___mt_main_n.c line 587 function main thread 0
----------------------------------------------------
  __cs_pc_cs[1l]=1 (00001)

State 99 file /home/dell/zyworkspace/nichecker/Experiment/icbmc/brake1/_mt_main_n_result/_cs___mt_main_n.c line 593 function main thread 0
----------------------------------------------------
  __cs_param_main_task_arg=NULL (0000000000000000000000000000000000000000000000000000000000000000)

State 101 file /home/dell/zyworkspace/nichecker/Experiment/icbmc/brake1/_mt_main_n_result/_cs___mt_main_n.c line 554 function main_task_0 thread 0
----------------------------------------------------
  test=0 (00000000000000000000000000000000)

State 105 file /home/dell/zyworkspace/nichecker/Experiment/icbmc/brake1/_mt_main_n_result/_cs___mt_main_n.c line 569 function main_task_0 thread 0
----------------------------------------------------
  __cs_value_ptr=NULL (0000000000000000000000000000000000000000000000000000000000000000)

State 110 file /home/dell/zyworkspace/nichecker/Experiment/icbmc/brake1/_mt_main_n_result/_cs___mt_main_n.c line 595 function main thread 0
----------------------------------------------------
  __cs_pc[1l]=1 (00001)

State 111 file /home/dell/zyworkspace/nichecker/Experiment/icbmc/brake1/_mt_main_n_result/_cs___mt_main_n.c line 601 function main thread 0
----------------------------------------------------
  __cs_tmp_t2_r0=1 (1)

State 113 file /home/dell/zyworkspace/nichecker/Experiment/icbmc/brake1/_mt_main_n_result/_cs___mt_main_n.c line 606 function main thread 0
----------------------------------------------------
  __cs_thread_index=2 (010)

State 114 file /home/dell/zyworkspace/nichecker/Experiment/icbmc/brake1/_mt_main_n_result/_cs___mt_main_n.c line 608 function main thread 0
----------------------------------------------------
  __cs_pc_cs[2l]=1 (00001)

State 119 file /home/dell/zyworkspace/nichecker/Experiment/icbmc/brake1/_mt_main_n_result/_cs___mt_main_n.c line 614 function main thread 0
----------------------------------------------------
  __cs_param_task_compute_isr_arg=NULL (0000000000000000000000000000000000000000000000000000000000000000)

State 121 file /home/dell/zyworkspace/nichecker/Experiment/icbmc/brake1/_mt_main_n_result/_cs___mt_main_n.c line 223 function task_compute_isr_0 thread 0
----------------------------------------------------
  cnt1=1 (00000000000000000000000000000001)

State 122 file /home/dell/zyworkspace/nichecker/Experiment/icbmc/brake1/_mt_main_n_result/_cs___mt_main_n.c line 225 function task_compute_isr_0 thread 0
----------------------------------------------------
  brake_acc_nodiv_ctrl_B_local_RT_h=0 (00000000000000000000000000000000)

State 123 file /home/dell/zyworkspace/nichecker/Experiment/icbmc/brake1/_mt_main_n_result/_cs___mt_main_n.c line 227 function task_compute_isr_0 thread 0
----------------------------------------------------
  brake_acc_nodiv_ctrl_B_local_RT4=0 (00000000000000000000000000000000)

State 124 file /home/dell/zyworkspace/nichecker/Experiment/icbmc/brake1/_mt_main_n_result/_cs___mt_main_n.c line 229 function task_compute_isr_0 thread 0
----------------------------------------------------
  brake_acc_nodiv_ctrl_B_local_RT1=0 (00000000000000000000000000000000)

State 125 file /home/dell/zyworkspace/nichecker/Experiment/icbmc/brake1/_mt_main_n_result/_cs___mt_main_n.c line 231 function task_compute_isr_0 thread 0
----------------------------------------------------
  brake_acc_nodiv_ctrl_B_local_RT2=0 (00000000000000000000000000000000)

State 126 file /home/dell/zyworkspace/nichecker/Experiment/icbmc/brake1/_mt_main_n_result/_cs___mt_main_n.c line 233 function task_compute_isr_0 thread 0
----------------------------------------------------
  brake_acc_nodiv_ctrl_B_local_RT3=0 (00000000000000000000000000000000)

State 127 file /home/dell/zyworkspace/nichecker/Experiment/icbmc/brake1/_mt_main_n_result/_cs___mt_main_n.c line 235 function task_compute_isr_0 thread 0
----------------------------------------------------
  test=0 (00000000000000000000000000000000)

State 128 file /home/dell/zyworkspace/nichecker/Experiment/icbmc/brake1/_mt_main_n_result/_cs___mt_main_n.c line 237 function task_compute_isr_0 thread 0
----------------------------------------------------
  Distribution_idx=0 (00000000000000000000000000000000)

State 129 file /home/dell/zyworkspace/nichecker/Experiment/icbmc/brake1/_mt_main_n_result/_cs___mt_main_n.c line 240 function task_compute_isr_0 thread 0
----------------------------------------------------
  Distribution_idx_0=0 (00000000000000000000000000000000)

State 130 file /home/dell/zyworkspace/nichecker/Experiment/icbmc/brake1/_mt_main_n_result/_cs___mt_main_n.c line 243 function task_compute_isr_0 thread 0
----------------------------------------------------
  Distribution_idx_1=0 (00000000000000000000000000000000)

State 131 file /home/dell/zyworkspace/nichecker/Experiment/icbmc/brake1/_mt_main_n_result/_cs___mt_main_n.c line 246 function task_compute_isr_0 thread 0
----------------------------------------------------
  vkmh=0 (00000000000000000000000000000000)

State 132 file /home/dell/zyworkspace/nichecker/Experiment/icbmc/brake1/_mt_main_n_result/_cs___mt_main_n.c line 248 function task_compute_isr_0 thread 0
----------------------------------------------------
  vkmh=0 (00000000000000000000000000000000)

State 133 file /home/dell/zyworkspace/nichecker/Experiment/icbmc/brake1/_mt_main_n_result/_cs___mt_main_n.c line 250 function task_compute_isr_0 thread 0
----------------------------------------------------
  vkmh=0 (00000000000000000000000000000000)

State 134 file /home/dell/zyworkspace/nichecker/Experiment/icbmc/brake1/_mt_main_n_result/_cs___mt_main_n.c line 252 function task_compute_isr_0 thread 0
----------------------------------------------------
  vkmh=0 (00000000000000000000000000000000)

State 135 file /home/dell/zyworkspace/nichecker/Experiment/icbmc/brake1/_mt_main_n_result/_cs___mt_main_n.c line 254 function task_compute_isr_0 thread 0
----------------------------------------------------
  vkmh=0 (00000000000000000000000000000000)

State 136 file /home/dell/zyworkspace/nichecker/Experiment/icbmc/brake1/_mt_main_n_result/_cs___mt_main_n.c line 256 function task_compute_isr_0 thread 0
----------------------------------------------------
  vkmh=0 (00000000000000000000000000000000)

State 137 file /home/dell/zyworkspace/nichecker/Experiment/icbmc/brake1/_mt_main_n_result/_cs___mt_main_n.c line 260 function task_compute_isr_0 thread 0
----------------------------------------------------
  __cs_local_task_compute_isr___cs_tmp_if_cond_0=FALSE (00000000)

State 139 file /home/dell/zyworkspace/nichecker/Experiment/icbmc/brake1/_mt_main_n_result/_cs___mt_main_n.c line 274 function task_compute_isr_0 thread 0
----------------------------------------------------
  __cs_local_task_compute_isr___cs_tmp_if_cond_1=TRUE (00000001)

Violated property:
  file /home/dell/zyworkspace/nichecker/Experiment/icbmc/brake1/_mt_main_n_result/_cs___mt_main_n.c line 280 function task_compute_isr_0
  assertion 0
  (_Bool)0


State 142 file /home/dell/zyworkspace/nichecker/Experiment/icbmc/brake1/_mt_main_n_result/_cs___mt_main_n.c line 288 function task_compute_isr_0 thread 0
----------------------------------------------------
  __cs_local_task_compute_isr___cs_tmp_if_cond_2=TRUE (00000001)

Violated property:
  file /home/dell/zyworkspace/nichecker/Experiment/icbmc/brake1/_mt_main_n_result/_cs___mt_main_n.c line 294 function task_compute_isr_0
  assertion 0
  (_Bool)0


State 145 file /home/dell/zyworkspace/nichecker/Experiment/icbmc/brake1/_mt_main_n_result/_cs___mt_main_n.c line 302 function task_compute_isr_0 thread 0
----------------------------------------------------
  __cs_local_task_compute_isr___cs_tmp_if_cond_3=TRUE (00000001)

Violated property:
  file /home/dell/zyworkspace/nichecker/Experiment/icbmc/brake1/_mt_main_n_result/_cs___mt_main_n.c line 308 function task_compute_isr_0
  assertion 0
  (_Bool)0


Trace for task_compute_isr_0.assertion.5:

State 91 file /home/dell/zyworkspace/nichecker/Experiment/icbmc/brake1/_mt_main_n_result/_cs___mt_main_n.c line 581 function main thread 0
----------------------------------------------------
  __cs_tmp_t1_r0=1 (1)

State 93 file /home/dell/zyworkspace/nichecker/Experiment/icbmc/brake1/_mt_main_n_result/_cs___mt_main_n.c line 585 function main thread 0
----------------------------------------------------
  __cs_thread_index=1 (001)

State 94 file /home/dell/zyworkspace/nichecker/Experiment/icbmc/brake1/_mt_main_n_result/_cs___mt_main_n.c line 587 function main thread 0
----------------------------------------------------
  __cs_pc_cs[1l]=1 (00001)

State 99 file /home/dell/zyworkspace/nichecker/Experiment/icbmc/brake1/_mt_main_n_result/_cs___mt_main_n.c line 593 function main thread 0
----------------------------------------------------
  __cs_param_main_task_arg=NULL (0000000000000000000000000000000000000000000000000000000000000000)

State 101 file /home/dell/zyworkspace/nichecker/Experiment/icbmc/brake1/_mt_main_n_result/_cs___mt_main_n.c line 554 function main_task_0 thread 0
----------------------------------------------------
  test=0 (00000000000000000000000000000000)

State 105 file /home/dell/zyworkspace/nichecker/Experiment/icbmc/brake1/_mt_main_n_result/_cs___mt_main_n.c line 569 function main_task_0 thread 0
----------------------------------------------------
  __cs_value_ptr=NULL (0000000000000000000000000000000000000000000000000000000000000000)

State 110 file /home/dell/zyworkspace/nichecker/Experiment/icbmc/brake1/_mt_main_n_result/_cs___mt_main_n.c line 595 function main thread 0
----------------------------------------------------
  __cs_pc[1l]=1 (00001)

State 111 file /home/dell/zyworkspace/nichecker/Experiment/icbmc/brake1/_mt_main_n_result/_cs___mt_main_n.c line 601 function main thread 0
----------------------------------------------------
  __cs_tmp_t2_r0=1 (1)

State 113 file /home/dell/zyworkspace/nichecker/Experiment/icbmc/brake1/_mt_main_n_result/_cs___mt_main_n.c line 606 function main thread 0
----------------------------------------------------
  __cs_thread_index=2 (010)

State 114 file /home/dell/zyworkspace/nichecker/Experiment/icbmc/brake1/_mt_main_n_result/_cs___mt_main_n.c line 608 function main thread 0
----------------------------------------------------
  __cs_pc_cs[2l]=1 (00001)

State 119 file /home/dell/zyworkspace/nichecker/Experiment/icbmc/brake1/_mt_main_n_result/_cs___mt_main_n.c line 614 function main thread 0
----------------------------------------------------
  __cs_param_task_compute_isr_arg=NULL (0000000000000000000000000000000000000000000000000000000000000000)

State 121 file /home/dell/zyworkspace/nichecker/Experiment/icbmc/brake1/_mt_main_n_result/_cs___mt_main_n.c line 223 function task_compute_isr_0 thread 0
----------------------------------------------------
  cnt1=1 (00000000000000000000000000000001)

State 122 file /home/dell/zyworkspace/nichecker/Experiment/icbmc/brake1/_mt_main_n_result/_cs___mt_main_n.c line 225 function task_compute_isr_0 thread 0
----------------------------------------------------
  brake_acc_nodiv_ctrl_B_local_RT_h=0 (00000000000000000000000000000000)

State 123 file /home/dell/zyworkspace/nichecker/Experiment/icbmc/brake1/_mt_main_n_result/_cs___mt_main_n.c line 227 function task_compute_isr_0 thread 0
----------------------------------------------------
  brake_acc_nodiv_ctrl_B_local_RT4=0 (00000000000000000000000000000000)

State 124 file /home/dell/zyworkspace/nichecker/Experiment/icbmc/brake1/_mt_main_n_result/_cs___mt_main_n.c line 229 function task_compute_isr_0 thread 0
----------------------------------------------------
  brake_acc_nodiv_ctrl_B_local_RT1=0 (00000000000000000000000000000000)

State 125 file /home/dell/zyworkspace/nichecker/Experiment/icbmc/brake1/_mt_main_n_result/_cs___mt_main_n.c line 231 function task_compute_isr_0 thread 0
----------------------------------------------------
  brake_acc_nodiv_ctrl_B_local_RT2=0 (00000000000000000000000000000000)

State 126 file /home/dell/zyworkspace/nichecker/Experiment/icbmc/brake1/_mt_main_n_result/_cs___mt_main_n.c line 233 function task_compute_isr_0 thread 0
----------------------------------------------------
  brake_acc_nodiv_ctrl_B_local_RT3=0 (00000000000000000000000000000000)

State 127 file /home/dell/zyworkspace/nichecker/Experiment/icbmc/brake1/_mt_main_n_result/_cs___mt_main_n.c line 235 function task_compute_isr_0 thread 0
----------------------------------------------------
  test=0 (00000000000000000000000000000000)

State 128 file /home/dell/zyworkspace/nichecker/Experiment/icbmc/brake1/_mt_main_n_result/_cs___mt_main_n.c line 237 function task_compute_isr_0 thread 0
----------------------------------------------------
  Distribution_idx=0 (00000000000000000000000000000000)

State 129 file /home/dell/zyworkspace/nichecker/Experiment/icbmc/brake1/_mt_main_n_result/_cs___mt_main_n.c line 240 function task_compute_isr_0 thread 0
----------------------------------------------------
  Distribution_idx_0=0 (00000000000000000000000000000000)

State 130 file /home/dell/zyworkspace/nichecker/Experiment/icbmc/brake1/_mt_main_n_result/_cs___mt_main_n.c line 243 function task_compute_isr_0 thread 0
----------------------------------------------------
  Distribution_idx_1=0 (00000000000000000000000000000000)

State 131 file /home/dell/zyworkspace/nichecker/Experiment/icbmc/brake1/_mt_main_n_result/_cs___mt_main_n.c line 246 function task_compute_isr_0 thread 0
----------------------------------------------------
  vkmh=0 (00000000000000000000000000000000)

State 132 file /home/dell/zyworkspace/nichecker/Experiment/icbmc/brake1/_mt_main_n_result/_cs___mt_main_n.c line 248 function task_compute_isr_0 thread 0
----------------------------------------------------
  vkmh=0 (00000000000000000000000000000000)

State 133 file /home/dell/zyworkspace/nichecker/Experiment/icbmc/brake1/_mt_main_n_result/_cs___mt_main_n.c line 250 function task_compute_isr_0 thread 0
----------------------------------------------------
  vkmh=0 (00000000000000000000000000000000)

State 134 file /home/dell/zyworkspace/nichecker/Experiment/icbmc/brake1/_mt_main_n_result/_cs___mt_main_n.c line 252 function task_compute_isr_0 thread 0
----------------------------------------------------
  vkmh=0 (00000000000000000000000000000000)

State 135 file /home/dell/zyworkspace/nichecker/Experiment/icbmc/brake1/_mt_main_n_result/_cs___mt_main_n.c line 254 function task_compute_isr_0 thread 0
----------------------------------------------------
  vkmh=0 (00000000000000000000000000000000)

State 136 file /home/dell/zyworkspace/nichecker/Experiment/icbmc/brake1/_mt_main_n_result/_cs___mt_main_n.c line 256 function task_compute_isr_0 thread 0
----------------------------------------------------
  vkmh=0 (00000000000000000000000000000000)

State 137 file /home/dell/zyworkspace/nichecker/Experiment/icbmc/brake1/_mt_main_n_result/_cs___mt_main_n.c line 260 function task_compute_isr_0 thread 0
----------------------------------------------------
  __cs_local_task_compute_isr___cs_tmp_if_cond_0=FALSE (00000000)

State 139 file /home/dell/zyworkspace/nichecker/Experiment/icbmc/brake1/_mt_main_n_result/_cs___mt_main_n.c line 274 function task_compute_isr_0 thread 0
----------------------------------------------------
  __cs_local_task_compute_isr___cs_tmp_if_cond_1=TRUE (00000001)

Violated property:
  file /home/dell/zyworkspace/nichecker/Experiment/icbmc/brake1/_mt_main_n_result/_cs___mt_main_n.c line 280 function task_compute_isr_0
  assertion 0
  (_Bool)0


State 142 file /home/dell/zyworkspace/nichecker/Experiment/icbmc/brake1/_mt_main_n_result/_cs___mt_main_n.c line 288 function task_compute_isr_0 thread 0
----------------------------------------------------
  __cs_local_task_compute_isr___cs_tmp_if_cond_2=TRUE (00000001)

Violated property:
  file /home/dell/zyworkspace/nichecker/Experiment/icbmc/brake1/_mt_main_n_result/_cs___mt_main_n.c line 294 function task_compute_isr_0
  assertion 0
  (_Bool)0


State 145 file /home/dell/zyworkspace/nichecker/Experiment/icbmc/brake1/_mt_main_n_result/_cs___mt_main_n.c line 302 function task_compute_isr_0 thread 0
----------------------------------------------------
  __cs_local_task_compute_isr___cs_tmp_if_cond_3=TRUE (00000001)

Violated property:
  file /home/dell/zyworkspace/nichecker/Experiment/icbmc/brake1/_mt_main_n_result/_cs___mt_main_n.c line 308 function task_compute_isr_0
  assertion 0
  (_Bool)0


State 148 file /home/dell/zyworkspace/nichecker/Experiment/icbmc/brake1/_mt_main_n_result/_cs___mt_main_n.c line 316 function task_compute_isr_0 thread 0
----------------------------------------------------
  __cs_local_task_compute_isr___cs_tmp_if_cond_4=TRUE (00000001)

Violated property:
  file /home/dell/zyworkspace/nichecker/Experiment/icbmc/brake1/_mt_main_n_result/_cs___mt_main_n.c line 322 function task_compute_isr_0
  assertion 0
  (_Bool)0


** 4 of 5 failed (2 iterations)
VERIFICATION FAILED
