2023-10-31 08:52:08
SVPCheck: True	LoopAbstraction: True	LabelReduction: True	Slice: True	

SVPCheck var: svp_simple_004_001_global_var1	pattern: rwr
--------------------------Run start-------------------------------
inliner
slice
LoopAbstraction
unroller
insertLabel
lazyseq
feeder  0.199
[91mUNSAFE[0m, counterexample: 1, time: 3.507 s, memory: 29.73 MB
--------------------------Run end---------------------------------
SVPCheck var: svp_simple_004_001_global_var2	pattern: rwr
--------------------------Run start-------------------------------
inliner
slice
LoopAbstraction
unroller
insertLabel
lazyseq
feeder  0.205
[92mSAFE[0m, counterexample: 0, time: 3.376 s, memory: 29.75 MB
--------------------------Run end---------------------------------
SVPCheck var: svp_simple_004_001_global_var3	pattern: rwr
--------------------------Run start-------------------------------
inliner
slice
LoopAbstraction
unroller
insertLabel
lazyseq
feeder  0.196
[92mSAFE[0m, counterexample: 0, time: 3.338 s, memory: 29.79 MB
--------------------------Run end---------------------------------
cbmcTimeSum: 0.6
modulesTimeSum: 10.221
