2023-10-15 16:48:07
SVPCheck: True	LoopAbstraction: True	LabelReduction: False	Slice: False	

SVPCheck var: svp_simple_016_001_global_var1	pattern: rwr
--------------------------Run start-------------------------------
inliner
slice
LoopAbstraction
unroller
insertLabel
lazyseq
feeder  0.190
[91mUNSAFE[0m, counterexample: 2, time: 1.689 s, memory: 29.30 MB
--------------------------Run end---------------------------------
SVPCheck var: svp_simple_016_001_global_var1	pattern: wwr
--------------------------Run start-------------------------------
inliner
slice
LoopAbstraction
unroller
insertLabel
lazyseq
feeder  0.188
[91mUNSAFE[0m, counterexample: 1, time: 1.685 s, memory: 29.42 MB
--------------------------Run end---------------------------------
cbmcTimeSum: 0.378
modulesTimeSum: 3.374
