2023-10-31 08:51:42
SVPCheck: True	LoopAbstraction: True	LabelReduction: True	Slice: True	

SVPCheck var: svp_simple_001_001_global_array[9999]	pattern: wrw
--------------------------Run start-------------------------------
inliner
slice
LoopAbstraction
unroller
insertLabel
lazyseq
feeder  5.709
[91mUNSAFE[0m, counterexample: 2, time: 9.362 s, memory: 769.32 MB
--------------------------Run end---------------------------------
SVPCheck var: svp_simple_001_001_global_var	pattern: wrw
--------------------------Run start-------------------------------
inliner
slice
LoopAbstraction
unroller
insertLabel
lazyseq
feeder  0.242
[92mSAFE[0m, counterexample: 0, time: 3.641 s, memory: 33.51 MB
--------------------------Run end---------------------------------
cbmcTimeSum: 5.951
modulesTimeSum: 13.003
