CBMC version 5.6 64-bit x86_64 linux
Parsing /home/dell/zyworkspace/nichecker/Experiment/remarks2.1/svp_simple_013/_mt_svp_simple_013_001_result/_cs_svp_simple_013_001_global_var1_rwr_mt_svp_simple_013_001.c
<command-line>: warning: "__STDC_VERSION__" redefined
<built-in>: note: this is the location of the previous definition
Converting
Type-checking _cs_svp_simple_013_001_global_var1_rwr_mt_svp_simple_013_001
file /home/dell/zyworkspace/nichecker/Experiment/remarks2.1/svp_simple_013/_mt_svp_simple_013_001_result/_cs_svp_simple_013_001_global_var1_rwr_mt_svp_simple_013_001.c line 292 function main_task_0: function `assert' is not declared
Generating GOTO Program
Adding CPROVER library (x86_64)
Removal of function pointers and virtual functions
Partial Inlining
Generic Property Instrumentation
Starting Bounded Model Checking
**** WARNING: no body for function enable_isr
**** WARNING: no body for function disable_isr
size of program expression: 1190 steps
simple slicing removed 58 assignments
Generated 8 VCC(s), 6 remaining after simplification
Passing problem to propositional reduction
converting SSA
Running propositional reduction
Post-processing
Solving with MiniSAT 2.2.1 with simplifier
7010 variables, 22223 clauses
SAT checker: instance is SATISFIABLE
Solving with MiniSAT 2.2.1 with simplifier
7010 variables, 7328 clauses
SAT checker: instance is UNSATISFIABLE
Runtime decision procedure: 0.038s

** Results:
[main_task_0.assertion.1] assertion rwr_r1 == rwr_tmp1: SUCCESS
[main_task_0.assertion.2] assertion rwr_r2 == rwr_tmp1: SUCCESS
[main_task_0.assertion.3] assertion rwr_r3 == rwr_tmp1: FAILURE

Trace for main_task_0.assertion.3:

State 62 file /home/dell/zyworkspace/nichecker/Experiment/remarks2.1/svp_simple_013/_mt_svp_simple_013_001_result/_cs_svp_simple_013_001_global_var1_rwr_mt_svp_simple_013_001.c line 560 function main thread 0
----------------------------------------------------
  __cs_tmp_t1_r0=2 (010)

State 64 file /home/dell/zyworkspace/nichecker/Experiment/remarks2.1/svp_simple_013/_mt_svp_simple_013_001_result/_cs_svp_simple_013_001_global_var1_rwr_mt_svp_simple_013_001.c line 564 function main thread 0
----------------------------------------------------
  __cs_thread_index=1 (001)

State 65 file /home/dell/zyworkspace/nichecker/Experiment/remarks2.1/svp_simple_013/_mt_svp_simple_013_001_result/_cs_svp_simple_013_001_global_var1_rwr_mt_svp_simple_013_001.c line 566 function main thread 0
----------------------------------------------------
  __cs_pc_cs[1l]=2 (010)

State 70 file /home/dell/zyworkspace/nichecker/Experiment/remarks2.1/svp_simple_013/_mt_svp_simple_013_001_result/_cs_svp_simple_013_001_global_var1_rwr_mt_svp_simple_013_001.c line 572 function main thread 0
----------------------------------------------------
  __cs_param_main_task_arg=NULL (0000000000000000000000000000000000000000000000000000000000000000)

State 75 file /home/dell/zyworkspace/nichecker/Experiment/remarks2.1/svp_simple_013/_mt_svp_simple_013_001_result/_cs_svp_simple_013_001_global_var1_rwr_mt_svp_simple_013_001.c line 191 function main_task_0 thread 0
----------------------------------------------------
  __cs_disable_thread[2l]=0 (0)

State 76 file /home/dell/zyworkspace/nichecker/Experiment/remarks2.1/svp_simple_013/_mt_svp_simple_013_001_result/_cs_svp_simple_013_001_global_var1_rwr_mt_svp_simple_013_001.c line 194 function main_task_0 thread 0
----------------------------------------------------
  __cs_disable_thread[3l]=0 (0)

State 77 file /home/dell/zyworkspace/nichecker/Experiment/remarks2.1/svp_simple_013/_mt_svp_simple_013_001_result/_cs_svp_simple_013_001_global_var1_rwr_mt_svp_simple_013_001.c line 197 function main_task_0 thread 0
----------------------------------------------------
  __cs_disable_thread[4l]=0 (0)

State 78 file /home/dell/zyworkspace/nichecker/Experiment/remarks2.1/svp_simple_013/_mt_svp_simple_013_001_result/_cs_svp_simple_013_001_global_var1_rwr_mt_svp_simple_013_001.c line 200 function main_task_0 thread 0
----------------------------------------------------
  __cs_disable_thread[0l]=0 (0)

State 83 file /home/dell/zyworkspace/nichecker/Experiment/remarks2.1/svp_simple_013/_mt_svp_simple_013_001_result/_cs_svp_simple_013_001_global_var1_rwr_mt_svp_simple_013_001.c line 212 function main_task_0 thread 0
----------------------------------------------------
  __cs_disable_thread[3l]=1 (1)

State 87 file /home/dell/zyworkspace/nichecker/Experiment/remarks2.1/svp_simple_013/_mt_svp_simple_013_001_result/_cs_svp_simple_013_001_global_var1_rwr_mt_svp_simple_013_001.c line 219 function main_task_0 thread 0
----------------------------------------------------
  __cs_disable_thread[4l]=1 (1)

State 88 file /home/dell/zyworkspace/nichecker/Experiment/remarks2.1/svp_simple_013/_mt_svp_simple_013_001_result/_cs_svp_simple_013_001_global_var1_rwr_mt_svp_simple_013_001.c line 229 function main_task_0 thread 0
----------------------------------------------------
  __cs_local_main_task_reader3=0 (00000000000000000000000000000000)

State 89 file /home/dell/zyworkspace/nichecker/Experiment/remarks2.1/svp_simple_013/_mt_svp_simple_013_001_result/_cs_svp_simple_013_001_global_var1_rwr_mt_svp_simple_013_001.c line 233 function main_task_0 thread 0
----------------------------------------------------
  __cs_local_main_task_reader4=0 (00000000000000000000000000000000)

State 90 file /home/dell/zyworkspace/nichecker/Experiment/remarks2.1/svp_simple_013/_mt_svp_simple_013_001_result/_cs_svp_simple_013_001_global_var1_rwr_mt_svp_simple_013_001.c line 239 function main_task_0 thread 0
----------------------------------------------------
  __cs_local_main_task_i=0 (00000000000000000000000000000000)

State 91 file /home/dell/zyworkspace/nichecker/Experiment/remarks2.1/svp_simple_013/_mt_svp_simple_013_001_result/_cs_svp_simple_013_001_global_var1_rwr_mt_svp_simple_013_001.c line 247 function main_task_0 thread 0
----------------------------------------------------
  __cs_local_main_task_t=0 (00000000000000000000000000000000)

State 93 file /home/dell/zyworkspace/nichecker/Experiment/remarks2.1/svp_simple_013/_mt_svp_simple_013_001_result/_cs_svp_simple_013_001_global_var1_rwr_mt_svp_simple_013_001.c line 265 function main_task_0 thread 0
----------------------------------------------------
  __cs_local_main_task_loop_1_IOVar1=0 (00000000000000000000000000000000)

State 94 file /home/dell/zyworkspace/nichecker/Experiment/remarks2.1/svp_simple_013/_mt_svp_simple_013_001_result/_cs_svp_simple_013_001_global_var1_rwr_mt_svp_simple_013_001.c line 268 function main_task_0 thread 0
----------------------------------------------------
  __cs_local_main_task_loop_1_block_2=99 (00000000000000000000000001100011)

State 95 file /home/dell/zyworkspace/nichecker/Experiment/remarks2.1/svp_simple_013/_mt_svp_simple_013_001_result/_cs_svp_simple_013_001_global_var1_rwr_mt_svp_simple_013_001.c line 271 function main_task_0 thread 0
----------------------------------------------------
  __cs_local_main_task_i=99 (00000000000000000000000001100011)

State 98 file /home/dell/zyworkspace/nichecker/Experiment/remarks2.1/svp_simple_013/_mt_svp_simple_013_001_result/_cs_svp_simple_013_001_global_var1_rwr_mt_svp_simple_013_001.c line 281 function main_task_0 thread 0
----------------------------------------------------
  __cs_local_main_task___cs_tmp_if_cond_0=TRUE (00000001)

State 100 file /home/dell/zyworkspace/nichecker/Experiment/remarks2.1/svp_simple_013/_mt_svp_simple_013_001_result/_cs_svp_simple_013_001_global_var1_rwr_mt_svp_simple_013_001.c line 288 function main_task_0 thread 0
----------------------------------------------------
  __cs_local_main_task_reader1=0 (00000000000000000000000000000000)

State 101 file /home/dell/zyworkspace/nichecker/Experiment/remarks2.1/svp_simple_013/_mt_svp_simple_013_001_result/_cs_svp_simple_013_001_global_var1_rwr_mt_svp_simple_013_001.c line 290 function main_task_0 thread 0
----------------------------------------------------
  rwr_r1=0 (00000000000000000000000000000000)

State 103 file /home/dell/zyworkspace/nichecker/Experiment/remarks2.1/svp_simple_013/_mt_svp_simple_013_001_result/_cs_svp_simple_013_001_global_var1_rwr_mt_svp_simple_013_001.c line 294 function main_task_0 thread 0
----------------------------------------------------
  rwr_tmp1_num=1 (00000000000000000000000000000001)

State 104 file /home/dell/zyworkspace/nichecker/Experiment/remarks2.1/svp_simple_013/_mt_svp_simple_013_001_result/_cs_svp_simple_013_001_global_var1_rwr_mt_svp_simple_013_001.c line 295 function main_task_0 thread 0
----------------------------------------------------
  rwr_tmp1=0 (00000000000000000000000000000000)

State 110 file /home/dell/zyworkspace/nichecker/Experiment/remarks2.1/svp_simple_013/_mt_svp_simple_013_001_result/_cs_svp_simple_013_001_global_var1_rwr_mt_svp_simple_013_001.c line 426 function main_task_0 thread 0
----------------------------------------------------
  __cs_value_ptr=NULL (0000000000000000000000000000000000000000000000000000000000000000)

State 115 file /home/dell/zyworkspace/nichecker/Experiment/remarks2.1/svp_simple_013/_mt_svp_simple_013_001_result/_cs_svp_simple_013_001_global_var1_rwr_mt_svp_simple_013_001.c line 574 function main thread 0
----------------------------------------------------
  __cs_pc[1l]=2 (010)

State 116 file /home/dell/zyworkspace/nichecker/Experiment/remarks2.1/svp_simple_013/_mt_svp_simple_013_001_result/_cs_svp_simple_013_001_global_var1_rwr_mt_svp_simple_013_001.c line 580 function main thread 0
----------------------------------------------------
  __cs_tmp_t2_r0=2 (10)

State 123 file /home/dell/zyworkspace/nichecker/Experiment/remarks2.1/svp_simple_013/_mt_svp_simple_013_001_result/_cs_svp_simple_013_001_global_var1_rwr_mt_svp_simple_013_001.c line 585 function main thread 0
----------------------------------------------------
  __cs_thread_index=2 (010)

State 124 file /home/dell/zyworkspace/nichecker/Experiment/remarks2.1/svp_simple_013/_mt_svp_simple_013_001_result/_cs_svp_simple_013_001_global_var1_rwr_mt_svp_simple_013_001.c line 587 function main thread 0
----------------------------------------------------
  __cs_pc_cs[2l]=2 (010)

State 129 file /home/dell/zyworkspace/nichecker/Experiment/remarks2.1/svp_simple_013/_mt_svp_simple_013_001_result/_cs_svp_simple_013_001_global_var1_rwr_mt_svp_simple_013_001.c line 593 function main thread 0
----------------------------------------------------
  __cs_param_svp_simple_013_001_isr_1_arg=NULL (0000000000000000000000000000000000000000000000000000000000000000)

State 131 file /home/dell/zyworkspace/nichecker/Experiment/remarks2.1/svp_simple_013/_mt_svp_simple_013_001_result/_cs_svp_simple_013_001_global_var1_rwr_mt_svp_simple_013_001.c line 439 function svp_simple_013_001_isr_1_0 thread 0
----------------------------------------------------
  __cs_local_svp_simple_013_001_isr_1_i=0 (00000000000000000000000000000000)

State 135 file /home/dell/zyworkspace/nichecker/Experiment/remarks2.1/svp_simple_013/_mt_svp_simple_013_001_result/_cs_svp_simple_013_001_global_var1_rwr_mt_svp_simple_013_001.c line 446 function svp_simple_013_001_isr_1_0 thread 0
----------------------------------------------------
  __cs_disable_thread[3l]=0 (0)

State 137 file /home/dell/zyworkspace/nichecker/Experiment/remarks2.1/svp_simple_013/_mt_svp_simple_013_001_result/_cs_svp_simple_013_001_global_var1_rwr_mt_svp_simple_013_001.c line 455 function svp_simple_013_001_isr_1_0 thread 0
----------------------------------------------------
  __cs_local_svp_simple_013_001_isr_1_i=0 (00000000000000000000000000000000)

State 141 file /home/dell/zyworkspace/nichecker/Experiment/remarks2.1/svp_simple_013/_mt_svp_simple_013_001_result/_cs_svp_simple_013_001_global_var1_rwr_mt_svp_simple_013_001.c line 469 function svp_simple_013_001_isr_1_0 thread 0
----------------------------------------------------
  __cs_value_ptr=NULL (0000000000000000000000000000000000000000000000000000000000000000)

State 146 file /home/dell/zyworkspace/nichecker/Experiment/remarks2.1/svp_simple_013/_mt_svp_simple_013_001_result/_cs_svp_simple_013_001_global_var1_rwr_mt_svp_simple_013_001.c line 595 function main thread 0
----------------------------------------------------
  __cs_pc[2l]=2 (010)

State 147 file /home/dell/zyworkspace/nichecker/Experiment/remarks2.1/svp_simple_013/_mt_svp_simple_013_001_result/_cs_svp_simple_013_001_global_var1_rwr_mt_svp_simple_013_001.c line 601 function main thread 0
----------------------------------------------------
  __cs_tmp_t3_r0=3 (11)

State 149 file /home/dell/zyworkspace/nichecker/Experiment/remarks2.1/svp_simple_013/_mt_svp_simple_013_001_result/_cs_svp_simple_013_001_global_var1_rwr_mt_svp_simple_013_001.c line 606 function main thread 0
----------------------------------------------------
  __cs_thread_index=3 (011)

State 150 file /home/dell/zyworkspace/nichecker/Experiment/remarks2.1/svp_simple_013/_mt_svp_simple_013_001_result/_cs_svp_simple_013_001_global_var1_rwr_mt_svp_simple_013_001.c line 608 function main thread 0
----------------------------------------------------
  __cs_pc_cs[3l]=3 (011)

State 155 file /home/dell/zyworkspace/nichecker/Experiment/remarks2.1/svp_simple_013/_mt_svp_simple_013_001_result/_cs_svp_simple_013_001_global_var1_rwr_mt_svp_simple_013_001.c line 614 function main thread 0
----------------------------------------------------
  __cs_param_svp_simple_013_001_isr_2_arg=NULL (0000000000000000000000000000000000000000000000000000000000000000)

State 157 file /home/dell/zyworkspace/nichecker/Experiment/remarks2.1/svp_simple_013/_mt_svp_simple_013_001_result/_cs_svp_simple_013_001_global_var1_rwr_mt_svp_simple_013_001.c line 514 function svp_simple_013_001_isr_2_0 thread 0
----------------------------------------------------
  __cs_local_svp_simple_013_001_isr_2_i=0 (00000000000000000000000000000000)

State 158 file /home/dell/zyworkspace/nichecker/Experiment/remarks2.1/svp_simple_013/_mt_svp_simple_013_001_result/_cs_svp_simple_013_001_global_var1_rwr_mt_svp_simple_013_001.c line 519 function svp_simple_013_001_isr_2_0 thread 0
----------------------------------------------------
  svp_simple_013_001_global_flag1=1 (00000000000000000000000000000001)

State 163 file /home/dell/zyworkspace/nichecker/Experiment/remarks2.1/svp_simple_013/_mt_svp_simple_013_001_result/_cs_svp_simple_013_001_global_var1_rwr_mt_svp_simple_013_001.c line 525 function svp_simple_013_001_isr_2_0 thread 0
----------------------------------------------------
  __cs_disable_thread[4l]=0 (0)

State 165 file /home/dell/zyworkspace/nichecker/Experiment/remarks2.1/svp_simple_013/_mt_svp_simple_013_001_result/_cs_svp_simple_013_001_global_var1_rwr_mt_svp_simple_013_001.c line 534 function svp_simple_013_001_isr_2_0 thread 0
----------------------------------------------------
  __cs_local_svp_simple_013_001_isr_2_i=0 (00000000000000000000000000000000)

State 169 file /home/dell/zyworkspace/nichecker/Experiment/remarks2.1/svp_simple_013/_mt_svp_simple_013_001_result/_cs_svp_simple_013_001_global_var1_rwr_mt_svp_simple_013_001.c line 548 function svp_simple_013_001_isr_2_0 thread 0
----------------------------------------------------
  __cs_value_ptr=NULL (0000000000000000000000000000000000000000000000000000000000000000)

State 174 file /home/dell/zyworkspace/nichecker/Experiment/remarks2.1/svp_simple_013/_mt_svp_simple_013_001_result/_cs_svp_simple_013_001_global_var1_rwr_mt_svp_simple_013_001.c line 616 function main thread 0
----------------------------------------------------
  __cs_pc[3l]=3 (011)

State 175 file /home/dell/zyworkspace/nichecker/Experiment/remarks2.1/svp_simple_013/_mt_svp_simple_013_001_result/_cs_svp_simple_013_001_global_var1_rwr_mt_svp_simple_013_001.c line 622 function main thread 0
----------------------------------------------------
  __cs_tmp_t4_r0=1 (1)

State 177 file /home/dell/zyworkspace/nichecker/Experiment/remarks2.1/svp_simple_013/_mt_svp_simple_013_001_result/_cs_svp_simple_013_001_global_var1_rwr_mt_svp_simple_013_001.c line 627 function main thread 0
----------------------------------------------------
  __cs_thread_index=4 (100)

State 178 file /home/dell/zyworkspace/nichecker/Experiment/remarks2.1/svp_simple_013/_mt_svp_simple_013_001_result/_cs_svp_simple_013_001_global_var1_rwr_mt_svp_simple_013_001.c line 629 function main thread 0
----------------------------------------------------
  __cs_pc_cs[4l]=1 (001)

State 183 file /home/dell/zyworkspace/nichecker/Experiment/remarks2.1/svp_simple_013/_mt_svp_simple_013_001_result/_cs_svp_simple_013_001_global_var1_rwr_mt_svp_simple_013_001.c line 635 function main thread 0
----------------------------------------------------
  __cs_param_svp_simple_013_001_isr_3_arg=NULL (0000000000000000000000000000000000000000000000000000000000000000)

State 185 file /home/dell/zyworkspace/nichecker/Experiment/remarks2.1/svp_simple_013/_mt_svp_simple_013_001_result/_cs_svp_simple_013_001_global_var1_rwr_mt_svp_simple_013_001.c line 481 function svp_simple_013_001_isr_3_0 thread 0
----------------------------------------------------
  __cs_local_svp_simple_013_001_isr_3___cs_tmp_if_cond_1=TRUE (00000001)

State 187 file /home/dell/zyworkspace/nichecker/Experiment/remarks2.1/svp_simple_013/_mt_svp_simple_013_001_result/_cs_svp_simple_013_001_global_var1_rwr_mt_svp_simple_013_001.c line 486 function svp_simple_013_001_isr_3_0 thread 0
----------------------------------------------------
  svp_simple_013_001_global_var1=1 (00000000000000000000000000000001)

State 191 file /home/dell/zyworkspace/nichecker/Experiment/remarks2.1/svp_simple_013/_mt_svp_simple_013_001_result/_cs_svp_simple_013_001_global_var1_rwr_mt_svp_simple_013_001.c line 501 function svp_simple_013_001_isr_3_0 thread 0
----------------------------------------------------
  __cs_value_ptr=NULL (0000000000000000000000000000000000000000000000000000000000000000)

State 196 file /home/dell/zyworkspace/nichecker/Experiment/remarks2.1/svp_simple_013/_mt_svp_simple_013_001_result/_cs_svp_simple_013_001_global_var1_rwr_mt_svp_simple_013_001.c line 637 function main thread 0
----------------------------------------------------
  __cs_pc[4l]=1 (001)

State 197 file /home/dell/zyworkspace/nichecker/Experiment/remarks2.1/svp_simple_013/_mt_svp_simple_013_001_result/_cs_svp_simple_013_001_global_var1_rwr_mt_svp_simple_013_001.c line 647 function main thread 0
----------------------------------------------------
  __cs_tmp_t1_r1=4 (100)

State 207 file /home/dell/zyworkspace/nichecker/Experiment/remarks2.1/svp_simple_013/_mt_svp_simple_013_001_result/_cs_svp_simple_013_001_global_var1_rwr_mt_svp_simple_013_001.c line 652 function main thread 0
----------------------------------------------------
  __cs_thread_index=1 (001)

State 208 file /home/dell/zyworkspace/nichecker/Experiment/remarks2.1/svp_simple_013/_mt_svp_simple_013_001_result/_cs_svp_simple_013_001_global_var1_rwr_mt_svp_simple_013_001.c line 654 function main thread 0
----------------------------------------------------
  __cs_pc_cs[1l]=4 (100)

State 213 file /home/dell/zyworkspace/nichecker/Experiment/remarks2.1/svp_simple_013/_mt_svp_simple_013_001_result/_cs_svp_simple_013_001_global_var1_rwr_mt_svp_simple_013_001.c line 660 function main thread 0
----------------------------------------------------
  __cs_param_main_task_arg=NULL (0000000000000000000000000000000000000000000000000000000000000000)

State 218 file /home/dell/zyworkspace/nichecker/Experiment/remarks2.1/svp_simple_013/_mt_svp_simple_013_001_result/_cs_svp_simple_013_001_global_var1_rwr_mt_svp_simple_013_001.c line 309 function main_task_0 thread 0
----------------------------------------------------
  __cs_local_main_task_i=100 (00000000000000000000000001100100)

State 219 file /home/dell/zyworkspace/nichecker/Experiment/remarks2.1/svp_simple_013/_mt_svp_simple_013_001_result/_cs_svp_simple_013_001_global_var1_rwr_mt_svp_simple_013_001.c line 315 function main_task_0 thread 0
----------------------------------------------------
  __cs_local_main_task_t=1 (00000000000000000000000000000001)

State 222 file /home/dell/zyworkspace/nichecker/Experiment/remarks2.1/svp_simple_013/_mt_svp_simple_013_001_result/_cs_svp_simple_013_001_global_var1_rwr_mt_svp_simple_013_001.c line 323 function main_task_0 thread 0
----------------------------------------------------
  __cs_pc[1l]=3 (011)

State 226 file /home/dell/zyworkspace/nichecker/Experiment/remarks2.1/svp_simple_013/_mt_svp_simple_013_001_result/_cs_svp_simple_013_001_global_var1_rwr_mt_svp_simple_013_001.c line 377 function main_task_0 thread 0
----------------------------------------------------
  __cs_local_main_task_i=101 (00000000000000000000000001100101)

State 227 file /home/dell/zyworkspace/nichecker/Experiment/remarks2.1/svp_simple_013/_mt_svp_simple_013_001_result/_cs_svp_simple_013_001_global_var1_rwr_mt_svp_simple_013_001.c line 383 function main_task_0 thread 0
----------------------------------------------------
  __cs_local_main_task_t=2 (00000000000000000000000000000010)

State 228 file /home/dell/zyworkspace/nichecker/Experiment/remarks2.1/svp_simple_013/_mt_svp_simple_013_001_result/_cs_svp_simple_013_001_global_var1_rwr_mt_svp_simple_013_001.c line 387 function main_task_0 thread 0
----------------------------------------------------
  __cs_loop_1=FALSE (00000000)

State 232 file /home/dell/zyworkspace/nichecker/Experiment/remarks2.1/svp_simple_013/_mt_svp_simple_013_001_result/_cs_svp_simple_013_001_global_var1_rwr_mt_svp_simple_013_001.c line 404 function main_task_0 thread 0
----------------------------------------------------
  __cs_local_main_task_reader2=1 (00000000000000000000000000000001)

State 233 file /home/dell/zyworkspace/nichecker/Experiment/remarks2.1/svp_simple_013/_mt_svp_simple_013_001_result/_cs_svp_simple_013_001_global_var1_rwr_mt_svp_simple_013_001.c line 406 function main_task_0 thread 0
----------------------------------------------------
  rwr_r3=1 (00000000000000000000000000000001)

Violated property:
  file /home/dell/zyworkspace/nichecker/Experiment/remarks2.1/svp_simple_013/_mt_svp_simple_013_001_result/_cs_svp_simple_013_001_global_var1_rwr_mt_svp_simple_013_001.c line 408 function main_task_0
  assertion rwr_r3 == rwr_tmp1
  rwr_r3 == rwr_tmp1


** 1 of 3 failed (2 iterations)
VERIFICATION FAILED
