CBMC version 5.6 64-bit x86_64 linux
Parsing /home/dell/zyworkspace/nichecker/Experiment/remarks2.1_LA_PPR/svp_simple_001/_mt_svp_simple_001_001_result/_cs_svp_simple_001_001_global_var_wrw_mt_svp_simple_001_001.c
<command-line>: warning: "__STDC_VERSION__" redefined
<built-in>: note: this is the location of the previous definition
Converting
Type-checking _cs_svp_simple_001_001_global_var_wrw_mt_svp_simple_001_001
file /home/dell/zyworkspace/nichecker/Experiment/remarks2.1_LA_PPR/svp_simple_001/_mt_svp_simple_001_001_result/_cs_svp_simple_001_001_global_var_wrw_mt_svp_simple_001_001.c line 296 function svp_simple_001_001_isr_1_0: function `assert' is not declared
Generating GOTO Program
Adding CPROVER library (x86_64)
Removal of function pointers and virtual functions
Partial Inlining
Generic Property Instrumentation
Starting Bounded Model Checking
**** WARNING: no body for function disable_isr
**** WARNING: no body for function enable_isr
size of program expression: 1330 steps
simple slicing removed 398 assignments
Generated 3 VCC(s), 2 remaining after simplification
Passing problem to propositional reduction
converting SSA
Running propositional reduction
Post-processing
Solving with MiniSAT 2.2.1 with simplifier
306952 variables, 3452762 clauses
SAT checker: instance is UNSATISFIABLE
Runtime decision procedure: 3.453s

** Results:
[svp_simple_001_001_isr_1_0.assertion.1] assertion wrw_a_2 == 0: SUCCESS
[svp_simple_001_001_isr_1_0.assertion.2] assertion wrw_a_2 == 0: SUCCESS

** 0 of 2 failed (1 iteration)
VERIFICATION SUCCESSFUL
