CBMC version 5.6 64-bit x86_64 linux
Parsing /home/dell/zyworkspace/nichecker/Experiment/remarks2.1_LA_PPR/svp_simple_001/_mt_svp_simple_001_001_result/_cs_svp_simple_001_001_global_array[9999]_wrw_mt_svp_simple_001_001.c
<command-line>: warning: "__STDC_VERSION__" redefined
<built-in>: note: this is the location of the previous definition
Converting
Type-checking _cs_svp_simple_001_001_global_array[9999]_wrw_mt_svp_simple_001_001
file /home/dell/zyworkspace/nichecker/Experiment/remarks2.1_LA_PPR/svp_simple_001/_mt_svp_simple_001_001_result/_cs_svp_simple_001_001_global_array[9999]_wrw_mt_svp_simple_001_001.c line 660 function main_task_0: function `assert' is not declared
Generating GOTO Program
Adding CPROVER library (x86_64)
Removal of function pointers and virtual functions
Partial Inlining
Generic Property Instrumentation
Starting Bounded Model Checking
**** WARNING: no body for function disable_isr
**** WARNING: no body for function enable_isr
size of program expression: 1486 steps
simple slicing removed 96 assignments
Generated 11 VCC(s), 8 remaining after simplification
Passing problem to propositional reduction
converting SSA
Running propositional reduction
Post-processing
Solving with MiniSAT 2.2.1 with simplifier
439995 variables, 5103528 clauses
SAT checker: instance is SATISFIABLE
Solving with MiniSAT 2.2.1 with simplifier
439995 variables, 17058 clauses
SAT checker: instance is SATISFIABLE
Solving with MiniSAT 2.2.1 with simplifier
439995 variables, 17058 clauses
SAT checker: instance is UNSATISFIABLE
Runtime decision procedure: 5.414s

** Results:
[main_task_0.assertion.1] assertion wrw_a_1 == 0: SUCCESS
[main_task_0.assertion.2] assertion wrw_a_1 == 0: SUCCESS
[main_task_0.assertion.3] assertion wrw_a_1 == 0: FAILURE
[main_task_0.assertion.4] assertion wrw_a_1 == 0: FAILURE

Trace for main_task_0.assertion.3:

State 69 file /home/dell/zyworkspace/nichecker/Experiment/remarks2.1_LA_PPR/svp_simple_001/_mt_svp_simple_001_001_result/_cs_svp_simple_001_001_global_array[9999]_wrw_mt_svp_simple_001_001.c line 954 function main thread 0
----------------------------------------------------
  __cs_tmp_t1_r0=3 (0011)

State 71 file /home/dell/zyworkspace/nichecker/Experiment/remarks2.1_LA_PPR/svp_simple_001/_mt_svp_simple_001_001_result/_cs_svp_simple_001_001_global_array[9999]_wrw_mt_svp_simple_001_001.c line 958 function main thread 0
----------------------------------------------------
  __cs_thread_index=1 (001)

State 72 file /home/dell/zyworkspace/nichecker/Experiment/remarks2.1_LA_PPR/svp_simple_001/_mt_svp_simple_001_001_result/_cs_svp_simple_001_001_global_array[9999]_wrw_mt_svp_simple_001_001.c line 960 function main thread 0
----------------------------------------------------
  __cs_pc_cs[1l]=3 (0011)

State 77 file /home/dell/zyworkspace/nichecker/Experiment/remarks2.1_LA_PPR/svp_simple_001/_mt_svp_simple_001_001_result/_cs_svp_simple_001_001_global_array[9999]_wrw_mt_svp_simple_001_001.c line 966 function main thread 0
----------------------------------------------------
  __cs_param_main_task_arg=NULL (0000000000000000000000000000000000000000000000000000000000000000)

State 82 file /home/dell/zyworkspace/nichecker/Experiment/remarks2.1_LA_PPR/svp_simple_001/_mt_svp_simple_001_001_result/_cs_svp_simple_001_001_global_array[9999]_wrw_mt_svp_simple_001_001.c line 490 function main_task_0 thread 0
----------------------------------------------------
  __cs_disable_thread[3l]=1 (1)

State 83 file /home/dell/zyworkspace/nichecker/Experiment/remarks2.1_LA_PPR/svp_simple_001/_mt_svp_simple_001_001_result/_cs_svp_simple_001_001_global_array[9999]_wrw_mt_svp_simple_001_001.c line 497 function main_task_0 thread 0
----------------------------------------------------
  __cs_local_main_task_i=0 (00000000000000000000000000000000)

State 84 file /home/dell/zyworkspace/nichecker/Experiment/remarks2.1_LA_PPR/svp_simple_001/_mt_svp_simple_001_001_result/_cs_svp_simple_001_001_global_array[9999]_wrw_mt_svp_simple_001_001.c line 500 function main_task_0 thread 0
----------------------------------------------------
  __cs_local_main_task_i=0 (00000000000000000000000000000000)

State 85 file /home/dell/zyworkspace/nichecker/Experiment/remarks2.1_LA_PPR/svp_simple_001/_mt_svp_simple_001_001_result/_cs_svp_simple_001_001_global_array[9999]_wrw_mt_svp_simple_001_001.c line 508 function main_task_0 thread 0
----------------------------------------------------
  __cs_local_main_task_t_1=0 (00000000000000000000000000000000)

State 87 file /home/dell/zyworkspace/nichecker/Experiment/remarks2.1_LA_PPR/svp_simple_001/_mt_svp_simple_001_001_result/_cs_svp_simple_001_001_global_array[9999]_wrw_mt_svp_simple_001_001.c line 526 function main_task_0 thread 0
----------------------------------------------------
  __cs_local_main_task_loop_1_IOVar1=0 (00000000000000000000000000000000)

State 88 file /home/dell/zyworkspace/nichecker/Experiment/remarks2.1_LA_PPR/svp_simple_001/_mt_svp_simple_001_001_result/_cs_svp_simple_001_001_global_array[9999]_wrw_mt_svp_simple_001_001.c line 529 function main_task_0 thread 0
----------------------------------------------------
  __cs_local_main_task_loop_1_block_1=100 (00000000000000000000000001100100)

State 89 file /home/dell/zyworkspace/nichecker/Experiment/remarks2.1_LA_PPR/svp_simple_001/_mt_svp_simple_001_001_result/_cs_svp_simple_001_001_global_array[9999]_wrw_mt_svp_simple_001_001.c line 532 function main_task_0 thread 0
----------------------------------------------------
  __cs_local_main_task_i=100 (00000000000000000000000001100100)

State 92 file /home/dell/zyworkspace/nichecker/Experiment/remarks2.1_LA_PPR/svp_simple_001/_mt_svp_simple_001_001_result/_cs_svp_simple_001_001_global_array[9999]_wrw_mt_svp_simple_001_001.c line 543 function main_task_0 thread 0
----------------------------------------------------
  __cs_local_main_task_i=101 (00000000000000000000000001100101)

State 93 file /home/dell/zyworkspace/nichecker/Experiment/remarks2.1_LA_PPR/svp_simple_001/_mt_svp_simple_001_001_result/_cs_svp_simple_001_001_global_array[9999]_wrw_mt_svp_simple_001_001.c line 549 function main_task_0 thread 0
----------------------------------------------------
  __cs_local_main_task_t_1=1 (00000000000000000000000000000001)

State 96 file /home/dell/zyworkspace/nichecker/Experiment/remarks2.1_LA_PPR/svp_simple_001/_mt_svp_simple_001_001_result/_cs_svp_simple_001_001_global_array[9999]_wrw_mt_svp_simple_001_001.c line 557 function main_task_0 thread 0
----------------------------------------------------
  __cs_pc[1l]=1 (0001)

State 101 file /home/dell/zyworkspace/nichecker/Experiment/remarks2.1_LA_PPR/svp_simple_001/_mt_svp_simple_001_001_result/_cs_svp_simple_001_001_global_array[9999]_wrw_mt_svp_simple_001_001.c line 616 function main_task_0 thread 0
----------------------------------------------------
  __cs_local_main_task_i=0 (00000000000000000000000000000000)

State 102 file /home/dell/zyworkspace/nichecker/Experiment/remarks2.1_LA_PPR/svp_simple_001/_mt_svp_simple_001_001_result/_cs_svp_simple_001_001_global_array[9999]_wrw_mt_svp_simple_001_001.c line 624 function main_task_0 thread 0
----------------------------------------------------
  __cs_local_main_task_t_2=0 (00000000000000000000000000000000)

State 104 file /home/dell/zyworkspace/nichecker/Experiment/remarks2.1_LA_PPR/svp_simple_001/_mt_svp_simple_001_001_result/_cs_svp_simple_001_001_global_array[9999]_wrw_mt_svp_simple_001_001.c line 642 function main_task_0 thread 0
----------------------------------------------------
  __cs_local_main_task_loop_2_IOVar1=0 (00000000000000000000000000000000)

State 105 file /home/dell/zyworkspace/nichecker/Experiment/remarks2.1_LA_PPR/svp_simple_001/_mt_svp_simple_001_001_result/_cs_svp_simple_001_001_global_array[9999]_wrw_mt_svp_simple_001_001.c line 645 function main_task_0 thread 0
----------------------------------------------------
  __cs_local_main_task_loop_2_block_1=1807 (00000000000000000000011100001111)

State 106 file /home/dell/zyworkspace/nichecker/Experiment/remarks2.1_LA_PPR/svp_simple_001/_mt_svp_simple_001_001_result/_cs_svp_simple_001_001_global_array[9999]_wrw_mt_svp_simple_001_001.c line 648 function main_task_0 thread 0
----------------------------------------------------
  __cs_local_main_task_i=1807 (00000000000000000000011100001111)

State 109 file /home/dell/zyworkspace/nichecker/Experiment/remarks2.1_LA_PPR/svp_simple_001/_mt_svp_simple_001_001_result/_cs_svp_simple_001_001_global_array[9999]_wrw_mt_svp_simple_001_001.c line 656 function main_task_0 thread 0
----------------------------------------------------
  svp_simple_001_001_global_array[1807l]=0 (00000000000000000000000000000000)

State 112 file /home/dell/zyworkspace/nichecker/Experiment/remarks2.1_LA_PPR/svp_simple_001/_mt_svp_simple_001_001_result/_cs_svp_simple_001_001_global_array[9999]_wrw_mt_svp_simple_001_001.c line 674 function main_task_0 thread 0
----------------------------------------------------
  __cs_local_main_task_i=1808 (00000000000000000000011100010000)

State 113 file /home/dell/zyworkspace/nichecker/Experiment/remarks2.1_LA_PPR/svp_simple_001/_mt_svp_simple_001_001_result/_cs_svp_simple_001_001_global_array[9999]_wrw_mt_svp_simple_001_001.c line 680 function main_task_0 thread 0
----------------------------------------------------
  __cs_local_main_task_t_2=1 (00000000000000000000000000000001)

State 115 file /home/dell/zyworkspace/nichecker/Experiment/remarks2.1_LA_PPR/svp_simple_001/_mt_svp_simple_001_001_result/_cs_svp_simple_001_001_global_array[9999]_wrw_mt_svp_simple_001_001.c line 698 function main_task_0 thread 0
----------------------------------------------------
  __cs_local_main_task_loop_2_IOVar1=1808 (00000000000000000000011100010000)

State 116 file /home/dell/zyworkspace/nichecker/Experiment/remarks2.1_LA_PPR/svp_simple_001/_mt_svp_simple_001_001_result/_cs_svp_simple_001_001_global_array[9999]_wrw_mt_svp_simple_001_001.c line 701 function main_task_0 thread 0
----------------------------------------------------
  __cs_local_main_task_loop_2_block_1=8191 (00000000000000000001111111111111)

State 117 file /home/dell/zyworkspace/nichecker/Experiment/remarks2.1_LA_PPR/svp_simple_001/_mt_svp_simple_001_001_result/_cs_svp_simple_001_001_global_array[9999]_wrw_mt_svp_simple_001_001.c line 704 function main_task_0 thread 0
----------------------------------------------------
  __cs_local_main_task_i=9999 (00000000000000000010011100001111)

State 120 file /home/dell/zyworkspace/nichecker/Experiment/remarks2.1_LA_PPR/svp_simple_001/_mt_svp_simple_001_001_result/_cs_svp_simple_001_001_global_array[9999]_wrw_mt_svp_simple_001_001.c line 712 function main_task_0 thread 0
----------------------------------------------------
  svp_simple_001_001_global_array[9999l]=0 (00000000000000000000000000000000)

State 123 file /home/dell/zyworkspace/nichecker/Experiment/remarks2.1_LA_PPR/svp_simple_001/_mt_svp_simple_001_001_result/_cs_svp_simple_001_001_global_array[9999]_wrw_mt_svp_simple_001_001.c line 718 function main_task_0 thread 0
----------------------------------------------------
  wrw_a_1_num=1 (00000000000000000000000000000001)

State 124 file /home/dell/zyworkspace/nichecker/Experiment/remarks2.1_LA_PPR/svp_simple_001/_mt_svp_simple_001_001_result/_cs_svp_simple_001_001_global_array[9999]_wrw_mt_svp_simple_001_001.c line 719 function main_task_0 thread 0
----------------------------------------------------
  wrw_a_1=0 (00000000000000000000000000000000)

State 132 file /home/dell/zyworkspace/nichecker/Experiment/remarks2.1_LA_PPR/svp_simple_001/_mt_svp_simple_001_001_result/_cs_svp_simple_001_001_global_array[9999]_wrw_mt_svp_simple_001_001.c line 942 function main_task_0 thread 0
----------------------------------------------------
  __cs_value_ptr=NULL (0000000000000000000000000000000000000000000000000000000000000000)

State 137 file /home/dell/zyworkspace/nichecker/Experiment/remarks2.1_LA_PPR/svp_simple_001/_mt_svp_simple_001_001_result/_cs_svp_simple_001_001_global_array[9999]_wrw_mt_svp_simple_001_001.c line 968 function main thread 0
----------------------------------------------------
  __cs_pc[1l]=3 (0011)

State 138 file /home/dell/zyworkspace/nichecker/Experiment/remarks2.1_LA_PPR/svp_simple_001/_mt_svp_simple_001_001_result/_cs_svp_simple_001_001_global_array[9999]_wrw_mt_svp_simple_001_001.c line 974 function main thread 0
----------------------------------------------------
  __cs_tmp_t2_r0=7 (111)

State 140 file /home/dell/zyworkspace/nichecker/Experiment/remarks2.1_LA_PPR/svp_simple_001/_mt_svp_simple_001_001_result/_cs_svp_simple_001_001_global_array[9999]_wrw_mt_svp_simple_001_001.c line 979 function main thread 0
----------------------------------------------------
  __cs_thread_index=2 (010)

State 141 file /home/dell/zyworkspace/nichecker/Experiment/remarks2.1_LA_PPR/svp_simple_001/_mt_svp_simple_001_001_result/_cs_svp_simple_001_001_global_array[9999]_wrw_mt_svp_simple_001_001.c line 981 function main thread 0
----------------------------------------------------
  __cs_pc_cs[2l]=7 (0111)

State 146 file /home/dell/zyworkspace/nichecker/Experiment/remarks2.1_LA_PPR/svp_simple_001/_mt_svp_simple_001_001_result/_cs_svp_simple_001_001_global_array[9999]_wrw_mt_svp_simple_001_001.c line 987 function main thread 0
----------------------------------------------------
  __cs_param_svp_simple_001_001_isr_1_arg=NULL (0000000000000000000000000000000000000000000000000000000000000000)

State 148 file /home/dell/zyworkspace/nichecker/Experiment/remarks2.1_LA_PPR/svp_simple_001/_mt_svp_simple_001_001_result/_cs_svp_simple_001_001_global_array[9999]_wrw_mt_svp_simple_001_001.c line 182 function svp_simple_001_001_isr_1_0 thread 0
----------------------------------------------------
  __cs_local_svp_simple_001_001_isr_1_i=0 (00000000000000000000000000000000)

State 149 file /home/dell/zyworkspace/nichecker/Experiment/remarks2.1_LA_PPR/svp_simple_001/_mt_svp_simple_001_001_result/_cs_svp_simple_001_001_global_array[9999]_wrw_mt_svp_simple_001_001.c line 184 function svp_simple_001_001_isr_1_0 thread 0
----------------------------------------------------
  __cs_local_svp_simple_001_001_isr_1_i=0 (00000000000000000000000000000000)

State 150 file /home/dell/zyworkspace/nichecker/Experiment/remarks2.1_LA_PPR/svp_simple_001/_mt_svp_simple_001_001_result/_cs_svp_simple_001_001_global_array[9999]_wrw_mt_svp_simple_001_001.c line 191 function svp_simple_001_001_isr_1_0 thread 0
----------------------------------------------------
  __cs_local_svp_simple_001_001_isr_1_t_4=0 (00000000000000000000000000000000)

State 152 file /home/dell/zyworkspace/nichecker/Experiment/remarks2.1_LA_PPR/svp_simple_001/_mt_svp_simple_001_001_result/_cs_svp_simple_001_001_global_array[9999]_wrw_mt_svp_simple_001_001.c line 209 function svp_simple_001_001_isr_1_0 thread 0
----------------------------------------------------
  __cs_local_svp_simple_001_001_isr_1_loop_4_IOVar1=0 (00000000000000000000000000000000)

State 153 file /home/dell/zyworkspace/nichecker/Experiment/remarks2.1_LA_PPR/svp_simple_001/_mt_svp_simple_001_001_result/_cs_svp_simple_001_001_global_array[9999]_wrw_mt_svp_simple_001_001.c line 211 function svp_simple_001_001_isr_1_0 thread 0
----------------------------------------------------
  __cs_local_svp_simple_001_001_isr_1_loop_4_block_1=100 (00000000000000000000000001100100)

State 154 file /home/dell/zyworkspace/nichecker/Experiment/remarks2.1_LA_PPR/svp_simple_001/_mt_svp_simple_001_001_result/_cs_svp_simple_001_001_global_array[9999]_wrw_mt_svp_simple_001_001.c line 213 function svp_simple_001_001_isr_1_0 thread 0
----------------------------------------------------
  __cs_local_svp_simple_001_001_isr_1_i=100 (00000000000000000000000001100100)

State 157 file /home/dell/zyworkspace/nichecker/Experiment/remarks2.1_LA_PPR/svp_simple_001/_mt_svp_simple_001_001_result/_cs_svp_simple_001_001_global_array[9999]_wrw_mt_svp_simple_001_001.c line 224 function svp_simple_001_001_isr_1_0 thread 0
----------------------------------------------------
  __cs_local_svp_simple_001_001_isr_1_i=101 (00000000000000000000000001100101)

State 158 file /home/dell/zyworkspace/nichecker/Experiment/remarks2.1_LA_PPR/svp_simple_001/_mt_svp_simple_001_001_result/_cs_svp_simple_001_001_global_array[9999]_wrw_mt_svp_simple_001_001.c line 229 function svp_simple_001_001_isr_1_0 thread 0
----------------------------------------------------
  __cs_local_svp_simple_001_001_isr_1_t_4=1 (00000000000000000000000000000001)

State 161 file /home/dell/zyworkspace/nichecker/Experiment/remarks2.1_LA_PPR/svp_simple_001/_mt_svp_simple_001_001_result/_cs_svp_simple_001_001_global_array[9999]_wrw_mt_svp_simple_001_001.c line 236 function svp_simple_001_001_isr_1_0 thread 0
----------------------------------------------------
  __cs_pc[2l]=1 (0001)

State 166 file /home/dell/zyworkspace/nichecker/Experiment/remarks2.1_LA_PPR/svp_simple_001/_mt_svp_simple_001_001_result/_cs_svp_simple_001_001_global_array[9999]_wrw_mt_svp_simple_001_001.c line 288 function svp_simple_001_001_isr_1_0 thread 0
----------------------------------------------------
  svp_simple_001_001_global_flag=1 (00000000000000000000000000000001)

State 168 file /home/dell/zyworkspace/nichecker/Experiment/remarks2.1_LA_PPR/svp_simple_001/_mt_svp_simple_001_001_result/_cs_svp_simple_001_001_global_array[9999]_wrw_mt_svp_simple_001_001.c line 292 function svp_simple_001_001_isr_1_0 thread 0
----------------------------------------------------
  svp_simple_001_001_global_var=0 (00000000000000000000000000000000)

State 170 file /home/dell/zyworkspace/nichecker/Experiment/remarks2.1_LA_PPR/svp_simple_001/_mt_svp_simple_001_001_result/_cs_svp_simple_001_001_global_array[9999]_wrw_mt_svp_simple_001_001.c line 296 function svp_simple_001_001_isr_1_0 thread 0
----------------------------------------------------
  svp_simple_001_001_global_var=1 (00000000000000000000000000000001)

State 175 file /home/dell/zyworkspace/nichecker/Experiment/remarks2.1_LA_PPR/svp_simple_001/_mt_svp_simple_001_001_result/_cs_svp_simple_001_001_global_array[9999]_wrw_mt_svp_simple_001_001.c line 302 function svp_simple_001_001_isr_1_0 thread 0
----------------------------------------------------
  __cs_disable_thread[3l]=0 (0)

State 177 file /home/dell/zyworkspace/nichecker/Experiment/remarks2.1_LA_PPR/svp_simple_001/_mt_svp_simple_001_001_result/_cs_svp_simple_001_001_global_array[9999]_wrw_mt_svp_simple_001_001.c line 311 function svp_simple_001_001_isr_1_0 thread 0
----------------------------------------------------
  __cs_local_svp_simple_001_001_isr_1_i=0 (00000000000000000000000000000000)

State 178 file /home/dell/zyworkspace/nichecker/Experiment/remarks2.1_LA_PPR/svp_simple_001/_mt_svp_simple_001_001_result/_cs_svp_simple_001_001_global_array[9999]_wrw_mt_svp_simple_001_001.c line 313 function svp_simple_001_001_isr_1_0 thread 0
----------------------------------------------------
  __cs_local_svp_simple_001_001_isr_1_i=0 (00000000000000000000000000000000)

State 179 file /home/dell/zyworkspace/nichecker/Experiment/remarks2.1_LA_PPR/svp_simple_001/_mt_svp_simple_001_001_result/_cs_svp_simple_001_001_global_array[9999]_wrw_mt_svp_simple_001_001.c line 320 function svp_simple_001_001_isr_1_0 thread 0
----------------------------------------------------
  __cs_local_svp_simple_001_001_isr_1_t_5=0 (00000000000000000000000000000000)

State 181 file /home/dell/zyworkspace/nichecker/Experiment/remarks2.1_LA_PPR/svp_simple_001/_mt_svp_simple_001_001_result/_cs_svp_simple_001_001_global_array[9999]_wrw_mt_svp_simple_001_001.c line 338 function svp_simple_001_001_isr_1_0 thread 0
----------------------------------------------------
  __cs_local_svp_simple_001_001_isr_1_loop_5_IOVar1=0 (00000000000000000000000000000000)

State 182 file /home/dell/zyworkspace/nichecker/Experiment/remarks2.1_LA_PPR/svp_simple_001/_mt_svp_simple_001_001_result/_cs_svp_simple_001_001_global_array[9999]_wrw_mt_svp_simple_001_001.c line 340 function svp_simple_001_001_isr_1_0 thread 0
----------------------------------------------------
  __cs_local_svp_simple_001_001_isr_1_loop_5_block_1=100 (00000000000000000000000001100100)

State 183 file /home/dell/zyworkspace/nichecker/Experiment/remarks2.1_LA_PPR/svp_simple_001/_mt_svp_simple_001_001_result/_cs_svp_simple_001_001_global_array[9999]_wrw_mt_svp_simple_001_001.c line 342 function svp_simple_001_001_isr_1_0 thread 0
----------------------------------------------------
  __cs_local_svp_simple_001_001_isr_1_i=100 (00000000000000000000000001100100)

State 186 file /home/dell/zyworkspace/nichecker/Experiment/remarks2.1_LA_PPR/svp_simple_001/_mt_svp_simple_001_001_result/_cs_svp_simple_001_001_global_array[9999]_wrw_mt_svp_simple_001_001.c line 353 function svp_simple_001_001_isr_1_0 thread 0
----------------------------------------------------
  __cs_local_svp_simple_001_001_isr_1_i=101 (00000000000000000000000001100101)

State 187 file /home/dell/zyworkspace/nichecker/Experiment/remarks2.1_LA_PPR/svp_simple_001/_mt_svp_simple_001_001_result/_cs_svp_simple_001_001_global_array[9999]_wrw_mt_svp_simple_001_001.c line 358 function svp_simple_001_001_isr_1_0 thread 0
----------------------------------------------------
  __cs_local_svp_simple_001_001_isr_1_t_5=1 (00000000000000000000000000000001)

State 190 file /home/dell/zyworkspace/nichecker/Experiment/remarks2.1_LA_PPR/svp_simple_001/_mt_svp_simple_001_001_result/_cs_svp_simple_001_001_global_array[9999]_wrw_mt_svp_simple_001_001.c line 365 function svp_simple_001_001_isr_1_0 thread 0
----------------------------------------------------
  __cs_pc[2l]=6 (0110)

State 198 file /home/dell/zyworkspace/nichecker/Experiment/remarks2.1_LA_PPR/svp_simple_001/_mt_svp_simple_001_001_result/_cs_svp_simple_001_001_global_array[9999]_wrw_mt_svp_simple_001_001.c line 426 function svp_simple_001_001_isr_1_0 thread 0
----------------------------------------------------
  __cs_value_ptr=NULL (0000000000000000000000000000000000000000000000000000000000000000)

State 203 file /home/dell/zyworkspace/nichecker/Experiment/remarks2.1_LA_PPR/svp_simple_001/_mt_svp_simple_001_001_result/_cs_svp_simple_001_001_global_array[9999]_wrw_mt_svp_simple_001_001.c line 989 function main thread 0
----------------------------------------------------
  __cs_pc[2l]=7 (0111)

State 204 file /home/dell/zyworkspace/nichecker/Experiment/remarks2.1_LA_PPR/svp_simple_001/_mt_svp_simple_001_001_result/_cs_svp_simple_001_001_global_array[9999]_wrw_mt_svp_simple_001_001.c line 995 function main thread 0
----------------------------------------------------
  __cs_tmp_t3_r0=1 (1)

State 206 file /home/dell/zyworkspace/nichecker/Experiment/remarks2.1_LA_PPR/svp_simple_001/_mt_svp_simple_001_001_result/_cs_svp_simple_001_001_global_array[9999]_wrw_mt_svp_simple_001_001.c line 1000 function main thread 0
----------------------------------------------------
  __cs_thread_index=3 (011)

State 207 file /home/dell/zyworkspace/nichecker/Experiment/remarks2.1_LA_PPR/svp_simple_001/_mt_svp_simple_001_001_result/_cs_svp_simple_001_001_global_array[9999]_wrw_mt_svp_simple_001_001.c line 1002 function main thread 0
----------------------------------------------------
  __cs_pc_cs[3l]=1 (0001)

State 212 file /home/dell/zyworkspace/nichecker/Experiment/remarks2.1_LA_PPR/svp_simple_001/_mt_svp_simple_001_001_result/_cs_svp_simple_001_001_global_array[9999]_wrw_mt_svp_simple_001_001.c line 1008 function main thread 0
----------------------------------------------------
  __cs_param_svp_simple_001_001_isr_2_arg=NULL (0000000000000000000000000000000000000000000000000000000000000000)

State 214 file /home/dell/zyworkspace/nichecker/Experiment/remarks2.1_LA_PPR/svp_simple_001/_mt_svp_simple_001_001_result/_cs_svp_simple_001_001_global_array[9999]_wrw_mt_svp_simple_001_001.c line 442 function svp_simple_001_001_isr_2_0 thread 0
----------------------------------------------------
  __cs_local_svp_simple_001_001_isr_2___cs_tmp_if_cond_1=TRUE (00000001)

State 216 file /home/dell/zyworkspace/nichecker/Experiment/remarks2.1_LA_PPR/svp_simple_001/_mt_svp_simple_001_001_result/_cs_svp_simple_001_001_global_array[9999]_wrw_mt_svp_simple_001_001.c line 448 function svp_simple_001_001_isr_2_0 thread 0
----------------------------------------------------
  __cs_local_svp_simple_001_001_isr_2_reader1=0 (00000000000000000000000000000000)

State 217 file /home/dell/zyworkspace/nichecker/Experiment/remarks2.1_LA_PPR/svp_simple_001/_mt_svp_simple_001_001_result/_cs_svp_simple_001_001_global_array[9999]_wrw_mt_svp_simple_001_001.c line 450 function svp_simple_001_001_isr_2_0 thread 0
----------------------------------------------------
  wrw_a_2=1 (00000000000000000000000000000001)

State 218 file /home/dell/zyworkspace/nichecker/Experiment/remarks2.1_LA_PPR/svp_simple_001/_mt_svp_simple_001_001_result/_cs_svp_simple_001_001_global_array[9999]_wrw_mt_svp_simple_001_001.c line 451 function svp_simple_001_001_isr_2_0 thread 0
----------------------------------------------------
  wrw_a_1=1 (00000000000000000000000000000001)

State 220 file /home/dell/zyworkspace/nichecker/Experiment/remarks2.1_LA_PPR/svp_simple_001/_mt_svp_simple_001_001_result/_cs_svp_simple_001_001_global_array[9999]_wrw_mt_svp_simple_001_001.c line 464 function svp_simple_001_001_isr_2_0 thread 0
----------------------------------------------------
  __cs_local_svp_simple_001_001_isr_2_reader3=0 (00000000000000000000000000000000)

State 221 file /home/dell/zyworkspace/nichecker/Experiment/remarks2.1_LA_PPR/svp_simple_001/_mt_svp_simple_001_001_result/_cs_svp_simple_001_001_global_array[9999]_wrw_mt_svp_simple_001_001.c line 468 function svp_simple_001_001_isr_2_0 thread 0
----------------------------------------------------
  __cs_local_svp_simple_001_001_isr_2_reader2=1 (00000000000000000000000000000001)

State 225 file /home/dell/zyworkspace/nichecker/Experiment/remarks2.1_LA_PPR/svp_simple_001/_mt_svp_simple_001_001_result/_cs_svp_simple_001_001_global_array[9999]_wrw_mt_svp_simple_001_001.c line 479 function svp_simple_001_001_isr_2_0 thread 0
----------------------------------------------------
  __cs_value_ptr=NULL (0000000000000000000000000000000000000000000000000000000000000000)

State 230 file /home/dell/zyworkspace/nichecker/Experiment/remarks2.1_LA_PPR/svp_simple_001/_mt_svp_simple_001_001_result/_cs_svp_simple_001_001_global_array[9999]_wrw_mt_svp_simple_001_001.c line 1010 function main thread 0
----------------------------------------------------
  __cs_pc[3l]=1 (0001)

State 231 file /home/dell/zyworkspace/nichecker/Experiment/remarks2.1_LA_PPR/svp_simple_001/_mt_svp_simple_001_001_result/_cs_svp_simple_001_001_global_array[9999]_wrw_mt_svp_simple_001_001.c line 1020 function main thread 0
----------------------------------------------------
  __cs_tmp_t1_r1=3 (0011)

State 237 file /home/dell/zyworkspace/nichecker/Experiment/remarks2.1_LA_PPR/svp_simple_001/_mt_svp_simple_001_001_result/_cs_svp_simple_001_001_global_array[9999]_wrw_mt_svp_simple_001_001.c line 1025 function main thread 0
----------------------------------------------------
  __cs_thread_index=1 (001)

State 238 file /home/dell/zyworkspace/nichecker/Experiment/remarks2.1_LA_PPR/svp_simple_001/_mt_svp_simple_001_001_result/_cs_svp_simple_001_001_global_array[9999]_wrw_mt_svp_simple_001_001.c line 1027 function main thread 0
----------------------------------------------------
  __cs_pc_cs[1l]=3 (0011)

State 243 file /home/dell/zyworkspace/nichecker/Experiment/remarks2.1_LA_PPR/svp_simple_001/_mt_svp_simple_001_001_result/_cs_svp_simple_001_001_global_array[9999]_wrw_mt_svp_simple_001_001.c line 1033 function main thread 0
----------------------------------------------------
  __cs_param_main_task_arg=NULL (0000000000000000000000000000000000000000000000000000000000000000)

State 254 file /home/dell/zyworkspace/nichecker/Experiment/remarks2.1_LA_PPR/svp_simple_001/_mt_svp_simple_001_001_result/_cs_svp_simple_001_001_global_array[9999]_wrw_mt_svp_simple_001_001.c line 942 function main_task_0 thread 0
----------------------------------------------------
  __cs_value_ptr=NULL (0000000000000000000000000000000000000000000000000000000000000000)

State 259 file /home/dell/zyworkspace/nichecker/Experiment/remarks2.1_LA_PPR/svp_simple_001/_mt_svp_simple_001_001_result/_cs_svp_simple_001_001_global_array[9999]_wrw_mt_svp_simple_001_001.c line 1035 function main thread 0
----------------------------------------------------
  __cs_pc[1l]=3 (0011)

State 260 file /home/dell/zyworkspace/nichecker/Experiment/remarks2.1_LA_PPR/svp_simple_001/_mt_svp_simple_001_001_result/_cs_svp_simple_001_001_global_array[9999]_wrw_mt_svp_simple_001_001.c line 1041 function main thread 0
----------------------------------------------------
  __cs_tmp_t2_r1=7 (111)

State 262 file /home/dell/zyworkspace/nichecker/Experiment/remarks2.1_LA_PPR/svp_simple_001/_mt_svp_simple_001_001_result/_cs_svp_simple_001_001_global_array[9999]_wrw_mt_svp_simple_001_001.c line 1046 function main thread 0
----------------------------------------------------
  __cs_thread_index=2 (010)

State 263 file /home/dell/zyworkspace/nichecker/Experiment/remarks2.1_LA_PPR/svp_simple_001/_mt_svp_simple_001_001_result/_cs_svp_simple_001_001_global_array[9999]_wrw_mt_svp_simple_001_001.c line 1048 function main thread 0
----------------------------------------------------
  __cs_pc_cs[2l]=7 (0111)

State 268 file /home/dell/zyworkspace/nichecker/Experiment/remarks2.1_LA_PPR/svp_simple_001/_mt_svp_simple_001_001_result/_cs_svp_simple_001_001_global_array[9999]_wrw_mt_svp_simple_001_001.c line 1054 function main thread 0
----------------------------------------------------
  __cs_param_svp_simple_001_001_isr_1_arg=NULL (0000000000000000000000000000000000000000000000000000000000000000)

State 278 file /home/dell/zyworkspace/nichecker/Experiment/remarks2.1_LA_PPR/svp_simple_001/_mt_svp_simple_001_001_result/_cs_svp_simple_001_001_global_array[9999]_wrw_mt_svp_simple_001_001.c line 426 function svp_simple_001_001_isr_1_0 thread 0
----------------------------------------------------
  __cs_value_ptr=NULL (0000000000000000000000000000000000000000000000000000000000000000)

State 283 file /home/dell/zyworkspace/nichecker/Experiment/remarks2.1_LA_PPR/svp_simple_001/_mt_svp_simple_001_001_result/_cs_svp_simple_001_001_global_array[9999]_wrw_mt_svp_simple_001_001.c line 1056 function main thread 0
----------------------------------------------------
  __cs_pc[2l]=7 (0111)

State 284 file /home/dell/zyworkspace/nichecker/Experiment/remarks2.1_LA_PPR/svp_simple_001/_mt_svp_simple_001_001_result/_cs_svp_simple_001_001_global_array[9999]_wrw_mt_svp_simple_001_001.c line 1062 function main thread 0
----------------------------------------------------
  __cs_tmp_t3_r1=1 (1)

State 286 file /home/dell/zyworkspace/nichecker/Experiment/remarks2.1_LA_PPR/svp_simple_001/_mt_svp_simple_001_001_result/_cs_svp_simple_001_001_global_array[9999]_wrw_mt_svp_simple_001_001.c line 1067 function main thread 0
----------------------------------------------------
  __cs_thread_index=3 (011)

State 287 file /home/dell/zyworkspace/nichecker/Experiment/remarks2.1_LA_PPR/svp_simple_001/_mt_svp_simple_001_001_result/_cs_svp_simple_001_001_global_array[9999]_wrw_mt_svp_simple_001_001.c line 1069 function main thread 0
----------------------------------------------------
  __cs_pc_cs[3l]=1 (0001)

State 292 file /home/dell/zyworkspace/nichecker/Experiment/remarks2.1_LA_PPR/svp_simple_001/_mt_svp_simple_001_001_result/_cs_svp_simple_001_001_global_array[9999]_wrw_mt_svp_simple_001_001.c line 1075 function main thread 0
----------------------------------------------------
  __cs_param_svp_simple_001_001_isr_2_arg=NULL (0000000000000000000000000000000000000000000000000000000000000000)

State 296 file /home/dell/zyworkspace/nichecker/Experiment/remarks2.1_LA_PPR/svp_simple_001/_mt_svp_simple_001_001_result/_cs_svp_simple_001_001_global_array[9999]_wrw_mt_svp_simple_001_001.c line 479 function svp_simple_001_001_isr_2_0 thread 0
----------------------------------------------------
  __cs_value_ptr=NULL (0000000000000000000000000000000000000000000000000000000000000000)

State 301 file /home/dell/zyworkspace/nichecker/Experiment/remarks2.1_LA_PPR/svp_simple_001/_mt_svp_simple_001_001_result/_cs_svp_simple_001_001_global_array[9999]_wrw_mt_svp_simple_001_001.c line 1077 function main thread 0
----------------------------------------------------
  __cs_pc[3l]=1 (0001)

State 302 file /home/dell/zyworkspace/nichecker/Experiment/remarks2.1_LA_PPR/svp_simple_001/_mt_svp_simple_001_001_result/_cs_svp_simple_001_001_global_array[9999]_wrw_mt_svp_simple_001_001.c line 1081 function main thread 0
----------------------------------------------------
  __cs_tmp_t1_r2=6u (00000000000000000000000000000110)

State 304 file /home/dell/zyworkspace/nichecker/Experiment/remarks2.1_LA_PPR/svp_simple_001/_mt_svp_simple_001_001_result/_cs_svp_simple_001_001_global_array[9999]_wrw_mt_svp_simple_001_001.c line 1086 function main thread 0
----------------------------------------------------
  __cs_thread_index=1 (001)

State 305 file /home/dell/zyworkspace/nichecker/Experiment/remarks2.1_LA_PPR/svp_simple_001/_mt_svp_simple_001_001_result/_cs_svp_simple_001_001_global_array[9999]_wrw_mt_svp_simple_001_001.c line 1088 function main thread 0
----------------------------------------------------
  __cs_pc_cs[1l]=6 (0110)

State 310 file /home/dell/zyworkspace/nichecker/Experiment/remarks2.1_LA_PPR/svp_simple_001/_mt_svp_simple_001_001_result/_cs_svp_simple_001_001_global_array[9999]_wrw_mt_svp_simple_001_001.c line 1094 function main thread 0
----------------------------------------------------
  __cs_param_main_task_arg=NULL (0000000000000000000000000000000000000000000000000000000000000000)

State 315 file /home/dell/zyworkspace/nichecker/Experiment/remarks2.1_LA_PPR/svp_simple_001/_mt_svp_simple_001_001_result/_cs_svp_simple_001_001_global_array[9999]_wrw_mt_svp_simple_001_001.c line 730 function main_task_0 thread 0
----------------------------------------------------
  __cs_local_main_task_i=10000 (00000000000000000010011100010000)

State 316 file /home/dell/zyworkspace/nichecker/Experiment/remarks2.1_LA_PPR/svp_simple_001/_mt_svp_simple_001_001_result/_cs_svp_simple_001_001_global_array[9999]_wrw_mt_svp_simple_001_001.c line 736 function main_task_0 thread 0
----------------------------------------------------
  __cs_local_main_task_t_2=2 (00000000000000000000000000000010)

State 317 file /home/dell/zyworkspace/nichecker/Experiment/remarks2.1_LA_PPR/svp_simple_001/_mt_svp_simple_001_001_result/_cs_svp_simple_001_001_global_array[9999]_wrw_mt_svp_simple_001_001.c line 740 function main_task_0 thread 0
----------------------------------------------------
  __cs_loop_2=FALSE (00000000)

State 322 file /home/dell/zyworkspace/nichecker/Experiment/remarks2.1_LA_PPR/svp_simple_001/_mt_svp_simple_001_001_result/_cs_svp_simple_001_001_global_array[9999]_wrw_mt_svp_simple_001_001.c line 762 function main_task_0 thread 0
----------------------------------------------------
  __cs_local_main_task_i=0 (00000000000000000000000000000000)

State 323 file /home/dell/zyworkspace/nichecker/Experiment/remarks2.1_LA_PPR/svp_simple_001/_mt_svp_simple_001_001_result/_cs_svp_simple_001_001_global_array[9999]_wrw_mt_svp_simple_001_001.c line 770 function main_task_0 thread 0
----------------------------------------------------
  __cs_local_main_task_t_3=0 (00000000000000000000000000000000)

State 325 file /home/dell/zyworkspace/nichecker/Experiment/remarks2.1_LA_PPR/svp_simple_001/_mt_svp_simple_001_001_result/_cs_svp_simple_001_001_global_array[9999]_wrw_mt_svp_simple_001_001.c line 788 function main_task_0 thread 0
----------------------------------------------------
  __cs_local_main_task_loop_3_IOVar1=0 (00000000000000000000000000000000)

State 326 file /home/dell/zyworkspace/nichecker/Experiment/remarks2.1_LA_PPR/svp_simple_001/_mt_svp_simple_001_001_result/_cs_svp_simple_001_001_global_array[9999]_wrw_mt_svp_simple_001_001.c line 791 function main_task_0 thread 0
----------------------------------------------------
  __cs_local_main_task_loop_3_block_2=9999 (00000000000000000010011100001111)

State 327 file /home/dell/zyworkspace/nichecker/Experiment/remarks2.1_LA_PPR/svp_simple_001/_mt_svp_simple_001_001_result/_cs_svp_simple_001_001_global_array[9999]_wrw_mt_svp_simple_001_001.c line 794 function main_task_0 thread 0
----------------------------------------------------
  __cs_local_main_task_i=9999 (00000000000000000010011100001111)

State 330 file /home/dell/zyworkspace/nichecker/Experiment/remarks2.1_LA_PPR/svp_simple_001/_mt_svp_simple_001_001_result/_cs_svp_simple_001_001_global_array[9999]_wrw_mt_svp_simple_001_001.c line 804 function main_task_0 thread 0
----------------------------------------------------
  __cs_local_main_task___cs_tmp_if_cond_0=TRUE (00000001)

State 332 file /home/dell/zyworkspace/nichecker/Experiment/remarks2.1_LA_PPR/svp_simple_001/_mt_svp_simple_001_001_result/_cs_svp_simple_001_001_global_array[9999]_wrw_mt_svp_simple_001_001.c line 811 function main_task_0 thread 0
----------------------------------------------------
  svp_simple_001_001_global_array[9999l]=1 (00000000000000000000000000000001)

Violated property:
  file /home/dell/zyworkspace/nichecker/Experiment/remarks2.1_LA_PPR/svp_simple_001/_mt_svp_simple_001_001_result/_cs_svp_simple_001_001_global_array[9999]_wrw_mt_svp_simple_001_001.c line 815 function main_task_0
  assertion wrw_a_1 == 0
  wrw_a_1 == 0


Trace for main_task_0.assertion.4:

State 69 file /home/dell/zyworkspace/nichecker/Experiment/remarks2.1_LA_PPR/svp_simple_001/_mt_svp_simple_001_001_result/_cs_svp_simple_001_001_global_array[9999]_wrw_mt_svp_simple_001_001.c line 954 function main thread 0
----------------------------------------------------
  __cs_tmp_t1_r0=3 (0011)

State 71 file /home/dell/zyworkspace/nichecker/Experiment/remarks2.1_LA_PPR/svp_simple_001/_mt_svp_simple_001_001_result/_cs_svp_simple_001_001_global_array[9999]_wrw_mt_svp_simple_001_001.c line 958 function main thread 0
----------------------------------------------------
  __cs_thread_index=1 (001)

State 72 file /home/dell/zyworkspace/nichecker/Experiment/remarks2.1_LA_PPR/svp_simple_001/_mt_svp_simple_001_001_result/_cs_svp_simple_001_001_global_array[9999]_wrw_mt_svp_simple_001_001.c line 960 function main thread 0
----------------------------------------------------
  __cs_pc_cs[1l]=3 (0011)

State 77 file /home/dell/zyworkspace/nichecker/Experiment/remarks2.1_LA_PPR/svp_simple_001/_mt_svp_simple_001_001_result/_cs_svp_simple_001_001_global_array[9999]_wrw_mt_svp_simple_001_001.c line 966 function main thread 0
----------------------------------------------------
  __cs_param_main_task_arg=NULL (0000000000000000000000000000000000000000000000000000000000000000)

State 82 file /home/dell/zyworkspace/nichecker/Experiment/remarks2.1_LA_PPR/svp_simple_001/_mt_svp_simple_001_001_result/_cs_svp_simple_001_001_global_array[9999]_wrw_mt_svp_simple_001_001.c line 490 function main_task_0 thread 0
----------------------------------------------------
  __cs_disable_thread[3l]=1 (1)

State 83 file /home/dell/zyworkspace/nichecker/Experiment/remarks2.1_LA_PPR/svp_simple_001/_mt_svp_simple_001_001_result/_cs_svp_simple_001_001_global_array[9999]_wrw_mt_svp_simple_001_001.c line 497 function main_task_0 thread 0
----------------------------------------------------
  __cs_local_main_task_i=0 (00000000000000000000000000000000)

State 84 file /home/dell/zyworkspace/nichecker/Experiment/remarks2.1_LA_PPR/svp_simple_001/_mt_svp_simple_001_001_result/_cs_svp_simple_001_001_global_array[9999]_wrw_mt_svp_simple_001_001.c line 500 function main_task_0 thread 0
----------------------------------------------------
  __cs_local_main_task_i=0 (00000000000000000000000000000000)

State 85 file /home/dell/zyworkspace/nichecker/Experiment/remarks2.1_LA_PPR/svp_simple_001/_mt_svp_simple_001_001_result/_cs_svp_simple_001_001_global_array[9999]_wrw_mt_svp_simple_001_001.c line 508 function main_task_0 thread 0
----------------------------------------------------
  __cs_local_main_task_t_1=0 (00000000000000000000000000000000)

State 87 file /home/dell/zyworkspace/nichecker/Experiment/remarks2.1_LA_PPR/svp_simple_001/_mt_svp_simple_001_001_result/_cs_svp_simple_001_001_global_array[9999]_wrw_mt_svp_simple_001_001.c line 526 function main_task_0 thread 0
----------------------------------------------------
  __cs_local_main_task_loop_1_IOVar1=0 (00000000000000000000000000000000)

State 88 file /home/dell/zyworkspace/nichecker/Experiment/remarks2.1_LA_PPR/svp_simple_001/_mt_svp_simple_001_001_result/_cs_svp_simple_001_001_global_array[9999]_wrw_mt_svp_simple_001_001.c line 529 function main_task_0 thread 0
----------------------------------------------------
  __cs_local_main_task_loop_1_block_1=100 (00000000000000000000000001100100)

State 89 file /home/dell/zyworkspace/nichecker/Experiment/remarks2.1_LA_PPR/svp_simple_001/_mt_svp_simple_001_001_result/_cs_svp_simple_001_001_global_array[9999]_wrw_mt_svp_simple_001_001.c line 532 function main_task_0 thread 0
----------------------------------------------------
  __cs_local_main_task_i=100 (00000000000000000000000001100100)

State 92 file /home/dell/zyworkspace/nichecker/Experiment/remarks2.1_LA_PPR/svp_simple_001/_mt_svp_simple_001_001_result/_cs_svp_simple_001_001_global_array[9999]_wrw_mt_svp_simple_001_001.c line 543 function main_task_0 thread 0
----------------------------------------------------
  __cs_local_main_task_i=101 (00000000000000000000000001100101)

State 93 file /home/dell/zyworkspace/nichecker/Experiment/remarks2.1_LA_PPR/svp_simple_001/_mt_svp_simple_001_001_result/_cs_svp_simple_001_001_global_array[9999]_wrw_mt_svp_simple_001_001.c line 549 function main_task_0 thread 0
----------------------------------------------------
  __cs_local_main_task_t_1=1 (00000000000000000000000000000001)

State 96 file /home/dell/zyworkspace/nichecker/Experiment/remarks2.1_LA_PPR/svp_simple_001/_mt_svp_simple_001_001_result/_cs_svp_simple_001_001_global_array[9999]_wrw_mt_svp_simple_001_001.c line 557 function main_task_0 thread 0
----------------------------------------------------
  __cs_pc[1l]=1 (0001)

State 101 file /home/dell/zyworkspace/nichecker/Experiment/remarks2.1_LA_PPR/svp_simple_001/_mt_svp_simple_001_001_result/_cs_svp_simple_001_001_global_array[9999]_wrw_mt_svp_simple_001_001.c line 616 function main_task_0 thread 0
----------------------------------------------------
  __cs_local_main_task_i=0 (00000000000000000000000000000000)

State 102 file /home/dell/zyworkspace/nichecker/Experiment/remarks2.1_LA_PPR/svp_simple_001/_mt_svp_simple_001_001_result/_cs_svp_simple_001_001_global_array[9999]_wrw_mt_svp_simple_001_001.c line 624 function main_task_0 thread 0
----------------------------------------------------
  __cs_local_main_task_t_2=0 (00000000000000000000000000000000)

State 104 file /home/dell/zyworkspace/nichecker/Experiment/remarks2.1_LA_PPR/svp_simple_001/_mt_svp_simple_001_001_result/_cs_svp_simple_001_001_global_array[9999]_wrw_mt_svp_simple_001_001.c line 642 function main_task_0 thread 0
----------------------------------------------------
  __cs_local_main_task_loop_2_IOVar1=0 (00000000000000000000000000000000)

State 105 file /home/dell/zyworkspace/nichecker/Experiment/remarks2.1_LA_PPR/svp_simple_001/_mt_svp_simple_001_001_result/_cs_svp_simple_001_001_global_array[9999]_wrw_mt_svp_simple_001_001.c line 645 function main_task_0 thread 0
----------------------------------------------------
  __cs_local_main_task_loop_2_block_1=1807 (00000000000000000000011100001111)

State 106 file /home/dell/zyworkspace/nichecker/Experiment/remarks2.1_LA_PPR/svp_simple_001/_mt_svp_simple_001_001_result/_cs_svp_simple_001_001_global_array[9999]_wrw_mt_svp_simple_001_001.c line 648 function main_task_0 thread 0
----------------------------------------------------
  __cs_local_main_task_i=1807 (00000000000000000000011100001111)

State 109 file /home/dell/zyworkspace/nichecker/Experiment/remarks2.1_LA_PPR/svp_simple_001/_mt_svp_simple_001_001_result/_cs_svp_simple_001_001_global_array[9999]_wrw_mt_svp_simple_001_001.c line 656 function main_task_0 thread 0
----------------------------------------------------
  svp_simple_001_001_global_array[1807l]=0 (00000000000000000000000000000000)

State 112 file /home/dell/zyworkspace/nichecker/Experiment/remarks2.1_LA_PPR/svp_simple_001/_mt_svp_simple_001_001_result/_cs_svp_simple_001_001_global_array[9999]_wrw_mt_svp_simple_001_001.c line 674 function main_task_0 thread 0
----------------------------------------------------
  __cs_local_main_task_i=1808 (00000000000000000000011100010000)

State 113 file /home/dell/zyworkspace/nichecker/Experiment/remarks2.1_LA_PPR/svp_simple_001/_mt_svp_simple_001_001_result/_cs_svp_simple_001_001_global_array[9999]_wrw_mt_svp_simple_001_001.c line 680 function main_task_0 thread 0
----------------------------------------------------
  __cs_local_main_task_t_2=1 (00000000000000000000000000000001)

State 115 file /home/dell/zyworkspace/nichecker/Experiment/remarks2.1_LA_PPR/svp_simple_001/_mt_svp_simple_001_001_result/_cs_svp_simple_001_001_global_array[9999]_wrw_mt_svp_simple_001_001.c line 698 function main_task_0 thread 0
----------------------------------------------------
  __cs_local_main_task_loop_2_IOVar1=1808 (00000000000000000000011100010000)

State 116 file /home/dell/zyworkspace/nichecker/Experiment/remarks2.1_LA_PPR/svp_simple_001/_mt_svp_simple_001_001_result/_cs_svp_simple_001_001_global_array[9999]_wrw_mt_svp_simple_001_001.c line 701 function main_task_0 thread 0
----------------------------------------------------
  __cs_local_main_task_loop_2_block_1=8191 (00000000000000000001111111111111)

State 117 file /home/dell/zyworkspace/nichecker/Experiment/remarks2.1_LA_PPR/svp_simple_001/_mt_svp_simple_001_001_result/_cs_svp_simple_001_001_global_array[9999]_wrw_mt_svp_simple_001_001.c line 704 function main_task_0 thread 0
----------------------------------------------------
  __cs_local_main_task_i=9999 (00000000000000000010011100001111)

State 120 file /home/dell/zyworkspace/nichecker/Experiment/remarks2.1_LA_PPR/svp_simple_001/_mt_svp_simple_001_001_result/_cs_svp_simple_001_001_global_array[9999]_wrw_mt_svp_simple_001_001.c line 712 function main_task_0 thread 0
----------------------------------------------------
  svp_simple_001_001_global_array[9999l]=0 (00000000000000000000000000000000)

State 123 file /home/dell/zyworkspace/nichecker/Experiment/remarks2.1_LA_PPR/svp_simple_001/_mt_svp_simple_001_001_result/_cs_svp_simple_001_001_global_array[9999]_wrw_mt_svp_simple_001_001.c line 718 function main_task_0 thread 0
----------------------------------------------------
  wrw_a_1_num=1 (00000000000000000000000000000001)

State 124 file /home/dell/zyworkspace/nichecker/Experiment/remarks2.1_LA_PPR/svp_simple_001/_mt_svp_simple_001_001_result/_cs_svp_simple_001_001_global_array[9999]_wrw_mt_svp_simple_001_001.c line 719 function main_task_0 thread 0
----------------------------------------------------
  wrw_a_1=0 (00000000000000000000000000000000)

State 132 file /home/dell/zyworkspace/nichecker/Experiment/remarks2.1_LA_PPR/svp_simple_001/_mt_svp_simple_001_001_result/_cs_svp_simple_001_001_global_array[9999]_wrw_mt_svp_simple_001_001.c line 942 function main_task_0 thread 0
----------------------------------------------------
  __cs_value_ptr=NULL (0000000000000000000000000000000000000000000000000000000000000000)

State 137 file /home/dell/zyworkspace/nichecker/Experiment/remarks2.1_LA_PPR/svp_simple_001/_mt_svp_simple_001_001_result/_cs_svp_simple_001_001_global_array[9999]_wrw_mt_svp_simple_001_001.c line 968 function main thread 0
----------------------------------------------------
  __cs_pc[1l]=3 (0011)

State 138 file /home/dell/zyworkspace/nichecker/Experiment/remarks2.1_LA_PPR/svp_simple_001/_mt_svp_simple_001_001_result/_cs_svp_simple_001_001_global_array[9999]_wrw_mt_svp_simple_001_001.c line 974 function main thread 0
----------------------------------------------------
  __cs_tmp_t2_r0=7 (111)

State 140 file /home/dell/zyworkspace/nichecker/Experiment/remarks2.1_LA_PPR/svp_simple_001/_mt_svp_simple_001_001_result/_cs_svp_simple_001_001_global_array[9999]_wrw_mt_svp_simple_001_001.c line 979 function main thread 0
----------------------------------------------------
  __cs_thread_index=2 (010)

State 141 file /home/dell/zyworkspace/nichecker/Experiment/remarks2.1_LA_PPR/svp_simple_001/_mt_svp_simple_001_001_result/_cs_svp_simple_001_001_global_array[9999]_wrw_mt_svp_simple_001_001.c line 981 function main thread 0
----------------------------------------------------
  __cs_pc_cs[2l]=7 (0111)

State 146 file /home/dell/zyworkspace/nichecker/Experiment/remarks2.1_LA_PPR/svp_simple_001/_mt_svp_simple_001_001_result/_cs_svp_simple_001_001_global_array[9999]_wrw_mt_svp_simple_001_001.c line 987 function main thread 0
----------------------------------------------------
  __cs_param_svp_simple_001_001_isr_1_arg=NULL (0000000000000000000000000000000000000000000000000000000000000000)

State 148 file /home/dell/zyworkspace/nichecker/Experiment/remarks2.1_LA_PPR/svp_simple_001/_mt_svp_simple_001_001_result/_cs_svp_simple_001_001_global_array[9999]_wrw_mt_svp_simple_001_001.c line 182 function svp_simple_001_001_isr_1_0 thread 0
----------------------------------------------------
  __cs_local_svp_simple_001_001_isr_1_i=0 (00000000000000000000000000000000)

State 149 file /home/dell/zyworkspace/nichecker/Experiment/remarks2.1_LA_PPR/svp_simple_001/_mt_svp_simple_001_001_result/_cs_svp_simple_001_001_global_array[9999]_wrw_mt_svp_simple_001_001.c line 184 function svp_simple_001_001_isr_1_0 thread 0
----------------------------------------------------
  __cs_local_svp_simple_001_001_isr_1_i=0 (00000000000000000000000000000000)

State 150 file /home/dell/zyworkspace/nichecker/Experiment/remarks2.1_LA_PPR/svp_simple_001/_mt_svp_simple_001_001_result/_cs_svp_simple_001_001_global_array[9999]_wrw_mt_svp_simple_001_001.c line 191 function svp_simple_001_001_isr_1_0 thread 0
----------------------------------------------------
  __cs_local_svp_simple_001_001_isr_1_t_4=0 (00000000000000000000000000000000)

State 152 file /home/dell/zyworkspace/nichecker/Experiment/remarks2.1_LA_PPR/svp_simple_001/_mt_svp_simple_001_001_result/_cs_svp_simple_001_001_global_array[9999]_wrw_mt_svp_simple_001_001.c line 209 function svp_simple_001_001_isr_1_0 thread 0
----------------------------------------------------
  __cs_local_svp_simple_001_001_isr_1_loop_4_IOVar1=0 (00000000000000000000000000000000)

State 153 file /home/dell/zyworkspace/nichecker/Experiment/remarks2.1_LA_PPR/svp_simple_001/_mt_svp_simple_001_001_result/_cs_svp_simple_001_001_global_array[9999]_wrw_mt_svp_simple_001_001.c line 211 function svp_simple_001_001_isr_1_0 thread 0
----------------------------------------------------
  __cs_local_svp_simple_001_001_isr_1_loop_4_block_1=100 (00000000000000000000000001100100)

State 154 file /home/dell/zyworkspace/nichecker/Experiment/remarks2.1_LA_PPR/svp_simple_001/_mt_svp_simple_001_001_result/_cs_svp_simple_001_001_global_array[9999]_wrw_mt_svp_simple_001_001.c line 213 function svp_simple_001_001_isr_1_0 thread 0
----------------------------------------------------
  __cs_local_svp_simple_001_001_isr_1_i=100 (00000000000000000000000001100100)

State 157 file /home/dell/zyworkspace/nichecker/Experiment/remarks2.1_LA_PPR/svp_simple_001/_mt_svp_simple_001_001_result/_cs_svp_simple_001_001_global_array[9999]_wrw_mt_svp_simple_001_001.c line 224 function svp_simple_001_001_isr_1_0 thread 0
----------------------------------------------------
  __cs_local_svp_simple_001_001_isr_1_i=101 (00000000000000000000000001100101)

State 158 file /home/dell/zyworkspace/nichecker/Experiment/remarks2.1_LA_PPR/svp_simple_001/_mt_svp_simple_001_001_result/_cs_svp_simple_001_001_global_array[9999]_wrw_mt_svp_simple_001_001.c line 229 function svp_simple_001_001_isr_1_0 thread 0
----------------------------------------------------
  __cs_local_svp_simple_001_001_isr_1_t_4=1 (00000000000000000000000000000001)

State 161 file /home/dell/zyworkspace/nichecker/Experiment/remarks2.1_LA_PPR/svp_simple_001/_mt_svp_simple_001_001_result/_cs_svp_simple_001_001_global_array[9999]_wrw_mt_svp_simple_001_001.c line 236 function svp_simple_001_001_isr_1_0 thread 0
----------------------------------------------------
  __cs_pc[2l]=1 (0001)

State 166 file /home/dell/zyworkspace/nichecker/Experiment/remarks2.1_LA_PPR/svp_simple_001/_mt_svp_simple_001_001_result/_cs_svp_simple_001_001_global_array[9999]_wrw_mt_svp_simple_001_001.c line 288 function svp_simple_001_001_isr_1_0 thread 0
----------------------------------------------------
  svp_simple_001_001_global_flag=1 (00000000000000000000000000000001)

State 168 file /home/dell/zyworkspace/nichecker/Experiment/remarks2.1_LA_PPR/svp_simple_001/_mt_svp_simple_001_001_result/_cs_svp_simple_001_001_global_array[9999]_wrw_mt_svp_simple_001_001.c line 292 function svp_simple_001_001_isr_1_0 thread 0
----------------------------------------------------
  svp_simple_001_001_global_var=0 (00000000000000000000000000000000)

State 170 file /home/dell/zyworkspace/nichecker/Experiment/remarks2.1_LA_PPR/svp_simple_001/_mt_svp_simple_001_001_result/_cs_svp_simple_001_001_global_array[9999]_wrw_mt_svp_simple_001_001.c line 296 function svp_simple_001_001_isr_1_0 thread 0
----------------------------------------------------
  svp_simple_001_001_global_var=1 (00000000000000000000000000000001)

State 175 file /home/dell/zyworkspace/nichecker/Experiment/remarks2.1_LA_PPR/svp_simple_001/_mt_svp_simple_001_001_result/_cs_svp_simple_001_001_global_array[9999]_wrw_mt_svp_simple_001_001.c line 302 function svp_simple_001_001_isr_1_0 thread 0
----------------------------------------------------
  __cs_disable_thread[3l]=0 (0)

State 177 file /home/dell/zyworkspace/nichecker/Experiment/remarks2.1_LA_PPR/svp_simple_001/_mt_svp_simple_001_001_result/_cs_svp_simple_001_001_global_array[9999]_wrw_mt_svp_simple_001_001.c line 311 function svp_simple_001_001_isr_1_0 thread 0
----------------------------------------------------
  __cs_local_svp_simple_001_001_isr_1_i=0 (00000000000000000000000000000000)

State 178 file /home/dell/zyworkspace/nichecker/Experiment/remarks2.1_LA_PPR/svp_simple_001/_mt_svp_simple_001_001_result/_cs_svp_simple_001_001_global_array[9999]_wrw_mt_svp_simple_001_001.c line 313 function svp_simple_001_001_isr_1_0 thread 0
----------------------------------------------------
  __cs_local_svp_simple_001_001_isr_1_i=0 (00000000000000000000000000000000)

State 179 file /home/dell/zyworkspace/nichecker/Experiment/remarks2.1_LA_PPR/svp_simple_001/_mt_svp_simple_001_001_result/_cs_svp_simple_001_001_global_array[9999]_wrw_mt_svp_simple_001_001.c line 320 function svp_simple_001_001_isr_1_0 thread 0
----------------------------------------------------
  __cs_local_svp_simple_001_001_isr_1_t_5=0 (00000000000000000000000000000000)

State 181 file /home/dell/zyworkspace/nichecker/Experiment/remarks2.1_LA_PPR/svp_simple_001/_mt_svp_simple_001_001_result/_cs_svp_simple_001_001_global_array[9999]_wrw_mt_svp_simple_001_001.c line 338 function svp_simple_001_001_isr_1_0 thread 0
----------------------------------------------------
  __cs_local_svp_simple_001_001_isr_1_loop_5_IOVar1=0 (00000000000000000000000000000000)

State 182 file /home/dell/zyworkspace/nichecker/Experiment/remarks2.1_LA_PPR/svp_simple_001/_mt_svp_simple_001_001_result/_cs_svp_simple_001_001_global_array[9999]_wrw_mt_svp_simple_001_001.c line 340 function svp_simple_001_001_isr_1_0 thread 0
----------------------------------------------------
  __cs_local_svp_simple_001_001_isr_1_loop_5_block_1=100 (00000000000000000000000001100100)

State 183 file /home/dell/zyworkspace/nichecker/Experiment/remarks2.1_LA_PPR/svp_simple_001/_mt_svp_simple_001_001_result/_cs_svp_simple_001_001_global_array[9999]_wrw_mt_svp_simple_001_001.c line 342 function svp_simple_001_001_isr_1_0 thread 0
----------------------------------------------------
  __cs_local_svp_simple_001_001_isr_1_i=100 (00000000000000000000000001100100)

State 186 file /home/dell/zyworkspace/nichecker/Experiment/remarks2.1_LA_PPR/svp_simple_001/_mt_svp_simple_001_001_result/_cs_svp_simple_001_001_global_array[9999]_wrw_mt_svp_simple_001_001.c line 353 function svp_simple_001_001_isr_1_0 thread 0
----------------------------------------------------
  __cs_local_svp_simple_001_001_isr_1_i=101 (00000000000000000000000001100101)

State 187 file /home/dell/zyworkspace/nichecker/Experiment/remarks2.1_LA_PPR/svp_simple_001/_mt_svp_simple_001_001_result/_cs_svp_simple_001_001_global_array[9999]_wrw_mt_svp_simple_001_001.c line 358 function svp_simple_001_001_isr_1_0 thread 0
----------------------------------------------------
  __cs_local_svp_simple_001_001_isr_1_t_5=1 (00000000000000000000000000000001)

State 190 file /home/dell/zyworkspace/nichecker/Experiment/remarks2.1_LA_PPR/svp_simple_001/_mt_svp_simple_001_001_result/_cs_svp_simple_001_001_global_array[9999]_wrw_mt_svp_simple_001_001.c line 365 function svp_simple_001_001_isr_1_0 thread 0
----------------------------------------------------
  __cs_pc[2l]=6 (0110)

State 198 file /home/dell/zyworkspace/nichecker/Experiment/remarks2.1_LA_PPR/svp_simple_001/_mt_svp_simple_001_001_result/_cs_svp_simple_001_001_global_array[9999]_wrw_mt_svp_simple_001_001.c line 426 function svp_simple_001_001_isr_1_0 thread 0
----------------------------------------------------
  __cs_value_ptr=NULL (0000000000000000000000000000000000000000000000000000000000000000)

State 203 file /home/dell/zyworkspace/nichecker/Experiment/remarks2.1_LA_PPR/svp_simple_001/_mt_svp_simple_001_001_result/_cs_svp_simple_001_001_global_array[9999]_wrw_mt_svp_simple_001_001.c line 989 function main thread 0
----------------------------------------------------
  __cs_pc[2l]=7 (0111)

State 204 file /home/dell/zyworkspace/nichecker/Experiment/remarks2.1_LA_PPR/svp_simple_001/_mt_svp_simple_001_001_result/_cs_svp_simple_001_001_global_array[9999]_wrw_mt_svp_simple_001_001.c line 995 function main thread 0
----------------------------------------------------
  __cs_tmp_t3_r0=1 (1)

State 206 file /home/dell/zyworkspace/nichecker/Experiment/remarks2.1_LA_PPR/svp_simple_001/_mt_svp_simple_001_001_result/_cs_svp_simple_001_001_global_array[9999]_wrw_mt_svp_simple_001_001.c line 1000 function main thread 0
----------------------------------------------------
  __cs_thread_index=3 (011)

State 207 file /home/dell/zyworkspace/nichecker/Experiment/remarks2.1_LA_PPR/svp_simple_001/_mt_svp_simple_001_001_result/_cs_svp_simple_001_001_global_array[9999]_wrw_mt_svp_simple_001_001.c line 1002 function main thread 0
----------------------------------------------------
  __cs_pc_cs[3l]=1 (0001)

State 212 file /home/dell/zyworkspace/nichecker/Experiment/remarks2.1_LA_PPR/svp_simple_001/_mt_svp_simple_001_001_result/_cs_svp_simple_001_001_global_array[9999]_wrw_mt_svp_simple_001_001.c line 1008 function main thread 0
----------------------------------------------------
  __cs_param_svp_simple_001_001_isr_2_arg=NULL (0000000000000000000000000000000000000000000000000000000000000000)

State 214 file /home/dell/zyworkspace/nichecker/Experiment/remarks2.1_LA_PPR/svp_simple_001/_mt_svp_simple_001_001_result/_cs_svp_simple_001_001_global_array[9999]_wrw_mt_svp_simple_001_001.c line 442 function svp_simple_001_001_isr_2_0 thread 0
----------------------------------------------------
  __cs_local_svp_simple_001_001_isr_2___cs_tmp_if_cond_1=TRUE (00000001)

State 216 file /home/dell/zyworkspace/nichecker/Experiment/remarks2.1_LA_PPR/svp_simple_001/_mt_svp_simple_001_001_result/_cs_svp_simple_001_001_global_array[9999]_wrw_mt_svp_simple_001_001.c line 448 function svp_simple_001_001_isr_2_0 thread 0
----------------------------------------------------
  __cs_local_svp_simple_001_001_isr_2_reader1=0 (00000000000000000000000000000000)

State 217 file /home/dell/zyworkspace/nichecker/Experiment/remarks2.1_LA_PPR/svp_simple_001/_mt_svp_simple_001_001_result/_cs_svp_simple_001_001_global_array[9999]_wrw_mt_svp_simple_001_001.c line 450 function svp_simple_001_001_isr_2_0 thread 0
----------------------------------------------------
  wrw_a_2=1 (00000000000000000000000000000001)

State 218 file /home/dell/zyworkspace/nichecker/Experiment/remarks2.1_LA_PPR/svp_simple_001/_mt_svp_simple_001_001_result/_cs_svp_simple_001_001_global_array[9999]_wrw_mt_svp_simple_001_001.c line 451 function svp_simple_001_001_isr_2_0 thread 0
----------------------------------------------------
  wrw_a_1=1 (00000000000000000000000000000001)

State 220 file /home/dell/zyworkspace/nichecker/Experiment/remarks2.1_LA_PPR/svp_simple_001/_mt_svp_simple_001_001_result/_cs_svp_simple_001_001_global_array[9999]_wrw_mt_svp_simple_001_001.c line 464 function svp_simple_001_001_isr_2_0 thread 0
----------------------------------------------------
  __cs_local_svp_simple_001_001_isr_2_reader3=0 (00000000000000000000000000000000)

State 221 file /home/dell/zyworkspace/nichecker/Experiment/remarks2.1_LA_PPR/svp_simple_001/_mt_svp_simple_001_001_result/_cs_svp_simple_001_001_global_array[9999]_wrw_mt_svp_simple_001_001.c line 468 function svp_simple_001_001_isr_2_0 thread 0
----------------------------------------------------
  __cs_local_svp_simple_001_001_isr_2_reader2=1 (00000000000000000000000000000001)

State 225 file /home/dell/zyworkspace/nichecker/Experiment/remarks2.1_LA_PPR/svp_simple_001/_mt_svp_simple_001_001_result/_cs_svp_simple_001_001_global_array[9999]_wrw_mt_svp_simple_001_001.c line 479 function svp_simple_001_001_isr_2_0 thread 0
----------------------------------------------------
  __cs_value_ptr=NULL (0000000000000000000000000000000000000000000000000000000000000000)

State 230 file /home/dell/zyworkspace/nichecker/Experiment/remarks2.1_LA_PPR/svp_simple_001/_mt_svp_simple_001_001_result/_cs_svp_simple_001_001_global_array[9999]_wrw_mt_svp_simple_001_001.c line 1010 function main thread 0
----------------------------------------------------
  __cs_pc[3l]=1 (0001)

State 231 file /home/dell/zyworkspace/nichecker/Experiment/remarks2.1_LA_PPR/svp_simple_001/_mt_svp_simple_001_001_result/_cs_svp_simple_001_001_global_array[9999]_wrw_mt_svp_simple_001_001.c line 1020 function main thread 0
----------------------------------------------------
  __cs_tmp_t1_r1=3 (0011)

State 237 file /home/dell/zyworkspace/nichecker/Experiment/remarks2.1_LA_PPR/svp_simple_001/_mt_svp_simple_001_001_result/_cs_svp_simple_001_001_global_array[9999]_wrw_mt_svp_simple_001_001.c line 1025 function main thread 0
----------------------------------------------------
  __cs_thread_index=1 (001)

State 238 file /home/dell/zyworkspace/nichecker/Experiment/remarks2.1_LA_PPR/svp_simple_001/_mt_svp_simple_001_001_result/_cs_svp_simple_001_001_global_array[9999]_wrw_mt_svp_simple_001_001.c line 1027 function main thread 0
----------------------------------------------------
  __cs_pc_cs[1l]=3 (0011)

State 243 file /home/dell/zyworkspace/nichecker/Experiment/remarks2.1_LA_PPR/svp_simple_001/_mt_svp_simple_001_001_result/_cs_svp_simple_001_001_global_array[9999]_wrw_mt_svp_simple_001_001.c line 1033 function main thread 0
----------------------------------------------------
  __cs_param_main_task_arg=NULL (0000000000000000000000000000000000000000000000000000000000000000)

State 254 file /home/dell/zyworkspace/nichecker/Experiment/remarks2.1_LA_PPR/svp_simple_001/_mt_svp_simple_001_001_result/_cs_svp_simple_001_001_global_array[9999]_wrw_mt_svp_simple_001_001.c line 942 function main_task_0 thread 0
----------------------------------------------------
  __cs_value_ptr=NULL (0000000000000000000000000000000000000000000000000000000000000000)

State 259 file /home/dell/zyworkspace/nichecker/Experiment/remarks2.1_LA_PPR/svp_simple_001/_mt_svp_simple_001_001_result/_cs_svp_simple_001_001_global_array[9999]_wrw_mt_svp_simple_001_001.c line 1035 function main thread 0
----------------------------------------------------
  __cs_pc[1l]=3 (0011)

State 260 file /home/dell/zyworkspace/nichecker/Experiment/remarks2.1_LA_PPR/svp_simple_001/_mt_svp_simple_001_001_result/_cs_svp_simple_001_001_global_array[9999]_wrw_mt_svp_simple_001_001.c line 1041 function main thread 0
----------------------------------------------------
  __cs_tmp_t2_r1=7 (111)

State 262 file /home/dell/zyworkspace/nichecker/Experiment/remarks2.1_LA_PPR/svp_simple_001/_mt_svp_simple_001_001_result/_cs_svp_simple_001_001_global_array[9999]_wrw_mt_svp_simple_001_001.c line 1046 function main thread 0
----------------------------------------------------
  __cs_thread_index=2 (010)

State 263 file /home/dell/zyworkspace/nichecker/Experiment/remarks2.1_LA_PPR/svp_simple_001/_mt_svp_simple_001_001_result/_cs_svp_simple_001_001_global_array[9999]_wrw_mt_svp_simple_001_001.c line 1048 function main thread 0
----------------------------------------------------
  __cs_pc_cs[2l]=7 (0111)

State 268 file /home/dell/zyworkspace/nichecker/Experiment/remarks2.1_LA_PPR/svp_simple_001/_mt_svp_simple_001_001_result/_cs_svp_simple_001_001_global_array[9999]_wrw_mt_svp_simple_001_001.c line 1054 function main thread 0
----------------------------------------------------
  __cs_param_svp_simple_001_001_isr_1_arg=NULL (0000000000000000000000000000000000000000000000000000000000000000)

State 278 file /home/dell/zyworkspace/nichecker/Experiment/remarks2.1_LA_PPR/svp_simple_001/_mt_svp_simple_001_001_result/_cs_svp_simple_001_001_global_array[9999]_wrw_mt_svp_simple_001_001.c line 426 function svp_simple_001_001_isr_1_0 thread 0
----------------------------------------------------
  __cs_value_ptr=NULL (0000000000000000000000000000000000000000000000000000000000000000)

State 283 file /home/dell/zyworkspace/nichecker/Experiment/remarks2.1_LA_PPR/svp_simple_001/_mt_svp_simple_001_001_result/_cs_svp_simple_001_001_global_array[9999]_wrw_mt_svp_simple_001_001.c line 1056 function main thread 0
----------------------------------------------------
  __cs_pc[2l]=7 (0111)

State 284 file /home/dell/zyworkspace/nichecker/Experiment/remarks2.1_LA_PPR/svp_simple_001/_mt_svp_simple_001_001_result/_cs_svp_simple_001_001_global_array[9999]_wrw_mt_svp_simple_001_001.c line 1062 function main thread 0
----------------------------------------------------
  __cs_tmp_t3_r1=1 (1)

State 286 file /home/dell/zyworkspace/nichecker/Experiment/remarks2.1_LA_PPR/svp_simple_001/_mt_svp_simple_001_001_result/_cs_svp_simple_001_001_global_array[9999]_wrw_mt_svp_simple_001_001.c line 1067 function main thread 0
----------------------------------------------------
  __cs_thread_index=3 (011)

State 287 file /home/dell/zyworkspace/nichecker/Experiment/remarks2.1_LA_PPR/svp_simple_001/_mt_svp_simple_001_001_result/_cs_svp_simple_001_001_global_array[9999]_wrw_mt_svp_simple_001_001.c line 1069 function main thread 0
----------------------------------------------------
  __cs_pc_cs[3l]=1 (0001)

State 292 file /home/dell/zyworkspace/nichecker/Experiment/remarks2.1_LA_PPR/svp_simple_001/_mt_svp_simple_001_001_result/_cs_svp_simple_001_001_global_array[9999]_wrw_mt_svp_simple_001_001.c line 1075 function main thread 0
----------------------------------------------------
  __cs_param_svp_simple_001_001_isr_2_arg=NULL (0000000000000000000000000000000000000000000000000000000000000000)

State 296 file /home/dell/zyworkspace/nichecker/Experiment/remarks2.1_LA_PPR/svp_simple_001/_mt_svp_simple_001_001_result/_cs_svp_simple_001_001_global_array[9999]_wrw_mt_svp_simple_001_001.c line 479 function svp_simple_001_001_isr_2_0 thread 0
----------------------------------------------------
  __cs_value_ptr=NULL (0000000000000000000000000000000000000000000000000000000000000000)

State 301 file /home/dell/zyworkspace/nichecker/Experiment/remarks2.1_LA_PPR/svp_simple_001/_mt_svp_simple_001_001_result/_cs_svp_simple_001_001_global_array[9999]_wrw_mt_svp_simple_001_001.c line 1077 function main thread 0
----------------------------------------------------
  __cs_pc[3l]=1 (0001)

State 302 file /home/dell/zyworkspace/nichecker/Experiment/remarks2.1_LA_PPR/svp_simple_001/_mt_svp_simple_001_001_result/_cs_svp_simple_001_001_global_array[9999]_wrw_mt_svp_simple_001_001.c line 1081 function main thread 0
----------------------------------------------------
  __cs_tmp_t1_r2=6u (00000000000000000000000000000110)

State 304 file /home/dell/zyworkspace/nichecker/Experiment/remarks2.1_LA_PPR/svp_simple_001/_mt_svp_simple_001_001_result/_cs_svp_simple_001_001_global_array[9999]_wrw_mt_svp_simple_001_001.c line 1086 function main thread 0
----------------------------------------------------
  __cs_thread_index=1 (001)

State 305 file /home/dell/zyworkspace/nichecker/Experiment/remarks2.1_LA_PPR/svp_simple_001/_mt_svp_simple_001_001_result/_cs_svp_simple_001_001_global_array[9999]_wrw_mt_svp_simple_001_001.c line 1088 function main thread 0
----------------------------------------------------
  __cs_pc_cs[1l]=6 (0110)

State 310 file /home/dell/zyworkspace/nichecker/Experiment/remarks2.1_LA_PPR/svp_simple_001/_mt_svp_simple_001_001_result/_cs_svp_simple_001_001_global_array[9999]_wrw_mt_svp_simple_001_001.c line 1094 function main thread 0
----------------------------------------------------
  __cs_param_main_task_arg=NULL (0000000000000000000000000000000000000000000000000000000000000000)

State 315 file /home/dell/zyworkspace/nichecker/Experiment/remarks2.1_LA_PPR/svp_simple_001/_mt_svp_simple_001_001_result/_cs_svp_simple_001_001_global_array[9999]_wrw_mt_svp_simple_001_001.c line 730 function main_task_0 thread 0
----------------------------------------------------
  __cs_local_main_task_i=10000 (00000000000000000010011100010000)

State 316 file /home/dell/zyworkspace/nichecker/Experiment/remarks2.1_LA_PPR/svp_simple_001/_mt_svp_simple_001_001_result/_cs_svp_simple_001_001_global_array[9999]_wrw_mt_svp_simple_001_001.c line 736 function main_task_0 thread 0
----------------------------------------------------
  __cs_local_main_task_t_2=2 (00000000000000000000000000000010)

State 317 file /home/dell/zyworkspace/nichecker/Experiment/remarks2.1_LA_PPR/svp_simple_001/_mt_svp_simple_001_001_result/_cs_svp_simple_001_001_global_array[9999]_wrw_mt_svp_simple_001_001.c line 740 function main_task_0 thread 0
----------------------------------------------------
  __cs_loop_2=FALSE (00000000)

State 322 file /home/dell/zyworkspace/nichecker/Experiment/remarks2.1_LA_PPR/svp_simple_001/_mt_svp_simple_001_001_result/_cs_svp_simple_001_001_global_array[9999]_wrw_mt_svp_simple_001_001.c line 762 function main_task_0 thread 0
----------------------------------------------------
  __cs_local_main_task_i=0 (00000000000000000000000000000000)

State 323 file /home/dell/zyworkspace/nichecker/Experiment/remarks2.1_LA_PPR/svp_simple_001/_mt_svp_simple_001_001_result/_cs_svp_simple_001_001_global_array[9999]_wrw_mt_svp_simple_001_001.c line 770 function main_task_0 thread 0
----------------------------------------------------
  __cs_local_main_task_t_3=0 (00000000000000000000000000000000)

State 325 file /home/dell/zyworkspace/nichecker/Experiment/remarks2.1_LA_PPR/svp_simple_001/_mt_svp_simple_001_001_result/_cs_svp_simple_001_001_global_array[9999]_wrw_mt_svp_simple_001_001.c line 788 function main_task_0 thread 0
----------------------------------------------------
  __cs_local_main_task_loop_3_IOVar1=0 (00000000000000000000000000000000)

State 326 file /home/dell/zyworkspace/nichecker/Experiment/remarks2.1_LA_PPR/svp_simple_001/_mt_svp_simple_001_001_result/_cs_svp_simple_001_001_global_array[9999]_wrw_mt_svp_simple_001_001.c line 791 function main_task_0 thread 0
----------------------------------------------------
  __cs_local_main_task_loop_3_block_2=9998 (00000000000000000010011100001110)

State 327 file /home/dell/zyworkspace/nichecker/Experiment/remarks2.1_LA_PPR/svp_simple_001/_mt_svp_simple_001_001_result/_cs_svp_simple_001_001_global_array[9999]_wrw_mt_svp_simple_001_001.c line 794 function main_task_0 thread 0
----------------------------------------------------
  __cs_local_main_task_i=9998 (00000000000000000010011100001110)

State 330 file /home/dell/zyworkspace/nichecker/Experiment/remarks2.1_LA_PPR/svp_simple_001/_mt_svp_simple_001_001_result/_cs_svp_simple_001_001_global_array[9999]_wrw_mt_svp_simple_001_001.c line 804 function main_task_0 thread 0
----------------------------------------------------
  __cs_local_main_task___cs_tmp_if_cond_0=FALSE (00000000)

State 333 file /home/dell/zyworkspace/nichecker/Experiment/remarks2.1_LA_PPR/svp_simple_001/_mt_svp_simple_001_001_result/_cs_svp_simple_001_001_global_array[9999]_wrw_mt_svp_simple_001_001.c line 834 function main_task_0 thread 0
----------------------------------------------------
  __cs_local_main_task_i=9999 (00000000000000000010011100001111)

State 334 file /home/dell/zyworkspace/nichecker/Experiment/remarks2.1_LA_PPR/svp_simple_001/_mt_svp_simple_001_001_result/_cs_svp_simple_001_001_global_array[9999]_wrw_mt_svp_simple_001_001.c line 840 function main_task_0 thread 0
----------------------------------------------------
  __cs_local_main_task_t_3=1 (00000000000000000000000000000001)

State 336 file /home/dell/zyworkspace/nichecker/Experiment/remarks2.1_LA_PPR/svp_simple_001/_mt_svp_simple_001_001_result/_cs_svp_simple_001_001_global_array[9999]_wrw_mt_svp_simple_001_001.c line 858 function main_task_0 thread 0
----------------------------------------------------
  __cs_local_main_task_loop_3_IOVar1=9999 (00000000000000000010011100001111)

State 337 file /home/dell/zyworkspace/nichecker/Experiment/remarks2.1_LA_PPR/svp_simple_001/_mt_svp_simple_001_001_result/_cs_svp_simple_001_001_global_array[9999]_wrw_mt_svp_simple_001_001.c line 861 function main_task_0 thread 0
----------------------------------------------------
  __cs_local_main_task_loop_3_block_2=0 (00000000000000000000000000000000)

State 338 file /home/dell/zyworkspace/nichecker/Experiment/remarks2.1_LA_PPR/svp_simple_001/_mt_svp_simple_001_001_result/_cs_svp_simple_001_001_global_array[9999]_wrw_mt_svp_simple_001_001.c line 864 function main_task_0 thread 0
----------------------------------------------------
  __cs_local_main_task_i=9999 (00000000000000000010011100001111)

State 341 file /home/dell/zyworkspace/nichecker/Experiment/remarks2.1_LA_PPR/svp_simple_001/_mt_svp_simple_001_001_result/_cs_svp_simple_001_001_global_array[9999]_wrw_mt_svp_simple_001_001.c line 874 function main_task_0 thread 0
----------------------------------------------------
  __cs_local_main_task___cs_tmp_if_cond_0=TRUE (00000001)

State 343 file /home/dell/zyworkspace/nichecker/Experiment/remarks2.1_LA_PPR/svp_simple_001/_mt_svp_simple_001_001_result/_cs_svp_simple_001_001_global_array[9999]_wrw_mt_svp_simple_001_001.c line 881 function main_task_0 thread 0
----------------------------------------------------
  svp_simple_001_001_global_array[9999l]=1 (00000000000000000000000000000001)

Violated property:
  file /home/dell/zyworkspace/nichecker/Experiment/remarks2.1_LA_PPR/svp_simple_001/_mt_svp_simple_001_001_result/_cs_svp_simple_001_001_global_array[9999]_wrw_mt_svp_simple_001_001.c line 885 function main_task_0
  assertion wrw_a_1 == 0
  wrw_a_1 == 0


** 2 of 4 failed (3 iterations)
VERIFICATION FAILED
