2024-06-03 20:35:05
SVPCheck: True	LoopAbstraction: True	LabelReduction: True	Slice: False	

SVPCheck var: svp_simple_001_001_global_array[9999]	pattern: wrw
--------------------------Run start-------------------------------
inliner
slice
LoopAbstraction
unroller
insertLabel
lazyseq
feeder  5.989
[91mUNSAFE[0m, counterexample: 2, time: 9.104 s, memory: 765.79 MB
--------------------------Run end---------------------------------
SVPCheck var: svp_simple_001_001_global_var	pattern: wrw
--------------------------Run start-------------------------------
inliner
slice
LoopAbstraction
unroller
insertLabel
lazyseq
feeder  3.901
[92mSAFE[0m, counterexample: 0, time: 6.906 s, memory: 536.92 MB
--------------------------Run end---------------------------------
cbmcTimeSum: 9.89
modulesTimeSum: 16.01
