CBMC version 5.6 64-bit x86_64 linux
Parsing /home/dell/zyworkspace/nichecker/Experiment/remarks2.1_LA_Slicing/svp_simple_014/_mt_svp_simple_014_001_result/_cs_svp_simple_014_001_global_var2_rwr_mt_svp_simple_014_001.c
<command-line>: warning: "__STDC_VERSION__" redefined
<built-in>: note: this is the location of the previous definition
Converting
Type-checking _cs_svp_simple_014_001_global_var2_rwr_mt_svp_simple_014_001
file /home/dell/zyworkspace/nichecker/Experiment/remarks2.1_LA_Slicing/svp_simple_014/_mt_svp_simple_014_001_result/_cs_svp_simple_014_001_global_var2_rwr_mt_svp_simple_014_001.c line 362 function svp_simple_014_001_isr_1_0: function `assert' is not declared
Generating GOTO Program
Adding CPROVER library (x86_64)
Removal of function pointers and virtual functions
Partial Inlining
Generic Property Instrumentation
Starting Bounded Model Checking
**** WARNING: no body for function enable_isr
**** WARNING: no body for function disable_isr
size of program expression: 698 steps
simple slicing removed 182 assignments
Generated 3 VCC(s), 3 remaining after simplification
Passing problem to propositional reduction
converting SSA
Running propositional reduction
Post-processing
Solving with MiniSAT 2.2.1 with simplifier
2108 variables, 4382 clauses
SAT checker: instance is UNSATISFIABLE
Runtime decision procedure: 0.008s

** Results:
[svp_simple_014_001_isr_1_0.assertion.1] assertion rwr_r1 == rwr_tmp2: SUCCESS
[svp_simple_014_001_isr_1_0.assertion.2] assertion rwr_r2 == rwr_tmp2: SUCCESS

** 0 of 2 failed (1 iteration)
VERIFICATION SUCCESSFUL
