2024-06-03 21:54:42
SVPCheck: True	LoopAbstraction: True	LabelReduction: False	Slice: True	

SVPCheck var: svp_simple_014_001_global_var1	pattern: rwr
--------------------------Run start-------------------------------
inliner
slice
LoopAbstraction
unroller
insertLabel
lazyseq
feeder  0.248
[91mUNSAFE[0m, counterexample: 1, time: 2.987 s, memory: 31.11 MB
--------------------------Run end---------------------------------
SVPCheck var: svp_simple_014_001_global_var2	pattern: rwr
--------------------------Run start-------------------------------
inliner
slice
LoopAbstraction
unroller
insertLabel
lazyseq
feeder  0.209
[92mSAFE[0m, counterexample: 0, time: 3.010 s, memory: 30.23 MB
--------------------------Run end---------------------------------
cbmcTimeSum: 0.457
modulesTimeSum: 5.997
