CBMC version 5.6 64-bit x86_64 linux
Parsing /home/dell/zyworkspace/nichecker/Experiment/icbmc/blink2/_mt_main_n_result/_cs___mt_main_n.c
<command-line>: warning: "__STDC_VERSION__" redefined
<built-in>: note: this is the location of the previous definition
Converting
Type-checking _cs___mt_main_n
file /home/dell/zyworkspace/nichecker/Experiment/icbmc/blink2/_mt_main_n_result/_cs___mt_main_n.c line 187 function Timer_A_isr_0: function `assert' is not declared
Generating GOTO Program
Adding CPROVER library (x86_64)
Removal of function pointers and virtual functions
Partial Inlining
Generic Property Instrumentation
Starting Bounded Model Checking
size of program expression: 816 steps
simple slicing removed 191 assignments
Generated 4 VCC(s), 4 remaining after simplification
Passing problem to propositional reduction
converting SSA
Running propositional reduction
Post-processing
Solving with MiniSAT 2.2.1 with simplifier
1803 variables, 3801 clauses
SAT checker: instance is SATISFIABLE
Solving with MiniSAT 2.2.1 with simplifier
1803 variables, 368 clauses
SAT checker: instance is SATISFIABLE
Solving with MiniSAT 2.2.1 with simplifier
1803 variables, 0 clauses
SAT checker inconsistent: instance is UNSATISFIABLE
Runtime decision procedure: 0.012s

** Results:
[Timer_A_isr_0.assertion.1] assertion 0: FAILURE
[Timer_B_isr_0.assertion.1] assertion 0: FAILURE
[Timer_C_isr_0.assertion.1] assertion 0: SUCCESS

Trace for Timer_A_isr_0.assertion.1:

State 54 file /home/dell/zyworkspace/nichecker/Experiment/icbmc/blink2/_mt_main_n_result/_cs___mt_main_n.c line 422 function main thread 0
----------------------------------------------------
  __cs_tmp_t1_r0=4 (100)

State 56 file /home/dell/zyworkspace/nichecker/Experiment/icbmc/blink2/_mt_main_n_result/_cs___mt_main_n.c line 426 function main thread 0
----------------------------------------------------
  __cs_thread_index=1 (001)

State 57 file /home/dell/zyworkspace/nichecker/Experiment/icbmc/blink2/_mt_main_n_result/_cs___mt_main_n.c line 428 function main thread 0
----------------------------------------------------
  __cs_pc_cs[1l]=4 (100)

State 62 file /home/dell/zyworkspace/nichecker/Experiment/icbmc/blink2/_mt_main_n_result/_cs___mt_main_n.c line 434 function main thread 0
----------------------------------------------------
  __cs_param_main_task_arg=NULL (0000000000000000000000000000000000000000000000000000000000000000)

State 64 file /home/dell/zyworkspace/nichecker/Experiment/icbmc/blink2/_mt_main_n_result/_cs___mt_main_n.c line 370 function main_task_0 thread 0
----------------------------------------------------
  WDTCTL=0 (00000000000000000000000000000000)

State 66 file /home/dell/zyworkspace/nichecker/Experiment/icbmc/blink2/_mt_main_n_result/_cs___mt_main_n.c line 375 function main_task_0 thread 0
----------------------------------------------------
  LED_DIR=0 (00000000000000000000000000000000)

State 68 file /home/dell/zyworkspace/nichecker/Experiment/icbmc/blink2/_mt_main_n_result/_cs___mt_main_n.c line 380 function main_task_0 thread 0
----------------------------------------------------
  LED_OUT=1 (00000000000000000000000000000001)

State 70 file /home/dell/zyworkspace/nichecker/Experiment/icbmc/blink2/_mt_main_n_result/_cs___mt_main_n.c line 385 function main_task_0 thread 0
----------------------------------------------------
  CCTL0=0 (00000000000000000000000000000000)

State 75 file /home/dell/zyworkspace/nichecker/Experiment/icbmc/blink2/_mt_main_n_result/_cs___mt_main_n.c line 410 function main_task_0 thread 0
----------------------------------------------------
  __cs_value_ptr=NULL (0000000000000000000000000000000000000000000000000000000000000000)

State 80 file /home/dell/zyworkspace/nichecker/Experiment/icbmc/blink2/_mt_main_n_result/_cs___mt_main_n.c line 436 function main thread 0
----------------------------------------------------
  __cs_pc[1l]=4 (100)

State 81 file /home/dell/zyworkspace/nichecker/Experiment/icbmc/blink2/_mt_main_n_result/_cs___mt_main_n.c line 442 function main thread 0
----------------------------------------------------
  __cs_tmp_t2_r0=5 (101)

State 88 file /home/dell/zyworkspace/nichecker/Experiment/icbmc/blink2/_mt_main_n_result/_cs___mt_main_n.c line 447 function main thread 0
----------------------------------------------------
  __cs_thread_index=2 (010)

State 89 file /home/dell/zyworkspace/nichecker/Experiment/icbmc/blink2/_mt_main_n_result/_cs___mt_main_n.c line 449 function main thread 0
----------------------------------------------------
  __cs_pc_cs[2l]=5 (101)

State 94 file /home/dell/zyworkspace/nichecker/Experiment/icbmc/blink2/_mt_main_n_result/_cs___mt_main_n.c line 455 function main thread 0
----------------------------------------------------
  __cs_param_Timer_A_isr_arg=NULL (0000000000000000000000000000000000000000000000000000000000000000)

State 96 file /home/dell/zyworkspace/nichecker/Experiment/icbmc/blink2/_mt_main_n_result/_cs___mt_main_n.c line 175 function Timer_A_isr_0 thread 0
----------------------------------------------------
  timerCount=1u (00000000000000000000000000000001)

State 98 file /home/dell/zyworkspace/nichecker/Experiment/icbmc/blink2/_mt_main_n_result/_cs___mt_main_n.c line 181 function Timer_A_isr_0 thread 0
----------------------------------------------------
  __cs_local_Timer_A_isr___cs_tmp_if_cond_0=TRUE (00000001)

Violated property:
  file /home/dell/zyworkspace/nichecker/Experiment/icbmc/blink2/_mt_main_n_result/_cs___mt_main_n.c line 187 function Timer_A_isr_0
  assertion 0
  (_Bool)0


Trace for Timer_B_isr_0.assertion.1:

State 54 file /home/dell/zyworkspace/nichecker/Experiment/icbmc/blink2/_mt_main_n_result/_cs___mt_main_n.c line 422 function main thread 0
----------------------------------------------------
  __cs_tmp_t1_r0=4 (100)

State 56 file /home/dell/zyworkspace/nichecker/Experiment/icbmc/blink2/_mt_main_n_result/_cs___mt_main_n.c line 426 function main thread 0
----------------------------------------------------
  __cs_thread_index=1 (001)

State 57 file /home/dell/zyworkspace/nichecker/Experiment/icbmc/blink2/_mt_main_n_result/_cs___mt_main_n.c line 428 function main thread 0
----------------------------------------------------
  __cs_pc_cs[1l]=4 (100)

State 62 file /home/dell/zyworkspace/nichecker/Experiment/icbmc/blink2/_mt_main_n_result/_cs___mt_main_n.c line 434 function main thread 0
----------------------------------------------------
  __cs_param_main_task_arg=NULL (0000000000000000000000000000000000000000000000000000000000000000)

State 64 file /home/dell/zyworkspace/nichecker/Experiment/icbmc/blink2/_mt_main_n_result/_cs___mt_main_n.c line 370 function main_task_0 thread 0
----------------------------------------------------
  WDTCTL=0 (00000000000000000000000000000000)

State 66 file /home/dell/zyworkspace/nichecker/Experiment/icbmc/blink2/_mt_main_n_result/_cs___mt_main_n.c line 375 function main_task_0 thread 0
----------------------------------------------------
  LED_DIR=0 (00000000000000000000000000000000)

State 68 file /home/dell/zyworkspace/nichecker/Experiment/icbmc/blink2/_mt_main_n_result/_cs___mt_main_n.c line 380 function main_task_0 thread 0
----------------------------------------------------
  LED_OUT=1 (00000000000000000000000000000001)

State 70 file /home/dell/zyworkspace/nichecker/Experiment/icbmc/blink2/_mt_main_n_result/_cs___mt_main_n.c line 385 function main_task_0 thread 0
----------------------------------------------------
  CCTL0=0 (00000000000000000000000000000000)

State 75 file /home/dell/zyworkspace/nichecker/Experiment/icbmc/blink2/_mt_main_n_result/_cs___mt_main_n.c line 410 function main_task_0 thread 0
----------------------------------------------------
  __cs_value_ptr=NULL (0000000000000000000000000000000000000000000000000000000000000000)

State 80 file /home/dell/zyworkspace/nichecker/Experiment/icbmc/blink2/_mt_main_n_result/_cs___mt_main_n.c line 436 function main thread 0
----------------------------------------------------
  __cs_pc[1l]=4 (100)

State 81 file /home/dell/zyworkspace/nichecker/Experiment/icbmc/blink2/_mt_main_n_result/_cs___mt_main_n.c line 442 function main thread 0
----------------------------------------------------
  __cs_tmp_t2_r0=0 (000)

State 88 file /home/dell/zyworkspace/nichecker/Experiment/icbmc/blink2/_mt_main_n_result/_cs___mt_main_n.c line 447 function main thread 0
----------------------------------------------------
  __cs_thread_index=2 (010)

State 89 file /home/dell/zyworkspace/nichecker/Experiment/icbmc/blink2/_mt_main_n_result/_cs___mt_main_n.c line 449 function main thread 0
----------------------------------------------------
  __cs_pc_cs[2l]=0 (000)

State 94 file /home/dell/zyworkspace/nichecker/Experiment/icbmc/blink2/_mt_main_n_result/_cs___mt_main_n.c line 455 function main thread 0
----------------------------------------------------
  __cs_param_Timer_A_isr_arg=NULL (0000000000000000000000000000000000000000000000000000000000000000)

State 102 file /home/dell/zyworkspace/nichecker/Experiment/icbmc/blink2/_mt_main_n_result/_cs___mt_main_n.c line 225 function Timer_A_isr_0 thread 0
----------------------------------------------------
  __cs_value_ptr=NULL (0000000000000000000000000000000000000000000000000000000000000000)

State 107 file /home/dell/zyworkspace/nichecker/Experiment/icbmc/blink2/_mt_main_n_result/_cs___mt_main_n.c line 457 function main thread 0
----------------------------------------------------
  __cs_pc[2l]=0 (000)

State 108 file /home/dell/zyworkspace/nichecker/Experiment/icbmc/blink2/_mt_main_n_result/_cs___mt_main_n.c line 463 function main thread 0
----------------------------------------------------
  __cs_tmp_t3_r0=1 (001)

State 120 file /home/dell/zyworkspace/nichecker/Experiment/icbmc/blink2/_mt_main_n_result/_cs___mt_main_n.c line 468 function main thread 0
----------------------------------------------------
  __cs_thread_index=3 (011)

State 121 file /home/dell/zyworkspace/nichecker/Experiment/icbmc/blink2/_mt_main_n_result/_cs___mt_main_n.c line 470 function main thread 0
----------------------------------------------------
  __cs_pc_cs[3l]=1 (001)

State 126 file /home/dell/zyworkspace/nichecker/Experiment/icbmc/blink2/_mt_main_n_result/_cs___mt_main_n.c line 476 function main thread 0
----------------------------------------------------
  __cs_param_Timer_B_isr_arg=NULL (0000000000000000000000000000000000000000000000000000000000000000)

State 128 file /home/dell/zyworkspace/nichecker/Experiment/icbmc/blink2/_mt_main_n_result/_cs___mt_main_n.c line 235 function Timer_B_isr_0 thread 0
----------------------------------------------------
  timerCount=0u (00000000000000000000000000000000)

State 135 file /home/dell/zyworkspace/nichecker/Experiment/icbmc/blink2/_mt_main_n_result/_cs___mt_main_n.c line 285 function Timer_B_isr_0 thread 0
----------------------------------------------------
  __cs_value_ptr=NULL (0000000000000000000000000000000000000000000000000000000000000000)

State 140 file /home/dell/zyworkspace/nichecker/Experiment/icbmc/blink2/_mt_main_n_result/_cs___mt_main_n.c line 478 function main thread 0
----------------------------------------------------
  __cs_pc[3l]=1 (001)

State 141 file /home/dell/zyworkspace/nichecker/Experiment/icbmc/blink2/_mt_main_n_result/_cs___mt_main_n.c line 484 function main thread 0
----------------------------------------------------
  __cs_tmp_t4_r0=0 (0)

State 143 file /home/dell/zyworkspace/nichecker/Experiment/icbmc/blink2/_mt_main_n_result/_cs___mt_main_n.c line 489 function main thread 0
----------------------------------------------------
  __cs_thread_index=4 (100)

State 144 file /home/dell/zyworkspace/nichecker/Experiment/icbmc/blink2/_mt_main_n_result/_cs___mt_main_n.c line 491 function main thread 0
----------------------------------------------------
  __cs_pc_cs[4l]=0 (000)

State 149 file /home/dell/zyworkspace/nichecker/Experiment/icbmc/blink2/_mt_main_n_result/_cs___mt_main_n.c line 497 function main thread 0
----------------------------------------------------
  __cs_param_Timer_C_isr_arg=NULL (0000000000000000000000000000000000000000000000000000000000000000)

State 153 file /home/dell/zyworkspace/nichecker/Experiment/icbmc/blink2/_mt_main_n_result/_cs___mt_main_n.c line 336 function Timer_C_isr_0 thread 0
----------------------------------------------------
  __cs_value_ptr=NULL (0000000000000000000000000000000000000000000000000000000000000000)

State 158 file /home/dell/zyworkspace/nichecker/Experiment/icbmc/blink2/_mt_main_n_result/_cs___mt_main_n.c line 499 function main thread 0
----------------------------------------------------
  __cs_pc[4l]=0 (000)

State 159 file /home/dell/zyworkspace/nichecker/Experiment/icbmc/blink2/_mt_main_n_result/_cs___mt_main_n.c line 505 function main thread 0
----------------------------------------------------
  __cs_tmp_t5_r0=0 (00)

State 166 file /home/dell/zyworkspace/nichecker/Experiment/icbmc/blink2/_mt_main_n_result/_cs___mt_main_n.c line 510 function main thread 0
----------------------------------------------------
  __cs_thread_index=5 (101)

State 167 file /home/dell/zyworkspace/nichecker/Experiment/icbmc/blink2/_mt_main_n_result/_cs___mt_main_n.c line 512 function main thread 0
----------------------------------------------------
  __cs_pc_cs[5l]=0 (000)

State 172 file /home/dell/zyworkspace/nichecker/Experiment/icbmc/blink2/_mt_main_n_result/_cs___mt_main_n.c line 518 function main thread 0
----------------------------------------------------
  __cs_param_Timer_Force_isr_arg=NULL (0000000000000000000000000000000000000000000000000000000000000000)

State 177 file /home/dell/zyworkspace/nichecker/Experiment/icbmc/blink2/_mt_main_n_result/_cs___mt_main_n.c line 361 function Timer_Force_isr_0 thread 0
----------------------------------------------------
  __cs_value_ptr=NULL (0000000000000000000000000000000000000000000000000000000000000000)

State 182 file /home/dell/zyworkspace/nichecker/Experiment/icbmc/blink2/_mt_main_n_result/_cs___mt_main_n.c line 520 function main thread 0
----------------------------------------------------
  __cs_pc[5l]=0 (000)

State 183 file /home/dell/zyworkspace/nichecker/Experiment/icbmc/blink2/_mt_main_n_result/_cs___mt_main_n.c line 530 function main thread 0
----------------------------------------------------
  __cs_tmp_t1_r1=5 (101)

State 194 file /home/dell/zyworkspace/nichecker/Experiment/icbmc/blink2/_mt_main_n_result/_cs___mt_main_n.c line 551 function main thread 0
----------------------------------------------------
  __cs_tmp_t2_r1=5 (101)

State 201 file /home/dell/zyworkspace/nichecker/Experiment/icbmc/blink2/_mt_main_n_result/_cs___mt_main_n.c line 556 function main thread 0
----------------------------------------------------
  __cs_thread_index=2 (010)

State 202 file /home/dell/zyworkspace/nichecker/Experiment/icbmc/blink2/_mt_main_n_result/_cs___mt_main_n.c line 558 function main thread 0
----------------------------------------------------
  __cs_pc_cs[2l]=5 (101)

State 207 file /home/dell/zyworkspace/nichecker/Experiment/icbmc/blink2/_mt_main_n_result/_cs___mt_main_n.c line 564 function main thread 0
----------------------------------------------------
  __cs_param_Timer_A_isr_arg=NULL (0000000000000000000000000000000000000000000000000000000000000000)

State 209 file /home/dell/zyworkspace/nichecker/Experiment/icbmc/blink2/_mt_main_n_result/_cs___mt_main_n.c line 175 function Timer_A_isr_0 thread 0
----------------------------------------------------
  timerCount=1u (00000000000000000000000000000001)

State 211 file /home/dell/zyworkspace/nichecker/Experiment/icbmc/blink2/_mt_main_n_result/_cs___mt_main_n.c line 181 function Timer_A_isr_0 thread 0
----------------------------------------------------
  __cs_local_Timer_A_isr___cs_tmp_if_cond_0=TRUE (00000001)

Violated property:
  file /home/dell/zyworkspace/nichecker/Experiment/icbmc/blink2/_mt_main_n_result/_cs___mt_main_n.c line 187 function Timer_A_isr_0
  assertion 0
  (_Bool)0


State 215 file /home/dell/zyworkspace/nichecker/Experiment/icbmc/blink2/_mt_main_n_result/_cs___mt_main_n.c line 197 function Timer_A_isr_0 thread 0
----------------------------------------------------
  __cs_local_Timer_A_isr___cs_tmp_if_cond_1=FALSE (00000000)

State 219 file /home/dell/zyworkspace/nichecker/Experiment/icbmc/blink2/_mt_main_n_result/_cs___mt_main_n.c line 214 function Timer_A_isr_0 thread 0
----------------------------------------------------
  cnt1=1 (00000000000000000000000000000001)

State 223 file /home/dell/zyworkspace/nichecker/Experiment/icbmc/blink2/_mt_main_n_result/_cs___mt_main_n.c line 225 function Timer_A_isr_0 thread 0
----------------------------------------------------
  __cs_value_ptr=NULL (0000000000000000000000000000000000000000000000000000000000000000)

State 228 file /home/dell/zyworkspace/nichecker/Experiment/icbmc/blink2/_mt_main_n_result/_cs___mt_main_n.c line 566 function main thread 0
----------------------------------------------------
  __cs_pc[2l]=5 (101)

State 229 file /home/dell/zyworkspace/nichecker/Experiment/icbmc/blink2/_mt_main_n_result/_cs___mt_main_n.c line 572 function main thread 0
----------------------------------------------------
  __cs_tmp_t3_r1=3 (011)

State 240 file /home/dell/zyworkspace/nichecker/Experiment/icbmc/blink2/_mt_main_n_result/_cs___mt_main_n.c line 577 function main thread 0
----------------------------------------------------
  __cs_thread_index=3 (011)

State 241 file /home/dell/zyworkspace/nichecker/Experiment/icbmc/blink2/_mt_main_n_result/_cs___mt_main_n.c line 579 function main thread 0
----------------------------------------------------
  __cs_pc_cs[3l]=3 (011)

State 246 file /home/dell/zyworkspace/nichecker/Experiment/icbmc/blink2/_mt_main_n_result/_cs___mt_main_n.c line 585 function main thread 0
----------------------------------------------------
  __cs_param_Timer_B_isr_arg=NULL (0000000000000000000000000000000000000000000000000000000000000000)

State 249 file /home/dell/zyworkspace/nichecker/Experiment/icbmc/blink2/_mt_main_n_result/_cs___mt_main_n.c line 241 function Timer_B_isr_0 thread 0
----------------------------------------------------
  __cs_local_Timer_B_isr___cs_tmp_if_cond_2=TRUE (00000001)

Violated property:
  file /home/dell/zyworkspace/nichecker/Experiment/icbmc/blink2/_mt_main_n_result/_cs___mt_main_n.c line 247 function Timer_B_isr_0
  assertion 0
  (_Bool)0


** 2 of 3 failed (3 iterations)
VERIFICATION FAILED
