CBMC version 5.6 64-bit x86_64 linux
Parsing /home/dell/zyworkspace/nichecker/Experiment/remarks2.1_basic/svp_simple_027/_mt_svp_simple_027_001_result/_cs_svp_simple_027_001_gloable_var_rww_mt_svp_simple_027_001.c
<command-line>: warning: "__STDC_VERSION__" redefined
<built-in>: note: this is the location of the previous definition
Converting
Type-checking _cs_svp_simple_027_001_gloable_var_rww_mt_svp_simple_027_001
file /home/dell/zyworkspace/nichecker/Experiment/remarks2.1_basic/svp_simple_027/_mt_svp_simple_027_001_result/_cs_svp_simple_027_001_gloable_var_rww_mt_svp_simple_027_001.c line 237 function main_task_0: function `assert' is not declared
Generating GOTO Program
Adding CPROVER library (x86_64)
Removal of function pointers and virtual functions
Partial Inlining
Generic Property Instrumentation
Starting Bounded Model Checking
**** WARNING: no body for function enable_isr
size of program expression: 669 steps
simple slicing removed 29 assignments
Generated 7 VCC(s), 7 remaining after simplification
Passing problem to propositional reduction
converting SSA
Running propositional reduction
Post-processing
Solving with MiniSAT 2.2.1 with simplifier
1777 variables, 3919 clauses
SAT checker: instance is SATISFIABLE
Solving with MiniSAT 2.2.1 with simplifier
1777 variables, 1127 clauses
SAT checker: instance is SATISFIABLE
Solving with MiniSAT 2.2.1 with simplifier
1777 variables, 1078 clauses
SAT checker: instance is SATISFIABLE
Runtime decision procedure: 0.016s

** Results:
[main_task_0.assertion.1] assertion rww_w1 == rww_r_tmp1: FAILURE
[svp_simple_027_001_isr_1_0.assertion.1] assertion rww_w2 == rww_r_tmp2: FAILURE
[svp_simple_027_001_isr_2_0.assertion.1] assertion rww_w3 == rww_r_tmp3: FAILURE

Trace for main_task_0.assertion.1:

State 47 file /home/dell/zyworkspace/nichecker/Experiment/remarks2.1_basic/svp_simple_027/_mt_svp_simple_027_001_result/_cs_svp_simple_027_001_gloable_var_rww_mt_svp_simple_027_001.c line 378 function main thread 0
----------------------------------------------------
  __cs_tmp_t1_r0=2 (10)

State 49 file /home/dell/zyworkspace/nichecker/Experiment/remarks2.1_basic/svp_simple_027/_mt_svp_simple_027_001_result/_cs_svp_simple_027_001_gloable_var_rww_mt_svp_simple_027_001.c line 382 function main thread 0
----------------------------------------------------
  __cs_thread_index=1 (001)

State 50 file /home/dell/zyworkspace/nichecker/Experiment/remarks2.1_basic/svp_simple_027/_mt_svp_simple_027_001_result/_cs_svp_simple_027_001_gloable_var_rww_mt_svp_simple_027_001.c line 384 function main thread 0
----------------------------------------------------
  __cs_pc_cs[1l]=2 (010)

State 55 file /home/dell/zyworkspace/nichecker/Experiment/remarks2.1_basic/svp_simple_027/_mt_svp_simple_027_001_result/_cs_svp_simple_027_001_gloable_var_rww_mt_svp_simple_027_001.c line 390 function main thread 0
----------------------------------------------------
  __cs_param_main_task_arg=NULL (0000000000000000000000000000000000000000000000000000000000000000)

State 57 file /home/dell/zyworkspace/nichecker/Experiment/remarks2.1_basic/svp_simple_027/_mt_svp_simple_027_001_result/_cs_svp_simple_027_001_gloable_var_rww_mt_svp_simple_027_001.c line 185 function main_task_0 thread 0
----------------------------------------------------
  svp_simple_027_001_gloable_var=15 (00000000000000000000000000001111)

State 61 file /home/dell/zyworkspace/nichecker/Experiment/remarks2.1_basic/svp_simple_027/_mt_svp_simple_027_001_result/_cs_svp_simple_027_001_gloable_var_rww_mt_svp_simple_027_001.c line 191 function main_task_0 thread 0
----------------------------------------------------
  __cs_disable_thread[4l]=0 (0)

State 62 file /home/dell/zyworkspace/nichecker/Experiment/remarks2.1_basic/svp_simple_027/_mt_svp_simple_027_001_result/_cs_svp_simple_027_001_gloable_var_rww_mt_svp_simple_027_001.c line 194 function main_task_0 thread 0
----------------------------------------------------
  __cs_disable_thread[3l]=0 (0)

State 63 file /home/dell/zyworkspace/nichecker/Experiment/remarks2.1_basic/svp_simple_027/_mt_svp_simple_027_001_result/_cs_svp_simple_027_001_gloable_var_rww_mt_svp_simple_027_001.c line 197 function main_task_0 thread 0
----------------------------------------------------
  __cs_disable_thread[2l]=0 (0)

State 64 file /home/dell/zyworkspace/nichecker/Experiment/remarks2.1_basic/svp_simple_027/_mt_svp_simple_027_001_result/_cs_svp_simple_027_001_gloable_var_rww_mt_svp_simple_027_001.c line 200 function main_task_0 thread 0
----------------------------------------------------
  __cs_disable_thread[0l]=0 (0)

State 68 file /home/dell/zyworkspace/nichecker/Experiment/remarks2.1_basic/svp_simple_027/_mt_svp_simple_027_001_result/_cs_svp_simple_027_001_gloable_var_rww_mt_svp_simple_027_001.c line 213 function main_task_0 thread 0
----------------------------------------------------
  __cs_disable_thread[2l]=0 (0)

State 70 file /home/dell/zyworkspace/nichecker/Experiment/remarks2.1_basic/svp_simple_027/_mt_svp_simple_027_001_result/_cs_svp_simple_027_001_gloable_var_rww_mt_svp_simple_027_001.c line 222 function main_task_0 thread 0
----------------------------------------------------
  __cs_local_main_task___cs_tmp_if_cond_0=TRUE (00000001)

State 71 file /home/dell/zyworkspace/nichecker/Experiment/remarks2.1_basic/svp_simple_027/_mt_svp_simple_027_001_result/_cs_svp_simple_027_001_gloable_var_rww_mt_svp_simple_027_001.c line 224 function main_task_0 thread 0
----------------------------------------------------
  rww_r_tmp1_num=1 (00000000000000000000000000000001)

State 72 file /home/dell/zyworkspace/nichecker/Experiment/remarks2.1_basic/svp_simple_027/_mt_svp_simple_027_001_result/_cs_svp_simple_027_001_gloable_var_rww_mt_svp_simple_027_001.c line 225 function main_task_0 thread 0
----------------------------------------------------
  rww_r_tmp1=15 (00000000000000000000000000001111)

State 77 file /home/dell/zyworkspace/nichecker/Experiment/remarks2.1_basic/svp_simple_027/_mt_svp_simple_027_001_result/_cs_svp_simple_027_001_gloable_var_rww_mt_svp_simple_027_001.c line 261 function main_task_0 thread 0
----------------------------------------------------
  __cs_value_ptr=NULL (0000000000000000000000000000000000000000000000000000000000000000)

State 82 file /home/dell/zyworkspace/nichecker/Experiment/remarks2.1_basic/svp_simple_027/_mt_svp_simple_027_001_result/_cs_svp_simple_027_001_gloable_var_rww_mt_svp_simple_027_001.c line 392 function main thread 0
----------------------------------------------------
  __cs_pc[1l]=2 (010)

State 83 file /home/dell/zyworkspace/nichecker/Experiment/remarks2.1_basic/svp_simple_027/_mt_svp_simple_027_001_result/_cs_svp_simple_027_001_gloable_var_rww_mt_svp_simple_027_001.c line 398 function main thread 0
----------------------------------------------------
  __cs_tmp_t2_r0=2 (10)

State 90 file /home/dell/zyworkspace/nichecker/Experiment/remarks2.1_basic/svp_simple_027/_mt_svp_simple_027_001_result/_cs_svp_simple_027_001_gloable_var_rww_mt_svp_simple_027_001.c line 403 function main thread 0
----------------------------------------------------
  __cs_thread_index=2 (010)

State 91 file /home/dell/zyworkspace/nichecker/Experiment/remarks2.1_basic/svp_simple_027/_mt_svp_simple_027_001_result/_cs_svp_simple_027_001_gloable_var_rww_mt_svp_simple_027_001.c line 405 function main thread 0
----------------------------------------------------
  __cs_pc_cs[2l]=2 (010)

State 96 file /home/dell/zyworkspace/nichecker/Experiment/remarks2.1_basic/svp_simple_027/_mt_svp_simple_027_001_result/_cs_svp_simple_027_001_gloable_var_rww_mt_svp_simple_027_001.c line 411 function main thread 0
----------------------------------------------------
  __cs_param_svp_simple_027_001_isr_1_arg=NULL (0000000000000000000000000000000000000000000000000000000000000000)

State 98 file /home/dell/zyworkspace/nichecker/Experiment/remarks2.1_basic/svp_simple_027/_mt_svp_simple_027_001_result/_cs_svp_simple_027_001_gloable_var_rww_mt_svp_simple_027_001.c line 272 function svp_simple_027_001_isr_1_0 thread 0
----------------------------------------------------
  __cs_temporary_0=0 (00000000000000000000000000000000)

State 100 file /home/dell/zyworkspace/nichecker/Experiment/remarks2.1_basic/svp_simple_027/_mt_svp_simple_027_001_result/_cs_svp_simple_027_001_gloable_var_rww_mt_svp_simple_027_001.c line 276 function svp_simple_027_001_isr_1_0 thread 0
----------------------------------------------------
  __cs_temporary_0=16 (00000000000000000000000000010000)

State 101 file /home/dell/zyworkspace/nichecker/Experiment/remarks2.1_basic/svp_simple_027/_mt_svp_simple_027_001_result/_cs_svp_simple_027_001_gloable_var_rww_mt_svp_simple_027_001.c line 278 function svp_simple_027_001_isr_1_0 thread 0
----------------------------------------------------
  rww_r_tmp2_num=1 (00000000000000000000000000000001)

State 102 file /home/dell/zyworkspace/nichecker/Experiment/remarks2.1_basic/svp_simple_027/_mt_svp_simple_027_001_result/_cs_svp_simple_027_001_gloable_var_rww_mt_svp_simple_027_001.c line 279 function svp_simple_027_001_isr_1_0 thread 0
----------------------------------------------------
  rww_r_tmp2=15 (00000000000000000000000000001111)

State 106 file /home/dell/zyworkspace/nichecker/Experiment/remarks2.1_basic/svp_simple_027/_mt_svp_simple_027_001_result/_cs_svp_simple_027_001_gloable_var_rww_mt_svp_simple_027_001.c line 301 function svp_simple_027_001_isr_1_0 thread 0
----------------------------------------------------
  __cs_value_ptr=NULL (0000000000000000000000000000000000000000000000000000000000000000)

State 111 file /home/dell/zyworkspace/nichecker/Experiment/remarks2.1_basic/svp_simple_027/_mt_svp_simple_027_001_result/_cs_svp_simple_027_001_gloable_var_rww_mt_svp_simple_027_001.c line 413 function main thread 0
----------------------------------------------------
  __cs_pc[2l]=2 (010)

State 112 file /home/dell/zyworkspace/nichecker/Experiment/remarks2.1_basic/svp_simple_027/_mt_svp_simple_027_001_result/_cs_svp_simple_027_001_gloable_var_rww_mt_svp_simple_027_001.c line 419 function main thread 0
----------------------------------------------------
  __cs_tmp_t3_r0=0 (00)

State 114 file /home/dell/zyworkspace/nichecker/Experiment/remarks2.1_basic/svp_simple_027/_mt_svp_simple_027_001_result/_cs_svp_simple_027_001_gloable_var_rww_mt_svp_simple_027_001.c line 424 function main thread 0
----------------------------------------------------
  __cs_thread_index=3 (011)

State 115 file /home/dell/zyworkspace/nichecker/Experiment/remarks2.1_basic/svp_simple_027/_mt_svp_simple_027_001_result/_cs_svp_simple_027_001_gloable_var_rww_mt_svp_simple_027_001.c line 426 function main thread 0
----------------------------------------------------
  __cs_pc_cs[3l]=0 (000)

State 120 file /home/dell/zyworkspace/nichecker/Experiment/remarks2.1_basic/svp_simple_027/_mt_svp_simple_027_001_result/_cs_svp_simple_027_001_gloable_var_rww_mt_svp_simple_027_001.c line 432 function main thread 0
----------------------------------------------------
  __cs_param_svp_simple_027_001_isr_2_arg=NULL (0000000000000000000000000000000000000000000000000000000000000000)

State 126 file /home/dell/zyworkspace/nichecker/Experiment/remarks2.1_basic/svp_simple_027/_mt_svp_simple_027_001_result/_cs_svp_simple_027_001_gloable_var_rww_mt_svp_simple_027_001.c line 341 function svp_simple_027_001_isr_2_0 thread 0
----------------------------------------------------
  __cs_value_ptr=NULL (0000000000000000000000000000000000000000000000000000000000000000)

State 131 file /home/dell/zyworkspace/nichecker/Experiment/remarks2.1_basic/svp_simple_027/_mt_svp_simple_027_001_result/_cs_svp_simple_027_001_gloable_var_rww_mt_svp_simple_027_001.c line 434 function main thread 0
----------------------------------------------------
  __cs_pc[3l]=0 (000)

State 132 file /home/dell/zyworkspace/nichecker/Experiment/remarks2.1_basic/svp_simple_027/_mt_svp_simple_027_001_result/_cs_svp_simple_027_001_gloable_var_rww_mt_svp_simple_027_001.c line 440 function main thread 0
----------------------------------------------------
  __cs_tmp_t4_r0=1 (1)

State 134 file /home/dell/zyworkspace/nichecker/Experiment/remarks2.1_basic/svp_simple_027/_mt_svp_simple_027_001_result/_cs_svp_simple_027_001_gloable_var_rww_mt_svp_simple_027_001.c line 445 function main thread 0
----------------------------------------------------
  __cs_thread_index=4 (100)

State 135 file /home/dell/zyworkspace/nichecker/Experiment/remarks2.1_basic/svp_simple_027/_mt_svp_simple_027_001_result/_cs_svp_simple_027_001_gloable_var_rww_mt_svp_simple_027_001.c line 447 function main thread 0
----------------------------------------------------
  __cs_pc_cs[4l]=1 (001)

State 140 file /home/dell/zyworkspace/nichecker/Experiment/remarks2.1_basic/svp_simple_027/_mt_svp_simple_027_001_result/_cs_svp_simple_027_001_gloable_var_rww_mt_svp_simple_027_001.c line 453 function main thread 0
----------------------------------------------------
  __cs_param_svp_simple_027_001_isr_3_arg=NULL (0000000000000000000000000000000000000000000000000000000000000000)

State 142 file /home/dell/zyworkspace/nichecker/Experiment/remarks2.1_basic/svp_simple_027/_mt_svp_simple_027_001_result/_cs_svp_simple_027_001_gloable_var_rww_mt_svp_simple_027_001.c line 352 function svp_simple_027_001_isr_3_0 thread 0
----------------------------------------------------
  __cs_temporary_0=0 (00000000000000000000000000000000)

State 143 file /home/dell/zyworkspace/nichecker/Experiment/remarks2.1_basic/svp_simple_027/_mt_svp_simple_027_001_result/_cs_svp_simple_027_001_gloable_var_rww_mt_svp_simple_027_001.c line 354 function svp_simple_027_001_isr_3_0 thread 0
----------------------------------------------------
  __cs_temporary_0=18 (00000000000000000000000000010010)

State 144 file /home/dell/zyworkspace/nichecker/Experiment/remarks2.1_basic/svp_simple_027/_mt_svp_simple_027_001_result/_cs_svp_simple_027_001_gloable_var_rww_mt_svp_simple_027_001.c line 355 function svp_simple_027_001_isr_3_0 thread 0
----------------------------------------------------
  svp_simple_027_001_gloable_var=18 (00000000000000000000000000010010)

State 148 file /home/dell/zyworkspace/nichecker/Experiment/remarks2.1_basic/svp_simple_027/_mt_svp_simple_027_001_result/_cs_svp_simple_027_001_gloable_var_rww_mt_svp_simple_027_001.c line 366 function svp_simple_027_001_isr_3_0 thread 0
----------------------------------------------------
  __cs_value_ptr=NULL (0000000000000000000000000000000000000000000000000000000000000000)

State 153 file /home/dell/zyworkspace/nichecker/Experiment/remarks2.1_basic/svp_simple_027/_mt_svp_simple_027_001_result/_cs_svp_simple_027_001_gloable_var_rww_mt_svp_simple_027_001.c line 455 function main thread 0
----------------------------------------------------
  __cs_pc[4l]=1 (001)

State 154 file /home/dell/zyworkspace/nichecker/Experiment/remarks2.1_basic/svp_simple_027/_mt_svp_simple_027_001_result/_cs_svp_simple_027_001_gloable_var_rww_mt_svp_simple_027_001.c line 465 function main thread 0
----------------------------------------------------
  __cs_tmp_t1_r1=1 (01)

State 160 file /home/dell/zyworkspace/nichecker/Experiment/remarks2.1_basic/svp_simple_027/_mt_svp_simple_027_001_result/_cs_svp_simple_027_001_gloable_var_rww_mt_svp_simple_027_001.c line 486 function main thread 0
----------------------------------------------------
  __cs_tmp_t2_r1=2 (10)

State 167 file /home/dell/zyworkspace/nichecker/Experiment/remarks2.1_basic/svp_simple_027/_mt_svp_simple_027_001_result/_cs_svp_simple_027_001_gloable_var_rww_mt_svp_simple_027_001.c line 491 function main thread 0
----------------------------------------------------
  __cs_thread_index=2 (010)

State 168 file /home/dell/zyworkspace/nichecker/Experiment/remarks2.1_basic/svp_simple_027/_mt_svp_simple_027_001_result/_cs_svp_simple_027_001_gloable_var_rww_mt_svp_simple_027_001.c line 493 function main thread 0
----------------------------------------------------
  __cs_pc_cs[2l]=2 (010)

State 173 file /home/dell/zyworkspace/nichecker/Experiment/remarks2.1_basic/svp_simple_027/_mt_svp_simple_027_001_result/_cs_svp_simple_027_001_gloable_var_rww_mt_svp_simple_027_001.c line 499 function main thread 0
----------------------------------------------------
  __cs_param_svp_simple_027_001_isr_1_arg=NULL (0000000000000000000000000000000000000000000000000000000000000000)

State 179 file /home/dell/zyworkspace/nichecker/Experiment/remarks2.1_basic/svp_simple_027/_mt_svp_simple_027_001_result/_cs_svp_simple_027_001_gloable_var_rww_mt_svp_simple_027_001.c line 301 function svp_simple_027_001_isr_1_0 thread 0
----------------------------------------------------
  __cs_value_ptr=NULL (0000000000000000000000000000000000000000000000000000000000000000)

State 184 file /home/dell/zyworkspace/nichecker/Experiment/remarks2.1_basic/svp_simple_027/_mt_svp_simple_027_001_result/_cs_svp_simple_027_001_gloable_var_rww_mt_svp_simple_027_001.c line 501 function main thread 0
----------------------------------------------------
  __cs_pc[2l]=2 (010)

State 185 file /home/dell/zyworkspace/nichecker/Experiment/remarks2.1_basic/svp_simple_027/_mt_svp_simple_027_001_result/_cs_svp_simple_027_001_gloable_var_rww_mt_svp_simple_027_001.c line 507 function main thread 0
----------------------------------------------------
  __cs_tmp_t3_r1=0 (00)

State 187 file /home/dell/zyworkspace/nichecker/Experiment/remarks2.1_basic/svp_simple_027/_mt_svp_simple_027_001_result/_cs_svp_simple_027_001_gloable_var_rww_mt_svp_simple_027_001.c line 512 function main thread 0
----------------------------------------------------
  __cs_thread_index=3 (011)

State 188 file /home/dell/zyworkspace/nichecker/Experiment/remarks2.1_basic/svp_simple_027/_mt_svp_simple_027_001_result/_cs_svp_simple_027_001_gloable_var_rww_mt_svp_simple_027_001.c line 514 function main thread 0
----------------------------------------------------
  __cs_pc_cs[3l]=0 (000)

State 193 file /home/dell/zyworkspace/nichecker/Experiment/remarks2.1_basic/svp_simple_027/_mt_svp_simple_027_001_result/_cs_svp_simple_027_001_gloable_var_rww_mt_svp_simple_027_001.c line 520 function main thread 0
----------------------------------------------------
  __cs_param_svp_simple_027_001_isr_2_arg=NULL (0000000000000000000000000000000000000000000000000000000000000000)

State 199 file /home/dell/zyworkspace/nichecker/Experiment/remarks2.1_basic/svp_simple_027/_mt_svp_simple_027_001_result/_cs_svp_simple_027_001_gloable_var_rww_mt_svp_simple_027_001.c line 341 function svp_simple_027_001_isr_2_0 thread 0
----------------------------------------------------
  __cs_value_ptr=NULL (0000000000000000000000000000000000000000000000000000000000000000)

State 204 file /home/dell/zyworkspace/nichecker/Experiment/remarks2.1_basic/svp_simple_027/_mt_svp_simple_027_001_result/_cs_svp_simple_027_001_gloable_var_rww_mt_svp_simple_027_001.c line 522 function main thread 0
----------------------------------------------------
  __cs_pc[3l]=0 (000)

State 205 file /home/dell/zyworkspace/nichecker/Experiment/remarks2.1_basic/svp_simple_027/_mt_svp_simple_027_001_result/_cs_svp_simple_027_001_gloable_var_rww_mt_svp_simple_027_001.c line 528 function main thread 0
----------------------------------------------------
  __cs_tmp_t4_r1=1 (1)

State 207 file /home/dell/zyworkspace/nichecker/Experiment/remarks2.1_basic/svp_simple_027/_mt_svp_simple_027_001_result/_cs_svp_simple_027_001_gloable_var_rww_mt_svp_simple_027_001.c line 533 function main thread 0
----------------------------------------------------
  __cs_thread_index=4 (100)

State 208 file /home/dell/zyworkspace/nichecker/Experiment/remarks2.1_basic/svp_simple_027/_mt_svp_simple_027_001_result/_cs_svp_simple_027_001_gloable_var_rww_mt_svp_simple_027_001.c line 535 function main thread 0
----------------------------------------------------
  __cs_pc_cs[4l]=1 (001)

State 213 file /home/dell/zyworkspace/nichecker/Experiment/remarks2.1_basic/svp_simple_027/_mt_svp_simple_027_001_result/_cs_svp_simple_027_001_gloable_var_rww_mt_svp_simple_027_001.c line 541 function main thread 0
----------------------------------------------------
  __cs_param_svp_simple_027_001_isr_3_arg=NULL (0000000000000000000000000000000000000000000000000000000000000000)

State 217 file /home/dell/zyworkspace/nichecker/Experiment/remarks2.1_basic/svp_simple_027/_mt_svp_simple_027_001_result/_cs_svp_simple_027_001_gloable_var_rww_mt_svp_simple_027_001.c line 366 function svp_simple_027_001_isr_3_0 thread 0
----------------------------------------------------
  __cs_value_ptr=NULL (0000000000000000000000000000000000000000000000000000000000000000)

State 222 file /home/dell/zyworkspace/nichecker/Experiment/remarks2.1_basic/svp_simple_027/_mt_svp_simple_027_001_result/_cs_svp_simple_027_001_gloable_var_rww_mt_svp_simple_027_001.c line 543 function main thread 0
----------------------------------------------------
  __cs_pc[4l]=1 (001)

State 223 file /home/dell/zyworkspace/nichecker/Experiment/remarks2.1_basic/svp_simple_027/_mt_svp_simple_027_001_result/_cs_svp_simple_027_001_gloable_var_rww_mt_svp_simple_027_001.c line 547 function main thread 0
----------------------------------------------------
  __cs_tmp_t1_r2=3u (00000000000000000000000000000011)

State 225 file /home/dell/zyworkspace/nichecker/Experiment/remarks2.1_basic/svp_simple_027/_mt_svp_simple_027_001_result/_cs_svp_simple_027_001_gloable_var_rww_mt_svp_simple_027_001.c line 552 function main thread 0
----------------------------------------------------
  __cs_thread_index=1 (001)

State 226 file /home/dell/zyworkspace/nichecker/Experiment/remarks2.1_basic/svp_simple_027/_mt_svp_simple_027_001_result/_cs_svp_simple_027_001_gloable_var_rww_mt_svp_simple_027_001.c line 554 function main thread 0
----------------------------------------------------
  __cs_pc_cs[1l]=3 (011)

State 231 file /home/dell/zyworkspace/nichecker/Experiment/remarks2.1_basic/svp_simple_027/_mt_svp_simple_027_001_result/_cs_svp_simple_027_001_gloable_var_rww_mt_svp_simple_027_001.c line 560 function main thread 0
----------------------------------------------------
  __cs_param_main_task_arg=NULL (0000000000000000000000000000000000000000000000000000000000000000)

State 235 file /home/dell/zyworkspace/nichecker/Experiment/remarks2.1_basic/svp_simple_027/_mt_svp_simple_027_001_result/_cs_svp_simple_027_001_gloable_var_rww_mt_svp_simple_027_001.c line 235 function main_task_0 thread 0
----------------------------------------------------
  rww_w1=18 (00000000000000000000000000010010)

Violated property:
  file /home/dell/zyworkspace/nichecker/Experiment/remarks2.1_basic/svp_simple_027/_mt_svp_simple_027_001_result/_cs_svp_simple_027_001_gloable_var_rww_mt_svp_simple_027_001.c line 237 function main_task_0
  assertion rww_w1 == rww_r_tmp1
  rww_w1 == rww_r_tmp1


Trace for svp_simple_027_001_isr_1_0.assertion.1:

State 47 file /home/dell/zyworkspace/nichecker/Experiment/remarks2.1_basic/svp_simple_027/_mt_svp_simple_027_001_result/_cs_svp_simple_027_001_gloable_var_rww_mt_svp_simple_027_001.c line 378 function main thread 0
----------------------------------------------------
  __cs_tmp_t1_r0=3 (11)

State 49 file /home/dell/zyworkspace/nichecker/Experiment/remarks2.1_basic/svp_simple_027/_mt_svp_simple_027_001_result/_cs_svp_simple_027_001_gloable_var_rww_mt_svp_simple_027_001.c line 382 function main thread 0
----------------------------------------------------
  __cs_thread_index=1 (001)

State 50 file /home/dell/zyworkspace/nichecker/Experiment/remarks2.1_basic/svp_simple_027/_mt_svp_simple_027_001_result/_cs_svp_simple_027_001_gloable_var_rww_mt_svp_simple_027_001.c line 384 function main thread 0
----------------------------------------------------
  __cs_pc_cs[1l]=3 (011)

State 55 file /home/dell/zyworkspace/nichecker/Experiment/remarks2.1_basic/svp_simple_027/_mt_svp_simple_027_001_result/_cs_svp_simple_027_001_gloable_var_rww_mt_svp_simple_027_001.c line 390 function main thread 0
----------------------------------------------------
  __cs_param_main_task_arg=NULL (0000000000000000000000000000000000000000000000000000000000000000)

State 57 file /home/dell/zyworkspace/nichecker/Experiment/remarks2.1_basic/svp_simple_027/_mt_svp_simple_027_001_result/_cs_svp_simple_027_001_gloable_var_rww_mt_svp_simple_027_001.c line 185 function main_task_0 thread 0
----------------------------------------------------
  svp_simple_027_001_gloable_var=15 (00000000000000000000000000001111)

State 61 file /home/dell/zyworkspace/nichecker/Experiment/remarks2.1_basic/svp_simple_027/_mt_svp_simple_027_001_result/_cs_svp_simple_027_001_gloable_var_rww_mt_svp_simple_027_001.c line 191 function main_task_0 thread 0
----------------------------------------------------
  __cs_disable_thread[4l]=0 (0)

State 62 file /home/dell/zyworkspace/nichecker/Experiment/remarks2.1_basic/svp_simple_027/_mt_svp_simple_027_001_result/_cs_svp_simple_027_001_gloable_var_rww_mt_svp_simple_027_001.c line 194 function main_task_0 thread 0
----------------------------------------------------
  __cs_disable_thread[3l]=0 (0)

State 63 file /home/dell/zyworkspace/nichecker/Experiment/remarks2.1_basic/svp_simple_027/_mt_svp_simple_027_001_result/_cs_svp_simple_027_001_gloable_var_rww_mt_svp_simple_027_001.c line 197 function main_task_0 thread 0
----------------------------------------------------
  __cs_disable_thread[2l]=0 (0)

State 64 file /home/dell/zyworkspace/nichecker/Experiment/remarks2.1_basic/svp_simple_027/_mt_svp_simple_027_001_result/_cs_svp_simple_027_001_gloable_var_rww_mt_svp_simple_027_001.c line 200 function main_task_0 thread 0
----------------------------------------------------
  __cs_disable_thread[0l]=0 (0)

State 68 file /home/dell/zyworkspace/nichecker/Experiment/remarks2.1_basic/svp_simple_027/_mt_svp_simple_027_001_result/_cs_svp_simple_027_001_gloable_var_rww_mt_svp_simple_027_001.c line 213 function main_task_0 thread 0
----------------------------------------------------
  __cs_disable_thread[2l]=0 (0)

State 70 file /home/dell/zyworkspace/nichecker/Experiment/remarks2.1_basic/svp_simple_027/_mt_svp_simple_027_001_result/_cs_svp_simple_027_001_gloable_var_rww_mt_svp_simple_027_001.c line 222 function main_task_0 thread 0
----------------------------------------------------
  __cs_local_main_task___cs_tmp_if_cond_0=TRUE (00000001)

State 71 file /home/dell/zyworkspace/nichecker/Experiment/remarks2.1_basic/svp_simple_027/_mt_svp_simple_027_001_result/_cs_svp_simple_027_001_gloable_var_rww_mt_svp_simple_027_001.c line 224 function main_task_0 thread 0
----------------------------------------------------
  rww_r_tmp1_num=1 (00000000000000000000000000000001)

State 72 file /home/dell/zyworkspace/nichecker/Experiment/remarks2.1_basic/svp_simple_027/_mt_svp_simple_027_001_result/_cs_svp_simple_027_001_gloable_var_rww_mt_svp_simple_027_001.c line 225 function main_task_0 thread 0
----------------------------------------------------
  rww_r_tmp1=15 (00000000000000000000000000001111)

State 75 file /home/dell/zyworkspace/nichecker/Experiment/remarks2.1_basic/svp_simple_027/_mt_svp_simple_027_001_result/_cs_svp_simple_027_001_gloable_var_rww_mt_svp_simple_027_001.c line 235 function main_task_0 thread 0
----------------------------------------------------
  rww_w1=15 (00000000000000000000000000001111)

State 78 file /home/dell/zyworkspace/nichecker/Experiment/remarks2.1_basic/svp_simple_027/_mt_svp_simple_027_001_result/_cs_svp_simple_027_001_gloable_var_rww_mt_svp_simple_027_001.c line 238 function main_task_0 thread 0
----------------------------------------------------
  rww_r_tmp1_num=0 (00000000000000000000000000000000)

State 79 file /home/dell/zyworkspace/nichecker/Experiment/remarks2.1_basic/svp_simple_027/_mt_svp_simple_027_001_result/_cs_svp_simple_027_001_gloable_var_rww_mt_svp_simple_027_001.c line 241 function main_task_0 thread 0
----------------------------------------------------
  svp_simple_027_001_gloable_var=0 (00000000000000000000000000000000)

State 84 file /home/dell/zyworkspace/nichecker/Experiment/remarks2.1_basic/svp_simple_027/_mt_svp_simple_027_001_result/_cs_svp_simple_027_001_gloable_var_rww_mt_svp_simple_027_001.c line 261 function main_task_0 thread 0
----------------------------------------------------
  __cs_value_ptr=NULL (0000000000000000000000000000000000000000000000000000000000000000)

State 89 file /home/dell/zyworkspace/nichecker/Experiment/remarks2.1_basic/svp_simple_027/_mt_svp_simple_027_001_result/_cs_svp_simple_027_001_gloable_var_rww_mt_svp_simple_027_001.c line 392 function main thread 0
----------------------------------------------------
  __cs_pc[1l]=3 (011)

State 90 file /home/dell/zyworkspace/nichecker/Experiment/remarks2.1_basic/svp_simple_027/_mt_svp_simple_027_001_result/_cs_svp_simple_027_001_gloable_var_rww_mt_svp_simple_027_001.c line 398 function main thread 0
----------------------------------------------------
  __cs_tmp_t2_r0=2 (10)

State 97 file /home/dell/zyworkspace/nichecker/Experiment/remarks2.1_basic/svp_simple_027/_mt_svp_simple_027_001_result/_cs_svp_simple_027_001_gloable_var_rww_mt_svp_simple_027_001.c line 403 function main thread 0
----------------------------------------------------
  __cs_thread_index=2 (010)

State 98 file /home/dell/zyworkspace/nichecker/Experiment/remarks2.1_basic/svp_simple_027/_mt_svp_simple_027_001_result/_cs_svp_simple_027_001_gloable_var_rww_mt_svp_simple_027_001.c line 405 function main thread 0
----------------------------------------------------
  __cs_pc_cs[2l]=2 (010)

State 103 file /home/dell/zyworkspace/nichecker/Experiment/remarks2.1_basic/svp_simple_027/_mt_svp_simple_027_001_result/_cs_svp_simple_027_001_gloable_var_rww_mt_svp_simple_027_001.c line 411 function main thread 0
----------------------------------------------------
  __cs_param_svp_simple_027_001_isr_1_arg=NULL (0000000000000000000000000000000000000000000000000000000000000000)

State 105 file /home/dell/zyworkspace/nichecker/Experiment/remarks2.1_basic/svp_simple_027/_mt_svp_simple_027_001_result/_cs_svp_simple_027_001_gloable_var_rww_mt_svp_simple_027_001.c line 272 function svp_simple_027_001_isr_1_0 thread 0
----------------------------------------------------
  __cs_temporary_0=0 (00000000000000000000000000000000)

State 107 file /home/dell/zyworkspace/nichecker/Experiment/remarks2.1_basic/svp_simple_027/_mt_svp_simple_027_001_result/_cs_svp_simple_027_001_gloable_var_rww_mt_svp_simple_027_001.c line 276 function svp_simple_027_001_isr_1_0 thread 0
----------------------------------------------------
  __cs_temporary_0=1 (00000000000000000000000000000001)

State 108 file /home/dell/zyworkspace/nichecker/Experiment/remarks2.1_basic/svp_simple_027/_mt_svp_simple_027_001_result/_cs_svp_simple_027_001_gloable_var_rww_mt_svp_simple_027_001.c line 278 function svp_simple_027_001_isr_1_0 thread 0
----------------------------------------------------
  rww_r_tmp2_num=1 (00000000000000000000000000000001)

State 109 file /home/dell/zyworkspace/nichecker/Experiment/remarks2.1_basic/svp_simple_027/_mt_svp_simple_027_001_result/_cs_svp_simple_027_001_gloable_var_rww_mt_svp_simple_027_001.c line 279 function svp_simple_027_001_isr_1_0 thread 0
----------------------------------------------------
  rww_r_tmp2=0 (00000000000000000000000000000000)

State 113 file /home/dell/zyworkspace/nichecker/Experiment/remarks2.1_basic/svp_simple_027/_mt_svp_simple_027_001_result/_cs_svp_simple_027_001_gloable_var_rww_mt_svp_simple_027_001.c line 301 function svp_simple_027_001_isr_1_0 thread 0
----------------------------------------------------
  __cs_value_ptr=NULL (0000000000000000000000000000000000000000000000000000000000000000)

State 118 file /home/dell/zyworkspace/nichecker/Experiment/remarks2.1_basic/svp_simple_027/_mt_svp_simple_027_001_result/_cs_svp_simple_027_001_gloable_var_rww_mt_svp_simple_027_001.c line 413 function main thread 0
----------------------------------------------------
  __cs_pc[2l]=2 (010)

State 119 file /home/dell/zyworkspace/nichecker/Experiment/remarks2.1_basic/svp_simple_027/_mt_svp_simple_027_001_result/_cs_svp_simple_027_001_gloable_var_rww_mt_svp_simple_027_001.c line 419 function main thread 0
----------------------------------------------------
  __cs_tmp_t3_r0=0 (00)

State 121 file /home/dell/zyworkspace/nichecker/Experiment/remarks2.1_basic/svp_simple_027/_mt_svp_simple_027_001_result/_cs_svp_simple_027_001_gloable_var_rww_mt_svp_simple_027_001.c line 424 function main thread 0
----------------------------------------------------
  __cs_thread_index=3 (011)

State 122 file /home/dell/zyworkspace/nichecker/Experiment/remarks2.1_basic/svp_simple_027/_mt_svp_simple_027_001_result/_cs_svp_simple_027_001_gloable_var_rww_mt_svp_simple_027_001.c line 426 function main thread 0
----------------------------------------------------
  __cs_pc_cs[3l]=0 (000)

State 127 file /home/dell/zyworkspace/nichecker/Experiment/remarks2.1_basic/svp_simple_027/_mt_svp_simple_027_001_result/_cs_svp_simple_027_001_gloable_var_rww_mt_svp_simple_027_001.c line 432 function main thread 0
----------------------------------------------------
  __cs_param_svp_simple_027_001_isr_2_arg=NULL (0000000000000000000000000000000000000000000000000000000000000000)

State 133 file /home/dell/zyworkspace/nichecker/Experiment/remarks2.1_basic/svp_simple_027/_mt_svp_simple_027_001_result/_cs_svp_simple_027_001_gloable_var_rww_mt_svp_simple_027_001.c line 341 function svp_simple_027_001_isr_2_0 thread 0
----------------------------------------------------
  __cs_value_ptr=NULL (0000000000000000000000000000000000000000000000000000000000000000)

State 138 file /home/dell/zyworkspace/nichecker/Experiment/remarks2.1_basic/svp_simple_027/_mt_svp_simple_027_001_result/_cs_svp_simple_027_001_gloable_var_rww_mt_svp_simple_027_001.c line 434 function main thread 0
----------------------------------------------------
  __cs_pc[3l]=0 (000)

State 139 file /home/dell/zyworkspace/nichecker/Experiment/remarks2.1_basic/svp_simple_027/_mt_svp_simple_027_001_result/_cs_svp_simple_027_001_gloable_var_rww_mt_svp_simple_027_001.c line 440 function main thread 0
----------------------------------------------------
  __cs_tmp_t4_r0=1 (1)

State 141 file /home/dell/zyworkspace/nichecker/Experiment/remarks2.1_basic/svp_simple_027/_mt_svp_simple_027_001_result/_cs_svp_simple_027_001_gloable_var_rww_mt_svp_simple_027_001.c line 445 function main thread 0
----------------------------------------------------
  __cs_thread_index=4 (100)

State 142 file /home/dell/zyworkspace/nichecker/Experiment/remarks2.1_basic/svp_simple_027/_mt_svp_simple_027_001_result/_cs_svp_simple_027_001_gloable_var_rww_mt_svp_simple_027_001.c line 447 function main thread 0
----------------------------------------------------
  __cs_pc_cs[4l]=1 (001)

State 147 file /home/dell/zyworkspace/nichecker/Experiment/remarks2.1_basic/svp_simple_027/_mt_svp_simple_027_001_result/_cs_svp_simple_027_001_gloable_var_rww_mt_svp_simple_027_001.c line 453 function main thread 0
----------------------------------------------------
  __cs_param_svp_simple_027_001_isr_3_arg=NULL (0000000000000000000000000000000000000000000000000000000000000000)

State 149 file /home/dell/zyworkspace/nichecker/Experiment/remarks2.1_basic/svp_simple_027/_mt_svp_simple_027_001_result/_cs_svp_simple_027_001_gloable_var_rww_mt_svp_simple_027_001.c line 352 function svp_simple_027_001_isr_3_0 thread 0
----------------------------------------------------
  __cs_temporary_0=0 (00000000000000000000000000000000)

State 150 file /home/dell/zyworkspace/nichecker/Experiment/remarks2.1_basic/svp_simple_027/_mt_svp_simple_027_001_result/_cs_svp_simple_027_001_gloable_var_rww_mt_svp_simple_027_001.c line 354 function svp_simple_027_001_isr_3_0 thread 0
----------------------------------------------------
  __cs_temporary_0=3 (00000000000000000000000000000011)

State 151 file /home/dell/zyworkspace/nichecker/Experiment/remarks2.1_basic/svp_simple_027/_mt_svp_simple_027_001_result/_cs_svp_simple_027_001_gloable_var_rww_mt_svp_simple_027_001.c line 355 function svp_simple_027_001_isr_3_0 thread 0
----------------------------------------------------
  svp_simple_027_001_gloable_var=3 (00000000000000000000000000000011)

State 155 file /home/dell/zyworkspace/nichecker/Experiment/remarks2.1_basic/svp_simple_027/_mt_svp_simple_027_001_result/_cs_svp_simple_027_001_gloable_var_rww_mt_svp_simple_027_001.c line 366 function svp_simple_027_001_isr_3_0 thread 0
----------------------------------------------------
  __cs_value_ptr=NULL (0000000000000000000000000000000000000000000000000000000000000000)

State 160 file /home/dell/zyworkspace/nichecker/Experiment/remarks2.1_basic/svp_simple_027/_mt_svp_simple_027_001_result/_cs_svp_simple_027_001_gloable_var_rww_mt_svp_simple_027_001.c line 455 function main thread 0
----------------------------------------------------
  __cs_pc[4l]=1 (001)

State 161 file /home/dell/zyworkspace/nichecker/Experiment/remarks2.1_basic/svp_simple_027/_mt_svp_simple_027_001_result/_cs_svp_simple_027_001_gloable_var_rww_mt_svp_simple_027_001.c line 465 function main thread 0
----------------------------------------------------
  __cs_tmp_t1_r1=1 (01)

State 167 file /home/dell/zyworkspace/nichecker/Experiment/remarks2.1_basic/svp_simple_027/_mt_svp_simple_027_001_result/_cs_svp_simple_027_001_gloable_var_rww_mt_svp_simple_027_001.c line 486 function main thread 0
----------------------------------------------------
  __cs_tmp_t2_r1=3 (11)

State 174 file /home/dell/zyworkspace/nichecker/Experiment/remarks2.1_basic/svp_simple_027/_mt_svp_simple_027_001_result/_cs_svp_simple_027_001_gloable_var_rww_mt_svp_simple_027_001.c line 491 function main thread 0
----------------------------------------------------
  __cs_thread_index=2 (010)

State 175 file /home/dell/zyworkspace/nichecker/Experiment/remarks2.1_basic/svp_simple_027/_mt_svp_simple_027_001_result/_cs_svp_simple_027_001_gloable_var_rww_mt_svp_simple_027_001.c line 493 function main thread 0
----------------------------------------------------
  __cs_pc_cs[2l]=3 (011)

State 180 file /home/dell/zyworkspace/nichecker/Experiment/remarks2.1_basic/svp_simple_027/_mt_svp_simple_027_001_result/_cs_svp_simple_027_001_gloable_var_rww_mt_svp_simple_027_001.c line 499 function main thread 0
----------------------------------------------------
  __cs_param_svp_simple_027_001_isr_1_arg=NULL (0000000000000000000000000000000000000000000000000000000000000000)

State 184 file /home/dell/zyworkspace/nichecker/Experiment/remarks2.1_basic/svp_simple_027/_mt_svp_simple_027_001_result/_cs_svp_simple_027_001_gloable_var_rww_mt_svp_simple_027_001.c line 284 function svp_simple_027_001_isr_1_0 thread 0
----------------------------------------------------
  rww_w2=3 (00000000000000000000000000000011)

Violated property:
  file /home/dell/zyworkspace/nichecker/Experiment/remarks2.1_basic/svp_simple_027/_mt_svp_simple_027_001_result/_cs_svp_simple_027_001_gloable_var_rww_mt_svp_simple_027_001.c line 286 function svp_simple_027_001_isr_1_0
  assertion rww_w2 == rww_r_tmp2
  rww_w2 == rww_r_tmp2


Trace for svp_simple_027_001_isr_2_0.assertion.1:

State 47 file /home/dell/zyworkspace/nichecker/Experiment/remarks2.1_basic/svp_simple_027/_mt_svp_simple_027_001_result/_cs_svp_simple_027_001_gloable_var_rww_mt_svp_simple_027_001.c line 378 function main thread 0
----------------------------------------------------
  __cs_tmp_t1_r0=3 (11)

State 49 file /home/dell/zyworkspace/nichecker/Experiment/remarks2.1_basic/svp_simple_027/_mt_svp_simple_027_001_result/_cs_svp_simple_027_001_gloable_var_rww_mt_svp_simple_027_001.c line 382 function main thread 0
----------------------------------------------------
  __cs_thread_index=1 (001)

State 50 file /home/dell/zyworkspace/nichecker/Experiment/remarks2.1_basic/svp_simple_027/_mt_svp_simple_027_001_result/_cs_svp_simple_027_001_gloable_var_rww_mt_svp_simple_027_001.c line 384 function main thread 0
----------------------------------------------------
  __cs_pc_cs[1l]=3 (011)

State 55 file /home/dell/zyworkspace/nichecker/Experiment/remarks2.1_basic/svp_simple_027/_mt_svp_simple_027_001_result/_cs_svp_simple_027_001_gloable_var_rww_mt_svp_simple_027_001.c line 390 function main thread 0
----------------------------------------------------
  __cs_param_main_task_arg=NULL (0000000000000000000000000000000000000000000000000000000000000000)

State 57 file /home/dell/zyworkspace/nichecker/Experiment/remarks2.1_basic/svp_simple_027/_mt_svp_simple_027_001_result/_cs_svp_simple_027_001_gloable_var_rww_mt_svp_simple_027_001.c line 185 function main_task_0 thread 0
----------------------------------------------------
  svp_simple_027_001_gloable_var=15 (00000000000000000000000000001111)

State 61 file /home/dell/zyworkspace/nichecker/Experiment/remarks2.1_basic/svp_simple_027/_mt_svp_simple_027_001_result/_cs_svp_simple_027_001_gloable_var_rww_mt_svp_simple_027_001.c line 191 function main_task_0 thread 0
----------------------------------------------------
  __cs_disable_thread[4l]=0 (0)

State 62 file /home/dell/zyworkspace/nichecker/Experiment/remarks2.1_basic/svp_simple_027/_mt_svp_simple_027_001_result/_cs_svp_simple_027_001_gloable_var_rww_mt_svp_simple_027_001.c line 194 function main_task_0 thread 0
----------------------------------------------------
  __cs_disable_thread[3l]=0 (0)

State 63 file /home/dell/zyworkspace/nichecker/Experiment/remarks2.1_basic/svp_simple_027/_mt_svp_simple_027_001_result/_cs_svp_simple_027_001_gloable_var_rww_mt_svp_simple_027_001.c line 197 function main_task_0 thread 0
----------------------------------------------------
  __cs_disable_thread[2l]=0 (0)

State 64 file /home/dell/zyworkspace/nichecker/Experiment/remarks2.1_basic/svp_simple_027/_mt_svp_simple_027_001_result/_cs_svp_simple_027_001_gloable_var_rww_mt_svp_simple_027_001.c line 200 function main_task_0 thread 0
----------------------------------------------------
  __cs_disable_thread[0l]=0 (0)

State 68 file /home/dell/zyworkspace/nichecker/Experiment/remarks2.1_basic/svp_simple_027/_mt_svp_simple_027_001_result/_cs_svp_simple_027_001_gloable_var_rww_mt_svp_simple_027_001.c line 213 function main_task_0 thread 0
----------------------------------------------------
  __cs_disable_thread[2l]=0 (0)

State 70 file /home/dell/zyworkspace/nichecker/Experiment/remarks2.1_basic/svp_simple_027/_mt_svp_simple_027_001_result/_cs_svp_simple_027_001_gloable_var_rww_mt_svp_simple_027_001.c line 222 function main_task_0 thread 0
----------------------------------------------------
  __cs_local_main_task___cs_tmp_if_cond_0=TRUE (00000001)

State 71 file /home/dell/zyworkspace/nichecker/Experiment/remarks2.1_basic/svp_simple_027/_mt_svp_simple_027_001_result/_cs_svp_simple_027_001_gloable_var_rww_mt_svp_simple_027_001.c line 224 function main_task_0 thread 0
----------------------------------------------------
  rww_r_tmp1_num=1 (00000000000000000000000000000001)

State 72 file /home/dell/zyworkspace/nichecker/Experiment/remarks2.1_basic/svp_simple_027/_mt_svp_simple_027_001_result/_cs_svp_simple_027_001_gloable_var_rww_mt_svp_simple_027_001.c line 225 function main_task_0 thread 0
----------------------------------------------------
  rww_r_tmp1=15 (00000000000000000000000000001111)

State 75 file /home/dell/zyworkspace/nichecker/Experiment/remarks2.1_basic/svp_simple_027/_mt_svp_simple_027_001_result/_cs_svp_simple_027_001_gloable_var_rww_mt_svp_simple_027_001.c line 235 function main_task_0 thread 0
----------------------------------------------------
  rww_w1=15 (00000000000000000000000000001111)

State 78 file /home/dell/zyworkspace/nichecker/Experiment/remarks2.1_basic/svp_simple_027/_mt_svp_simple_027_001_result/_cs_svp_simple_027_001_gloable_var_rww_mt_svp_simple_027_001.c line 238 function main_task_0 thread 0
----------------------------------------------------
  rww_r_tmp1_num=0 (00000000000000000000000000000000)

State 79 file /home/dell/zyworkspace/nichecker/Experiment/remarks2.1_basic/svp_simple_027/_mt_svp_simple_027_001_result/_cs_svp_simple_027_001_gloable_var_rww_mt_svp_simple_027_001.c line 241 function main_task_0 thread 0
----------------------------------------------------
  svp_simple_027_001_gloable_var=0 (00000000000000000000000000000000)

State 84 file /home/dell/zyworkspace/nichecker/Experiment/remarks2.1_basic/svp_simple_027/_mt_svp_simple_027_001_result/_cs_svp_simple_027_001_gloable_var_rww_mt_svp_simple_027_001.c line 261 function main_task_0 thread 0
----------------------------------------------------
  __cs_value_ptr=NULL (0000000000000000000000000000000000000000000000000000000000000000)

State 89 file /home/dell/zyworkspace/nichecker/Experiment/remarks2.1_basic/svp_simple_027/_mt_svp_simple_027_001_result/_cs_svp_simple_027_001_gloable_var_rww_mt_svp_simple_027_001.c line 392 function main thread 0
----------------------------------------------------
  __cs_pc[1l]=3 (011)

State 90 file /home/dell/zyworkspace/nichecker/Experiment/remarks2.1_basic/svp_simple_027/_mt_svp_simple_027_001_result/_cs_svp_simple_027_001_gloable_var_rww_mt_svp_simple_027_001.c line 398 function main thread 0
----------------------------------------------------
  __cs_tmp_t2_r0=2 (10)

State 97 file /home/dell/zyworkspace/nichecker/Experiment/remarks2.1_basic/svp_simple_027/_mt_svp_simple_027_001_result/_cs_svp_simple_027_001_gloable_var_rww_mt_svp_simple_027_001.c line 403 function main thread 0
----------------------------------------------------
  __cs_thread_index=2 (010)

State 98 file /home/dell/zyworkspace/nichecker/Experiment/remarks2.1_basic/svp_simple_027/_mt_svp_simple_027_001_result/_cs_svp_simple_027_001_gloable_var_rww_mt_svp_simple_027_001.c line 405 function main thread 0
----------------------------------------------------
  __cs_pc_cs[2l]=2 (010)

State 103 file /home/dell/zyworkspace/nichecker/Experiment/remarks2.1_basic/svp_simple_027/_mt_svp_simple_027_001_result/_cs_svp_simple_027_001_gloable_var_rww_mt_svp_simple_027_001.c line 411 function main thread 0
----------------------------------------------------
  __cs_param_svp_simple_027_001_isr_1_arg=NULL (0000000000000000000000000000000000000000000000000000000000000000)

State 105 file /home/dell/zyworkspace/nichecker/Experiment/remarks2.1_basic/svp_simple_027/_mt_svp_simple_027_001_result/_cs_svp_simple_027_001_gloable_var_rww_mt_svp_simple_027_001.c line 272 function svp_simple_027_001_isr_1_0 thread 0
----------------------------------------------------
  __cs_temporary_0=0 (00000000000000000000000000000000)

State 107 file /home/dell/zyworkspace/nichecker/Experiment/remarks2.1_basic/svp_simple_027/_mt_svp_simple_027_001_result/_cs_svp_simple_027_001_gloable_var_rww_mt_svp_simple_027_001.c line 276 function svp_simple_027_001_isr_1_0 thread 0
----------------------------------------------------
  __cs_temporary_0=1 (00000000000000000000000000000001)

State 108 file /home/dell/zyworkspace/nichecker/Experiment/remarks2.1_basic/svp_simple_027/_mt_svp_simple_027_001_result/_cs_svp_simple_027_001_gloable_var_rww_mt_svp_simple_027_001.c line 278 function svp_simple_027_001_isr_1_0 thread 0
----------------------------------------------------
  rww_r_tmp2_num=1 (00000000000000000000000000000001)

State 109 file /home/dell/zyworkspace/nichecker/Experiment/remarks2.1_basic/svp_simple_027/_mt_svp_simple_027_001_result/_cs_svp_simple_027_001_gloable_var_rww_mt_svp_simple_027_001.c line 279 function svp_simple_027_001_isr_1_0 thread 0
----------------------------------------------------
  rww_r_tmp2=0 (00000000000000000000000000000000)

State 113 file /home/dell/zyworkspace/nichecker/Experiment/remarks2.1_basic/svp_simple_027/_mt_svp_simple_027_001_result/_cs_svp_simple_027_001_gloable_var_rww_mt_svp_simple_027_001.c line 301 function svp_simple_027_001_isr_1_0 thread 0
----------------------------------------------------
  __cs_value_ptr=NULL (0000000000000000000000000000000000000000000000000000000000000000)

State 118 file /home/dell/zyworkspace/nichecker/Experiment/remarks2.1_basic/svp_simple_027/_mt_svp_simple_027_001_result/_cs_svp_simple_027_001_gloable_var_rww_mt_svp_simple_027_001.c line 413 function main thread 0
----------------------------------------------------
  __cs_pc[2l]=2 (010)

State 119 file /home/dell/zyworkspace/nichecker/Experiment/remarks2.1_basic/svp_simple_027/_mt_svp_simple_027_001_result/_cs_svp_simple_027_001_gloable_var_rww_mt_svp_simple_027_001.c line 419 function main thread 0
----------------------------------------------------
  __cs_tmp_t3_r0=2 (10)

State 121 file /home/dell/zyworkspace/nichecker/Experiment/remarks2.1_basic/svp_simple_027/_mt_svp_simple_027_001_result/_cs_svp_simple_027_001_gloable_var_rww_mt_svp_simple_027_001.c line 424 function main thread 0
----------------------------------------------------
  __cs_thread_index=3 (011)

State 122 file /home/dell/zyworkspace/nichecker/Experiment/remarks2.1_basic/svp_simple_027/_mt_svp_simple_027_001_result/_cs_svp_simple_027_001_gloable_var_rww_mt_svp_simple_027_001.c line 426 function main thread 0
----------------------------------------------------
  __cs_pc_cs[3l]=2 (010)

State 127 file /home/dell/zyworkspace/nichecker/Experiment/remarks2.1_basic/svp_simple_027/_mt_svp_simple_027_001_result/_cs_svp_simple_027_001_gloable_var_rww_mt_svp_simple_027_001.c line 432 function main thread 0
----------------------------------------------------
  __cs_param_svp_simple_027_001_isr_2_arg=NULL (0000000000000000000000000000000000000000000000000000000000000000)

State 129 file /home/dell/zyworkspace/nichecker/Experiment/remarks2.1_basic/svp_simple_027/_mt_svp_simple_027_001_result/_cs_svp_simple_027_001_gloable_var_rww_mt_svp_simple_027_001.c line 312 function svp_simple_027_001_isr_2_0 thread 0
----------------------------------------------------
  __cs_temporary_0=0 (00000000000000000000000000000000)

State 131 file /home/dell/zyworkspace/nichecker/Experiment/remarks2.1_basic/svp_simple_027/_mt_svp_simple_027_001_result/_cs_svp_simple_027_001_gloable_var_rww_mt_svp_simple_027_001.c line 316 function svp_simple_027_001_isr_2_0 thread 0
----------------------------------------------------
  __cs_temporary_0=2 (00000000000000000000000000000010)

State 132 file /home/dell/zyworkspace/nichecker/Experiment/remarks2.1_basic/svp_simple_027/_mt_svp_simple_027_001_result/_cs_svp_simple_027_001_gloable_var_rww_mt_svp_simple_027_001.c line 318 function svp_simple_027_001_isr_2_0 thread 0
----------------------------------------------------
  rww_r_tmp3_num=1 (00000000000000000000000000000001)

State 133 file /home/dell/zyworkspace/nichecker/Experiment/remarks2.1_basic/svp_simple_027/_mt_svp_simple_027_001_result/_cs_svp_simple_027_001_gloable_var_rww_mt_svp_simple_027_001.c line 319 function svp_simple_027_001_isr_2_0 thread 0
----------------------------------------------------
  rww_r_tmp3=0 (00000000000000000000000000000000)

State 137 file /home/dell/zyworkspace/nichecker/Experiment/remarks2.1_basic/svp_simple_027/_mt_svp_simple_027_001_result/_cs_svp_simple_027_001_gloable_var_rww_mt_svp_simple_027_001.c line 341 function svp_simple_027_001_isr_2_0 thread 0
----------------------------------------------------
  __cs_value_ptr=NULL (0000000000000000000000000000000000000000000000000000000000000000)

State 142 file /home/dell/zyworkspace/nichecker/Experiment/remarks2.1_basic/svp_simple_027/_mt_svp_simple_027_001_result/_cs_svp_simple_027_001_gloable_var_rww_mt_svp_simple_027_001.c line 434 function main thread 0
----------------------------------------------------
  __cs_pc[3l]=2 (010)

State 143 file /home/dell/zyworkspace/nichecker/Experiment/remarks2.1_basic/svp_simple_027/_mt_svp_simple_027_001_result/_cs_svp_simple_027_001_gloable_var_rww_mt_svp_simple_027_001.c line 440 function main thread 0
----------------------------------------------------
  __cs_tmp_t4_r0=1 (1)

State 145 file /home/dell/zyworkspace/nichecker/Experiment/remarks2.1_basic/svp_simple_027/_mt_svp_simple_027_001_result/_cs_svp_simple_027_001_gloable_var_rww_mt_svp_simple_027_001.c line 445 function main thread 0
----------------------------------------------------
  __cs_thread_index=4 (100)

State 146 file /home/dell/zyworkspace/nichecker/Experiment/remarks2.1_basic/svp_simple_027/_mt_svp_simple_027_001_result/_cs_svp_simple_027_001_gloable_var_rww_mt_svp_simple_027_001.c line 447 function main thread 0
----------------------------------------------------
  __cs_pc_cs[4l]=1 (001)

State 151 file /home/dell/zyworkspace/nichecker/Experiment/remarks2.1_basic/svp_simple_027/_mt_svp_simple_027_001_result/_cs_svp_simple_027_001_gloable_var_rww_mt_svp_simple_027_001.c line 453 function main thread 0
----------------------------------------------------
  __cs_param_svp_simple_027_001_isr_3_arg=NULL (0000000000000000000000000000000000000000000000000000000000000000)

State 153 file /home/dell/zyworkspace/nichecker/Experiment/remarks2.1_basic/svp_simple_027/_mt_svp_simple_027_001_result/_cs_svp_simple_027_001_gloable_var_rww_mt_svp_simple_027_001.c line 352 function svp_simple_027_001_isr_3_0 thread 0
----------------------------------------------------
  __cs_temporary_0=0 (00000000000000000000000000000000)

State 154 file /home/dell/zyworkspace/nichecker/Experiment/remarks2.1_basic/svp_simple_027/_mt_svp_simple_027_001_result/_cs_svp_simple_027_001_gloable_var_rww_mt_svp_simple_027_001.c line 354 function svp_simple_027_001_isr_3_0 thread 0
----------------------------------------------------
  __cs_temporary_0=3 (00000000000000000000000000000011)

State 155 file /home/dell/zyworkspace/nichecker/Experiment/remarks2.1_basic/svp_simple_027/_mt_svp_simple_027_001_result/_cs_svp_simple_027_001_gloable_var_rww_mt_svp_simple_027_001.c line 355 function svp_simple_027_001_isr_3_0 thread 0
----------------------------------------------------
  svp_simple_027_001_gloable_var=3 (00000000000000000000000000000011)

State 159 file /home/dell/zyworkspace/nichecker/Experiment/remarks2.1_basic/svp_simple_027/_mt_svp_simple_027_001_result/_cs_svp_simple_027_001_gloable_var_rww_mt_svp_simple_027_001.c line 366 function svp_simple_027_001_isr_3_0 thread 0
----------------------------------------------------
  __cs_value_ptr=NULL (0000000000000000000000000000000000000000000000000000000000000000)

State 164 file /home/dell/zyworkspace/nichecker/Experiment/remarks2.1_basic/svp_simple_027/_mt_svp_simple_027_001_result/_cs_svp_simple_027_001_gloable_var_rww_mt_svp_simple_027_001.c line 455 function main thread 0
----------------------------------------------------
  __cs_pc[4l]=1 (001)

State 165 file /home/dell/zyworkspace/nichecker/Experiment/remarks2.1_basic/svp_simple_027/_mt_svp_simple_027_001_result/_cs_svp_simple_027_001_gloable_var_rww_mt_svp_simple_027_001.c line 465 function main thread 0
----------------------------------------------------
  __cs_tmp_t1_r1=1 (01)

State 171 file /home/dell/zyworkspace/nichecker/Experiment/remarks2.1_basic/svp_simple_027/_mt_svp_simple_027_001_result/_cs_svp_simple_027_001_gloable_var_rww_mt_svp_simple_027_001.c line 486 function main thread 0
----------------------------------------------------
  __cs_tmp_t2_r1=3 (11)

State 177 file /home/dell/zyworkspace/nichecker/Experiment/remarks2.1_basic/svp_simple_027/_mt_svp_simple_027_001_result/_cs_svp_simple_027_001_gloable_var_rww_mt_svp_simple_027_001.c line 507 function main thread 0
----------------------------------------------------
  __cs_tmp_t3_r1=3 (11)

State 179 file /home/dell/zyworkspace/nichecker/Experiment/remarks2.1_basic/svp_simple_027/_mt_svp_simple_027_001_result/_cs_svp_simple_027_001_gloable_var_rww_mt_svp_simple_027_001.c line 512 function main thread 0
----------------------------------------------------
  __cs_thread_index=3 (011)

State 180 file /home/dell/zyworkspace/nichecker/Experiment/remarks2.1_basic/svp_simple_027/_mt_svp_simple_027_001_result/_cs_svp_simple_027_001_gloable_var_rww_mt_svp_simple_027_001.c line 514 function main thread 0
----------------------------------------------------
  __cs_pc_cs[3l]=3 (011)

State 185 file /home/dell/zyworkspace/nichecker/Experiment/remarks2.1_basic/svp_simple_027/_mt_svp_simple_027_001_result/_cs_svp_simple_027_001_gloable_var_rww_mt_svp_simple_027_001.c line 520 function main thread 0
----------------------------------------------------
  __cs_param_svp_simple_027_001_isr_2_arg=NULL (0000000000000000000000000000000000000000000000000000000000000000)

State 189 file /home/dell/zyworkspace/nichecker/Experiment/remarks2.1_basic/svp_simple_027/_mt_svp_simple_027_001_result/_cs_svp_simple_027_001_gloable_var_rww_mt_svp_simple_027_001.c line 324 function svp_simple_027_001_isr_2_0 thread 0
----------------------------------------------------
  rww_w3=3 (00000000000000000000000000000011)

Violated property:
  file /home/dell/zyworkspace/nichecker/Experiment/remarks2.1_basic/svp_simple_027/_mt_svp_simple_027_001_result/_cs_svp_simple_027_001_gloable_var_rww_mt_svp_simple_027_001.c line 326 function svp_simple_027_001_isr_2_0
  assertion rww_w3 == rww_r_tmp3
  rww_w3 == rww_r_tmp3


** 3 of 3 failed (3 iterations)
VERIFICATION FAILED
