CBMC version 5.6 64-bit x86_64 linux
Parsing /home/dell/zyworkspace/nichecker/Experiment/remarks2.1_basic/svp_simple_027/_mt_svp_simple_027_001_result/_cs_svp_simple_027_001_gloable_var_wwr_mt_svp_simple_027_001.c
<command-line>: warning: "__STDC_VERSION__" redefined
<built-in>: note: this is the location of the previous definition
Converting
Type-checking _cs_svp_simple_027_001_gloable_var_wwr_mt_svp_simple_027_001
file /home/dell/zyworkspace/nichecker/Experiment/remarks2.1_basic/svp_simple_027/_mt_svp_simple_027_001_result/_cs_svp_simple_027_001_gloable_var_wwr_mt_svp_simple_027_001.c line 228 function main_task_0: function `assert' is not declared
Generating GOTO Program
Adding CPROVER library (x86_64)
Removal of function pointers and virtual functions
Partial Inlining
Generic Property Instrumentation
Starting Bounded Model Checking
**** WARNING: no body for function enable_isr
size of program expression: 657 steps
simple slicing removed 40 assignments
Generated 5 VCC(s), 5 remaining after simplification
Passing problem to propositional reduction
converting SSA
Running propositional reduction
Post-processing
Solving with MiniSAT 2.2.1 with simplifier
1691 variables, 3618 clauses
SAT checker: instance is SATISFIABLE
Solving with MiniSAT 2.2.1 with simplifier
1691 variables, 1036 clauses
SAT checker inconsistent: instance is UNSATISFIABLE
Runtime decision procedure: 0.011s

** Results:
[main_task_0.assertion.1] assertion wwr_r1 == wwr_w_tmp1: FAILURE
[svp_simple_027_001_isr_1_0.assertion.1] assertion wwr_r1 == wwr_w_tmp2: SUCCESS
[svp_simple_027_001_isr_2_0.assertion.1] assertion wwr_r1 == wwr_w_tmp3: SUCCESS

Trace for main_task_0.assertion.1:

State 45 file /home/dell/zyworkspace/nichecker/Experiment/remarks2.1_basic/svp_simple_027/_mt_svp_simple_027_001_result/_cs_svp_simple_027_001_gloable_var_wwr_mt_svp_simple_027_001.c line 378 function main thread 0
----------------------------------------------------
  __cs_tmp_t1_r0=1 (01)

State 47 file /home/dell/zyworkspace/nichecker/Experiment/remarks2.1_basic/svp_simple_027/_mt_svp_simple_027_001_result/_cs_svp_simple_027_001_gloable_var_wwr_mt_svp_simple_027_001.c line 382 function main thread 0
----------------------------------------------------
  __cs_thread_index=1 (001)

State 48 file /home/dell/zyworkspace/nichecker/Experiment/remarks2.1_basic/svp_simple_027/_mt_svp_simple_027_001_result/_cs_svp_simple_027_001_gloable_var_wwr_mt_svp_simple_027_001.c line 384 function main thread 0
----------------------------------------------------
  __cs_pc_cs[1l]=1 (001)

State 53 file /home/dell/zyworkspace/nichecker/Experiment/remarks2.1_basic/svp_simple_027/_mt_svp_simple_027_001_result/_cs_svp_simple_027_001_gloable_var_wwr_mt_svp_simple_027_001.c line 390 function main thread 0
----------------------------------------------------
  __cs_param_main_task_arg=NULL (0000000000000000000000000000000000000000000000000000000000000000)

State 55 file /home/dell/zyworkspace/nichecker/Experiment/remarks2.1_basic/svp_simple_027/_mt_svp_simple_027_001_result/_cs_svp_simple_027_001_gloable_var_wwr_mt_svp_simple_027_001.c line 183 function main_task_0 thread 0
----------------------------------------------------
  svp_simple_027_001_gloable_var=15 (00000000000000000000000000001111)

State 56 file /home/dell/zyworkspace/nichecker/Experiment/remarks2.1_basic/svp_simple_027/_mt_svp_simple_027_001_result/_cs_svp_simple_027_001_gloable_var_wwr_mt_svp_simple_027_001.c line 185 function main_task_0 thread 0
----------------------------------------------------
  wwr_w_tmp1_num=1 (00000000000000000000000000000001)

State 57 file /home/dell/zyworkspace/nichecker/Experiment/remarks2.1_basic/svp_simple_027/_mt_svp_simple_027_001_result/_cs_svp_simple_027_001_gloable_var_wwr_mt_svp_simple_027_001.c line 186 function main_task_0 thread 0
----------------------------------------------------
  wwr_w_tmp1=15 (00000000000000000000000000001111)

State 61 file /home/dell/zyworkspace/nichecker/Experiment/remarks2.1_basic/svp_simple_027/_mt_svp_simple_027_001_result/_cs_svp_simple_027_001_gloable_var_wwr_mt_svp_simple_027_001.c line 193 function main_task_0 thread 0
----------------------------------------------------
  __cs_disable_thread[4l]=0 (0)

State 62 file /home/dell/zyworkspace/nichecker/Experiment/remarks2.1_basic/svp_simple_027/_mt_svp_simple_027_001_result/_cs_svp_simple_027_001_gloable_var_wwr_mt_svp_simple_027_001.c line 196 function main_task_0 thread 0
----------------------------------------------------
  __cs_disable_thread[3l]=0 (0)

State 63 file /home/dell/zyworkspace/nichecker/Experiment/remarks2.1_basic/svp_simple_027/_mt_svp_simple_027_001_result/_cs_svp_simple_027_001_gloable_var_wwr_mt_svp_simple_027_001.c line 199 function main_task_0 thread 0
----------------------------------------------------
  __cs_disable_thread[2l]=0 (0)

State 64 file /home/dell/zyworkspace/nichecker/Experiment/remarks2.1_basic/svp_simple_027/_mt_svp_simple_027_001_result/_cs_svp_simple_027_001_gloable_var_wwr_mt_svp_simple_027_001.c line 202 function main_task_0 thread 0
----------------------------------------------------
  __cs_disable_thread[0l]=0 (0)

State 68 file /home/dell/zyworkspace/nichecker/Experiment/remarks2.1_basic/svp_simple_027/_mt_svp_simple_027_001_result/_cs_svp_simple_027_001_gloable_var_wwr_mt_svp_simple_027_001.c line 215 function main_task_0 thread 0
----------------------------------------------------
  __cs_disable_thread[2l]=0 (0)

State 73 file /home/dell/zyworkspace/nichecker/Experiment/remarks2.1_basic/svp_simple_027/_mt_svp_simple_027_001_result/_cs_svp_simple_027_001_gloable_var_wwr_mt_svp_simple_027_001.c line 263 function main_task_0 thread 0
----------------------------------------------------
  __cs_value_ptr=NULL (0000000000000000000000000000000000000000000000000000000000000000)

State 78 file /home/dell/zyworkspace/nichecker/Experiment/remarks2.1_basic/svp_simple_027/_mt_svp_simple_027_001_result/_cs_svp_simple_027_001_gloable_var_wwr_mt_svp_simple_027_001.c line 392 function main thread 0
----------------------------------------------------
  __cs_pc[1l]=1 (001)

State 79 file /home/dell/zyworkspace/nichecker/Experiment/remarks2.1_basic/svp_simple_027/_mt_svp_simple_027_001_result/_cs_svp_simple_027_001_gloable_var_wwr_mt_svp_simple_027_001.c line 398 function main thread 0
----------------------------------------------------
  __cs_tmp_t2_r0=3 (11)

State 86 file /home/dell/zyworkspace/nichecker/Experiment/remarks2.1_basic/svp_simple_027/_mt_svp_simple_027_001_result/_cs_svp_simple_027_001_gloable_var_wwr_mt_svp_simple_027_001.c line 403 function main thread 0
----------------------------------------------------
  __cs_thread_index=2 (010)

State 87 file /home/dell/zyworkspace/nichecker/Experiment/remarks2.1_basic/svp_simple_027/_mt_svp_simple_027_001_result/_cs_svp_simple_027_001_gloable_var_wwr_mt_svp_simple_027_001.c line 405 function main thread 0
----------------------------------------------------
  __cs_pc_cs[2l]=3 (011)

State 92 file /home/dell/zyworkspace/nichecker/Experiment/remarks2.1_basic/svp_simple_027/_mt_svp_simple_027_001_result/_cs_svp_simple_027_001_gloable_var_wwr_mt_svp_simple_027_001.c line 411 function main thread 0
----------------------------------------------------
  __cs_param_svp_simple_027_001_isr_1_arg=NULL (0000000000000000000000000000000000000000000000000000000000000000)

State 94 file /home/dell/zyworkspace/nichecker/Experiment/remarks2.1_basic/svp_simple_027/_mt_svp_simple_027_001_result/_cs_svp_simple_027_001_gloable_var_wwr_mt_svp_simple_027_001.c line 274 function svp_simple_027_001_isr_1_0 thread 0
----------------------------------------------------
  __cs_temporary_0=0 (00000000000000000000000000000000)

State 96 file /home/dell/zyworkspace/nichecker/Experiment/remarks2.1_basic/svp_simple_027/_mt_svp_simple_027_001_result/_cs_svp_simple_027_001_gloable_var_wwr_mt_svp_simple_027_001.c line 278 function svp_simple_027_001_isr_1_0 thread 0
----------------------------------------------------
  __cs_temporary_0=16 (00000000000000000000000000010000)

State 99 file /home/dell/zyworkspace/nichecker/Experiment/remarks2.1_basic/svp_simple_027/_mt_svp_simple_027_001_result/_cs_svp_simple_027_001_gloable_var_wwr_mt_svp_simple_027_001.c line 287 function svp_simple_027_001_isr_1_0 thread 0
----------------------------------------------------
  svp_simple_027_001_gloable_var=16 (00000000000000000000000000010000)

State 100 file /home/dell/zyworkspace/nichecker/Experiment/remarks2.1_basic/svp_simple_027/_mt_svp_simple_027_001_result/_cs_svp_simple_027_001_gloable_var_wwr_mt_svp_simple_027_001.c line 289 function svp_simple_027_001_isr_1_0 thread 0
----------------------------------------------------
  wwr_w_tmp2_num=1 (00000000000000000000000000000001)

State 101 file /home/dell/zyworkspace/nichecker/Experiment/remarks2.1_basic/svp_simple_027/_mt_svp_simple_027_001_result/_cs_svp_simple_027_001_gloable_var_wwr_mt_svp_simple_027_001.c line 290 function svp_simple_027_001_isr_1_0 thread 0
----------------------------------------------------
  wwr_w_tmp2=16 (00000000000000000000000000010000)

State 105 file /home/dell/zyworkspace/nichecker/Experiment/remarks2.1_basic/svp_simple_027/_mt_svp_simple_027_001_result/_cs_svp_simple_027_001_gloable_var_wwr_mt_svp_simple_027_001.c line 302 function svp_simple_027_001_isr_1_0 thread 0
----------------------------------------------------
  __cs_value_ptr=NULL (0000000000000000000000000000000000000000000000000000000000000000)

State 110 file /home/dell/zyworkspace/nichecker/Experiment/remarks2.1_basic/svp_simple_027/_mt_svp_simple_027_001_result/_cs_svp_simple_027_001_gloable_var_wwr_mt_svp_simple_027_001.c line 413 function main thread 0
----------------------------------------------------
  __cs_pc[2l]=3 (011)

State 111 file /home/dell/zyworkspace/nichecker/Experiment/remarks2.1_basic/svp_simple_027/_mt_svp_simple_027_001_result/_cs_svp_simple_027_001_gloable_var_wwr_mt_svp_simple_027_001.c line 419 function main thread 0
----------------------------------------------------
  __cs_tmp_t3_r0=0 (00)

State 113 file /home/dell/zyworkspace/nichecker/Experiment/remarks2.1_basic/svp_simple_027/_mt_svp_simple_027_001_result/_cs_svp_simple_027_001_gloable_var_wwr_mt_svp_simple_027_001.c line 424 function main thread 0
----------------------------------------------------
  __cs_thread_index=3 (011)

State 114 file /home/dell/zyworkspace/nichecker/Experiment/remarks2.1_basic/svp_simple_027/_mt_svp_simple_027_001_result/_cs_svp_simple_027_001_gloable_var_wwr_mt_svp_simple_027_001.c line 426 function main thread 0
----------------------------------------------------
  __cs_pc_cs[3l]=0 (000)

State 119 file /home/dell/zyworkspace/nichecker/Experiment/remarks2.1_basic/svp_simple_027/_mt_svp_simple_027_001_result/_cs_svp_simple_027_001_gloable_var_wwr_mt_svp_simple_027_001.c line 432 function main thread 0
----------------------------------------------------
  __cs_param_svp_simple_027_001_isr_2_arg=NULL (0000000000000000000000000000000000000000000000000000000000000000)

State 125 file /home/dell/zyworkspace/nichecker/Experiment/remarks2.1_basic/svp_simple_027/_mt_svp_simple_027_001_result/_cs_svp_simple_027_001_gloable_var_wwr_mt_svp_simple_027_001.c line 341 function svp_simple_027_001_isr_2_0 thread 0
----------------------------------------------------
  __cs_value_ptr=NULL (0000000000000000000000000000000000000000000000000000000000000000)

State 130 file /home/dell/zyworkspace/nichecker/Experiment/remarks2.1_basic/svp_simple_027/_mt_svp_simple_027_001_result/_cs_svp_simple_027_001_gloable_var_wwr_mt_svp_simple_027_001.c line 434 function main thread 0
----------------------------------------------------
  __cs_pc[3l]=0 (000)

State 131 file /home/dell/zyworkspace/nichecker/Experiment/remarks2.1_basic/svp_simple_027/_mt_svp_simple_027_001_result/_cs_svp_simple_027_001_gloable_var_wwr_mt_svp_simple_027_001.c line 440 function main thread 0
----------------------------------------------------
  __cs_tmp_t4_r0=0 (0)

State 133 file /home/dell/zyworkspace/nichecker/Experiment/remarks2.1_basic/svp_simple_027/_mt_svp_simple_027_001_result/_cs_svp_simple_027_001_gloable_var_wwr_mt_svp_simple_027_001.c line 445 function main thread 0
----------------------------------------------------
  __cs_thread_index=4 (100)

State 134 file /home/dell/zyworkspace/nichecker/Experiment/remarks2.1_basic/svp_simple_027/_mt_svp_simple_027_001_result/_cs_svp_simple_027_001_gloable_var_wwr_mt_svp_simple_027_001.c line 447 function main thread 0
----------------------------------------------------
  __cs_pc_cs[4l]=0 (000)

State 139 file /home/dell/zyworkspace/nichecker/Experiment/remarks2.1_basic/svp_simple_027/_mt_svp_simple_027_001_result/_cs_svp_simple_027_001_gloable_var_wwr_mt_svp_simple_027_001.c line 453 function main thread 0
----------------------------------------------------
  __cs_param_svp_simple_027_001_isr_3_arg=NULL (0000000000000000000000000000000000000000000000000000000000000000)

State 143 file /home/dell/zyworkspace/nichecker/Experiment/remarks2.1_basic/svp_simple_027/_mt_svp_simple_027_001_result/_cs_svp_simple_027_001_gloable_var_wwr_mt_svp_simple_027_001.c line 366 function svp_simple_027_001_isr_3_0 thread 0
----------------------------------------------------
  __cs_value_ptr=NULL (0000000000000000000000000000000000000000000000000000000000000000)

State 148 file /home/dell/zyworkspace/nichecker/Experiment/remarks2.1_basic/svp_simple_027/_mt_svp_simple_027_001_result/_cs_svp_simple_027_001_gloable_var_wwr_mt_svp_simple_027_001.c line 455 function main thread 0
----------------------------------------------------
  __cs_pc[4l]=0 (000)

State 149 file /home/dell/zyworkspace/nichecker/Experiment/remarks2.1_basic/svp_simple_027/_mt_svp_simple_027_001_result/_cs_svp_simple_027_001_gloable_var_wwr_mt_svp_simple_027_001.c line 465 function main thread 0
----------------------------------------------------
  __cs_tmp_t1_r1=3 (11)

State 160 file /home/dell/zyworkspace/nichecker/Experiment/remarks2.1_basic/svp_simple_027/_mt_svp_simple_027_001_result/_cs_svp_simple_027_001_gloable_var_wwr_mt_svp_simple_027_001.c line 470 function main thread 0
----------------------------------------------------
  __cs_thread_index=1 (001)

State 161 file /home/dell/zyworkspace/nichecker/Experiment/remarks2.1_basic/svp_simple_027/_mt_svp_simple_027_001_result/_cs_svp_simple_027_001_gloable_var_wwr_mt_svp_simple_027_001.c line 472 function main thread 0
----------------------------------------------------
  __cs_pc_cs[1l]=3 (011)

State 166 file /home/dell/zyworkspace/nichecker/Experiment/remarks2.1_basic/svp_simple_027/_mt_svp_simple_027_001_result/_cs_svp_simple_027_001_gloable_var_wwr_mt_svp_simple_027_001.c line 478 function main thread 0
----------------------------------------------------
  __cs_param_main_task_arg=NULL (0000000000000000000000000000000000000000000000000000000000000000)

State 169 file /home/dell/zyworkspace/nichecker/Experiment/remarks2.1_basic/svp_simple_027/_mt_svp_simple_027_001_result/_cs_svp_simple_027_001_gloable_var_wwr_mt_svp_simple_027_001.c line 224 function main_task_0 thread 0
----------------------------------------------------
  __cs_local_main_task___cs_tmp_if_cond_0=TRUE (00000001)

State 170 file /home/dell/zyworkspace/nichecker/Experiment/remarks2.1_basic/svp_simple_027/_mt_svp_simple_027_001_result/_cs_svp_simple_027_001_gloable_var_wwr_mt_svp_simple_027_001.c line 226 function main_task_0 thread 0
----------------------------------------------------
  wwr_r1=16 (00000000000000000000000000010000)

Violated property:
  file /home/dell/zyworkspace/nichecker/Experiment/remarks2.1_basic/svp_simple_027/_mt_svp_simple_027_001_result/_cs_svp_simple_027_001_gloable_var_wwr_mt_svp_simple_027_001.c line 228 function main_task_0
  assertion wwr_r1 == wwr_w_tmp1
  wwr_r1 == wwr_w_tmp1


** 1 of 3 failed (2 iterations)
VERIFICATION FAILED
