CBMC version 5.6 64-bit x86_64 linux
Parsing /home/dell/zyworkspace/nichecker/Experiment/remarks2.1_LA_Slicing_PPR/svp_simple_028/_mt_svp_simple_028_001_result/_cs_svp_simple_028_001_gloable_var_rww_mt_svp_simple_028_001.c
<command-line>: warning: "__STDC_VERSION__" redefined
<built-in>: note: this is the location of the previous definition
Converting
Type-checking _cs_svp_simple_028_001_gloable_var_rww_mt_svp_simple_028_001
file /home/dell/zyworkspace/nichecker/Experiment/remarks2.1_LA_Slicing_PPR/svp_simple_028/_mt_svp_simple_028_001_result/_cs_svp_simple_028_001_gloable_var_rww_mt_svp_simple_028_001.c line 202 function main_task_0: function `nondet_rand' is not declared
file /home/dell/zyworkspace/nichecker/Experiment/remarks2.1_LA_Slicing_PPR/svp_simple_028/_mt_svp_simple_028_001_result/_cs_svp_simple_028_001_gloable_var_rww_mt_svp_simple_028_001.c line 257 function main_task_0: function `assert' is not declared
Generating GOTO Program
Adding CPROVER library (x86_64)
Removal of function pointers and virtual functions
Partial Inlining
Generic Property Instrumentation
Starting Bounded Model Checking
**** WARNING: no body for function disable_isr
**** WARNING: no body for function enable_isr
size of program expression: 896 steps
simple slicing removed 40 assignments
Generated 7 VCC(s), 7 remaining after simplification
Passing problem to propositional reduction
converting SSA
Running propositional reduction
Post-processing
Solving with MiniSAT 2.2.1 with simplifier
6527 variables, 20134 clauses
SAT checker: instance is SATISFIABLE
Solving with MiniSAT 2.2.1 with simplifier
6527 variables, 7089 clauses
SAT checker: instance is UNSATISFIABLE
Runtime decision procedure: 0.047s

** Results:
[main_task_0.assertion.1] assertion rww_w1 == rww_r_tmp1: FAILURE
[svp_simple_028_001_isr_2_0.assertion.1] assertion rww_w2 == rww_r_tmp3: SUCCESS
[svp_simple_028_001_isr_1_0.assertion.1] assertion rww_w3 == rww_r_tmp2: SUCCESS

Trace for main_task_0.assertion.1:

State 49 file /home/dell/zyworkspace/nichecker/Experiment/remarks2.1_LA_Slicing_PPR/svp_simple_028/_mt_svp_simple_028_001_result/_cs_svp_simple_028_001_gloable_var_rww_mt_svp_simple_028_001.c line 432 function main thread 0
----------------------------------------------------
  __cs_tmp_t1_r0=3 (011)

State 51 file /home/dell/zyworkspace/nichecker/Experiment/remarks2.1_LA_Slicing_PPR/svp_simple_028/_mt_svp_simple_028_001_result/_cs_svp_simple_028_001_gloable_var_rww_mt_svp_simple_028_001.c line 436 function main thread 0
----------------------------------------------------
  __cs_thread_index=1 (001)

State 52 file /home/dell/zyworkspace/nichecker/Experiment/remarks2.1_LA_Slicing_PPR/svp_simple_028/_mt_svp_simple_028_001_result/_cs_svp_simple_028_001_gloable_var_rww_mt_svp_simple_028_001.c line 438 function main thread 0
----------------------------------------------------
  __cs_pc_cs[1l]=3 (011)

State 57 file /home/dell/zyworkspace/nichecker/Experiment/remarks2.1_LA_Slicing_PPR/svp_simple_028/_mt_svp_simple_028_001_result/_cs_svp_simple_028_001_gloable_var_rww_mt_svp_simple_028_001.c line 444 function main thread 0
----------------------------------------------------
  __cs_param_main_task_arg=NULL (0000000000000000000000000000000000000000000000000000000000000000)

State 62 file /home/dell/zyworkspace/nichecker/Experiment/remarks2.1_LA_Slicing_PPR/svp_simple_028/_mt_svp_simple_028_001_result/_cs_svp_simple_028_001_gloable_var_rww_mt_svp_simple_028_001.c line 188 function main_task_0 thread 0
----------------------------------------------------
  __cs_disable_thread[3l]=1 (1)

State 63 file /home/dell/zyworkspace/nichecker/Experiment/remarks2.1_LA_Slicing_PPR/svp_simple_028/_mt_svp_simple_028_001_result/_cs_svp_simple_028_001_gloable_var_rww_mt_svp_simple_028_001.c line 191 function main_task_0 thread 0
----------------------------------------------------
  __cs_disable_thread[4l]=1 (1)

State 64 file /home/dell/zyworkspace/nichecker/Experiment/remarks2.1_LA_Slicing_PPR/svp_simple_028/_mt_svp_simple_028_001_result/_cs_svp_simple_028_001_gloable_var_rww_mt_svp_simple_028_001.c line 194 function main_task_0 thread 0
----------------------------------------------------
  __cs_disable_thread[2l]=1 (1)

State 65 file /home/dell/zyworkspace/nichecker/Experiment/remarks2.1_LA_Slicing_PPR/svp_simple_028/_mt_svp_simple_028_001_result/_cs_svp_simple_028_001_gloable_var_rww_mt_svp_simple_028_001.c line 197 function main_task_0 thread 0
----------------------------------------------------
  __cs_disable_thread[0l]=1 (1)

State 66 file /home/dell/zyworkspace/nichecker/Experiment/remarks2.1_LA_Slicing_PPR/svp_simple_028/_mt_svp_simple_028_001_result/_cs_svp_simple_028_001_gloable_var_rww_mt_svp_simple_028_001.c line 202 function main_task_0 thread 0
----------------------------------------------------
  svp_simple_028_001_gloable_var=2081483731 (01111100000100001110101111010011)

State 68 file /home/dell/zyworkspace/nichecker/Experiment/remarks2.1_LA_Slicing_PPR/svp_simple_028/_mt_svp_simple_028_001_result/_cs_svp_simple_028_001_gloable_var_rww_mt_svp_simple_028_001.c line 207 function main_task_0 thread 0
----------------------------------------------------
  svp_simple_028_001_isr_1_flag=0 (00000000000000000000000000000000)

State 73 file /home/dell/zyworkspace/nichecker/Experiment/remarks2.1_LA_Slicing_PPR/svp_simple_028/_mt_svp_simple_028_001_result/_cs_svp_simple_028_001_gloable_var_rww_mt_svp_simple_028_001.c line 217 function main_task_0 thread 0
----------------------------------------------------
  __cs_disable_thread[3l]=1 (1)

State 74 file /home/dell/zyworkspace/nichecker/Experiment/remarks2.1_LA_Slicing_PPR/svp_simple_028/_mt_svp_simple_028_001_result/_cs_svp_simple_028_001_gloable_var_rww_mt_svp_simple_028_001.c line 220 function main_task_0 thread 0
----------------------------------------------------
  __cs_disable_thread[4l]=1 (1)

State 75 file /home/dell/zyworkspace/nichecker/Experiment/remarks2.1_LA_Slicing_PPR/svp_simple_028/_mt_svp_simple_028_001_result/_cs_svp_simple_028_001_gloable_var_rww_mt_svp_simple_028_001.c line 223 function main_task_0 thread 0
----------------------------------------------------
  __cs_disable_thread[2l]=1 (1)

State 76 file /home/dell/zyworkspace/nichecker/Experiment/remarks2.1_LA_Slicing_PPR/svp_simple_028/_mt_svp_simple_028_001_result/_cs_svp_simple_028_001_gloable_var_rww_mt_svp_simple_028_001.c line 226 function main_task_0 thread 0
----------------------------------------------------
  __cs_disable_thread[0l]=1 (1)

State 80 file /home/dell/zyworkspace/nichecker/Experiment/remarks2.1_LA_Slicing_PPR/svp_simple_028/_mt_svp_simple_028_001_result/_cs_svp_simple_028_001_gloable_var_rww_mt_svp_simple_028_001.c line 233 function main_task_0 thread 0
----------------------------------------------------
  __cs_disable_thread[2l]=0 (0)

State 86 file /home/dell/zyworkspace/nichecker/Experiment/remarks2.1_LA_Slicing_PPR/svp_simple_028/_mt_svp_simple_028_001_result/_cs_svp_simple_028_001_gloable_var_rww_mt_svp_simple_028_001.c line 286 function main_task_0 thread 0
----------------------------------------------------
  __cs_value_ptr=NULL (0000000000000000000000000000000000000000000000000000000000000000)

State 91 file /home/dell/zyworkspace/nichecker/Experiment/remarks2.1_LA_Slicing_PPR/svp_simple_028/_mt_svp_simple_028_001_result/_cs_svp_simple_028_001_gloable_var_rww_mt_svp_simple_028_001.c line 446 function main thread 0
----------------------------------------------------
  __cs_pc[1l]=3 (011)

State 92 file /home/dell/zyworkspace/nichecker/Experiment/remarks2.1_LA_Slicing_PPR/svp_simple_028/_mt_svp_simple_028_001_result/_cs_svp_simple_028_001_gloable_var_rww_mt_svp_simple_028_001.c line 452 function main thread 0
----------------------------------------------------
  __cs_tmp_t2_r0=0 (000)

State 99 file /home/dell/zyworkspace/nichecker/Experiment/remarks2.1_LA_Slicing_PPR/svp_simple_028/_mt_svp_simple_028_001_result/_cs_svp_simple_028_001_gloable_var_rww_mt_svp_simple_028_001.c line 457 function main thread 0
----------------------------------------------------
  __cs_thread_index=2 (010)

State 100 file /home/dell/zyworkspace/nichecker/Experiment/remarks2.1_LA_Slicing_PPR/svp_simple_028/_mt_svp_simple_028_001_result/_cs_svp_simple_028_001_gloable_var_rww_mt_svp_simple_028_001.c line 459 function main thread 0
----------------------------------------------------
  __cs_pc_cs[2l]=0 (000)

State 105 file /home/dell/zyworkspace/nichecker/Experiment/remarks2.1_LA_Slicing_PPR/svp_simple_028/_mt_svp_simple_028_001_result/_cs_svp_simple_028_001_gloable_var_rww_mt_svp_simple_028_001.c line 465 function main thread 0
----------------------------------------------------
  __cs_param_svp_simple_028_001_isr_1_arg=NULL (0000000000000000000000000000000000000000000000000000000000000000)

State 114 file /home/dell/zyworkspace/nichecker/Experiment/remarks2.1_LA_Slicing_PPR/svp_simple_028/_mt_svp_simple_028_001_result/_cs_svp_simple_028_001_gloable_var_rww_mt_svp_simple_028_001.c line 420 function svp_simple_028_001_isr_1_0 thread 0
----------------------------------------------------
  __cs_value_ptr=NULL (0000000000000000000000000000000000000000000000000000000000000000)

State 119 file /home/dell/zyworkspace/nichecker/Experiment/remarks2.1_LA_Slicing_PPR/svp_simple_028/_mt_svp_simple_028_001_result/_cs_svp_simple_028_001_gloable_var_rww_mt_svp_simple_028_001.c line 467 function main thread 0
----------------------------------------------------
  __cs_pc[2l]=0 (000)

State 120 file /home/dell/zyworkspace/nichecker/Experiment/remarks2.1_LA_Slicing_PPR/svp_simple_028/_mt_svp_simple_028_001_result/_cs_svp_simple_028_001_gloable_var_rww_mt_svp_simple_028_001.c line 473 function main thread 0
----------------------------------------------------
  __cs_tmp_t3_r0=4 (100)

State 122 file /home/dell/zyworkspace/nichecker/Experiment/remarks2.1_LA_Slicing_PPR/svp_simple_028/_mt_svp_simple_028_001_result/_cs_svp_simple_028_001_gloable_var_rww_mt_svp_simple_028_001.c line 494 function main thread 0
----------------------------------------------------
  __cs_tmp_t4_r0=0 (0)

State 124 file /home/dell/zyworkspace/nichecker/Experiment/remarks2.1_LA_Slicing_PPR/svp_simple_028/_mt_svp_simple_028_001_result/_cs_svp_simple_028_001_gloable_var_rww_mt_svp_simple_028_001.c line 519 function main thread 0
----------------------------------------------------
  __cs_tmp_t1_r1=4 (100)

State 136 file /home/dell/zyworkspace/nichecker/Experiment/remarks2.1_LA_Slicing_PPR/svp_simple_028/_mt_svp_simple_028_001_result/_cs_svp_simple_028_001_gloable_var_rww_mt_svp_simple_028_001.c line 524 function main thread 0
----------------------------------------------------
  __cs_thread_index=1 (001)

State 137 file /home/dell/zyworkspace/nichecker/Experiment/remarks2.1_LA_Slicing_PPR/svp_simple_028/_mt_svp_simple_028_001_result/_cs_svp_simple_028_001_gloable_var_rww_mt_svp_simple_028_001.c line 526 function main thread 0
----------------------------------------------------
  __cs_pc_cs[1l]=4 (100)

State 142 file /home/dell/zyworkspace/nichecker/Experiment/remarks2.1_LA_Slicing_PPR/svp_simple_028/_mt_svp_simple_028_001_result/_cs_svp_simple_028_001_gloable_var_rww_mt_svp_simple_028_001.c line 532 function main thread 0
----------------------------------------------------
  __cs_param_main_task_arg=NULL (0000000000000000000000000000000000000000000000000000000000000000)

State 147 file /home/dell/zyworkspace/nichecker/Experiment/remarks2.1_LA_Slicing_PPR/svp_simple_028/_mt_svp_simple_028_001_result/_cs_svp_simple_028_001_gloable_var_rww_mt_svp_simple_028_001.c line 242 function main_task_0 thread 0
----------------------------------------------------
  __cs_local_main_task___cs_tmp_if_cond_0=TRUE (00000001)

State 148 file /home/dell/zyworkspace/nichecker/Experiment/remarks2.1_LA_Slicing_PPR/svp_simple_028/_mt_svp_simple_028_001_result/_cs_svp_simple_028_001_gloable_var_rww_mt_svp_simple_028_001.c line 244 function main_task_0 thread 0
----------------------------------------------------
  rww_r_tmp1_num=1 (00000000000000000000000000000001)

State 149 file /home/dell/zyworkspace/nichecker/Experiment/remarks2.1_LA_Slicing_PPR/svp_simple_028/_mt_svp_simple_028_001_result/_cs_svp_simple_028_001_gloable_var_rww_mt_svp_simple_028_001.c line 245 function main_task_0 thread 0
----------------------------------------------------
  rww_r_tmp1=2081483731 (01111100000100001110101111010011)

State 154 file /home/dell/zyworkspace/nichecker/Experiment/remarks2.1_LA_Slicing_PPR/svp_simple_028/_mt_svp_simple_028_001_result/_cs_svp_simple_028_001_gloable_var_rww_mt_svp_simple_028_001.c line 286 function main_task_0 thread 0
----------------------------------------------------
  __cs_value_ptr=NULL (0000000000000000000000000000000000000000000000000000000000000000)

State 159 file /home/dell/zyworkspace/nichecker/Experiment/remarks2.1_LA_Slicing_PPR/svp_simple_028/_mt_svp_simple_028_001_result/_cs_svp_simple_028_001_gloable_var_rww_mt_svp_simple_028_001.c line 534 function main thread 0
----------------------------------------------------
  __cs_pc[1l]=4 (100)

State 160 file /home/dell/zyworkspace/nichecker/Experiment/remarks2.1_LA_Slicing_PPR/svp_simple_028/_mt_svp_simple_028_001_result/_cs_svp_simple_028_001_gloable_var_rww_mt_svp_simple_028_001.c line 540 function main thread 0
----------------------------------------------------
  __cs_tmp_t2_r1=5 (101)

State 167 file /home/dell/zyworkspace/nichecker/Experiment/remarks2.1_LA_Slicing_PPR/svp_simple_028/_mt_svp_simple_028_001_result/_cs_svp_simple_028_001_gloable_var_rww_mt_svp_simple_028_001.c line 545 function main thread 0
----------------------------------------------------
  __cs_thread_index=2 (010)

State 168 file /home/dell/zyworkspace/nichecker/Experiment/remarks2.1_LA_Slicing_PPR/svp_simple_028/_mt_svp_simple_028_001_result/_cs_svp_simple_028_001_gloable_var_rww_mt_svp_simple_028_001.c line 547 function main thread 0
----------------------------------------------------
  __cs_pc_cs[2l]=5 (101)

State 173 file /home/dell/zyworkspace/nichecker/Experiment/remarks2.1_LA_Slicing_PPR/svp_simple_028/_mt_svp_simple_028_001_result/_cs_svp_simple_028_001_gloable_var_rww_mt_svp_simple_028_001.c line 553 function main thread 0
----------------------------------------------------
  __cs_param_svp_simple_028_001_isr_1_arg=NULL (0000000000000000000000000000000000000000000000000000000000000000)

State 175 file /home/dell/zyworkspace/nichecker/Experiment/remarks2.1_LA_Slicing_PPR/svp_simple_028/_mt_svp_simple_028_001_result/_cs_svp_simple_028_001_gloable_var_rww_mt_svp_simple_028_001.c line 377 function svp_simple_028_001_isr_1_0 thread 0
----------------------------------------------------
  __cs_temporary_0=0 (00000000000000000000000000000000)

State 177 file /home/dell/zyworkspace/nichecker/Experiment/remarks2.1_LA_Slicing_PPR/svp_simple_028/_mt_svp_simple_028_001_result/_cs_svp_simple_028_001_gloable_var_rww_mt_svp_simple_028_001.c line 381 function svp_simple_028_001_isr_1_0 thread 0
----------------------------------------------------
  __cs_temporary_0=2081483732 (01111100000100001110101111010100)

State 178 file /home/dell/zyworkspace/nichecker/Experiment/remarks2.1_LA_Slicing_PPR/svp_simple_028/_mt_svp_simple_028_001_result/_cs_svp_simple_028_001_gloable_var_rww_mt_svp_simple_028_001.c line 383 function svp_simple_028_001_isr_1_0 thread 0
----------------------------------------------------
  rww_r_tmp2_num=1 (00000000000000000000000000000001)

State 179 file /home/dell/zyworkspace/nichecker/Experiment/remarks2.1_LA_Slicing_PPR/svp_simple_028/_mt_svp_simple_028_001_result/_cs_svp_simple_028_001_gloable_var_rww_mt_svp_simple_028_001.c line 384 function svp_simple_028_001_isr_1_0 thread 0
----------------------------------------------------
  rww_r_tmp2=2081483731 (01111100000100001110101111010011)

State 181 file /home/dell/zyworkspace/nichecker/Experiment/remarks2.1_LA_Slicing_PPR/svp_simple_028/_mt_svp_simple_028_001_result/_cs_svp_simple_028_001_gloable_var_rww_mt_svp_simple_028_001.c line 389 function svp_simple_028_001_isr_1_0 thread 0
----------------------------------------------------
  rww_w3=2081483731 (01111100000100001110101111010011)

State 184 file /home/dell/zyworkspace/nichecker/Experiment/remarks2.1_LA_Slicing_PPR/svp_simple_028/_mt_svp_simple_028_001_result/_cs_svp_simple_028_001_gloable_var_rww_mt_svp_simple_028_001.c line 392 function svp_simple_028_001_isr_1_0 thread 0
----------------------------------------------------
  rww_r_tmp2_num=0 (00000000000000000000000000000000)

State 185 file /home/dell/zyworkspace/nichecker/Experiment/remarks2.1_LA_Slicing_PPR/svp_simple_028/_mt_svp_simple_028_001_result/_cs_svp_simple_028_001_gloable_var_rww_mt_svp_simple_028_001.c line 395 function svp_simple_028_001_isr_1_0 thread 0
----------------------------------------------------
  svp_simple_028_001_gloable_var=2081483732 (01111100000100001110101111010100)

State 187 file /home/dell/zyworkspace/nichecker/Experiment/remarks2.1_LA_Slicing_PPR/svp_simple_028/_mt_svp_simple_028_001_result/_cs_svp_simple_028_001_gloable_var_rww_mt_svp_simple_028_001.c line 399 function svp_simple_028_001_isr_1_0 thread 0
----------------------------------------------------
  svp_simple_028_001_isr_1_flag=0 (00000000000000000000000000000000)

State 192 file /home/dell/zyworkspace/nichecker/Experiment/remarks2.1_LA_Slicing_PPR/svp_simple_028/_mt_svp_simple_028_001_result/_cs_svp_simple_028_001_gloable_var_rww_mt_svp_simple_028_001.c line 405 function svp_simple_028_001_isr_1_0 thread 0
----------------------------------------------------
  __cs_disable_thread[3l]=0 (0)

State 196 file /home/dell/zyworkspace/nichecker/Experiment/remarks2.1_LA_Slicing_PPR/svp_simple_028/_mt_svp_simple_028_001_result/_cs_svp_simple_028_001_gloable_var_rww_mt_svp_simple_028_001.c line 420 function svp_simple_028_001_isr_1_0 thread 0
----------------------------------------------------
  __cs_value_ptr=NULL (0000000000000000000000000000000000000000000000000000000000000000)

State 201 file /home/dell/zyworkspace/nichecker/Experiment/remarks2.1_LA_Slicing_PPR/svp_simple_028/_mt_svp_simple_028_001_result/_cs_svp_simple_028_001_gloable_var_rww_mt_svp_simple_028_001.c line 555 function main thread 0
----------------------------------------------------
  __cs_pc[2l]=5 (101)

State 202 file /home/dell/zyworkspace/nichecker/Experiment/remarks2.1_LA_Slicing_PPR/svp_simple_028/_mt_svp_simple_028_001_result/_cs_svp_simple_028_001_gloable_var_rww_mt_svp_simple_028_001.c line 561 function main thread 0
----------------------------------------------------
  __cs_tmp_t3_r1=4 (100)

State 204 file /home/dell/zyworkspace/nichecker/Experiment/remarks2.1_LA_Slicing_PPR/svp_simple_028/_mt_svp_simple_028_001_result/_cs_svp_simple_028_001_gloable_var_rww_mt_svp_simple_028_001.c line 566 function main thread 0
----------------------------------------------------
  __cs_thread_index=3 (011)

State 205 file /home/dell/zyworkspace/nichecker/Experiment/remarks2.1_LA_Slicing_PPR/svp_simple_028/_mt_svp_simple_028_001_result/_cs_svp_simple_028_001_gloable_var_rww_mt_svp_simple_028_001.c line 568 function main thread 0
----------------------------------------------------
  __cs_pc_cs[3l]=4 (100)

State 210 file /home/dell/zyworkspace/nichecker/Experiment/remarks2.1_LA_Slicing_PPR/svp_simple_028/_mt_svp_simple_028_001_result/_cs_svp_simple_028_001_gloable_var_rww_mt_svp_simple_028_001.c line 574 function main thread 0
----------------------------------------------------
  __cs_param_svp_simple_028_001_isr_2_arg=NULL (0000000000000000000000000000000000000000000000000000000000000000)

State 212 file /home/dell/zyworkspace/nichecker/Experiment/remarks2.1_LA_Slicing_PPR/svp_simple_028/_mt_svp_simple_028_001_result/_cs_svp_simple_028_001_gloable_var_rww_mt_svp_simple_028_001.c line 298 function svp_simple_028_001_isr_2_0 thread 0
----------------------------------------------------
  __cs_local_svp_simple_028_001_isr_2___cs_tmp_if_cond_1=FALSE (00000000)

State 218 file /home/dell/zyworkspace/nichecker/Experiment/remarks2.1_LA_Slicing_PPR/svp_simple_028/_mt_svp_simple_028_001_result/_cs_svp_simple_028_001_gloable_var_rww_mt_svp_simple_028_001.c line 341 function svp_simple_028_001_isr_2_0 thread 0
----------------------------------------------------
  __cs_value_ptr=NULL (0000000000000000000000000000000000000000000000000000000000000000)

State 223 file /home/dell/zyworkspace/nichecker/Experiment/remarks2.1_LA_Slicing_PPR/svp_simple_028/_mt_svp_simple_028_001_result/_cs_svp_simple_028_001_gloable_var_rww_mt_svp_simple_028_001.c line 576 function main thread 0
----------------------------------------------------
  __cs_pc[3l]=4 (100)

State 224 file /home/dell/zyworkspace/nichecker/Experiment/remarks2.1_LA_Slicing_PPR/svp_simple_028/_mt_svp_simple_028_001_result/_cs_svp_simple_028_001_gloable_var_rww_mt_svp_simple_028_001.c line 582 function main thread 0
----------------------------------------------------
  __cs_tmp_t4_r1=0 (0)

State 226 file /home/dell/zyworkspace/nichecker/Experiment/remarks2.1_LA_Slicing_PPR/svp_simple_028/_mt_svp_simple_028_001_result/_cs_svp_simple_028_001_gloable_var_rww_mt_svp_simple_028_001.c line 601 function main thread 0
----------------------------------------------------
  __cs_tmp_t1_r2=6u (00000000000000000000000000000110)

State 228 file /home/dell/zyworkspace/nichecker/Experiment/remarks2.1_LA_Slicing_PPR/svp_simple_028/_mt_svp_simple_028_001_result/_cs_svp_simple_028_001_gloable_var_rww_mt_svp_simple_028_001.c line 606 function main thread 0
----------------------------------------------------
  __cs_thread_index=1 (001)

State 229 file /home/dell/zyworkspace/nichecker/Experiment/remarks2.1_LA_Slicing_PPR/svp_simple_028/_mt_svp_simple_028_001_result/_cs_svp_simple_028_001_gloable_var_rww_mt_svp_simple_028_001.c line 608 function main thread 0
----------------------------------------------------
  __cs_pc_cs[1l]=6 (110)

State 234 file /home/dell/zyworkspace/nichecker/Experiment/remarks2.1_LA_Slicing_PPR/svp_simple_028/_mt_svp_simple_028_001_result/_cs_svp_simple_028_001_gloable_var_rww_mt_svp_simple_028_001.c line 614 function main thread 0
----------------------------------------------------
  __cs_param_main_task_arg=NULL (0000000000000000000000000000000000000000000000000000000000000000)

State 241 file /home/dell/zyworkspace/nichecker/Experiment/remarks2.1_LA_Slicing_PPR/svp_simple_028/_mt_svp_simple_028_001_result/_cs_svp_simple_028_001_gloable_var_rww_mt_svp_simple_028_001.c line 255 function main_task_0 thread 0
----------------------------------------------------
  rww_w1=2081483732 (01111100000100001110101111010100)

Violated property:
  file /home/dell/zyworkspace/nichecker/Experiment/remarks2.1_LA_Slicing_PPR/svp_simple_028/_mt_svp_simple_028_001_result/_cs_svp_simple_028_001_gloable_var_rww_mt_svp_simple_028_001.c line 257 function main_task_0
  assertion rww_w1 == rww_r_tmp1
  rww_w1 == rww_r_tmp1


** 1 of 3 failed (2 iterations)
VERIFICATION FAILED
