CBMC version 5.6 64-bit x86_64 linux
Parsing /home/dell/zyworkspace/nichecker/Experiment/remarks2.1_basic/svp_simple_031/_mt_svp_simple_031_001_result/_cs_svp_simple_031_001_tc_block_rcvd_bytes_ch1_rwr_mt_svp_simple_031_001.c
<command-line>: warning: "__STDC_VERSION__" redefined
<built-in>: note: this is the location of the previous definition
Converting
Type-checking _cs_svp_simple_031_001_tc_block_rcvd_bytes_ch1_rwr_mt_svp_simple_031_001
file /home/dell/zyworkspace/nichecker/Experiment/remarks2.1_basic/svp_simple_031/_mt_svp_simple_031_001_result/_cs_svp_simple_031_001_tc_block_rcvd_bytes_ch1_rwr_mt_svp_simple_031_001.c line 208 function main_task_0: function `nondet_rand' is not declared
file /home/dell/zyworkspace/nichecker/Experiment/remarks2.1_basic/svp_simple_031/_mt_svp_simple_031_001_result/_cs_svp_simple_031_001_tc_block_rcvd_bytes_ch1_rwr_mt_svp_simple_031_001.c line 265 function main_task_0: function `assert' is not declared
Generating GOTO Program
Adding CPROVER library (x86_64)
Removal of function pointers and virtual functions
Partial Inlining
Generic Property Instrumentation
Starting Bounded Model Checking
**** WARNING: no body for function enable_isr
size of program expression: 811 steps
simple slicing removed 68 assignments
Generated 11 VCC(s), 11 remaining after simplification
Passing problem to propositional reduction
converting SSA
Running propositional reduction
Post-processing
Solving with MiniSAT 2.2.1 with simplifier
9047 variables, 33826 clauses
SAT checker: instance is SATISFIABLE
Solving with MiniSAT 2.2.1 with simplifier
9047 variables, 3794 clauses
SAT checker: instance is SATISFIABLE
Solving with MiniSAT 2.2.1 with simplifier
9047 variables, 3781 clauses
SAT checker: instance is SATISFIABLE
Solving with MiniSAT 2.2.1 with simplifier
9047 variables, 3773 clauses
SAT checker inconsistent: instance is UNSATISFIABLE
Runtime decision procedure: 0.055s

** Results:
[main_task_0.assertion.1] assertion rwr_r1 == rwr_tmp1: SUCCESS
[main_task_0.assertion.2] assertion rwr_r2 == rwr_tmp1: FAILURE
[main_task_0.assertion.3] assertion rwr_r3 == rwr_tmp1: FAILURE
[main_task_0.assertion.4] assertion rwr_r4 == rwr_tmp1: FAILURE

Trace for main_task_0.assertion.2:

State 57 file /home/dell/zyworkspace/nichecker/Experiment/remarks2.1_basic/svp_simple_031/_mt_svp_simple_031_001_result/_cs_svp_simple_031_001_tc_block_rcvd_bytes_ch1_rwr_mt_svp_simple_031_001.c line 474 function main thread 0
----------------------------------------------------
  __cs_tmp_t1_r0=4 (0100)

State 59 file /home/dell/zyworkspace/nichecker/Experiment/remarks2.1_basic/svp_simple_031/_mt_svp_simple_031_001_result/_cs_svp_simple_031_001_tc_block_rcvd_bytes_ch1_rwr_mt_svp_simple_031_001.c line 478 function main thread 0
----------------------------------------------------
  __cs_thread_index=1 (01)

State 60 file /home/dell/zyworkspace/nichecker/Experiment/remarks2.1_basic/svp_simple_031/_mt_svp_simple_031_001_result/_cs_svp_simple_031_001_tc_block_rcvd_bytes_ch1_rwr_mt_svp_simple_031_001.c line 480 function main thread 0
----------------------------------------------------
  __cs_pc_cs[1l]=4 (0100)

State 65 file /home/dell/zyworkspace/nichecker/Experiment/remarks2.1_basic/svp_simple_031/_mt_svp_simple_031_001_result/_cs_svp_simple_031_001_tc_block_rcvd_bytes_ch1_rwr_mt_svp_simple_031_001.c line 486 function main thread 0
----------------------------------------------------
  __cs_param_main_task_arg=NULL (0000000000000000000000000000000000000000000000000000000000000000)

State 69 file /home/dell/zyworkspace/nichecker/Experiment/remarks2.1_basic/svp_simple_031/_mt_svp_simple_031_001_result/_cs_svp_simple_031_001_tc_block_rcvd_bytes_ch1_rwr_mt_svp_simple_031_001.c line 208 function main_task_0 thread 0
----------------------------------------------------
  svp_simple_031_001_tc_block_rcvd_bytes_ch1=4480 (0001000110000000)

State 73 file /home/dell/zyworkspace/nichecker/Experiment/remarks2.1_basic/svp_simple_031/_mt_svp_simple_031_001_result/_cs_svp_simple_031_001_tc_block_rcvd_bytes_ch1_rwr_mt_svp_simple_031_001.c line 213 function main_task_0 thread 0
----------------------------------------------------
  svp_simple_031_001_tc_block_rcvd_bytes_ch2=0 (0000000000000000)

State 77 file /home/dell/zyworkspace/nichecker/Experiment/remarks2.1_basic/svp_simple_031/_mt_svp_simple_031_001_result/_cs_svp_simple_031_001_tc_block_rcvd_bytes_ch1_rwr_mt_svp_simple_031_001.c line 218 function main_task_0 thread 0
----------------------------------------------------
  svp_simple_031_001_gloable_var1=72064u (00000000000000010001100110000000)

State 81 file /home/dell/zyworkspace/nichecker/Experiment/remarks2.1_basic/svp_simple_031/_mt_svp_simple_031_001_result/_cs_svp_simple_031_001_tc_block_rcvd_bytes_ch1_rwr_mt_svp_simple_031_001.c line 224 function main_task_0 thread 0
----------------------------------------------------
  __cs_disable_thread[2l]=0 (0)

State 82 file /home/dell/zyworkspace/nichecker/Experiment/remarks2.1_basic/svp_simple_031/_mt_svp_simple_031_001_result/_cs_svp_simple_031_001_tc_block_rcvd_bytes_ch1_rwr_mt_svp_simple_031_001.c line 227 function main_task_0 thread 0
----------------------------------------------------
  __cs_disable_thread[0l]=0 (0)

State 83 file /home/dell/zyworkspace/nichecker/Experiment/remarks2.1_basic/svp_simple_031/_mt_svp_simple_031_001_result/_cs_svp_simple_031_001_tc_block_rcvd_bytes_ch1_rwr_mt_svp_simple_031_001.c line 241 function main_task_0 thread 0
----------------------------------------------------
  __cs_local_main_task_ichan=0 (00000000000000000000000000000000)

State 84 file /home/dell/zyworkspace/nichecker/Experiment/remarks2.1_basic/svp_simple_031/_mt_svp_simple_031_001_result/_cs_svp_simple_031_001_tc_block_rcvd_bytes_ch1_rwr_mt_svp_simple_031_001.c line 246 function main_task_0 thread 0
----------------------------------------------------
  __cs_local_main_task___cs_tmp_if_cond_0=TRUE (00000001)

State 87 file /home/dell/zyworkspace/nichecker/Experiment/remarks2.1_basic/svp_simple_031/_mt_svp_simple_031_001_result/_cs_svp_simple_031_001_tc_block_rcvd_bytes_ch1_rwr_mt_svp_simple_031_001.c line 255 function main_task_0 thread 0
----------------------------------------------------
  svp_simple_031_001_tc_buff_p=svp_simple_031_001_tc_chan1_buff (0000001000000000000000000000000000000000000000000000000000000000)

State 98 file /home/dell/zyworkspace/nichecker/Experiment/remarks2.1_basic/svp_simple_031/_mt_svp_simple_031_001_result/_cs_svp_simple_031_001_tc_block_rcvd_bytes_ch1_rwr_mt_svp_simple_031_001.c line 441 function main_task_0 thread 0
----------------------------------------------------
  __cs_value_ptr=NULL (0000000000000000000000000000000000000000000000000000000000000000)

State 103 file /home/dell/zyworkspace/nichecker/Experiment/remarks2.1_basic/svp_simple_031/_mt_svp_simple_031_001_result/_cs_svp_simple_031_001_tc_block_rcvd_bytes_ch1_rwr_mt_svp_simple_031_001.c line 488 function main thread 0
----------------------------------------------------
  __cs_pc[1l]=4 (0100)

State 104 file /home/dell/zyworkspace/nichecker/Experiment/remarks2.1_basic/svp_simple_031/_mt_svp_simple_031_001_result/_cs_svp_simple_031_001_tc_block_rcvd_bytes_ch1_rwr_mt_svp_simple_031_001.c line 494 function main thread 0
----------------------------------------------------
  __cs_tmp_t2_r0=0 (0)

State 106 file /home/dell/zyworkspace/nichecker/Experiment/remarks2.1_basic/svp_simple_031/_mt_svp_simple_031_001_result/_cs_svp_simple_031_001_tc_block_rcvd_bytes_ch1_rwr_mt_svp_simple_031_001.c line 499 function main thread 0
----------------------------------------------------
  __cs_thread_index=2 (10)

State 107 file /home/dell/zyworkspace/nichecker/Experiment/remarks2.1_basic/svp_simple_031/_mt_svp_simple_031_001_result/_cs_svp_simple_031_001_tc_block_rcvd_bytes_ch1_rwr_mt_svp_simple_031_001.c line 501 function main thread 0
----------------------------------------------------
  __cs_pc_cs[2l]=0 (0000)

State 112 file /home/dell/zyworkspace/nichecker/Experiment/remarks2.1_basic/svp_simple_031/_mt_svp_simple_031_001_result/_cs_svp_simple_031_001_tc_block_rcvd_bytes_ch1_rwr_mt_svp_simple_031_001.c line 507 function main thread 0
----------------------------------------------------
  __cs_param_svp_simple_031_001_isr_1_arg=NULL (0000000000000000000000000000000000000000000000000000000000000000)

State 116 file /home/dell/zyworkspace/nichecker/Experiment/remarks2.1_basic/svp_simple_031/_mt_svp_simple_031_001_result/_cs_svp_simple_031_001_tc_block_rcvd_bytes_ch1_rwr_mt_svp_simple_031_001.c line 462 function svp_simple_031_001_isr_1_0 thread 0
----------------------------------------------------
  __cs_value_ptr=NULL (0000000000000000000000000000000000000000000000000000000000000000)

State 121 file /home/dell/zyworkspace/nichecker/Experiment/remarks2.1_basic/svp_simple_031/_mt_svp_simple_031_001_result/_cs_svp_simple_031_001_tc_block_rcvd_bytes_ch1_rwr_mt_svp_simple_031_001.c line 509 function main thread 0
----------------------------------------------------
  __cs_pc[2l]=0 (0000)

State 122 file /home/dell/zyworkspace/nichecker/Experiment/remarks2.1_basic/svp_simple_031/_mt_svp_simple_031_001_result/_cs_svp_simple_031_001_tc_block_rcvd_bytes_ch1_rwr_mt_svp_simple_031_001.c line 519 function main thread 0
----------------------------------------------------
  __cs_tmp_t1_r1=8 (1000)

State 124 file /home/dell/zyworkspace/nichecker/Experiment/remarks2.1_basic/svp_simple_031/_mt_svp_simple_031_001_result/_cs_svp_simple_031_001_tc_block_rcvd_bytes_ch1_rwr_mt_svp_simple_031_001.c line 524 function main thread 0
----------------------------------------------------
  __cs_thread_index=1 (01)

State 125 file /home/dell/zyworkspace/nichecker/Experiment/remarks2.1_basic/svp_simple_031/_mt_svp_simple_031_001_result/_cs_svp_simple_031_001_tc_block_rcvd_bytes_ch1_rwr_mt_svp_simple_031_001.c line 526 function main thread 0
----------------------------------------------------
  __cs_pc_cs[1l]=8 (1000)

State 130 file /home/dell/zyworkspace/nichecker/Experiment/remarks2.1_basic/svp_simple_031/_mt_svp_simple_031_001_result/_cs_svp_simple_031_001_tc_block_rcvd_bytes_ch1_rwr_mt_svp_simple_031_001.c line 532 function main thread 0
----------------------------------------------------
  __cs_param_main_task_arg=NULL (0000000000000000000000000000000000000000000000000000000000000000)

State 136 file /home/dell/zyworkspace/nichecker/Experiment/remarks2.1_basic/svp_simple_031/_mt_svp_simple_031_001_result/_cs_svp_simple_031_001_tc_block_rcvd_bytes_ch1_rwr_mt_svp_simple_031_001.c line 260 function main_task_0 thread 0
----------------------------------------------------
  svp_simple_031_001_tc_block_rcvd_bytes=4480 (0001000110000000)

State 137 file /home/dell/zyworkspace/nichecker/Experiment/remarks2.1_basic/svp_simple_031/_mt_svp_simple_031_001_result/_cs_svp_simple_031_001_tc_block_rcvd_bytes_ch1_rwr_mt_svp_simple_031_001.c line 263 function main_task_0 thread 0
----------------------------------------------------
  rwr_r1=4480 (0001000110000000)

State 139 file /home/dell/zyworkspace/nichecker/Experiment/remarks2.1_basic/svp_simple_031/_mt_svp_simple_031_001_result/_cs_svp_simple_031_001_tc_block_rcvd_bytes_ch1_rwr_mt_svp_simple_031_001.c line 267 function main_task_0 thread 0
----------------------------------------------------
  rwr_tmp1_num=1 (00000000000000000000000000000001)

State 140 file /home/dell/zyworkspace/nichecker/Experiment/remarks2.1_basic/svp_simple_031/_mt_svp_simple_031_001_result/_cs_svp_simple_031_001_tc_block_rcvd_bytes_ch1_rwr_mt_svp_simple_031_001.c line 268 function main_task_0 thread 0
----------------------------------------------------
  rwr_tmp1=4480 (0001000110000000)

State 143 file /home/dell/zyworkspace/nichecker/Experiment/remarks2.1_basic/svp_simple_031/_mt_svp_simple_031_001_result/_cs_svp_simple_031_001_tc_block_rcvd_bytes_ch1_rwr_mt_svp_simple_031_001.c line 279 function main_task_0 thread 0
----------------------------------------------------
  __cs_local_main_task_tc_block.type=0 (00000000)

State 145 file /home/dell/zyworkspace/nichecker/Experiment/remarks2.1_basic/svp_simple_031/_mt_svp_simple_031_001_result/_cs_svp_simple_031_001_tc_block_rcvd_bytes_ch1_rwr_mt_svp_simple_031_001.c line 284 function main_task_0 thread 0
----------------------------------------------------
  __cs_local_main_task_tc_block.id=0 (00000000)

State 147 file /home/dell/zyworkspace/nichecker/Experiment/remarks2.1_basic/svp_simple_031/_mt_svp_simple_031_001_result/_cs_svp_simple_031_001_tc_block_rcvd_bytes_ch1_rwr_mt_svp_simple_031_001.c line 289 function main_task_0 thread 0
----------------------------------------------------
  __cs_local_main_task_tc_block.valid_len=0 (00000000)

State 148 file /home/dell/zyworkspace/nichecker/Experiment/remarks2.1_basic/svp_simple_031/_mt_svp_simple_031_001_result/_cs_svp_simple_031_001_tc_block_rcvd_bytes_ch1_rwr_mt_svp_simple_031_001.c line 295 function main_task_0 thread 0
----------------------------------------------------
  __cs_local_main_task_svp_simple_031_001_flag_chan1=0u (00000000000000000000000000000000)

State 155 file /home/dell/zyworkspace/nichecker/Experiment/remarks2.1_basic/svp_simple_031/_mt_svp_simple_031_001_result/_cs_svp_simple_031_001_tc_block_rcvd_bytes_ch1_rwr_mt_svp_simple_031_001.c line 441 function main_task_0 thread 0
----------------------------------------------------
  __cs_value_ptr=NULL (0000000000000000000000000000000000000000000000000000000000000000)

State 160 file /home/dell/zyworkspace/nichecker/Experiment/remarks2.1_basic/svp_simple_031/_mt_svp_simple_031_001_result/_cs_svp_simple_031_001_tc_block_rcvd_bytes_ch1_rwr_mt_svp_simple_031_001.c line 534 function main thread 0
----------------------------------------------------
  __cs_pc[1l]=8 (1000)

State 161 file /home/dell/zyworkspace/nichecker/Experiment/remarks2.1_basic/svp_simple_031/_mt_svp_simple_031_001_result/_cs_svp_simple_031_001_tc_block_rcvd_bytes_ch1_rwr_mt_svp_simple_031_001.c line 540 function main thread 0
----------------------------------------------------
  __cs_tmp_t2_r1=1 (1)

State 163 file /home/dell/zyworkspace/nichecker/Experiment/remarks2.1_basic/svp_simple_031/_mt_svp_simple_031_001_result/_cs_svp_simple_031_001_tc_block_rcvd_bytes_ch1_rwr_mt_svp_simple_031_001.c line 545 function main thread 0
----------------------------------------------------
  __cs_thread_index=2 (10)

State 164 file /home/dell/zyworkspace/nichecker/Experiment/remarks2.1_basic/svp_simple_031/_mt_svp_simple_031_001_result/_cs_svp_simple_031_001_tc_block_rcvd_bytes_ch1_rwr_mt_svp_simple_031_001.c line 547 function main thread 0
----------------------------------------------------
  __cs_pc_cs[2l]=1 (0001)

State 169 file /home/dell/zyworkspace/nichecker/Experiment/remarks2.1_basic/svp_simple_031/_mt_svp_simple_031_001_result/_cs_svp_simple_031_001_tc_block_rcvd_bytes_ch1_rwr_mt_svp_simple_031_001.c line 553 function main thread 0
----------------------------------------------------
  __cs_param_svp_simple_031_001_isr_1_arg=NULL (0000000000000000000000000000000000000000000000000000000000000000)

State 171 file /home/dell/zyworkspace/nichecker/Experiment/remarks2.1_basic/svp_simple_031/_mt_svp_simple_031_001_result/_cs_svp_simple_031_001_tc_block_rcvd_bytes_ch1_rwr_mt_svp_simple_031_001.c line 451 function svp_simple_031_001_isr_1_0 thread 0
----------------------------------------------------
  svp_simple_031_001_tc_block_rcvd_bytes_ch1=6528 (0001100110000000)

State 175 file /home/dell/zyworkspace/nichecker/Experiment/remarks2.1_basic/svp_simple_031/_mt_svp_simple_031_001_result/_cs_svp_simple_031_001_tc_block_rcvd_bytes_ch1_rwr_mt_svp_simple_031_001.c line 462 function svp_simple_031_001_isr_1_0 thread 0
----------------------------------------------------
  __cs_value_ptr=NULL (0000000000000000000000000000000000000000000000000000000000000000)

State 180 file /home/dell/zyworkspace/nichecker/Experiment/remarks2.1_basic/svp_simple_031/_mt_svp_simple_031_001_result/_cs_svp_simple_031_001_tc_block_rcvd_bytes_ch1_rwr_mt_svp_simple_031_001.c line 555 function main thread 0
----------------------------------------------------
  __cs_pc[2l]=1 (0001)

State 181 file /home/dell/zyworkspace/nichecker/Experiment/remarks2.1_basic/svp_simple_031/_mt_svp_simple_031_001_result/_cs_svp_simple_031_001_tc_block_rcvd_bytes_ch1_rwr_mt_svp_simple_031_001.c line 559 function main thread 0
----------------------------------------------------
  __cs_tmp_t1_r2=11u (00000000000000000000000000001011)

State 183 file /home/dell/zyworkspace/nichecker/Experiment/remarks2.1_basic/svp_simple_031/_mt_svp_simple_031_001_result/_cs_svp_simple_031_001_tc_block_rcvd_bytes_ch1_rwr_mt_svp_simple_031_001.c line 564 function main thread 0
----------------------------------------------------
  __cs_thread_index=1 (01)

State 184 file /home/dell/zyworkspace/nichecker/Experiment/remarks2.1_basic/svp_simple_031/_mt_svp_simple_031_001_result/_cs_svp_simple_031_001_tc_block_rcvd_bytes_ch1_rwr_mt_svp_simple_031_001.c line 566 function main thread 0
----------------------------------------------------
  __cs_pc_cs[1l]=11 (1011)

State 189 file /home/dell/zyworkspace/nichecker/Experiment/remarks2.1_basic/svp_simple_031/_mt_svp_simple_031_001_result/_cs_svp_simple_031_001_tc_block_rcvd_bytes_ch1_rwr_mt_svp_simple_031_001.c line 572 function main thread 0
----------------------------------------------------
  __cs_param_main_task_arg=NULL (0000000000000000000000000000000000000000000000000000000000000000)

State 199 file /home/dell/zyworkspace/nichecker/Experiment/remarks2.1_basic/svp_simple_031/_mt_svp_simple_031_001_result/_cs_svp_simple_031_001_tc_block_rcvd_bytes_ch1_rwr_mt_svp_simple_031_001.c line 302 function main_task_0 thread 0
----------------------------------------------------
  __cs_local_main_task___cs_tmp_if_cond_1=TRUE (00000001)

State 200 file /home/dell/zyworkspace/nichecker/Experiment/remarks2.1_basic/svp_simple_031/_mt_svp_simple_031_001_result/_cs_svp_simple_031_001_tc_block_rcvd_bytes_ch1_rwr_mt_svp_simple_031_001.c line 304 function main_task_0 thread 0
----------------------------------------------------
  rwr_r2=6528 (0001100110000000)

Violated property:
  file /home/dell/zyworkspace/nichecker/Experiment/remarks2.1_basic/svp_simple_031/_mt_svp_simple_031_001_result/_cs_svp_simple_031_001_tc_block_rcvd_bytes_ch1_rwr_mt_svp_simple_031_001.c line 306 function main_task_0
  assertion rwr_r2 == rwr_tmp1
  rwr_r2 == rwr_tmp1


Trace for main_task_0.assertion.3:

State 57 file /home/dell/zyworkspace/nichecker/Experiment/remarks2.1_basic/svp_simple_031/_mt_svp_simple_031_001_result/_cs_svp_simple_031_001_tc_block_rcvd_bytes_ch1_rwr_mt_svp_simple_031_001.c line 474 function main thread 0
----------------------------------------------------
  __cs_tmp_t1_r0=9 (1001)

State 59 file /home/dell/zyworkspace/nichecker/Experiment/remarks2.1_basic/svp_simple_031/_mt_svp_simple_031_001_result/_cs_svp_simple_031_001_tc_block_rcvd_bytes_ch1_rwr_mt_svp_simple_031_001.c line 478 function main thread 0
----------------------------------------------------
  __cs_thread_index=1 (01)

State 60 file /home/dell/zyworkspace/nichecker/Experiment/remarks2.1_basic/svp_simple_031/_mt_svp_simple_031_001_result/_cs_svp_simple_031_001_tc_block_rcvd_bytes_ch1_rwr_mt_svp_simple_031_001.c line 480 function main thread 0
----------------------------------------------------
  __cs_pc_cs[1l]=9 (1001)

State 65 file /home/dell/zyworkspace/nichecker/Experiment/remarks2.1_basic/svp_simple_031/_mt_svp_simple_031_001_result/_cs_svp_simple_031_001_tc_block_rcvd_bytes_ch1_rwr_mt_svp_simple_031_001.c line 486 function main thread 0
----------------------------------------------------
  __cs_param_main_task_arg=NULL (0000000000000000000000000000000000000000000000000000000000000000)

State 69 file /home/dell/zyworkspace/nichecker/Experiment/remarks2.1_basic/svp_simple_031/_mt_svp_simple_031_001_result/_cs_svp_simple_031_001_tc_block_rcvd_bytes_ch1_rwr_mt_svp_simple_031_001.c line 208 function main_task_0 thread 0
----------------------------------------------------
  svp_simple_031_001_tc_block_rcvd_bytes_ch1=65535 (1111111111111111)

State 73 file /home/dell/zyworkspace/nichecker/Experiment/remarks2.1_basic/svp_simple_031/_mt_svp_simple_031_001_result/_cs_svp_simple_031_001_tc_block_rcvd_bytes_ch1_rwr_mt_svp_simple_031_001.c line 213 function main_task_0 thread 0
----------------------------------------------------
  svp_simple_031_001_tc_block_rcvd_bytes_ch2=0 (0000000000000000)

State 77 file /home/dell/zyworkspace/nichecker/Experiment/remarks2.1_basic/svp_simple_031/_mt_svp_simple_031_001_result/_cs_svp_simple_031_001_tc_block_rcvd_bytes_ch1_rwr_mt_svp_simple_031_001.c line 218 function main_task_0 thread 0
----------------------------------------------------
  svp_simple_031_001_gloable_var1=139272u (00000000000000100010000000001000)

State 81 file /home/dell/zyworkspace/nichecker/Experiment/remarks2.1_basic/svp_simple_031/_mt_svp_simple_031_001_result/_cs_svp_simple_031_001_tc_block_rcvd_bytes_ch1_rwr_mt_svp_simple_031_001.c line 224 function main_task_0 thread 0
----------------------------------------------------
  __cs_disable_thread[2l]=0 (0)

State 82 file /home/dell/zyworkspace/nichecker/Experiment/remarks2.1_basic/svp_simple_031/_mt_svp_simple_031_001_result/_cs_svp_simple_031_001_tc_block_rcvd_bytes_ch1_rwr_mt_svp_simple_031_001.c line 227 function main_task_0 thread 0
----------------------------------------------------
  __cs_disable_thread[0l]=0 (0)

State 83 file /home/dell/zyworkspace/nichecker/Experiment/remarks2.1_basic/svp_simple_031/_mt_svp_simple_031_001_result/_cs_svp_simple_031_001_tc_block_rcvd_bytes_ch1_rwr_mt_svp_simple_031_001.c line 241 function main_task_0 thread 0
----------------------------------------------------
  __cs_local_main_task_ichan=0 (00000000000000000000000000000000)

State 84 file /home/dell/zyworkspace/nichecker/Experiment/remarks2.1_basic/svp_simple_031/_mt_svp_simple_031_001_result/_cs_svp_simple_031_001_tc_block_rcvd_bytes_ch1_rwr_mt_svp_simple_031_001.c line 246 function main_task_0 thread 0
----------------------------------------------------
  __cs_local_main_task___cs_tmp_if_cond_0=TRUE (00000001)

State 87 file /home/dell/zyworkspace/nichecker/Experiment/remarks2.1_basic/svp_simple_031/_mt_svp_simple_031_001_result/_cs_svp_simple_031_001_tc_block_rcvd_bytes_ch1_rwr_mt_svp_simple_031_001.c line 255 function main_task_0 thread 0
----------------------------------------------------
  svp_simple_031_001_tc_buff_p=svp_simple_031_001_tc_chan1_buff (0000001000000000000000000000000000000000000000000000000000000000)

State 89 file /home/dell/zyworkspace/nichecker/Experiment/remarks2.1_basic/svp_simple_031/_mt_svp_simple_031_001_result/_cs_svp_simple_031_001_tc_block_rcvd_bytes_ch1_rwr_mt_svp_simple_031_001.c line 260 function main_task_0 thread 0
----------------------------------------------------
  svp_simple_031_001_tc_block_rcvd_bytes=65535 (1111111111111111)

State 90 file /home/dell/zyworkspace/nichecker/Experiment/remarks2.1_basic/svp_simple_031/_mt_svp_simple_031_001_result/_cs_svp_simple_031_001_tc_block_rcvd_bytes_ch1_rwr_mt_svp_simple_031_001.c line 263 function main_task_0 thread 0
----------------------------------------------------
  rwr_r1=-1 (1111111111111111)

State 92 file /home/dell/zyworkspace/nichecker/Experiment/remarks2.1_basic/svp_simple_031/_mt_svp_simple_031_001_result/_cs_svp_simple_031_001_tc_block_rcvd_bytes_ch1_rwr_mt_svp_simple_031_001.c line 267 function main_task_0 thread 0
----------------------------------------------------
  rwr_tmp1_num=1 (00000000000000000000000000000001)

State 93 file /home/dell/zyworkspace/nichecker/Experiment/remarks2.1_basic/svp_simple_031/_mt_svp_simple_031_001_result/_cs_svp_simple_031_001_tc_block_rcvd_bytes_ch1_rwr_mt_svp_simple_031_001.c line 268 function main_task_0 thread 0
----------------------------------------------------
  rwr_tmp1=-1 (1111111111111111)

State 96 file /home/dell/zyworkspace/nichecker/Experiment/remarks2.1_basic/svp_simple_031/_mt_svp_simple_031_001_result/_cs_svp_simple_031_001_tc_block_rcvd_bytes_ch1_rwr_mt_svp_simple_031_001.c line 279 function main_task_0 thread 0
----------------------------------------------------
  __cs_local_main_task_tc_block.type=0 (00000000)

State 98 file /home/dell/zyworkspace/nichecker/Experiment/remarks2.1_basic/svp_simple_031/_mt_svp_simple_031_001_result/_cs_svp_simple_031_001_tc_block_rcvd_bytes_ch1_rwr_mt_svp_simple_031_001.c line 284 function main_task_0 thread 0
----------------------------------------------------
  __cs_local_main_task_tc_block.id=0 (00000000)

State 100 file /home/dell/zyworkspace/nichecker/Experiment/remarks2.1_basic/svp_simple_031/_mt_svp_simple_031_001_result/_cs_svp_simple_031_001_tc_block_rcvd_bytes_ch1_rwr_mt_svp_simple_031_001.c line 289 function main_task_0 thread 0
----------------------------------------------------
  __cs_local_main_task_tc_block.valid_len=0 (00000000)

State 101 file /home/dell/zyworkspace/nichecker/Experiment/remarks2.1_basic/svp_simple_031/_mt_svp_simple_031_001_result/_cs_svp_simple_031_001_tc_block_rcvd_bytes_ch1_rwr_mt_svp_simple_031_001.c line 295 function main_task_0 thread 0
----------------------------------------------------
  __cs_local_main_task_svp_simple_031_001_flag_chan1=0u (00000000000000000000000000000000)

State 103 file /home/dell/zyworkspace/nichecker/Experiment/remarks2.1_basic/svp_simple_031/_mt_svp_simple_031_001_result/_cs_svp_simple_031_001_tc_block_rcvd_bytes_ch1_rwr_mt_svp_simple_031_001.c line 302 function main_task_0 thread 0
----------------------------------------------------
  __cs_local_main_task___cs_tmp_if_cond_1=TRUE (00000001)

State 104 file /home/dell/zyworkspace/nichecker/Experiment/remarks2.1_basic/svp_simple_031/_mt_svp_simple_031_001_result/_cs_svp_simple_031_001_tc_block_rcvd_bytes_ch1_rwr_mt_svp_simple_031_001.c line 304 function main_task_0 thread 0
----------------------------------------------------
  rwr_r2=-1 (1111111111111111)

State 107 file /home/dell/zyworkspace/nichecker/Experiment/remarks2.1_basic/svp_simple_031/_mt_svp_simple_031_001_result/_cs_svp_simple_031_001_tc_block_rcvd_bytes_ch1_rwr_mt_svp_simple_031_001.c line 308 function main_task_0 thread 0
----------------------------------------------------
  rwr_tmp1_num=2 (00000000000000000000000000000010)

State 108 file /home/dell/zyworkspace/nichecker/Experiment/remarks2.1_basic/svp_simple_031/_mt_svp_simple_031_001_result/_cs_svp_simple_031_001_tc_block_rcvd_bytes_ch1_rwr_mt_svp_simple_031_001.c line 309 function main_task_0 thread 0
----------------------------------------------------
  rwr_tmp1=-1 (1111111111111111)

State 115 file /home/dell/zyworkspace/nichecker/Experiment/remarks2.1_basic/svp_simple_031/_mt_svp_simple_031_001_result/_cs_svp_simple_031_001_tc_block_rcvd_bytes_ch1_rwr_mt_svp_simple_031_001.c line 441 function main_task_0 thread 0
----------------------------------------------------
  __cs_value_ptr=NULL (0000000000000000000000000000000000000000000000000000000000000000)

State 120 file /home/dell/zyworkspace/nichecker/Experiment/remarks2.1_basic/svp_simple_031/_mt_svp_simple_031_001_result/_cs_svp_simple_031_001_tc_block_rcvd_bytes_ch1_rwr_mt_svp_simple_031_001.c line 488 function main thread 0
----------------------------------------------------
  __cs_pc[1l]=9 (1001)

State 121 file /home/dell/zyworkspace/nichecker/Experiment/remarks2.1_basic/svp_simple_031/_mt_svp_simple_031_001_result/_cs_svp_simple_031_001_tc_block_rcvd_bytes_ch1_rwr_mt_svp_simple_031_001.c line 494 function main thread 0
----------------------------------------------------
  __cs_tmp_t2_r0=1 (1)

State 123 file /home/dell/zyworkspace/nichecker/Experiment/remarks2.1_basic/svp_simple_031/_mt_svp_simple_031_001_result/_cs_svp_simple_031_001_tc_block_rcvd_bytes_ch1_rwr_mt_svp_simple_031_001.c line 499 function main thread 0
----------------------------------------------------
  __cs_thread_index=2 (10)

State 124 file /home/dell/zyworkspace/nichecker/Experiment/remarks2.1_basic/svp_simple_031/_mt_svp_simple_031_001_result/_cs_svp_simple_031_001_tc_block_rcvd_bytes_ch1_rwr_mt_svp_simple_031_001.c line 501 function main thread 0
----------------------------------------------------
  __cs_pc_cs[2l]=1 (0001)

State 129 file /home/dell/zyworkspace/nichecker/Experiment/remarks2.1_basic/svp_simple_031/_mt_svp_simple_031_001_result/_cs_svp_simple_031_001_tc_block_rcvd_bytes_ch1_rwr_mt_svp_simple_031_001.c line 507 function main thread 0
----------------------------------------------------
  __cs_param_svp_simple_031_001_isr_1_arg=NULL (0000000000000000000000000000000000000000000000000000000000000000)

State 131 file /home/dell/zyworkspace/nichecker/Experiment/remarks2.1_basic/svp_simple_031/_mt_svp_simple_031_001_result/_cs_svp_simple_031_001_tc_block_rcvd_bytes_ch1_rwr_mt_svp_simple_031_001.c line 451 function svp_simple_031_001_isr_1_0 thread 0
----------------------------------------------------
  svp_simple_031_001_tc_block_rcvd_bytes_ch1=8114 (0001111110110010)

State 135 file /home/dell/zyworkspace/nichecker/Experiment/remarks2.1_basic/svp_simple_031/_mt_svp_simple_031_001_result/_cs_svp_simple_031_001_tc_block_rcvd_bytes_ch1_rwr_mt_svp_simple_031_001.c line 462 function svp_simple_031_001_isr_1_0 thread 0
----------------------------------------------------
  __cs_value_ptr=NULL (0000000000000000000000000000000000000000000000000000000000000000)

State 140 file /home/dell/zyworkspace/nichecker/Experiment/remarks2.1_basic/svp_simple_031/_mt_svp_simple_031_001_result/_cs_svp_simple_031_001_tc_block_rcvd_bytes_ch1_rwr_mt_svp_simple_031_001.c line 509 function main thread 0
----------------------------------------------------
  __cs_pc[2l]=1 (0001)

State 141 file /home/dell/zyworkspace/nichecker/Experiment/remarks2.1_basic/svp_simple_031/_mt_svp_simple_031_001_result/_cs_svp_simple_031_001_tc_block_rcvd_bytes_ch1_rwr_mt_svp_simple_031_001.c line 519 function main thread 0
----------------------------------------------------
  __cs_tmp_t1_r1=11 (1011)

State 143 file /home/dell/zyworkspace/nichecker/Experiment/remarks2.1_basic/svp_simple_031/_mt_svp_simple_031_001_result/_cs_svp_simple_031_001_tc_block_rcvd_bytes_ch1_rwr_mt_svp_simple_031_001.c line 524 function main thread 0
----------------------------------------------------
  __cs_thread_index=1 (01)

State 144 file /home/dell/zyworkspace/nichecker/Experiment/remarks2.1_basic/svp_simple_031/_mt_svp_simple_031_001_result/_cs_svp_simple_031_001_tc_block_rcvd_bytes_ch1_rwr_mt_svp_simple_031_001.c line 526 function main thread 0
----------------------------------------------------
  __cs_pc_cs[1l]=11 (1011)

State 149 file /home/dell/zyworkspace/nichecker/Experiment/remarks2.1_basic/svp_simple_031/_mt_svp_simple_031_001_result/_cs_svp_simple_031_001_tc_block_rcvd_bytes_ch1_rwr_mt_svp_simple_031_001.c line 532 function main thread 0
----------------------------------------------------
  __cs_param_main_task_arg=NULL (0000000000000000000000000000000000000000000000000000000000000000)

State 160 file /home/dell/zyworkspace/nichecker/Experiment/remarks2.1_basic/svp_simple_031/_mt_svp_simple_031_001_result/_cs_svp_simple_031_001_tc_block_rcvd_bytes_ch1_rwr_mt_svp_simple_031_001.c line 323 function main_task_0 thread 0
----------------------------------------------------
  __cs_local_main_task_a=139272 (00000000000000100010000000001000)

State 162 file /home/dell/zyworkspace/nichecker/Experiment/remarks2.1_basic/svp_simple_031/_mt_svp_simple_031_001_result/_cs_svp_simple_031_001_tc_block_rcvd_bytes_ch1_rwr_mt_svp_simple_031_001.c line 329 function main_task_0 thread 0
----------------------------------------------------
  __cs_local_main_task_b=8114 (00000000000000000001111110110010)

State 163 file /home/dell/zyworkspace/nichecker/Experiment/remarks2.1_basic/svp_simple_031/_mt_svp_simple_031_001_result/_cs_svp_simple_031_001_tc_block_rcvd_bytes_ch1_rwr_mt_svp_simple_031_001.c line 331 function main_task_0 thread 0
----------------------------------------------------
  rwr_r3=8114 (0001111110110010)

Violated property:
  file /home/dell/zyworkspace/nichecker/Experiment/remarks2.1_basic/svp_simple_031/_mt_svp_simple_031_001_result/_cs_svp_simple_031_001_tc_block_rcvd_bytes_ch1_rwr_mt_svp_simple_031_001.c line 333 function main_task_0
  assertion rwr_r3 == rwr_tmp1
  rwr_r3 == rwr_tmp1


Trace for main_task_0.assertion.4:

State 57 file /home/dell/zyworkspace/nichecker/Experiment/remarks2.1_basic/svp_simple_031/_mt_svp_simple_031_001_result/_cs_svp_simple_031_001_tc_block_rcvd_bytes_ch1_rwr_mt_svp_simple_031_001.c line 474 function main thread 0
----------------------------------------------------
  __cs_tmp_t1_r0=11 (1011)

State 59 file /home/dell/zyworkspace/nichecker/Experiment/remarks2.1_basic/svp_simple_031/_mt_svp_simple_031_001_result/_cs_svp_simple_031_001_tc_block_rcvd_bytes_ch1_rwr_mt_svp_simple_031_001.c line 478 function main thread 0
----------------------------------------------------
  __cs_thread_index=1 (01)

State 60 file /home/dell/zyworkspace/nichecker/Experiment/remarks2.1_basic/svp_simple_031/_mt_svp_simple_031_001_result/_cs_svp_simple_031_001_tc_block_rcvd_bytes_ch1_rwr_mt_svp_simple_031_001.c line 480 function main thread 0
----------------------------------------------------
  __cs_pc_cs[1l]=11 (1011)

State 65 file /home/dell/zyworkspace/nichecker/Experiment/remarks2.1_basic/svp_simple_031/_mt_svp_simple_031_001_result/_cs_svp_simple_031_001_tc_block_rcvd_bytes_ch1_rwr_mt_svp_simple_031_001.c line 486 function main thread 0
----------------------------------------------------
  __cs_param_main_task_arg=NULL (0000000000000000000000000000000000000000000000000000000000000000)

State 69 file /home/dell/zyworkspace/nichecker/Experiment/remarks2.1_basic/svp_simple_031/_mt_svp_simple_031_001_result/_cs_svp_simple_031_001_tc_block_rcvd_bytes_ch1_rwr_mt_svp_simple_031_001.c line 208 function main_task_0 thread 0
----------------------------------------------------
  svp_simple_031_001_tc_block_rcvd_bytes_ch1=65535 (1111111111111111)

State 73 file /home/dell/zyworkspace/nichecker/Experiment/remarks2.1_basic/svp_simple_031/_mt_svp_simple_031_001_result/_cs_svp_simple_031_001_tc_block_rcvd_bytes_ch1_rwr_mt_svp_simple_031_001.c line 213 function main_task_0 thread 0
----------------------------------------------------
  svp_simple_031_001_tc_block_rcvd_bytes_ch2=0 (0000000000000000)

State 77 file /home/dell/zyworkspace/nichecker/Experiment/remarks2.1_basic/svp_simple_031/_mt_svp_simple_031_001_result/_cs_svp_simple_031_001_tc_block_rcvd_bytes_ch1_rwr_mt_svp_simple_031_001.c line 218 function main_task_0 thread 0
----------------------------------------------------
  svp_simple_031_001_gloable_var1=139265u (00000000000000100010000000000001)

State 81 file /home/dell/zyworkspace/nichecker/Experiment/remarks2.1_basic/svp_simple_031/_mt_svp_simple_031_001_result/_cs_svp_simple_031_001_tc_block_rcvd_bytes_ch1_rwr_mt_svp_simple_031_001.c line 224 function main_task_0 thread 0
----------------------------------------------------
  __cs_disable_thread[2l]=0 (0)

State 82 file /home/dell/zyworkspace/nichecker/Experiment/remarks2.1_basic/svp_simple_031/_mt_svp_simple_031_001_result/_cs_svp_simple_031_001_tc_block_rcvd_bytes_ch1_rwr_mt_svp_simple_031_001.c line 227 function main_task_0 thread 0
----------------------------------------------------
  __cs_disable_thread[0l]=0 (0)

State 83 file /home/dell/zyworkspace/nichecker/Experiment/remarks2.1_basic/svp_simple_031/_mt_svp_simple_031_001_result/_cs_svp_simple_031_001_tc_block_rcvd_bytes_ch1_rwr_mt_svp_simple_031_001.c line 241 function main_task_0 thread 0
----------------------------------------------------
  __cs_local_main_task_ichan=0 (00000000000000000000000000000000)

State 84 file /home/dell/zyworkspace/nichecker/Experiment/remarks2.1_basic/svp_simple_031/_mt_svp_simple_031_001_result/_cs_svp_simple_031_001_tc_block_rcvd_bytes_ch1_rwr_mt_svp_simple_031_001.c line 246 function main_task_0 thread 0
----------------------------------------------------
  __cs_local_main_task___cs_tmp_if_cond_0=TRUE (00000001)

State 87 file /home/dell/zyworkspace/nichecker/Experiment/remarks2.1_basic/svp_simple_031/_mt_svp_simple_031_001_result/_cs_svp_simple_031_001_tc_block_rcvd_bytes_ch1_rwr_mt_svp_simple_031_001.c line 255 function main_task_0 thread 0
----------------------------------------------------
  svp_simple_031_001_tc_buff_p=svp_simple_031_001_tc_chan1_buff (0000001000000000000000000000000000000000000000000000000000000000)

State 89 file /home/dell/zyworkspace/nichecker/Experiment/remarks2.1_basic/svp_simple_031/_mt_svp_simple_031_001_result/_cs_svp_simple_031_001_tc_block_rcvd_bytes_ch1_rwr_mt_svp_simple_031_001.c line 260 function main_task_0 thread 0
----------------------------------------------------
  svp_simple_031_001_tc_block_rcvd_bytes=65535 (1111111111111111)

State 90 file /home/dell/zyworkspace/nichecker/Experiment/remarks2.1_basic/svp_simple_031/_mt_svp_simple_031_001_result/_cs_svp_simple_031_001_tc_block_rcvd_bytes_ch1_rwr_mt_svp_simple_031_001.c line 263 function main_task_0 thread 0
----------------------------------------------------
  rwr_r1=-1 (1111111111111111)

State 92 file /home/dell/zyworkspace/nichecker/Experiment/remarks2.1_basic/svp_simple_031/_mt_svp_simple_031_001_result/_cs_svp_simple_031_001_tc_block_rcvd_bytes_ch1_rwr_mt_svp_simple_031_001.c line 267 function main_task_0 thread 0
----------------------------------------------------
  rwr_tmp1_num=1 (00000000000000000000000000000001)

State 93 file /home/dell/zyworkspace/nichecker/Experiment/remarks2.1_basic/svp_simple_031/_mt_svp_simple_031_001_result/_cs_svp_simple_031_001_tc_block_rcvd_bytes_ch1_rwr_mt_svp_simple_031_001.c line 268 function main_task_0 thread 0
----------------------------------------------------
  rwr_tmp1=-1 (1111111111111111)

State 96 file /home/dell/zyworkspace/nichecker/Experiment/remarks2.1_basic/svp_simple_031/_mt_svp_simple_031_001_result/_cs_svp_simple_031_001_tc_block_rcvd_bytes_ch1_rwr_mt_svp_simple_031_001.c line 279 function main_task_0 thread 0
----------------------------------------------------
  __cs_local_main_task_tc_block.type=0 (00000000)

State 98 file /home/dell/zyworkspace/nichecker/Experiment/remarks2.1_basic/svp_simple_031/_mt_svp_simple_031_001_result/_cs_svp_simple_031_001_tc_block_rcvd_bytes_ch1_rwr_mt_svp_simple_031_001.c line 284 function main_task_0 thread 0
----------------------------------------------------
  __cs_local_main_task_tc_block.id=0 (00000000)

State 100 file /home/dell/zyworkspace/nichecker/Experiment/remarks2.1_basic/svp_simple_031/_mt_svp_simple_031_001_result/_cs_svp_simple_031_001_tc_block_rcvd_bytes_ch1_rwr_mt_svp_simple_031_001.c line 289 function main_task_0 thread 0
----------------------------------------------------
  __cs_local_main_task_tc_block.valid_len=0 (00000000)

State 101 file /home/dell/zyworkspace/nichecker/Experiment/remarks2.1_basic/svp_simple_031/_mt_svp_simple_031_001_result/_cs_svp_simple_031_001_tc_block_rcvd_bytes_ch1_rwr_mt_svp_simple_031_001.c line 295 function main_task_0 thread 0
----------------------------------------------------
  __cs_local_main_task_svp_simple_031_001_flag_chan1=0u (00000000000000000000000000000000)

State 103 file /home/dell/zyworkspace/nichecker/Experiment/remarks2.1_basic/svp_simple_031/_mt_svp_simple_031_001_result/_cs_svp_simple_031_001_tc_block_rcvd_bytes_ch1_rwr_mt_svp_simple_031_001.c line 302 function main_task_0 thread 0
----------------------------------------------------
  __cs_local_main_task___cs_tmp_if_cond_1=TRUE (00000001)

State 104 file /home/dell/zyworkspace/nichecker/Experiment/remarks2.1_basic/svp_simple_031/_mt_svp_simple_031_001_result/_cs_svp_simple_031_001_tc_block_rcvd_bytes_ch1_rwr_mt_svp_simple_031_001.c line 304 function main_task_0 thread 0
----------------------------------------------------
  rwr_r2=-1 (1111111111111111)

State 107 file /home/dell/zyworkspace/nichecker/Experiment/remarks2.1_basic/svp_simple_031/_mt_svp_simple_031_001_result/_cs_svp_simple_031_001_tc_block_rcvd_bytes_ch1_rwr_mt_svp_simple_031_001.c line 308 function main_task_0 thread 0
----------------------------------------------------
  rwr_tmp1_num=2 (00000000000000000000000000000010)

State 108 file /home/dell/zyworkspace/nichecker/Experiment/remarks2.1_basic/svp_simple_031/_mt_svp_simple_031_001_result/_cs_svp_simple_031_001_tc_block_rcvd_bytes_ch1_rwr_mt_svp_simple_031_001.c line 309 function main_task_0 thread 0
----------------------------------------------------
  rwr_tmp1=-1 (1111111111111111)

State 111 file /home/dell/zyworkspace/nichecker/Experiment/remarks2.1_basic/svp_simple_031/_mt_svp_simple_031_001_result/_cs_svp_simple_031_001_tc_block_rcvd_bytes_ch1_rwr_mt_svp_simple_031_001.c line 323 function main_task_0 thread 0
----------------------------------------------------
  __cs_local_main_task_a=139265 (00000000000000100010000000000001)

State 113 file /home/dell/zyworkspace/nichecker/Experiment/remarks2.1_basic/svp_simple_031/_mt_svp_simple_031_001_result/_cs_svp_simple_031_001_tc_block_rcvd_bytes_ch1_rwr_mt_svp_simple_031_001.c line 329 function main_task_0 thread 0
----------------------------------------------------
  __cs_local_main_task_b=65535 (00000000000000001111111111111111)

State 114 file /home/dell/zyworkspace/nichecker/Experiment/remarks2.1_basic/svp_simple_031/_mt_svp_simple_031_001_result/_cs_svp_simple_031_001_tc_block_rcvd_bytes_ch1_rwr_mt_svp_simple_031_001.c line 331 function main_task_0 thread 0
----------------------------------------------------
  rwr_r3=-1 (1111111111111111)

State 117 file /home/dell/zyworkspace/nichecker/Experiment/remarks2.1_basic/svp_simple_031/_mt_svp_simple_031_001_result/_cs_svp_simple_031_001_tc_block_rcvd_bytes_ch1_rwr_mt_svp_simple_031_001.c line 335 function main_task_0 thread 0
----------------------------------------------------
  rwr_tmp1_num=3 (00000000000000000000000000000011)

State 118 file /home/dell/zyworkspace/nichecker/Experiment/remarks2.1_basic/svp_simple_031/_mt_svp_simple_031_001_result/_cs_svp_simple_031_001_tc_block_rcvd_bytes_ch1_rwr_mt_svp_simple_031_001.c line 336 function main_task_0 thread 0
----------------------------------------------------
  rwr_tmp1=-1 (1111111111111111)

State 119 file /home/dell/zyworkspace/nichecker/Experiment/remarks2.1_basic/svp_simple_031/_mt_svp_simple_031_001_result/_cs_svp_simple_031_001_tc_block_rcvd_bytes_ch1_rwr_mt_svp_simple_031_001.c line 344 function main_task_0 thread 0
----------------------------------------------------
  __cs_local_main_task___cs_tmp_if_cond_2=FALSE (00000000)

State 124 file /home/dell/zyworkspace/nichecker/Experiment/remarks2.1_basic/svp_simple_031/_mt_svp_simple_031_001_result/_cs_svp_simple_031_001_tc_block_rcvd_bytes_ch1_rwr_mt_svp_simple_031_001.c line 441 function main_task_0 thread 0
----------------------------------------------------
  __cs_value_ptr=NULL (0000000000000000000000000000000000000000000000000000000000000000)

State 129 file /home/dell/zyworkspace/nichecker/Experiment/remarks2.1_basic/svp_simple_031/_mt_svp_simple_031_001_result/_cs_svp_simple_031_001_tc_block_rcvd_bytes_ch1_rwr_mt_svp_simple_031_001.c line 488 function main thread 0
----------------------------------------------------
  __cs_pc[1l]=11 (1011)

State 130 file /home/dell/zyworkspace/nichecker/Experiment/remarks2.1_basic/svp_simple_031/_mt_svp_simple_031_001_result/_cs_svp_simple_031_001_tc_block_rcvd_bytes_ch1_rwr_mt_svp_simple_031_001.c line 494 function main thread 0
----------------------------------------------------
  __cs_tmp_t2_r0=1 (1)

State 132 file /home/dell/zyworkspace/nichecker/Experiment/remarks2.1_basic/svp_simple_031/_mt_svp_simple_031_001_result/_cs_svp_simple_031_001_tc_block_rcvd_bytes_ch1_rwr_mt_svp_simple_031_001.c line 499 function main thread 0
----------------------------------------------------
  __cs_thread_index=2 (10)

State 133 file /home/dell/zyworkspace/nichecker/Experiment/remarks2.1_basic/svp_simple_031/_mt_svp_simple_031_001_result/_cs_svp_simple_031_001_tc_block_rcvd_bytes_ch1_rwr_mt_svp_simple_031_001.c line 501 function main thread 0
----------------------------------------------------
  __cs_pc_cs[2l]=1 (0001)

State 138 file /home/dell/zyworkspace/nichecker/Experiment/remarks2.1_basic/svp_simple_031/_mt_svp_simple_031_001_result/_cs_svp_simple_031_001_tc_block_rcvd_bytes_ch1_rwr_mt_svp_simple_031_001.c line 507 function main thread 0
----------------------------------------------------
  __cs_param_svp_simple_031_001_isr_1_arg=NULL (0000000000000000000000000000000000000000000000000000000000000000)

State 140 file /home/dell/zyworkspace/nichecker/Experiment/remarks2.1_basic/svp_simple_031/_mt_svp_simple_031_001_result/_cs_svp_simple_031_001_tc_block_rcvd_bytes_ch1_rwr_mt_svp_simple_031_001.c line 451 function svp_simple_031_001_isr_1_0 thread 0
----------------------------------------------------
  svp_simple_031_001_tc_block_rcvd_bytes_ch1=8063 (0001111101111111)

State 144 file /home/dell/zyworkspace/nichecker/Experiment/remarks2.1_basic/svp_simple_031/_mt_svp_simple_031_001_result/_cs_svp_simple_031_001_tc_block_rcvd_bytes_ch1_rwr_mt_svp_simple_031_001.c line 462 function svp_simple_031_001_isr_1_0 thread 0
----------------------------------------------------
  __cs_value_ptr=NULL (0000000000000000000000000000000000000000000000000000000000000000)

State 149 file /home/dell/zyworkspace/nichecker/Experiment/remarks2.1_basic/svp_simple_031/_mt_svp_simple_031_001_result/_cs_svp_simple_031_001_tc_block_rcvd_bytes_ch1_rwr_mt_svp_simple_031_001.c line 509 function main thread 0
----------------------------------------------------
  __cs_pc[2l]=1 (0001)

State 150 file /home/dell/zyworkspace/nichecker/Experiment/remarks2.1_basic/svp_simple_031/_mt_svp_simple_031_001_result/_cs_svp_simple_031_001_tc_block_rcvd_bytes_ch1_rwr_mt_svp_simple_031_001.c line 519 function main thread 0
----------------------------------------------------
  __cs_tmp_t1_r1=11 (1011)

State 152 file /home/dell/zyworkspace/nichecker/Experiment/remarks2.1_basic/svp_simple_031/_mt_svp_simple_031_001_result/_cs_svp_simple_031_001_tc_block_rcvd_bytes_ch1_rwr_mt_svp_simple_031_001.c line 524 function main thread 0
----------------------------------------------------
  __cs_thread_index=1 (01)

State 153 file /home/dell/zyworkspace/nichecker/Experiment/remarks2.1_basic/svp_simple_031/_mt_svp_simple_031_001_result/_cs_svp_simple_031_001_tc_block_rcvd_bytes_ch1_rwr_mt_svp_simple_031_001.c line 526 function main thread 0
----------------------------------------------------
  __cs_pc_cs[1l]=11 (1011)

State 158 file /home/dell/zyworkspace/nichecker/Experiment/remarks2.1_basic/svp_simple_031/_mt_svp_simple_031_001_result/_cs_svp_simple_031_001_tc_block_rcvd_bytes_ch1_rwr_mt_svp_simple_031_001.c line 532 function main thread 0
----------------------------------------------------
  __cs_param_main_task_arg=NULL (0000000000000000000000000000000000000000000000000000000000000000)

State 173 file /home/dell/zyworkspace/nichecker/Experiment/remarks2.1_basic/svp_simple_031/_mt_svp_simple_031_001_result/_cs_svp_simple_031_001_tc_block_rcvd_bytes_ch1_rwr_mt_svp_simple_031_001.c line 441 function main_task_0 thread 0
----------------------------------------------------
  __cs_value_ptr=NULL (0000000000000000000000000000000000000000000000000000000000000000)

State 178 file /home/dell/zyworkspace/nichecker/Experiment/remarks2.1_basic/svp_simple_031/_mt_svp_simple_031_001_result/_cs_svp_simple_031_001_tc_block_rcvd_bytes_ch1_rwr_mt_svp_simple_031_001.c line 534 function main thread 0
----------------------------------------------------
  __cs_pc[1l]=11 (1011)

State 179 file /home/dell/zyworkspace/nichecker/Experiment/remarks2.1_basic/svp_simple_031/_mt_svp_simple_031_001_result/_cs_svp_simple_031_001_tc_block_rcvd_bytes_ch1_rwr_mt_svp_simple_031_001.c line 540 function main thread 0
----------------------------------------------------
  __cs_tmp_t2_r1=1 (1)

State 181 file /home/dell/zyworkspace/nichecker/Experiment/remarks2.1_basic/svp_simple_031/_mt_svp_simple_031_001_result/_cs_svp_simple_031_001_tc_block_rcvd_bytes_ch1_rwr_mt_svp_simple_031_001.c line 545 function main thread 0
----------------------------------------------------
  __cs_thread_index=2 (10)

State 182 file /home/dell/zyworkspace/nichecker/Experiment/remarks2.1_basic/svp_simple_031/_mt_svp_simple_031_001_result/_cs_svp_simple_031_001_tc_block_rcvd_bytes_ch1_rwr_mt_svp_simple_031_001.c line 547 function main thread 0
----------------------------------------------------
  __cs_pc_cs[2l]=1 (0001)

State 187 file /home/dell/zyworkspace/nichecker/Experiment/remarks2.1_basic/svp_simple_031/_mt_svp_simple_031_001_result/_cs_svp_simple_031_001_tc_block_rcvd_bytes_ch1_rwr_mt_svp_simple_031_001.c line 553 function main thread 0
----------------------------------------------------
  __cs_param_svp_simple_031_001_isr_1_arg=NULL (0000000000000000000000000000000000000000000000000000000000000000)

State 191 file /home/dell/zyworkspace/nichecker/Experiment/remarks2.1_basic/svp_simple_031/_mt_svp_simple_031_001_result/_cs_svp_simple_031_001_tc_block_rcvd_bytes_ch1_rwr_mt_svp_simple_031_001.c line 462 function svp_simple_031_001_isr_1_0 thread 0
----------------------------------------------------
  __cs_value_ptr=NULL (0000000000000000000000000000000000000000000000000000000000000000)

State 196 file /home/dell/zyworkspace/nichecker/Experiment/remarks2.1_basic/svp_simple_031/_mt_svp_simple_031_001_result/_cs_svp_simple_031_001_tc_block_rcvd_bytes_ch1_rwr_mt_svp_simple_031_001.c line 555 function main thread 0
----------------------------------------------------
  __cs_pc[2l]=1 (0001)

State 197 file /home/dell/zyworkspace/nichecker/Experiment/remarks2.1_basic/svp_simple_031/_mt_svp_simple_031_001_result/_cs_svp_simple_031_001_tc_block_rcvd_bytes_ch1_rwr_mt_svp_simple_031_001.c line 559 function main thread 0
----------------------------------------------------
  __cs_tmp_t1_r2=12u (00000000000000000000000000001100)

State 199 file /home/dell/zyworkspace/nichecker/Experiment/remarks2.1_basic/svp_simple_031/_mt_svp_simple_031_001_result/_cs_svp_simple_031_001_tc_block_rcvd_bytes_ch1_rwr_mt_svp_simple_031_001.c line 564 function main thread 0
----------------------------------------------------
  __cs_thread_index=1 (01)

State 200 file /home/dell/zyworkspace/nichecker/Experiment/remarks2.1_basic/svp_simple_031/_mt_svp_simple_031_001_result/_cs_svp_simple_031_001_tc_block_rcvd_bytes_ch1_rwr_mt_svp_simple_031_001.c line 566 function main thread 0
----------------------------------------------------
  __cs_pc_cs[1l]=12 (1100)

State 205 file /home/dell/zyworkspace/nichecker/Experiment/remarks2.1_basic/svp_simple_031/_mt_svp_simple_031_001_result/_cs_svp_simple_031_001_tc_block_rcvd_bytes_ch1_rwr_mt_svp_simple_031_001.c line 572 function main thread 0
----------------------------------------------------
  __cs_param_main_task_arg=NULL (0000000000000000000000000000000000000000000000000000000000000000)

State 218 file /home/dell/zyworkspace/nichecker/Experiment/remarks2.1_basic/svp_simple_031/_mt_svp_simple_031_001_result/_cs_svp_simple_031_001_tc_block_rcvd_bytes_ch1_rwr_mt_svp_simple_031_001.c line 365 function main_task_0 thread 0
----------------------------------------------------
  __cs_local_main_task___cs_tmp_if_cond_3=TRUE (00000001)

State 219 file /home/dell/zyworkspace/nichecker/Experiment/remarks2.1_basic/svp_simple_031/_mt_svp_simple_031_001_result/_cs_svp_simple_031_001_tc_block_rcvd_bytes_ch1_rwr_mt_svp_simple_031_001.c line 367 function main_task_0 thread 0
----------------------------------------------------
  rwr_r4=8063 (0001111101111111)

Violated property:
  file /home/dell/zyworkspace/nichecker/Experiment/remarks2.1_basic/svp_simple_031/_mt_svp_simple_031_001_result/_cs_svp_simple_031_001_tc_block_rcvd_bytes_ch1_rwr_mt_svp_simple_031_001.c line 369 function main_task_0
  assertion rwr_r4 == rwr_tmp1
  rwr_r4 == rwr_tmp1


** 3 of 4 failed (4 iterations)
VERIFICATION FAILED
