2023-10-31 08:52:41
SVPCheck: True	LoopAbstraction: True	LabelReduction: True	Slice: True	

SVPCheck var: svp_simple_009_001_p	pattern: wrw
--------------------------Run start-------------------------------
inliner
slice
LoopAbstraction
unroller
insertLabel
lazyseq
feeder  0.177
[92mSAFE[0m, counterexample: 0, time: 3.155 s, memory: 28.81 MB
--------------------------Run end---------------------------------
SVPCheck var: svp_simple_009_001_q	pattern: wrw
--------------------------Run start-------------------------------
inliner
slice
LoopAbstraction
unroller
insertLabel
lazyseq
feeder  0.175
[92mSAFE[0m, counterexample: 0, time: 3.197 s, memory: 28.39 MB
--------------------------Run end---------------------------------
SVPCheck var: svp_simple_009_001_m	pattern: wrw
--------------------------Run start-------------------------------
inliner
slice
LoopAbstraction
unroller
insertLabel
lazyseq
feeder  0.176
[92mSAFE[0m, counterexample: 0, time: 3.177 s, memory: 28.98 MB
--------------------------Run end---------------------------------
cbmcTimeSum: 0.528
modulesTimeSum: 9.529
