2023-10-15 16:22:04
SVPCheck: True	LoopAbstraction: True	LabelReduction: False	Slice: True	

SVPCheck var: svp_simple_004_001_global_var1	pattern: rwr
--------------------------Run start-------------------------------
inliner
slice
LoopAbstraction
unroller
insertLabel
lazyseq
feeder  0.198
[91mUNSAFE[0m, counterexample: 1, time: 2.641 s, memory: 29.95 MB
--------------------------Run end---------------------------------
SVPCheck var: svp_simple_004_001_global_var2	pattern: rwr
--------------------------Run start-------------------------------
inliner
slice
LoopAbstraction
unroller
insertLabel
lazyseq
feeder  0.202
[92mSAFE[0m, counterexample: 0, time: 2.639 s, memory: 29.90 MB
--------------------------Run end---------------------------------
SVPCheck var: svp_simple_004_001_global_var3	pattern: rwr
--------------------------Run start-------------------------------
inliner
slice
LoopAbstraction
unroller
insertLabel
lazyseq
feeder  0.197
[92mSAFE[0m, counterexample: 0, time: 2.687 s, memory: 29.93 MB
--------------------------Run end---------------------------------
cbmcTimeSum: 0.597
modulesTimeSum: 7.967
