2023-10-31 08:17:04
SVPCheck: True	LoopAbstraction: True	LabelReduction: True	Slice: False	

SVPCheck var: svp_simple_015_001_global_var1	pattern: rwr
--------------------------Run start-------------------------------
inliner
slice
LoopAbstraction
unroller
insertLabel
lazyseq
feeder  0.189
[91mUNSAFE[0m, counterexample: 1, time: 2.772 s, memory: 29.59 MB
--------------------------Run end---------------------------------
SVPCheck var: svp_simple_015_001_global_var2	pattern: rwr
--------------------------Run start-------------------------------
inliner
slice
LoopAbstraction
unroller
insertLabel
lazyseq
feeder  0.188
[92mSAFE[0m, counterexample: 0, time: 2.692 s, memory: 29.40 MB
--------------------------Run end---------------------------------
cbmcTimeSum: 0.377
modulesTimeSum: 5.464
