CBMC version 5.6 64-bit x86_64 linux
Parsing /home/dell/zyworkspace/nichecker/Experiment/remarks2.1_basic/svp_simple_009/_mt_svp_simple_009_001_result/_cs_svp_simple_009_001_p_wrw_mt_svp_simple_009_001.c
<command-line>: warning: "__STDC_VERSION__" redefined
<built-in>: note: this is the location of the previous definition
Converting
Type-checking _cs_svp_simple_009_001_p_wrw_mt_svp_simple_009_001
file /home/dell/zyworkspace/nichecker/Experiment/remarks2.1_basic/svp_simple_009/_mt_svp_simple_009_001_result/_cs_svp_simple_009_001_p_wrw_mt_svp_simple_009_001.c line 205 function main_task_0: function `assert' is not declared
Generating GOTO Program
Adding CPROVER library (x86_64)
Removal of function pointers and virtual functions
Partial Inlining
Generic Property Instrumentation
Starting Bounded Model Checking
**** WARNING: no body for function enable_isr
size of program expression: 604 steps
simple slicing removed 50 assignments
Generated 10 VCC(s), 8 remaining after simplification
Passing problem to propositional reduction
converting SSA
Running propositional reduction
Post-processing
Solving with MiniSAT 2.2.1 with simplifier
2678 variables, 5500 clauses
SAT checker: instance is UNSATISFIABLE
Runtime decision procedure: 0.014s

** Results:
[main_task_0.assertion.1] assertion wrw_a___cs_local_main_task_svp_simple_009_001_local_var1_1 == 0: SUCCESS
[main_task_0.assertion.2] assertion wrw_a_svp_simple_009_001_p_1 == 0: SUCCESS
[main_task_0.assertion.3] assertion wrw_a___cs_local_main_task_svp_simple_009_001_local_var1_1 == 0: SUCCESS
[main_task_0.assertion.4] assertion wrw_a___cs_local_main_task_svp_simple_009_001_local_var1_1 == 0: SUCCESS

** 0 of 4 failed (1 iteration)
VERIFICATION SUCCESSFUL
