2023-10-15 16:51:58
SVPCheck: True	LoopAbstraction: False	LabelReduction: False	Slice: False	

SVPCheck var: svp_simple_009_001_p	pattern: wrw
--------------------------Run start-------------------------------
inliner
slice
LoopAbstraction
unroller
insertLabel
lazyseq
feeder  0.195
[92mSAFE[0m, counterexample: 0, time: 1.648 s, memory: 29.72 MB
--------------------------Run end---------------------------------
SVPCheck var: svp_simple_009_001_q	pattern: wrw
--------------------------Run start-------------------------------
inliner
slice
LoopAbstraction
unroller
insertLabel
lazyseq
feeder  0.194
[92mSAFE[0m, counterexample: 0, time: 1.643 s, memory: 29.71 MB
--------------------------Run end---------------------------------
SVPCheck var: svp_simple_009_001_m	pattern: wrw
--------------------------Run start-------------------------------
inliner
slice
LoopAbstraction
unroller
insertLabel
lazyseq
feeder  0.196
[92mSAFE[0m, counterexample: 0, time: 1.658 s, memory: 29.58 MB
--------------------------Run end---------------------------------
cbmcTimeSum: 0.585
modulesTimeSum: 4.949
