CBMC version 5.6 64-bit x86_64 linux
Parsing /home/dell/zyworkspace/nichecker/Experiment/remarks2.1/svp_simple_007/_mt_svp_simple_007_001_result/_cs_svp_simple_007_001_global_array[2]_wwr_mt_svp_simple_007_001.c
<command-line>: warning: "__STDC_VERSION__" redefined
<built-in>: note: this is the location of the previous definition
Converting
Type-checking _cs_svp_simple_007_001_global_array[2]_wwr_mt_svp_simple_007_001
file /home/dell/zyworkspace/nichecker/Experiment/remarks2.1/svp_simple_007/_mt_svp_simple_007_001_result/_cs_svp_simple_007_001_global_array[2]_wwr_mt_svp_simple_007_001.c line 246 function main_task_0: function `assert' is not declared
file /home/dell/zyworkspace/nichecker/Experiment/remarks2.1/svp_simple_007/_mt_svp_simple_007_001_result/_cs_svp_simple_007_001_global_array[2]_wwr_mt_svp_simple_007_001.c line 254 function main_task_0: function `nondet_rand' is not declared
Generating GOTO Program
Adding CPROVER library (x86_64)
Removal of function pointers and virtual functions
Partial Inlining
Generic Property Instrumentation
Starting Bounded Model Checking
**** WARNING: no body for function enable_isr
size of program expression: 548 steps
simple slicing removed 25 assignments
Generated 5 VCC(s), 5 remaining after simplification
Passing problem to propositional reduction
converting SSA
Running propositional reduction
Post-processing
Solving with MiniSAT 2.2.1 with simplifier
1944 variables, 6681 clauses
SAT checker: instance is SATISFIABLE
Solving with MiniSAT 2.2.1 with simplifier
1944 variables, 1084 clauses
SAT checker inconsistent: instance is UNSATISFIABLE
Runtime decision procedure: 0.015s

** Results:
[main_task_0.assertion.1] assertion wwr_r1 == wwr_w_tmp1: SUCCESS
[main_task_0.assertion.2] assertion wwr_r2 == wwr_w_tmp1: FAILURE

Trace for main_task_0.assertion.2:

State 43 file /home/dell/zyworkspace/nichecker/Experiment/remarks2.1/svp_simple_007/_mt_svp_simple_007_001_result/_cs_svp_simple_007_001_global_array[2]_wwr_mt_svp_simple_007_001.c line 329 function main thread 0
----------------------------------------------------
  __cs_tmp_t1_r0=2 (010)

State 45 file /home/dell/zyworkspace/nichecker/Experiment/remarks2.1/svp_simple_007/_mt_svp_simple_007_001_result/_cs_svp_simple_007_001_global_array[2]_wwr_mt_svp_simple_007_001.c line 333 function main thread 0
----------------------------------------------------
  __cs_thread_index=1 (01)

State 46 file /home/dell/zyworkspace/nichecker/Experiment/remarks2.1/svp_simple_007/_mt_svp_simple_007_001_result/_cs_svp_simple_007_001_global_array[2]_wwr_mt_svp_simple_007_001.c line 335 function main thread 0
----------------------------------------------------
  __cs_pc_cs[1l]=2 (010)

State 51 file /home/dell/zyworkspace/nichecker/Experiment/remarks2.1/svp_simple_007/_mt_svp_simple_007_001_result/_cs_svp_simple_007_001_global_array[2]_wwr_mt_svp_simple_007_001.c line 341 function main thread 0
----------------------------------------------------
  __cs_param_main_task_arg=NULL (0000000000000000000000000000000000000000000000000000000000000000)

State 56 file /home/dell/zyworkspace/nichecker/Experiment/remarks2.1/svp_simple_007/_mt_svp_simple_007_001_result/_cs_svp_simple_007_001_global_array[2]_wwr_mt_svp_simple_007_001.c line 213 function main_task_0 thread 0
----------------------------------------------------
  __cs_disable_thread[2l]=0 (0)

State 57 file /home/dell/zyworkspace/nichecker/Experiment/remarks2.1/svp_simple_007/_mt_svp_simple_007_001_result/_cs_svp_simple_007_001_global_array[2]_wwr_mt_svp_simple_007_001.c line 216 function main_task_0 thread 0
----------------------------------------------------
  __cs_disable_thread[0l]=0 (0)

State 59 file /home/dell/zyworkspace/nichecker/Experiment/remarks2.1/svp_simple_007/_mt_svp_simple_007_001_result/_cs_svp_simple_007_001_global_array[2]_wwr_mt_svp_simple_007_001.c line 230 function main_task_0 thread 0
----------------------------------------------------
  svp_simple_007_001_global_array[0l]=1 (00000000000000000000000000000001)

State 66 file /home/dell/zyworkspace/nichecker/Experiment/remarks2.1/svp_simple_007/_mt_svp_simple_007_001_result/_cs_svp_simple_007_001_global_array[2]_wwr_mt_svp_simple_007_001.c line 317 function main_task_0 thread 0
----------------------------------------------------
  __cs_value_ptr=NULL (0000000000000000000000000000000000000000000000000000000000000000)

State 71 file /home/dell/zyworkspace/nichecker/Experiment/remarks2.1/svp_simple_007/_mt_svp_simple_007_001_result/_cs_svp_simple_007_001_global_array[2]_wwr_mt_svp_simple_007_001.c line 343 function main thread 0
----------------------------------------------------
  __cs_pc[1l]=2 (010)

State 72 file /home/dell/zyworkspace/nichecker/Experiment/remarks2.1/svp_simple_007/_mt_svp_simple_007_001_result/_cs_svp_simple_007_001_global_array[2]_wwr_mt_svp_simple_007_001.c line 349 function main thread 0
----------------------------------------------------
  __cs_tmp_t2_r0=0 (0)

State 74 file /home/dell/zyworkspace/nichecker/Experiment/remarks2.1/svp_simple_007/_mt_svp_simple_007_001_result/_cs_svp_simple_007_001_global_array[2]_wwr_mt_svp_simple_007_001.c line 354 function main thread 0
----------------------------------------------------
  __cs_thread_index=2 (10)

State 75 file /home/dell/zyworkspace/nichecker/Experiment/remarks2.1/svp_simple_007/_mt_svp_simple_007_001_result/_cs_svp_simple_007_001_global_array[2]_wwr_mt_svp_simple_007_001.c line 356 function main thread 0
----------------------------------------------------
  __cs_pc_cs[2l]=0 (000)

State 80 file /home/dell/zyworkspace/nichecker/Experiment/remarks2.1/svp_simple_007/_mt_svp_simple_007_001_result/_cs_svp_simple_007_001_global_array[2]_wwr_mt_svp_simple_007_001.c line 362 function main thread 0
----------------------------------------------------
  __cs_param_svp_simple_007_001_isr_1_arg=NULL (0000000000000000000000000000000000000000000000000000000000000000)

State 84 file /home/dell/zyworkspace/nichecker/Experiment/remarks2.1/svp_simple_007/_mt_svp_simple_007_001_result/_cs_svp_simple_007_001_global_array[2]_wwr_mt_svp_simple_007_001.c line 201 function svp_simple_007_001_isr_1_0 thread 0
----------------------------------------------------
  __cs_value_ptr=NULL (0000000000000000000000000000000000000000000000000000000000000000)

State 89 file /home/dell/zyworkspace/nichecker/Experiment/remarks2.1/svp_simple_007/_mt_svp_simple_007_001_result/_cs_svp_simple_007_001_global_array[2]_wwr_mt_svp_simple_007_001.c line 364 function main thread 0
----------------------------------------------------
  __cs_pc[2l]=0 (000)

State 90 file /home/dell/zyworkspace/nichecker/Experiment/remarks2.1/svp_simple_007/_mt_svp_simple_007_001_result/_cs_svp_simple_007_001_global_array[2]_wwr_mt_svp_simple_007_001.c line 374 function main thread 0
----------------------------------------------------
  __cs_tmp_t1_r1=3 (011)

State 92 file /home/dell/zyworkspace/nichecker/Experiment/remarks2.1/svp_simple_007/_mt_svp_simple_007_001_result/_cs_svp_simple_007_001_global_array[2]_wwr_mt_svp_simple_007_001.c line 379 function main thread 0
----------------------------------------------------
  __cs_thread_index=1 (01)

State 93 file /home/dell/zyworkspace/nichecker/Experiment/remarks2.1/svp_simple_007/_mt_svp_simple_007_001_result/_cs_svp_simple_007_001_global_array[2]_wwr_mt_svp_simple_007_001.c line 381 function main thread 0
----------------------------------------------------
  __cs_pc_cs[1l]=3 (011)

State 98 file /home/dell/zyworkspace/nichecker/Experiment/remarks2.1/svp_simple_007/_mt_svp_simple_007_001_result/_cs_svp_simple_007_001_global_array[2]_wwr_mt_svp_simple_007_001.c line 387 function main thread 0
----------------------------------------------------
  __cs_param_main_task_arg=NULL (0000000000000000000000000000000000000000000000000000000000000000)

State 102 file /home/dell/zyworkspace/nichecker/Experiment/remarks2.1/svp_simple_007/_mt_svp_simple_007_001_result/_cs_svp_simple_007_001_global_array[2]_wwr_mt_svp_simple_007_001.c line 241 function main_task_0 thread 0
----------------------------------------------------
  __cs_local_main_task_reader2=1 (00000000000000000000000000000001)

State 104 file /home/dell/zyworkspace/nichecker/Experiment/remarks2.1/svp_simple_007/_mt_svp_simple_007_001_result/_cs_svp_simple_007_001_global_array[2]_wwr_mt_svp_simple_007_001.c line 254 function main_task_0 thread 0
----------------------------------------------------
  __cs_local_main_task_i=2 (00000000000000000000000000000010)

State 105 file /home/dell/zyworkspace/nichecker/Experiment/remarks2.1/svp_simple_007/_mt_svp_simple_007_001_result/_cs_svp_simple_007_001_global_array[2]_wwr_mt_svp_simple_007_001.c line 259 function main_task_0 thread 0
----------------------------------------------------
  __cs_local_main_task___cs_tmp_if_cond_0=TRUE (00000001)

State 107 file /home/dell/zyworkspace/nichecker/Experiment/remarks2.1/svp_simple_007/_mt_svp_simple_007_001_result/_cs_svp_simple_007_001_global_array[2]_wwr_mt_svp_simple_007_001.c line 266 function main_task_0 thread 0
----------------------------------------------------
  svp_simple_007_001_global_array[2l]=2 (00000000000000000000000000000010)

State 109 file /home/dell/zyworkspace/nichecker/Experiment/remarks2.1/svp_simple_007/_mt_svp_simple_007_001_result/_cs_svp_simple_007_001_global_array[2]_wwr_mt_svp_simple_007_001.c line 269 function main_task_0 thread 0
----------------------------------------------------
  wwr_w_tmp1_num=1 (00000000000000000000000000000001)

State 110 file /home/dell/zyworkspace/nichecker/Experiment/remarks2.1/svp_simple_007/_mt_svp_simple_007_001_result/_cs_svp_simple_007_001_global_array[2]_wwr_mt_svp_simple_007_001.c line 270 function main_task_0 thread 0
----------------------------------------------------
  wwr_w_tmp1=2 (00000000000000000000000000000010)

State 115 file /home/dell/zyworkspace/nichecker/Experiment/remarks2.1/svp_simple_007/_mt_svp_simple_007_001_result/_cs_svp_simple_007_001_global_array[2]_wwr_mt_svp_simple_007_001.c line 317 function main_task_0 thread 0
----------------------------------------------------
  __cs_value_ptr=NULL (0000000000000000000000000000000000000000000000000000000000000000)

State 120 file /home/dell/zyworkspace/nichecker/Experiment/remarks2.1/svp_simple_007/_mt_svp_simple_007_001_result/_cs_svp_simple_007_001_global_array[2]_wwr_mt_svp_simple_007_001.c line 389 function main thread 0
----------------------------------------------------
  __cs_pc[1l]=3 (011)

State 121 file /home/dell/zyworkspace/nichecker/Experiment/remarks2.1/svp_simple_007/_mt_svp_simple_007_001_result/_cs_svp_simple_007_001_global_array[2]_wwr_mt_svp_simple_007_001.c line 395 function main thread 0
----------------------------------------------------
  __cs_tmp_t2_r1=1 (1)

State 123 file /home/dell/zyworkspace/nichecker/Experiment/remarks2.1/svp_simple_007/_mt_svp_simple_007_001_result/_cs_svp_simple_007_001_global_array[2]_wwr_mt_svp_simple_007_001.c line 400 function main thread 0
----------------------------------------------------
  __cs_thread_index=2 (10)

State 124 file /home/dell/zyworkspace/nichecker/Experiment/remarks2.1/svp_simple_007/_mt_svp_simple_007_001_result/_cs_svp_simple_007_001_global_array[2]_wwr_mt_svp_simple_007_001.c line 402 function main thread 0
----------------------------------------------------
  __cs_pc_cs[2l]=1 (001)

State 129 file /home/dell/zyworkspace/nichecker/Experiment/remarks2.1/svp_simple_007/_mt_svp_simple_007_001_result/_cs_svp_simple_007_001_global_array[2]_wwr_mt_svp_simple_007_001.c line 408 function main thread 0
----------------------------------------------------
  __cs_param_svp_simple_007_001_isr_1_arg=NULL (0000000000000000000000000000000000000000000000000000000000000000)

State 131 file /home/dell/zyworkspace/nichecker/Experiment/remarks2.1/svp_simple_007/_mt_svp_simple_007_001_result/_cs_svp_simple_007_001_global_array[2]_wwr_mt_svp_simple_007_001.c line 181 function svp_simple_007_001_isr_1_0 thread 0
----------------------------------------------------
  __cs_local_svp_simple_007_001_isr_1_i=0 (00000000000000000000000000000000)

State 132 file /home/dell/zyworkspace/nichecker/Experiment/remarks2.1/svp_simple_007/_mt_svp_simple_007_001_result/_cs_svp_simple_007_001_global_array[2]_wwr_mt_svp_simple_007_001.c line 186 function svp_simple_007_001_isr_1_0 thread 0
----------------------------------------------------
  svp_simple_007_001_global_array[2l]=9 (00000000000000000000000000001001)

State 133 file /home/dell/zyworkspace/nichecker/Experiment/remarks2.1/svp_simple_007/_mt_svp_simple_007_001_result/_cs_svp_simple_007_001_global_array[2]_wwr_mt_svp_simple_007_001.c line 188 function svp_simple_007_001_isr_1_0 thread 0
----------------------------------------------------
  svp_simple_007_001_global_var=1 (00000000000000000000000000000001)

State 134 file /home/dell/zyworkspace/nichecker/Experiment/remarks2.1/svp_simple_007/_mt_svp_simple_007_001_result/_cs_svp_simple_007_001_global_array[2]_wwr_mt_svp_simple_007_001.c line 190 function svp_simple_007_001_isr_1_0 thread 0
----------------------------------------------------
  svp_simple_007_001_global_array[1l]=9 (00000000000000000000000000001001)

State 138 file /home/dell/zyworkspace/nichecker/Experiment/remarks2.1/svp_simple_007/_mt_svp_simple_007_001_result/_cs_svp_simple_007_001_global_array[2]_wwr_mt_svp_simple_007_001.c line 201 function svp_simple_007_001_isr_1_0 thread 0
----------------------------------------------------
  __cs_value_ptr=NULL (0000000000000000000000000000000000000000000000000000000000000000)

State 143 file /home/dell/zyworkspace/nichecker/Experiment/remarks2.1/svp_simple_007/_mt_svp_simple_007_001_result/_cs_svp_simple_007_001_global_array[2]_wwr_mt_svp_simple_007_001.c line 410 function main thread 0
----------------------------------------------------
  __cs_pc[2l]=1 (001)

State 144 file /home/dell/zyworkspace/nichecker/Experiment/remarks2.1/svp_simple_007/_mt_svp_simple_007_001_result/_cs_svp_simple_007_001_global_array[2]_wwr_mt_svp_simple_007_001.c line 414 function main thread 0
----------------------------------------------------
  __cs_tmp_t1_r2=5u (00000000000000000000000000000101)

State 146 file /home/dell/zyworkspace/nichecker/Experiment/remarks2.1/svp_simple_007/_mt_svp_simple_007_001_result/_cs_svp_simple_007_001_global_array[2]_wwr_mt_svp_simple_007_001.c line 419 function main thread 0
----------------------------------------------------
  __cs_thread_index=1 (01)

State 147 file /home/dell/zyworkspace/nichecker/Experiment/remarks2.1/svp_simple_007/_mt_svp_simple_007_001_result/_cs_svp_simple_007_001_global_array[2]_wwr_mt_svp_simple_007_001.c line 421 function main thread 0
----------------------------------------------------
  __cs_pc_cs[1l]=5 (101)

State 152 file /home/dell/zyworkspace/nichecker/Experiment/remarks2.1/svp_simple_007/_mt_svp_simple_007_001_result/_cs_svp_simple_007_001_global_array[2]_wwr_mt_svp_simple_007_001.c line 427 function main thread 0
----------------------------------------------------
  __cs_param_main_task_arg=NULL (0000000000000000000000000000000000000000000000000000000000000000)

State 159 file /home/dell/zyworkspace/nichecker/Experiment/remarks2.1/svp_simple_007/_mt_svp_simple_007_001_result/_cs_svp_simple_007_001_global_array[2]_wwr_mt_svp_simple_007_001.c line 298 function main_task_0 thread 0
----------------------------------------------------
  __cs_local_main_task_reader1=9 (00000000000000000000000000001001)

State 160 file /home/dell/zyworkspace/nichecker/Experiment/remarks2.1/svp_simple_007/_mt_svp_simple_007_001_result/_cs_svp_simple_007_001_global_array[2]_wwr_mt_svp_simple_007_001.c line 300 function main_task_0 thread 0
----------------------------------------------------
  wwr_r2=9 (00000000000000000000000000001001)

Violated property:
  file /home/dell/zyworkspace/nichecker/Experiment/remarks2.1/svp_simple_007/_mt_svp_simple_007_001_result/_cs_svp_simple_007_001_global_array[2]_wwr_mt_svp_simple_007_001.c line 302 function main_task_0
  assertion wwr_r2 == wwr_w_tmp1
  wwr_r2 == wwr_w_tmp1


** 1 of 2 failed (2 iterations)
VERIFICATION FAILED
