2024-06-03 21:09:04
SVPCheck: True	LoopAbstraction: True	LabelReduction: True	Slice: True	

SVPCheck var: svp_simple_010_001_global_union	pattern: wrw
--------------------------Run start-------------------------------
inliner
slice
LoopAbstraction
unroller
insertLabel
lazyseq
feeder  0.182
[91mUNSAFE[0m, counterexample: 1, time: 3.141 s, memory: 28.90 MB
--------------------------Run end---------------------------------
SVPCheck var: svp_simple_010_001_global_struct	pattern: wrw
--------------------------Run start-------------------------------
inliner
slice
LoopAbstraction
unroller
insertLabel
lazyseq
feeder  0.182
[91mUNSAFE[0m, counterexample: 1, time: 3.282 s, memory: 28.91 MB
--------------------------Run end---------------------------------
cbmcTimeSum: 0.364
modulesTimeSum: 6.423
