2023-10-15 16:48:45
SVPCheck: True	LoopAbstraction: True	LabelReduction: False	Slice: False	

SVPCheck var: svp_simple_023_001_global_var	pattern: rwr
--------------------------Run start-------------------------------
inliner
slice
LoopAbstraction
unroller
insertLabel
lazyseq
feeder  0.192
[91mUNSAFE[0m, counterexample: 1, time: 1.677 s, memory: 29.80 MB
--------------------------Run end---------------------------------
SVPCheck var: svp_simple_023_001_global_var	pattern: rww
--------------------------Run start-------------------------------
inliner
slice
LoopAbstraction
unroller
insertLabel
lazyseq
feeder  0.194
[91mUNSAFE[0m, counterexample: 1, time: 1.661 s, memory: 29.66 MB
--------------------------Run end---------------------------------
cbmcTimeSum: 0.386
modulesTimeSum: 3.338
