2023-10-31 08:53:29
SVPCheck: True	LoopAbstraction: True	LabelReduction: True	Slice: True	

SVPCheck var: svp_simple_015_001_global_var1	pattern: rwr
--------------------------Run start-------------------------------
inliner
slice
LoopAbstraction
unroller
insertLabel
lazyseq
feeder  0.181
[91mUNSAFE[0m, counterexample: 1, time: 3.344 s, memory: 29.07 MB
--------------------------Run end---------------------------------
SVPCheck var: svp_simple_015_001_global_var2	pattern: rwr
--------------------------Run start-------------------------------
inliner
slice
LoopAbstraction
unroller
insertLabel
lazyseq
feeder  0.174
[92mSAFE[0m, counterexample: 0, time: 3.053 s, memory: 28.17 MB
--------------------------Run end---------------------------------
cbmcTimeSum: 0.355
modulesTimeSum: 6.397
