CBMC version 5.6 64-bit x86_64 linux
Parsing /home/dell/zyworkspace/nichecker/Experiment/remarks2.1_LA_Slicing/svp_simple_009/_mt_svp_simple_009_001_result/_cs_svp_simple_009_001_m_wwr_mt_svp_simple_009_001.c
<command-line>: warning: "__STDC_VERSION__" redefined
<built-in>: note: this is the location of the previous definition
Converting
Type-checking _cs_svp_simple_009_001_m_wwr_mt_svp_simple_009_001
file /home/dell/zyworkspace/nichecker/Experiment/remarks2.1_LA_Slicing/svp_simple_009/_mt_svp_simple_009_001_result/_cs_svp_simple_009_001_m_wwr_mt_svp_simple_009_001.c line 244 function main_task_0: function `assert' is not declared
Generating GOTO Program
Adding CPROVER library (x86_64)
Removal of function pointers and virtual functions
Partial Inlining
Generic Property Instrumentation
Starting Bounded Model Checking
**** WARNING: no body for function enable_isr
size of program expression: 540 steps
simple slicing removed 23 assignments
Generated 6 VCC(s), 6 remaining after simplification
Passing problem to propositional reduction
converting SSA
Running propositional reduction
Post-processing
Solving with MiniSAT 2.2.1 with simplifier
2106 variables, 4567 clauses
SAT checker: instance is SATISFIABLE
Solving with MiniSAT 2.2.1 with simplifier
2106 variables, 233 clauses
SAT checker inconsistent: instance is UNSATISFIABLE
Runtime decision procedure: 0.009s

** Results:
[main_task_0.assertion.1] assertion wwr_rsvp_simple_009_001_m_1 == wwr_w_tmpsvp_simple_009_001_m_1: FAILURE
[main_task_0.assertion.2] assertion wwr_rsvp_simple_009_001_m_1 == wwr_w_tmpsvp_simple_009_001_m_1: SUCCESS

Trace for main_task_0.assertion.1:

State 57 file /home/dell/zyworkspace/nichecker/Experiment/remarks2.1_LA_Slicing/svp_simple_009/_mt_svp_simple_009_001_result/_cs_svp_simple_009_001_m_wwr_mt_svp_simple_009_001.c line 331 function main thread 0
----------------------------------------------------
  __cs_tmp_t1_r0=2 (010)

State 59 file /home/dell/zyworkspace/nichecker/Experiment/remarks2.1_LA_Slicing/svp_simple_009/_mt_svp_simple_009_001_result/_cs_svp_simple_009_001_m_wwr_mt_svp_simple_009_001.c line 335 function main thread 0
----------------------------------------------------
  __cs_thread_index=1 (01)

State 60 file /home/dell/zyworkspace/nichecker/Experiment/remarks2.1_LA_Slicing/svp_simple_009/_mt_svp_simple_009_001_result/_cs_svp_simple_009_001_m_wwr_mt_svp_simple_009_001.c line 337 function main thread 0
----------------------------------------------------
  __cs_pc_cs[1l]=2 (010)

State 65 file /home/dell/zyworkspace/nichecker/Experiment/remarks2.1_LA_Slicing/svp_simple_009/_mt_svp_simple_009_001_result/_cs_svp_simple_009_001_m_wwr_mt_svp_simple_009_001.c line 343 function main thread 0
----------------------------------------------------
  __cs_param_main_task_arg=NULL (0000000000000000000000000000000000000000000000000000000000000000)

State 70 file /home/dell/zyworkspace/nichecker/Experiment/remarks2.1_LA_Slicing/svp_simple_009/_mt_svp_simple_009_001_result/_cs_svp_simple_009_001_m_wwr_mt_svp_simple_009_001.c line 197 function main_task_0 thread 0
----------------------------------------------------
  __cs_disable_thread[2l]=0 (0)

State 71 file /home/dell/zyworkspace/nichecker/Experiment/remarks2.1_LA_Slicing/svp_simple_009/_mt_svp_simple_009_001_result/_cs_svp_simple_009_001_m_wwr_mt_svp_simple_009_001.c line 200 function main_task_0 thread 0
----------------------------------------------------
  __cs_disable_thread[0l]=0 (0)

State 72 file /home/dell/zyworkspace/nichecker/Experiment/remarks2.1_LA_Slicing/svp_simple_009/_mt_svp_simple_009_001_result/_cs_svp_simple_009_001_m_wwr_mt_svp_simple_009_001.c line 209 function main_task_0 thread 0
----------------------------------------------------
  __cs_local_main_task_svp_simple_009_001_local_var1=1 (00000000000000000000000000000001)

State 73 file /home/dell/zyworkspace/nichecker/Experiment/remarks2.1_LA_Slicing/svp_simple_009/_mt_svp_simple_009_001_result/_cs_svp_simple_009_001_m_wwr_mt_svp_simple_009_001.c line 214 function main_task_0 thread 0
----------------------------------------------------
  __cs_variable_address_list[0l]=&__cs_local_main_task_svp_simple_009_001_local_var2 (0000001000000000000000000000000000000000000000000000000000000000)

State 74 file /home/dell/zyworkspace/nichecker/Experiment/remarks2.1_LA_Slicing/svp_simple_009/_mt_svp_simple_009_001_result/_cs_svp_simple_009_001_m_wwr_mt_svp_simple_009_001.c line 216 function main_task_0 thread 0
----------------------------------------------------
  __cs_local_main_task_svp_simple_009_001_local_var2=9 (00000000000000000000000000001001)

State 75 file /home/dell/zyworkspace/nichecker/Experiment/remarks2.1_LA_Slicing/svp_simple_009/_mt_svp_simple_009_001_result/_cs_svp_simple_009_001_m_wwr_mt_svp_simple_009_001.c line 218 function main_task_0 thread 0
----------------------------------------------------
  wwr_w_tmp__cs_local_main_task_svp_simple_009_001_local_var2_1_num=1 (00000000000000000000000000000001)

State 76 file /home/dell/zyworkspace/nichecker/Experiment/remarks2.1_LA_Slicing/svp_simple_009/_mt_svp_simple_009_001_result/_cs_svp_simple_009_001_m_wwr_mt_svp_simple_009_001.c line 219 function main_task_0 thread 0
----------------------------------------------------
  wwr_w_tmp__cs_local_main_task_svp_simple_009_001_local_var2_1=9 (00000000000000000000000000001001)

State 78 file /home/dell/zyworkspace/nichecker/Experiment/remarks2.1_LA_Slicing/svp_simple_009/_mt_svp_simple_009_001_result/_cs_svp_simple_009_001_m_wwr_mt_svp_simple_009_001.c line 224 function main_task_0 thread 0
----------------------------------------------------
  svp_simple_009_001_m=&__cs_local_main_task_svp_simple_009_001_local_var2 (0000001000000000000000000000000000000000000000000000000000000000)

State 79 file /home/dell/zyworkspace/nichecker/Experiment/remarks2.1_LA_Slicing/svp_simple_009/_mt_svp_simple_009_001_result/_cs_svp_simple_009_001_m_wwr_mt_svp_simple_009_001.c line 226 function main_task_0 thread 0
----------------------------------------------------
  wwr_w_tmpsvp_simple_009_001_m_1_num=1 (00000000000000000000000000000001)

State 80 file /home/dell/zyworkspace/nichecker/Experiment/remarks2.1_LA_Slicing/svp_simple_009/_mt_svp_simple_009_001_result/_cs_svp_simple_009_001_m_wwr_mt_svp_simple_009_001.c line 227 function main_task_0 thread 0
----------------------------------------------------
  wwr_w_tmpsvp_simple_009_001_m_1=&__cs_local_main_task_svp_simple_009_001_local_var2 (0000001000000000000000000000000000000000000000000000000000000000)

State 85 file /home/dell/zyworkspace/nichecker/Experiment/remarks2.1_LA_Slicing/svp_simple_009/_mt_svp_simple_009_001_result/_cs_svp_simple_009_001_m_wwr_mt_svp_simple_009_001.c line 278 function main_task_0 thread 0
----------------------------------------------------
  __cs_value_ptr=NULL (0000000000000000000000000000000000000000000000000000000000000000)

State 90 file /home/dell/zyworkspace/nichecker/Experiment/remarks2.1_LA_Slicing/svp_simple_009/_mt_svp_simple_009_001_result/_cs_svp_simple_009_001_m_wwr_mt_svp_simple_009_001.c line 345 function main thread 0
----------------------------------------------------
  __cs_pc[1l]=2 (010)

State 91 file /home/dell/zyworkspace/nichecker/Experiment/remarks2.1_LA_Slicing/svp_simple_009/_mt_svp_simple_009_001_result/_cs_svp_simple_009_001_m_wwr_mt_svp_simple_009_001.c line 351 function main thread 0
----------------------------------------------------
  __cs_tmp_t2_r0=1 (1)

State 93 file /home/dell/zyworkspace/nichecker/Experiment/remarks2.1_LA_Slicing/svp_simple_009/_mt_svp_simple_009_001_result/_cs_svp_simple_009_001_m_wwr_mt_svp_simple_009_001.c line 356 function main thread 0
----------------------------------------------------
  __cs_thread_index=2 (10)

State 94 file /home/dell/zyworkspace/nichecker/Experiment/remarks2.1_LA_Slicing/svp_simple_009/_mt_svp_simple_009_001_result/_cs_svp_simple_009_001_m_wwr_mt_svp_simple_009_001.c line 358 function main thread 0
----------------------------------------------------
  __cs_pc_cs[2l]=1 (001)

State 99 file /home/dell/zyworkspace/nichecker/Experiment/remarks2.1_LA_Slicing/svp_simple_009/_mt_svp_simple_009_001_result/_cs_svp_simple_009_001_m_wwr_mt_svp_simple_009_001.c line 364 function main thread 0
----------------------------------------------------
  __cs_param_svp_simple_009_001_isr_1_arg=NULL (0000000000000000000000000000000000000000000000000000000000000000)

State 101 file /home/dell/zyworkspace/nichecker/Experiment/remarks2.1_LA_Slicing/svp_simple_009/_mt_svp_simple_009_001_result/_cs_svp_simple_009_001_m_wwr_mt_svp_simple_009_001.c line 289 function svp_simple_009_001_isr_1_0 thread 0
----------------------------------------------------
  __cs_local_svp_simple_009_001_isr_1_reader1=0 (00000000000000000000000000000000)

State 102 file /home/dell/zyworkspace/nichecker/Experiment/remarks2.1_LA_Slicing/svp_simple_009/_mt_svp_simple_009_001_result/_cs_svp_simple_009_001_m_wwr_mt_svp_simple_009_001.c line 296 function svp_simple_009_001_isr_1_0 thread 0
----------------------------------------------------
  __cs_local_svp_simple_009_001_isr_1_i=0 (00000000000000000000000000000000)

State 103 file /home/dell/zyworkspace/nichecker/Experiment/remarks2.1_LA_Slicing/svp_simple_009/_mt_svp_simple_009_001_result/_cs_svp_simple_009_001_m_wwr_mt_svp_simple_009_001.c line 303 function svp_simple_009_001_isr_1_0 thread 0
----------------------------------------------------
  __cs_variable_address_list[1l]=&__cs_local_svp_simple_009_001_isr_1_svp_simple_009_001_local_var3 (0000001100000000000000000000000000000000000000000000000000000000)

State 104 file /home/dell/zyworkspace/nichecker/Experiment/remarks2.1_LA_Slicing/svp_simple_009/_mt_svp_simple_009_001_result/_cs_svp_simple_009_001_m_wwr_mt_svp_simple_009_001.c line 305 function svp_simple_009_001_isr_1_0 thread 0
----------------------------------------------------
  __cs_local_svp_simple_009_001_isr_1_svp_simple_009_001_local_var3=8 (00000000000000000000000000001000)

State 105 file /home/dell/zyworkspace/nichecker/Experiment/remarks2.1_LA_Slicing/svp_simple_009/_mt_svp_simple_009_001_result/_cs_svp_simple_009_001_m_wwr_mt_svp_simple_009_001.c line 306 function svp_simple_009_001_isr_1_0 thread 0
----------------------------------------------------
  svp_simple_009_001_m=&__cs_local_svp_simple_009_001_isr_1_svp_simple_009_001_local_var3 (0000001100000000000000000000000000000000000000000000000000000000)

State 106 file /home/dell/zyworkspace/nichecker/Experiment/remarks2.1_LA_Slicing/svp_simple_009/_mt_svp_simple_009_001_result/_cs_svp_simple_009_001_m_wwr_mt_svp_simple_009_001.c line 308 function svp_simple_009_001_isr_1_0 thread 0
----------------------------------------------------
  __cs_local_svp_simple_009_001_isr_1_reader2=8 (00000000000000000000000000001000)

State 110 file /home/dell/zyworkspace/nichecker/Experiment/remarks2.1_LA_Slicing/svp_simple_009/_mt_svp_simple_009_001_result/_cs_svp_simple_009_001_m_wwr_mt_svp_simple_009_001.c line 319 function svp_simple_009_001_isr_1_0 thread 0
----------------------------------------------------
  __cs_value_ptr=NULL (0000000000000000000000000000000000000000000000000000000000000000)

State 115 file /home/dell/zyworkspace/nichecker/Experiment/remarks2.1_LA_Slicing/svp_simple_009/_mt_svp_simple_009_001_result/_cs_svp_simple_009_001_m_wwr_mt_svp_simple_009_001.c line 366 function main thread 0
----------------------------------------------------
  __cs_pc[2l]=1 (001)

State 116 file /home/dell/zyworkspace/nichecker/Experiment/remarks2.1_LA_Slicing/svp_simple_009/_mt_svp_simple_009_001_result/_cs_svp_simple_009_001_m_wwr_mt_svp_simple_009_001.c line 376 function main thread 0
----------------------------------------------------
  __cs_tmp_t1_r1=3 (011)

State 118 file /home/dell/zyworkspace/nichecker/Experiment/remarks2.1_LA_Slicing/svp_simple_009/_mt_svp_simple_009_001_result/_cs_svp_simple_009_001_m_wwr_mt_svp_simple_009_001.c line 381 function main thread 0
----------------------------------------------------
  __cs_thread_index=1 (01)

State 119 file /home/dell/zyworkspace/nichecker/Experiment/remarks2.1_LA_Slicing/svp_simple_009/_mt_svp_simple_009_001_result/_cs_svp_simple_009_001_m_wwr_mt_svp_simple_009_001.c line 383 function main thread 0
----------------------------------------------------
  __cs_pc_cs[1l]=3 (011)

State 124 file /home/dell/zyworkspace/nichecker/Experiment/remarks2.1_LA_Slicing/svp_simple_009/_mt_svp_simple_009_001_result/_cs_svp_simple_009_001_m_wwr_mt_svp_simple_009_001.c line 389 function main thread 0
----------------------------------------------------
  __cs_param_main_task_arg=NULL (0000000000000000000000000000000000000000000000000000000000000000)

State 128 file /home/dell/zyworkspace/nichecker/Experiment/remarks2.1_LA_Slicing/svp_simple_009/_mt_svp_simple_009_001_result/_cs_svp_simple_009_001_m_wwr_mt_svp_simple_009_001.c line 233 function main_task_0 thread 0
----------------------------------------------------
  __cs_local_svp_simple_009_001_isr_1_svp_simple_009_001_local_var3=6 (00000000000000000000000000000110)

State 130 file /home/dell/zyworkspace/nichecker/Experiment/remarks2.1_LA_Slicing/svp_simple_009/_mt_svp_simple_009_001_result/_cs_svp_simple_009_001_m_wwr_mt_svp_simple_009_001.c line 242 function main_task_0 thread 0
----------------------------------------------------
  wwr_rsvp_simple_009_001_m_1=&__cs_local_svp_simple_009_001_isr_1_svp_simple_009_001_local_var3 (0000001100000000000000000000000000000000000000000000000000000000)

Violated property:
  file /home/dell/zyworkspace/nichecker/Experiment/remarks2.1_LA_Slicing/svp_simple_009/_mt_svp_simple_009_001_result/_cs_svp_simple_009_001_m_wwr_mt_svp_simple_009_001.c line 244 function main_task_0
  assertion wwr_rsvp_simple_009_001_m_1 == wwr_w_tmpsvp_simple_009_001_m_1
  wwr_rsvp_simple_009_001_m_1 == wwr_w_tmpsvp_simple_009_001_m_1


** 1 of 2 failed (2 iterations)
VERIFICATION FAILED
