CBMC version 5.6 64-bit x86_64 linux
Parsing /home/dell/zyworkspace/nichecker/Experiment/remarks2.1_LA_Slicing/svp_simple_009/_mt_svp_simple_009_001_result/_cs_svp_simple_009_001_m_rwr_mt_svp_simple_009_001.c
<command-line>: warning: "__STDC_VERSION__" redefined
<built-in>: note: this is the location of the previous definition
Converting
Type-checking _cs_svp_simple_009_001_m_rwr_mt_svp_simple_009_001
file /home/dell/zyworkspace/nichecker/Experiment/remarks2.1_LA_Slicing/svp_simple_009/_mt_svp_simple_009_001_result/_cs_svp_simple_009_001_m_rwr_mt_svp_simple_009_001.c line 232 function main_task_0: function `assert' is not declared
Generating GOTO Program
Adding CPROVER library (x86_64)
Removal of function pointers and virtual functions
Partial Inlining
Generic Property Instrumentation
Starting Bounded Model Checking
**** WARNING: no body for function enable_isr
size of program expression: 478 steps
simple slicing removed 24 assignments
Generated 5 VCC(s), 5 remaining after simplification
Passing problem to propositional reduction
converting SSA
Running propositional reduction
Post-processing
Solving with MiniSAT 2.2.1 with simplifier
2547 variables, 5225 clauses
SAT checker: instance is SATISFIABLE
Solving with MiniSAT 2.2.1 with simplifier
2547 variables, 269 clauses
SAT checker: instance is UNSATISFIABLE
Runtime decision procedure: 0.01s

** Results:
[main_task_0.assertion.1] assertion rwr_rsvp_simple_009_001_m_1 == rwr_tmpsvp_simple_009_001_m_1: SUCCESS
[main_task_0.assertion.2] assertion rwr_rsvp_simple_009_001_m_2 == rwr_tmpsvp_simple_009_001_m_1: FAILURE

Trace for main_task_0.assertion.2:

State 60 file /home/dell/zyworkspace/nichecker/Experiment/remarks2.1_LA_Slicing/svp_simple_009/_mt_svp_simple_009_001_result/_cs_svp_simple_009_001_m_rwr_mt_svp_simple_009_001.c line 320 function main thread 0
----------------------------------------------------
  __cs_tmp_t1_r0=2 (010)

State 62 file /home/dell/zyworkspace/nichecker/Experiment/remarks2.1_LA_Slicing/svp_simple_009/_mt_svp_simple_009_001_result/_cs_svp_simple_009_001_m_rwr_mt_svp_simple_009_001.c line 324 function main thread 0
----------------------------------------------------
  __cs_thread_index=1 (01)

State 63 file /home/dell/zyworkspace/nichecker/Experiment/remarks2.1_LA_Slicing/svp_simple_009/_mt_svp_simple_009_001_result/_cs_svp_simple_009_001_m_rwr_mt_svp_simple_009_001.c line 326 function main thread 0
----------------------------------------------------
  __cs_pc_cs[1l]=2 (010)

State 68 file /home/dell/zyworkspace/nichecker/Experiment/remarks2.1_LA_Slicing/svp_simple_009/_mt_svp_simple_009_001_result/_cs_svp_simple_009_001_m_rwr_mt_svp_simple_009_001.c line 332 function main thread 0
----------------------------------------------------
  __cs_param_main_task_arg=NULL (0000000000000000000000000000000000000000000000000000000000000000)

State 73 file /home/dell/zyworkspace/nichecker/Experiment/remarks2.1_LA_Slicing/svp_simple_009/_mt_svp_simple_009_001_result/_cs_svp_simple_009_001_m_rwr_mt_svp_simple_009_001.c line 200 function main_task_0 thread 0
----------------------------------------------------
  __cs_disable_thread[2l]=0 (0)

State 74 file /home/dell/zyworkspace/nichecker/Experiment/remarks2.1_LA_Slicing/svp_simple_009/_mt_svp_simple_009_001_result/_cs_svp_simple_009_001_m_rwr_mt_svp_simple_009_001.c line 203 function main_task_0 thread 0
----------------------------------------------------
  __cs_disable_thread[0l]=0 (0)

State 75 file /home/dell/zyworkspace/nichecker/Experiment/remarks2.1_LA_Slicing/svp_simple_009/_mt_svp_simple_009_001_result/_cs_svp_simple_009_001_m_rwr_mt_svp_simple_009_001.c line 212 function main_task_0 thread 0
----------------------------------------------------
  __cs_local_main_task_svp_simple_009_001_local_var1=1 (00000000000000000000000000000001)

State 76 file /home/dell/zyworkspace/nichecker/Experiment/remarks2.1_LA_Slicing/svp_simple_009/_mt_svp_simple_009_001_result/_cs_svp_simple_009_001_m_rwr_mt_svp_simple_009_001.c line 217 function main_task_0 thread 0
----------------------------------------------------
  __cs_variable_address_list[0l]=&__cs_local_main_task_svp_simple_009_001_local_var2 (0000001000000000000000000000000000000000000000000000000000000000)

State 77 file /home/dell/zyworkspace/nichecker/Experiment/remarks2.1_LA_Slicing/svp_simple_009/_mt_svp_simple_009_001_result/_cs_svp_simple_009_001_m_rwr_mt_svp_simple_009_001.c line 219 function main_task_0 thread 0
----------------------------------------------------
  __cs_local_main_task_svp_simple_009_001_local_var2=9 (00000000000000000000000000001001)

State 79 file /home/dell/zyworkspace/nichecker/Experiment/remarks2.1_LA_Slicing/svp_simple_009/_mt_svp_simple_009_001_result/_cs_svp_simple_009_001_m_rwr_mt_svp_simple_009_001.c line 223 function main_task_0 thread 0
----------------------------------------------------
  svp_simple_009_001_m=&__cs_local_main_task_svp_simple_009_001_local_var2 (0000001000000000000000000000000000000000000000000000000000000000)

State 84 file /home/dell/zyworkspace/nichecker/Experiment/remarks2.1_LA_Slicing/svp_simple_009/_mt_svp_simple_009_001_result/_cs_svp_simple_009_001_m_rwr_mt_svp_simple_009_001.c line 267 function main_task_0 thread 0
----------------------------------------------------
  __cs_value_ptr=NULL (0000000000000000000000000000000000000000000000000000000000000000)

State 89 file /home/dell/zyworkspace/nichecker/Experiment/remarks2.1_LA_Slicing/svp_simple_009/_mt_svp_simple_009_001_result/_cs_svp_simple_009_001_m_rwr_mt_svp_simple_009_001.c line 334 function main thread 0
----------------------------------------------------
  __cs_pc[1l]=2 (010)

State 90 file /home/dell/zyworkspace/nichecker/Experiment/remarks2.1_LA_Slicing/svp_simple_009/_mt_svp_simple_009_001_result/_cs_svp_simple_009_001_m_rwr_mt_svp_simple_009_001.c line 340 function main thread 0
----------------------------------------------------
  __cs_tmp_t2_r0=0 (0)

State 92 file /home/dell/zyworkspace/nichecker/Experiment/remarks2.1_LA_Slicing/svp_simple_009/_mt_svp_simple_009_001_result/_cs_svp_simple_009_001_m_rwr_mt_svp_simple_009_001.c line 345 function main thread 0
----------------------------------------------------
  __cs_thread_index=2 (10)

State 93 file /home/dell/zyworkspace/nichecker/Experiment/remarks2.1_LA_Slicing/svp_simple_009/_mt_svp_simple_009_001_result/_cs_svp_simple_009_001_m_rwr_mt_svp_simple_009_001.c line 347 function main thread 0
----------------------------------------------------
  __cs_pc_cs[2l]=0 (000)

State 98 file /home/dell/zyworkspace/nichecker/Experiment/remarks2.1_LA_Slicing/svp_simple_009/_mt_svp_simple_009_001_result/_cs_svp_simple_009_001_m_rwr_mt_svp_simple_009_001.c line 353 function main thread 0
----------------------------------------------------
  __cs_param_svp_simple_009_001_isr_1_arg=NULL (0000000000000000000000000000000000000000000000000000000000000000)

State 102 file /home/dell/zyworkspace/nichecker/Experiment/remarks2.1_LA_Slicing/svp_simple_009/_mt_svp_simple_009_001_result/_cs_svp_simple_009_001_m_rwr_mt_svp_simple_009_001.c line 308 function svp_simple_009_001_isr_1_0 thread 0
----------------------------------------------------
  __cs_value_ptr=NULL (0000000000000000000000000000000000000000000000000000000000000000)

State 107 file /home/dell/zyworkspace/nichecker/Experiment/remarks2.1_LA_Slicing/svp_simple_009/_mt_svp_simple_009_001_result/_cs_svp_simple_009_001_m_rwr_mt_svp_simple_009_001.c line 355 function main thread 0
----------------------------------------------------
  __cs_pc[2l]=0 (000)

State 108 file /home/dell/zyworkspace/nichecker/Experiment/remarks2.1_LA_Slicing/svp_simple_009/_mt_svp_simple_009_001_result/_cs_svp_simple_009_001_m_rwr_mt_svp_simple_009_001.c line 365 function main thread 0
----------------------------------------------------
  __cs_tmp_t1_r1=3 (011)

State 110 file /home/dell/zyworkspace/nichecker/Experiment/remarks2.1_LA_Slicing/svp_simple_009/_mt_svp_simple_009_001_result/_cs_svp_simple_009_001_m_rwr_mt_svp_simple_009_001.c line 370 function main thread 0
----------------------------------------------------
  __cs_thread_index=1 (01)

State 111 file /home/dell/zyworkspace/nichecker/Experiment/remarks2.1_LA_Slicing/svp_simple_009/_mt_svp_simple_009_001_result/_cs_svp_simple_009_001_m_rwr_mt_svp_simple_009_001.c line 372 function main thread 0
----------------------------------------------------
  __cs_pc_cs[1l]=3 (011)

State 116 file /home/dell/zyworkspace/nichecker/Experiment/remarks2.1_LA_Slicing/svp_simple_009/_mt_svp_simple_009_001_result/_cs_svp_simple_009_001_m_rwr_mt_svp_simple_009_001.c line 378 function main thread 0
----------------------------------------------------
  __cs_param_main_task_arg=NULL (0000000000000000000000000000000000000000000000000000000000000000)

State 120 file /home/dell/zyworkspace/nichecker/Experiment/remarks2.1_LA_Slicing/svp_simple_009/_mt_svp_simple_009_001_result/_cs_svp_simple_009_001_m_rwr_mt_svp_simple_009_001.c line 228 function main_task_0 thread 0
----------------------------------------------------
  __cs_local_main_task_svp_simple_009_001_local_var2=6 (00000000000000000000000000000110)

State 121 file /home/dell/zyworkspace/nichecker/Experiment/remarks2.1_LA_Slicing/svp_simple_009/_mt_svp_simple_009_001_result/_cs_svp_simple_009_001_m_rwr_mt_svp_simple_009_001.c line 230 function main_task_0 thread 0
----------------------------------------------------
  rwr_rsvp_simple_009_001_m_1=&__cs_local_main_task_svp_simple_009_001_local_var2 (0000001000000000000000000000000000000000000000000000000000000000)

State 123 file /home/dell/zyworkspace/nichecker/Experiment/remarks2.1_LA_Slicing/svp_simple_009/_mt_svp_simple_009_001_result/_cs_svp_simple_009_001_m_rwr_mt_svp_simple_009_001.c line 234 function main_task_0 thread 0
----------------------------------------------------
  rwr_tmpsvp_simple_009_001_m_1_num=1 (00000000000000000000000000000001)

State 124 file /home/dell/zyworkspace/nichecker/Experiment/remarks2.1_LA_Slicing/svp_simple_009/_mt_svp_simple_009_001_result/_cs_svp_simple_009_001_m_rwr_mt_svp_simple_009_001.c line 235 function main_task_0 thread 0
----------------------------------------------------
  rwr_tmpsvp_simple_009_001_m_1=&__cs_local_main_task_svp_simple_009_001_local_var2 (0000001000000000000000000000000000000000000000000000000000000000)

State 128 file /home/dell/zyworkspace/nichecker/Experiment/remarks2.1_LA_Slicing/svp_simple_009/_mt_svp_simple_009_001_result/_cs_svp_simple_009_001_m_rwr_mt_svp_simple_009_001.c line 267 function main_task_0 thread 0
----------------------------------------------------
  __cs_value_ptr=NULL (0000000000000000000000000000000000000000000000000000000000000000)

State 133 file /home/dell/zyworkspace/nichecker/Experiment/remarks2.1_LA_Slicing/svp_simple_009/_mt_svp_simple_009_001_result/_cs_svp_simple_009_001_m_rwr_mt_svp_simple_009_001.c line 380 function main thread 0
----------------------------------------------------
  __cs_pc[1l]=3 (011)

State 134 file /home/dell/zyworkspace/nichecker/Experiment/remarks2.1_LA_Slicing/svp_simple_009/_mt_svp_simple_009_001_result/_cs_svp_simple_009_001_m_rwr_mt_svp_simple_009_001.c line 386 function main thread 0
----------------------------------------------------
  __cs_tmp_t2_r1=1 (1)

State 136 file /home/dell/zyworkspace/nichecker/Experiment/remarks2.1_LA_Slicing/svp_simple_009/_mt_svp_simple_009_001_result/_cs_svp_simple_009_001_m_rwr_mt_svp_simple_009_001.c line 391 function main thread 0
----------------------------------------------------
  __cs_thread_index=2 (10)

State 137 file /home/dell/zyworkspace/nichecker/Experiment/remarks2.1_LA_Slicing/svp_simple_009/_mt_svp_simple_009_001_result/_cs_svp_simple_009_001_m_rwr_mt_svp_simple_009_001.c line 393 function main thread 0
----------------------------------------------------
  __cs_pc_cs[2l]=1 (001)

State 142 file /home/dell/zyworkspace/nichecker/Experiment/remarks2.1_LA_Slicing/svp_simple_009/_mt_svp_simple_009_001_result/_cs_svp_simple_009_001_m_rwr_mt_svp_simple_009_001.c line 399 function main thread 0
----------------------------------------------------
  __cs_param_svp_simple_009_001_isr_1_arg=NULL (0000000000000000000000000000000000000000000000000000000000000000)

State 144 file /home/dell/zyworkspace/nichecker/Experiment/remarks2.1_LA_Slicing/svp_simple_009/_mt_svp_simple_009_001_result/_cs_svp_simple_009_001_m_rwr_mt_svp_simple_009_001.c line 278 function svp_simple_009_001_isr_1_0 thread 0
----------------------------------------------------
  __cs_local_svp_simple_009_001_isr_1_reader1=0 (00000000000000000000000000000000)

State 145 file /home/dell/zyworkspace/nichecker/Experiment/remarks2.1_LA_Slicing/svp_simple_009/_mt_svp_simple_009_001_result/_cs_svp_simple_009_001_m_rwr_mt_svp_simple_009_001.c line 285 function svp_simple_009_001_isr_1_0 thread 0
----------------------------------------------------
  __cs_local_svp_simple_009_001_isr_1_i=0 (00000000000000000000000000000000)

State 146 file /home/dell/zyworkspace/nichecker/Experiment/remarks2.1_LA_Slicing/svp_simple_009/_mt_svp_simple_009_001_result/_cs_svp_simple_009_001_m_rwr_mt_svp_simple_009_001.c line 292 function svp_simple_009_001_isr_1_0 thread 0
----------------------------------------------------
  __cs_variable_address_list[1l]=&__cs_local_svp_simple_009_001_isr_1_svp_simple_009_001_local_var3 (0000001100000000000000000000000000000000000000000000000000000000)

State 147 file /home/dell/zyworkspace/nichecker/Experiment/remarks2.1_LA_Slicing/svp_simple_009/_mt_svp_simple_009_001_result/_cs_svp_simple_009_001_m_rwr_mt_svp_simple_009_001.c line 294 function svp_simple_009_001_isr_1_0 thread 0
----------------------------------------------------
  __cs_local_svp_simple_009_001_isr_1_svp_simple_009_001_local_var3=8 (00000000000000000000000000001000)

State 148 file /home/dell/zyworkspace/nichecker/Experiment/remarks2.1_LA_Slicing/svp_simple_009/_mt_svp_simple_009_001_result/_cs_svp_simple_009_001_m_rwr_mt_svp_simple_009_001.c line 295 function svp_simple_009_001_isr_1_0 thread 0
----------------------------------------------------
  svp_simple_009_001_m=&__cs_local_svp_simple_009_001_isr_1_svp_simple_009_001_local_var3 (0000001100000000000000000000000000000000000000000000000000000000)

State 149 file /home/dell/zyworkspace/nichecker/Experiment/remarks2.1_LA_Slicing/svp_simple_009/_mt_svp_simple_009_001_result/_cs_svp_simple_009_001_m_rwr_mt_svp_simple_009_001.c line 297 function svp_simple_009_001_isr_1_0 thread 0
----------------------------------------------------
  __cs_local_svp_simple_009_001_isr_1_reader2=8 (00000000000000000000000000001000)

State 153 file /home/dell/zyworkspace/nichecker/Experiment/remarks2.1_LA_Slicing/svp_simple_009/_mt_svp_simple_009_001_result/_cs_svp_simple_009_001_m_rwr_mt_svp_simple_009_001.c line 308 function svp_simple_009_001_isr_1_0 thread 0
----------------------------------------------------
  __cs_value_ptr=NULL (0000000000000000000000000000000000000000000000000000000000000000)

State 158 file /home/dell/zyworkspace/nichecker/Experiment/remarks2.1_LA_Slicing/svp_simple_009/_mt_svp_simple_009_001_result/_cs_svp_simple_009_001_m_rwr_mt_svp_simple_009_001.c line 401 function main thread 0
----------------------------------------------------
  __cs_pc[2l]=1 (001)

State 159 file /home/dell/zyworkspace/nichecker/Experiment/remarks2.1_LA_Slicing/svp_simple_009/_mt_svp_simple_009_001_result/_cs_svp_simple_009_001_m_rwr_mt_svp_simple_009_001.c line 405 function main thread 0
----------------------------------------------------
  __cs_tmp_t1_r2=4u (00000000000000000000000000000100)

State 161 file /home/dell/zyworkspace/nichecker/Experiment/remarks2.1_LA_Slicing/svp_simple_009/_mt_svp_simple_009_001_result/_cs_svp_simple_009_001_m_rwr_mt_svp_simple_009_001.c line 410 function main thread 0
----------------------------------------------------
  __cs_thread_index=1 (01)

State 162 file /home/dell/zyworkspace/nichecker/Experiment/remarks2.1_LA_Slicing/svp_simple_009/_mt_svp_simple_009_001_result/_cs_svp_simple_009_001_m_rwr_mt_svp_simple_009_001.c line 412 function main thread 0
----------------------------------------------------
  __cs_pc_cs[1l]=4 (100)

State 167 file /home/dell/zyworkspace/nichecker/Experiment/remarks2.1_LA_Slicing/svp_simple_009/_mt_svp_simple_009_001_result/_cs_svp_simple_009_001_m_rwr_mt_svp_simple_009_001.c line 418 function main thread 0
----------------------------------------------------
  __cs_param_main_task_arg=NULL (0000000000000000000000000000000000000000000000000000000000000000)

State 172 file /home/dell/zyworkspace/nichecker/Experiment/remarks2.1_LA_Slicing/svp_simple_009/_mt_svp_simple_009_001_result/_cs_svp_simple_009_001_m_rwr_mt_svp_simple_009_001.c line 241 function main_task_0 thread 0
----------------------------------------------------
  __cs_local_svp_simple_009_001_isr_1_svp_simple_009_001_local_var3=6 (00000000000000000000000000000110)

State 174 file /home/dell/zyworkspace/nichecker/Experiment/remarks2.1_LA_Slicing/svp_simple_009/_mt_svp_simple_009_001_result/_cs_svp_simple_009_001_m_rwr_mt_svp_simple_009_001.c line 249 function main_task_0 thread 0
----------------------------------------------------
  rwr_rsvp_simple_009_001_m_2=&__cs_local_svp_simple_009_001_isr_1_svp_simple_009_001_local_var3 (0000001100000000000000000000000000000000000000000000000000000000)

Violated property:
  file /home/dell/zyworkspace/nichecker/Experiment/remarks2.1_LA_Slicing/svp_simple_009/_mt_svp_simple_009_001_result/_cs_svp_simple_009_001_m_rwr_mt_svp_simple_009_001.c line 251 function main_task_0
  assertion rwr_rsvp_simple_009_001_m_2 == rwr_tmpsvp_simple_009_001_m_1
  rwr_rsvp_simple_009_001_m_2 == rwr_tmpsvp_simple_009_001_m_1


** 1 of 2 failed (2 iterations)
VERIFICATION FAILED
