CBMC version 5.6 64-bit x86_64 linux
Parsing /home/dell/zyworkspace/nichecker/Experiment/remarks2.1_LA_Slicing/svp_simple_009/_mt_svp_simple_009_001_result/_cs_svp_simple_009_001_p_wrw_mt_svp_simple_009_001.c
<command-line>: warning: "__STDC_VERSION__" redefined
<built-in>: note: this is the location of the previous definition
Converting
Type-checking _cs_svp_simple_009_001_p_wrw_mt_svp_simple_009_001
file /home/dell/zyworkspace/nichecker/Experiment/remarks2.1_LA_Slicing/svp_simple_009/_mt_svp_simple_009_001_result/_cs_svp_simple_009_001_p_wrw_mt_svp_simple_009_001.c line 204 function main_task_0: function `assert' is not declared
Generating GOTO Program
Adding CPROVER library (x86_64)
Removal of function pointers and virtual functions
Partial Inlining
Generic Property Instrumentation
Starting Bounded Model Checking
**** WARNING: no body for function enable_isr
size of program expression: 422 steps
simple slicing removed 23 assignments
Generated 7 VCC(s), 6 remaining after simplification
Passing problem to propositional reduction
converting SSA
Running propositional reduction
Post-processing
Solving with MiniSAT 2.2.1 with simplifier
1302 variables, 2222 clauses
SAT checker: instance is SATISFIABLE
Solving with MiniSAT 2.2.1 with simplifier
1302 variables, 191 clauses
SAT checker: instance is UNSATISFIABLE
Runtime decision procedure: 0.005s

** Results:
[main_task_0.assertion.1] assertion wrw_a___cs_local_main_task_svp_simple_009_001_local_var1_1 == 0: SUCCESS
[main_task_0.assertion.2] assertion wrw_a_svp_simple_009_001_p_1 == 0: SUCCESS
[main_task_0.assertion.3] assertion wrw_a___cs_local_main_task_svp_simple_009_001_local_var1_1 == 0: FAILURE

Trace for main_task_0.assertion.3:

State 47 file /home/dell/zyworkspace/nichecker/Experiment/remarks2.1_LA_Slicing/svp_simple_009/_mt_svp_simple_009_001_result/_cs_svp_simple_009_001_p_wrw_mt_svp_simple_009_001.c line 308 function main thread 0
----------------------------------------------------
  __cs_tmp_t1_r0=2 (10)

State 49 file /home/dell/zyworkspace/nichecker/Experiment/remarks2.1_LA_Slicing/svp_simple_009/_mt_svp_simple_009_001_result/_cs_svp_simple_009_001_p_wrw_mt_svp_simple_009_001.c line 312 function main thread 0
----------------------------------------------------
  __cs_thread_index=1 (01)

State 50 file /home/dell/zyworkspace/nichecker/Experiment/remarks2.1_LA_Slicing/svp_simple_009/_mt_svp_simple_009_001_result/_cs_svp_simple_009_001_p_wrw_mt_svp_simple_009_001.c line 314 function main thread 0
----------------------------------------------------
  __cs_pc_cs[1l]=2 (10)

State 55 file /home/dell/zyworkspace/nichecker/Experiment/remarks2.1_LA_Slicing/svp_simple_009/_mt_svp_simple_009_001_result/_cs_svp_simple_009_001_p_wrw_mt_svp_simple_009_001.c line 320 function main thread 0
----------------------------------------------------
  __cs_param_main_task_arg=NULL (0000000000000000000000000000000000000000000000000000000000000000)

State 60 file /home/dell/zyworkspace/nichecker/Experiment/remarks2.1_LA_Slicing/svp_simple_009/_mt_svp_simple_009_001_result/_cs_svp_simple_009_001_p_wrw_mt_svp_simple_009_001.c line 186 function main_task_0 thread 0
----------------------------------------------------
  __cs_disable_thread[2l]=0 (0)

State 61 file /home/dell/zyworkspace/nichecker/Experiment/remarks2.1_LA_Slicing/svp_simple_009/_mt_svp_simple_009_001_result/_cs_svp_simple_009_001_p_wrw_mt_svp_simple_009_001.c line 189 function main_task_0 thread 0
----------------------------------------------------
  __cs_disable_thread[0l]=0 (0)

State 62 file /home/dell/zyworkspace/nichecker/Experiment/remarks2.1_LA_Slicing/svp_simple_009/_mt_svp_simple_009_001_result/_cs_svp_simple_009_001_p_wrw_mt_svp_simple_009_001.c line 199 function main_task_0 thread 0
----------------------------------------------------
  __cs_variable_address_list[0l]=&__cs_local_main_task_svp_simple_009_001_local_var1 (0000001000000000000000000000000000000000000000000000000000000000)

State 63 file /home/dell/zyworkspace/nichecker/Experiment/remarks2.1_LA_Slicing/svp_simple_009/_mt_svp_simple_009_001_result/_cs_svp_simple_009_001_p_wrw_mt_svp_simple_009_001.c line 201 function main_task_0 thread 0
----------------------------------------------------
  __cs_local_main_task_svp_simple_009_001_local_var1=1 (00000000000000000000000000000001)

State 65 file /home/dell/zyworkspace/nichecker/Experiment/remarks2.1_LA_Slicing/svp_simple_009/_mt_svp_simple_009_001_result/_cs_svp_simple_009_001_p_wrw_mt_svp_simple_009_001.c line 206 function main_task_0 thread 0
----------------------------------------------------
  wrw_a___cs_local_main_task_svp_simple_009_001_local_var1_1_num=1 (00000000000000000000000000000001)

State 66 file /home/dell/zyworkspace/nichecker/Experiment/remarks2.1_LA_Slicing/svp_simple_009/_mt_svp_simple_009_001_result/_cs_svp_simple_009_001_p_wrw_mt_svp_simple_009_001.c line 207 function main_task_0 thread 0
----------------------------------------------------
  wrw_a___cs_local_main_task_svp_simple_009_001_local_var1_1=0 (00000000000000000000000000000000)

State 67 file /home/dell/zyworkspace/nichecker/Experiment/remarks2.1_LA_Slicing/svp_simple_009/_mt_svp_simple_009_001_result/_cs_svp_simple_009_001_p_wrw_mt_svp_simple_009_001.c line 212 function main_task_0 thread 0
----------------------------------------------------
  __cs_local_main_task_svp_simple_009_001_local_var2=9 (00000000000000000000000000001001)

State 69 file /home/dell/zyworkspace/nichecker/Experiment/remarks2.1_LA_Slicing/svp_simple_009/_mt_svp_simple_009_001_result/_cs_svp_simple_009_001_p_wrw_mt_svp_simple_009_001.c line 216 function main_task_0 thread 0
----------------------------------------------------
  svp_simple_009_001_p=&__cs_local_main_task_svp_simple_009_001_local_var1 (0000001000000000000000000000000000000000000000000000000000000000)

State 71 file /home/dell/zyworkspace/nichecker/Experiment/remarks2.1_LA_Slicing/svp_simple_009/_mt_svp_simple_009_001_result/_cs_svp_simple_009_001_p_wrw_mt_svp_simple_009_001.c line 221 function main_task_0 thread 0
----------------------------------------------------
  wrw_a_svp_simple_009_001_p_1_num=1 (00000000000000000000000000000001)

State 72 file /home/dell/zyworkspace/nichecker/Experiment/remarks2.1_LA_Slicing/svp_simple_009/_mt_svp_simple_009_001_result/_cs_svp_simple_009_001_p_wrw_mt_svp_simple_009_001.c line 222 function main_task_0 thread 0
----------------------------------------------------
  wrw_a_svp_simple_009_001_p_1=0 (00000000000000000000000000000000)

State 76 file /home/dell/zyworkspace/nichecker/Experiment/remarks2.1_LA_Slicing/svp_simple_009/_mt_svp_simple_009_001_result/_cs_svp_simple_009_001_p_wrw_mt_svp_simple_009_001.c line 250 function main_task_0 thread 0
----------------------------------------------------
  __cs_value_ptr=NULL (0000000000000000000000000000000000000000000000000000000000000000)

State 81 file /home/dell/zyworkspace/nichecker/Experiment/remarks2.1_LA_Slicing/svp_simple_009/_mt_svp_simple_009_001_result/_cs_svp_simple_009_001_p_wrw_mt_svp_simple_009_001.c line 322 function main thread 0
----------------------------------------------------
  __cs_pc[1l]=2 (10)

State 82 file /home/dell/zyworkspace/nichecker/Experiment/remarks2.1_LA_Slicing/svp_simple_009/_mt_svp_simple_009_001_result/_cs_svp_simple_009_001_p_wrw_mt_svp_simple_009_001.c line 328 function main thread 0
----------------------------------------------------
  __cs_tmp_t2_r0=1 (1)

State 84 file /home/dell/zyworkspace/nichecker/Experiment/remarks2.1_LA_Slicing/svp_simple_009/_mt_svp_simple_009_001_result/_cs_svp_simple_009_001_p_wrw_mt_svp_simple_009_001.c line 333 function main thread 0
----------------------------------------------------
  __cs_thread_index=2 (10)

State 85 file /home/dell/zyworkspace/nichecker/Experiment/remarks2.1_LA_Slicing/svp_simple_009/_mt_svp_simple_009_001_result/_cs_svp_simple_009_001_p_wrw_mt_svp_simple_009_001.c line 335 function main thread 0
----------------------------------------------------
  __cs_pc_cs[2l]=1 (01)

State 90 file /home/dell/zyworkspace/nichecker/Experiment/remarks2.1_LA_Slicing/svp_simple_009/_mt_svp_simple_009_001_result/_cs_svp_simple_009_001_p_wrw_mt_svp_simple_009_001.c line 341 function main thread 0
----------------------------------------------------
  __cs_param_svp_simple_009_001_isr_1_arg=NULL (0000000000000000000000000000000000000000000000000000000000000000)

State 92 file /home/dell/zyworkspace/nichecker/Experiment/remarks2.1_LA_Slicing/svp_simple_009/_mt_svp_simple_009_001_result/_cs_svp_simple_009_001_p_wrw_mt_svp_simple_009_001.c line 263 function svp_simple_009_001_isr_1_0 thread 0
----------------------------------------------------
  __cs_local_svp_simple_009_001_isr_1_reader2=0 (00000000000000000000000000000000)

State 93 file /home/dell/zyworkspace/nichecker/Experiment/remarks2.1_LA_Slicing/svp_simple_009/_mt_svp_simple_009_001_result/_cs_svp_simple_009_001_p_wrw_mt_svp_simple_009_001.c line 268 function svp_simple_009_001_isr_1_0 thread 0
----------------------------------------------------
  __cs_local_svp_simple_009_001_isr_1_i=0 (00000000000000000000000000000000)

State 94 file /home/dell/zyworkspace/nichecker/Experiment/remarks2.1_LA_Slicing/svp_simple_009/_mt_svp_simple_009_001_result/_cs_svp_simple_009_001_p_wrw_mt_svp_simple_009_001.c line 273 function svp_simple_009_001_isr_1_0 thread 0
----------------------------------------------------
  __cs_local_svp_simple_009_001_isr_1_reader1=1 (00000000000000000000000000000001)

State 96 file /home/dell/zyworkspace/nichecker/Experiment/remarks2.1_LA_Slicing/svp_simple_009/_mt_svp_simple_009_001_result/_cs_svp_simple_009_001_p_wrw_mt_svp_simple_009_001.c line 276 function svp_simple_009_001_isr_1_0 thread 0
----------------------------------------------------
  wrw_a___cs_local_main_task_svp_simple_009_001_local_var1_1=1 (00000000000000000000000000000001)

State 97 file /home/dell/zyworkspace/nichecker/Experiment/remarks2.1_LA_Slicing/svp_simple_009/_mt_svp_simple_009_001_result/_cs_svp_simple_009_001_p_wrw_mt_svp_simple_009_001.c line 281 function svp_simple_009_001_isr_1_0 thread 0
----------------------------------------------------
  wrw_a_svp_simple_009_001_p_1=1 (00000000000000000000000000000001)

State 98 file /home/dell/zyworkspace/nichecker/Experiment/remarks2.1_LA_Slicing/svp_simple_009/_mt_svp_simple_009_001_result/_cs_svp_simple_009_001_p_wrw_mt_svp_simple_009_001.c line 285 function svp_simple_009_001_isr_1_0 thread 0
----------------------------------------------------
  __cs_local_svp_simple_009_001_isr_1_svp_simple_009_001_local_var3=8 (00000000000000000000000000001000)

State 102 file /home/dell/zyworkspace/nichecker/Experiment/remarks2.1_LA_Slicing/svp_simple_009/_mt_svp_simple_009_001_result/_cs_svp_simple_009_001_p_wrw_mt_svp_simple_009_001.c line 296 function svp_simple_009_001_isr_1_0 thread 0
----------------------------------------------------
  __cs_value_ptr=NULL (0000000000000000000000000000000000000000000000000000000000000000)

State 107 file /home/dell/zyworkspace/nichecker/Experiment/remarks2.1_LA_Slicing/svp_simple_009/_mt_svp_simple_009_001_result/_cs_svp_simple_009_001_p_wrw_mt_svp_simple_009_001.c line 343 function main thread 0
----------------------------------------------------
  __cs_pc[2l]=1 (01)

State 108 file /home/dell/zyworkspace/nichecker/Experiment/remarks2.1_LA_Slicing/svp_simple_009/_mt_svp_simple_009_001_result/_cs_svp_simple_009_001_p_wrw_mt_svp_simple_009_001.c line 353 function main thread 0
----------------------------------------------------
  __cs_tmp_t1_r1=3 (11)

State 110 file /home/dell/zyworkspace/nichecker/Experiment/remarks2.1_LA_Slicing/svp_simple_009/_mt_svp_simple_009_001_result/_cs_svp_simple_009_001_p_wrw_mt_svp_simple_009_001.c line 358 function main thread 0
----------------------------------------------------
  __cs_thread_index=1 (01)

State 111 file /home/dell/zyworkspace/nichecker/Experiment/remarks2.1_LA_Slicing/svp_simple_009/_mt_svp_simple_009_001_result/_cs_svp_simple_009_001_p_wrw_mt_svp_simple_009_001.c line 360 function main thread 0
----------------------------------------------------
  __cs_pc_cs[1l]=3 (11)

State 116 file /home/dell/zyworkspace/nichecker/Experiment/remarks2.1_LA_Slicing/svp_simple_009/_mt_svp_simple_009_001_result/_cs_svp_simple_009_001_p_wrw_mt_svp_simple_009_001.c line 366 function main thread 0
----------------------------------------------------
  __cs_param_main_task_arg=NULL (0000000000000000000000000000000000000000000000000000000000000000)

State 120 file /home/dell/zyworkspace/nichecker/Experiment/remarks2.1_LA_Slicing/svp_simple_009/_mt_svp_simple_009_001_result/_cs_svp_simple_009_001_p_wrw_mt_svp_simple_009_001.c line 228 function main_task_0 thread 0
----------------------------------------------------
  __cs_local_main_task_svp_simple_009_001_local_var1=2 (00000000000000000000000000000010)

Violated property:
  file /home/dell/zyworkspace/nichecker/Experiment/remarks2.1_LA_Slicing/svp_simple_009/_mt_svp_simple_009_001_result/_cs_svp_simple_009_001_p_wrw_mt_svp_simple_009_001.c line 232 function main_task_0
  assertion wrw_a___cs_local_main_task_svp_simple_009_001_local_var1_1 == 0
  wrw_a___cs_local_main_task_svp_simple_009_001_local_var1_1 == 0


** 1 of 3 failed (2 iterations)
VERIFICATION FAILED
