CBMC version 5.6 64-bit x86_64 linux
Parsing /home/dell/zyworkspace/nichecker/Experiment/icbmc/wdt_pci_3/_mt_main_n_result/_cs___mt_main_n.c
<command-line>: warning: "__STDC_VERSION__" redefined
<built-in>: note: this is the location of the previous definition
Converting
Type-checking _cs___mt_main_n
file /home/dell/zyworkspace/nichecker/Experiment/icbmc/wdt_pci_3/_mt_main_n_result/_cs___mt_main_n.c line 257 function closer1_isr_0: function `assert' is not declared
Generating GOTO Program
Adding CPROVER library (x86_64)
Removal of function pointers and virtual functions
Partial Inlining
Generic Property Instrumentation
Starting Bounded Model Checking
size of program expression: 2667 steps
simple slicing removed 676 assignments
Generated 6 VCC(s), 6 remaining after simplification
Passing problem to propositional reduction
converting SSA
Running propositional reduction
Post-processing
Solving with MiniSAT 2.2.1 with simplifier
6590 variables, 18535 clauses
SAT checker: instance is SATISFIABLE
Solving with MiniSAT 2.2.1 with simplifier
6590 variables, 2247 clauses
SAT checker: instance is SATISFIABLE
Solving with MiniSAT 2.2.1 with simplifier
6590 variables, 2233 clauses
SAT checker: instance is SATISFIABLE
Solving with MiniSAT 2.2.1 with simplifier
6590 variables, 2141 clauses
SAT checker inconsistent: instance is UNSATISFIABLE
Runtime decision procedure: 0.061s

** Results:
[closer1_isr_0.assertion.1] assertion 0: SUCCESS
[closer2_isr_0.assertion.1] assertion 0: FAILURE
[closer3_isr_0.assertion.1] assertion 0: FAILURE
[closer4_isr_0.assertion.1] assertion 0: FAILURE

Trace for closer2_isr_0.assertion.1:

State 79 file /home/dell/zyworkspace/nichecker/Experiment/icbmc/wdt_pci_3/_mt_main_n_result/_cs___mt_main_n.c line 950 function main thread 0
----------------------------------------------------
  __cs_tmp_t1_r0=1 (1)

State 81 file /home/dell/zyworkspace/nichecker/Experiment/icbmc/wdt_pci_3/_mt_main_n_result/_cs___mt_main_n.c line 954 function main thread 0
----------------------------------------------------
  __cs_thread_index=1 (0001)

State 82 file /home/dell/zyworkspace/nichecker/Experiment/icbmc/wdt_pci_3/_mt_main_n_result/_cs___mt_main_n.c line 956 function main thread 0
----------------------------------------------------
  __cs_pc_cs[1l]=1 (0001)

State 87 file /home/dell/zyworkspace/nichecker/Experiment/icbmc/wdt_pci_3/_mt_main_n_result/_cs___mt_main_n.c line 962 function main thread 0
----------------------------------------------------
  __cs_param_main_task_arg=NULL (0000000000000000000000000000000000000000000000000000000000000000)

State 93 file /home/dell/zyworkspace/nichecker/Experiment/icbmc/wdt_pci_3/_mt_main_n_result/_cs___mt_main_n.c line 938 function main_task_0 thread 0
----------------------------------------------------
  __cs_value_ptr=NULL (0000000000000000000000000000000000000000000000000000000000000000)

State 98 file /home/dell/zyworkspace/nichecker/Experiment/icbmc/wdt_pci_3/_mt_main_n_result/_cs___mt_main_n.c line 964 function main thread 0
----------------------------------------------------
  __cs_pc[1l]=1 (0001)

State 99 file /home/dell/zyworkspace/nichecker/Experiment/icbmc/wdt_pci_3/_mt_main_n_result/_cs___mt_main_n.c line 970 function main thread 0
----------------------------------------------------
  __cs_tmp_t2_r0=0 (0)

State 101 file /home/dell/zyworkspace/nichecker/Experiment/icbmc/wdt_pci_3/_mt_main_n_result/_cs___mt_main_n.c line 975 function main thread 0
----------------------------------------------------
  __cs_thread_index=2 (0010)

State 102 file /home/dell/zyworkspace/nichecker/Experiment/icbmc/wdt_pci_3/_mt_main_n_result/_cs___mt_main_n.c line 977 function main thread 0
----------------------------------------------------
  __cs_pc_cs[2l]=0 (0000)

State 107 file /home/dell/zyworkspace/nichecker/Experiment/icbmc/wdt_pci_3/_mt_main_n_result/_cs___mt_main_n.c line 983 function main thread 0
----------------------------------------------------
  __cs_param_closer1_isr_arg=NULL (0000000000000000000000000000000000000000000000000000000000000000)

State 111 file /home/dell/zyworkspace/nichecker/Experiment/icbmc/wdt_pci_3/_mt_main_n_result/_cs___mt_main_n.c line 280 function closer1_isr_0 thread 0
----------------------------------------------------
  __cs_value_ptr=NULL (0000000000000000000000000000000000000000000000000000000000000000)

State 116 file /home/dell/zyworkspace/nichecker/Experiment/icbmc/wdt_pci_3/_mt_main_n_result/_cs___mt_main_n.c line 985 function main thread 0
----------------------------------------------------
  __cs_pc[2l]=0 (0000)

State 117 file /home/dell/zyworkspace/nichecker/Experiment/icbmc/wdt_pci_3/_mt_main_n_result/_cs___mt_main_n.c line 991 function main thread 0
----------------------------------------------------
  __cs_tmp_t3_r0=4 (0100)

State 129 file /home/dell/zyworkspace/nichecker/Experiment/icbmc/wdt_pci_3/_mt_main_n_result/_cs___mt_main_n.c line 996 function main thread 0
----------------------------------------------------
  __cs_thread_index=3 (0011)

State 130 file /home/dell/zyworkspace/nichecker/Experiment/icbmc/wdt_pci_3/_mt_main_n_result/_cs___mt_main_n.c line 998 function main thread 0
----------------------------------------------------
  __cs_pc_cs[3l]=4 (0100)

State 135 file /home/dell/zyworkspace/nichecker/Experiment/icbmc/wdt_pci_3/_mt_main_n_result/_cs___mt_main_n.c line 1004 function main thread 0
----------------------------------------------------
  __cs_param_closer2_isr_arg=NULL (0000000000000000000000000000000000000000000000000000000000000000)

State 137 file /home/dell/zyworkspace/nichecker/Experiment/icbmc/wdt_pci_3/_mt_main_n_result/_cs___mt_main_n.c line 290 function closer2_isr_0 thread 0
----------------------------------------------------
  wdtpci_write_buf='V' (01010110)

State 139 file /home/dell/zyworkspace/nichecker/Experiment/icbmc/wdt_pci_3/_mt_main_n_result/_cs___mt_main_n.c line 294 function closer2_isr_0 thread 0
----------------------------------------------------
  expect_close=42 (00000000000000000000000000101010)

State 141 file /home/dell/zyworkspace/nichecker/Experiment/icbmc/wdt_pci_3/_mt_main_n_result/_cs___mt_main_n.c line 298 function closer2_isr_0 thread 0
----------------------------------------------------
  count=1 (00000000000000000000000000000001)

State 143 file /home/dell/zyworkspace/nichecker/Experiment/icbmc/wdt_pci_3/_mt_main_n_result/_cs___mt_main_n.c line 304 function closer2_isr_0 thread 0
----------------------------------------------------
  __cs_local_closer2_isr___cs_tmp_if_cond_5=TRUE (00000001)

State 153 file /home/dell/zyworkspace/nichecker/Experiment/icbmc/wdt_pci_3/_mt_main_n_result/_cs___mt_main_n.c line 389 function closer2_isr_0 thread 0
----------------------------------------------------
  __cs_value_ptr=NULL (0000000000000000000000000000000000000000000000000000000000000000)

State 158 file /home/dell/zyworkspace/nichecker/Experiment/icbmc/wdt_pci_3/_mt_main_n_result/_cs___mt_main_n.c line 1006 function main thread 0
----------------------------------------------------
  __cs_pc[3l]=4 (0100)

State 159 file /home/dell/zyworkspace/nichecker/Experiment/icbmc/wdt_pci_3/_mt_main_n_result/_cs___mt_main_n.c line 1012 function main thread 0
----------------------------------------------------
  __cs_tmp_t4_r0=8 (1000)

State 165 file /home/dell/zyworkspace/nichecker/Experiment/icbmc/wdt_pci_3/_mt_main_n_result/_cs___mt_main_n.c line 1033 function main thread 0
----------------------------------------------------
  __cs_tmp_t5_r0=7 (0111)

State 171 file /home/dell/zyworkspace/nichecker/Experiment/icbmc/wdt_pci_3/_mt_main_n_result/_cs___mt_main_n.c line 1054 function main thread 0
----------------------------------------------------
  __cs_tmp_t6_r0=0 (000)

State 177 file /home/dell/zyworkspace/nichecker/Experiment/icbmc/wdt_pci_3/_mt_main_n_result/_cs___mt_main_n.c line 1075 function main thread 0
----------------------------------------------------
  __cs_tmp_t7_r0=0 (000)

State 183 file /home/dell/zyworkspace/nichecker/Experiment/icbmc/wdt_pci_3/_mt_main_n_result/_cs___mt_main_n.c line 1096 function main thread 0
----------------------------------------------------
  __cs_tmp_t8_r0=0 (000)

State 189 file /home/dell/zyworkspace/nichecker/Experiment/icbmc/wdt_pci_3/_mt_main_n_result/_cs___mt_main_n.c line 1117 function main thread 0
----------------------------------------------------
  __cs_tmp_t9_r0=0 (000)

State 191 file /home/dell/zyworkspace/nichecker/Experiment/icbmc/wdt_pci_3/_mt_main_n_result/_cs___mt_main_n.c line 1122 function main thread 0
----------------------------------------------------
  __cs_thread_index=9 (1001)

State 192 file /home/dell/zyworkspace/nichecker/Experiment/icbmc/wdt_pci_3/_mt_main_n_result/_cs___mt_main_n.c line 1124 function main thread 0
----------------------------------------------------
  __cs_pc_cs[9l]=0 (0000)

State 197 file /home/dell/zyworkspace/nichecker/Experiment/icbmc/wdt_pci_3/_mt_main_n_result/_cs___mt_main_n.c line 1130 function main thread 0
----------------------------------------------------
  __cs_param_writer4_isr_arg=NULL (0000000000000000000000000000000000000000000000000000000000000000)

State 207 file /home/dell/zyworkspace/nichecker/Experiment/icbmc/wdt_pci_3/_mt_main_n_result/_cs___mt_main_n.c line 913 function writer4_isr_0 thread 0
----------------------------------------------------
  __cs_value_ptr=NULL (0000000000000000000000000000000000000000000000000000000000000000)

State 212 file /home/dell/zyworkspace/nichecker/Experiment/icbmc/wdt_pci_3/_mt_main_n_result/_cs___mt_main_n.c line 1132 function main thread 0
----------------------------------------------------
  __cs_pc[9l]=0 (0000)

State 213 file /home/dell/zyworkspace/nichecker/Experiment/icbmc/wdt_pci_3/_mt_main_n_result/_cs___mt_main_n.c line 1142 function main thread 0
----------------------------------------------------
  __cs_tmp_t1_r1=0 (0)

State 219 file /home/dell/zyworkspace/nichecker/Experiment/icbmc/wdt_pci_3/_mt_main_n_result/_cs___mt_main_n.c line 1163 function main thread 0
----------------------------------------------------
  __cs_tmp_t2_r1=1 (1)

State 221 file /home/dell/zyworkspace/nichecker/Experiment/icbmc/wdt_pci_3/_mt_main_n_result/_cs___mt_main_n.c line 1168 function main thread 0
----------------------------------------------------
  __cs_thread_index=2 (0010)

State 222 file /home/dell/zyworkspace/nichecker/Experiment/icbmc/wdt_pci_3/_mt_main_n_result/_cs___mt_main_n.c line 1170 function main thread 0
----------------------------------------------------
  __cs_pc_cs[2l]=1 (0001)

State 227 file /home/dell/zyworkspace/nichecker/Experiment/icbmc/wdt_pci_3/_mt_main_n_result/_cs___mt_main_n.c line 1176 function main thread 0
----------------------------------------------------
  __cs_param_closer1_isr_arg=NULL (0000000000000000000000000000000000000000000000000000000000000000)

State 229 file /home/dell/zyworkspace/nichecker/Experiment/icbmc/wdt_pci_3/_mt_main_n_result/_cs___mt_main_n.c line 205 function closer1_isr_0 thread 0
----------------------------------------------------
  wdtpci_write_buf='V' (01010110)

State 230 file /home/dell/zyworkspace/nichecker/Experiment/icbmc/wdt_pci_3/_mt_main_n_result/_cs___mt_main_n.c line 207 function closer1_isr_0 thread 0
----------------------------------------------------
  expect_close=42 (00000000000000000000000000101010)

State 231 file /home/dell/zyworkspace/nichecker/Experiment/icbmc/wdt_pci_3/_mt_main_n_result/_cs___mt_main_n.c line 209 function closer1_isr_0 thread 0
----------------------------------------------------
  count=1 (00000000000000000000000000000001)

State 232 file /home/dell/zyworkspace/nichecker/Experiment/icbmc/wdt_pci_3/_mt_main_n_result/_cs___mt_main_n.c line 213 function closer1_isr_0 thread 0
----------------------------------------------------
  __cs_local_closer1_isr___cs_tmp_if_cond_1=TRUE (00000001)

State 234 file /home/dell/zyworkspace/nichecker/Experiment/icbmc/wdt_pci_3/_mt_main_n_result/_cs___mt_main_n.c line 221 function closer1_isr_0 thread 0
----------------------------------------------------
  __cs_local_closer1_isr___cs_tmp_if_cond_2=TRUE (00000001)

State 236 file /home/dell/zyworkspace/nichecker/Experiment/icbmc/wdt_pci_3/_mt_main_n_result/_cs___mt_main_n.c line 229 function closer1_isr_0 thread 0
----------------------------------------------------
  __cs_local_closer1_isr___cs_tmp_if_cond_3=FALSE (00000000)

State 238 file /home/dell/zyworkspace/nichecker/Experiment/icbmc/wdt_pci_3/_mt_main_n_result/_cs___mt_main_n.c line 251 function closer1_isr_0 thread 0
----------------------------------------------------
  __cs_local_closer1_isr___cs_tmp_if_cond_4=FALSE (00000000)

State 240 file /home/dell/zyworkspace/nichecker/Experiment/icbmc/wdt_pci_3/_mt_main_n_result/_cs___mt_main_n.c line 267 function closer1_isr_0 thread 0
----------------------------------------------------
  expect_close=0 (00000000000000000000000000000000)

State 241 file /home/dell/zyworkspace/nichecker/Experiment/icbmc/wdt_pci_3/_mt_main_n_result/_cs___mt_main_n.c line 269 function closer1_isr_0 thread 0
----------------------------------------------------
  cnt1=1 (00000000000000000000000000000001)

State 245 file /home/dell/zyworkspace/nichecker/Experiment/icbmc/wdt_pci_3/_mt_main_n_result/_cs___mt_main_n.c line 280 function closer1_isr_0 thread 0
----------------------------------------------------
  __cs_value_ptr=NULL (0000000000000000000000000000000000000000000000000000000000000000)

State 250 file /home/dell/zyworkspace/nichecker/Experiment/icbmc/wdt_pci_3/_mt_main_n_result/_cs___mt_main_n.c line 1178 function main thread 0
----------------------------------------------------
  __cs_pc[2l]=1 (0001)

State 251 file /home/dell/zyworkspace/nichecker/Experiment/icbmc/wdt_pci_3/_mt_main_n_result/_cs___mt_main_n.c line 1184 function main thread 0
----------------------------------------------------
  __cs_tmp_t3_r1=10 (1010)

State 263 file /home/dell/zyworkspace/nichecker/Experiment/icbmc/wdt_pci_3/_mt_main_n_result/_cs___mt_main_n.c line 1189 function main thread 0
----------------------------------------------------
  __cs_thread_index=3 (0011)

State 264 file /home/dell/zyworkspace/nichecker/Experiment/icbmc/wdt_pci_3/_mt_main_n_result/_cs___mt_main_n.c line 1191 function main thread 0
----------------------------------------------------
  __cs_pc_cs[3l]=10 (1010)

State 269 file /home/dell/zyworkspace/nichecker/Experiment/icbmc/wdt_pci_3/_mt_main_n_result/_cs___mt_main_n.c line 1197 function main thread 0
----------------------------------------------------
  __cs_param_closer2_isr_arg=NULL (0000000000000000000000000000000000000000000000000000000000000000)

State 275 file /home/dell/zyworkspace/nichecker/Experiment/icbmc/wdt_pci_3/_mt_main_n_result/_cs___mt_main_n.c line 314 function closer2_isr_0 thread 0
----------------------------------------------------
  __cs_local_closer2_isr___cs_tmp_if_cond_6=TRUE (00000001)

State 278 file /home/dell/zyworkspace/nichecker/Experiment/icbmc/wdt_pci_3/_mt_main_n_result/_cs___mt_main_n.c line 324 function closer2_isr_0 thread 0
----------------------------------------------------
  __cs_local_closer2_isr___cs_tmp_if_cond_7=FALSE (00000000)

State 284 file /home/dell/zyworkspace/nichecker/Experiment/icbmc/wdt_pci_3/_mt_main_n_result/_cs___mt_main_n.c line 353 function closer2_isr_0 thread 0
----------------------------------------------------
  __cs_local_closer2_isr___cs_tmp_if_cond_8=TRUE (00000001)

Violated property:
  file /home/dell/zyworkspace/nichecker/Experiment/icbmc/wdt_pci_3/_mt_main_n_result/_cs___mt_main_n.c line 359 function closer2_isr_0
  assertion 0
  (_Bool)0


Trace for closer3_isr_0.assertion.1:

State 79 file /home/dell/zyworkspace/nichecker/Experiment/icbmc/wdt_pci_3/_mt_main_n_result/_cs___mt_main_n.c line 950 function main thread 0
----------------------------------------------------
  __cs_tmp_t1_r0=1 (1)

State 81 file /home/dell/zyworkspace/nichecker/Experiment/icbmc/wdt_pci_3/_mt_main_n_result/_cs___mt_main_n.c line 954 function main thread 0
----------------------------------------------------
  __cs_thread_index=1 (0001)

State 82 file /home/dell/zyworkspace/nichecker/Experiment/icbmc/wdt_pci_3/_mt_main_n_result/_cs___mt_main_n.c line 956 function main thread 0
----------------------------------------------------
  __cs_pc_cs[1l]=1 (0001)

State 87 file /home/dell/zyworkspace/nichecker/Experiment/icbmc/wdt_pci_3/_mt_main_n_result/_cs___mt_main_n.c line 962 function main thread 0
----------------------------------------------------
  __cs_param_main_task_arg=NULL (0000000000000000000000000000000000000000000000000000000000000000)

State 93 file /home/dell/zyworkspace/nichecker/Experiment/icbmc/wdt_pci_3/_mt_main_n_result/_cs___mt_main_n.c line 938 function main_task_0 thread 0
----------------------------------------------------
  __cs_value_ptr=NULL (0000000000000000000000000000000000000000000000000000000000000000)

State 98 file /home/dell/zyworkspace/nichecker/Experiment/icbmc/wdt_pci_3/_mt_main_n_result/_cs___mt_main_n.c line 964 function main thread 0
----------------------------------------------------
  __cs_pc[1l]=1 (0001)

State 99 file /home/dell/zyworkspace/nichecker/Experiment/icbmc/wdt_pci_3/_mt_main_n_result/_cs___mt_main_n.c line 970 function main thread 0
----------------------------------------------------
  __cs_tmp_t2_r0=0 (0)

State 101 file /home/dell/zyworkspace/nichecker/Experiment/icbmc/wdt_pci_3/_mt_main_n_result/_cs___mt_main_n.c line 975 function main thread 0
----------------------------------------------------
  __cs_thread_index=2 (0010)

State 102 file /home/dell/zyworkspace/nichecker/Experiment/icbmc/wdt_pci_3/_mt_main_n_result/_cs___mt_main_n.c line 977 function main thread 0
----------------------------------------------------
  __cs_pc_cs[2l]=0 (0000)

State 107 file /home/dell/zyworkspace/nichecker/Experiment/icbmc/wdt_pci_3/_mt_main_n_result/_cs___mt_main_n.c line 983 function main thread 0
----------------------------------------------------
  __cs_param_closer1_isr_arg=NULL (0000000000000000000000000000000000000000000000000000000000000000)

State 111 file /home/dell/zyworkspace/nichecker/Experiment/icbmc/wdt_pci_3/_mt_main_n_result/_cs___mt_main_n.c line 280 function closer1_isr_0 thread 0
----------------------------------------------------
  __cs_value_ptr=NULL (0000000000000000000000000000000000000000000000000000000000000000)

State 116 file /home/dell/zyworkspace/nichecker/Experiment/icbmc/wdt_pci_3/_mt_main_n_result/_cs___mt_main_n.c line 985 function main thread 0
----------------------------------------------------
  __cs_pc[2l]=0 (0000)

State 117 file /home/dell/zyworkspace/nichecker/Experiment/icbmc/wdt_pci_3/_mt_main_n_result/_cs___mt_main_n.c line 991 function main thread 0
----------------------------------------------------
  __cs_tmp_t3_r0=10 (1010)

State 129 file /home/dell/zyworkspace/nichecker/Experiment/icbmc/wdt_pci_3/_mt_main_n_result/_cs___mt_main_n.c line 996 function main thread 0
----------------------------------------------------
  __cs_thread_index=3 (0011)

State 130 file /home/dell/zyworkspace/nichecker/Experiment/icbmc/wdt_pci_3/_mt_main_n_result/_cs___mt_main_n.c line 998 function main thread 0
----------------------------------------------------
  __cs_pc_cs[3l]=10 (1010)

State 135 file /home/dell/zyworkspace/nichecker/Experiment/icbmc/wdt_pci_3/_mt_main_n_result/_cs___mt_main_n.c line 1004 function main thread 0
----------------------------------------------------
  __cs_param_closer2_isr_arg=NULL (0000000000000000000000000000000000000000000000000000000000000000)

State 137 file /home/dell/zyworkspace/nichecker/Experiment/icbmc/wdt_pci_3/_mt_main_n_result/_cs___mt_main_n.c line 290 function closer2_isr_0 thread 0
----------------------------------------------------
  wdtpci_write_buf='V' (01010110)

State 139 file /home/dell/zyworkspace/nichecker/Experiment/icbmc/wdt_pci_3/_mt_main_n_result/_cs___mt_main_n.c line 294 function closer2_isr_0 thread 0
----------------------------------------------------
  expect_close=42 (00000000000000000000000000101010)

State 141 file /home/dell/zyworkspace/nichecker/Experiment/icbmc/wdt_pci_3/_mt_main_n_result/_cs___mt_main_n.c line 298 function closer2_isr_0 thread 0
----------------------------------------------------
  count=1 (00000000000000000000000000000001)

State 143 file /home/dell/zyworkspace/nichecker/Experiment/icbmc/wdt_pci_3/_mt_main_n_result/_cs___mt_main_n.c line 304 function closer2_isr_0 thread 0
----------------------------------------------------
  __cs_local_closer2_isr___cs_tmp_if_cond_5=TRUE (00000001)

State 146 file /home/dell/zyworkspace/nichecker/Experiment/icbmc/wdt_pci_3/_mt_main_n_result/_cs___mt_main_n.c line 314 function closer2_isr_0 thread 0
----------------------------------------------------
  __cs_local_closer2_isr___cs_tmp_if_cond_6=TRUE (00000001)

State 149 file /home/dell/zyworkspace/nichecker/Experiment/icbmc/wdt_pci_3/_mt_main_n_result/_cs___mt_main_n.c line 324 function closer2_isr_0 thread 0
----------------------------------------------------
  __cs_local_closer2_isr___cs_tmp_if_cond_7=FALSE (00000000)

State 155 file /home/dell/zyworkspace/nichecker/Experiment/icbmc/wdt_pci_3/_mt_main_n_result/_cs___mt_main_n.c line 353 function closer2_isr_0 thread 0
----------------------------------------------------
  __cs_local_closer2_isr___cs_tmp_if_cond_8=FALSE (00000000)

State 158 file /home/dell/zyworkspace/nichecker/Experiment/icbmc/wdt_pci_3/_mt_main_n_result/_cs___mt_main_n.c line 371 function closer2_isr_0 thread 0
----------------------------------------------------
  expect_close=0 (00000000000000000000000000000000)

State 160 file /home/dell/zyworkspace/nichecker/Experiment/icbmc/wdt_pci_3/_mt_main_n_result/_cs___mt_main_n.c line 375 function closer2_isr_0 thread 0
----------------------------------------------------
  cnt2=1 (00000000000000000000000000000001)

State 164 file /home/dell/zyworkspace/nichecker/Experiment/icbmc/wdt_pci_3/_mt_main_n_result/_cs___mt_main_n.c line 389 function closer2_isr_0 thread 0
----------------------------------------------------
  __cs_value_ptr=NULL (0000000000000000000000000000000000000000000000000000000000000000)

State 169 file /home/dell/zyworkspace/nichecker/Experiment/icbmc/wdt_pci_3/_mt_main_n_result/_cs___mt_main_n.c line 1006 function main thread 0
----------------------------------------------------
  __cs_pc[3l]=10 (1010)

State 170 file /home/dell/zyworkspace/nichecker/Experiment/icbmc/wdt_pci_3/_mt_main_n_result/_cs___mt_main_n.c line 1012 function main thread 0
----------------------------------------------------
  __cs_tmp_t4_r0=3 (0011)

State 196 file /home/dell/zyworkspace/nichecker/Experiment/icbmc/wdt_pci_3/_mt_main_n_result/_cs___mt_main_n.c line 1017 function main thread 0
----------------------------------------------------
  __cs_thread_index=4 (0100)

State 197 file /home/dell/zyworkspace/nichecker/Experiment/icbmc/wdt_pci_3/_mt_main_n_result/_cs___mt_main_n.c line 1019 function main thread 0
----------------------------------------------------
  __cs_pc_cs[4l]=3 (0011)

State 202 file /home/dell/zyworkspace/nichecker/Experiment/icbmc/wdt_pci_3/_mt_main_n_result/_cs___mt_main_n.c line 1025 function main thread 0
----------------------------------------------------
  __cs_param_closer3_isr_arg=NULL (0000000000000000000000000000000000000000000000000000000000000000)

State 204 file /home/dell/zyworkspace/nichecker/Experiment/icbmc/wdt_pci_3/_mt_main_n_result/_cs___mt_main_n.c line 399 function closer3_isr_0 thread 0
----------------------------------------------------
  wdtpci_write_buf='V' (01010110)

State 206 file /home/dell/zyworkspace/nichecker/Experiment/icbmc/wdt_pci_3/_mt_main_n_result/_cs___mt_main_n.c line 403 function closer3_isr_0 thread 0
----------------------------------------------------
  expect_close=42 (00000000000000000000000000101010)

State 208 file /home/dell/zyworkspace/nichecker/Experiment/icbmc/wdt_pci_3/_mt_main_n_result/_cs___mt_main_n.c line 407 function closer3_isr_0 thread 0
----------------------------------------------------
  count=1 (00000000000000000000000000000001)

State 218 file /home/dell/zyworkspace/nichecker/Experiment/icbmc/wdt_pci_3/_mt_main_n_result/_cs___mt_main_n.c line 495 function closer3_isr_0 thread 0
----------------------------------------------------
  __cs_value_ptr=NULL (0000000000000000000000000000000000000000000000000000000000000000)

State 223 file /home/dell/zyworkspace/nichecker/Experiment/icbmc/wdt_pci_3/_mt_main_n_result/_cs___mt_main_n.c line 1027 function main thread 0
----------------------------------------------------
  __cs_pc[4l]=3 (0011)

State 224 file /home/dell/zyworkspace/nichecker/Experiment/icbmc/wdt_pci_3/_mt_main_n_result/_cs___mt_main_n.c line 1033 function main thread 0
----------------------------------------------------
  __cs_tmp_t5_r0=7 (0111)

State 234 file /home/dell/zyworkspace/nichecker/Experiment/icbmc/wdt_pci_3/_mt_main_n_result/_cs___mt_main_n.c line 1054 function main thread 0
----------------------------------------------------
  __cs_tmp_t6_r0=0 (000)

State 244 file /home/dell/zyworkspace/nichecker/Experiment/icbmc/wdt_pci_3/_mt_main_n_result/_cs___mt_main_n.c line 1075 function main thread 0
----------------------------------------------------
  __cs_tmp_t7_r0=0 (000)

State 254 file /home/dell/zyworkspace/nichecker/Experiment/icbmc/wdt_pci_3/_mt_main_n_result/_cs___mt_main_n.c line 1096 function main thread 0
----------------------------------------------------
  __cs_tmp_t8_r0=0 (000)

State 265 file /home/dell/zyworkspace/nichecker/Experiment/icbmc/wdt_pci_3/_mt_main_n_result/_cs___mt_main_n.c line 1101 function main thread 0
----------------------------------------------------
  __cs_thread_index=8 (1000)

State 266 file /home/dell/zyworkspace/nichecker/Experiment/icbmc/wdt_pci_3/_mt_main_n_result/_cs___mt_main_n.c line 1103 function main thread 0
----------------------------------------------------
  __cs_pc_cs[8l]=0 (0000)

State 271 file /home/dell/zyworkspace/nichecker/Experiment/icbmc/wdt_pci_3/_mt_main_n_result/_cs___mt_main_n.c line 1109 function main thread 0
----------------------------------------------------
  __cs_param_writer3_isr_arg=NULL (0000000000000000000000000000000000000000000000000000000000000000)

State 281 file /home/dell/zyworkspace/nichecker/Experiment/icbmc/wdt_pci_3/_mt_main_n_result/_cs___mt_main_n.c line 835 function writer3_isr_0 thread 0
----------------------------------------------------
  __cs_value_ptr=NULL (0000000000000000000000000000000000000000000000000000000000000000)

State 286 file /home/dell/zyworkspace/nichecker/Experiment/icbmc/wdt_pci_3/_mt_main_n_result/_cs___mt_main_n.c line 1111 function main thread 0
----------------------------------------------------
  __cs_pc[8l]=0 (0000)

State 287 file /home/dell/zyworkspace/nichecker/Experiment/icbmc/wdt_pci_3/_mt_main_n_result/_cs___mt_main_n.c line 1117 function main thread 0
----------------------------------------------------
  __cs_tmp_t9_r0=0 (000)

State 289 file /home/dell/zyworkspace/nichecker/Experiment/icbmc/wdt_pci_3/_mt_main_n_result/_cs___mt_main_n.c line 1122 function main thread 0
----------------------------------------------------
  __cs_thread_index=9 (1001)

State 290 file /home/dell/zyworkspace/nichecker/Experiment/icbmc/wdt_pci_3/_mt_main_n_result/_cs___mt_main_n.c line 1124 function main thread 0
----------------------------------------------------
  __cs_pc_cs[9l]=0 (0000)

State 295 file /home/dell/zyworkspace/nichecker/Experiment/icbmc/wdt_pci_3/_mt_main_n_result/_cs___mt_main_n.c line 1130 function main thread 0
----------------------------------------------------
  __cs_param_writer4_isr_arg=NULL (0000000000000000000000000000000000000000000000000000000000000000)

State 305 file /home/dell/zyworkspace/nichecker/Experiment/icbmc/wdt_pci_3/_mt_main_n_result/_cs___mt_main_n.c line 913 function writer4_isr_0 thread 0
----------------------------------------------------
  __cs_value_ptr=NULL (0000000000000000000000000000000000000000000000000000000000000000)

State 310 file /home/dell/zyworkspace/nichecker/Experiment/icbmc/wdt_pci_3/_mt_main_n_result/_cs___mt_main_n.c line 1132 function main thread 0
----------------------------------------------------
  __cs_pc[9l]=0 (0000)

State 311 file /home/dell/zyworkspace/nichecker/Experiment/icbmc/wdt_pci_3/_mt_main_n_result/_cs___mt_main_n.c line 1142 function main thread 0
----------------------------------------------------
  __cs_tmp_t1_r1=0 (0)

State 321 file /home/dell/zyworkspace/nichecker/Experiment/icbmc/wdt_pci_3/_mt_main_n_result/_cs___mt_main_n.c line 1163 function main thread 0
----------------------------------------------------
  __cs_tmp_t2_r1=1 (1)

State 323 file /home/dell/zyworkspace/nichecker/Experiment/icbmc/wdt_pci_3/_mt_main_n_result/_cs___mt_main_n.c line 1168 function main thread 0
----------------------------------------------------
  __cs_thread_index=2 (0010)

State 324 file /home/dell/zyworkspace/nichecker/Experiment/icbmc/wdt_pci_3/_mt_main_n_result/_cs___mt_main_n.c line 1170 function main thread 0
----------------------------------------------------
  __cs_pc_cs[2l]=1 (0001)

State 329 file /home/dell/zyworkspace/nichecker/Experiment/icbmc/wdt_pci_3/_mt_main_n_result/_cs___mt_main_n.c line 1176 function main thread 0
----------------------------------------------------
  __cs_param_closer1_isr_arg=NULL (0000000000000000000000000000000000000000000000000000000000000000)

State 331 file /home/dell/zyworkspace/nichecker/Experiment/icbmc/wdt_pci_3/_mt_main_n_result/_cs___mt_main_n.c line 205 function closer1_isr_0 thread 0
----------------------------------------------------
  wdtpci_write_buf='V' (01010110)

State 332 file /home/dell/zyworkspace/nichecker/Experiment/icbmc/wdt_pci_3/_mt_main_n_result/_cs___mt_main_n.c line 207 function closer1_isr_0 thread 0
----------------------------------------------------
  expect_close=42 (00000000000000000000000000101010)

State 333 file /home/dell/zyworkspace/nichecker/Experiment/icbmc/wdt_pci_3/_mt_main_n_result/_cs___mt_main_n.c line 209 function closer1_isr_0 thread 0
----------------------------------------------------
  count=1 (00000000000000000000000000000001)

State 334 file /home/dell/zyworkspace/nichecker/Experiment/icbmc/wdt_pci_3/_mt_main_n_result/_cs___mt_main_n.c line 213 function closer1_isr_0 thread 0
----------------------------------------------------
  __cs_local_closer1_isr___cs_tmp_if_cond_1=TRUE (00000001)

State 336 file /home/dell/zyworkspace/nichecker/Experiment/icbmc/wdt_pci_3/_mt_main_n_result/_cs___mt_main_n.c line 221 function closer1_isr_0 thread 0
----------------------------------------------------
  __cs_local_closer1_isr___cs_tmp_if_cond_2=TRUE (00000001)

State 338 file /home/dell/zyworkspace/nichecker/Experiment/icbmc/wdt_pci_3/_mt_main_n_result/_cs___mt_main_n.c line 229 function closer1_isr_0 thread 0
----------------------------------------------------
  __cs_local_closer1_isr___cs_tmp_if_cond_3=FALSE (00000000)

State 340 file /home/dell/zyworkspace/nichecker/Experiment/icbmc/wdt_pci_3/_mt_main_n_result/_cs___mt_main_n.c line 251 function closer1_isr_0 thread 0
----------------------------------------------------
  __cs_local_closer1_isr___cs_tmp_if_cond_4=FALSE (00000000)

State 342 file /home/dell/zyworkspace/nichecker/Experiment/icbmc/wdt_pci_3/_mt_main_n_result/_cs___mt_main_n.c line 267 function closer1_isr_0 thread 0
----------------------------------------------------
  expect_close=0 (00000000000000000000000000000000)

State 343 file /home/dell/zyworkspace/nichecker/Experiment/icbmc/wdt_pci_3/_mt_main_n_result/_cs___mt_main_n.c line 269 function closer1_isr_0 thread 0
----------------------------------------------------
  cnt1=1 (00000000000000000000000000000001)

State 347 file /home/dell/zyworkspace/nichecker/Experiment/icbmc/wdt_pci_3/_mt_main_n_result/_cs___mt_main_n.c line 280 function closer1_isr_0 thread 0
----------------------------------------------------
  __cs_value_ptr=NULL (0000000000000000000000000000000000000000000000000000000000000000)

State 352 file /home/dell/zyworkspace/nichecker/Experiment/icbmc/wdt_pci_3/_mt_main_n_result/_cs___mt_main_n.c line 1178 function main thread 0
----------------------------------------------------
  __cs_pc[2l]=1 (0001)

State 353 file /home/dell/zyworkspace/nichecker/Experiment/icbmc/wdt_pci_3/_mt_main_n_result/_cs___mt_main_n.c line 1184 function main thread 0
----------------------------------------------------
  __cs_tmp_t3_r1=10 (1010)

State 365 file /home/dell/zyworkspace/nichecker/Experiment/icbmc/wdt_pci_3/_mt_main_n_result/_cs___mt_main_n.c line 1189 function main thread 0
----------------------------------------------------
  __cs_thread_index=3 (0011)

State 366 file /home/dell/zyworkspace/nichecker/Experiment/icbmc/wdt_pci_3/_mt_main_n_result/_cs___mt_main_n.c line 1191 function main thread 0
----------------------------------------------------
  __cs_pc_cs[3l]=10 (1010)

State 371 file /home/dell/zyworkspace/nichecker/Experiment/icbmc/wdt_pci_3/_mt_main_n_result/_cs___mt_main_n.c line 1197 function main thread 0
----------------------------------------------------
  __cs_param_closer2_isr_arg=NULL (0000000000000000000000000000000000000000000000000000000000000000)

State 384 file /home/dell/zyworkspace/nichecker/Experiment/icbmc/wdt_pci_3/_mt_main_n_result/_cs___mt_main_n.c line 389 function closer2_isr_0 thread 0
----------------------------------------------------
  __cs_value_ptr=NULL (0000000000000000000000000000000000000000000000000000000000000000)

State 389 file /home/dell/zyworkspace/nichecker/Experiment/icbmc/wdt_pci_3/_mt_main_n_result/_cs___mt_main_n.c line 1199 function main thread 0
----------------------------------------------------
  __cs_pc[3l]=10 (1010)

State 390 file /home/dell/zyworkspace/nichecker/Experiment/icbmc/wdt_pci_3/_mt_main_n_result/_cs___mt_main_n.c line 1205 function main thread 0
----------------------------------------------------
  __cs_tmp_t4_r1=10 (1010)

State 416 file /home/dell/zyworkspace/nichecker/Experiment/icbmc/wdt_pci_3/_mt_main_n_result/_cs___mt_main_n.c line 1210 function main thread 0
----------------------------------------------------
  __cs_thread_index=4 (0100)

State 417 file /home/dell/zyworkspace/nichecker/Experiment/icbmc/wdt_pci_3/_mt_main_n_result/_cs___mt_main_n.c line 1212 function main thread 0
----------------------------------------------------
  __cs_pc_cs[4l]=10 (1010)

State 422 file /home/dell/zyworkspace/nichecker/Experiment/icbmc/wdt_pci_3/_mt_main_n_result/_cs___mt_main_n.c line 1218 function main thread 0
----------------------------------------------------
  __cs_param_closer3_isr_arg=NULL (0000000000000000000000000000000000000000000000000000000000000000)

State 427 file /home/dell/zyworkspace/nichecker/Experiment/icbmc/wdt_pci_3/_mt_main_n_result/_cs___mt_main_n.c line 413 function closer3_isr_0 thread 0
----------------------------------------------------
  __cs_local_closer3_isr___cs_tmp_if_cond_9=TRUE (00000001)

State 430 file /home/dell/zyworkspace/nichecker/Experiment/icbmc/wdt_pci_3/_mt_main_n_result/_cs___mt_main_n.c line 423 function closer3_isr_0 thread 0
----------------------------------------------------
  __cs_local_closer3_isr___cs_tmp_if_cond_10=TRUE (00000001)

State 433 file /home/dell/zyworkspace/nichecker/Experiment/icbmc/wdt_pci_3/_mt_main_n_result/_cs___mt_main_n.c line 433 function closer3_isr_0 thread 0
----------------------------------------------------
  __cs_local_closer3_isr___cs_tmp_if_cond_11=FALSE (00000000)

State 439 file /home/dell/zyworkspace/nichecker/Experiment/icbmc/wdt_pci_3/_mt_main_n_result/_cs___mt_main_n.c line 462 function closer3_isr_0 thread 0
----------------------------------------------------
  __cs_local_closer3_isr___cs_tmp_if_cond_12=TRUE (00000001)

Violated property:
  file /home/dell/zyworkspace/nichecker/Experiment/icbmc/wdt_pci_3/_mt_main_n_result/_cs___mt_main_n.c line 468 function closer3_isr_0
  assertion 0
  (_Bool)0


Trace for closer4_isr_0.assertion.1:

State 79 file /home/dell/zyworkspace/nichecker/Experiment/icbmc/wdt_pci_3/_mt_main_n_result/_cs___mt_main_n.c line 950 function main thread 0
----------------------------------------------------
  __cs_tmp_t1_r0=1 (1)

State 81 file /home/dell/zyworkspace/nichecker/Experiment/icbmc/wdt_pci_3/_mt_main_n_result/_cs___mt_main_n.c line 954 function main thread 0
----------------------------------------------------
  __cs_thread_index=1 (0001)

State 82 file /home/dell/zyworkspace/nichecker/Experiment/icbmc/wdt_pci_3/_mt_main_n_result/_cs___mt_main_n.c line 956 function main thread 0
----------------------------------------------------
  __cs_pc_cs[1l]=1 (0001)

State 87 file /home/dell/zyworkspace/nichecker/Experiment/icbmc/wdt_pci_3/_mt_main_n_result/_cs___mt_main_n.c line 962 function main thread 0
----------------------------------------------------
  __cs_param_main_task_arg=NULL (0000000000000000000000000000000000000000000000000000000000000000)

State 93 file /home/dell/zyworkspace/nichecker/Experiment/icbmc/wdt_pci_3/_mt_main_n_result/_cs___mt_main_n.c line 938 function main_task_0 thread 0
----------------------------------------------------
  __cs_value_ptr=NULL (0000000000000000000000000000000000000000000000000000000000000000)

State 98 file /home/dell/zyworkspace/nichecker/Experiment/icbmc/wdt_pci_3/_mt_main_n_result/_cs___mt_main_n.c line 964 function main thread 0
----------------------------------------------------
  __cs_pc[1l]=1 (0001)

State 99 file /home/dell/zyworkspace/nichecker/Experiment/icbmc/wdt_pci_3/_mt_main_n_result/_cs___mt_main_n.c line 970 function main thread 0
----------------------------------------------------
  __cs_tmp_t2_r0=0 (0)

State 101 file /home/dell/zyworkspace/nichecker/Experiment/icbmc/wdt_pci_3/_mt_main_n_result/_cs___mt_main_n.c line 975 function main thread 0
----------------------------------------------------
  __cs_thread_index=2 (0010)

State 102 file /home/dell/zyworkspace/nichecker/Experiment/icbmc/wdt_pci_3/_mt_main_n_result/_cs___mt_main_n.c line 977 function main thread 0
----------------------------------------------------
  __cs_pc_cs[2l]=0 (0000)

State 107 file /home/dell/zyworkspace/nichecker/Experiment/icbmc/wdt_pci_3/_mt_main_n_result/_cs___mt_main_n.c line 983 function main thread 0
----------------------------------------------------
  __cs_param_closer1_isr_arg=NULL (0000000000000000000000000000000000000000000000000000000000000000)

State 111 file /home/dell/zyworkspace/nichecker/Experiment/icbmc/wdt_pci_3/_mt_main_n_result/_cs___mt_main_n.c line 280 function closer1_isr_0 thread 0
----------------------------------------------------
  __cs_value_ptr=NULL (0000000000000000000000000000000000000000000000000000000000000000)

State 116 file /home/dell/zyworkspace/nichecker/Experiment/icbmc/wdt_pci_3/_mt_main_n_result/_cs___mt_main_n.c line 985 function main thread 0
----------------------------------------------------
  __cs_pc[2l]=0 (0000)

State 117 file /home/dell/zyworkspace/nichecker/Experiment/icbmc/wdt_pci_3/_mt_main_n_result/_cs___mt_main_n.c line 991 function main thread 0
----------------------------------------------------
  __cs_tmp_t3_r0=10 (1010)

State 129 file /home/dell/zyworkspace/nichecker/Experiment/icbmc/wdt_pci_3/_mt_main_n_result/_cs___mt_main_n.c line 996 function main thread 0
----------------------------------------------------
  __cs_thread_index=3 (0011)

State 130 file /home/dell/zyworkspace/nichecker/Experiment/icbmc/wdt_pci_3/_mt_main_n_result/_cs___mt_main_n.c line 998 function main thread 0
----------------------------------------------------
  __cs_pc_cs[3l]=10 (1010)

State 135 file /home/dell/zyworkspace/nichecker/Experiment/icbmc/wdt_pci_3/_mt_main_n_result/_cs___mt_main_n.c line 1004 function main thread 0
----------------------------------------------------
  __cs_param_closer2_isr_arg=NULL (0000000000000000000000000000000000000000000000000000000000000000)

State 137 file /home/dell/zyworkspace/nichecker/Experiment/icbmc/wdt_pci_3/_mt_main_n_result/_cs___mt_main_n.c line 290 function closer2_isr_0 thread 0
----------------------------------------------------
  wdtpci_write_buf='V' (01010110)

State 139 file /home/dell/zyworkspace/nichecker/Experiment/icbmc/wdt_pci_3/_mt_main_n_result/_cs___mt_main_n.c line 294 function closer2_isr_0 thread 0
----------------------------------------------------
  expect_close=42 (00000000000000000000000000101010)

State 141 file /home/dell/zyworkspace/nichecker/Experiment/icbmc/wdt_pci_3/_mt_main_n_result/_cs___mt_main_n.c line 298 function closer2_isr_0 thread 0
----------------------------------------------------
  count=1 (00000000000000000000000000000001)

State 143 file /home/dell/zyworkspace/nichecker/Experiment/icbmc/wdt_pci_3/_mt_main_n_result/_cs___mt_main_n.c line 304 function closer2_isr_0 thread 0
----------------------------------------------------
  __cs_local_closer2_isr___cs_tmp_if_cond_5=TRUE (00000001)

State 146 file /home/dell/zyworkspace/nichecker/Experiment/icbmc/wdt_pci_3/_mt_main_n_result/_cs___mt_main_n.c line 314 function closer2_isr_0 thread 0
----------------------------------------------------
  __cs_local_closer2_isr___cs_tmp_if_cond_6=TRUE (00000001)

State 149 file /home/dell/zyworkspace/nichecker/Experiment/icbmc/wdt_pci_3/_mt_main_n_result/_cs___mt_main_n.c line 324 function closer2_isr_0 thread 0
----------------------------------------------------
  __cs_local_closer2_isr___cs_tmp_if_cond_7=FALSE (00000000)

State 155 file /home/dell/zyworkspace/nichecker/Experiment/icbmc/wdt_pci_3/_mt_main_n_result/_cs___mt_main_n.c line 353 function closer2_isr_0 thread 0
----------------------------------------------------
  __cs_local_closer2_isr___cs_tmp_if_cond_8=FALSE (00000000)

State 158 file /home/dell/zyworkspace/nichecker/Experiment/icbmc/wdt_pci_3/_mt_main_n_result/_cs___mt_main_n.c line 371 function closer2_isr_0 thread 0
----------------------------------------------------
  expect_close=0 (00000000000000000000000000000000)

State 160 file /home/dell/zyworkspace/nichecker/Experiment/icbmc/wdt_pci_3/_mt_main_n_result/_cs___mt_main_n.c line 375 function closer2_isr_0 thread 0
----------------------------------------------------
  cnt2=1 (00000000000000000000000000000001)

State 164 file /home/dell/zyworkspace/nichecker/Experiment/icbmc/wdt_pci_3/_mt_main_n_result/_cs___mt_main_n.c line 389 function closer2_isr_0 thread 0
----------------------------------------------------
  __cs_value_ptr=NULL (0000000000000000000000000000000000000000000000000000000000000000)

State 169 file /home/dell/zyworkspace/nichecker/Experiment/icbmc/wdt_pci_3/_mt_main_n_result/_cs___mt_main_n.c line 1006 function main thread 0
----------------------------------------------------
  __cs_pc[3l]=10 (1010)

State 170 file /home/dell/zyworkspace/nichecker/Experiment/icbmc/wdt_pci_3/_mt_main_n_result/_cs___mt_main_n.c line 1012 function main thread 0
----------------------------------------------------
  __cs_tmp_t4_r0=0 (0000)

State 196 file /home/dell/zyworkspace/nichecker/Experiment/icbmc/wdt_pci_3/_mt_main_n_result/_cs___mt_main_n.c line 1017 function main thread 0
----------------------------------------------------
  __cs_thread_index=4 (0100)

State 197 file /home/dell/zyworkspace/nichecker/Experiment/icbmc/wdt_pci_3/_mt_main_n_result/_cs___mt_main_n.c line 1019 function main thread 0
----------------------------------------------------
  __cs_pc_cs[4l]=0 (0000)

State 202 file /home/dell/zyworkspace/nichecker/Experiment/icbmc/wdt_pci_3/_mt_main_n_result/_cs___mt_main_n.c line 1025 function main thread 0
----------------------------------------------------
  __cs_param_closer3_isr_arg=NULL (0000000000000000000000000000000000000000000000000000000000000000)

State 215 file /home/dell/zyworkspace/nichecker/Experiment/icbmc/wdt_pci_3/_mt_main_n_result/_cs___mt_main_n.c line 495 function closer3_isr_0 thread 0
----------------------------------------------------
  __cs_value_ptr=NULL (0000000000000000000000000000000000000000000000000000000000000000)

State 220 file /home/dell/zyworkspace/nichecker/Experiment/icbmc/wdt_pci_3/_mt_main_n_result/_cs___mt_main_n.c line 1027 function main thread 0
----------------------------------------------------
  __cs_pc[4l]=0 (0000)

State 221 file /home/dell/zyworkspace/nichecker/Experiment/icbmc/wdt_pci_3/_mt_main_n_result/_cs___mt_main_n.c line 1033 function main thread 0
----------------------------------------------------
  __cs_tmp_t5_r0=7 (0111)

State 252 file /home/dell/zyworkspace/nichecker/Experiment/icbmc/wdt_pci_3/_mt_main_n_result/_cs___mt_main_n.c line 1038 function main thread 0
----------------------------------------------------
  __cs_thread_index=5 (0101)

State 253 file /home/dell/zyworkspace/nichecker/Experiment/icbmc/wdt_pci_3/_mt_main_n_result/_cs___mt_main_n.c line 1040 function main thread 0
----------------------------------------------------
  __cs_pc_cs[5l]=7 (0111)

State 258 file /home/dell/zyworkspace/nichecker/Experiment/icbmc/wdt_pci_3/_mt_main_n_result/_cs___mt_main_n.c line 1046 function main thread 0
----------------------------------------------------
  __cs_param_closer4_isr_arg=NULL (0000000000000000000000000000000000000000000000000000000000000000)

State 260 file /home/dell/zyworkspace/nichecker/Experiment/icbmc/wdt_pci_3/_mt_main_n_result/_cs___mt_main_n.c line 505 function closer4_isr_0 thread 0
----------------------------------------------------
  wdtpci_write_buf='V' (01010110)

State 262 file /home/dell/zyworkspace/nichecker/Experiment/icbmc/wdt_pci_3/_mt_main_n_result/_cs___mt_main_n.c line 509 function closer4_isr_0 thread 0
----------------------------------------------------
  expect_close=42 (00000000000000000000000000101010)

State 264 file /home/dell/zyworkspace/nichecker/Experiment/icbmc/wdt_pci_3/_mt_main_n_result/_cs___mt_main_n.c line 513 function closer4_isr_0 thread 0
----------------------------------------------------
  count=1 (00000000000000000000000000000001)

State 266 file /home/dell/zyworkspace/nichecker/Experiment/icbmc/wdt_pci_3/_mt_main_n_result/_cs___mt_main_n.c line 519 function closer4_isr_0 thread 0
----------------------------------------------------
  __cs_local_closer4_isr___cs_tmp_if_cond_13=TRUE (00000001)

State 269 file /home/dell/zyworkspace/nichecker/Experiment/icbmc/wdt_pci_3/_mt_main_n_result/_cs___mt_main_n.c line 529 function closer4_isr_0 thread 0
----------------------------------------------------
  __cs_local_closer4_isr___cs_tmp_if_cond_14=TRUE (00000001)

State 272 file /home/dell/zyworkspace/nichecker/Experiment/icbmc/wdt_pci_3/_mt_main_n_result/_cs___mt_main_n.c line 539 function closer4_isr_0 thread 0
----------------------------------------------------
  __cs_local_closer4_isr___cs_tmp_if_cond_15=FALSE (00000000)

State 282 file /home/dell/zyworkspace/nichecker/Experiment/icbmc/wdt_pci_3/_mt_main_n_result/_cs___mt_main_n.c line 601 function closer4_isr_0 thread 0
----------------------------------------------------
  __cs_value_ptr=NULL (0000000000000000000000000000000000000000000000000000000000000000)

State 287 file /home/dell/zyworkspace/nichecker/Experiment/icbmc/wdt_pci_3/_mt_main_n_result/_cs___mt_main_n.c line 1048 function main thread 0
----------------------------------------------------
  __cs_pc[5l]=7 (0111)

State 288 file /home/dell/zyworkspace/nichecker/Experiment/icbmc/wdt_pci_3/_mt_main_n_result/_cs___mt_main_n.c line 1054 function main thread 0
----------------------------------------------------
  __cs_tmp_t6_r0=0 (000)

State 314 file /home/dell/zyworkspace/nichecker/Experiment/icbmc/wdt_pci_3/_mt_main_n_result/_cs___mt_main_n.c line 1059 function main thread 0
----------------------------------------------------
  __cs_thread_index=6 (0110)

State 315 file /home/dell/zyworkspace/nichecker/Experiment/icbmc/wdt_pci_3/_mt_main_n_result/_cs___mt_main_n.c line 1061 function main thread 0
----------------------------------------------------
  __cs_pc_cs[6l]=0 (0000)

State 320 file /home/dell/zyworkspace/nichecker/Experiment/icbmc/wdt_pci_3/_mt_main_n_result/_cs___mt_main_n.c line 1067 function main thread 0
----------------------------------------------------
  __cs_param_writer1_isr_arg=NULL (0000000000000000000000000000000000000000000000000000000000000000)

State 330 file /home/dell/zyworkspace/nichecker/Experiment/icbmc/wdt_pci_3/_mt_main_n_result/_cs___mt_main_n.c line 679 function writer1_isr_0 thread 0
----------------------------------------------------
  __cs_value_ptr=NULL (0000000000000000000000000000000000000000000000000000000000000000)

State 335 file /home/dell/zyworkspace/nichecker/Experiment/icbmc/wdt_pci_3/_mt_main_n_result/_cs___mt_main_n.c line 1069 function main thread 0
----------------------------------------------------
  __cs_pc[6l]=0 (0000)

State 336 file /home/dell/zyworkspace/nichecker/Experiment/icbmc/wdt_pci_3/_mt_main_n_result/_cs___mt_main_n.c line 1075 function main thread 0
----------------------------------------------------
  __cs_tmp_t7_r0=0 (000)

State 362 file /home/dell/zyworkspace/nichecker/Experiment/icbmc/wdt_pci_3/_mt_main_n_result/_cs___mt_main_n.c line 1080 function main thread 0
----------------------------------------------------
  __cs_thread_index=7 (0111)

State 363 file /home/dell/zyworkspace/nichecker/Experiment/icbmc/wdt_pci_3/_mt_main_n_result/_cs___mt_main_n.c line 1082 function main thread 0
----------------------------------------------------
  __cs_pc_cs[7l]=0 (0000)

State 368 file /home/dell/zyworkspace/nichecker/Experiment/icbmc/wdt_pci_3/_mt_main_n_result/_cs___mt_main_n.c line 1088 function main thread 0
----------------------------------------------------
  __cs_param_writer2_isr_arg=NULL (0000000000000000000000000000000000000000000000000000000000000000)

State 378 file /home/dell/zyworkspace/nichecker/Experiment/icbmc/wdt_pci_3/_mt_main_n_result/_cs___mt_main_n.c line 757 function writer2_isr_0 thread 0
----------------------------------------------------
  __cs_value_ptr=NULL (0000000000000000000000000000000000000000000000000000000000000000)

State 383 file /home/dell/zyworkspace/nichecker/Experiment/icbmc/wdt_pci_3/_mt_main_n_result/_cs___mt_main_n.c line 1090 function main thread 0
----------------------------------------------------
  __cs_pc[7l]=0 (0000)

State 384 file /home/dell/zyworkspace/nichecker/Experiment/icbmc/wdt_pci_3/_mt_main_n_result/_cs___mt_main_n.c line 1096 function main thread 0
----------------------------------------------------
  __cs_tmp_t8_r0=0 (000)

State 395 file /home/dell/zyworkspace/nichecker/Experiment/icbmc/wdt_pci_3/_mt_main_n_result/_cs___mt_main_n.c line 1101 function main thread 0
----------------------------------------------------
  __cs_thread_index=8 (1000)

State 396 file /home/dell/zyworkspace/nichecker/Experiment/icbmc/wdt_pci_3/_mt_main_n_result/_cs___mt_main_n.c line 1103 function main thread 0
----------------------------------------------------
  __cs_pc_cs[8l]=0 (0000)

State 401 file /home/dell/zyworkspace/nichecker/Experiment/icbmc/wdt_pci_3/_mt_main_n_result/_cs___mt_main_n.c line 1109 function main thread 0
----------------------------------------------------
  __cs_param_writer3_isr_arg=NULL (0000000000000000000000000000000000000000000000000000000000000000)

State 411 file /home/dell/zyworkspace/nichecker/Experiment/icbmc/wdt_pci_3/_mt_main_n_result/_cs___mt_main_n.c line 835 function writer3_isr_0 thread 0
----------------------------------------------------
  __cs_value_ptr=NULL (0000000000000000000000000000000000000000000000000000000000000000)

State 416 file /home/dell/zyworkspace/nichecker/Experiment/icbmc/wdt_pci_3/_mt_main_n_result/_cs___mt_main_n.c line 1111 function main thread 0
----------------------------------------------------
  __cs_pc[8l]=0 (0000)

State 417 file /home/dell/zyworkspace/nichecker/Experiment/icbmc/wdt_pci_3/_mt_main_n_result/_cs___mt_main_n.c line 1117 function main thread 0
----------------------------------------------------
  __cs_tmp_t9_r0=0 (000)

State 419 file /home/dell/zyworkspace/nichecker/Experiment/icbmc/wdt_pci_3/_mt_main_n_result/_cs___mt_main_n.c line 1122 function main thread 0
----------------------------------------------------
  __cs_thread_index=9 (1001)

State 420 file /home/dell/zyworkspace/nichecker/Experiment/icbmc/wdt_pci_3/_mt_main_n_result/_cs___mt_main_n.c line 1124 function main thread 0
----------------------------------------------------
  __cs_pc_cs[9l]=0 (0000)

State 425 file /home/dell/zyworkspace/nichecker/Experiment/icbmc/wdt_pci_3/_mt_main_n_result/_cs___mt_main_n.c line 1130 function main thread 0
----------------------------------------------------
  __cs_param_writer4_isr_arg=NULL (0000000000000000000000000000000000000000000000000000000000000000)

State 435 file /home/dell/zyworkspace/nichecker/Experiment/icbmc/wdt_pci_3/_mt_main_n_result/_cs___mt_main_n.c line 913 function writer4_isr_0 thread 0
----------------------------------------------------
  __cs_value_ptr=NULL (0000000000000000000000000000000000000000000000000000000000000000)

State 440 file /home/dell/zyworkspace/nichecker/Experiment/icbmc/wdt_pci_3/_mt_main_n_result/_cs___mt_main_n.c line 1132 function main thread 0
----------------------------------------------------
  __cs_pc[9l]=0 (0000)

State 441 file /home/dell/zyworkspace/nichecker/Experiment/icbmc/wdt_pci_3/_mt_main_n_result/_cs___mt_main_n.c line 1142 function main thread 0
----------------------------------------------------
  __cs_tmp_t1_r1=0 (0)

State 456 file /home/dell/zyworkspace/nichecker/Experiment/icbmc/wdt_pci_3/_mt_main_n_result/_cs___mt_main_n.c line 1163 function main thread 0
----------------------------------------------------
  __cs_tmp_t2_r1=0 (0)

State 458 file /home/dell/zyworkspace/nichecker/Experiment/icbmc/wdt_pci_3/_mt_main_n_result/_cs___mt_main_n.c line 1168 function main thread 0
----------------------------------------------------
  __cs_thread_index=2 (0010)

State 459 file /home/dell/zyworkspace/nichecker/Experiment/icbmc/wdt_pci_3/_mt_main_n_result/_cs___mt_main_n.c line 1170 function main thread 0
----------------------------------------------------
  __cs_pc_cs[2l]=0 (0000)

State 464 file /home/dell/zyworkspace/nichecker/Experiment/icbmc/wdt_pci_3/_mt_main_n_result/_cs___mt_main_n.c line 1176 function main thread 0
----------------------------------------------------
  __cs_param_closer1_isr_arg=NULL (0000000000000000000000000000000000000000000000000000000000000000)

State 468 file /home/dell/zyworkspace/nichecker/Experiment/icbmc/wdt_pci_3/_mt_main_n_result/_cs___mt_main_n.c line 280 function closer1_isr_0 thread 0
----------------------------------------------------
  __cs_value_ptr=NULL (0000000000000000000000000000000000000000000000000000000000000000)

State 473 file /home/dell/zyworkspace/nichecker/Experiment/icbmc/wdt_pci_3/_mt_main_n_result/_cs___mt_main_n.c line 1178 function main thread 0
----------------------------------------------------
  __cs_pc[2l]=0 (0000)

State 474 file /home/dell/zyworkspace/nichecker/Experiment/icbmc/wdt_pci_3/_mt_main_n_result/_cs___mt_main_n.c line 1184 function main thread 0
----------------------------------------------------
  __cs_tmp_t3_r1=10 (1010)

State 486 file /home/dell/zyworkspace/nichecker/Experiment/icbmc/wdt_pci_3/_mt_main_n_result/_cs___mt_main_n.c line 1189 function main thread 0
----------------------------------------------------
  __cs_thread_index=3 (0011)

State 487 file /home/dell/zyworkspace/nichecker/Experiment/icbmc/wdt_pci_3/_mt_main_n_result/_cs___mt_main_n.c line 1191 function main thread 0
----------------------------------------------------
  __cs_pc_cs[3l]=10 (1010)

State 492 file /home/dell/zyworkspace/nichecker/Experiment/icbmc/wdt_pci_3/_mt_main_n_result/_cs___mt_main_n.c line 1197 function main thread 0
----------------------------------------------------
  __cs_param_closer2_isr_arg=NULL (0000000000000000000000000000000000000000000000000000000000000000)

State 505 file /home/dell/zyworkspace/nichecker/Experiment/icbmc/wdt_pci_3/_mt_main_n_result/_cs___mt_main_n.c line 389 function closer2_isr_0 thread 0
----------------------------------------------------
  __cs_value_ptr=NULL (0000000000000000000000000000000000000000000000000000000000000000)

State 510 file /home/dell/zyworkspace/nichecker/Experiment/icbmc/wdt_pci_3/_mt_main_n_result/_cs___mt_main_n.c line 1199 function main thread 0
----------------------------------------------------
  __cs_pc[3l]=10 (1010)

State 511 file /home/dell/zyworkspace/nichecker/Experiment/icbmc/wdt_pci_3/_mt_main_n_result/_cs___mt_main_n.c line 1205 function main thread 0
----------------------------------------------------
  __cs_tmp_t4_r1=10 (1010)

State 537 file /home/dell/zyworkspace/nichecker/Experiment/icbmc/wdt_pci_3/_mt_main_n_result/_cs___mt_main_n.c line 1210 function main thread 0
----------------------------------------------------
  __cs_thread_index=4 (0100)

State 538 file /home/dell/zyworkspace/nichecker/Experiment/icbmc/wdt_pci_3/_mt_main_n_result/_cs___mt_main_n.c line 1212 function main thread 0
----------------------------------------------------
  __cs_pc_cs[4l]=10 (1010)

State 543 file /home/dell/zyworkspace/nichecker/Experiment/icbmc/wdt_pci_3/_mt_main_n_result/_cs___mt_main_n.c line 1218 function main thread 0
----------------------------------------------------
  __cs_param_closer3_isr_arg=NULL (0000000000000000000000000000000000000000000000000000000000000000)

State 545 file /home/dell/zyworkspace/nichecker/Experiment/icbmc/wdt_pci_3/_mt_main_n_result/_cs___mt_main_n.c line 399 function closer3_isr_0 thread 0
----------------------------------------------------
  wdtpci_write_buf='V' (01010110)

State 547 file /home/dell/zyworkspace/nichecker/Experiment/icbmc/wdt_pci_3/_mt_main_n_result/_cs___mt_main_n.c line 403 function closer3_isr_0 thread 0
----------------------------------------------------
  expect_close=42 (00000000000000000000000000101010)

State 549 file /home/dell/zyworkspace/nichecker/Experiment/icbmc/wdt_pci_3/_mt_main_n_result/_cs___mt_main_n.c line 407 function closer3_isr_0 thread 0
----------------------------------------------------
  count=1 (00000000000000000000000000000001)

State 551 file /home/dell/zyworkspace/nichecker/Experiment/icbmc/wdt_pci_3/_mt_main_n_result/_cs___mt_main_n.c line 413 function closer3_isr_0 thread 0
----------------------------------------------------
  __cs_local_closer3_isr___cs_tmp_if_cond_9=TRUE (00000001)

State 554 file /home/dell/zyworkspace/nichecker/Experiment/icbmc/wdt_pci_3/_mt_main_n_result/_cs___mt_main_n.c line 423 function closer3_isr_0 thread 0
----------------------------------------------------
  __cs_local_closer3_isr___cs_tmp_if_cond_10=TRUE (00000001)

State 557 file /home/dell/zyworkspace/nichecker/Experiment/icbmc/wdt_pci_3/_mt_main_n_result/_cs___mt_main_n.c line 433 function closer3_isr_0 thread 0
----------------------------------------------------
  __cs_local_closer3_isr___cs_tmp_if_cond_11=FALSE (00000000)

State 563 file /home/dell/zyworkspace/nichecker/Experiment/icbmc/wdt_pci_3/_mt_main_n_result/_cs___mt_main_n.c line 462 function closer3_isr_0 thread 0
----------------------------------------------------
  __cs_local_closer3_isr___cs_tmp_if_cond_12=FALSE (00000000)

State 566 file /home/dell/zyworkspace/nichecker/Experiment/icbmc/wdt_pci_3/_mt_main_n_result/_cs___mt_main_n.c line 480 function closer3_isr_0 thread 0
----------------------------------------------------
  expect_close=0 (00000000000000000000000000000000)

State 568 file /home/dell/zyworkspace/nichecker/Experiment/icbmc/wdt_pci_3/_mt_main_n_result/_cs___mt_main_n.c line 484 function closer3_isr_0 thread 0
----------------------------------------------------
  cnt5=1 (00000000000000000000000000000001)

State 572 file /home/dell/zyworkspace/nichecker/Experiment/icbmc/wdt_pci_3/_mt_main_n_result/_cs___mt_main_n.c line 495 function closer3_isr_0 thread 0
----------------------------------------------------
  __cs_value_ptr=NULL (0000000000000000000000000000000000000000000000000000000000000000)

State 577 file /home/dell/zyworkspace/nichecker/Experiment/icbmc/wdt_pci_3/_mt_main_n_result/_cs___mt_main_n.c line 1220 function main thread 0
----------------------------------------------------
  __cs_pc[4l]=10 (1010)

State 578 file /home/dell/zyworkspace/nichecker/Experiment/icbmc/wdt_pci_3/_mt_main_n_result/_cs___mt_main_n.c line 1226 function main thread 0
----------------------------------------------------
  __cs_tmp_t5_r1=9 (1001)

State 608 file /home/dell/zyworkspace/nichecker/Experiment/icbmc/wdt_pci_3/_mt_main_n_result/_cs___mt_main_n.c line 1231 function main thread 0
----------------------------------------------------
  __cs_thread_index=5 (0101)

State 609 file /home/dell/zyworkspace/nichecker/Experiment/icbmc/wdt_pci_3/_mt_main_n_result/_cs___mt_main_n.c line 1233 function main thread 0
----------------------------------------------------
  __cs_pc_cs[5l]=9 (1001)

State 614 file /home/dell/zyworkspace/nichecker/Experiment/icbmc/wdt_pci_3/_mt_main_n_result/_cs___mt_main_n.c line 1239 function main thread 0
----------------------------------------------------
  __cs_param_closer4_isr_arg=NULL (0000000000000000000000000000000000000000000000000000000000000000)

State 623 file /home/dell/zyworkspace/nichecker/Experiment/icbmc/wdt_pci_3/_mt_main_n_result/_cs___mt_main_n.c line 568 function closer4_isr_0 thread 0
----------------------------------------------------
  __cs_local_closer4_isr___cs_tmp_if_cond_16=TRUE (00000001)

Violated property:
  file /home/dell/zyworkspace/nichecker/Experiment/icbmc/wdt_pci_3/_mt_main_n_result/_cs___mt_main_n.c line 574 function closer4_isr_0
  assertion 0
  (_Bool)0


** 3 of 4 failed (4 iterations)
VERIFICATION FAILED
