2023-10-16 15:46:24
SVPCheck: True	LoopAbstraction: True	LabelReduction: False	Slice: True	

SVPCheck var: svp_simple_010_001_global_union	pattern: wrw
--------------------------Run start-------------------------------
inliner
slice
LoopAbstraction
unroller
insertLabel
lazyseq
feeder  0.178
[91mUNSAFE[0m, counterexample: 1, time: 2.480 s, memory: 28.92 MB
--------------------------Run end---------------------------------
SVPCheck var: svp_simple_010_001_global_struct	pattern: wrw
--------------------------Run start-------------------------------
inliner
slice
LoopAbstraction
unroller
insertLabel
lazyseq
feeder  0.182
[91mUNSAFE[0m, counterexample: 1, time: 2.469 s, memory: 28.94 MB
--------------------------Run end---------------------------------
cbmcTimeSum: 0.36
modulesTimeSum: 4.949
