CBMC version 5.6 64-bit x86_64 linux
Parsing /home/dell/zyworkspace/nichecker/Experiment/remarks2.1/svp_simple_005/_mt_svp_simple_005_001_result/_cs_svp_simple_005_001_global_var_wrw_mt_svp_simple_005_001.c
<command-line>: warning: "__STDC_VERSION__" redefined
<built-in>: note: this is the location of the previous definition
Converting
Type-checking _cs_svp_simple_005_001_global_var_wrw_mt_svp_simple_005_001
file /home/dell/zyworkspace/nichecker/Experiment/remarks2.1/svp_simple_005/_mt_svp_simple_005_001_result/_cs_svp_simple_005_001_global_var_wrw_mt_svp_simple_005_001.c line 289 function main_task_0: function `assert' is not declared
Generating GOTO Program
Adding CPROVER library (x86_64)
Removal of function pointers and virtual functions
Partial Inlining
Generic Property Instrumentation
Starting Bounded Model Checking
**** WARNING: no body for function enable_isr
size of program expression: 1580 steps
simple slicing removed 43 assignments
Generated 14 VCC(s), 10 remaining after simplification
Passing problem to propositional reduction
converting SSA
Running propositional reduction
Post-processing
Solving with MiniSAT 2.2.1 with simplifier
14388 variables, 54509 clauses
SAT checker: instance is SATISFIABLE
Solving with MiniSAT 2.2.1 with simplifier
14388 variables, 24583 clauses
SAT checker: instance is UNSATISFIABLE
Runtime decision procedure: 0.126s

** Results:
[main_task_0.assertion.1] assertion wrw_a_1 == 0: SUCCESS
[main_task_0.assertion.2] assertion wrw_a_1 == 0: SUCCESS
[main_task_0.assertion.3] assertion wrw_a_1 == 0: SUCCESS
[main_task_0.assertion.4] assertion wrw_a_1 == 0: SUCCESS
[main_task_0.assertion.5] assertion wrw_a_1 == 0: SUCCESS
[main_task_0.assertion.6] assertion wrw_a_1 == 0: FAILURE

Trace for main_task_0.assertion.6:

State 58 file /home/dell/zyworkspace/nichecker/Experiment/remarks2.1/svp_simple_005/_mt_svp_simple_005_001_result/_cs_svp_simple_005_001_global_var_wrw_mt_svp_simple_005_001.c line 725 function main thread 0
----------------------------------------------------
  __cs_tmp_t1_r0=4 (0100)

State 60 file /home/dell/zyworkspace/nichecker/Experiment/remarks2.1/svp_simple_005/_mt_svp_simple_005_001_result/_cs_svp_simple_005_001_global_var_wrw_mt_svp_simple_005_001.c line 729 function main thread 0
----------------------------------------------------
  __cs_thread_index=1 (01)

State 61 file /home/dell/zyworkspace/nichecker/Experiment/remarks2.1/svp_simple_005/_mt_svp_simple_005_001_result/_cs_svp_simple_005_001_global_var_wrw_mt_svp_simple_005_001.c line 731 function main thread 0
----------------------------------------------------
  __cs_pc_cs[1l]=4 (0100)

State 66 file /home/dell/zyworkspace/nichecker/Experiment/remarks2.1/svp_simple_005/_mt_svp_simple_005_001_result/_cs_svp_simple_005_001_global_var_wrw_mt_svp_simple_005_001.c line 737 function main thread 0
----------------------------------------------------
  __cs_param_main_task_arg=NULL (0000000000000000000000000000000000000000000000000000000000000000)

State 71 file /home/dell/zyworkspace/nichecker/Experiment/remarks2.1/svp_simple_005/_mt_svp_simple_005_001_result/_cs_svp_simple_005_001_global_var_wrw_mt_svp_simple_005_001.c line 179 function main_task_0 thread 0
----------------------------------------------------
  __cs_disable_thread[2l]=0 (0)

State 72 file /home/dell/zyworkspace/nichecker/Experiment/remarks2.1/svp_simple_005/_mt_svp_simple_005_001_result/_cs_svp_simple_005_001_global_var_wrw_mt_svp_simple_005_001.c line 182 function main_task_0 thread 0
----------------------------------------------------
  __cs_disable_thread[0l]=0 (0)

State 74 file /home/dell/zyworkspace/nichecker/Experiment/remarks2.1/svp_simple_005/_mt_svp_simple_005_001_result/_cs_svp_simple_005_001_global_var_wrw_mt_svp_simple_005_001.c line 195 function main_task_0 thread 0
----------------------------------------------------
  __cs_local_main_task_i=0 (00000000000000000000000000000000)

State 75 file /home/dell/zyworkspace/nichecker/Experiment/remarks2.1/svp_simple_005/_mt_svp_simple_005_001_result/_cs_svp_simple_005_001_global_var_wrw_mt_svp_simple_005_001.c line 203 function main_task_0 thread 0
----------------------------------------------------
  __cs_local_main_task_t=0 (00000000000000000000000000000000)

State 77 file /home/dell/zyworkspace/nichecker/Experiment/remarks2.1/svp_simple_005/_mt_svp_simple_005_001_result/_cs_svp_simple_005_001_global_var_wrw_mt_svp_simple_005_001.c line 221 function main_task_0 thread 0
----------------------------------------------------
  __cs_local_main_task_loop_1_IOVar1=0 (00000000000000000000000000000000)

State 78 file /home/dell/zyworkspace/nichecker/Experiment/remarks2.1/svp_simple_005/_mt_svp_simple_005_001_result/_cs_svp_simple_005_001_global_var_wrw_mt_svp_simple_005_001.c line 224 function main_task_0 thread 0
----------------------------------------------------
  __cs_local_main_task_loop_1_block_2=1807 (00000000000000000000011100001111)

State 79 file /home/dell/zyworkspace/nichecker/Experiment/remarks2.1/svp_simple_005/_mt_svp_simple_005_001_result/_cs_svp_simple_005_001_global_var_wrw_mt_svp_simple_005_001.c line 227 function main_task_0 thread 0
----------------------------------------------------
  __cs_local_main_task_i=1807 (00000000000000000000011100001111)

State 82 file /home/dell/zyworkspace/nichecker/Experiment/remarks2.1/svp_simple_005/_mt_svp_simple_005_001_result/_cs_svp_simple_005_001_global_var_wrw_mt_svp_simple_005_001.c line 238 function main_task_0 thread 0
----------------------------------------------------
  __cs_local_main_task_j=0 (00000000000000000000000000000000)

State 83 file /home/dell/zyworkspace/nichecker/Experiment/remarks2.1/svp_simple_005/_mt_svp_simple_005_001_result/_cs_svp_simple_005_001_global_var_wrw_mt_svp_simple_005_001.c line 246 function main_task_0 thread 0
----------------------------------------------------
  __cs_local_main_task_t=0 (00000000000000000000000000000000)

State 85 file /home/dell/zyworkspace/nichecker/Experiment/remarks2.1/svp_simple_005/_mt_svp_simple_005_001_result/_cs_svp_simple_005_001_global_var_wrw_mt_svp_simple_005_001.c line 264 function main_task_0 thread 0
----------------------------------------------------
  __cs_local_main_task_loop_2_IOVar1=0 (00000000000000000000000000000000)

State 86 file /home/dell/zyworkspace/nichecker/Experiment/remarks2.1/svp_simple_005/_mt_svp_simple_005_001_result/_cs_svp_simple_005_001_global_var_wrw_mt_svp_simple_005_001.c line 267 function main_task_0 thread 0
----------------------------------------------------
  __cs_local_main_task_loop_2_block_2=9999 (00000000000000000010011100001111)

State 87 file /home/dell/zyworkspace/nichecker/Experiment/remarks2.1/svp_simple_005/_mt_svp_simple_005_001_result/_cs_svp_simple_005_001_global_var_wrw_mt_svp_simple_005_001.c line 270 function main_task_0 thread 0
----------------------------------------------------
  __cs_local_main_task_j=9999 (00000000000000000010011100001111)

State 90 file /home/dell/zyworkspace/nichecker/Experiment/remarks2.1/svp_simple_005/_mt_svp_simple_005_001_result/_cs_svp_simple_005_001_global_var_wrw_mt_svp_simple_005_001.c line 280 function main_task_0 thread 0
----------------------------------------------------
  __cs_local_main_task___cs_tmp_if_cond_0=FALSE (00000000)

State 93 file /home/dell/zyworkspace/nichecker/Experiment/remarks2.1/svp_simple_005/_mt_svp_simple_005_001_result/_cs_svp_simple_005_001_global_var_wrw_mt_svp_simple_005_001.c line 306 function main_task_0 thread 0
----------------------------------------------------
  __cs_local_main_task_j=10000 (00000000000000000010011100010000)

State 94 file /home/dell/zyworkspace/nichecker/Experiment/remarks2.1/svp_simple_005/_mt_svp_simple_005_001_result/_cs_svp_simple_005_001_global_var_wrw_mt_svp_simple_005_001.c line 312 function main_task_0 thread 0
----------------------------------------------------
  __cs_local_main_task_t=1 (00000000000000000000000000000001)

State 97 file /home/dell/zyworkspace/nichecker/Experiment/remarks2.1/svp_simple_005/_mt_svp_simple_005_001_result/_cs_svp_simple_005_001_global_var_wrw_mt_svp_simple_005_001.c line 320 function main_task_0 thread 0
----------------------------------------------------
  __cs_pc[1l]=3 (0011)

State 101 file /home/dell/zyworkspace/nichecker/Experiment/remarks2.1/svp_simple_005/_mt_svp_simple_005_001_result/_cs_svp_simple_005_001_global_var_wrw_mt_svp_simple_005_001.c line 372 function main_task_0 thread 0
----------------------------------------------------
  __cs_local_main_task_j=10001 (00000000000000000010011100010001)

State 102 file /home/dell/zyworkspace/nichecker/Experiment/remarks2.1/svp_simple_005/_mt_svp_simple_005_001_result/_cs_svp_simple_005_001_global_var_wrw_mt_svp_simple_005_001.c line 378 function main_task_0 thread 0
----------------------------------------------------
  __cs_local_main_task_t=2 (00000000000000000000000000000010)

State 103 file /home/dell/zyworkspace/nichecker/Experiment/remarks2.1/svp_simple_005/_mt_svp_simple_005_001_result/_cs_svp_simple_005_001_global_var_wrw_mt_svp_simple_005_001.c line 382 function main_task_0 thread 0
----------------------------------------------------
  __cs_loop_2=FALSE (00000000)

State 107 file /home/dell/zyworkspace/nichecker/Experiment/remarks2.1/svp_simple_005/_mt_svp_simple_005_001_result/_cs_svp_simple_005_001_global_var_wrw_mt_svp_simple_005_001.c line 402 function main_task_0 thread 0
----------------------------------------------------
  __cs_local_main_task_i=1808 (00000000000000000000011100010000)

State 108 file /home/dell/zyworkspace/nichecker/Experiment/remarks2.1/svp_simple_005/_mt_svp_simple_005_001_result/_cs_svp_simple_005_001_global_var_wrw_mt_svp_simple_005_001.c line 408 function main_task_0 thread 0
----------------------------------------------------
  __cs_local_main_task_t=1 (00000000000000000000000000000001)

State 110 file /home/dell/zyworkspace/nichecker/Experiment/remarks2.1/svp_simple_005/_mt_svp_simple_005_001_result/_cs_svp_simple_005_001_global_var_wrw_mt_svp_simple_005_001.c line 426 function main_task_0 thread 0
----------------------------------------------------
  __cs_local_main_task_loop_1_IOVar1=1808 (00000000000000000000011100010000)

State 111 file /home/dell/zyworkspace/nichecker/Experiment/remarks2.1/svp_simple_005/_mt_svp_simple_005_001_result/_cs_svp_simple_005_001_global_var_wrw_mt_svp_simple_005_001.c line 429 function main_task_0 thread 0
----------------------------------------------------
  __cs_local_main_task_loop_1_block_2=8191 (00000000000000000001111111111111)

State 112 file /home/dell/zyworkspace/nichecker/Experiment/remarks2.1/svp_simple_005/_mt_svp_simple_005_001_result/_cs_svp_simple_005_001_global_var_wrw_mt_svp_simple_005_001.c line 432 function main_task_0 thread 0
----------------------------------------------------
  __cs_local_main_task_i=9999 (00000000000000000010011100001111)

State 115 file /home/dell/zyworkspace/nichecker/Experiment/remarks2.1/svp_simple_005/_mt_svp_simple_005_001_result/_cs_svp_simple_005_001_global_var_wrw_mt_svp_simple_005_001.c line 443 function main_task_0 thread 0
----------------------------------------------------
  __cs_local_main_task_j=0 (00000000000000000000000000000000)

State 116 file /home/dell/zyworkspace/nichecker/Experiment/remarks2.1/svp_simple_005/_mt_svp_simple_005_001_result/_cs_svp_simple_005_001_global_var_wrw_mt_svp_simple_005_001.c line 451 function main_task_0 thread 0
----------------------------------------------------
  __cs_local_main_task_t=0 (00000000000000000000000000000000)

State 118 file /home/dell/zyworkspace/nichecker/Experiment/remarks2.1/svp_simple_005/_mt_svp_simple_005_001_result/_cs_svp_simple_005_001_global_var_wrw_mt_svp_simple_005_001.c line 469 function main_task_0 thread 0
----------------------------------------------------
  __cs_local_main_task_loop_2_IOVar1=0 (00000000000000000000000000000000)

State 119 file /home/dell/zyworkspace/nichecker/Experiment/remarks2.1/svp_simple_005/_mt_svp_simple_005_001_result/_cs_svp_simple_005_001_global_var_wrw_mt_svp_simple_005_001.c line 472 function main_task_0 thread 0
----------------------------------------------------
  __cs_local_main_task_loop_2_block_2=1000 (00000000000000000000001111101000)

State 120 file /home/dell/zyworkspace/nichecker/Experiment/remarks2.1/svp_simple_005/_mt_svp_simple_005_001_result/_cs_svp_simple_005_001_global_var_wrw_mt_svp_simple_005_001.c line 475 function main_task_0 thread 0
----------------------------------------------------
  __cs_local_main_task_j=1000 (00000000000000000000001111101000)

State 123 file /home/dell/zyworkspace/nichecker/Experiment/remarks2.1/svp_simple_005/_mt_svp_simple_005_001_result/_cs_svp_simple_005_001_global_var_wrw_mt_svp_simple_005_001.c line 485 function main_task_0 thread 0
----------------------------------------------------
  __cs_local_main_task___cs_tmp_if_cond_0=TRUE (00000001)

State 125 file /home/dell/zyworkspace/nichecker/Experiment/remarks2.1/svp_simple_005/_mt_svp_simple_005_001_result/_cs_svp_simple_005_001_global_var_wrw_mt_svp_simple_005_001.c line 491 function main_task_0 thread 0
----------------------------------------------------
  svp_simple_005_001_global_var=1 (00000000000000000000000000000001)

State 127 file /home/dell/zyworkspace/nichecker/Experiment/remarks2.1/svp_simple_005/_mt_svp_simple_005_001_result/_cs_svp_simple_005_001_global_var_wrw_mt_svp_simple_005_001.c line 496 function main_task_0 thread 0
----------------------------------------------------
  wrw_a_1_num=1 (00000000000000000000000000000001)

State 128 file /home/dell/zyworkspace/nichecker/Experiment/remarks2.1/svp_simple_005/_mt_svp_simple_005_001_result/_cs_svp_simple_005_001_global_var_wrw_mt_svp_simple_005_001.c line 497 function main_task_0 thread 0
----------------------------------------------------
  wrw_a_1=0 (00000000000000000000000000000000)

State 135 file /home/dell/zyworkspace/nichecker/Experiment/remarks2.1/svp_simple_005/_mt_svp_simple_005_001_result/_cs_svp_simple_005_001_global_var_wrw_mt_svp_simple_005_001.c line 679 function main_task_0 thread 0
----------------------------------------------------
  __cs_value_ptr=NULL (0000000000000000000000000000000000000000000000000000000000000000)

State 140 file /home/dell/zyworkspace/nichecker/Experiment/remarks2.1/svp_simple_005/_mt_svp_simple_005_001_result/_cs_svp_simple_005_001_global_var_wrw_mt_svp_simple_005_001.c line 739 function main thread 0
----------------------------------------------------
  __cs_pc[1l]=4 (0100)

State 141 file /home/dell/zyworkspace/nichecker/Experiment/remarks2.1/svp_simple_005/_mt_svp_simple_005_001_result/_cs_svp_simple_005_001_global_var_wrw_mt_svp_simple_005_001.c line 745 function main thread 0
----------------------------------------------------
  __cs_tmp_t2_r0=0 (0)

State 143 file /home/dell/zyworkspace/nichecker/Experiment/remarks2.1/svp_simple_005/_mt_svp_simple_005_001_result/_cs_svp_simple_005_001_global_var_wrw_mt_svp_simple_005_001.c line 750 function main thread 0
----------------------------------------------------
  __cs_thread_index=2 (10)

State 144 file /home/dell/zyworkspace/nichecker/Experiment/remarks2.1/svp_simple_005/_mt_svp_simple_005_001_result/_cs_svp_simple_005_001_global_var_wrw_mt_svp_simple_005_001.c line 752 function main thread 0
----------------------------------------------------
  __cs_pc_cs[2l]=0 (0000)

State 149 file /home/dell/zyworkspace/nichecker/Experiment/remarks2.1/svp_simple_005/_mt_svp_simple_005_001_result/_cs_svp_simple_005_001_global_var_wrw_mt_svp_simple_005_001.c line 758 function main thread 0
----------------------------------------------------
  __cs_param_svp_simple_005_001_isr_1_arg=NULL (0000000000000000000000000000000000000000000000000000000000000000)

State 153 file /home/dell/zyworkspace/nichecker/Experiment/remarks2.1/svp_simple_005/_mt_svp_simple_005_001_result/_cs_svp_simple_005_001_global_var_wrw_mt_svp_simple_005_001.c line 713 function svp_simple_005_001_isr_1_0 thread 0
----------------------------------------------------
  __cs_value_ptr=NULL (0000000000000000000000000000000000000000000000000000000000000000)

State 158 file /home/dell/zyworkspace/nichecker/Experiment/remarks2.1/svp_simple_005/_mt_svp_simple_005_001_result/_cs_svp_simple_005_001_global_var_wrw_mt_svp_simple_005_001.c line 760 function main thread 0
----------------------------------------------------
  __cs_pc[2l]=0 (0000)

State 159 file /home/dell/zyworkspace/nichecker/Experiment/remarks2.1/svp_simple_005/_mt_svp_simple_005_001_result/_cs_svp_simple_005_001_global_var_wrw_mt_svp_simple_005_001.c line 770 function main thread 0
----------------------------------------------------
  __cs_tmp_t1_r1=4 (0100)

State 161 file /home/dell/zyworkspace/nichecker/Experiment/remarks2.1/svp_simple_005/_mt_svp_simple_005_001_result/_cs_svp_simple_005_001_global_var_wrw_mt_svp_simple_005_001.c line 775 function main thread 0
----------------------------------------------------
  __cs_thread_index=1 (01)

State 162 file /home/dell/zyworkspace/nichecker/Experiment/remarks2.1/svp_simple_005/_mt_svp_simple_005_001_result/_cs_svp_simple_005_001_global_var_wrw_mt_svp_simple_005_001.c line 777 function main thread 0
----------------------------------------------------
  __cs_pc_cs[1l]=4 (0100)

State 167 file /home/dell/zyworkspace/nichecker/Experiment/remarks2.1/svp_simple_005/_mt_svp_simple_005_001_result/_cs_svp_simple_005_001_global_var_wrw_mt_svp_simple_005_001.c line 783 function main thread 0
----------------------------------------------------
  __cs_param_main_task_arg=NULL (0000000000000000000000000000000000000000000000000000000000000000)

State 178 file /home/dell/zyworkspace/nichecker/Experiment/remarks2.1/svp_simple_005/_mt_svp_simple_005_001_result/_cs_svp_simple_005_001_global_var_wrw_mt_svp_simple_005_001.c line 679 function main_task_0 thread 0
----------------------------------------------------
  __cs_value_ptr=NULL (0000000000000000000000000000000000000000000000000000000000000000)

State 183 file /home/dell/zyworkspace/nichecker/Experiment/remarks2.1/svp_simple_005/_mt_svp_simple_005_001_result/_cs_svp_simple_005_001_global_var_wrw_mt_svp_simple_005_001.c line 785 function main thread 0
----------------------------------------------------
  __cs_pc[1l]=4 (0100)

State 184 file /home/dell/zyworkspace/nichecker/Experiment/remarks2.1/svp_simple_005/_mt_svp_simple_005_001_result/_cs_svp_simple_005_001_global_var_wrw_mt_svp_simple_005_001.c line 791 function main thread 0
----------------------------------------------------
  __cs_tmp_t2_r1=1 (1)

State 186 file /home/dell/zyworkspace/nichecker/Experiment/remarks2.1/svp_simple_005/_mt_svp_simple_005_001_result/_cs_svp_simple_005_001_global_var_wrw_mt_svp_simple_005_001.c line 796 function main thread 0
----------------------------------------------------
  __cs_thread_index=2 (10)

State 187 file /home/dell/zyworkspace/nichecker/Experiment/remarks2.1/svp_simple_005/_mt_svp_simple_005_001_result/_cs_svp_simple_005_001_global_var_wrw_mt_svp_simple_005_001.c line 798 function main thread 0
----------------------------------------------------
  __cs_pc_cs[2l]=1 (0001)

State 192 file /home/dell/zyworkspace/nichecker/Experiment/remarks2.1/svp_simple_005/_mt_svp_simple_005_001_result/_cs_svp_simple_005_001_global_var_wrw_mt_svp_simple_005_001.c line 804 function main thread 0
----------------------------------------------------
  __cs_param_svp_simple_005_001_isr_1_arg=NULL (0000000000000000000000000000000000000000000000000000000000000000)

State 194 file /home/dell/zyworkspace/nichecker/Experiment/remarks2.1/svp_simple_005/_mt_svp_simple_005_001_result/_cs_svp_simple_005_001_global_var_wrw_mt_svp_simple_005_001.c line 692 function svp_simple_005_001_isr_1_0 thread 0
----------------------------------------------------
  __cs_local_svp_simple_005_001_isr_1_i=0 (00000000000000000000000000000000)

State 195 file /home/dell/zyworkspace/nichecker/Experiment/remarks2.1/svp_simple_005/_mt_svp_simple_005_001_result/_cs_svp_simple_005_001_global_var_wrw_mt_svp_simple_005_001.c line 699 function svp_simple_005_001_isr_1_0 thread 0
----------------------------------------------------
  __cs_local_svp_simple_005_001_isr_1_reader=1 (00000000000000000000000000000001)

State 196 file /home/dell/zyworkspace/nichecker/Experiment/remarks2.1/svp_simple_005/_mt_svp_simple_005_001_result/_cs_svp_simple_005_001_global_var_wrw_mt_svp_simple_005_001.c line 701 function svp_simple_005_001_isr_1_0 thread 0
----------------------------------------------------
  wrw_a_1=1 (00000000000000000000000000000001)

State 200 file /home/dell/zyworkspace/nichecker/Experiment/remarks2.1/svp_simple_005/_mt_svp_simple_005_001_result/_cs_svp_simple_005_001_global_var_wrw_mt_svp_simple_005_001.c line 713 function svp_simple_005_001_isr_1_0 thread 0
----------------------------------------------------
  __cs_value_ptr=NULL (0000000000000000000000000000000000000000000000000000000000000000)

State 205 file /home/dell/zyworkspace/nichecker/Experiment/remarks2.1/svp_simple_005/_mt_svp_simple_005_001_result/_cs_svp_simple_005_001_global_var_wrw_mt_svp_simple_005_001.c line 806 function main thread 0
----------------------------------------------------
  __cs_pc[2l]=1 (0001)

State 206 file /home/dell/zyworkspace/nichecker/Experiment/remarks2.1/svp_simple_005/_mt_svp_simple_005_001_result/_cs_svp_simple_005_001_global_var_wrw_mt_svp_simple_005_001.c line 810 function main thread 0
----------------------------------------------------
  __cs_tmp_t1_r2=8u (00000000000000000000000000001000)

State 208 file /home/dell/zyworkspace/nichecker/Experiment/remarks2.1/svp_simple_005/_mt_svp_simple_005_001_result/_cs_svp_simple_005_001_global_var_wrw_mt_svp_simple_005_001.c line 815 function main thread 0
----------------------------------------------------
  __cs_thread_index=1 (01)

State 209 file /home/dell/zyworkspace/nichecker/Experiment/remarks2.1/svp_simple_005/_mt_svp_simple_005_001_result/_cs_svp_simple_005_001_global_var_wrw_mt_svp_simple_005_001.c line 817 function main thread 0
----------------------------------------------------
  __cs_pc_cs[1l]=8 (1000)

State 214 file /home/dell/zyworkspace/nichecker/Experiment/remarks2.1/svp_simple_005/_mt_svp_simple_005_001_result/_cs_svp_simple_005_001_global_var_wrw_mt_svp_simple_005_001.c line 823 function main thread 0
----------------------------------------------------
  __cs_param_main_task_arg=NULL (0000000000000000000000000000000000000000000000000000000000000000)

State 221 file /home/dell/zyworkspace/nichecker/Experiment/remarks2.1/svp_simple_005/_mt_svp_simple_005_001_result/_cs_svp_simple_005_001_global_var_wrw_mt_svp_simple_005_001.c line 511 function main_task_0 thread 0
----------------------------------------------------
  __cs_local_main_task_j=1001 (00000000000000000000001111101001)

State 222 file /home/dell/zyworkspace/nichecker/Experiment/remarks2.1/svp_simple_005/_mt_svp_simple_005_001_result/_cs_svp_simple_005_001_global_var_wrw_mt_svp_simple_005_001.c line 517 function main_task_0 thread 0
----------------------------------------------------
  __cs_local_main_task_t=1 (00000000000000000000000000000001)

State 224 file /home/dell/zyworkspace/nichecker/Experiment/remarks2.1/svp_simple_005/_mt_svp_simple_005_001_result/_cs_svp_simple_005_001_global_var_wrw_mt_svp_simple_005_001.c line 535 function main_task_0 thread 0
----------------------------------------------------
  __cs_local_main_task_loop_2_IOVar1=1001 (00000000000000000000001111101001)

State 225 file /home/dell/zyworkspace/nichecker/Experiment/remarks2.1/svp_simple_005/_mt_svp_simple_005_001_result/_cs_svp_simple_005_001_global_var_wrw_mt_svp_simple_005_001.c line 538 function main_task_0 thread 0
----------------------------------------------------
  __cs_local_main_task_loop_2_block_2=8998 (00000000000000000010001100100110)

State 226 file /home/dell/zyworkspace/nichecker/Experiment/remarks2.1/svp_simple_005/_mt_svp_simple_005_001_result/_cs_svp_simple_005_001_global_var_wrw_mt_svp_simple_005_001.c line 541 function main_task_0 thread 0
----------------------------------------------------
  __cs_local_main_task_j=9999 (00000000000000000010011100001111)

State 229 file /home/dell/zyworkspace/nichecker/Experiment/remarks2.1/svp_simple_005/_mt_svp_simple_005_001_result/_cs_svp_simple_005_001_global_var_wrw_mt_svp_simple_005_001.c line 551 function main_task_0 thread 0
----------------------------------------------------
  __cs_local_main_task___cs_tmp_if_cond_0=FALSE (00000000)

State 232 file /home/dell/zyworkspace/nichecker/Experiment/remarks2.1/svp_simple_005/_mt_svp_simple_005_001_result/_cs_svp_simple_005_001_global_var_wrw_mt_svp_simple_005_001.c line 577 function main_task_0 thread 0
----------------------------------------------------
  __cs_local_main_task_j=10000 (00000000000000000010011100010000)

State 233 file /home/dell/zyworkspace/nichecker/Experiment/remarks2.1/svp_simple_005/_mt_svp_simple_005_001_result/_cs_svp_simple_005_001_global_var_wrw_mt_svp_simple_005_001.c line 583 function main_task_0 thread 0
----------------------------------------------------
  __cs_local_main_task_t=2 (00000000000000000000000000000010)

State 234 file /home/dell/zyworkspace/nichecker/Experiment/remarks2.1/svp_simple_005/_mt_svp_simple_005_001_result/_cs_svp_simple_005_001_global_var_wrw_mt_svp_simple_005_001.c line 587 function main_task_0 thread 0
----------------------------------------------------
  __cs_loop_3=FALSE (00000000)

State 238 file /home/dell/zyworkspace/nichecker/Experiment/remarks2.1/svp_simple_005/_mt_svp_simple_005_001_result/_cs_svp_simple_005_001_global_var_wrw_mt_svp_simple_005_001.c line 607 function main_task_0 thread 0
----------------------------------------------------
  __cs_local_main_task_i=10000 (00000000000000000010011100010000)

State 239 file /home/dell/zyworkspace/nichecker/Experiment/remarks2.1/svp_simple_005/_mt_svp_simple_005_001_result/_cs_svp_simple_005_001_global_var_wrw_mt_svp_simple_005_001.c line 613 function main_task_0 thread 0
----------------------------------------------------
  __cs_local_main_task_t=2 (00000000000000000000000000000010)

State 240 file /home/dell/zyworkspace/nichecker/Experiment/remarks2.1/svp_simple_005/_mt_svp_simple_005_001_result/_cs_svp_simple_005_001_global_var_wrw_mt_svp_simple_005_001.c line 617 function main_task_0 thread 0
----------------------------------------------------
  __cs_loop_1=FALSE (00000000)

State 244 file /home/dell/zyworkspace/nichecker/Experiment/remarks2.1/svp_simple_005/_mt_svp_simple_005_001_result/_cs_svp_simple_005_001_global_var_wrw_mt_svp_simple_005_001.c line 636 function main_task_0 thread 0
----------------------------------------------------
  __cs_local_main_task___cs_tmp_if_cond_1=FALSE (00000000)

State 247 file /home/dell/zyworkspace/nichecker/Experiment/remarks2.1/svp_simple_005/_mt_svp_simple_005_001_result/_cs_svp_simple_005_001_global_var_wrw_mt_svp_simple_005_001.c line 658 function main_task_0 thread 0
----------------------------------------------------
  svp_simple_005_001_global_var=5 (00000000000000000000000000000101)

Violated property:
  file /home/dell/zyworkspace/nichecker/Experiment/remarks2.1/svp_simple_005/_mt_svp_simple_005_001_result/_cs_svp_simple_005_001_global_var_wrw_mt_svp_simple_005_001.c line 661 function main_task_0
  assertion wrw_a_1 == 0
  wrw_a_1 == 0


** 1 of 6 failed (2 iterations)
VERIFICATION FAILED
