CBMC version 5.6 64-bit x86_64 linux
Parsing /home/dell/zyworkspace/nichecker/Experiment/remarks2.1_LA_PPR/svp_simple_026/_mt_svp_simple_026_001_result/_cs_svp_simple_026_001_gloable_var_rww_mt_svp_simple_026_001.c
<command-line>: warning: "__STDC_VERSION__" redefined
<built-in>: note: this is the location of the previous definition
Converting
Type-checking _cs_svp_simple_026_001_gloable_var_rww_mt_svp_simple_026_001
file /home/dell/zyworkspace/nichecker/Experiment/remarks2.1_LA_PPR/svp_simple_026/_mt_svp_simple_026_001_result/_cs_svp_simple_026_001_gloable_var_rww_mt_svp_simple_026_001.c line 197 function svp_simple_026_001_isr_1_0: function `assert' is not declared
file /home/dell/zyworkspace/nichecker/Experiment/remarks2.1_LA_PPR/svp_simple_026/_mt_svp_simple_026_001_result/_cs_svp_simple_026_001_gloable_var_rww_mt_svp_simple_026_001.c line 261 function main_task_0: function `nondet_rand' is not declared
Generating GOTO Program
Adding CPROVER library (x86_64)
Removal of function pointers and virtual functions
Partial Inlining
Generic Property Instrumentation
Starting Bounded Model Checking
**** WARNING: no body for function disable_isr
**** WARNING: no body for function enable_isr
size of program expression: 621 steps
simple slicing removed 47 assignments
Generated 5 VCC(s), 5 remaining after simplification
Passing problem to propositional reduction
converting SSA
Running propositional reduction
Post-processing
Solving with MiniSAT 2.2.1 with simplifier
3608 variables, 10634 clauses
SAT checker: instance is SATISFIABLE
Solving with MiniSAT 2.2.1 with simplifier
3608 variables, 4079 clauses
SAT checker: instance is SATISFIABLE
Runtime decision procedure: 0.025s

** Results:
[svp_simple_026_001_isr_1_0.assertion.1] assertion rww_w1 == rww_r_tmp2: FAILURE
[main_task_0.assertion.1] assertion rww_w2 == rww_r_tmp1: FAILURE

Trace for svp_simple_026_001_isr_1_0.assertion.1:

State 43 file /home/dell/zyworkspace/nichecker/Experiment/remarks2.1_LA_PPR/svp_simple_026/_mt_svp_simple_026_001_result/_cs_svp_simple_026_001_gloable_var_rww_mt_svp_simple_026_001.c line 359 function main thread 0
----------------------------------------------------
  __cs_tmp_t1_r0=2 (010)

State 45 file /home/dell/zyworkspace/nichecker/Experiment/remarks2.1_LA_PPR/svp_simple_026/_mt_svp_simple_026_001_result/_cs_svp_simple_026_001_gloable_var_rww_mt_svp_simple_026_001.c line 363 function main thread 0
----------------------------------------------------
  __cs_thread_index=1 (001)

State 46 file /home/dell/zyworkspace/nichecker/Experiment/remarks2.1_LA_PPR/svp_simple_026/_mt_svp_simple_026_001_result/_cs_svp_simple_026_001_gloable_var_rww_mt_svp_simple_026_001.c line 365 function main thread 0
----------------------------------------------------
  __cs_pc_cs[1l]=2 (010)

State 51 file /home/dell/zyworkspace/nichecker/Experiment/remarks2.1_LA_PPR/svp_simple_026/_mt_svp_simple_026_001_result/_cs_svp_simple_026_001_gloable_var_rww_mt_svp_simple_026_001.c line 371 function main thread 0
----------------------------------------------------
  __cs_param_main_task_arg=NULL (0000000000000000000000000000000000000000000000000000000000000000)

State 56 file /home/dell/zyworkspace/nichecker/Experiment/remarks2.1_LA_PPR/svp_simple_026/_mt_svp_simple_026_001_result/_cs_svp_simple_026_001_gloable_var_rww_mt_svp_simple_026_001.c line 250 function main_task_0 thread 0
----------------------------------------------------
  __cs_disable_thread[3l]=1 (1)

State 57 file /home/dell/zyworkspace/nichecker/Experiment/remarks2.1_LA_PPR/svp_simple_026/_mt_svp_simple_026_001_result/_cs_svp_simple_026_001_gloable_var_rww_mt_svp_simple_026_001.c line 253 function main_task_0 thread 0
----------------------------------------------------
  __cs_disable_thread[2l]=1 (1)

State 58 file /home/dell/zyworkspace/nichecker/Experiment/remarks2.1_LA_PPR/svp_simple_026/_mt_svp_simple_026_001_result/_cs_svp_simple_026_001_gloable_var_rww_mt_svp_simple_026_001.c line 256 function main_task_0 thread 0
----------------------------------------------------
  __cs_disable_thread[0l]=1 (1)

State 59 file /home/dell/zyworkspace/nichecker/Experiment/remarks2.1_LA_PPR/svp_simple_026/_mt_svp_simple_026_001_result/_cs_svp_simple_026_001_gloable_var_rww_mt_svp_simple_026_001.c line 261 function main_task_0 thread 0
----------------------------------------------------
  svp_simple_026_001_gloable_var=2143289309 (01111111101111111111111111011101)

State 64 file /home/dell/zyworkspace/nichecker/Experiment/remarks2.1_LA_PPR/svp_simple_026/_mt_svp_simple_026_001_result/_cs_svp_simple_026_001_gloable_var_rww_mt_svp_simple_026_001.c line 269 function main_task_0 thread 0
----------------------------------------------------
  __cs_disable_thread[3l]=0 (0)

State 65 file /home/dell/zyworkspace/nichecker/Experiment/remarks2.1_LA_PPR/svp_simple_026/_mt_svp_simple_026_001_result/_cs_svp_simple_026_001_gloable_var_rww_mt_svp_simple_026_001.c line 272 function main_task_0 thread 0
----------------------------------------------------
  __cs_disable_thread[2l]=0 (0)

State 66 file /home/dell/zyworkspace/nichecker/Experiment/remarks2.1_LA_PPR/svp_simple_026/_mt_svp_simple_026_001_result/_cs_svp_simple_026_001_gloable_var_rww_mt_svp_simple_026_001.c line 275 function main_task_0 thread 0
----------------------------------------------------
  __cs_disable_thread[0l]=0 (0)

State 73 file /home/dell/zyworkspace/nichecker/Experiment/remarks2.1_LA_PPR/svp_simple_026/_mt_svp_simple_026_001_result/_cs_svp_simple_026_001_gloable_var_rww_mt_svp_simple_026_001.c line 347 function main_task_0 thread 0
----------------------------------------------------
  __cs_value_ptr=NULL (0000000000000000000000000000000000000000000000000000000000000000)

State 78 file /home/dell/zyworkspace/nichecker/Experiment/remarks2.1_LA_PPR/svp_simple_026/_mt_svp_simple_026_001_result/_cs_svp_simple_026_001_gloable_var_rww_mt_svp_simple_026_001.c line 373 function main thread 0
----------------------------------------------------
  __cs_pc[1l]=2 (010)

State 79 file /home/dell/zyworkspace/nichecker/Experiment/remarks2.1_LA_PPR/svp_simple_026/_mt_svp_simple_026_001_result/_cs_svp_simple_026_001_gloable_var_rww_mt_svp_simple_026_001.c line 379 function main thread 0
----------------------------------------------------
  __cs_tmp_t2_r0=2 (010)

State 81 file /home/dell/zyworkspace/nichecker/Experiment/remarks2.1_LA_PPR/svp_simple_026/_mt_svp_simple_026_001_result/_cs_svp_simple_026_001_gloable_var_rww_mt_svp_simple_026_001.c line 384 function main thread 0
----------------------------------------------------
  __cs_thread_index=2 (010)

State 82 file /home/dell/zyworkspace/nichecker/Experiment/remarks2.1_LA_PPR/svp_simple_026/_mt_svp_simple_026_001_result/_cs_svp_simple_026_001_gloable_var_rww_mt_svp_simple_026_001.c line 386 function main thread 0
----------------------------------------------------
  __cs_pc_cs[2l]=2 (010)

State 87 file /home/dell/zyworkspace/nichecker/Experiment/remarks2.1_LA_PPR/svp_simple_026/_mt_svp_simple_026_001_result/_cs_svp_simple_026_001_gloable_var_rww_mt_svp_simple_026_001.c line 392 function main thread 0
----------------------------------------------------
  __cs_param_svp_simple_026_001_isr_1_arg=NULL (0000000000000000000000000000000000000000000000000000000000000000)

State 89 file /home/dell/zyworkspace/nichecker/Experiment/remarks2.1_LA_PPR/svp_simple_026/_mt_svp_simple_026_001_result/_cs_svp_simple_026_001_gloable_var_rww_mt_svp_simple_026_001.c line 183 function svp_simple_026_001_isr_1_0 thread 0
----------------------------------------------------
  __cs_temporary_0=0 (00000000000000000000000000000000)

State 91 file /home/dell/zyworkspace/nichecker/Experiment/remarks2.1_LA_PPR/svp_simple_026/_mt_svp_simple_026_001_result/_cs_svp_simple_026_001_gloable_var_rww_mt_svp_simple_026_001.c line 187 function svp_simple_026_001_isr_1_0 thread 0
----------------------------------------------------
  __cs_temporary_0=2143289310 (01111111101111111111111111011110)

State 92 file /home/dell/zyworkspace/nichecker/Experiment/remarks2.1_LA_PPR/svp_simple_026/_mt_svp_simple_026_001_result/_cs_svp_simple_026_001_gloable_var_rww_mt_svp_simple_026_001.c line 189 function svp_simple_026_001_isr_1_0 thread 0
----------------------------------------------------
  rww_r_tmp2_num=1 (00000000000000000000000000000001)

State 93 file /home/dell/zyworkspace/nichecker/Experiment/remarks2.1_LA_PPR/svp_simple_026/_mt_svp_simple_026_001_result/_cs_svp_simple_026_001_gloable_var_rww_mt_svp_simple_026_001.c line 190 function svp_simple_026_001_isr_1_0 thread 0
----------------------------------------------------
  rww_r_tmp2=2143289309 (01111111101111111111111111011101)

State 98 file /home/dell/zyworkspace/nichecker/Experiment/remarks2.1_LA_PPR/svp_simple_026/_mt_svp_simple_026_001_result/_cs_svp_simple_026_001_gloable_var_rww_mt_svp_simple_026_001.c line 214 function svp_simple_026_001_isr_1_0 thread 0
----------------------------------------------------
  __cs_value_ptr=NULL (0000000000000000000000000000000000000000000000000000000000000000)

State 103 file /home/dell/zyworkspace/nichecker/Experiment/remarks2.1_LA_PPR/svp_simple_026/_mt_svp_simple_026_001_result/_cs_svp_simple_026_001_gloable_var_rww_mt_svp_simple_026_001.c line 394 function main thread 0
----------------------------------------------------
  __cs_pc[2l]=2 (010)

State 104 file /home/dell/zyworkspace/nichecker/Experiment/remarks2.1_LA_PPR/svp_simple_026/_mt_svp_simple_026_001_result/_cs_svp_simple_026_001_gloable_var_rww_mt_svp_simple_026_001.c line 400 function main thread 0
----------------------------------------------------
  __cs_tmp_t3_r0=1 (1)

State 106 file /home/dell/zyworkspace/nichecker/Experiment/remarks2.1_LA_PPR/svp_simple_026/_mt_svp_simple_026_001_result/_cs_svp_simple_026_001_gloable_var_rww_mt_svp_simple_026_001.c line 405 function main thread 0
----------------------------------------------------
  __cs_thread_index=3 (011)

State 107 file /home/dell/zyworkspace/nichecker/Experiment/remarks2.1_LA_PPR/svp_simple_026/_mt_svp_simple_026_001_result/_cs_svp_simple_026_001_gloable_var_rww_mt_svp_simple_026_001.c line 407 function main thread 0
----------------------------------------------------
  __cs_pc_cs[3l]=1 (001)

State 112 file /home/dell/zyworkspace/nichecker/Experiment/remarks2.1_LA_PPR/svp_simple_026/_mt_svp_simple_026_001_result/_cs_svp_simple_026_001_gloable_var_rww_mt_svp_simple_026_001.c line 413 function main thread 0
----------------------------------------------------
  __cs_param_svp_simple_026_001_isr_2_arg=NULL (0000000000000000000000000000000000000000000000000000000000000000)

State 114 file /home/dell/zyworkspace/nichecker/Experiment/remarks2.1_LA_PPR/svp_simple_026/_mt_svp_simple_026_001_result/_cs_svp_simple_026_001_gloable_var_rww_mt_svp_simple_026_001.c line 225 function svp_simple_026_001_isr_2_0 thread 0
----------------------------------------------------
  __cs_temporary_0=0 (00000000000000000000000000000000)

State 115 file /home/dell/zyworkspace/nichecker/Experiment/remarks2.1_LA_PPR/svp_simple_026/_mt_svp_simple_026_001_result/_cs_svp_simple_026_001_gloable_var_rww_mt_svp_simple_026_001.c line 227 function svp_simple_026_001_isr_2_0 thread 0
----------------------------------------------------
  __cs_temporary_0=2143289308 (01111111101111111111111111011100)

State 116 file /home/dell/zyworkspace/nichecker/Experiment/remarks2.1_LA_PPR/svp_simple_026/_mt_svp_simple_026_001_result/_cs_svp_simple_026_001_gloable_var_rww_mt_svp_simple_026_001.c line 228 function svp_simple_026_001_isr_2_0 thread 0
----------------------------------------------------
  svp_simple_026_001_gloable_var=2143289308 (01111111101111111111111111011100)

State 120 file /home/dell/zyworkspace/nichecker/Experiment/remarks2.1_LA_PPR/svp_simple_026/_mt_svp_simple_026_001_result/_cs_svp_simple_026_001_gloable_var_rww_mt_svp_simple_026_001.c line 239 function svp_simple_026_001_isr_2_0 thread 0
----------------------------------------------------
  __cs_value_ptr=NULL (0000000000000000000000000000000000000000000000000000000000000000)

State 125 file /home/dell/zyworkspace/nichecker/Experiment/remarks2.1_LA_PPR/svp_simple_026/_mt_svp_simple_026_001_result/_cs_svp_simple_026_001_gloable_var_rww_mt_svp_simple_026_001.c line 415 function main thread 0
----------------------------------------------------
  __cs_pc[3l]=1 (001)

State 126 file /home/dell/zyworkspace/nichecker/Experiment/remarks2.1_LA_PPR/svp_simple_026/_mt_svp_simple_026_001_result/_cs_svp_simple_026_001_gloable_var_rww_mt_svp_simple_026_001.c line 425 function main thread 0
----------------------------------------------------
  __cs_tmp_t1_r1=3 (011)

State 132 file /home/dell/zyworkspace/nichecker/Experiment/remarks2.1_LA_PPR/svp_simple_026/_mt_svp_simple_026_001_result/_cs_svp_simple_026_001_gloable_var_rww_mt_svp_simple_026_001.c line 446 function main thread 0
----------------------------------------------------
  __cs_tmp_t2_r1=3 (011)

State 134 file /home/dell/zyworkspace/nichecker/Experiment/remarks2.1_LA_PPR/svp_simple_026/_mt_svp_simple_026_001_result/_cs_svp_simple_026_001_gloable_var_rww_mt_svp_simple_026_001.c line 451 function main thread 0
----------------------------------------------------
  __cs_thread_index=2 (010)

State 135 file /home/dell/zyworkspace/nichecker/Experiment/remarks2.1_LA_PPR/svp_simple_026/_mt_svp_simple_026_001_result/_cs_svp_simple_026_001_gloable_var_rww_mt_svp_simple_026_001.c line 453 function main thread 0
----------------------------------------------------
  __cs_pc_cs[2l]=3 (011)

State 140 file /home/dell/zyworkspace/nichecker/Experiment/remarks2.1_LA_PPR/svp_simple_026/_mt_svp_simple_026_001_result/_cs_svp_simple_026_001_gloable_var_rww_mt_svp_simple_026_001.c line 459 function main thread 0
----------------------------------------------------
  __cs_param_svp_simple_026_001_isr_1_arg=NULL (0000000000000000000000000000000000000000000000000000000000000000)

State 144 file /home/dell/zyworkspace/nichecker/Experiment/remarks2.1_LA_PPR/svp_simple_026/_mt_svp_simple_026_001_result/_cs_svp_simple_026_001_gloable_var_rww_mt_svp_simple_026_001.c line 195 function svp_simple_026_001_isr_1_0 thread 0
----------------------------------------------------
  rww_w1=2143289308 (01111111101111111111111111011100)

Violated property:
  file /home/dell/zyworkspace/nichecker/Experiment/remarks2.1_LA_PPR/svp_simple_026/_mt_svp_simple_026_001_result/_cs_svp_simple_026_001_gloable_var_rww_mt_svp_simple_026_001.c line 197 function svp_simple_026_001_isr_1_0
  assertion rww_w1 == rww_r_tmp2
  rww_w1 == rww_r_tmp2


Trace for main_task_0.assertion.1:

State 43 file /home/dell/zyworkspace/nichecker/Experiment/remarks2.1_LA_PPR/svp_simple_026/_mt_svp_simple_026_001_result/_cs_svp_simple_026_001_gloable_var_rww_mt_svp_simple_026_001.c line 359 function main thread 0
----------------------------------------------------
  __cs_tmp_t1_r0=2 (010)

State 45 file /home/dell/zyworkspace/nichecker/Experiment/remarks2.1_LA_PPR/svp_simple_026/_mt_svp_simple_026_001_result/_cs_svp_simple_026_001_gloable_var_rww_mt_svp_simple_026_001.c line 363 function main thread 0
----------------------------------------------------
  __cs_thread_index=1 (001)

State 46 file /home/dell/zyworkspace/nichecker/Experiment/remarks2.1_LA_PPR/svp_simple_026/_mt_svp_simple_026_001_result/_cs_svp_simple_026_001_gloable_var_rww_mt_svp_simple_026_001.c line 365 function main thread 0
----------------------------------------------------
  __cs_pc_cs[1l]=2 (010)

State 51 file /home/dell/zyworkspace/nichecker/Experiment/remarks2.1_LA_PPR/svp_simple_026/_mt_svp_simple_026_001_result/_cs_svp_simple_026_001_gloable_var_rww_mt_svp_simple_026_001.c line 371 function main thread 0
----------------------------------------------------
  __cs_param_main_task_arg=NULL (0000000000000000000000000000000000000000000000000000000000000000)

State 56 file /home/dell/zyworkspace/nichecker/Experiment/remarks2.1_LA_PPR/svp_simple_026/_mt_svp_simple_026_001_result/_cs_svp_simple_026_001_gloable_var_rww_mt_svp_simple_026_001.c line 250 function main_task_0 thread 0
----------------------------------------------------
  __cs_disable_thread[3l]=1 (1)

State 57 file /home/dell/zyworkspace/nichecker/Experiment/remarks2.1_LA_PPR/svp_simple_026/_mt_svp_simple_026_001_result/_cs_svp_simple_026_001_gloable_var_rww_mt_svp_simple_026_001.c line 253 function main_task_0 thread 0
----------------------------------------------------
  __cs_disable_thread[2l]=1 (1)

State 58 file /home/dell/zyworkspace/nichecker/Experiment/remarks2.1_LA_PPR/svp_simple_026/_mt_svp_simple_026_001_result/_cs_svp_simple_026_001_gloable_var_rww_mt_svp_simple_026_001.c line 256 function main_task_0 thread 0
----------------------------------------------------
  __cs_disable_thread[0l]=1 (1)

State 59 file /home/dell/zyworkspace/nichecker/Experiment/remarks2.1_LA_PPR/svp_simple_026/_mt_svp_simple_026_001_result/_cs_svp_simple_026_001_gloable_var_rww_mt_svp_simple_026_001.c line 261 function main_task_0 thread 0
----------------------------------------------------
  svp_simple_026_001_gloable_var=1023 (00000000000000000000001111111111)

State 64 file /home/dell/zyworkspace/nichecker/Experiment/remarks2.1_LA_PPR/svp_simple_026/_mt_svp_simple_026_001_result/_cs_svp_simple_026_001_gloable_var_rww_mt_svp_simple_026_001.c line 269 function main_task_0 thread 0
----------------------------------------------------
  __cs_disable_thread[3l]=0 (0)

State 65 file /home/dell/zyworkspace/nichecker/Experiment/remarks2.1_LA_PPR/svp_simple_026/_mt_svp_simple_026_001_result/_cs_svp_simple_026_001_gloable_var_rww_mt_svp_simple_026_001.c line 272 function main_task_0 thread 0
----------------------------------------------------
  __cs_disable_thread[2l]=0 (0)

State 66 file /home/dell/zyworkspace/nichecker/Experiment/remarks2.1_LA_PPR/svp_simple_026/_mt_svp_simple_026_001_result/_cs_svp_simple_026_001_gloable_var_rww_mt_svp_simple_026_001.c line 275 function main_task_0 thread 0
----------------------------------------------------
  __cs_disable_thread[0l]=0 (0)

State 73 file /home/dell/zyworkspace/nichecker/Experiment/remarks2.1_LA_PPR/svp_simple_026/_mt_svp_simple_026_001_result/_cs_svp_simple_026_001_gloable_var_rww_mt_svp_simple_026_001.c line 347 function main_task_0 thread 0
----------------------------------------------------
  __cs_value_ptr=NULL (0000000000000000000000000000000000000000000000000000000000000000)

State 78 file /home/dell/zyworkspace/nichecker/Experiment/remarks2.1_LA_PPR/svp_simple_026/_mt_svp_simple_026_001_result/_cs_svp_simple_026_001_gloable_var_rww_mt_svp_simple_026_001.c line 373 function main thread 0
----------------------------------------------------
  __cs_pc[1l]=2 (010)

State 79 file /home/dell/zyworkspace/nichecker/Experiment/remarks2.1_LA_PPR/svp_simple_026/_mt_svp_simple_026_001_result/_cs_svp_simple_026_001_gloable_var_rww_mt_svp_simple_026_001.c line 379 function main thread 0
----------------------------------------------------
  __cs_tmp_t2_r0=4 (100)

State 81 file /home/dell/zyworkspace/nichecker/Experiment/remarks2.1_LA_PPR/svp_simple_026/_mt_svp_simple_026_001_result/_cs_svp_simple_026_001_gloable_var_rww_mt_svp_simple_026_001.c line 384 function main thread 0
----------------------------------------------------
  __cs_thread_index=2 (010)

State 82 file /home/dell/zyworkspace/nichecker/Experiment/remarks2.1_LA_PPR/svp_simple_026/_mt_svp_simple_026_001_result/_cs_svp_simple_026_001_gloable_var_rww_mt_svp_simple_026_001.c line 386 function main thread 0
----------------------------------------------------
  __cs_pc_cs[2l]=4 (100)

State 87 file /home/dell/zyworkspace/nichecker/Experiment/remarks2.1_LA_PPR/svp_simple_026/_mt_svp_simple_026_001_result/_cs_svp_simple_026_001_gloable_var_rww_mt_svp_simple_026_001.c line 392 function main thread 0
----------------------------------------------------
  __cs_param_svp_simple_026_001_isr_1_arg=NULL (0000000000000000000000000000000000000000000000000000000000000000)

State 89 file /home/dell/zyworkspace/nichecker/Experiment/remarks2.1_LA_PPR/svp_simple_026/_mt_svp_simple_026_001_result/_cs_svp_simple_026_001_gloable_var_rww_mt_svp_simple_026_001.c line 183 function svp_simple_026_001_isr_1_0 thread 0
----------------------------------------------------
  __cs_temporary_0=0 (00000000000000000000000000000000)

State 91 file /home/dell/zyworkspace/nichecker/Experiment/remarks2.1_LA_PPR/svp_simple_026/_mt_svp_simple_026_001_result/_cs_svp_simple_026_001_gloable_var_rww_mt_svp_simple_026_001.c line 187 function svp_simple_026_001_isr_1_0 thread 0
----------------------------------------------------
  __cs_temporary_0=1024 (00000000000000000000010000000000)

State 92 file /home/dell/zyworkspace/nichecker/Experiment/remarks2.1_LA_PPR/svp_simple_026/_mt_svp_simple_026_001_result/_cs_svp_simple_026_001_gloable_var_rww_mt_svp_simple_026_001.c line 189 function svp_simple_026_001_isr_1_0 thread 0
----------------------------------------------------
  rww_r_tmp2_num=1 (00000000000000000000000000000001)

State 93 file /home/dell/zyworkspace/nichecker/Experiment/remarks2.1_LA_PPR/svp_simple_026/_mt_svp_simple_026_001_result/_cs_svp_simple_026_001_gloable_var_rww_mt_svp_simple_026_001.c line 190 function svp_simple_026_001_isr_1_0 thread 0
----------------------------------------------------
  rww_r_tmp2=1023 (00000000000000000000001111111111)

State 95 file /home/dell/zyworkspace/nichecker/Experiment/remarks2.1_LA_PPR/svp_simple_026/_mt_svp_simple_026_001_result/_cs_svp_simple_026_001_gloable_var_rww_mt_svp_simple_026_001.c line 195 function svp_simple_026_001_isr_1_0 thread 0
----------------------------------------------------
  rww_w1=1023 (00000000000000000000001111111111)

State 98 file /home/dell/zyworkspace/nichecker/Experiment/remarks2.1_LA_PPR/svp_simple_026/_mt_svp_simple_026_001_result/_cs_svp_simple_026_001_gloable_var_rww_mt_svp_simple_026_001.c line 198 function svp_simple_026_001_isr_1_0 thread 0
----------------------------------------------------
  rww_r_tmp2_num=0 (00000000000000000000000000000000)

State 99 file /home/dell/zyworkspace/nichecker/Experiment/remarks2.1_LA_PPR/svp_simple_026/_mt_svp_simple_026_001_result/_cs_svp_simple_026_001_gloable_var_rww_mt_svp_simple_026_001.c line 201 function svp_simple_026_001_isr_1_0 thread 0
----------------------------------------------------
  svp_simple_026_001_gloable_var=1024 (00000000000000000000010000000000)

State 104 file /home/dell/zyworkspace/nichecker/Experiment/remarks2.1_LA_PPR/svp_simple_026/_mt_svp_simple_026_001_result/_cs_svp_simple_026_001_gloable_var_rww_mt_svp_simple_026_001.c line 214 function svp_simple_026_001_isr_1_0 thread 0
----------------------------------------------------
  __cs_value_ptr=NULL (0000000000000000000000000000000000000000000000000000000000000000)

State 109 file /home/dell/zyworkspace/nichecker/Experiment/remarks2.1_LA_PPR/svp_simple_026/_mt_svp_simple_026_001_result/_cs_svp_simple_026_001_gloable_var_rww_mt_svp_simple_026_001.c line 394 function main thread 0
----------------------------------------------------
  __cs_pc[2l]=4 (100)

State 110 file /home/dell/zyworkspace/nichecker/Experiment/remarks2.1_LA_PPR/svp_simple_026/_mt_svp_simple_026_001_result/_cs_svp_simple_026_001_gloable_var_rww_mt_svp_simple_026_001.c line 400 function main thread 0
----------------------------------------------------
  __cs_tmp_t3_r0=0 (0)

State 112 file /home/dell/zyworkspace/nichecker/Experiment/remarks2.1_LA_PPR/svp_simple_026/_mt_svp_simple_026_001_result/_cs_svp_simple_026_001_gloable_var_rww_mt_svp_simple_026_001.c line 405 function main thread 0
----------------------------------------------------
  __cs_thread_index=3 (011)

State 113 file /home/dell/zyworkspace/nichecker/Experiment/remarks2.1_LA_PPR/svp_simple_026/_mt_svp_simple_026_001_result/_cs_svp_simple_026_001_gloable_var_rww_mt_svp_simple_026_001.c line 407 function main thread 0
----------------------------------------------------
  __cs_pc_cs[3l]=0 (000)

State 118 file /home/dell/zyworkspace/nichecker/Experiment/remarks2.1_LA_PPR/svp_simple_026/_mt_svp_simple_026_001_result/_cs_svp_simple_026_001_gloable_var_rww_mt_svp_simple_026_001.c line 413 function main thread 0
----------------------------------------------------
  __cs_param_svp_simple_026_001_isr_2_arg=NULL (0000000000000000000000000000000000000000000000000000000000000000)

State 122 file /home/dell/zyworkspace/nichecker/Experiment/remarks2.1_LA_PPR/svp_simple_026/_mt_svp_simple_026_001_result/_cs_svp_simple_026_001_gloable_var_rww_mt_svp_simple_026_001.c line 239 function svp_simple_026_001_isr_2_0 thread 0
----------------------------------------------------
  __cs_value_ptr=NULL (0000000000000000000000000000000000000000000000000000000000000000)

State 127 file /home/dell/zyworkspace/nichecker/Experiment/remarks2.1_LA_PPR/svp_simple_026/_mt_svp_simple_026_001_result/_cs_svp_simple_026_001_gloable_var_rww_mt_svp_simple_026_001.c line 415 function main thread 0
----------------------------------------------------
  __cs_pc[3l]=0 (000)

State 128 file /home/dell/zyworkspace/nichecker/Experiment/remarks2.1_LA_PPR/svp_simple_026/_mt_svp_simple_026_001_result/_cs_svp_simple_026_001_gloable_var_rww_mt_svp_simple_026_001.c line 425 function main thread 0
----------------------------------------------------
  __cs_tmp_t1_r1=3 (011)

State 134 file /home/dell/zyworkspace/nichecker/Experiment/remarks2.1_LA_PPR/svp_simple_026/_mt_svp_simple_026_001_result/_cs_svp_simple_026_001_gloable_var_rww_mt_svp_simple_026_001.c line 430 function main thread 0
----------------------------------------------------
  __cs_thread_index=1 (001)

State 135 file /home/dell/zyworkspace/nichecker/Experiment/remarks2.1_LA_PPR/svp_simple_026/_mt_svp_simple_026_001_result/_cs_svp_simple_026_001_gloable_var_rww_mt_svp_simple_026_001.c line 432 function main thread 0
----------------------------------------------------
  __cs_pc_cs[1l]=3 (011)

State 140 file /home/dell/zyworkspace/nichecker/Experiment/remarks2.1_LA_PPR/svp_simple_026/_mt_svp_simple_026_001_result/_cs_svp_simple_026_001_gloable_var_rww_mt_svp_simple_026_001.c line 438 function main thread 0
----------------------------------------------------
  __cs_param_main_task_arg=NULL (0000000000000000000000000000000000000000000000000000000000000000)

State 147 file /home/dell/zyworkspace/nichecker/Experiment/remarks2.1_LA_PPR/svp_simple_026/_mt_svp_simple_026_001_result/_cs_svp_simple_026_001_gloable_var_rww_mt_svp_simple_026_001.c line 290 function main_task_0 thread 0
----------------------------------------------------
  __cs_disable_thread[2l]=1 (1)

State 148 file /home/dell/zyworkspace/nichecker/Experiment/remarks2.1_LA_PPR/svp_simple_026/_mt_svp_simple_026_001_result/_cs_svp_simple_026_001_gloable_var_rww_mt_svp_simple_026_001.c line 297 function main_task_0 thread 0
----------------------------------------------------
  __cs_local_main_task___cs_tmp_if_cond_0=TRUE (00000001)

State 149 file /home/dell/zyworkspace/nichecker/Experiment/remarks2.1_LA_PPR/svp_simple_026/_mt_svp_simple_026_001_result/_cs_svp_simple_026_001_gloable_var_rww_mt_svp_simple_026_001.c line 299 function main_task_0 thread 0
----------------------------------------------------
  rww_r_tmp1_num=1 (00000000000000000000000000000001)

State 150 file /home/dell/zyworkspace/nichecker/Experiment/remarks2.1_LA_PPR/svp_simple_026/_mt_svp_simple_026_001_result/_cs_svp_simple_026_001_gloable_var_rww_mt_svp_simple_026_001.c line 300 function main_task_0 thread 0
----------------------------------------------------
  rww_r_tmp1=1024 (00000000000000000000010000000000)

State 156 file /home/dell/zyworkspace/nichecker/Experiment/remarks2.1_LA_PPR/svp_simple_026/_mt_svp_simple_026_001_result/_cs_svp_simple_026_001_gloable_var_rww_mt_svp_simple_026_001.c line 347 function main_task_0 thread 0
----------------------------------------------------
  __cs_value_ptr=NULL (0000000000000000000000000000000000000000000000000000000000000000)

State 161 file /home/dell/zyworkspace/nichecker/Experiment/remarks2.1_LA_PPR/svp_simple_026/_mt_svp_simple_026_001_result/_cs_svp_simple_026_001_gloable_var_rww_mt_svp_simple_026_001.c line 440 function main thread 0
----------------------------------------------------
  __cs_pc[1l]=3 (011)

State 162 file /home/dell/zyworkspace/nichecker/Experiment/remarks2.1_LA_PPR/svp_simple_026/_mt_svp_simple_026_001_result/_cs_svp_simple_026_001_gloable_var_rww_mt_svp_simple_026_001.c line 446 function main thread 0
----------------------------------------------------
  __cs_tmp_t2_r1=5 (101)

State 164 file /home/dell/zyworkspace/nichecker/Experiment/remarks2.1_LA_PPR/svp_simple_026/_mt_svp_simple_026_001_result/_cs_svp_simple_026_001_gloable_var_rww_mt_svp_simple_026_001.c line 467 function main thread 0
----------------------------------------------------
  __cs_tmp_t3_r1=1 (1)

State 166 file /home/dell/zyworkspace/nichecker/Experiment/remarks2.1_LA_PPR/svp_simple_026/_mt_svp_simple_026_001_result/_cs_svp_simple_026_001_gloable_var_rww_mt_svp_simple_026_001.c line 472 function main thread 0
----------------------------------------------------
  __cs_thread_index=3 (011)

State 167 file /home/dell/zyworkspace/nichecker/Experiment/remarks2.1_LA_PPR/svp_simple_026/_mt_svp_simple_026_001_result/_cs_svp_simple_026_001_gloable_var_rww_mt_svp_simple_026_001.c line 474 function main thread 0
----------------------------------------------------
  __cs_pc_cs[3l]=1 (001)

State 172 file /home/dell/zyworkspace/nichecker/Experiment/remarks2.1_LA_PPR/svp_simple_026/_mt_svp_simple_026_001_result/_cs_svp_simple_026_001_gloable_var_rww_mt_svp_simple_026_001.c line 480 function main thread 0
----------------------------------------------------
  __cs_param_svp_simple_026_001_isr_2_arg=NULL (0000000000000000000000000000000000000000000000000000000000000000)

State 174 file /home/dell/zyworkspace/nichecker/Experiment/remarks2.1_LA_PPR/svp_simple_026/_mt_svp_simple_026_001_result/_cs_svp_simple_026_001_gloable_var_rww_mt_svp_simple_026_001.c line 225 function svp_simple_026_001_isr_2_0 thread 0
----------------------------------------------------
  __cs_temporary_0=0 (00000000000000000000000000000000)

State 175 file /home/dell/zyworkspace/nichecker/Experiment/remarks2.1_LA_PPR/svp_simple_026/_mt_svp_simple_026_001_result/_cs_svp_simple_026_001_gloable_var_rww_mt_svp_simple_026_001.c line 227 function svp_simple_026_001_isr_2_0 thread 0
----------------------------------------------------
  __cs_temporary_0=1023 (00000000000000000000001111111111)

State 176 file /home/dell/zyworkspace/nichecker/Experiment/remarks2.1_LA_PPR/svp_simple_026/_mt_svp_simple_026_001_result/_cs_svp_simple_026_001_gloable_var_rww_mt_svp_simple_026_001.c line 228 function svp_simple_026_001_isr_2_0 thread 0
----------------------------------------------------
  svp_simple_026_001_gloable_var=1023 (00000000000000000000001111111111)

State 180 file /home/dell/zyworkspace/nichecker/Experiment/remarks2.1_LA_PPR/svp_simple_026/_mt_svp_simple_026_001_result/_cs_svp_simple_026_001_gloable_var_rww_mt_svp_simple_026_001.c line 239 function svp_simple_026_001_isr_2_0 thread 0
----------------------------------------------------
  __cs_value_ptr=NULL (0000000000000000000000000000000000000000000000000000000000000000)

State 185 file /home/dell/zyworkspace/nichecker/Experiment/remarks2.1_LA_PPR/svp_simple_026/_mt_svp_simple_026_001_result/_cs_svp_simple_026_001_gloable_var_rww_mt_svp_simple_026_001.c line 482 function main thread 0
----------------------------------------------------
  __cs_pc[3l]=1 (001)

State 186 file /home/dell/zyworkspace/nichecker/Experiment/remarks2.1_LA_PPR/svp_simple_026/_mt_svp_simple_026_001_result/_cs_svp_simple_026_001_gloable_var_rww_mt_svp_simple_026_001.c line 486 function main thread 0
----------------------------------------------------
  __cs_tmp_t1_r2=4u (00000000000000000000000000000100)

State 188 file /home/dell/zyworkspace/nichecker/Experiment/remarks2.1_LA_PPR/svp_simple_026/_mt_svp_simple_026_001_result/_cs_svp_simple_026_001_gloable_var_rww_mt_svp_simple_026_001.c line 491 function main thread 0
----------------------------------------------------
  __cs_thread_index=1 (001)

State 189 file /home/dell/zyworkspace/nichecker/Experiment/remarks2.1_LA_PPR/svp_simple_026/_mt_svp_simple_026_001_result/_cs_svp_simple_026_001_gloable_var_rww_mt_svp_simple_026_001.c line 493 function main thread 0
----------------------------------------------------
  __cs_pc_cs[1l]=4 (100)

State 194 file /home/dell/zyworkspace/nichecker/Experiment/remarks2.1_LA_PPR/svp_simple_026/_mt_svp_simple_026_001_result/_cs_svp_simple_026_001_gloable_var_rww_mt_svp_simple_026_001.c line 499 function main thread 0
----------------------------------------------------
  __cs_param_main_task_arg=NULL (0000000000000000000000000000000000000000000000000000000000000000)

State 200 file /home/dell/zyworkspace/nichecker/Experiment/remarks2.1_LA_PPR/svp_simple_026/_mt_svp_simple_026_001_result/_cs_svp_simple_026_001_gloable_var_rww_mt_svp_simple_026_001.c line 310 function main_task_0 thread 0
----------------------------------------------------
  rww_w2=1023 (00000000000000000000001111111111)

Violated property:
  file /home/dell/zyworkspace/nichecker/Experiment/remarks2.1_LA_PPR/svp_simple_026/_mt_svp_simple_026_001_result/_cs_svp_simple_026_001_gloable_var_rww_mt_svp_simple_026_001.c line 312 function main_task_0
  assertion rww_w2 == rww_r_tmp1
  rww_w2 == rww_r_tmp1


** 2 of 2 failed (2 iterations)
VERIFICATION FAILED
