2024-06-03 20:38:00
SVPCheck: True	LoopAbstraction: True	LabelReduction: True	Slice: False	

SVPCheck var: svp_simple_026_001_gloable_var	pattern: rww
--------------------------Run start-------------------------------
inliner
slice
LoopAbstraction
unroller
insertLabel
lazyseq
feeder  0.224
[91mUNSAFE[0m, counterexample: 2, time: 2.769 s, memory: 30.36 MB
--------------------------Run end---------------------------------
SVPCheck var: svp_simple_026_001_gloable_var	pattern: wwr
--------------------------Run start-------------------------------
inliner
slice
LoopAbstraction
unroller
insertLabel
lazyseq
feeder  0.193
[92mSAFE[0m, counterexample: 0, time: 2.659 s, memory: 28.76 MB
--------------------------Run end---------------------------------
cbmcTimeSum: 0.417
modulesTimeSum: 5.428
