CBMC version 5.6 64-bit x86_64 linux
Parsing /home/dell/zyworkspace/nichecker/Experiment/remarks2.1_basic/svp_simple_008/_mt_svp_simple_008_001_result/_cs_svp_simple_008_001_global_array[40]_wwr_mt_svp_simple_008_001.c
<command-line>: warning: "__STDC_VERSION__" redefined
<built-in>: note: this is the location of the previous definition
Converting
Type-checking _cs_svp_simple_008_001_global_array[40]_wwr_mt_svp_simple_008_001
file /home/dell/zyworkspace/nichecker/Experiment/remarks2.1_basic/svp_simple_008/_mt_svp_simple_008_001_result/_cs_svp_simple_008_001_global_array[40]_wwr_mt_svp_simple_008_001.c line 243 function main_task_0: function `assert' is not declared
Generating GOTO Program
Adding CPROVER library (x86_64)
Removal of function pointers and virtual functions
Partial Inlining
Generic Property Instrumentation
Starting Bounded Model Checking
**** WARNING: no body for function enable_isr
size of program expression: 476 steps
simple slicing removed 21 assignments
Generated 6 VCC(s), 6 remaining after simplification
Passing problem to propositional reduction
converting SSA
Running propositional reduction
Post-processing
Solving with MiniSAT 2.2.1 with simplifier
1803 variables, 22206 clauses
SAT checker: instance is UNSATISFIABLE
Runtime decision procedure: 0.032s

** Results:
[main_task_0.assertion.1] assertion wwr_r1 == wwr_w_tmp1: SUCCESS
[main_task_0.assertion.2] assertion wwr_r1 == wwr_w_tmp1: SUCCESS

** 0 of 2 failed (1 iteration)
VERIFICATION SUCCESSFUL
