CBMC version 4.9 64-bit linux
Parsing main.c
<command-line>: warning: "__STDC_VERSION__" redefined
<built-in>: note: this is the location of the previous definition
Converting
Type-checking main
Generating GOTO Program
Adding CPROVER library
Function Pointer Removal
Partial Inlining
Generic Property Instrumentation
Starting Bounded Model Checking
Adding interrupt constraints
size of program expression: 15839 steps
no slicing due to threads
Generated 3 VCC(s), 3 remaining after simplification
Passing problem to propositional reduction
Running propositional reduction
Post-processing
Solving with MiniSAT 2.2.0 with simplifier
114100 variables, 504388 clauses
SAT checker: negated claim is UNSATISFIABLE, i.e., holds
Runtime decision procedure: 10.633s
VERIFICATION SUCCESSFUL

real	0m11.188s
user	0m6.236s
sys	0m0.077s
