CBMC version 5.6 64-bit x86_64 linux
Parsing /home/dell/zyworkspace/nichecker/Experiment/remarks2.1_LA/svp_simple_029/_mt_svp_simple_029_001_result/_cs_svp_simple_029_001_tm_blocks[36]_rww_mt_svp_simple_029_001.c
<command-line>: warning: "__STDC_VERSION__" redefined
<built-in>: note: this is the location of the previous definition
Converting
Type-checking _cs_svp_simple_029_001_tm_blocks[36]_rww_mt_svp_simple_029_001
file /home/dell/zyworkspace/nichecker/Experiment/remarks2.1_LA/svp_simple_029/_mt_svp_simple_029_001_result/_cs_svp_simple_029_001_tm_blocks[36]_rww_mt_svp_simple_029_001.c line 245 function main_task_0: function `nondet_rand' is not declared
file /home/dell/zyworkspace/nichecker/Experiment/remarks2.1_LA/svp_simple_029/_mt_svp_simple_029_001_result/_cs_svp_simple_029_001_tm_blocks[36]_rww_mt_svp_simple_029_001.c line 540 function main_task_0: function `assert' is not declared
Generating GOTO Program
Adding CPROVER library (x86_64)
Removal of function pointers and virtual functions
Partial Inlining
Generic Property Instrumentation
Starting Bounded Model Checking
**** WARNING: no body for function enable_isr
size of program expression: 1337 steps
simple slicing removed 87 assignments
Generated 3 VCC(s), 3 remaining after simplification
Passing problem to propositional reduction
converting SSA
Running propositional reduction
Post-processing
Solving with MiniSAT 2.2.1 with simplifier
645334 variables, 3345344 clauses
SAT checker: instance is SATISFIABLE
Runtime decision procedure: 3.467s

** Results:
[main_task_0.assertion.1] assertion rww_w1 == rww_r_tmp1: FAILURE

Trace for main_task_0.assertion.1:

State 71 file /home/dell/zyworkspace/nichecker/Experiment/remarks2.1_LA/svp_simple_029/_mt_svp_simple_029_001_result/_cs_svp_simple_029_001_tm_blocks[36]_rww_mt_svp_simple_029_001.c line 746 function main thread 0
----------------------------------------------------
  __cs_tmp_t1_r0=11 (1011)

State 73 file /home/dell/zyworkspace/nichecker/Experiment/remarks2.1_LA/svp_simple_029/_mt_svp_simple_029_001_result/_cs_svp_simple_029_001_tm_blocks[36]_rww_mt_svp_simple_029_001.c line 750 function main thread 0
----------------------------------------------------
  __cs_thread_index=1 (01)

State 74 file /home/dell/zyworkspace/nichecker/Experiment/remarks2.1_LA/svp_simple_029/_mt_svp_simple_029_001_result/_cs_svp_simple_029_001_tm_blocks[36]_rww_mt_svp_simple_029_001.c line 752 function main thread 0
----------------------------------------------------
  __cs_pc_cs[1l]=11 (1011)

State 79 file /home/dell/zyworkspace/nichecker/Experiment/remarks2.1_LA/svp_simple_029/_mt_svp_simple_029_001_result/_cs_svp_simple_029_001_tm_blocks[36]_rww_mt_svp_simple_029_001.c line 758 function main thread 0
----------------------------------------------------
  __cs_param_main_task_arg=NULL (0000000000000000000000000000000000000000000000000000000000000000)

State 81 file /home/dell/zyworkspace/nichecker/Experiment/remarks2.1_LA/svp_simple_029/_mt_svp_simple_029_001_result/_cs_svp_simple_029_001_tm_blocks[36]_rww_mt_svp_simple_029_001.c line 196 function main_task_0 thread 0
----------------------------------------------------
  __cs_local_main_task_svp_simple_029_001_local_status=1 (00000001)

State 82 file /home/dell/zyworkspace/nichecker/Experiment/remarks2.1_LA/svp_simple_029/_mt_svp_simple_029_001_result/_cs_svp_simple_029_001_tm_blocks[36]_rww_mt_svp_simple_029_001.c line 203 function main_task_0 thread 0
----------------------------------------------------
  __cs_local_main_task_i=0 (00000000000000000000000000000000)

State 83 file /home/dell/zyworkspace/nichecker/Experiment/remarks2.1_LA/svp_simple_029/_mt_svp_simple_029_001_result/_cs_svp_simple_029_001_tm_blocks[36]_rww_mt_svp_simple_029_001.c line 211 function main_task_0 thread 0
----------------------------------------------------
  __cs_local_main_task_t_1=0 (00000000000000000000000000000000)

State 85 file /home/dell/zyworkspace/nichecker/Experiment/remarks2.1_LA/svp_simple_029/_mt_svp_simple_029_001_result/_cs_svp_simple_029_001_tm_blocks[36]_rww_mt_svp_simple_029_001.c line 229 function main_task_0 thread 0
----------------------------------------------------
  __cs_local_main_task_loop_1_IOVar1=0 (00000000000000000000000000000000)

State 86 file /home/dell/zyworkspace/nichecker/Experiment/remarks2.1_LA/svp_simple_029/_mt_svp_simple_029_001_result/_cs_svp_simple_029_001_tm_blocks[36]_rww_mt_svp_simple_029_001.c line 232 function main_task_0 thread 0
----------------------------------------------------
  __cs_local_main_task_loop_1_block_1=0 (00000000000000000000000000000000)

State 87 file /home/dell/zyworkspace/nichecker/Experiment/remarks2.1_LA/svp_simple_029/_mt_svp_simple_029_001_result/_cs_svp_simple_029_001_tm_blocks[36]_rww_mt_svp_simple_029_001.c line 235 function main_task_0 thread 0
----------------------------------------------------
  __cs_local_main_task_i=0 (00000000000000000000000000000000)

State 93 file /home/dell/zyworkspace/nichecker/Experiment/remarks2.1_LA/svp_simple_029/_mt_svp_simple_029_001_result/_cs_svp_simple_029_001_tm_blocks[36]_rww_mt_svp_simple_029_001.c line 245 function main_task_0 thread 0
----------------------------------------------------
  svp_simple_029_001_tm_blocks[0l]=0 (00000000)

State 94 file /home/dell/zyworkspace/nichecker/Experiment/remarks2.1_LA/svp_simple_029/_mt_svp_simple_029_001_result/_cs_svp_simple_029_001_tm_blocks[36]_rww_mt_svp_simple_029_001.c line 251 function main_task_0 thread 0
----------------------------------------------------
  __cs_local_main_task_i=1 (00000000000000000000000000000001)

State 95 file /home/dell/zyworkspace/nichecker/Experiment/remarks2.1_LA/svp_simple_029/_mt_svp_simple_029_001_result/_cs_svp_simple_029_001_tm_blocks[36]_rww_mt_svp_simple_029_001.c line 257 function main_task_0 thread 0
----------------------------------------------------
  __cs_local_main_task_t_1=1 (00000000000000000000000000000001)

State 97 file /home/dell/zyworkspace/nichecker/Experiment/remarks2.1_LA/svp_simple_029/_mt_svp_simple_029_001_result/_cs_svp_simple_029_001_tm_blocks[36]_rww_mt_svp_simple_029_001.c line 275 function main_task_0 thread 0
----------------------------------------------------
  __cs_local_main_task_loop_1_IOVar1=1 (00000000000000000000000000000001)

State 98 file /home/dell/zyworkspace/nichecker/Experiment/remarks2.1_LA/svp_simple_029/_mt_svp_simple_029_001_result/_cs_svp_simple_029_001_tm_blocks[36]_rww_mt_svp_simple_029_001.c line 278 function main_task_0 thread 0
----------------------------------------------------
  __cs_local_main_task_loop_1_block_1=4094 (00000000000000000000111111111110)

State 99 file /home/dell/zyworkspace/nichecker/Experiment/remarks2.1_LA/svp_simple_029/_mt_svp_simple_029_001_result/_cs_svp_simple_029_001_tm_blocks[36]_rww_mt_svp_simple_029_001.c line 281 function main_task_0 thread 0
----------------------------------------------------
  __cs_local_main_task_i=4095 (00000000000000000000111111111111)

State 105 file /home/dell/zyworkspace/nichecker/Experiment/remarks2.1_LA/svp_simple_029/_mt_svp_simple_029_001_result/_cs_svp_simple_029_001_tm_blocks[36]_rww_mt_svp_simple_029_001.c line 291 function main_task_0 thread 0
----------------------------------------------------
  svp_simple_029_001_tm_blocks[4095l]=0 (00000000)

State 106 file /home/dell/zyworkspace/nichecker/Experiment/remarks2.1_LA/svp_simple_029/_mt_svp_simple_029_001_result/_cs_svp_simple_029_001_tm_blocks[36]_rww_mt_svp_simple_029_001.c line 297 function main_task_0 thread 0
----------------------------------------------------
  __cs_local_main_task_i=4096 (00000000000000000001000000000000)

State 107 file /home/dell/zyworkspace/nichecker/Experiment/remarks2.1_LA/svp_simple_029/_mt_svp_simple_029_001_result/_cs_svp_simple_029_001_tm_blocks[36]_rww_mt_svp_simple_029_001.c line 303 function main_task_0 thread 0
----------------------------------------------------
  __cs_local_main_task_t_1=2 (00000000000000000000000000000010)

State 108 file /home/dell/zyworkspace/nichecker/Experiment/remarks2.1_LA/svp_simple_029/_mt_svp_simple_029_001_result/_cs_svp_simple_029_001_tm_blocks[36]_rww_mt_svp_simple_029_001.c line 307 function main_task_0 thread 0
----------------------------------------------------
  __cs_loop_1=FALSE (00000000)

State 114 file /home/dell/zyworkspace/nichecker/Experiment/remarks2.1_LA/svp_simple_029/_mt_svp_simple_029_001_result/_cs_svp_simple_029_001_tm_blocks[36]_rww_mt_svp_simple_029_001.c line 328 function main_task_0 thread 0
----------------------------------------------------
  svp_simple_029_001_average_adjust_flag=255 (11111111)

State 118 file /home/dell/zyworkspace/nichecker/Experiment/remarks2.1_LA/svp_simple_029/_mt_svp_simple_029_001_result/_cs_svp_simple_029_001_tm_blocks[36]_rww_mt_svp_simple_029_001.c line 334 function main_task_0 thread 0
----------------------------------------------------
  __cs_disable_thread[2l]=0 (0)

State 119 file /home/dell/zyworkspace/nichecker/Experiment/remarks2.1_LA/svp_simple_029/_mt_svp_simple_029_001_result/_cs_svp_simple_029_001_tm_blocks[36]_rww_mt_svp_simple_029_001.c line 337 function main_task_0 thread 0
----------------------------------------------------
  __cs_disable_thread[0l]=0 (0)

State 121 file /home/dell/zyworkspace/nichecker/Experiment/remarks2.1_LA/svp_simple_029/_mt_svp_simple_029_001_result/_cs_svp_simple_029_001_tm_blocks[36]_rww_mt_svp_simple_029_001.c line 351 function main_task_0 thread 0
----------------------------------------------------
  svp_simple_029_001_ptr_SetTmData=svp_simple_029_001_SetTmData (0000001000000000000000000000000000000000000000000000000000000000)

State 123 file /home/dell/zyworkspace/nichecker/Experiment/remarks2.1_LA/svp_simple_029/_mt_svp_simple_029_001_result/_cs_svp_simple_029_001_tm_blocks[36]_rww_mt_svp_simple_029_001.c line 356 function main_task_0 thread 0
----------------------------------------------------
  svp_simple_029_001_ptr_GetTmData=svp_simple_029_001_GetTmData (0000001100000000000000000000000000000000000000000000000000000000)

State 125 file /home/dell/zyworkspace/nichecker/Experiment/remarks2.1_LA/svp_simple_029/_mt_svp_simple_029_001_result/_cs_svp_simple_029_001_tm_blocks[36]_rww_mt_svp_simple_029_001.c line 361 function main_task_0 thread 0
----------------------------------------------------
  svp_simple_029_001_ptr_SetSelfCtrlFlag=svp_simple_029_001_SetSelfCtrlFlag (0000010000000000000000000000000000000000000000000000000000000000)

State 126 file /home/dell/zyworkspace/nichecker/Experiment/remarks2.1_LA/svp_simple_029/_mt_svp_simple_029_001_result/_cs_svp_simple_029_001_tm_blocks[36]_rww_mt_svp_simple_029_001.c line 369 function main_task_0 thread 0
----------------------------------------------------
  __cs_local_main_task___cs_tmp_if_cond_0=TRUE (00000001)

State 129 file /home/dell/zyworkspace/nichecker/Experiment/remarks2.1_LA/svp_simple_029/_mt_svp_simple_029_001_result/_cs_svp_simple_029_001_tm_blocks[36]_rww_mt_svp_simple_029_001.c line 380 function main_task_0 thread 0
----------------------------------------------------
  __cs_local_main_task___cs_tmp_if_cond_1=TRUE (00000001)

State 131 file /home/dell/zyworkspace/nichecker/Experiment/remarks2.1_LA/svp_simple_029/_mt_svp_simple_029_001_result/_cs_svp_simple_029_001_tm_blocks[36]_rww_mt_svp_simple_029_001.c line 396 function main_task_0 thread 0
----------------------------------------------------
  __cs_local_main_task___cs_tmp_if_cond_2=TRUE (00000001)

State 133 file /home/dell/zyworkspace/nichecker/Experiment/remarks2.1_LA/svp_simple_029/_mt_svp_simple_029_001_result/_cs_svp_simple_029_001_tm_blocks[36]_rww_mt_svp_simple_029_001.c line 403 function main_task_0 thread 0
----------------------------------------------------
  __cs_local_main_task_tmp1=1 (00000001)

State 135 file /home/dell/zyworkspace/nichecker/Experiment/remarks2.1_LA/svp_simple_029/_mt_svp_simple_029_001_result/_cs_svp_simple_029_001_tm_blocks[36]_rww_mt_svp_simple_029_001.c line 417 function main_task_0 thread 0
----------------------------------------------------
  __cs_local_main_task_tmp1=1 (00000001)

State 136 file /home/dell/zyworkspace/nichecker/Experiment/remarks2.1_LA/svp_simple_029/_mt_svp_simple_029_001_result/_cs_svp_simple_029_001_tm_blocks[36]_rww_mt_svp_simple_029_001.c line 420 function main_task_0 thread 0
----------------------------------------------------
  __cs_local_main_task_tmp2=1 (00000001)

State 137 file /home/dell/zyworkspace/nichecker/Experiment/remarks2.1_LA/svp_simple_029/_mt_svp_simple_029_001_result/_cs_svp_simple_029_001_tm_blocks[36]_rww_mt_svp_simple_029_001.c line 423 function main_task_0 thread 0
----------------------------------------------------
  __cs_local_main_task_tmp2=1 (00000001)

State 139 file /home/dell/zyworkspace/nichecker/Experiment/remarks2.1_LA/svp_simple_029/_mt_svp_simple_029_001_result/_cs_svp_simple_029_001_tm_blocks[36]_rww_mt_svp_simple_029_001.c line 430 function main_task_0 thread 0
----------------------------------------------------
  __cs_local_main_task___cs_tmp_if_cond_3=TRUE (00000001)

State 141 file /home/dell/zyworkspace/nichecker/Experiment/remarks2.1_LA/svp_simple_029/_mt_svp_simple_029_001_result/_cs_svp_simple_029_001_tm_blocks[36]_rww_mt_svp_simple_029_001.c line 441 function main_task_0 thread 0
----------------------------------------------------
  __cs_local_main_task_tm_name=36u (00000000000000000000000000100100)

State 143 file /home/dell/zyworkspace/nichecker/Experiment/remarks2.1_LA/svp_simple_029/_mt_svp_simple_029_001_result/_cs_svp_simple_029_001_tm_blocks[36]_rww_mt_svp_simple_029_001.c line 446 function main_task_0 thread 0
----------------------------------------------------
  __cs_local_main_task___cs_retval__svp_simple_029_001_GetTmData_0=0 (00000000)

State 145 file /home/dell/zyworkspace/nichecker/Experiment/remarks2.1_LA/svp_simple_029/_mt_svp_simple_029_001_result/_cs_svp_simple_029_001_tm_blocks[36]_rww_mt_svp_simple_029_001.c line 449 function main_task_0 thread 0
----------------------------------------------------
  rww_r_tmp1_num=1 (00000000000000000000000000000001)

State 146 file /home/dell/zyworkspace/nichecker/Experiment/remarks2.1_LA/svp_simple_029/_mt_svp_simple_029_001_result/_cs_svp_simple_029_001_tm_blocks[36]_rww_mt_svp_simple_029_001.c line 450 function main_task_0 thread 0
----------------------------------------------------
  rww_r_tmp1=0 (00000000)

State 147 file /home/dell/zyworkspace/nichecker/Experiment/remarks2.1_LA/svp_simple_029/_mt_svp_simple_029_001_result/_cs_svp_simple_029_001_tm_blocks[36]_rww_mt_svp_simple_029_001.c line 458 function main_task_0 thread 0
----------------------------------------------------
  __cs_local_main_task_ctrl_sts=0 (00000000)

State 155 file /home/dell/zyworkspace/nichecker/Experiment/remarks2.1_LA/svp_simple_029/_mt_svp_simple_029_001_result/_cs_svp_simple_029_001_tm_blocks[36]_rww_mt_svp_simple_029_001.c line 585 function main_task_0 thread 0
----------------------------------------------------
  __cs_value_ptr=NULL (0000000000000000000000000000000000000000000000000000000000000000)

State 160 file /home/dell/zyworkspace/nichecker/Experiment/remarks2.1_LA/svp_simple_029/_mt_svp_simple_029_001_result/_cs_svp_simple_029_001_tm_blocks[36]_rww_mt_svp_simple_029_001.c line 760 function main thread 0
----------------------------------------------------
  __cs_pc[1l]=11 (1011)

State 161 file /home/dell/zyworkspace/nichecker/Experiment/remarks2.1_LA/svp_simple_029/_mt_svp_simple_029_001_result/_cs_svp_simple_029_001_tm_blocks[36]_rww_mt_svp_simple_029_001.c line 766 function main thread 0
----------------------------------------------------
  __cs_tmp_t2_r0=0 (0)

State 163 file /home/dell/zyworkspace/nichecker/Experiment/remarks2.1_LA/svp_simple_029/_mt_svp_simple_029_001_result/_cs_svp_simple_029_001_tm_blocks[36]_rww_mt_svp_simple_029_001.c line 771 function main thread 0
----------------------------------------------------
  __cs_thread_index=2 (10)

State 164 file /home/dell/zyworkspace/nichecker/Experiment/remarks2.1_LA/svp_simple_029/_mt_svp_simple_029_001_result/_cs_svp_simple_029_001_tm_blocks[36]_rww_mt_svp_simple_029_001.c line 773 function main thread 0
----------------------------------------------------
  __cs_pc_cs[2l]=0 (0000)

State 169 file /home/dell/zyworkspace/nichecker/Experiment/remarks2.1_LA/svp_simple_029/_mt_svp_simple_029_001_result/_cs_svp_simple_029_001_tm_blocks[36]_rww_mt_svp_simple_029_001.c line 779 function main thread 0
----------------------------------------------------
  __cs_param_svp_simple_029_001_isr_1_arg=NULL (0000000000000000000000000000000000000000000000000000000000000000)

State 173 file /home/dell/zyworkspace/nichecker/Experiment/remarks2.1_LA/svp_simple_029/_mt_svp_simple_029_001_result/_cs_svp_simple_029_001_tm_blocks[36]_rww_mt_svp_simple_029_001.c line 734 function svp_simple_029_001_isr_1_0 thread 0
----------------------------------------------------
  __cs_value_ptr=NULL (0000000000000000000000000000000000000000000000000000000000000000)

State 178 file /home/dell/zyworkspace/nichecker/Experiment/remarks2.1_LA/svp_simple_029/_mt_svp_simple_029_001_result/_cs_svp_simple_029_001_tm_blocks[36]_rww_mt_svp_simple_029_001.c line 781 function main thread 0
----------------------------------------------------
  __cs_pc[2l]=0 (0000)

State 179 file /home/dell/zyworkspace/nichecker/Experiment/remarks2.1_LA/svp_simple_029/_mt_svp_simple_029_001_result/_cs_svp_simple_029_001_tm_blocks[36]_rww_mt_svp_simple_029_001.c line 791 function main thread 0
----------------------------------------------------
  __cs_tmp_t1_r1=11 (1011)

State 181 file /home/dell/zyworkspace/nichecker/Experiment/remarks2.1_LA/svp_simple_029/_mt_svp_simple_029_001_result/_cs_svp_simple_029_001_tm_blocks[36]_rww_mt_svp_simple_029_001.c line 796 function main thread 0
----------------------------------------------------
  __cs_thread_index=1 (01)

State 182 file /home/dell/zyworkspace/nichecker/Experiment/remarks2.1_LA/svp_simple_029/_mt_svp_simple_029_001_result/_cs_svp_simple_029_001_tm_blocks[36]_rww_mt_svp_simple_029_001.c line 798 function main thread 0
----------------------------------------------------
  __cs_pc_cs[1l]=11 (1011)

State 187 file /home/dell/zyworkspace/nichecker/Experiment/remarks2.1_LA/svp_simple_029/_mt_svp_simple_029_001_result/_cs_svp_simple_029_001_tm_blocks[36]_rww_mt_svp_simple_029_001.c line 804 function main thread 0
----------------------------------------------------
  __cs_param_main_task_arg=NULL (0000000000000000000000000000000000000000000000000000000000000000)

State 205 file /home/dell/zyworkspace/nichecker/Experiment/remarks2.1_LA/svp_simple_029/_mt_svp_simple_029_001_result/_cs_svp_simple_029_001_tm_blocks[36]_rww_mt_svp_simple_029_001.c line 585 function main_task_0 thread 0
----------------------------------------------------
  __cs_value_ptr=NULL (0000000000000000000000000000000000000000000000000000000000000000)

State 210 file /home/dell/zyworkspace/nichecker/Experiment/remarks2.1_LA/svp_simple_029/_mt_svp_simple_029_001_result/_cs_svp_simple_029_001_tm_blocks[36]_rww_mt_svp_simple_029_001.c line 806 function main thread 0
----------------------------------------------------
  __cs_pc[1l]=11 (1011)

State 211 file /home/dell/zyworkspace/nichecker/Experiment/remarks2.1_LA/svp_simple_029/_mt_svp_simple_029_001_result/_cs_svp_simple_029_001_tm_blocks[36]_rww_mt_svp_simple_029_001.c line 812 function main thread 0
----------------------------------------------------
  __cs_tmp_t2_r1=1 (1)

State 213 file /home/dell/zyworkspace/nichecker/Experiment/remarks2.1_LA/svp_simple_029/_mt_svp_simple_029_001_result/_cs_svp_simple_029_001_tm_blocks[36]_rww_mt_svp_simple_029_001.c line 817 function main thread 0
----------------------------------------------------
  __cs_thread_index=2 (10)

State 214 file /home/dell/zyworkspace/nichecker/Experiment/remarks2.1_LA/svp_simple_029/_mt_svp_simple_029_001_result/_cs_svp_simple_029_001_tm_blocks[36]_rww_mt_svp_simple_029_001.c line 819 function main thread 0
----------------------------------------------------
  __cs_pc_cs[2l]=1 (0001)

State 219 file /home/dell/zyworkspace/nichecker/Experiment/remarks2.1_LA/svp_simple_029/_mt_svp_simple_029_001_result/_cs_svp_simple_029_001_tm_blocks[36]_rww_mt_svp_simple_029_001.c line 825 function main thread 0
----------------------------------------------------
  __cs_param_svp_simple_029_001_isr_1_arg=NULL (0000000000000000000000000000000000000000000000000000000000000000)

State 221 file /home/dell/zyworkspace/nichecker/Experiment/remarks2.1_LA/svp_simple_029/_mt_svp_simple_029_001_result/_cs_svp_simple_029_001_tm_blocks[36]_rww_mt_svp_simple_029_001.c line 605 function svp_simple_029_001_isr_1_0 thread 0
----------------------------------------------------
  __cs_local_svp_simple_029_001_isr_1___cs_tmp_if_cond_10=TRUE (00000001)

State 223 file /home/dell/zyworkspace/nichecker/Experiment/remarks2.1_LA/svp_simple_029/_mt_svp_simple_029_001_result/_cs_svp_simple_029_001_tm_blocks[36]_rww_mt_svp_simple_029_001.c line 611 function svp_simple_029_001_isr_1_0 thread 0
----------------------------------------------------
  svp_simple_029_001_average_adjust_count=1 (00000001)

State 224 file /home/dell/zyworkspace/nichecker/Experiment/remarks2.1_LA/svp_simple_029/_mt_svp_simple_029_001_result/_cs_svp_simple_029_001_tm_blocks[36]_rww_mt_svp_simple_029_001.c line 615 function svp_simple_029_001_isr_1_0 thread 0
----------------------------------------------------
  __cs_local_svp_simple_029_001_isr_1___cs_tmp_if_cond_11=TRUE (00000001)

State 226 file /home/dell/zyworkspace/nichecker/Experiment/remarks2.1_LA/svp_simple_029/_mt_svp_simple_029_001_result/_cs_svp_simple_029_001_tm_blocks[36]_rww_mt_svp_simple_029_001.c line 624 function svp_simple_029_001_isr_1_0 thread 0
----------------------------------------------------
  __cs_local_svp_simple_029_001_isr_1_tm_data=1 (00000001)

State 227 file /home/dell/zyworkspace/nichecker/Experiment/remarks2.1_LA/svp_simple_029/_mt_svp_simple_029_001_result/_cs_svp_simple_029_001_tm_blocks[36]_rww_mt_svp_simple_029_001.c line 626 function svp_simple_029_001_isr_1_0 thread 0
----------------------------------------------------
  svp_simple_029_001_tm_blocks[36l]=1 (00000001)

State 233 file /home/dell/zyworkspace/nichecker/Experiment/remarks2.1_LA/svp_simple_029/_mt_svp_simple_029_001_result/_cs_svp_simple_029_001_tm_blocks[36]_rww_mt_svp_simple_029_001.c line 734 function svp_simple_029_001_isr_1_0 thread 0
----------------------------------------------------
  __cs_value_ptr=NULL (0000000000000000000000000000000000000000000000000000000000000000)

State 238 file /home/dell/zyworkspace/nichecker/Experiment/remarks2.1_LA/svp_simple_029/_mt_svp_simple_029_001_result/_cs_svp_simple_029_001_tm_blocks[36]_rww_mt_svp_simple_029_001.c line 827 function main thread 0
----------------------------------------------------
  __cs_pc[2l]=1 (0001)

State 239 file /home/dell/zyworkspace/nichecker/Experiment/remarks2.1_LA/svp_simple_029/_mt_svp_simple_029_001_result/_cs_svp_simple_029_001_tm_blocks[36]_rww_mt_svp_simple_029_001.c line 831 function main thread 0
----------------------------------------------------
  __cs_tmp_t1_r2=15u (00000000000000000000000000001111)

State 241 file /home/dell/zyworkspace/nichecker/Experiment/remarks2.1_LA/svp_simple_029/_mt_svp_simple_029_001_result/_cs_svp_simple_029_001_tm_blocks[36]_rww_mt_svp_simple_029_001.c line 836 function main thread 0
----------------------------------------------------
  __cs_thread_index=1 (01)

State 242 file /home/dell/zyworkspace/nichecker/Experiment/remarks2.1_LA/svp_simple_029/_mt_svp_simple_029_001_result/_cs_svp_simple_029_001_tm_blocks[36]_rww_mt_svp_simple_029_001.c line 838 function main thread 0
----------------------------------------------------
  __cs_pc_cs[1l]=15 (1111)

State 247 file /home/dell/zyworkspace/nichecker/Experiment/remarks2.1_LA/svp_simple_029/_mt_svp_simple_029_001_result/_cs_svp_simple_029_001_tm_blocks[36]_rww_mt_svp_simple_029_001.c line 844 function main thread 0
----------------------------------------------------
  __cs_param_main_task_arg=NULL (0000000000000000000000000000000000000000000000000000000000000000)

State 260 file /home/dell/zyworkspace/nichecker/Experiment/remarks2.1_LA/svp_simple_029/_mt_svp_simple_029_001_result/_cs_svp_simple_029_001_tm_blocks[36]_rww_mt_svp_simple_029_001.c line 473 function main_task_0 thread 0
----------------------------------------------------
  __cs_local_main_task___cs_tmp_if_cond_4=TRUE (00000001)

State 262 file /home/dell/zyworkspace/nichecker/Experiment/remarks2.1_LA/svp_simple_029/_mt_svp_simple_029_001_result/_cs_svp_simple_029_001_tm_blocks[36]_rww_mt_svp_simple_029_001.c line 484 function main_task_0 thread 0
----------------------------------------------------
  __cs_local_main_task_tm_name=37u (00000000000000000000000000100101)

State 264 file /home/dell/zyworkspace/nichecker/Experiment/remarks2.1_LA/svp_simple_029/_mt_svp_simple_029_001_result/_cs_svp_simple_029_001_tm_blocks[36]_rww_mt_svp_simple_029_001.c line 489 function main_task_0 thread 0
----------------------------------------------------
  __cs_local_main_task___cs_retval__svp_simple_029_001_GetTmData_1=0 (00000000)

State 266 file /home/dell/zyworkspace/nichecker/Experiment/remarks2.1_LA/svp_simple_029/_mt_svp_simple_029_001_result/_cs_svp_simple_029_001_tm_blocks[36]_rww_mt_svp_simple_029_001.c line 501 function main_task_0 thread 0
----------------------------------------------------
  __cs_local_main_task_ctrl_sts=0 (00000000)

State 268 file /home/dell/zyworkspace/nichecker/Experiment/remarks2.1_LA/svp_simple_029/_mt_svp_simple_029_001_result/_cs_svp_simple_029_001_tm_blocks[36]_rww_mt_svp_simple_029_001.c line 512 function main_task_0 thread 0
----------------------------------------------------
  __cs_local_main_task_ctrl_sts=1 (00000001)

State 270 file /home/dell/zyworkspace/nichecker/Experiment/remarks2.1_LA/svp_simple_029/_mt_svp_simple_029_001_result/_cs_svp_simple_029_001_tm_blocks[36]_rww_mt_svp_simple_029_001.c line 519 function main_task_0 thread 0
----------------------------------------------------
  __cs_local_main_task___cs_tmp_if_cond_5=TRUE (00000001)

State 272 file /home/dell/zyworkspace/nichecker/Experiment/remarks2.1_LA/svp_simple_029/_mt_svp_simple_029_001_result/_cs_svp_simple_029_001_tm_blocks[36]_rww_mt_svp_simple_029_001.c line 528 function main_task_0 thread 0
----------------------------------------------------
  __cs_local_main_task_tm_name=36u (00000000000000000000000000100100)

State 273 file /home/dell/zyworkspace/nichecker/Experiment/remarks2.1_LA/svp_simple_029/_mt_svp_simple_029_001_result/_cs_svp_simple_029_001_tm_blocks[36]_rww_mt_svp_simple_029_001.c line 532 function main_task_0 thread 0
----------------------------------------------------
  __cs_local_main_task_tm_data=1 (00000001)

State 276 file /home/dell/zyworkspace/nichecker/Experiment/remarks2.1_LA/svp_simple_029/_mt_svp_simple_029_001_result/_cs_svp_simple_029_001_tm_blocks[36]_rww_mt_svp_simple_029_001.c line 538 function main_task_0 thread 0
----------------------------------------------------
  rww_w1=1 (00000001)

Violated property:
  file /home/dell/zyworkspace/nichecker/Experiment/remarks2.1_LA/svp_simple_029/_mt_svp_simple_029_001_result/_cs_svp_simple_029_001_tm_blocks[36]_rww_mt_svp_simple_029_001.c line 540 function main_task_0
  assertion rww_w1 == rww_r_tmp1
  rww_w1 == rww_r_tmp1


** 1 of 1 failed (1 iteration)
VERIFICATION FAILED
