2023-10-15 16:49:02
SVPCheck: True	LoopAbstraction: True	LabelReduction: False	Slice: False	

SVPCheck var: svp_simple_029_001_tm_blocks[36]	pattern: rww
--------------------------Run start-------------------------------
inliner
slice
LoopAbstraction
unroller
insertLabel
lazyseq
feeder  4.373
[91mUNSAFE[0m, counterexample: 1, time: 6.302 s, memory: 462.96 MB
--------------------------Run end---------------------------------
SVPCheck var: svp_simple_029_001_tm_blocks[36]	pattern: rwr
--------------------------Run start-------------------------------
inliner
slice
LoopAbstraction
unroller
insertLabel
lazyseq
feeder  3.689
[92mSAFE[0m, counterexample: 0, time: 5.644 s, memory: 462.55 MB
--------------------------Run end---------------------------------
cbmcTimeSum: 8.062
modulesTimeSum: 11.946
