CBMC version 5.6 64-bit x86_64 linux
Parsing /home/dell/zyworkspace/nichecker/Experiment/remarks2.1_LA_PPR/svp_simple_007/_mt_svp_simple_007_001_result/_cs_svp_simple_007_001_global_array[2]_wwr_mt_svp_simple_007_001.c
<command-line>: warning: "__STDC_VERSION__" redefined
<built-in>: note: this is the location of the previous definition
Converting
Type-checking _cs_svp_simple_007_001_global_array[2]_wwr_mt_svp_simple_007_001
file /home/dell/zyworkspace/nichecker/Experiment/remarks2.1_LA_PPR/svp_simple_007/_mt_svp_simple_007_001_result/_cs_svp_simple_007_001_global_array[2]_wwr_mt_svp_simple_007_001.c line 339 function main_task_0: function `assert' is not declared
file /home/dell/zyworkspace/nichecker/Experiment/remarks2.1_LA_PPR/svp_simple_007/_mt_svp_simple_007_001_result/_cs_svp_simple_007_001_global_array[2]_wwr_mt_svp_simple_007_001.c line 347 function main_task_0: function `nondet_rand' is not declared
Generating GOTO Program
Adding CPROVER library (x86_64)
Removal of function pointers and virtual functions
Partial Inlining
Generic Property Instrumentation
Starting Bounded Model Checking
**** WARNING: no body for function enable_isr
size of program expression: 604 steps
simple slicing removed 25 assignments
Generated 5 VCC(s), 5 remaining after simplification
Passing problem to propositional reduction
converting SSA
Running propositional reduction
Post-processing
Solving with MiniSAT 2.2.1 with simplifier
2467 variables, 8388 clauses
SAT checker: instance is SATISFIABLE
Solving with MiniSAT 2.2.1 with simplifier
2467 variables, 1953 clauses
SAT checker inconsistent: instance is UNSATISFIABLE
Runtime decision procedure: 0.018s

** Results:
[main_task_0.assertion.1] assertion wwr_r1 == wwr_w_tmp1: SUCCESS
[main_task_0.assertion.2] assertion wwr_r2 == wwr_w_tmp1: FAILURE

Trace for main_task_0.assertion.2:

State 47 file /home/dell/zyworkspace/nichecker/Experiment/remarks2.1_LA_PPR/svp_simple_007/_mt_svp_simple_007_001_result/_cs_svp_simple_007_001_global_array[2]_wwr_mt_svp_simple_007_001.c line 422 function main thread 0
----------------------------------------------------
  __cs_tmp_t1_r0=1 (001)

State 49 file /home/dell/zyworkspace/nichecker/Experiment/remarks2.1_LA_PPR/svp_simple_007/_mt_svp_simple_007_001_result/_cs_svp_simple_007_001_global_array[2]_wwr_mt_svp_simple_007_001.c line 426 function main thread 0
----------------------------------------------------
  __cs_thread_index=1 (01)

State 50 file /home/dell/zyworkspace/nichecker/Experiment/remarks2.1_LA_PPR/svp_simple_007/_mt_svp_simple_007_001_result/_cs_svp_simple_007_001_global_array[2]_wwr_mt_svp_simple_007_001.c line 428 function main thread 0
----------------------------------------------------
  __cs_pc_cs[1l]=1 (001)

State 55 file /home/dell/zyworkspace/nichecker/Experiment/remarks2.1_LA_PPR/svp_simple_007/_mt_svp_simple_007_001_result/_cs_svp_simple_007_001_global_array[2]_wwr_mt_svp_simple_007_001.c line 434 function main thread 0
----------------------------------------------------
  __cs_param_main_task_arg=NULL (0000000000000000000000000000000000000000000000000000000000000000)

State 60 file /home/dell/zyworkspace/nichecker/Experiment/remarks2.1_LA_PPR/svp_simple_007/_mt_svp_simple_007_001_result/_cs_svp_simple_007_001_global_array[2]_wwr_mt_svp_simple_007_001.c line 306 function main_task_0 thread 0
----------------------------------------------------
  __cs_disable_thread[2l]=0 (0)

State 61 file /home/dell/zyworkspace/nichecker/Experiment/remarks2.1_LA_PPR/svp_simple_007/_mt_svp_simple_007_001_result/_cs_svp_simple_007_001_global_array[2]_wwr_mt_svp_simple_007_001.c line 309 function main_task_0 thread 0
----------------------------------------------------
  __cs_disable_thread[0l]=0 (0)

State 68 file /home/dell/zyworkspace/nichecker/Experiment/remarks2.1_LA_PPR/svp_simple_007/_mt_svp_simple_007_001_result/_cs_svp_simple_007_001_global_array[2]_wwr_mt_svp_simple_007_001.c line 410 function main_task_0 thread 0
----------------------------------------------------
  __cs_value_ptr=NULL (0000000000000000000000000000000000000000000000000000000000000000)

State 73 file /home/dell/zyworkspace/nichecker/Experiment/remarks2.1_LA_PPR/svp_simple_007/_mt_svp_simple_007_001_result/_cs_svp_simple_007_001_global_array[2]_wwr_mt_svp_simple_007_001.c line 436 function main thread 0
----------------------------------------------------
  __cs_pc[1l]=1 (001)

State 74 file /home/dell/zyworkspace/nichecker/Experiment/remarks2.1_LA_PPR/svp_simple_007/_mt_svp_simple_007_001_result/_cs_svp_simple_007_001_global_array[2]_wwr_mt_svp_simple_007_001.c line 442 function main thread 0
----------------------------------------------------
  __cs_tmp_t2_r0=0 (0)

State 76 file /home/dell/zyworkspace/nichecker/Experiment/remarks2.1_LA_PPR/svp_simple_007/_mt_svp_simple_007_001_result/_cs_svp_simple_007_001_global_array[2]_wwr_mt_svp_simple_007_001.c line 447 function main thread 0
----------------------------------------------------
  __cs_thread_index=2 (10)

State 77 file /home/dell/zyworkspace/nichecker/Experiment/remarks2.1_LA_PPR/svp_simple_007/_mt_svp_simple_007_001_result/_cs_svp_simple_007_001_global_array[2]_wwr_mt_svp_simple_007_001.c line 449 function main thread 0
----------------------------------------------------
  __cs_pc_cs[2l]=0 (000)

State 82 file /home/dell/zyworkspace/nichecker/Experiment/remarks2.1_LA_PPR/svp_simple_007/_mt_svp_simple_007_001_result/_cs_svp_simple_007_001_global_array[2]_wwr_mt_svp_simple_007_001.c line 455 function main thread 0
----------------------------------------------------
  __cs_param_svp_simple_007_001_isr_1_arg=NULL (0000000000000000000000000000000000000000000000000000000000000000)

State 86 file /home/dell/zyworkspace/nichecker/Experiment/remarks2.1_LA_PPR/svp_simple_007/_mt_svp_simple_007_001_result/_cs_svp_simple_007_001_global_array[2]_wwr_mt_svp_simple_007_001.c line 294 function svp_simple_007_001_isr_1_0 thread 0
----------------------------------------------------
  __cs_value_ptr=NULL (0000000000000000000000000000000000000000000000000000000000000000)

State 91 file /home/dell/zyworkspace/nichecker/Experiment/remarks2.1_LA_PPR/svp_simple_007/_mt_svp_simple_007_001_result/_cs_svp_simple_007_001_global_array[2]_wwr_mt_svp_simple_007_001.c line 457 function main thread 0
----------------------------------------------------
  __cs_pc[2l]=0 (000)

State 92 file /home/dell/zyworkspace/nichecker/Experiment/remarks2.1_LA_PPR/svp_simple_007/_mt_svp_simple_007_001_result/_cs_svp_simple_007_001_global_array[2]_wwr_mt_svp_simple_007_001.c line 467 function main thread 0
----------------------------------------------------
  __cs_tmp_t1_r1=3 (011)

State 94 file /home/dell/zyworkspace/nichecker/Experiment/remarks2.1_LA_PPR/svp_simple_007/_mt_svp_simple_007_001_result/_cs_svp_simple_007_001_global_array[2]_wwr_mt_svp_simple_007_001.c line 472 function main thread 0
----------------------------------------------------
  __cs_thread_index=1 (01)

State 95 file /home/dell/zyworkspace/nichecker/Experiment/remarks2.1_LA_PPR/svp_simple_007/_mt_svp_simple_007_001_result/_cs_svp_simple_007_001_global_array[2]_wwr_mt_svp_simple_007_001.c line 474 function main thread 0
----------------------------------------------------
  __cs_pc_cs[1l]=3 (011)

State 100 file /home/dell/zyworkspace/nichecker/Experiment/remarks2.1_LA_PPR/svp_simple_007/_mt_svp_simple_007_001_result/_cs_svp_simple_007_001_global_array[2]_wwr_mt_svp_simple_007_001.c line 480 function main thread 0
----------------------------------------------------
  __cs_param_main_task_arg=NULL (0000000000000000000000000000000000000000000000000000000000000000)

State 103 file /home/dell/zyworkspace/nichecker/Experiment/remarks2.1_LA_PPR/svp_simple_007/_mt_svp_simple_007_001_result/_cs_svp_simple_007_001_global_array[2]_wwr_mt_svp_simple_007_001.c line 323 function main_task_0 thread 0
----------------------------------------------------
  svp_simple_007_001_global_array[0l]=1 (00000000000000000000000000000001)

State 106 file /home/dell/zyworkspace/nichecker/Experiment/remarks2.1_LA_PPR/svp_simple_007/_mt_svp_simple_007_001_result/_cs_svp_simple_007_001_global_array[2]_wwr_mt_svp_simple_007_001.c line 334 function main_task_0 thread 0
----------------------------------------------------
  __cs_local_main_task_reader2=1 (00000000000000000000000000000001)

State 108 file /home/dell/zyworkspace/nichecker/Experiment/remarks2.1_LA_PPR/svp_simple_007/_mt_svp_simple_007_001_result/_cs_svp_simple_007_001_global_array[2]_wwr_mt_svp_simple_007_001.c line 347 function main_task_0 thread 0
----------------------------------------------------
  __cs_local_main_task_i=2 (00000000000000000000000000000010)

State 109 file /home/dell/zyworkspace/nichecker/Experiment/remarks2.1_LA_PPR/svp_simple_007/_mt_svp_simple_007_001_result/_cs_svp_simple_007_001_global_array[2]_wwr_mt_svp_simple_007_001.c line 352 function main_task_0 thread 0
----------------------------------------------------
  __cs_local_main_task___cs_tmp_if_cond_0=TRUE (00000001)

State 111 file /home/dell/zyworkspace/nichecker/Experiment/remarks2.1_LA_PPR/svp_simple_007/_mt_svp_simple_007_001_result/_cs_svp_simple_007_001_global_array[2]_wwr_mt_svp_simple_007_001.c line 359 function main_task_0 thread 0
----------------------------------------------------
  svp_simple_007_001_global_array[2l]=2 (00000000000000000000000000000010)

State 113 file /home/dell/zyworkspace/nichecker/Experiment/remarks2.1_LA_PPR/svp_simple_007/_mt_svp_simple_007_001_result/_cs_svp_simple_007_001_global_array[2]_wwr_mt_svp_simple_007_001.c line 362 function main_task_0 thread 0
----------------------------------------------------
  wwr_w_tmp1_num=1 (00000000000000000000000000000001)

State 114 file /home/dell/zyworkspace/nichecker/Experiment/remarks2.1_LA_PPR/svp_simple_007/_mt_svp_simple_007_001_result/_cs_svp_simple_007_001_global_array[2]_wwr_mt_svp_simple_007_001.c line 363 function main_task_0 thread 0
----------------------------------------------------
  wwr_w_tmp1=2 (00000000000000000000000000000010)

State 119 file /home/dell/zyworkspace/nichecker/Experiment/remarks2.1_LA_PPR/svp_simple_007/_mt_svp_simple_007_001_result/_cs_svp_simple_007_001_global_array[2]_wwr_mt_svp_simple_007_001.c line 410 function main_task_0 thread 0
----------------------------------------------------
  __cs_value_ptr=NULL (0000000000000000000000000000000000000000000000000000000000000000)

State 124 file /home/dell/zyworkspace/nichecker/Experiment/remarks2.1_LA_PPR/svp_simple_007/_mt_svp_simple_007_001_result/_cs_svp_simple_007_001_global_array[2]_wwr_mt_svp_simple_007_001.c line 482 function main thread 0
----------------------------------------------------
  __cs_pc[1l]=3 (011)

State 125 file /home/dell/zyworkspace/nichecker/Experiment/remarks2.1_LA_PPR/svp_simple_007/_mt_svp_simple_007_001_result/_cs_svp_simple_007_001_global_array[2]_wwr_mt_svp_simple_007_001.c line 488 function main thread 0
----------------------------------------------------
  __cs_tmp_t2_r1=1 (1)

State 127 file /home/dell/zyworkspace/nichecker/Experiment/remarks2.1_LA_PPR/svp_simple_007/_mt_svp_simple_007_001_result/_cs_svp_simple_007_001_global_array[2]_wwr_mt_svp_simple_007_001.c line 493 function main thread 0
----------------------------------------------------
  __cs_thread_index=2 (10)

State 128 file /home/dell/zyworkspace/nichecker/Experiment/remarks2.1_LA_PPR/svp_simple_007/_mt_svp_simple_007_001_result/_cs_svp_simple_007_001_global_array[2]_wwr_mt_svp_simple_007_001.c line 495 function main thread 0
----------------------------------------------------
  __cs_pc_cs[2l]=1 (001)

State 133 file /home/dell/zyworkspace/nichecker/Experiment/remarks2.1_LA_PPR/svp_simple_007/_mt_svp_simple_007_001_result/_cs_svp_simple_007_001_global_array[2]_wwr_mt_svp_simple_007_001.c line 501 function main thread 0
----------------------------------------------------
  __cs_param_svp_simple_007_001_isr_1_arg=NULL (0000000000000000000000000000000000000000000000000000000000000000)

State 135 file /home/dell/zyworkspace/nichecker/Experiment/remarks2.1_LA_PPR/svp_simple_007/_mt_svp_simple_007_001_result/_cs_svp_simple_007_001_global_array[2]_wwr_mt_svp_simple_007_001.c line 181 function svp_simple_007_001_isr_1_0 thread 0
----------------------------------------------------
  __cs_local_svp_simple_007_001_isr_1_i=0 (00000000000000000000000000000000)

State 136 file /home/dell/zyworkspace/nichecker/Experiment/remarks2.1_LA_PPR/svp_simple_007/_mt_svp_simple_007_001_result/_cs_svp_simple_007_001_global_array[2]_wwr_mt_svp_simple_007_001.c line 183 function svp_simple_007_001_isr_1_0 thread 0
----------------------------------------------------
  __cs_local_svp_simple_007_001_isr_1_i=0 (00000000000000000000000000000000)

State 137 file /home/dell/zyworkspace/nichecker/Experiment/remarks2.1_LA_PPR/svp_simple_007/_mt_svp_simple_007_001_result/_cs_svp_simple_007_001_global_array[2]_wwr_mt_svp_simple_007_001.c line 190 function svp_simple_007_001_isr_1_0 thread 0
----------------------------------------------------
  __cs_local_svp_simple_007_001_isr_1_t_1=0 (00000000000000000000000000000000)

State 139 file /home/dell/zyworkspace/nichecker/Experiment/remarks2.1_LA_PPR/svp_simple_007/_mt_svp_simple_007_001_result/_cs_svp_simple_007_001_global_array[2]_wwr_mt_svp_simple_007_001.c line 205 function svp_simple_007_001_isr_1_0 thread 0
----------------------------------------------------
  __cs_local_svp_simple_007_001_isr_1_loop_1_IOVar1=0 (00000000000000000000000000000000)

State 140 file /home/dell/zyworkspace/nichecker/Experiment/remarks2.1_LA_PPR/svp_simple_007/_mt_svp_simple_007_001_result/_cs_svp_simple_007_001_global_array[2]_wwr_mt_svp_simple_007_001.c line 207 function svp_simple_007_001_isr_1_0 thread 0
----------------------------------------------------
  __cs_local_svp_simple_007_001_isr_1_loop_1_block_1=100 (00000000000000000000000001100100)

State 141 file /home/dell/zyworkspace/nichecker/Experiment/remarks2.1_LA_PPR/svp_simple_007/_mt_svp_simple_007_001_result/_cs_svp_simple_007_001_global_array[2]_wwr_mt_svp_simple_007_001.c line 209 function svp_simple_007_001_isr_1_0 thread 0
----------------------------------------------------
  __cs_local_svp_simple_007_001_isr_1_i=100 (00000000000000000000000001100100)

State 144 file /home/dell/zyworkspace/nichecker/Experiment/remarks2.1_LA_PPR/svp_simple_007/_mt_svp_simple_007_001_result/_cs_svp_simple_007_001_global_array[2]_wwr_mt_svp_simple_007_001.c line 220 function svp_simple_007_001_isr_1_0 thread 0
----------------------------------------------------
  __cs_local_svp_simple_007_001_isr_1_i=101 (00000000000000000000000001100101)

State 145 file /home/dell/zyworkspace/nichecker/Experiment/remarks2.1_LA_PPR/svp_simple_007/_mt_svp_simple_007_001_result/_cs_svp_simple_007_001_global_array[2]_wwr_mt_svp_simple_007_001.c line 225 function svp_simple_007_001_isr_1_0 thread 0
----------------------------------------------------
  __cs_local_svp_simple_007_001_isr_1_t_1=1 (00000000000000000000000000000001)

State 150 file /home/dell/zyworkspace/nichecker/Experiment/remarks2.1_LA_PPR/svp_simple_007/_mt_svp_simple_007_001_result/_cs_svp_simple_007_001_global_array[2]_wwr_mt_svp_simple_007_001.c line 279 function svp_simple_007_001_isr_1_0 thread 0
----------------------------------------------------
  svp_simple_007_001_global_array[2l]=9 (00000000000000000000000000001001)

State 151 file /home/dell/zyworkspace/nichecker/Experiment/remarks2.1_LA_PPR/svp_simple_007/_mt_svp_simple_007_001_result/_cs_svp_simple_007_001_global_array[2]_wwr_mt_svp_simple_007_001.c line 281 function svp_simple_007_001_isr_1_0 thread 0
----------------------------------------------------
  svp_simple_007_001_global_var=1 (00000000000000000000000000000001)

State 152 file /home/dell/zyworkspace/nichecker/Experiment/remarks2.1_LA_PPR/svp_simple_007/_mt_svp_simple_007_001_result/_cs_svp_simple_007_001_global_array[2]_wwr_mt_svp_simple_007_001.c line 283 function svp_simple_007_001_isr_1_0 thread 0
----------------------------------------------------
  svp_simple_007_001_global_array[1l]=9 (00000000000000000000000000001001)

State 156 file /home/dell/zyworkspace/nichecker/Experiment/remarks2.1_LA_PPR/svp_simple_007/_mt_svp_simple_007_001_result/_cs_svp_simple_007_001_global_array[2]_wwr_mt_svp_simple_007_001.c line 294 function svp_simple_007_001_isr_1_0 thread 0
----------------------------------------------------
  __cs_value_ptr=NULL (0000000000000000000000000000000000000000000000000000000000000000)

State 161 file /home/dell/zyworkspace/nichecker/Experiment/remarks2.1_LA_PPR/svp_simple_007/_mt_svp_simple_007_001_result/_cs_svp_simple_007_001_global_array[2]_wwr_mt_svp_simple_007_001.c line 503 function main thread 0
----------------------------------------------------
  __cs_pc[2l]=1 (001)

State 162 file /home/dell/zyworkspace/nichecker/Experiment/remarks2.1_LA_PPR/svp_simple_007/_mt_svp_simple_007_001_result/_cs_svp_simple_007_001_global_array[2]_wwr_mt_svp_simple_007_001.c line 507 function main thread 0
----------------------------------------------------
  __cs_tmp_t1_r2=5u (00000000000000000000000000000101)

State 164 file /home/dell/zyworkspace/nichecker/Experiment/remarks2.1_LA_PPR/svp_simple_007/_mt_svp_simple_007_001_result/_cs_svp_simple_007_001_global_array[2]_wwr_mt_svp_simple_007_001.c line 512 function main thread 0
----------------------------------------------------
  __cs_thread_index=1 (01)

State 165 file /home/dell/zyworkspace/nichecker/Experiment/remarks2.1_LA_PPR/svp_simple_007/_mt_svp_simple_007_001_result/_cs_svp_simple_007_001_global_array[2]_wwr_mt_svp_simple_007_001.c line 514 function main thread 0
----------------------------------------------------
  __cs_pc_cs[1l]=5 (101)

State 170 file /home/dell/zyworkspace/nichecker/Experiment/remarks2.1_LA_PPR/svp_simple_007/_mt_svp_simple_007_001_result/_cs_svp_simple_007_001_global_array[2]_wwr_mt_svp_simple_007_001.c line 520 function main thread 0
----------------------------------------------------
  __cs_param_main_task_arg=NULL (0000000000000000000000000000000000000000000000000000000000000000)

State 177 file /home/dell/zyworkspace/nichecker/Experiment/remarks2.1_LA_PPR/svp_simple_007/_mt_svp_simple_007_001_result/_cs_svp_simple_007_001_global_array[2]_wwr_mt_svp_simple_007_001.c line 391 function main_task_0 thread 0
----------------------------------------------------
  __cs_local_main_task_reader1=9 (00000000000000000000000000001001)

State 178 file /home/dell/zyworkspace/nichecker/Experiment/remarks2.1_LA_PPR/svp_simple_007/_mt_svp_simple_007_001_result/_cs_svp_simple_007_001_global_array[2]_wwr_mt_svp_simple_007_001.c line 393 function main_task_0 thread 0
----------------------------------------------------
  wwr_r2=9 (00000000000000000000000000001001)

Violated property:
  file /home/dell/zyworkspace/nichecker/Experiment/remarks2.1_LA_PPR/svp_simple_007/_mt_svp_simple_007_001_result/_cs_svp_simple_007_001_global_array[2]_wwr_mt_svp_simple_007_001.c line 395 function main_task_0
  assertion wwr_r2 == wwr_w_tmp1
  wwr_r2 == wwr_w_tmp1


** 1 of 2 failed (2 iterations)
VERIFICATION FAILED
