2023-10-15 16:23:07
SVPCheck: True	LoopAbstraction: True	LabelReduction: False	Slice: True	

SVPCheck var: svp_simple_016_001_global_var1	pattern: rwr
--------------------------Run start-------------------------------
inliner
slice
LoopAbstraction
unroller
insertLabel
lazyseq
feeder  0.183
[91mUNSAFE[0m, counterexample: 2, time: 2.498 s, memory: 28.92 MB
--------------------------Run end---------------------------------
SVPCheck var: svp_simple_016_001_global_var1	pattern: wwr
--------------------------Run start-------------------------------
inliner
slice
LoopAbstraction
unroller
insertLabel
lazyseq
feeder  0.177
[91mUNSAFE[0m, counterexample: 1, time: 2.480 s, memory: 28.98 MB
--------------------------Run end---------------------------------
cbmcTimeSum: 0.36
modulesTimeSum: 4.978
