CBMC version 5.6 64-bit x86_64 linux
Parsing /home/dell/zyworkspace/nichecker/Experiment/remarks2.1_LA_Slicing_PPR/svp_simple_002/_mt_svp_simple_002_001_result/_cs_svp_simple_002_001_global_array[9999]_wwr_mt_svp_simple_002_001.c
<command-line>: warning: "__STDC_VERSION__" redefined
<built-in>: note: this is the location of the previous definition
Converting
Type-checking _cs_svp_simple_002_001_global_array[9999]_wwr_mt_svp_simple_002_001
file /home/dell/zyworkspace/nichecker/Experiment/remarks2.1_LA_Slicing_PPR/svp_simple_002/_mt_svp_simple_002_001_result/_cs_svp_simple_002_001_global_array[9999]_wwr_mt_svp_simple_002_001.c line 424 function svp_simple_002_001_isr_1_0: function `assert' is not declared
Generating GOTO Program
Adding CPROVER library (x86_64)
Removal of function pointers and virtual functions
Partial Inlining
Generic Property Instrumentation
Starting Bounded Model Checking
**** WARNING: no body for function enable_isr
size of program expression: 754 steps
simple slicing removed 89 assignments
Generated 2 VCC(s), 2 remaining after simplification
Passing problem to propositional reduction
converting SSA
Running propositional reduction
Post-processing
Solving with MiniSAT 2.2.1 with simplifier
3864 variables, 13659 clauses
SAT checker: instance is SATISFIABLE
Runtime decision procedure: 0.432s

** Results:
[svp_simple_002_001_isr_1_0.assertion.1] assertion wwr_r1 == wwr_w_tmp2: FAILURE

Trace for svp_simple_002_001_isr_1_0.assertion.1:

State 52 file /home/dell/zyworkspace/nichecker/Experiment/remarks2.1_LA_Slicing_PPR/svp_simple_002/_mt_svp_simple_002_001_result/_cs_svp_simple_002_001_global_array[9999]_wwr_mt_svp_simple_002_001.c line 481 function main thread 0
----------------------------------------------------
  __cs_tmp_t1_r0=2 (10)

State 54 file /home/dell/zyworkspace/nichecker/Experiment/remarks2.1_LA_Slicing_PPR/svp_simple_002/_mt_svp_simple_002_001_result/_cs_svp_simple_002_001_global_array[9999]_wwr_mt_svp_simple_002_001.c line 485 function main thread 0
----------------------------------------------------
  __cs_thread_index=1 (001)

State 55 file /home/dell/zyworkspace/nichecker/Experiment/remarks2.1_LA_Slicing_PPR/svp_simple_002/_mt_svp_simple_002_001_result/_cs_svp_simple_002_001_global_array[9999]_wwr_mt_svp_simple_002_001.c line 487 function main thread 0
----------------------------------------------------
  __cs_pc_cs[1l]=2 (010)

State 60 file /home/dell/zyworkspace/nichecker/Experiment/remarks2.1_LA_Slicing_PPR/svp_simple_002/_mt_svp_simple_002_001_result/_cs_svp_simple_002_001_global_array[9999]_wwr_mt_svp_simple_002_001.c line 493 function main thread 0
----------------------------------------------------
  __cs_param_main_task_arg=NULL (0000000000000000000000000000000000000000000000000000000000000000)

State 65 file /home/dell/zyworkspace/nichecker/Experiment/remarks2.1_LA_Slicing_PPR/svp_simple_002/_mt_svp_simple_002_001_result/_cs_svp_simple_002_001_global_array[9999]_wwr_mt_svp_simple_002_001.c line 181 function main_task_0 thread 0
----------------------------------------------------
  __cs_disable_thread[3l]=0 (0)

State 66 file /home/dell/zyworkspace/nichecker/Experiment/remarks2.1_LA_Slicing_PPR/svp_simple_002/_mt_svp_simple_002_001_result/_cs_svp_simple_002_001_global_array[9999]_wwr_mt_svp_simple_002_001.c line 184 function main_task_0 thread 0
----------------------------------------------------
  __cs_disable_thread[2l]=0 (0)

State 67 file /home/dell/zyworkspace/nichecker/Experiment/remarks2.1_LA_Slicing_PPR/svp_simple_002/_mt_svp_simple_002_001_result/_cs_svp_simple_002_001_global_array[9999]_wwr_mt_svp_simple_002_001.c line 187 function main_task_0 thread 0
----------------------------------------------------
  __cs_disable_thread[0l]=0 (0)

State 69 file /home/dell/zyworkspace/nichecker/Experiment/remarks2.1_LA_Slicing_PPR/svp_simple_002/_mt_svp_simple_002_001_result/_cs_svp_simple_002_001_global_array[9999]_wwr_mt_svp_simple_002_001.c line 199 function main_task_0 thread 0
----------------------------------------------------
  __cs_local_main_task_i=0 (00000000000000000000000000000000)

State 73 file /home/dell/zyworkspace/nichecker/Experiment/remarks2.1_LA_Slicing_PPR/svp_simple_002/_mt_svp_simple_002_001_result/_cs_svp_simple_002_001_global_array[9999]_wwr_mt_svp_simple_002_001.c line 214 function main_task_0 thread 0
----------------------------------------------------
  __cs_value_ptr=NULL (0000000000000000000000000000000000000000000000000000000000000000)

State 78 file /home/dell/zyworkspace/nichecker/Experiment/remarks2.1_LA_Slicing_PPR/svp_simple_002/_mt_svp_simple_002_001_result/_cs_svp_simple_002_001_global_array[9999]_wwr_mt_svp_simple_002_001.c line 495 function main thread 0
----------------------------------------------------
  __cs_pc[1l]=2 (010)

State 79 file /home/dell/zyworkspace/nichecker/Experiment/remarks2.1_LA_Slicing_PPR/svp_simple_002/_mt_svp_simple_002_001_result/_cs_svp_simple_002_001_global_array[9999]_wwr_mt_svp_simple_002_001.c line 501 function main thread 0
----------------------------------------------------
  __cs_tmp_t2_r0=3 (011)

State 81 file /home/dell/zyworkspace/nichecker/Experiment/remarks2.1_LA_Slicing_PPR/svp_simple_002/_mt_svp_simple_002_001_result/_cs_svp_simple_002_001_global_array[9999]_wwr_mt_svp_simple_002_001.c line 506 function main thread 0
----------------------------------------------------
  __cs_thread_index=2 (010)

State 82 file /home/dell/zyworkspace/nichecker/Experiment/remarks2.1_LA_Slicing_PPR/svp_simple_002/_mt_svp_simple_002_001_result/_cs_svp_simple_002_001_global_array[9999]_wwr_mt_svp_simple_002_001.c line 508 function main thread 0
----------------------------------------------------
  __cs_pc_cs[2l]=3 (011)

State 87 file /home/dell/zyworkspace/nichecker/Experiment/remarks2.1_LA_Slicing_PPR/svp_simple_002/_mt_svp_simple_002_001_result/_cs_svp_simple_002_001_global_array[9999]_wwr_mt_svp_simple_002_001.c line 514 function main thread 0
----------------------------------------------------
  __cs_param_svp_simple_002_001_isr_1_arg=NULL (0000000000000000000000000000000000000000000000000000000000000000)

State 89 file /home/dell/zyworkspace/nichecker/Experiment/remarks2.1_LA_Slicing_PPR/svp_simple_002/_mt_svp_simple_002_001_result/_cs_svp_simple_002_001_global_array[9999]_wwr_mt_svp_simple_002_001.c line 232 function svp_simple_002_001_isr_1_0 thread 0
----------------------------------------------------
  __cs_local_svp_simple_002_001_isr_1_i=0 (00000000000000000000000000000000)

State 90 file /home/dell/zyworkspace/nichecker/Experiment/remarks2.1_LA_Slicing_PPR/svp_simple_002/_mt_svp_simple_002_001_result/_cs_svp_simple_002_001_global_array[9999]_wwr_mt_svp_simple_002_001.c line 239 function svp_simple_002_001_isr_1_0 thread 0
----------------------------------------------------
  __cs_local_svp_simple_002_001_isr_1_t_1=0 (00000000000000000000000000000000)

State 92 file /home/dell/zyworkspace/nichecker/Experiment/remarks2.1_LA_Slicing_PPR/svp_simple_002/_mt_svp_simple_002_001_result/_cs_svp_simple_002_001_global_array[9999]_wwr_mt_svp_simple_002_001.c line 257 function svp_simple_002_001_isr_1_0 thread 0
----------------------------------------------------
  __cs_local_svp_simple_002_001_isr_1_loop_1_IOVar1=0 (00000000000000000000000000000000)

State 93 file /home/dell/zyworkspace/nichecker/Experiment/remarks2.1_LA_Slicing_PPR/svp_simple_002/_mt_svp_simple_002_001_result/_cs_svp_simple_002_001_global_array[9999]_wwr_mt_svp_simple_002_001.c line 259 function svp_simple_002_001_isr_1_0 thread 0
----------------------------------------------------
  __cs_local_svp_simple_002_001_isr_1_loop_1_block_3=9998 (00000000000000000010011100001110)

State 94 file /home/dell/zyworkspace/nichecker/Experiment/remarks2.1_LA_Slicing_PPR/svp_simple_002/_mt_svp_simple_002_001_result/_cs_svp_simple_002_001_global_array[9999]_wwr_mt_svp_simple_002_001.c line 261 function svp_simple_002_001_isr_1_0 thread 0
----------------------------------------------------
  __cs_local_svp_simple_002_001_isr_1_i=9998 (00000000000000000010011100001110)

State 97 file /home/dell/zyworkspace/nichecker/Experiment/remarks2.1_LA_Slicing_PPR/svp_simple_002/_mt_svp_simple_002_001_result/_cs_svp_simple_002_001_global_array[9999]_wwr_mt_svp_simple_002_001.c line 271 function svp_simple_002_001_isr_1_0 thread 0
----------------------------------------------------
  __cs_local_svp_simple_002_001_isr_1___cs_tmp_if_cond_0=FALSE (00000000)

State 100 file /home/dell/zyworkspace/nichecker/Experiment/remarks2.1_LA_Slicing_PPR/svp_simple_002/_mt_svp_simple_002_001_result/_cs_svp_simple_002_001_global_array[9999]_wwr_mt_svp_simple_002_001.c line 292 function svp_simple_002_001_isr_1_0 thread 0
----------------------------------------------------
  __cs_local_svp_simple_002_001_isr_1___cs_tmp_if_cond_1=FALSE (00000000)

State 103 file /home/dell/zyworkspace/nichecker/Experiment/remarks2.1_LA_Slicing_PPR/svp_simple_002/_mt_svp_simple_002_001_result/_cs_svp_simple_002_001_global_array[9999]_wwr_mt_svp_simple_002_001.c line 314 function svp_simple_002_001_isr_1_0 thread 0
----------------------------------------------------
  __cs_local_svp_simple_002_001_isr_1_i=9999 (00000000000000000010011100001111)

State 104 file /home/dell/zyworkspace/nichecker/Experiment/remarks2.1_LA_Slicing_PPR/svp_simple_002/_mt_svp_simple_002_001_result/_cs_svp_simple_002_001_global_array[9999]_wwr_mt_svp_simple_002_001.c line 319 function svp_simple_002_001_isr_1_0 thread 0
----------------------------------------------------
  __cs_local_svp_simple_002_001_isr_1_t_1=1 (00000000000000000000000000000001)

State 106 file /home/dell/zyworkspace/nichecker/Experiment/remarks2.1_LA_Slicing_PPR/svp_simple_002/_mt_svp_simple_002_001_result/_cs_svp_simple_002_001_global_array[9999]_wwr_mt_svp_simple_002_001.c line 337 function svp_simple_002_001_isr_1_0 thread 0
----------------------------------------------------
  __cs_local_svp_simple_002_001_isr_1_loop_1_IOVar1=9999 (00000000000000000010011100001111)

State 107 file /home/dell/zyworkspace/nichecker/Experiment/remarks2.1_LA_Slicing_PPR/svp_simple_002/_mt_svp_simple_002_001_result/_cs_svp_simple_002_001_global_array[9999]_wwr_mt_svp_simple_002_001.c line 339 function svp_simple_002_001_isr_1_0 thread 0
----------------------------------------------------
  __cs_local_svp_simple_002_001_isr_1_loop_1_block_3=0 (00000000000000000000000000000000)

State 108 file /home/dell/zyworkspace/nichecker/Experiment/remarks2.1_LA_Slicing_PPR/svp_simple_002/_mt_svp_simple_002_001_result/_cs_svp_simple_002_001_global_array[9999]_wwr_mt_svp_simple_002_001.c line 341 function svp_simple_002_001_isr_1_0 thread 0
----------------------------------------------------
  __cs_local_svp_simple_002_001_isr_1_i=9999 (00000000000000000010011100001111)

State 111 file /home/dell/zyworkspace/nichecker/Experiment/remarks2.1_LA_Slicing_PPR/svp_simple_002/_mt_svp_simple_002_001_result/_cs_svp_simple_002_001_global_array[9999]_wwr_mt_svp_simple_002_001.c line 351 function svp_simple_002_001_isr_1_0 thread 0
----------------------------------------------------
  __cs_local_svp_simple_002_001_isr_1___cs_tmp_if_cond_0=TRUE (00000001)

State 113 file /home/dell/zyworkspace/nichecker/Experiment/remarks2.1_LA_Slicing_PPR/svp_simple_002/_mt_svp_simple_002_001_result/_cs_svp_simple_002_001_global_array[9999]_wwr_mt_svp_simple_002_001.c line 357 function svp_simple_002_001_isr_1_0 thread 0
----------------------------------------------------
  svp_simple_002_001_global_array[9999l]=1 (00000000000000000000000000000001)

State 114 file /home/dell/zyworkspace/nichecker/Experiment/remarks2.1_LA_Slicing_PPR/svp_simple_002/_mt_svp_simple_002_001_result/_cs_svp_simple_002_001_global_array[9999]_wwr_mt_svp_simple_002_001.c line 359 function svp_simple_002_001_isr_1_0 thread 0
----------------------------------------------------
  wwr_w_tmp2_num=1 (00000000000000000000000000000001)

State 115 file /home/dell/zyworkspace/nichecker/Experiment/remarks2.1_LA_Slicing_PPR/svp_simple_002/_mt_svp_simple_002_001_result/_cs_svp_simple_002_001_global_array[9999]_wwr_mt_svp_simple_002_001.c line 360 function svp_simple_002_001_isr_1_0 thread 0
----------------------------------------------------
  wwr_w_tmp2=1 (00000000000000000000000000000001)

State 121 file /home/dell/zyworkspace/nichecker/Experiment/remarks2.1_LA_Slicing_PPR/svp_simple_002/_mt_svp_simple_002_001_result/_cs_svp_simple_002_001_global_array[9999]_wwr_mt_svp_simple_002_001.c line 440 function svp_simple_002_001_isr_1_0 thread 0
----------------------------------------------------
  __cs_value_ptr=NULL (0000000000000000000000000000000000000000000000000000000000000000)

State 126 file /home/dell/zyworkspace/nichecker/Experiment/remarks2.1_LA_Slicing_PPR/svp_simple_002/_mt_svp_simple_002_001_result/_cs_svp_simple_002_001_global_array[9999]_wwr_mt_svp_simple_002_001.c line 516 function main thread 0
----------------------------------------------------
  __cs_pc[2l]=3 (011)

State 127 file /home/dell/zyworkspace/nichecker/Experiment/remarks2.1_LA_Slicing_PPR/svp_simple_002/_mt_svp_simple_002_001_result/_cs_svp_simple_002_001_global_array[9999]_wwr_mt_svp_simple_002_001.c line 522 function main thread 0
----------------------------------------------------
  __cs_tmp_t3_r0=1 (1)

State 129 file /home/dell/zyworkspace/nichecker/Experiment/remarks2.1_LA_Slicing_PPR/svp_simple_002/_mt_svp_simple_002_001_result/_cs_svp_simple_002_001_global_array[9999]_wwr_mt_svp_simple_002_001.c line 527 function main thread 0
----------------------------------------------------
  __cs_thread_index=3 (011)

State 130 file /home/dell/zyworkspace/nichecker/Experiment/remarks2.1_LA_Slicing_PPR/svp_simple_002/_mt_svp_simple_002_001_result/_cs_svp_simple_002_001_global_array[9999]_wwr_mt_svp_simple_002_001.c line 529 function main thread 0
----------------------------------------------------
  __cs_pc_cs[3l]=1 (001)

State 135 file /home/dell/zyworkspace/nichecker/Experiment/remarks2.1_LA_Slicing_PPR/svp_simple_002/_mt_svp_simple_002_001_result/_cs_svp_simple_002_001_global_array[9999]_wwr_mt_svp_simple_002_001.c line 535 function main thread 0
----------------------------------------------------
  __cs_param_svp_simple_002_001_isr_2_arg=NULL (0000000000000000000000000000000000000000000000000000000000000000)

State 137 file /home/dell/zyworkspace/nichecker/Experiment/remarks2.1_LA_Slicing_PPR/svp_simple_002/_mt_svp_simple_002_001_result/_cs_svp_simple_002_001_global_array[9999]_wwr_mt_svp_simple_002_001.c line 453 function svp_simple_002_001_isr_2_0 thread 0
----------------------------------------------------
  __cs_local_svp_simple_002_001_isr_2_i=0 (00000000000000000000000000000000)

State 138 file /home/dell/zyworkspace/nichecker/Experiment/remarks2.1_LA_Slicing_PPR/svp_simple_002/_mt_svp_simple_002_001_result/_cs_svp_simple_002_001_global_array[9999]_wwr_mt_svp_simple_002_001.c line 458 function svp_simple_002_001_isr_2_0 thread 0
----------------------------------------------------
  svp_simple_002_001_global_array[9999l]=999 (00000000000000000000001111100111)

State 142 file /home/dell/zyworkspace/nichecker/Experiment/remarks2.1_LA_Slicing_PPR/svp_simple_002/_mt_svp_simple_002_001_result/_cs_svp_simple_002_001_global_array[9999]_wwr_mt_svp_simple_002_001.c line 469 function svp_simple_002_001_isr_2_0 thread 0
----------------------------------------------------
  __cs_value_ptr=NULL (0000000000000000000000000000000000000000000000000000000000000000)

State 147 file /home/dell/zyworkspace/nichecker/Experiment/remarks2.1_LA_Slicing_PPR/svp_simple_002/_mt_svp_simple_002_001_result/_cs_svp_simple_002_001_global_array[9999]_wwr_mt_svp_simple_002_001.c line 537 function main thread 0
----------------------------------------------------
  __cs_pc[3l]=1 (001)

State 148 file /home/dell/zyworkspace/nichecker/Experiment/remarks2.1_LA_Slicing_PPR/svp_simple_002/_mt_svp_simple_002_001_result/_cs_svp_simple_002_001_global_array[9999]_wwr_mt_svp_simple_002_001.c line 547 function main thread 0
----------------------------------------------------
  __cs_tmp_t1_r1=0 (00)

State 154 file /home/dell/zyworkspace/nichecker/Experiment/remarks2.1_LA_Slicing_PPR/svp_simple_002/_mt_svp_simple_002_001_result/_cs_svp_simple_002_001_global_array[9999]_wwr_mt_svp_simple_002_001.c line 568 function main thread 0
----------------------------------------------------
  __cs_tmp_t2_r1=6 (110)

State 156 file /home/dell/zyworkspace/nichecker/Experiment/remarks2.1_LA_Slicing_PPR/svp_simple_002/_mt_svp_simple_002_001_result/_cs_svp_simple_002_001_global_array[9999]_wwr_mt_svp_simple_002_001.c line 573 function main thread 0
----------------------------------------------------
  __cs_thread_index=2 (010)

State 157 file /home/dell/zyworkspace/nichecker/Experiment/remarks2.1_LA_Slicing_PPR/svp_simple_002/_mt_svp_simple_002_001_result/_cs_svp_simple_002_001_global_array[9999]_wwr_mt_svp_simple_002_001.c line 575 function main thread 0
----------------------------------------------------
  __cs_pc_cs[2l]=6 (110)

State 162 file /home/dell/zyworkspace/nichecker/Experiment/remarks2.1_LA_Slicing_PPR/svp_simple_002/_mt_svp_simple_002_001_result/_cs_svp_simple_002_001_global_array[9999]_wwr_mt_svp_simple_002_001.c line 581 function main thread 0
----------------------------------------------------
  __cs_param_svp_simple_002_001_isr_1_arg=NULL (0000000000000000000000000000000000000000000000000000000000000000)

State 168 file /home/dell/zyworkspace/nichecker/Experiment/remarks2.1_LA_Slicing_PPR/svp_simple_002/_mt_svp_simple_002_001_result/_cs_svp_simple_002_001_global_array[9999]_wwr_mt_svp_simple_002_001.c line 372 function svp_simple_002_001_isr_1_0 thread 0
----------------------------------------------------
  __cs_local_svp_simple_002_001_isr_1___cs_tmp_if_cond_1=FALSE (00000000)

State 171 file /home/dell/zyworkspace/nichecker/Experiment/remarks2.1_LA_Slicing_PPR/svp_simple_002/_mt_svp_simple_002_001_result/_cs_svp_simple_002_001_global_array[9999]_wwr_mt_svp_simple_002_001.c line 394 function svp_simple_002_001_isr_1_0 thread 0
----------------------------------------------------
  __cs_local_svp_simple_002_001_isr_1_i=10000 (00000000000000000010011100010000)

State 172 file /home/dell/zyworkspace/nichecker/Experiment/remarks2.1_LA_Slicing_PPR/svp_simple_002/_mt_svp_simple_002_001_result/_cs_svp_simple_002_001_global_array[9999]_wwr_mt_svp_simple_002_001.c line 399 function svp_simple_002_001_isr_1_0 thread 0
----------------------------------------------------
  __cs_local_svp_simple_002_001_isr_1_t_1=2 (00000000000000000000000000000010)

State 173 file /home/dell/zyworkspace/nichecker/Experiment/remarks2.1_LA_Slicing_PPR/svp_simple_002/_mt_svp_simple_002_001_result/_cs_svp_simple_002_001_global_array[9999]_wwr_mt_svp_simple_002_001.c line 402 function svp_simple_002_001_isr_1_0 thread 0
----------------------------------------------------
  __cs_loop_1=FALSE (00000000)

State 178 file /home/dell/zyworkspace/nichecker/Experiment/remarks2.1_LA_Slicing_PPR/svp_simple_002/_mt_svp_simple_002_001_result/_cs_svp_simple_002_001_global_array[9999]_wwr_mt_svp_simple_002_001.c line 420 function svp_simple_002_001_isr_1_0 thread 0
----------------------------------------------------
  __cs_local_svp_simple_002_001_isr_1_mininum=989 (00000000000000000000001111011101)

State 179 file /home/dell/zyworkspace/nichecker/Experiment/remarks2.1_LA_Slicing_PPR/svp_simple_002/_mt_svp_simple_002_001_result/_cs_svp_simple_002_001_global_array[9999]_wwr_mt_svp_simple_002_001.c line 422 function svp_simple_002_001_isr_1_0 thread 0
----------------------------------------------------
  wwr_r1=999 (00000000000000000000001111100111)

Violated property:
  file /home/dell/zyworkspace/nichecker/Experiment/remarks2.1_LA_Slicing_PPR/svp_simple_002/_mt_svp_simple_002_001_result/_cs_svp_simple_002_001_global_array[9999]_wwr_mt_svp_simple_002_001.c line 424 function svp_simple_002_001_isr_1_0
  assertion wwr_r1 == wwr_w_tmp2
  wwr_r1 == wwr_w_tmp2


** 1 of 1 failed (1 iteration)
VERIFICATION FAILED
