IntBool

[]

IntEq

[svp_simple_003_001_global_var1, svp_simple_003_001_global_var2, svp_simple_003_001_main::reader4, svp_simple_003_001_main::reader3, svp_simple_003_001_main::reader2, svp_simple_003_001_global_flag, svp_simple_003_001_main::reader1, svp_simple_003_001_global_flag1]

IntAdd

[idlerun::i, svp_simple_003_001_main::j, svp_simple_003_001_main::j__1, svp_simple_003_001_main::i, svp_simple_003_001_main::i__1]

IntOverflow

[idlerun::i, svp_simple_003_001_main::j, svp_simple_003_001_main::j__1, svp_simple_003_001_main::i, svp_simple_003_001_main::i__1]

ALL

[idlerun::i, svp_simple_003_001_main::reader4, svp_simple_003_001_main::j__1, svp_simple_003_001_main::reader3, svp_simple_003_001_main::reader2, svp_simple_003_001_global_flag, svp_simple_003_001_main::reader1, svp_simple_003_001_main::i__1, svp_simple_003_001_global_var1, svp_simple_003_001_global_var2, svp_simple_003_001_main::j, svp_simple_003_001_main::i, svp_simple_003_001_global_flag1]

DEPENDENCIES

[[idlerun::i] --> [0, 1, 10],
[svp_simple_003_001_global_var2, svp_simple_003_001_main::reader3, svp_simple_003_001_main::reader4] --> [0, 999],
[svp_simple_003_001_global_flag] --> [1],
[svp_simple_003_001_global_var1, svp_simple_003_001_main::reader1, svp_simple_003_001_main::reader2] --> [0, 888, 999],
[svp_simple_003_001_global_flag1] --> [0, 2],
[svp_simple_003_001_main::i] --> [0, 1, 99, 100],
[svp_simple_003_001_main::j] --> [0, 1, 99, 100],
[svp_simple_003_001_main::i__1] --> [0, 1, 99, 100],
[svp_simple_003_001_main::j__1] --> [0, 1, 99, 100]]

RELEVANT VARS

[idlerun::i, svp_simple_003_001_main::j, svp_simple_003_001_main::j__1, svp_simple_003_001_main::i, svp_simple_003_001_main::i__1, svp_simple_003_001_global_flag1, svp_simple_003_001_global_flag]

RELEVANT FIELDS

{}
