CBMC version 5.6 64-bit x86_64 linux
Parsing /home/dell/zyworkspace/nichecker/Experiment/remarks2.1_LA_PPR/svp_simple_030/_mt_svp_simple_030_001_result/_cs_svp_simple_030_001_gloable_var_rww_mt_svp_simple_030_001.c
<command-line>: warning: "__STDC_VERSION__" redefined
<built-in>: note: this is the location of the previous definition
Converting
Type-checking _cs_svp_simple_030_001_gloable_var_rww_mt_svp_simple_030_001
file /home/dell/zyworkspace/nichecker/Experiment/remarks2.1_LA_PPR/svp_simple_030/_mt_svp_simple_030_001_result/_cs_svp_simple_030_001_gloable_var_rww_mt_svp_simple_030_001.c line 204 function main_task_0: function `nondet_rand' is not declared
file /home/dell/zyworkspace/nichecker/Experiment/remarks2.1_LA_PPR/svp_simple_030/_mt_svp_simple_030_001_result/_cs_svp_simple_030_001_gloable_var_rww_mt_svp_simple_030_001.c line 259 function main_task_0: function `assert' is not declared
Generating GOTO Program
Adding CPROVER library (x86_64)
Removal of function pointers and virtual functions
Partial Inlining
Generic Property Instrumentation
Starting Bounded Model Checking
**** WARNING: no body for function disable_isr
**** WARNING: no body for function enable_isr
size of program expression: 896 steps
simple slicing removed 40 assignments
Generated 7 VCC(s), 7 remaining after simplification
Passing problem to propositional reduction
converting SSA
Running propositional reduction
Post-processing
Solving with MiniSAT 2.2.1 with simplifier
6527 variables, 20134 clauses
SAT checker: instance is SATISFIABLE
Solving with MiniSAT 2.2.1 with simplifier
6527 variables, 7103 clauses
SAT checker: instance is UNSATISFIABLE
Runtime decision procedure: 0.043s

** Results:
[main_task_0.assertion.1] assertion rww_w1 == rww_r_tmp1: FAILURE
[svp_simple_030_001_isr_1_0.assertion.1] assertion rww_w2 == rww_r_tmp2: SUCCESS
[svp_simple_030_001_isr_2_0.assertion.1] assertion rww_w3 == rww_r_tmp3: SUCCESS

Trace for main_task_0.assertion.1:

State 49 file /home/dell/zyworkspace/nichecker/Experiment/remarks2.1_LA_PPR/svp_simple_030/_mt_svp_simple_030_001_result/_cs_svp_simple_030_001_gloable_var_rww_mt_svp_simple_030_001.c line 436 function main thread 0
----------------------------------------------------
  __cs_tmp_t1_r0=1 (001)

State 51 file /home/dell/zyworkspace/nichecker/Experiment/remarks2.1_LA_PPR/svp_simple_030/_mt_svp_simple_030_001_result/_cs_svp_simple_030_001_gloable_var_rww_mt_svp_simple_030_001.c line 440 function main thread 0
----------------------------------------------------
  __cs_thread_index=1 (001)

State 52 file /home/dell/zyworkspace/nichecker/Experiment/remarks2.1_LA_PPR/svp_simple_030/_mt_svp_simple_030_001_result/_cs_svp_simple_030_001_gloable_var_rww_mt_svp_simple_030_001.c line 442 function main thread 0
----------------------------------------------------
  __cs_pc_cs[1l]=1 (001)

State 57 file /home/dell/zyworkspace/nichecker/Experiment/remarks2.1_LA_PPR/svp_simple_030/_mt_svp_simple_030_001_result/_cs_svp_simple_030_001_gloable_var_rww_mt_svp_simple_030_001.c line 448 function main thread 0
----------------------------------------------------
  __cs_param_main_task_arg=NULL (0000000000000000000000000000000000000000000000000000000000000000)

State 62 file /home/dell/zyworkspace/nichecker/Experiment/remarks2.1_LA_PPR/svp_simple_030/_mt_svp_simple_030_001_result/_cs_svp_simple_030_001_gloable_var_rww_mt_svp_simple_030_001.c line 190 function main_task_0 thread 0
----------------------------------------------------
  __cs_disable_thread[4l]=1 (1)

State 63 file /home/dell/zyworkspace/nichecker/Experiment/remarks2.1_LA_PPR/svp_simple_030/_mt_svp_simple_030_001_result/_cs_svp_simple_030_001_gloable_var_rww_mt_svp_simple_030_001.c line 193 function main_task_0 thread 0
----------------------------------------------------
  __cs_disable_thread[3l]=1 (1)

State 64 file /home/dell/zyworkspace/nichecker/Experiment/remarks2.1_LA_PPR/svp_simple_030/_mt_svp_simple_030_001_result/_cs_svp_simple_030_001_gloable_var_rww_mt_svp_simple_030_001.c line 196 function main_task_0 thread 0
----------------------------------------------------
  __cs_disable_thread[2l]=1 (1)

State 65 file /home/dell/zyworkspace/nichecker/Experiment/remarks2.1_LA_PPR/svp_simple_030/_mt_svp_simple_030_001_result/_cs_svp_simple_030_001_gloable_var_rww_mt_svp_simple_030_001.c line 199 function main_task_0 thread 0
----------------------------------------------------
  __cs_disable_thread[0l]=1 (1)

State 66 file /home/dell/zyworkspace/nichecker/Experiment/remarks2.1_LA_PPR/svp_simple_030/_mt_svp_simple_030_001_result/_cs_svp_simple_030_001_gloable_var_rww_mt_svp_simple_030_001.c line 204 function main_task_0 thread 0
----------------------------------------------------
  svp_simple_030_001_gloable_var=781153252 (00101110100011110111001111100100)

State 74 file /home/dell/zyworkspace/nichecker/Experiment/remarks2.1_LA_PPR/svp_simple_030/_mt_svp_simple_030_001_result/_cs_svp_simple_030_001_gloable_var_rww_mt_svp_simple_030_001.c line 285 function main_task_0 thread 0
----------------------------------------------------
  __cs_value_ptr=NULL (0000000000000000000000000000000000000000000000000000000000000000)

State 79 file /home/dell/zyworkspace/nichecker/Experiment/remarks2.1_LA_PPR/svp_simple_030/_mt_svp_simple_030_001_result/_cs_svp_simple_030_001_gloable_var_rww_mt_svp_simple_030_001.c line 450 function main thread 0
----------------------------------------------------
  __cs_pc[1l]=1 (001)

State 80 file /home/dell/zyworkspace/nichecker/Experiment/remarks2.1_LA_PPR/svp_simple_030/_mt_svp_simple_030_001_result/_cs_svp_simple_030_001_gloable_var_rww_mt_svp_simple_030_001.c line 456 function main thread 0
----------------------------------------------------
  __cs_tmp_t2_r0=7 (111)

State 82 file /home/dell/zyworkspace/nichecker/Experiment/remarks2.1_LA_PPR/svp_simple_030/_mt_svp_simple_030_001_result/_cs_svp_simple_030_001_gloable_var_rww_mt_svp_simple_030_001.c line 477 function main thread 0
----------------------------------------------------
  __cs_tmp_t3_r0=0 (000)

State 84 file /home/dell/zyworkspace/nichecker/Experiment/remarks2.1_LA_PPR/svp_simple_030/_mt_svp_simple_030_001_result/_cs_svp_simple_030_001_gloable_var_rww_mt_svp_simple_030_001.c line 498 function main thread 0
----------------------------------------------------
  __cs_tmp_t4_r0=0 (0)

State 86 file /home/dell/zyworkspace/nichecker/Experiment/remarks2.1_LA_PPR/svp_simple_030/_mt_svp_simple_030_001_result/_cs_svp_simple_030_001_gloable_var_rww_mt_svp_simple_030_001.c line 523 function main thread 0
----------------------------------------------------
  __cs_tmp_t1_r1=4 (100)

State 98 file /home/dell/zyworkspace/nichecker/Experiment/remarks2.1_LA_PPR/svp_simple_030/_mt_svp_simple_030_001_result/_cs_svp_simple_030_001_gloable_var_rww_mt_svp_simple_030_001.c line 528 function main thread 0
----------------------------------------------------
  __cs_thread_index=1 (001)

State 99 file /home/dell/zyworkspace/nichecker/Experiment/remarks2.1_LA_PPR/svp_simple_030/_mt_svp_simple_030_001_result/_cs_svp_simple_030_001_gloable_var_rww_mt_svp_simple_030_001.c line 530 function main thread 0
----------------------------------------------------
  __cs_pc_cs[1l]=4 (100)

State 104 file /home/dell/zyworkspace/nichecker/Experiment/remarks2.1_LA_PPR/svp_simple_030/_mt_svp_simple_030_001_result/_cs_svp_simple_030_001_gloable_var_rww_mt_svp_simple_030_001.c line 536 function main thread 0
----------------------------------------------------
  __cs_param_main_task_arg=NULL (0000000000000000000000000000000000000000000000000000000000000000)

State 107 file /home/dell/zyworkspace/nichecker/Experiment/remarks2.1_LA_PPR/svp_simple_030/_mt_svp_simple_030_001_result/_cs_svp_simple_030_001_gloable_var_rww_mt_svp_simple_030_001.c line 209 function main_task_0 thread 0
----------------------------------------------------
  svp_simple_030_001_isr_1_flag=32 (00000000000000000000000000100000)

State 112 file /home/dell/zyworkspace/nichecker/Experiment/remarks2.1_LA_PPR/svp_simple_030/_mt_svp_simple_030_001_result/_cs_svp_simple_030_001_gloable_var_rww_mt_svp_simple_030_001.c line 219 function main_task_0 thread 0
----------------------------------------------------
  __cs_disable_thread[4l]=1 (1)

State 113 file /home/dell/zyworkspace/nichecker/Experiment/remarks2.1_LA_PPR/svp_simple_030/_mt_svp_simple_030_001_result/_cs_svp_simple_030_001_gloable_var_rww_mt_svp_simple_030_001.c line 222 function main_task_0 thread 0
----------------------------------------------------
  __cs_disable_thread[3l]=1 (1)

State 114 file /home/dell/zyworkspace/nichecker/Experiment/remarks2.1_LA_PPR/svp_simple_030/_mt_svp_simple_030_001_result/_cs_svp_simple_030_001_gloable_var_rww_mt_svp_simple_030_001.c line 225 function main_task_0 thread 0
----------------------------------------------------
  __cs_disable_thread[2l]=1 (1)

State 115 file /home/dell/zyworkspace/nichecker/Experiment/remarks2.1_LA_PPR/svp_simple_030/_mt_svp_simple_030_001_result/_cs_svp_simple_030_001_gloable_var_rww_mt_svp_simple_030_001.c line 228 function main_task_0 thread 0
----------------------------------------------------
  __cs_disable_thread[0l]=1 (1)

State 119 file /home/dell/zyworkspace/nichecker/Experiment/remarks2.1_LA_PPR/svp_simple_030/_mt_svp_simple_030_001_result/_cs_svp_simple_030_001_gloable_var_rww_mt_svp_simple_030_001.c line 235 function main_task_0 thread 0
----------------------------------------------------
  __cs_disable_thread[2l]=0 (0)

State 121 file /home/dell/zyworkspace/nichecker/Experiment/remarks2.1_LA_PPR/svp_simple_030/_mt_svp_simple_030_001_result/_cs_svp_simple_030_001_gloable_var_rww_mt_svp_simple_030_001.c line 244 function main_task_0 thread 0
----------------------------------------------------
  __cs_local_main_task___cs_tmp_if_cond_0=TRUE (00000001)

State 122 file /home/dell/zyworkspace/nichecker/Experiment/remarks2.1_LA_PPR/svp_simple_030/_mt_svp_simple_030_001_result/_cs_svp_simple_030_001_gloable_var_rww_mt_svp_simple_030_001.c line 246 function main_task_0 thread 0
----------------------------------------------------
  rww_r_tmp1_num=1 (00000000000000000000000000000001)

State 123 file /home/dell/zyworkspace/nichecker/Experiment/remarks2.1_LA_PPR/svp_simple_030/_mt_svp_simple_030_001_result/_cs_svp_simple_030_001_gloable_var_rww_mt_svp_simple_030_001.c line 247 function main_task_0 thread 0
----------------------------------------------------
  rww_r_tmp1=781153252 (00101110100011110111001111100100)

State 128 file /home/dell/zyworkspace/nichecker/Experiment/remarks2.1_LA_PPR/svp_simple_030/_mt_svp_simple_030_001_result/_cs_svp_simple_030_001_gloable_var_rww_mt_svp_simple_030_001.c line 285 function main_task_0 thread 0
----------------------------------------------------
  __cs_value_ptr=NULL (0000000000000000000000000000000000000000000000000000000000000000)

State 133 file /home/dell/zyworkspace/nichecker/Experiment/remarks2.1_LA_PPR/svp_simple_030/_mt_svp_simple_030_001_result/_cs_svp_simple_030_001_gloable_var_rww_mt_svp_simple_030_001.c line 538 function main thread 0
----------------------------------------------------
  __cs_pc[1l]=4 (100)

State 134 file /home/dell/zyworkspace/nichecker/Experiment/remarks2.1_LA_PPR/svp_simple_030/_mt_svp_simple_030_001_result/_cs_svp_simple_030_001_gloable_var_rww_mt_svp_simple_030_001.c line 544 function main thread 0
----------------------------------------------------
  __cs_tmp_t2_r1=3 (011)

State 141 file /home/dell/zyworkspace/nichecker/Experiment/remarks2.1_LA_PPR/svp_simple_030/_mt_svp_simple_030_001_result/_cs_svp_simple_030_001_gloable_var_rww_mt_svp_simple_030_001.c line 549 function main thread 0
----------------------------------------------------
  __cs_thread_index=2 (010)

State 142 file /home/dell/zyworkspace/nichecker/Experiment/remarks2.1_LA_PPR/svp_simple_030/_mt_svp_simple_030_001_result/_cs_svp_simple_030_001_gloable_var_rww_mt_svp_simple_030_001.c line 551 function main thread 0
----------------------------------------------------
  __cs_pc_cs[2l]=3 (011)

State 147 file /home/dell/zyworkspace/nichecker/Experiment/remarks2.1_LA_PPR/svp_simple_030/_mt_svp_simple_030_001_result/_cs_svp_simple_030_001_gloable_var_rww_mt_svp_simple_030_001.c line 557 function main thread 0
----------------------------------------------------
  __cs_param_svp_simple_030_001_isr_1_arg=NULL (0000000000000000000000000000000000000000000000000000000000000000)

State 149 file /home/dell/zyworkspace/nichecker/Experiment/remarks2.1_LA_PPR/svp_simple_030/_mt_svp_simple_030_001_result/_cs_svp_simple_030_001_gloable_var_rww_mt_svp_simple_030_001.c line 298 function svp_simple_030_001_isr_1_0 thread 0
----------------------------------------------------
  __cs_temporary_0=0 (00000000000000000000000000000000)

State 151 file /home/dell/zyworkspace/nichecker/Experiment/remarks2.1_LA_PPR/svp_simple_030/_mt_svp_simple_030_001_result/_cs_svp_simple_030_001_gloable_var_rww_mt_svp_simple_030_001.c line 302 function svp_simple_030_001_isr_1_0 thread 0
----------------------------------------------------
  __cs_temporary_0=781153253 (00101110100011110111001111100101)

State 152 file /home/dell/zyworkspace/nichecker/Experiment/remarks2.1_LA_PPR/svp_simple_030/_mt_svp_simple_030_001_result/_cs_svp_simple_030_001_gloable_var_rww_mt_svp_simple_030_001.c line 304 function svp_simple_030_001_isr_1_0 thread 0
----------------------------------------------------
  rww_r_tmp2_num=1 (00000000000000000000000000000001)

State 153 file /home/dell/zyworkspace/nichecker/Experiment/remarks2.1_LA_PPR/svp_simple_030/_mt_svp_simple_030_001_result/_cs_svp_simple_030_001_gloable_var_rww_mt_svp_simple_030_001.c line 305 function svp_simple_030_001_isr_1_0 thread 0
----------------------------------------------------
  rww_r_tmp2=781153252 (00101110100011110111001111100100)

State 155 file /home/dell/zyworkspace/nichecker/Experiment/remarks2.1_LA_PPR/svp_simple_030/_mt_svp_simple_030_001_result/_cs_svp_simple_030_001_gloable_var_rww_mt_svp_simple_030_001.c line 310 function svp_simple_030_001_isr_1_0 thread 0
----------------------------------------------------
  rww_w2=781153252 (00101110100011110111001111100100)

State 158 file /home/dell/zyworkspace/nichecker/Experiment/remarks2.1_LA_PPR/svp_simple_030/_mt_svp_simple_030_001_result/_cs_svp_simple_030_001_gloable_var_rww_mt_svp_simple_030_001.c line 313 function svp_simple_030_001_isr_1_0 thread 0
----------------------------------------------------
  rww_r_tmp2_num=0 (00000000000000000000000000000000)

State 159 file /home/dell/zyworkspace/nichecker/Experiment/remarks2.1_LA_PPR/svp_simple_030/_mt_svp_simple_030_001_result/_cs_svp_simple_030_001_gloable_var_rww_mt_svp_simple_030_001.c line 316 function svp_simple_030_001_isr_1_0 thread 0
----------------------------------------------------
  svp_simple_030_001_gloable_var=781153253 (00101110100011110111001111100101)

State 165 file /home/dell/zyworkspace/nichecker/Experiment/remarks2.1_LA_PPR/svp_simple_030/_mt_svp_simple_030_001_result/_cs_svp_simple_030_001_gloable_var_rww_mt_svp_simple_030_001.c line 344 function svp_simple_030_001_isr_1_0 thread 0
----------------------------------------------------
  __cs_value_ptr=NULL (0000000000000000000000000000000000000000000000000000000000000000)

State 170 file /home/dell/zyworkspace/nichecker/Experiment/remarks2.1_LA_PPR/svp_simple_030/_mt_svp_simple_030_001_result/_cs_svp_simple_030_001_gloable_var_rww_mt_svp_simple_030_001.c line 559 function main thread 0
----------------------------------------------------
  __cs_pc[2l]=3 (011)

State 171 file /home/dell/zyworkspace/nichecker/Experiment/remarks2.1_LA_PPR/svp_simple_030/_mt_svp_simple_030_001_result/_cs_svp_simple_030_001_gloable_var_rww_mt_svp_simple_030_001.c line 565 function main thread 0
----------------------------------------------------
  __cs_tmp_t3_r1=4 (100)

State 173 file /home/dell/zyworkspace/nichecker/Experiment/remarks2.1_LA_PPR/svp_simple_030/_mt_svp_simple_030_001_result/_cs_svp_simple_030_001_gloable_var_rww_mt_svp_simple_030_001.c line 586 function main thread 0
----------------------------------------------------
  __cs_tmp_t4_r1=0 (0)

State 175 file /home/dell/zyworkspace/nichecker/Experiment/remarks2.1_LA_PPR/svp_simple_030/_mt_svp_simple_030_001_result/_cs_svp_simple_030_001_gloable_var_rww_mt_svp_simple_030_001.c line 605 function main thread 0
----------------------------------------------------
  __cs_tmp_t1_r2=5u (00000000000000000000000000000101)

State 177 file /home/dell/zyworkspace/nichecker/Experiment/remarks2.1_LA_PPR/svp_simple_030/_mt_svp_simple_030_001_result/_cs_svp_simple_030_001_gloable_var_rww_mt_svp_simple_030_001.c line 610 function main thread 0
----------------------------------------------------
  __cs_thread_index=1 (001)

State 178 file /home/dell/zyworkspace/nichecker/Experiment/remarks2.1_LA_PPR/svp_simple_030/_mt_svp_simple_030_001_result/_cs_svp_simple_030_001_gloable_var_rww_mt_svp_simple_030_001.c line 612 function main thread 0
----------------------------------------------------
  __cs_pc_cs[1l]=5 (101)

State 183 file /home/dell/zyworkspace/nichecker/Experiment/remarks2.1_LA_PPR/svp_simple_030/_mt_svp_simple_030_001_result/_cs_svp_simple_030_001_gloable_var_rww_mt_svp_simple_030_001.c line 618 function main thread 0
----------------------------------------------------
  __cs_param_main_task_arg=NULL (0000000000000000000000000000000000000000000000000000000000000000)

State 190 file /home/dell/zyworkspace/nichecker/Experiment/remarks2.1_LA_PPR/svp_simple_030/_mt_svp_simple_030_001_result/_cs_svp_simple_030_001_gloable_var_rww_mt_svp_simple_030_001.c line 257 function main_task_0 thread 0
----------------------------------------------------
  rww_w1=781153253 (00101110100011110111001111100101)

Violated property:
  file /home/dell/zyworkspace/nichecker/Experiment/remarks2.1_LA_PPR/svp_simple_030/_mt_svp_simple_030_001_result/_cs_svp_simple_030_001_gloable_var_rww_mt_svp_simple_030_001.c line 259 function main_task_0
  assertion rww_w1 == rww_r_tmp1
  rww_w1 == rww_r_tmp1


** 1 of 3 failed (2 iterations)
VERIFICATION FAILED
