CBMC version 5.6 64-bit x86_64 linux
Parsing /home/dell/zyworkspace/nichecker/Experiment/remarks2.1_LA_PPR/svp_simple_021/_mt_svp_simple_021_001_result/_cs_svp_simple_021_001_tc_block_rcvd_bytes_ch1_rwr_mt_svp_simple_021_001.c
<command-line>: warning: "__STDC_VERSION__" redefined
<built-in>: note: this is the location of the previous definition
Converting
Type-checking _cs_svp_simple_021_001_tc_block_rcvd_bytes_ch1_rwr_mt_svp_simple_021_001
file /home/dell/zyworkspace/nichecker/Experiment/remarks2.1_LA_PPR/svp_simple_021/_mt_svp_simple_021_001_result/_cs_svp_simple_021_001_tc_block_rcvd_bytes_ch1_rwr_mt_svp_simple_021_001.c line 218 function main_task_0: function `nondet_rand' is not declared
file /home/dell/zyworkspace/nichecker/Experiment/remarks2.1_LA_PPR/svp_simple_021/_mt_svp_simple_021_001_result/_cs_svp_simple_021_001_tc_block_rcvd_bytes_ch1_rwr_mt_svp_simple_021_001.c line 255 function main_task_0: function `assert' is not declared
Generating GOTO Program
Adding CPROVER library (x86_64)
Removal of function pointers and virtual functions
Partial Inlining
Generic Property Instrumentation
Starting Bounded Model Checking
**** WARNING: no body for function enable_isr
size of program expression: 1568 steps
simple slicing removed 161 assignments
Generated 8 VCC(s), 8 remaining after simplification
Passing problem to propositional reduction
converting SSA
Running propositional reduction
Post-processing
Solving with MiniSAT 2.2.1 with simplifier
13570 variables, 91198 clauses
SAT checker: instance is SATISFIABLE
Solving with MiniSAT 2.2.1 with simplifier
13570 variables, 16618 clauses
SAT checker: instance is UNSATISFIABLE
Runtime decision procedure: 0.141s

** Results:
[main_task_0.assertion.1] assertion rwr_r1 == rwr_tmp1: SUCCESS
[main_task_0.assertion.2] assertion rwr_r2 == rwr_tmp1: FAILURE
[main_task_0.assertion.3] assertion rwr_r3 == rwr_tmp1: SUCCESS

Trace for main_task_0.assertion.2:

State 62 file /home/dell/zyworkspace/nichecker/Experiment/remarks2.1_LA_PPR/svp_simple_021/_mt_svp_simple_021_001_result/_cs_svp_simple_021_001_tc_block_rcvd_bytes_ch1_rwr_mt_svp_simple_021_001.c line 687 function main thread 0
----------------------------------------------------
  __cs_tmp_t1_r0=2 (010)

State 64 file /home/dell/zyworkspace/nichecker/Experiment/remarks2.1_LA_PPR/svp_simple_021/_mt_svp_simple_021_001_result/_cs_svp_simple_021_001_tc_block_rcvd_bytes_ch1_rwr_mt_svp_simple_021_001.c line 691 function main thread 0
----------------------------------------------------
  __cs_thread_index=1 (01)

State 65 file /home/dell/zyworkspace/nichecker/Experiment/remarks2.1_LA_PPR/svp_simple_021/_mt_svp_simple_021_001_result/_cs_svp_simple_021_001_tc_block_rcvd_bytes_ch1_rwr_mt_svp_simple_021_001.c line 693 function main thread 0
----------------------------------------------------
  __cs_pc_cs[1l]=2 (010)

State 70 file /home/dell/zyworkspace/nichecker/Experiment/remarks2.1_LA_PPR/svp_simple_021/_mt_svp_simple_021_001_result/_cs_svp_simple_021_001_tc_block_rcvd_bytes_ch1_rwr_mt_svp_simple_021_001.c line 699 function main thread 0
----------------------------------------------------
  __cs_param_main_task_arg=NULL (0000000000000000000000000000000000000000000000000000000000000000)

State 74 file /home/dell/zyworkspace/nichecker/Experiment/remarks2.1_LA_PPR/svp_simple_021/_mt_svp_simple_021_001_result/_cs_svp_simple_021_001_tc_block_rcvd_bytes_ch1_rwr_mt_svp_simple_021_001.c line 218 function main_task_0 thread 0
----------------------------------------------------
  svp_simple_021_001_tc_block_rcvd_bytes_ch1=0 (0000000000000000)

State 77 file /home/dell/zyworkspace/nichecker/Experiment/remarks2.1_LA_PPR/svp_simple_021/_mt_svp_simple_021_001_result/_cs_svp_simple_021_001_tc_block_rcvd_bytes_ch1_rwr_mt_svp_simple_021_001.c line 221 function main_task_0 thread 0
----------------------------------------------------
  svp_simple_021_001_tc_block_rcvd_bytes_ch2=0 (0000000000000000)

State 81 file /home/dell/zyworkspace/nichecker/Experiment/remarks2.1_LA_PPR/svp_simple_021/_mt_svp_simple_021_001_result/_cs_svp_simple_021_001_tc_block_rcvd_bytes_ch1_rwr_mt_svp_simple_021_001.c line 227 function main_task_0 thread 0
----------------------------------------------------
  __cs_disable_thread[2l]=0 (0)

State 82 file /home/dell/zyworkspace/nichecker/Experiment/remarks2.1_LA_PPR/svp_simple_021/_mt_svp_simple_021_001_result/_cs_svp_simple_021_001_tc_block_rcvd_bytes_ch1_rwr_mt_svp_simple_021_001.c line 230 function main_task_0 thread 0
----------------------------------------------------
  __cs_disable_thread[0l]=0 (0)

State 84 file /home/dell/zyworkspace/nichecker/Experiment/remarks2.1_LA_PPR/svp_simple_021/_mt_svp_simple_021_001_result/_cs_svp_simple_021_001_tc_block_rcvd_bytes_ch1_rwr_mt_svp_simple_021_001.c line 246 function main_task_0 thread 0
----------------------------------------------------
  __cs_local_main_task_svp_simple_021_001_flag_chan1=0u (00000000000000000000000000000000)

State 85 file /home/dell/zyworkspace/nichecker/Experiment/remarks2.1_LA_PPR/svp_simple_021/_mt_svp_simple_021_001_result/_cs_svp_simple_021_001_tc_block_rcvd_bytes_ch1_rwr_mt_svp_simple_021_001.c line 251 function main_task_0 thread 0
----------------------------------------------------
  __cs_local_main_task___cs_tmp_if_cond_0=FALSE (00000000)

State 86 file /home/dell/zyworkspace/nichecker/Experiment/remarks2.1_LA_PPR/svp_simple_021/_mt_svp_simple_021_001_result/_cs_svp_simple_021_001_tc_block_rcvd_bytes_ch1_rwr_mt_svp_simple_021_001.c line 253 function main_task_0 thread 0
----------------------------------------------------
  rwr_r1=0 (0000000000000000)

State 88 file /home/dell/zyworkspace/nichecker/Experiment/remarks2.1_LA_PPR/svp_simple_021/_mt_svp_simple_021_001_result/_cs_svp_simple_021_001_tc_block_rcvd_bytes_ch1_rwr_mt_svp_simple_021_001.c line 257 function main_task_0 thread 0
----------------------------------------------------
  rwr_tmp1_num=1 (00000000000000000000000000000001)

State 89 file /home/dell/zyworkspace/nichecker/Experiment/remarks2.1_LA_PPR/svp_simple_021/_mt_svp_simple_021_001_result/_cs_svp_simple_021_001_tc_block_rcvd_bytes_ch1_rwr_mt_svp_simple_021_001.c line 258 function main_task_0 thread 0
----------------------------------------------------
  rwr_tmp1=0 (0000000000000000)

State 97 file /home/dell/zyworkspace/nichecker/Experiment/remarks2.1_LA_PPR/svp_simple_021/_mt_svp_simple_021_001_result/_cs_svp_simple_021_001_tc_block_rcvd_bytes_ch1_rwr_mt_svp_simple_021_001.c line 675 function main_task_0 thread 0
----------------------------------------------------
  __cs_value_ptr=NULL (0000000000000000000000000000000000000000000000000000000000000000)

State 102 file /home/dell/zyworkspace/nichecker/Experiment/remarks2.1_LA_PPR/svp_simple_021/_mt_svp_simple_021_001_result/_cs_svp_simple_021_001_tc_block_rcvd_bytes_ch1_rwr_mt_svp_simple_021_001.c line 701 function main thread 0
----------------------------------------------------
  __cs_pc[1l]=2 (010)

State 103 file /home/dell/zyworkspace/nichecker/Experiment/remarks2.1_LA_PPR/svp_simple_021/_mt_svp_simple_021_001_result/_cs_svp_simple_021_001_tc_block_rcvd_bytes_ch1_rwr_mt_svp_simple_021_001.c line 707 function main thread 0
----------------------------------------------------
  __cs_tmp_t2_r0=1 (1)

State 105 file /home/dell/zyworkspace/nichecker/Experiment/remarks2.1_LA_PPR/svp_simple_021/_mt_svp_simple_021_001_result/_cs_svp_simple_021_001_tc_block_rcvd_bytes_ch1_rwr_mt_svp_simple_021_001.c line 712 function main thread 0
----------------------------------------------------
  __cs_thread_index=2 (10)

State 106 file /home/dell/zyworkspace/nichecker/Experiment/remarks2.1_LA_PPR/svp_simple_021/_mt_svp_simple_021_001_result/_cs_svp_simple_021_001_tc_block_rcvd_bytes_ch1_rwr_mt_svp_simple_021_001.c line 714 function main thread 0
----------------------------------------------------
  __cs_pc_cs[2l]=1 (001)

State 111 file /home/dell/zyworkspace/nichecker/Experiment/remarks2.1_LA_PPR/svp_simple_021/_mt_svp_simple_021_001_result/_cs_svp_simple_021_001_tc_block_rcvd_bytes_ch1_rwr_mt_svp_simple_021_001.c line 720 function main thread 0
----------------------------------------------------
  __cs_param_svp_simple_021_001_isr_1_arg=NULL (0000000000000000000000000000000000000000000000000000000000000000)

State 113 file /home/dell/zyworkspace/nichecker/Experiment/remarks2.1_LA_PPR/svp_simple_021/_mt_svp_simple_021_001_result/_cs_svp_simple_021_001_tc_block_rcvd_bytes_ch1_rwr_mt_svp_simple_021_001.c line 196 function svp_simple_021_001_isr_1_0 thread 0
----------------------------------------------------
  svp_simple_021_001_tc_block_rcvd_bytes_ch1=2 (0000000000000010)

State 117 file /home/dell/zyworkspace/nichecker/Experiment/remarks2.1_LA_PPR/svp_simple_021/_mt_svp_simple_021_001_result/_cs_svp_simple_021_001_tc_block_rcvd_bytes_ch1_rwr_mt_svp_simple_021_001.c line 207 function svp_simple_021_001_isr_1_0 thread 0
----------------------------------------------------
  __cs_value_ptr=NULL (0000000000000000000000000000000000000000000000000000000000000000)

State 122 file /home/dell/zyworkspace/nichecker/Experiment/remarks2.1_LA_PPR/svp_simple_021/_mt_svp_simple_021_001_result/_cs_svp_simple_021_001_tc_block_rcvd_bytes_ch1_rwr_mt_svp_simple_021_001.c line 722 function main thread 0
----------------------------------------------------
  __cs_pc[2l]=1 (001)

State 123 file /home/dell/zyworkspace/nichecker/Experiment/remarks2.1_LA_PPR/svp_simple_021/_mt_svp_simple_021_001_result/_cs_svp_simple_021_001_tc_block_rcvd_bytes_ch1_rwr_mt_svp_simple_021_001.c line 732 function main thread 0
----------------------------------------------------
  __cs_tmp_t1_r1=4 (100)

State 125 file /home/dell/zyworkspace/nichecker/Experiment/remarks2.1_LA_PPR/svp_simple_021/_mt_svp_simple_021_001_result/_cs_svp_simple_021_001_tc_block_rcvd_bytes_ch1_rwr_mt_svp_simple_021_001.c line 737 function main thread 0
----------------------------------------------------
  __cs_thread_index=1 (01)

State 126 file /home/dell/zyworkspace/nichecker/Experiment/remarks2.1_LA_PPR/svp_simple_021/_mt_svp_simple_021_001_result/_cs_svp_simple_021_001_tc_block_rcvd_bytes_ch1_rwr_mt_svp_simple_021_001.c line 739 function main thread 0
----------------------------------------------------
  __cs_pc_cs[1l]=4 (100)

State 131 file /home/dell/zyworkspace/nichecker/Experiment/remarks2.1_LA_PPR/svp_simple_021/_mt_svp_simple_021_001_result/_cs_svp_simple_021_001_tc_block_rcvd_bytes_ch1_rwr_mt_svp_simple_021_001.c line 745 function main thread 0
----------------------------------------------------
  __cs_param_main_task_arg=NULL (0000000000000000000000000000000000000000000000000000000000000000)

State 137 file /home/dell/zyworkspace/nichecker/Experiment/remarks2.1_LA_PPR/svp_simple_021/_mt_svp_simple_021_001_result/_cs_svp_simple_021_001_tc_block_rcvd_bytes_ch1_rwr_mt_svp_simple_021_001.c line 404 function main_task_0 thread 0
----------------------------------------------------
  __cs_local_main_task_ichan=0 (00000000000000000000000000000000)

State 138 file /home/dell/zyworkspace/nichecker/Experiment/remarks2.1_LA_PPR/svp_simple_021/_mt_svp_simple_021_001_result/_cs_svp_simple_021_001_tc_block_rcvd_bytes_ch1_rwr_mt_svp_simple_021_001.c line 416 function main_task_0 thread 0
----------------------------------------------------
  __cs_local_main_task_t_2=0 (00000000000000000000000000000000)

State 140 file /home/dell/zyworkspace/nichecker/Experiment/remarks2.1_LA_PPR/svp_simple_021/_mt_svp_simple_021_001_result/_cs_svp_simple_021_001_tc_block_rcvd_bytes_ch1_rwr_mt_svp_simple_021_001.c line 434 function main_task_0 thread 0
----------------------------------------------------
  __cs_local_main_task_loop_2_IOVar1=((unsigned char *)NULL) (0000000000000000000000000000000000000000000000000000000000000000)

State 141 file /home/dell/zyworkspace/nichecker/Experiment/remarks2.1_LA_PPR/svp_simple_021/_mt_svp_simple_021_001_result/_cs_svp_simple_021_001_tc_block_rcvd_bytes_ch1_rwr_mt_svp_simple_021_001.c line 437 function main_task_0 thread 0
----------------------------------------------------
  __cs_local_main_task_loop_2_IOVar2=0 (00000000000000000000000000000000)

State 142 file /home/dell/zyworkspace/nichecker/Experiment/remarks2.1_LA_PPR/svp_simple_021/_mt_svp_simple_021_001_result/_cs_svp_simple_021_001_tc_block_rcvd_bytes_ch1_rwr_mt_svp_simple_021_001.c line 440 function main_task_0 thread 0
----------------------------------------------------
  __cs_local_main_task_loop_2_block_4=0 (00000000000000000000000000000000)

State 143 file /home/dell/zyworkspace/nichecker/Experiment/remarks2.1_LA_PPR/svp_simple_021/_mt_svp_simple_021_001_result/_cs_svp_simple_021_001_tc_block_rcvd_bytes_ch1_rwr_mt_svp_simple_021_001.c line 445 function main_task_0 thread 0
----------------------------------------------------
  __cs_local_main_task_resetIOVar_1_list[0l]=((unsigned char *)NULL) (0000000000000000000000000000000000000000000000000000000000000000)

State 144 file /home/dell/zyworkspace/nichecker/Experiment/remarks2.1_LA_PPR/svp_simple_021/_mt_svp_simple_021_001_result/_cs_svp_simple_021_001_tc_block_rcvd_bytes_ch1_rwr_mt_svp_simple_021_001.c line 448 function main_task_0 thread 0
----------------------------------------------------
  __cs_local_main_task_resetIOVar_1_list[1l]=svp_simple_021_001_tc_chan1_buff (0000001000000000000000000000000000000000000000000000000000000000)

State 145 file /home/dell/zyworkspace/nichecker/Experiment/remarks2.1_LA_PPR/svp_simple_021/_mt_svp_simple_021_001_result/_cs_svp_simple_021_001_tc_block_rcvd_bytes_ch1_rwr_mt_svp_simple_021_001.c line 451 function main_task_0 thread 0
----------------------------------------------------
  __cs_local_main_task_resetIOVar_1_list[2l]=svp_simple_021_001_tc_chan2_buff (0000001100000000000000000000000000000000000000000000000000000000)

State 146 file /home/dell/zyworkspace/nichecker/Experiment/remarks2.1_LA_PPR/svp_simple_021/_mt_svp_simple_021_001_result/_cs_svp_simple_021_001_tc_block_rcvd_bytes_ch1_rwr_mt_svp_simple_021_001.c line 454 function main_task_0 thread 0
----------------------------------------------------
  __cs_local_main_task_loop_2_k1_1=1 (00000000000000000000000000000001)

State 149 file /home/dell/zyworkspace/nichecker/Experiment/remarks2.1_LA_PPR/svp_simple_021/_mt_svp_simple_021_001_result/_cs_svp_simple_021_001_tc_block_rcvd_bytes_ch1_rwr_mt_svp_simple_021_001.c line 461 function main_task_0 thread 0
----------------------------------------------------
  svp_simple_021_001_tc_buff_p=svp_simple_021_001_tc_chan1_buff (0000001000000000000000000000000000000000000000000000000000000000)

State 150 file /home/dell/zyworkspace/nichecker/Experiment/remarks2.1_LA_PPR/svp_simple_021/_mt_svp_simple_021_001_result/_cs_svp_simple_021_001_tc_block_rcvd_bytes_ch1_rwr_mt_svp_simple_021_001.c line 464 function main_task_0 thread 0
----------------------------------------------------
  __cs_local_main_task_ichan=0 (00000000000000000000000000000000)

State 153 file /home/dell/zyworkspace/nichecker/Experiment/remarks2.1_LA_PPR/svp_simple_021/_mt_svp_simple_021_001_result/_cs_svp_simple_021_001_tc_block_rcvd_bytes_ch1_rwr_mt_svp_simple_021_001.c line 474 function main_task_0 thread 0
----------------------------------------------------
  __cs_local_main_task___cs_tmp_if_cond_1=TRUE (00000001)

State 155 file /home/dell/zyworkspace/nichecker/Experiment/remarks2.1_LA_PPR/svp_simple_021/_mt_svp_simple_021_001_result/_cs_svp_simple_021_001_tc_block_rcvd_bytes_ch1_rwr_mt_svp_simple_021_001.c line 481 function main_task_0 thread 0
----------------------------------------------------
  svp_simple_021_001_tc_buff_p=svp_simple_021_001_tc_chan1_buff (0000001000000000000000000000000000000000000000000000000000000000)

State 156 file /home/dell/zyworkspace/nichecker/Experiment/remarks2.1_LA_PPR/svp_simple_021/_mt_svp_simple_021_001_result/_cs_svp_simple_021_001_tc_block_rcvd_bytes_ch1_rwr_mt_svp_simple_021_001.c line 484 function main_task_0 thread 0
----------------------------------------------------
  svp_simple_021_001_tc_block_rcvd_bytes=2 (0000000000000010)

State 157 file /home/dell/zyworkspace/nichecker/Experiment/remarks2.1_LA_PPR/svp_simple_021/_mt_svp_simple_021_001_result/_cs_svp_simple_021_001_tc_block_rcvd_bytes_ch1_rwr_mt_svp_simple_021_001.c line 486 function main_task_0 thread 0
----------------------------------------------------
  rwr_r2=2 (0000000000000010)

Violated property:
  file /home/dell/zyworkspace/nichecker/Experiment/remarks2.1_LA_PPR/svp_simple_021/_mt_svp_simple_021_001_result/_cs_svp_simple_021_001_tc_block_rcvd_bytes_ch1_rwr_mt_svp_simple_021_001.c line 488 function main_task_0
  assertion rwr_r2 == rwr_tmp1
  rwr_r2 == rwr_tmp1


** 1 of 3 failed (2 iterations)
VERIFICATION FAILED
