CBMC version 5.6 64-bit x86_64 linux
Parsing /home/dell/zyworkspace/nichecker/Experiment/remarks2.1_LA_Slicing/svp_simple_004/_mt_svp_simple_004_001_result/_cs_svp_simple_004_001_global_var1_rwr_mt_svp_simple_004_001.c
<command-line>: warning: "__STDC_VERSION__" redefined
<built-in>: note: this is the location of the previous definition
Converting
Type-checking _cs_svp_simple_004_001_global_var1_rwr_mt_svp_simple_004_001
file /home/dell/zyworkspace/nichecker/Experiment/remarks2.1_LA_Slicing/svp_simple_004/_mt_svp_simple_004_001_result/_cs_svp_simple_004_001_global_var1_rwr_mt_svp_simple_004_001.c line 254 function main_task_0: function `assert' is not declared
Generating GOTO Program
Adding CPROVER library (x86_64)
Removal of function pointers and virtual functions
Partial Inlining
Generic Property Instrumentation
Starting Bounded Model Checking
**** WARNING: no body for function enable_isr
**** WARNING: no body for function disable_isr
size of program expression: 623 steps
simple slicing removed 38 assignments
Generated 5 VCC(s), 5 remaining after simplification
Passing problem to propositional reduction
converting SSA
Running propositional reduction
Post-processing
Solving with MiniSAT 2.2.1 with simplifier
2513 variables, 5022 clauses
SAT checker: instance is SATISFIABLE
Solving with MiniSAT 2.2.1 with simplifier
2513 variables, 441 clauses
SAT checker: instance is UNSATISFIABLE
Runtime decision procedure: 0.01s

** Results:
[main_task_0.assertion.1] assertion rwr_r1 == rwr_tmp1: SUCCESS
[main_task_0.assertion.2] assertion rwr_r2 == rwr_tmp1: FAILURE

Trace for main_task_0.assertion.2:

State 56 file /home/dell/zyworkspace/nichecker/Experiment/remarks2.1_LA_Slicing/svp_simple_004/_mt_svp_simple_004_001_result/_cs_svp_simple_004_001_global_var1_rwr_mt_svp_simple_004_001.c line 386 function main thread 0
----------------------------------------------------
  __cs_tmp_t1_r0=3 (011)

State 58 file /home/dell/zyworkspace/nichecker/Experiment/remarks2.1_LA_Slicing/svp_simple_004/_mt_svp_simple_004_001_result/_cs_svp_simple_004_001_global_var1_rwr_mt_svp_simple_004_001.c line 390 function main thread 0
----------------------------------------------------
  __cs_thread_index=1 (001)

State 59 file /home/dell/zyworkspace/nichecker/Experiment/remarks2.1_LA_Slicing/svp_simple_004/_mt_svp_simple_004_001_result/_cs_svp_simple_004_001_global_var1_rwr_mt_svp_simple_004_001.c line 392 function main thread 0
----------------------------------------------------
  __cs_pc_cs[1l]=3 (011)

State 64 file /home/dell/zyworkspace/nichecker/Experiment/remarks2.1_LA_Slicing/svp_simple_004/_mt_svp_simple_004_001_result/_cs_svp_simple_004_001_global_var1_rwr_mt_svp_simple_004_001.c line 398 function main thread 0
----------------------------------------------------
  __cs_param_main_task_arg=NULL (0000000000000000000000000000000000000000000000000000000000000000)

State 69 file /home/dell/zyworkspace/nichecker/Experiment/remarks2.1_LA_Slicing/svp_simple_004/_mt_svp_simple_004_001_result/_cs_svp_simple_004_001_global_var1_rwr_mt_svp_simple_004_001.c line 196 function main_task_0 thread 0
----------------------------------------------------
  __cs_disable_thread[3l]=0 (0)

State 70 file /home/dell/zyworkspace/nichecker/Experiment/remarks2.1_LA_Slicing/svp_simple_004/_mt_svp_simple_004_001_result/_cs_svp_simple_004_001_global_var1_rwr_mt_svp_simple_004_001.c line 199 function main_task_0 thread 0
----------------------------------------------------
  __cs_disable_thread[2l]=0 (0)

State 71 file /home/dell/zyworkspace/nichecker/Experiment/remarks2.1_LA_Slicing/svp_simple_004/_mt_svp_simple_004_001_result/_cs_svp_simple_004_001_global_var1_rwr_mt_svp_simple_004_001.c line 202 function main_task_0 thread 0
----------------------------------------------------
  __cs_disable_thread[0l]=0 (0)

State 72 file /home/dell/zyworkspace/nichecker/Experiment/remarks2.1_LA_Slicing/svp_simple_004/_mt_svp_simple_004_001_result/_cs_svp_simple_004_001_global_var1_rwr_mt_svp_simple_004_001.c line 215 function main_task_0 thread 0
----------------------------------------------------
  __cs_local_main_task_reader3=0 (00000000000000000000000000000000)

State 73 file /home/dell/zyworkspace/nichecker/Experiment/remarks2.1_LA_Slicing/svp_simple_004/_mt_svp_simple_004_001_result/_cs_svp_simple_004_001_global_var1_rwr_mt_svp_simple_004_001.c line 219 function main_task_0 thread 0
----------------------------------------------------
  __cs_local_main_task_reader4=0 (00000000000000000000000000000000)

State 74 file /home/dell/zyworkspace/nichecker/Experiment/remarks2.1_LA_Slicing/svp_simple_004/_mt_svp_simple_004_001_result/_cs_svp_simple_004_001_global_var1_rwr_mt_svp_simple_004_001.c line 223 function main_task_0 thread 0
----------------------------------------------------
  __cs_local_main_task_reader5=0 (00000000000000000000000000000000)

State 75 file /home/dell/zyworkspace/nichecker/Experiment/remarks2.1_LA_Slicing/svp_simple_004/_mt_svp_simple_004_001_result/_cs_svp_simple_004_001_global_var1_rwr_mt_svp_simple_004_001.c line 227 function main_task_0 thread 0
----------------------------------------------------
  __cs_local_main_task_reader6=0 (00000000000000000000000000000000)

State 79 file /home/dell/zyworkspace/nichecker/Experiment/remarks2.1_LA_Slicing/svp_simple_004/_mt_svp_simple_004_001_result/_cs_svp_simple_004_001_global_var1_rwr_mt_svp_simple_004_001.c line 232 function main_task_0 thread 0
----------------------------------------------------
  __cs_disable_thread[3l]=1 (1)

State 81 file /home/dell/zyworkspace/nichecker/Experiment/remarks2.1_LA_Slicing/svp_simple_004/_mt_svp_simple_004_001_result/_cs_svp_simple_004_001_global_var1_rwr_mt_svp_simple_004_001.c line 241 function main_task_0 thread 0
----------------------------------------------------
  __cs_local_main_task___cs_tmp_if_cond_0=TRUE (00000001)

State 84 file /home/dell/zyworkspace/nichecker/Experiment/remarks2.1_LA_Slicing/svp_simple_004/_mt_svp_simple_004_001_result/_cs_svp_simple_004_001_global_var1_rwr_mt_svp_simple_004_001.c line 250 function main_task_0 thread 0
----------------------------------------------------
  __cs_local_main_task_reader1=17 (00000000000000000000000000010001)

State 85 file /home/dell/zyworkspace/nichecker/Experiment/remarks2.1_LA_Slicing/svp_simple_004/_mt_svp_simple_004_001_result/_cs_svp_simple_004_001_global_var1_rwr_mt_svp_simple_004_001.c line 252 function main_task_0 thread 0
----------------------------------------------------
  rwr_r1=17 (00000000000000000000000000010001)

State 87 file /home/dell/zyworkspace/nichecker/Experiment/remarks2.1_LA_Slicing/svp_simple_004/_mt_svp_simple_004_001_result/_cs_svp_simple_004_001_global_var1_rwr_mt_svp_simple_004_001.c line 256 function main_task_0 thread 0
----------------------------------------------------
  rwr_tmp1_num=1 (00000000000000000000000000000001)

State 88 file /home/dell/zyworkspace/nichecker/Experiment/remarks2.1_LA_Slicing/svp_simple_004/_mt_svp_simple_004_001_result/_cs_svp_simple_004_001_global_var1_rwr_mt_svp_simple_004_001.c line 257 function main_task_0 thread 0
----------------------------------------------------
  rwr_tmp1=17 (00000000000000000000000000010001)

State 94 file /home/dell/zyworkspace/nichecker/Experiment/remarks2.1_LA_Slicing/svp_simple_004/_mt_svp_simple_004_001_result/_cs_svp_simple_004_001_global_var1_rwr_mt_svp_simple_004_001.c line 304 function main_task_0 thread 0
----------------------------------------------------
  __cs_value_ptr=NULL (0000000000000000000000000000000000000000000000000000000000000000)

State 99 file /home/dell/zyworkspace/nichecker/Experiment/remarks2.1_LA_Slicing/svp_simple_004/_mt_svp_simple_004_001_result/_cs_svp_simple_004_001_global_var1_rwr_mt_svp_simple_004_001.c line 400 function main thread 0
----------------------------------------------------
  __cs_pc[1l]=3 (011)

State 100 file /home/dell/zyworkspace/nichecker/Experiment/remarks2.1_LA_Slicing/svp_simple_004/_mt_svp_simple_004_001_result/_cs_svp_simple_004_001_global_var1_rwr_mt_svp_simple_004_001.c line 406 function main thread 0
----------------------------------------------------
  __cs_tmp_t2_r0=3 (11)

State 102 file /home/dell/zyworkspace/nichecker/Experiment/remarks2.1_LA_Slicing/svp_simple_004/_mt_svp_simple_004_001_result/_cs_svp_simple_004_001_global_var1_rwr_mt_svp_simple_004_001.c line 411 function main thread 0
----------------------------------------------------
  __cs_thread_index=2 (010)

State 103 file /home/dell/zyworkspace/nichecker/Experiment/remarks2.1_LA_Slicing/svp_simple_004/_mt_svp_simple_004_001_result/_cs_svp_simple_004_001_global_var1_rwr_mt_svp_simple_004_001.c line 413 function main thread 0
----------------------------------------------------
  __cs_pc_cs[2l]=3 (011)

State 108 file /home/dell/zyworkspace/nichecker/Experiment/remarks2.1_LA_Slicing/svp_simple_004/_mt_svp_simple_004_001_result/_cs_svp_simple_004_001_global_var1_rwr_mt_svp_simple_004_001.c line 419 function main thread 0
----------------------------------------------------
  __cs_param_svp_simple_004_001_isr_1_arg=NULL (0000000000000000000000000000000000000000000000000000000000000000)

State 111 file /home/dell/zyworkspace/nichecker/Experiment/remarks2.1_LA_Slicing/svp_simple_004/_mt_svp_simple_004_001_result/_cs_svp_simple_004_001_global_var1_rwr_mt_svp_simple_004_001.c line 318 function svp_simple_004_001_isr_1_0 thread 0
----------------------------------------------------
  __cs_local_svp_simple_004_001_isr_1___cs_tmp_if_cond_2=TRUE (00000001)

State 114 file /home/dell/zyworkspace/nichecker/Experiment/remarks2.1_LA_Slicing/svp_simple_004/_mt_svp_simple_004_001_result/_cs_svp_simple_004_001_global_var1_rwr_mt_svp_simple_004_001.c line 325 function svp_simple_004_001_isr_1_0 thread 0
----------------------------------------------------
  svp_simple_004_001_global_var1=170 (00000000000000000000000010101010)

State 115 file /home/dell/zyworkspace/nichecker/Experiment/remarks2.1_LA_Slicing/svp_simple_004/_mt_svp_simple_004_001_result/_cs_svp_simple_004_001_global_var1_rwr_mt_svp_simple_004_001.c line 327 function svp_simple_004_001_isr_1_0 thread 0
----------------------------------------------------
  rwr_tmp2_num=0 (00000000000000000000000000000000)

State 121 file /home/dell/zyworkspace/nichecker/Experiment/remarks2.1_LA_Slicing/svp_simple_004/_mt_svp_simple_004_001_result/_cs_svp_simple_004_001_global_var1_rwr_mt_svp_simple_004_001.c line 342 function svp_simple_004_001_isr_1_0 thread 0
----------------------------------------------------
  __cs_disable_thread[3l]=0 (0)

State 125 file /home/dell/zyworkspace/nichecker/Experiment/remarks2.1_LA_Slicing/svp_simple_004/_mt_svp_simple_004_001_result/_cs_svp_simple_004_001_global_var1_rwr_mt_svp_simple_004_001.c line 355 function svp_simple_004_001_isr_1_0 thread 0
----------------------------------------------------
  __cs_value_ptr=NULL (0000000000000000000000000000000000000000000000000000000000000000)

State 130 file /home/dell/zyworkspace/nichecker/Experiment/remarks2.1_LA_Slicing/svp_simple_004/_mt_svp_simple_004_001_result/_cs_svp_simple_004_001_global_var1_rwr_mt_svp_simple_004_001.c line 421 function main thread 0
----------------------------------------------------
  __cs_pc[2l]=3 (011)

State 131 file /home/dell/zyworkspace/nichecker/Experiment/remarks2.1_LA_Slicing/svp_simple_004/_mt_svp_simple_004_001_result/_cs_svp_simple_004_001_global_var1_rwr_mt_svp_simple_004_001.c line 427 function main thread 0
----------------------------------------------------
  __cs_tmp_t3_r0=0 (0)

State 133 file /home/dell/zyworkspace/nichecker/Experiment/remarks2.1_LA_Slicing/svp_simple_004/_mt_svp_simple_004_001_result/_cs_svp_simple_004_001_global_var1_rwr_mt_svp_simple_004_001.c line 432 function main thread 0
----------------------------------------------------
  __cs_thread_index=3 (011)

State 134 file /home/dell/zyworkspace/nichecker/Experiment/remarks2.1_LA_Slicing/svp_simple_004/_mt_svp_simple_004_001_result/_cs_svp_simple_004_001_global_var1_rwr_mt_svp_simple_004_001.c line 434 function main thread 0
----------------------------------------------------
  __cs_pc_cs[3l]=0 (000)

State 139 file /home/dell/zyworkspace/nichecker/Experiment/remarks2.1_LA_Slicing/svp_simple_004/_mt_svp_simple_004_001_result/_cs_svp_simple_004_001_global_var1_rwr_mt_svp_simple_004_001.c line 440 function main thread 0
----------------------------------------------------
  __cs_param_svp_simple_004_001_isr_2_arg=NULL (0000000000000000000000000000000000000000000000000000000000000000)

State 143 file /home/dell/zyworkspace/nichecker/Experiment/remarks2.1_LA_Slicing/svp_simple_004/_mt_svp_simple_004_001_result/_cs_svp_simple_004_001_global_var1_rwr_mt_svp_simple_004_001.c line 374 function svp_simple_004_001_isr_2_0 thread 0
----------------------------------------------------
  __cs_value_ptr=NULL (0000000000000000000000000000000000000000000000000000000000000000)

State 148 file /home/dell/zyworkspace/nichecker/Experiment/remarks2.1_LA_Slicing/svp_simple_004/_mt_svp_simple_004_001_result/_cs_svp_simple_004_001_global_var1_rwr_mt_svp_simple_004_001.c line 442 function main thread 0
----------------------------------------------------
  __cs_pc[3l]=0 (000)

State 149 file /home/dell/zyworkspace/nichecker/Experiment/remarks2.1_LA_Slicing/svp_simple_004/_mt_svp_simple_004_001_result/_cs_svp_simple_004_001_global_var1_rwr_mt_svp_simple_004_001.c line 452 function main thread 0
----------------------------------------------------
  __cs_tmp_t1_r1=5 (101)

State 155 file /home/dell/zyworkspace/nichecker/Experiment/remarks2.1_LA_Slicing/svp_simple_004/_mt_svp_simple_004_001_result/_cs_svp_simple_004_001_global_var1_rwr_mt_svp_simple_004_001.c line 457 function main thread 0
----------------------------------------------------
  __cs_thread_index=1 (001)

State 156 file /home/dell/zyworkspace/nichecker/Experiment/remarks2.1_LA_Slicing/svp_simple_004/_mt_svp_simple_004_001_result/_cs_svp_simple_004_001_global_var1_rwr_mt_svp_simple_004_001.c line 459 function main thread 0
----------------------------------------------------
  __cs_pc_cs[1l]=5 (101)

State 161 file /home/dell/zyworkspace/nichecker/Experiment/remarks2.1_LA_Slicing/svp_simple_004/_mt_svp_simple_004_001_result/_cs_svp_simple_004_001_global_var1_rwr_mt_svp_simple_004_001.c line 465 function main thread 0
----------------------------------------------------
  __cs_param_main_task_arg=NULL (0000000000000000000000000000000000000000000000000000000000000000)

State 166 file /home/dell/zyworkspace/nichecker/Experiment/remarks2.1_LA_Slicing/svp_simple_004/_mt_svp_simple_004_001_result/_cs_svp_simple_004_001_global_var1_rwr_mt_svp_simple_004_001.c line 270 function main_task_0 thread 0
----------------------------------------------------
  __cs_local_main_task___cs_tmp_if_cond_1=TRUE (00000001)

State 169 file /home/dell/zyworkspace/nichecker/Experiment/remarks2.1_LA_Slicing/svp_simple_004/_mt_svp_simple_004_001_result/_cs_svp_simple_004_001_global_var1_rwr_mt_svp_simple_004_001.c line 279 function main_task_0 thread 0
----------------------------------------------------
  __cs_local_main_task_reader2=170 (00000000000000000000000010101010)

State 170 file /home/dell/zyworkspace/nichecker/Experiment/remarks2.1_LA_Slicing/svp_simple_004/_mt_svp_simple_004_001_result/_cs_svp_simple_004_001_global_var1_rwr_mt_svp_simple_004_001.c line 281 function main_task_0 thread 0
----------------------------------------------------
  rwr_r2=170 (00000000000000000000000010101010)

Violated property:
  file /home/dell/zyworkspace/nichecker/Experiment/remarks2.1_LA_Slicing/svp_simple_004/_mt_svp_simple_004_001_result/_cs_svp_simple_004_001_global_var1_rwr_mt_svp_simple_004_001.c line 283 function main_task_0
  assertion rwr_r2 == rwr_tmp1
  rwr_r2 == rwr_tmp1


** 1 of 2 failed (2 iterations)
VERIFICATION FAILED
