CBMC version 5.6 64-bit x86_64 linux
Parsing /home/dell/zyworkspace/nichecker/Experiment/remarks2.1_LA_PPR/svp_simple_029/_mt_svp_simple_029_001_result/_cs_svp_simple_029_001_tm_blocks[36]_rww_mt_svp_simple_029_001.c
<command-line>: warning: "__STDC_VERSION__" redefined
<built-in>: note: this is the location of the previous definition
Converting
Type-checking _cs_svp_simple_029_001_tm_blocks[36]_rww_mt_svp_simple_029_001
file /home/dell/zyworkspace/nichecker/Experiment/remarks2.1_LA_PPR/svp_simple_029/_mt_svp_simple_029_001_result/_cs_svp_simple_029_001_tm_blocks[36]_rww_mt_svp_simple_029_001.c line 527 function main_task_0: function `nondet_rand' is not declared
file /home/dell/zyworkspace/nichecker/Experiment/remarks2.1_LA_PPR/svp_simple_029/_mt_svp_simple_029_001_result/_cs_svp_simple_029_001_tm_blocks[36]_rww_mt_svp_simple_029_001.c line 808 function main_task_0: function `assert' is not declared
Generating GOTO Program
Adding CPROVER library (x86_64)
Removal of function pointers and virtual functions
Partial Inlining
Generic Property Instrumentation
Starting Bounded Model Checking
**** WARNING: no body for function enable_isr
size of program expression: 1150 steps
simple slicing removed 67 assignments
Generated 3 VCC(s), 3 remaining after simplification
Passing problem to propositional reduction
converting SSA
Running propositional reduction
Post-processing
Solving with MiniSAT 2.2.1 with simplifier
422371 variables, 2331221 clauses
SAT checker: instance is SATISFIABLE
Runtime decision procedure: 2.408s

** Results:
[main_task_0.assertion.1] assertion rww_w1 == rww_r_tmp1: FAILURE

Trace for main_task_0.assertion.1:

State 84 file /home/dell/zyworkspace/nichecker/Experiment/remarks2.1_LA_PPR/svp_simple_029/_mt_svp_simple_029_001_result/_cs_svp_simple_029_001_tm_blocks[36]_rww_mt_svp_simple_029_001.c line 864 function main thread 0
----------------------------------------------------
  __cs_tmp_t1_r0=5 (101)

State 86 file /home/dell/zyworkspace/nichecker/Experiment/remarks2.1_LA_PPR/svp_simple_029/_mt_svp_simple_029_001_result/_cs_svp_simple_029_001_tm_blocks[36]_rww_mt_svp_simple_029_001.c line 868 function main thread 0
----------------------------------------------------
  __cs_thread_index=1 (01)

State 87 file /home/dell/zyworkspace/nichecker/Experiment/remarks2.1_LA_PPR/svp_simple_029/_mt_svp_simple_029_001_result/_cs_svp_simple_029_001_tm_blocks[36]_rww_mt_svp_simple_029_001.c line 870 function main thread 0
----------------------------------------------------
  __cs_pc_cs[1l]=5 (101)

State 92 file /home/dell/zyworkspace/nichecker/Experiment/remarks2.1_LA_PPR/svp_simple_029/_mt_svp_simple_029_001_result/_cs_svp_simple_029_001_tm_blocks[36]_rww_mt_svp_simple_029_001.c line 876 function main thread 0
----------------------------------------------------
  __cs_param_main_task_arg=NULL (0000000000000000000000000000000000000000000000000000000000000000)

State 94 file /home/dell/zyworkspace/nichecker/Experiment/remarks2.1_LA_PPR/svp_simple_029/_mt_svp_simple_029_001_result/_cs_svp_simple_029_001_tm_blocks[36]_rww_mt_svp_simple_029_001.c line 480 function main_task_0 thread 0
----------------------------------------------------
  __cs_local_main_task_svp_simple_029_001_local_status=1 (00000001)

State 95 file /home/dell/zyworkspace/nichecker/Experiment/remarks2.1_LA_PPR/svp_simple_029/_mt_svp_simple_029_001_result/_cs_svp_simple_029_001_tm_blocks[36]_rww_mt_svp_simple_029_001.c line 487 function main_task_0 thread 0
----------------------------------------------------
  __cs_local_main_task_i=0 (00000000000000000000000000000000)

State 96 file /home/dell/zyworkspace/nichecker/Experiment/remarks2.1_LA_PPR/svp_simple_029/_mt_svp_simple_029_001_result/_cs_svp_simple_029_001_tm_blocks[36]_rww_mt_svp_simple_029_001.c line 495 function main_task_0 thread 0
----------------------------------------------------
  __cs_local_main_task_t_1=0 (00000000000000000000000000000000)

State 98 file /home/dell/zyworkspace/nichecker/Experiment/remarks2.1_LA_PPR/svp_simple_029/_mt_svp_simple_029_001_result/_cs_svp_simple_029_001_tm_blocks[36]_rww_mt_svp_simple_029_001.c line 513 function main_task_0 thread 0
----------------------------------------------------
  __cs_local_main_task_loop_1_IOVar1=0 (00000000000000000000000000000000)

State 99 file /home/dell/zyworkspace/nichecker/Experiment/remarks2.1_LA_PPR/svp_simple_029/_mt_svp_simple_029_001_result/_cs_svp_simple_029_001_tm_blocks[36]_rww_mt_svp_simple_029_001.c line 516 function main_task_0 thread 0
----------------------------------------------------
  __cs_local_main_task_loop_1_block_1=36 (00000000000000000000000000100100)

State 100 file /home/dell/zyworkspace/nichecker/Experiment/remarks2.1_LA_PPR/svp_simple_029/_mt_svp_simple_029_001_result/_cs_svp_simple_029_001_tm_blocks[36]_rww_mt_svp_simple_029_001.c line 519 function main_task_0 thread 0
----------------------------------------------------
  __cs_local_main_task_i=36 (00000000000000000000000000100100)

State 105 file /home/dell/zyworkspace/nichecker/Experiment/remarks2.1_LA_PPR/svp_simple_029/_mt_svp_simple_029_001_result/_cs_svp_simple_029_001_tm_blocks[36]_rww_mt_svp_simple_029_001.c line 527 function main_task_0 thread 0
----------------------------------------------------
  svp_simple_029_001_tm_blocks[36l]=145 (10010001)

State 106 file /home/dell/zyworkspace/nichecker/Experiment/remarks2.1_LA_PPR/svp_simple_029/_mt_svp_simple_029_001_result/_cs_svp_simple_029_001_tm_blocks[36]_rww_mt_svp_simple_029_001.c line 533 function main_task_0 thread 0
----------------------------------------------------
  __cs_local_main_task_i=37 (00000000000000000000000000100101)

State 107 file /home/dell/zyworkspace/nichecker/Experiment/remarks2.1_LA_PPR/svp_simple_029/_mt_svp_simple_029_001_result/_cs_svp_simple_029_001_tm_blocks[36]_rww_mt_svp_simple_029_001.c line 539 function main_task_0 thread 0
----------------------------------------------------
  __cs_local_main_task_t_1=1 (00000000000000000000000000000001)

State 109 file /home/dell/zyworkspace/nichecker/Experiment/remarks2.1_LA_PPR/svp_simple_029/_mt_svp_simple_029_001_result/_cs_svp_simple_029_001_tm_blocks[36]_rww_mt_svp_simple_029_001.c line 557 function main_task_0 thread 0
----------------------------------------------------
  __cs_local_main_task_loop_1_IOVar1=37 (00000000000000000000000000100101)

State 110 file /home/dell/zyworkspace/nichecker/Experiment/remarks2.1_LA_PPR/svp_simple_029/_mt_svp_simple_029_001_result/_cs_svp_simple_029_001_tm_blocks[36]_rww_mt_svp_simple_029_001.c line 560 function main_task_0 thread 0
----------------------------------------------------
  __cs_local_main_task_loop_1_block_1=4058 (00000000000000000000111111011010)

State 111 file /home/dell/zyworkspace/nichecker/Experiment/remarks2.1_LA_PPR/svp_simple_029/_mt_svp_simple_029_001_result/_cs_svp_simple_029_001_tm_blocks[36]_rww_mt_svp_simple_029_001.c line 563 function main_task_0 thread 0
----------------------------------------------------
  __cs_local_main_task_i=4095 (00000000000000000000111111111111)

State 116 file /home/dell/zyworkspace/nichecker/Experiment/remarks2.1_LA_PPR/svp_simple_029/_mt_svp_simple_029_001_result/_cs_svp_simple_029_001_tm_blocks[36]_rww_mt_svp_simple_029_001.c line 571 function main_task_0 thread 0
----------------------------------------------------
  svp_simple_029_001_tm_blocks[4095l]=0 (00000000)

State 117 file /home/dell/zyworkspace/nichecker/Experiment/remarks2.1_LA_PPR/svp_simple_029/_mt_svp_simple_029_001_result/_cs_svp_simple_029_001_tm_blocks[36]_rww_mt_svp_simple_029_001.c line 577 function main_task_0 thread 0
----------------------------------------------------
  __cs_local_main_task_i=4096 (00000000000000000001000000000000)

State 118 file /home/dell/zyworkspace/nichecker/Experiment/remarks2.1_LA_PPR/svp_simple_029/_mt_svp_simple_029_001_result/_cs_svp_simple_029_001_tm_blocks[36]_rww_mt_svp_simple_029_001.c line 583 function main_task_0 thread 0
----------------------------------------------------
  __cs_local_main_task_t_1=2 (00000000000000000000000000000010)

State 119 file /home/dell/zyworkspace/nichecker/Experiment/remarks2.1_LA_PPR/svp_simple_029/_mt_svp_simple_029_001_result/_cs_svp_simple_029_001_tm_blocks[36]_rww_mt_svp_simple_029_001.c line 587 function main_task_0 thread 0
----------------------------------------------------
  __cs_loop_1=FALSE (00000000)

State 123 file /home/dell/zyworkspace/nichecker/Experiment/remarks2.1_LA_PPR/svp_simple_029/_mt_svp_simple_029_001_result/_cs_svp_simple_029_001_tm_blocks[36]_rww_mt_svp_simple_029_001.c line 606 function main_task_0 thread 0
----------------------------------------------------
  svp_simple_029_001_average_adjust_flag=255 (11111111)

State 128 file /home/dell/zyworkspace/nichecker/Experiment/remarks2.1_LA_PPR/svp_simple_029/_mt_svp_simple_029_001_result/_cs_svp_simple_029_001_tm_blocks[36]_rww_mt_svp_simple_029_001.c line 614 function main_task_0 thread 0
----------------------------------------------------
  __cs_disable_thread[2l]=0 (0)

State 129 file /home/dell/zyworkspace/nichecker/Experiment/remarks2.1_LA_PPR/svp_simple_029/_mt_svp_simple_029_001_result/_cs_svp_simple_029_001_tm_blocks[36]_rww_mt_svp_simple_029_001.c line 617 function main_task_0 thread 0
----------------------------------------------------
  __cs_disable_thread[0l]=0 (0)

State 131 file /home/dell/zyworkspace/nichecker/Experiment/remarks2.1_LA_PPR/svp_simple_029/_mt_svp_simple_029_001_result/_cs_svp_simple_029_001_tm_blocks[36]_rww_mt_svp_simple_029_001.c line 631 function main_task_0 thread 0
----------------------------------------------------
  svp_simple_029_001_ptr_SetTmData=svp_simple_029_001_SetTmData (0000001000000000000000000000000000000000000000000000000000000000)

State 133 file /home/dell/zyworkspace/nichecker/Experiment/remarks2.1_LA_PPR/svp_simple_029/_mt_svp_simple_029_001_result/_cs_svp_simple_029_001_tm_blocks[36]_rww_mt_svp_simple_029_001.c line 636 function main_task_0 thread 0
----------------------------------------------------
  svp_simple_029_001_ptr_GetTmData=svp_simple_029_001_GetTmData (0000001100000000000000000000000000000000000000000000000000000000)

State 134 file /home/dell/zyworkspace/nichecker/Experiment/remarks2.1_LA_PPR/svp_simple_029/_mt_svp_simple_029_001_result/_cs_svp_simple_029_001_tm_blocks[36]_rww_mt_svp_simple_029_001.c line 639 function main_task_0 thread 0
----------------------------------------------------
  svp_simple_029_001_ptr_SetSelfCtrlFlag=svp_simple_029_001_SetSelfCtrlFlag (0000010000000000000000000000000000000000000000000000000000000000)

State 135 file /home/dell/zyworkspace/nichecker/Experiment/remarks2.1_LA_PPR/svp_simple_029/_mt_svp_simple_029_001_result/_cs_svp_simple_029_001_tm_blocks[36]_rww_mt_svp_simple_029_001.c line 647 function main_task_0 thread 0
----------------------------------------------------
  __cs_local_main_task___cs_tmp_if_cond_0=TRUE (00000001)

State 137 file /home/dell/zyworkspace/nichecker/Experiment/remarks2.1_LA_PPR/svp_simple_029/_mt_svp_simple_029_001_result/_cs_svp_simple_029_001_tm_blocks[36]_rww_mt_svp_simple_029_001.c line 656 function main_task_0 thread 0
----------------------------------------------------
  __cs_local_main_task___cs_tmp_if_cond_1=TRUE (00000001)

State 139 file /home/dell/zyworkspace/nichecker/Experiment/remarks2.1_LA_PPR/svp_simple_029/_mt_svp_simple_029_001_result/_cs_svp_simple_029_001_tm_blocks[36]_rww_mt_svp_simple_029_001.c line 672 function main_task_0 thread 0
----------------------------------------------------
  __cs_local_main_task___cs_tmp_if_cond_2=TRUE (00000001)

State 141 file /home/dell/zyworkspace/nichecker/Experiment/remarks2.1_LA_PPR/svp_simple_029/_mt_svp_simple_029_001_result/_cs_svp_simple_029_001_tm_blocks[36]_rww_mt_svp_simple_029_001.c line 679 function main_task_0 thread 0
----------------------------------------------------
  __cs_local_main_task_tmp1=1 (00000001)

State 143 file /home/dell/zyworkspace/nichecker/Experiment/remarks2.1_LA_PPR/svp_simple_029/_mt_svp_simple_029_001_result/_cs_svp_simple_029_001_tm_blocks[36]_rww_mt_svp_simple_029_001.c line 693 function main_task_0 thread 0
----------------------------------------------------
  __cs_local_main_task_tmp1=1 (00000001)

State 144 file /home/dell/zyworkspace/nichecker/Experiment/remarks2.1_LA_PPR/svp_simple_029/_mt_svp_simple_029_001_result/_cs_svp_simple_029_001_tm_blocks[36]_rww_mt_svp_simple_029_001.c line 696 function main_task_0 thread 0
----------------------------------------------------
  __cs_local_main_task_tmp2=1 (00000001)

State 145 file /home/dell/zyworkspace/nichecker/Experiment/remarks2.1_LA_PPR/svp_simple_029/_mt_svp_simple_029_001_result/_cs_svp_simple_029_001_tm_blocks[36]_rww_mt_svp_simple_029_001.c line 699 function main_task_0 thread 0
----------------------------------------------------
  __cs_local_main_task_tmp2=1 (00000001)

State 146 file /home/dell/zyworkspace/nichecker/Experiment/remarks2.1_LA_PPR/svp_simple_029/_mt_svp_simple_029_001_result/_cs_svp_simple_029_001_tm_blocks[36]_rww_mt_svp_simple_029_001.c line 704 function main_task_0 thread 0
----------------------------------------------------
  __cs_local_main_task___cs_tmp_if_cond_3=TRUE (00000001)

State 148 file /home/dell/zyworkspace/nichecker/Experiment/remarks2.1_LA_PPR/svp_simple_029/_mt_svp_simple_029_001_result/_cs_svp_simple_029_001_tm_blocks[36]_rww_mt_svp_simple_029_001.c line 715 function main_task_0 thread 0
----------------------------------------------------
  __cs_local_main_task_tm_name=36u (00000000000000000000000000100100)

State 149 file /home/dell/zyworkspace/nichecker/Experiment/remarks2.1_LA_PPR/svp_simple_029/_mt_svp_simple_029_001_result/_cs_svp_simple_029_001_tm_blocks[36]_rww_mt_svp_simple_029_001.c line 718 function main_task_0 thread 0
----------------------------------------------------
  __cs_local_main_task___cs_retval__svp_simple_029_001_GetTmData_0=145 (10010001)

State 151 file /home/dell/zyworkspace/nichecker/Experiment/remarks2.1_LA_PPR/svp_simple_029/_mt_svp_simple_029_001_result/_cs_svp_simple_029_001_tm_blocks[36]_rww_mt_svp_simple_029_001.c line 721 function main_task_0 thread 0
----------------------------------------------------
  rww_r_tmp1_num=1 (00000000000000000000000000000001)

State 152 file /home/dell/zyworkspace/nichecker/Experiment/remarks2.1_LA_PPR/svp_simple_029/_mt_svp_simple_029_001_result/_cs_svp_simple_029_001_tm_blocks[36]_rww_mt_svp_simple_029_001.c line 722 function main_task_0 thread 0
----------------------------------------------------
  rww_r_tmp1=-111 (10010001)

State 157 file /home/dell/zyworkspace/nichecker/Experiment/remarks2.1_LA_PPR/svp_simple_029/_mt_svp_simple_029_001_result/_cs_svp_simple_029_001_tm_blocks[36]_rww_mt_svp_simple_029_001.c line 852 function main_task_0 thread 0
----------------------------------------------------
  __cs_value_ptr=NULL (0000000000000000000000000000000000000000000000000000000000000000)

State 162 file /home/dell/zyworkspace/nichecker/Experiment/remarks2.1_LA_PPR/svp_simple_029/_mt_svp_simple_029_001_result/_cs_svp_simple_029_001_tm_blocks[36]_rww_mt_svp_simple_029_001.c line 878 function main thread 0
----------------------------------------------------
  __cs_pc[1l]=5 (101)

State 163 file /home/dell/zyworkspace/nichecker/Experiment/remarks2.1_LA_PPR/svp_simple_029/_mt_svp_simple_029_001_result/_cs_svp_simple_029_001_tm_blocks[36]_rww_mt_svp_simple_029_001.c line 884 function main thread 0
----------------------------------------------------
  __cs_tmp_t2_r0=1 (1)

State 165 file /home/dell/zyworkspace/nichecker/Experiment/remarks2.1_LA_PPR/svp_simple_029/_mt_svp_simple_029_001_result/_cs_svp_simple_029_001_tm_blocks[36]_rww_mt_svp_simple_029_001.c line 889 function main thread 0
----------------------------------------------------
  __cs_thread_index=2 (10)

State 166 file /home/dell/zyworkspace/nichecker/Experiment/remarks2.1_LA_PPR/svp_simple_029/_mt_svp_simple_029_001_result/_cs_svp_simple_029_001_tm_blocks[36]_rww_mt_svp_simple_029_001.c line 891 function main thread 0
----------------------------------------------------
  __cs_pc_cs[2l]=1 (001)

State 171 file /home/dell/zyworkspace/nichecker/Experiment/remarks2.1_LA_PPR/svp_simple_029/_mt_svp_simple_029_001_result/_cs_svp_simple_029_001_tm_blocks[36]_rww_mt_svp_simple_029_001.c line 897 function main thread 0
----------------------------------------------------
  __cs_param_svp_simple_029_001_isr_1_arg=NULL (0000000000000000000000000000000000000000000000000000000000000000)

State 173 file /home/dell/zyworkspace/nichecker/Experiment/remarks2.1_LA_PPR/svp_simple_029/_mt_svp_simple_029_001_result/_cs_svp_simple_029_001_tm_blocks[36]_rww_mt_svp_simple_029_001.c line 206 function svp_simple_029_001_isr_1_0 thread 0
----------------------------------------------------
  __cs_local_svp_simple_029_001_isr_1___cs_tmp_if_cond_10=TRUE (00000001)

State 175 file /home/dell/zyworkspace/nichecker/Experiment/remarks2.1_LA_PPR/svp_simple_029/_mt_svp_simple_029_001_result/_cs_svp_simple_029_001_tm_blocks[36]_rww_mt_svp_simple_029_001.c line 212 function svp_simple_029_001_isr_1_0 thread 0
----------------------------------------------------
  svp_simple_029_001_average_adjust_count=1 (00000001)

State 176 file /home/dell/zyworkspace/nichecker/Experiment/remarks2.1_LA_PPR/svp_simple_029/_mt_svp_simple_029_001_result/_cs_svp_simple_029_001_tm_blocks[36]_rww_mt_svp_simple_029_001.c line 216 function svp_simple_029_001_isr_1_0 thread 0
----------------------------------------------------
  __cs_local_svp_simple_029_001_isr_1___cs_tmp_if_cond_11=TRUE (00000001)

State 178 file /home/dell/zyworkspace/nichecker/Experiment/remarks2.1_LA_PPR/svp_simple_029/_mt_svp_simple_029_001_result/_cs_svp_simple_029_001_tm_blocks[36]_rww_mt_svp_simple_029_001.c line 225 function svp_simple_029_001_isr_1_0 thread 0
----------------------------------------------------
  __cs_local_svp_simple_029_001_isr_1_tm_data=1 (00000001)

State 179 file /home/dell/zyworkspace/nichecker/Experiment/remarks2.1_LA_PPR/svp_simple_029/_mt_svp_simple_029_001_result/_cs_svp_simple_029_001_tm_blocks[36]_rww_mt_svp_simple_029_001.c line 227 function svp_simple_029_001_isr_1_0 thread 0
----------------------------------------------------
  svp_simple_029_001_tm_blocks[36l]=1 (00000001)

State 185 file /home/dell/zyworkspace/nichecker/Experiment/remarks2.1_LA_PPR/svp_simple_029/_mt_svp_simple_029_001_result/_cs_svp_simple_029_001_tm_blocks[36]_rww_mt_svp_simple_029_001.c line 335 function svp_simple_029_001_isr_1_0 thread 0
----------------------------------------------------
  __cs_value_ptr=NULL (0000000000000000000000000000000000000000000000000000000000000000)

State 190 file /home/dell/zyworkspace/nichecker/Experiment/remarks2.1_LA_PPR/svp_simple_029/_mt_svp_simple_029_001_result/_cs_svp_simple_029_001_tm_blocks[36]_rww_mt_svp_simple_029_001.c line 899 function main thread 0
----------------------------------------------------
  __cs_pc[2l]=1 (001)

State 191 file /home/dell/zyworkspace/nichecker/Experiment/remarks2.1_LA_PPR/svp_simple_029/_mt_svp_simple_029_001_result/_cs_svp_simple_029_001_tm_blocks[36]_rww_mt_svp_simple_029_001.c line 909 function main thread 0
----------------------------------------------------
  __cs_tmp_t1_r1=7 (111)

State 193 file /home/dell/zyworkspace/nichecker/Experiment/remarks2.1_LA_PPR/svp_simple_029/_mt_svp_simple_029_001_result/_cs_svp_simple_029_001_tm_blocks[36]_rww_mt_svp_simple_029_001.c line 914 function main thread 0
----------------------------------------------------
  __cs_thread_index=1 (01)

State 194 file /home/dell/zyworkspace/nichecker/Experiment/remarks2.1_LA_PPR/svp_simple_029/_mt_svp_simple_029_001_result/_cs_svp_simple_029_001_tm_blocks[36]_rww_mt_svp_simple_029_001.c line 916 function main thread 0
----------------------------------------------------
  __cs_pc_cs[1l]=7 (111)

State 199 file /home/dell/zyworkspace/nichecker/Experiment/remarks2.1_LA_PPR/svp_simple_029/_mt_svp_simple_029_001_result/_cs_svp_simple_029_001_tm_blocks[36]_rww_mt_svp_simple_029_001.c line 922 function main thread 0
----------------------------------------------------
  __cs_param_main_task_arg=NULL (0000000000000000000000000000000000000000000000000000000000000000)

State 206 file /home/dell/zyworkspace/nichecker/Experiment/remarks2.1_LA_PPR/svp_simple_029/_mt_svp_simple_029_001_result/_cs_svp_simple_029_001_tm_blocks[36]_rww_mt_svp_simple_029_001.c line 732 function main_task_0 thread 0
----------------------------------------------------
  __cs_local_main_task_ctrl_sts=145 (10010001)

State 208 file /home/dell/zyworkspace/nichecker/Experiment/remarks2.1_LA_PPR/svp_simple_029/_mt_svp_simple_029_001_result/_cs_svp_simple_029_001_tm_blocks[36]_rww_mt_svp_simple_029_001.c line 745 function main_task_0 thread 0
----------------------------------------------------
  __cs_local_main_task___cs_tmp_if_cond_4=TRUE (00000001)

State 210 file /home/dell/zyworkspace/nichecker/Experiment/remarks2.1_LA_PPR/svp_simple_029/_mt_svp_simple_029_001_result/_cs_svp_simple_029_001_tm_blocks[36]_rww_mt_svp_simple_029_001.c line 756 function main_task_0 thread 0
----------------------------------------------------
  __cs_local_main_task_tm_name=37u (00000000000000000000000000100101)

State 211 file /home/dell/zyworkspace/nichecker/Experiment/remarks2.1_LA_PPR/svp_simple_029/_mt_svp_simple_029_001_result/_cs_svp_simple_029_001_tm_blocks[36]_rww_mt_svp_simple_029_001.c line 759 function main_task_0 thread 0
----------------------------------------------------
  __cs_local_main_task___cs_retval__svp_simple_029_001_GetTmData_1=0 (00000000)

State 214 file /home/dell/zyworkspace/nichecker/Experiment/remarks2.1_LA_PPR/svp_simple_029/_mt_svp_simple_029_001_result/_cs_svp_simple_029_001_tm_blocks[36]_rww_mt_svp_simple_029_001.c line 773 function main_task_0 thread 0
----------------------------------------------------
  __cs_local_main_task_ctrl_sts=145 (10010001)

State 216 file /home/dell/zyworkspace/nichecker/Experiment/remarks2.1_LA_PPR/svp_simple_029/_mt_svp_simple_029_001_result/_cs_svp_simple_029_001_tm_blocks[36]_rww_mt_svp_simple_029_001.c line 784 function main_task_0 thread 0
----------------------------------------------------
  __cs_local_main_task_ctrl_sts=145 (10010001)

State 217 file /home/dell/zyworkspace/nichecker/Experiment/remarks2.1_LA_PPR/svp_simple_029/_mt_svp_simple_029_001_result/_cs_svp_simple_029_001_tm_blocks[36]_rww_mt_svp_simple_029_001.c line 789 function main_task_0 thread 0
----------------------------------------------------
  __cs_local_main_task___cs_tmp_if_cond_5=TRUE (00000001)

State 219 file /home/dell/zyworkspace/nichecker/Experiment/remarks2.1_LA_PPR/svp_simple_029/_mt_svp_simple_029_001_result/_cs_svp_simple_029_001_tm_blocks[36]_rww_mt_svp_simple_029_001.c line 798 function main_task_0 thread 0
----------------------------------------------------
  __cs_local_main_task_tm_name=36u (00000000000000000000000000100100)

State 220 file /home/dell/zyworkspace/nichecker/Experiment/remarks2.1_LA_PPR/svp_simple_029/_mt_svp_simple_029_001_result/_cs_svp_simple_029_001_tm_blocks[36]_rww_mt_svp_simple_029_001.c line 802 function main_task_0 thread 0
----------------------------------------------------
  __cs_local_main_task_tm_data=145 (10010001)

State 222 file /home/dell/zyworkspace/nichecker/Experiment/remarks2.1_LA_PPR/svp_simple_029/_mt_svp_simple_029_001_result/_cs_svp_simple_029_001_tm_blocks[36]_rww_mt_svp_simple_029_001.c line 806 function main_task_0 thread 0
----------------------------------------------------
  rww_w1=1 (00000001)

Violated property:
  file /home/dell/zyworkspace/nichecker/Experiment/remarks2.1_LA_PPR/svp_simple_029/_mt_svp_simple_029_001_result/_cs_svp_simple_029_001_tm_blocks[36]_rww_mt_svp_simple_029_001.c line 808 function main_task_0
  assertion rww_w1 == rww_r_tmp1
  rww_w1 == rww_r_tmp1


** 1 of 1 failed (1 iteration)
VERIFICATION FAILED
