2023-10-15 16:23:29
SVPCheck: True	LoopAbstraction: True	LabelReduction: False	Slice: True	

SVPCheck var: svp_simple_019_001_global_var1	pattern: rwr
--------------------------Run start-------------------------------
inliner
slice
LoopAbstraction
unroller
insertLabel
lazyseq
feeder  0.208
[91mUNSAFE[0m, counterexample: 1, time: 2.715 s, memory: 30.22 MB
--------------------------Run end---------------------------------
SVPCheck var: svp_simple_019_001_global_var2	pattern: rwr
--------------------------Run start-------------------------------
inliner
slice
LoopAbstraction
unroller
insertLabel
lazyseq
feeder  0.272
[92mSAFE[0m, counterexample: 0, time: 2.762 s, memory: 32.29 MB
--------------------------Run end---------------------------------
SVPCheck var: svp_simple_019_001_global_condition3	pattern: rwr
--------------------------Run start-------------------------------
inliner
slice
LoopAbstraction
unroller
insertLabel
lazyseq
feeder  0.186
[92mSAFE[0m, counterexample: 0, time: 2.601 s, memory: 29.23 MB
--------------------------Run end---------------------------------
cbmcTimeSum: 0.666
modulesTimeSum: 8.078
