CBMC version 5.6 64-bit x86_64 linux
Parsing /home/dell/zyworkspace/nichecker/Experiment/remarks2.1_LA_Slicing_PPR/svp_simple_014/_mt_svp_simple_014_001_result/_cs_svp_simple_014_001_global_var1_rwr_mt_svp_simple_014_001.c
<command-line>: warning: "__STDC_VERSION__" redefined
<built-in>: note: this is the location of the previous definition
Converting
Type-checking _cs_svp_simple_014_001_global_var1_rwr_mt_svp_simple_014_001
file /home/dell/zyworkspace/nichecker/Experiment/remarks2.1_LA_Slicing_PPR/svp_simple_014/_mt_svp_simple_014_001_result/_cs_svp_simple_014_001_global_var1_rwr_mt_svp_simple_014_001.c line 336 function svp_simple_014_001_isr_1_0: function `assert' is not declared
Generating GOTO Program
Adding CPROVER library (x86_64)
Removal of function pointers and virtual functions
Partial Inlining
Generic Property Instrumentation
Starting Bounded Model Checking
**** WARNING: no body for function enable_isr
**** WARNING: no body for function disable_isr
size of program expression: 944 steps
simple slicing removed 198 assignments
Generated 5 VCC(s), 5 remaining after simplification
Passing problem to propositional reduction
converting SSA
Running propositional reduction
Post-processing
Solving with MiniSAT 2.2.1 with simplifier
4539 variables, 13940 clauses
SAT checker: instance is SATISFIABLE
Solving with MiniSAT 2.2.1 with simplifier
4539 variables, 4880 clauses
SAT checker: instance is UNSATISFIABLE
Runtime decision procedure: 0.023s

** Results:
[svp_simple_014_001_isr_1_0.assertion.1] assertion rwr_r1 == rwr_tmp2: SUCCESS
[svp_simple_014_001_isr_1_0.assertion.2] assertion rwr_r2 == rwr_tmp2: SUCCESS
[svp_simple_014_001_isr_1_0.assertion.3] assertion rwr_r3 == rwr_tmp2: FAILURE

Trace for svp_simple_014_001_isr_1_0.assertion.3:

State 59 file /home/dell/zyworkspace/nichecker/Experiment/remarks2.1_LA_Slicing_PPR/svp_simple_014/_mt_svp_simple_014_001_result/_cs_svp_simple_014_001_global_var1_rwr_mt_svp_simple_014_001.c line 513 function main thread 0
----------------------------------------------------
  __cs_tmp_t1_r0=2 (10)

State 61 file /home/dell/zyworkspace/nichecker/Experiment/remarks2.1_LA_Slicing_PPR/svp_simple_014/_mt_svp_simple_014_001_result/_cs_svp_simple_014_001_global_var1_rwr_mt_svp_simple_014_001.c line 517 function main thread 0
----------------------------------------------------
  __cs_thread_index=1 (001)

State 62 file /home/dell/zyworkspace/nichecker/Experiment/remarks2.1_LA_Slicing_PPR/svp_simple_014/_mt_svp_simple_014_001_result/_cs_svp_simple_014_001_global_var1_rwr_mt_svp_simple_014_001.c line 519 function main thread 0
----------------------------------------------------
  __cs_pc_cs[1l]=2 (010)

State 67 file /home/dell/zyworkspace/nichecker/Experiment/remarks2.1_LA_Slicing_PPR/svp_simple_014/_mt_svp_simple_014_001_result/_cs_svp_simple_014_001_global_var1_rwr_mt_svp_simple_014_001.c line 525 function main thread 0
----------------------------------------------------
  __cs_param_main_task_arg=NULL (0000000000000000000000000000000000000000000000000000000000000000)

State 72 file /home/dell/zyworkspace/nichecker/Experiment/remarks2.1_LA_Slicing_PPR/svp_simple_014/_mt_svp_simple_014_001_result/_cs_svp_simple_014_001_global_var1_rwr_mt_svp_simple_014_001.c line 221 function main_task_0 thread 0
----------------------------------------------------
  __cs_disable_thread[2l]=0 (0)

State 73 file /home/dell/zyworkspace/nichecker/Experiment/remarks2.1_LA_Slicing_PPR/svp_simple_014/_mt_svp_simple_014_001_result/_cs_svp_simple_014_001_global_var1_rwr_mt_svp_simple_014_001.c line 224 function main_task_0 thread 0
----------------------------------------------------
  __cs_disable_thread[3l]=0 (0)

State 74 file /home/dell/zyworkspace/nichecker/Experiment/remarks2.1_LA_Slicing_PPR/svp_simple_014/_mt_svp_simple_014_001_result/_cs_svp_simple_014_001_global_var1_rwr_mt_svp_simple_014_001.c line 227 function main_task_0 thread 0
----------------------------------------------------
  __cs_disable_thread[4l]=0 (0)

State 75 file /home/dell/zyworkspace/nichecker/Experiment/remarks2.1_LA_Slicing_PPR/svp_simple_014/_mt_svp_simple_014_001_result/_cs_svp_simple_014_001_global_var1_rwr_mt_svp_simple_014_001.c line 230 function main_task_0 thread 0
----------------------------------------------------
  __cs_disable_thread[0l]=0 (0)

State 77 file /home/dell/zyworkspace/nichecker/Experiment/remarks2.1_LA_Slicing_PPR/svp_simple_014/_mt_svp_simple_014_001_result/_cs_svp_simple_014_001_global_var1_rwr_mt_svp_simple_014_001.c line 242 function main_task_0 thread 0
----------------------------------------------------
  __cs_local_main_task_i=0 (00000000000000000000000000000000)

State 81 file /home/dell/zyworkspace/nichecker/Experiment/remarks2.1_LA_Slicing_PPR/svp_simple_014/_mt_svp_simple_014_001_result/_cs_svp_simple_014_001_global_var1_rwr_mt_svp_simple_014_001.c line 257 function main_task_0 thread 0
----------------------------------------------------
  __cs_value_ptr=NULL (0000000000000000000000000000000000000000000000000000000000000000)

State 86 file /home/dell/zyworkspace/nichecker/Experiment/remarks2.1_LA_Slicing_PPR/svp_simple_014/_mt_svp_simple_014_001_result/_cs_svp_simple_014_001_global_var1_rwr_mt_svp_simple_014_001.c line 527 function main thread 0
----------------------------------------------------
  __cs_pc[1l]=2 (010)

State 87 file /home/dell/zyworkspace/nichecker/Experiment/remarks2.1_LA_Slicing_PPR/svp_simple_014/_mt_svp_simple_014_001_result/_cs_svp_simple_014_001_global_var1_rwr_mt_svp_simple_014_001.c line 533 function main thread 0
----------------------------------------------------
  __cs_tmp_t2_r0=1 (001)

State 94 file /home/dell/zyworkspace/nichecker/Experiment/remarks2.1_LA_Slicing_PPR/svp_simple_014/_mt_svp_simple_014_001_result/_cs_svp_simple_014_001_global_var1_rwr_mt_svp_simple_014_001.c line 538 function main thread 0
----------------------------------------------------
  __cs_thread_index=2 (010)

State 95 file /home/dell/zyworkspace/nichecker/Experiment/remarks2.1_LA_Slicing_PPR/svp_simple_014/_mt_svp_simple_014_001_result/_cs_svp_simple_014_001_global_var1_rwr_mt_svp_simple_014_001.c line 540 function main thread 0
----------------------------------------------------
  __cs_pc_cs[2l]=1 (001)

State 100 file /home/dell/zyworkspace/nichecker/Experiment/remarks2.1_LA_Slicing_PPR/svp_simple_014/_mt_svp_simple_014_001_result/_cs_svp_simple_014_001_global_var1_rwr_mt_svp_simple_014_001.c line 546 function main thread 0
----------------------------------------------------
  __cs_param_svp_simple_014_001_isr_1_arg=NULL (0000000000000000000000000000000000000000000000000000000000000000)

State 105 file /home/dell/zyworkspace/nichecker/Experiment/remarks2.1_LA_Slicing_PPR/svp_simple_014/_mt_svp_simple_014_001_result/_cs_svp_simple_014_001_global_var1_rwr_mt_svp_simple_014_001.c line 269 function svp_simple_014_001_isr_1_0 thread 0
----------------------------------------------------
  __cs_disable_thread[4l]=1 (1)

State 106 file /home/dell/zyworkspace/nichecker/Experiment/remarks2.1_LA_Slicing_PPR/svp_simple_014/_mt_svp_simple_014_001_result/_cs_svp_simple_014_001_global_var1_rwr_mt_svp_simple_014_001.c line 278 function svp_simple_014_001_isr_1_0 thread 0
----------------------------------------------------
  __cs_local_svp_simple_014_001_isr_1_reader3=0 (00000000000000000000000000000000)

State 107 file /home/dell/zyworkspace/nichecker/Experiment/remarks2.1_LA_Slicing_PPR/svp_simple_014/_mt_svp_simple_014_001_result/_cs_svp_simple_014_001_global_var1_rwr_mt_svp_simple_014_001.c line 281 function svp_simple_014_001_isr_1_0 thread 0
----------------------------------------------------
  __cs_local_svp_simple_014_001_isr_1_reader4=0 (00000000000000000000000000000000)

State 108 file /home/dell/zyworkspace/nichecker/Experiment/remarks2.1_LA_Slicing_PPR/svp_simple_014/_mt_svp_simple_014_001_result/_cs_svp_simple_014_001_global_var1_rwr_mt_svp_simple_014_001.c line 287 function svp_simple_014_001_isr_1_0 thread 0
----------------------------------------------------
  __cs_local_svp_simple_014_001_isr_1_i=0 (00000000000000000000000000000000)

State 109 file /home/dell/zyworkspace/nichecker/Experiment/remarks2.1_LA_Slicing_PPR/svp_simple_014/_mt_svp_simple_014_001_result/_cs_svp_simple_014_001_global_var1_rwr_mt_svp_simple_014_001.c line 294 function svp_simple_014_001_isr_1_0 thread 0
----------------------------------------------------
  __cs_local_svp_simple_014_001_isr_1_t_1=0 (00000000000000000000000000000000)

State 111 file /home/dell/zyworkspace/nichecker/Experiment/remarks2.1_LA_Slicing_PPR/svp_simple_014/_mt_svp_simple_014_001_result/_cs_svp_simple_014_001_global_var1_rwr_mt_svp_simple_014_001.c line 312 function svp_simple_014_001_isr_1_0 thread 0
----------------------------------------------------
  __cs_local_svp_simple_014_001_isr_1_loop_1_IOVar1=0 (00000000000000000000000000000000)

State 112 file /home/dell/zyworkspace/nichecker/Experiment/remarks2.1_LA_Slicing_PPR/svp_simple_014/_mt_svp_simple_014_001_result/_cs_svp_simple_014_001_global_var1_rwr_mt_svp_simple_014_001.c line 314 function svp_simple_014_001_isr_1_0 thread 0
----------------------------------------------------
  __cs_local_svp_simple_014_001_isr_1_loop_1_block_2=99 (00000000000000000000000001100011)

State 113 file /home/dell/zyworkspace/nichecker/Experiment/remarks2.1_LA_Slicing_PPR/svp_simple_014/_mt_svp_simple_014_001_result/_cs_svp_simple_014_001_global_var1_rwr_mt_svp_simple_014_001.c line 316 function svp_simple_014_001_isr_1_0 thread 0
----------------------------------------------------
  __cs_local_svp_simple_014_001_isr_1_i=99 (00000000000000000000000001100011)

State 116 file /home/dell/zyworkspace/nichecker/Experiment/remarks2.1_LA_Slicing_PPR/svp_simple_014/_mt_svp_simple_014_001_result/_cs_svp_simple_014_001_global_var1_rwr_mt_svp_simple_014_001.c line 326 function svp_simple_014_001_isr_1_0 thread 0
----------------------------------------------------
  __cs_local_svp_simple_014_001_isr_1___cs_tmp_if_cond_0=TRUE (00000001)

State 118 file /home/dell/zyworkspace/nichecker/Experiment/remarks2.1_LA_Slicing_PPR/svp_simple_014/_mt_svp_simple_014_001_result/_cs_svp_simple_014_001_global_var1_rwr_mt_svp_simple_014_001.c line 332 function svp_simple_014_001_isr_1_0 thread 0
----------------------------------------------------
  __cs_local_svp_simple_014_001_isr_1_reader1=1 (00000000000000000000000000000001)

State 119 file /home/dell/zyworkspace/nichecker/Experiment/remarks2.1_LA_Slicing_PPR/svp_simple_014/_mt_svp_simple_014_001_result/_cs_svp_simple_014_001_global_var1_rwr_mt_svp_simple_014_001.c line 334 function svp_simple_014_001_isr_1_0 thread 0
----------------------------------------------------
  rwr_r1=1 (00000000000000000000000000000001)

State 121 file /home/dell/zyworkspace/nichecker/Experiment/remarks2.1_LA_Slicing_PPR/svp_simple_014/_mt_svp_simple_014_001_result/_cs_svp_simple_014_001_global_var1_rwr_mt_svp_simple_014_001.c line 338 function svp_simple_014_001_isr_1_0 thread 0
----------------------------------------------------
  rwr_tmp2_num=1 (00000000000000000000000000000001)

State 122 file /home/dell/zyworkspace/nichecker/Experiment/remarks2.1_LA_Slicing_PPR/svp_simple_014/_mt_svp_simple_014_001_result/_cs_svp_simple_014_001_global_var1_rwr_mt_svp_simple_014_001.c line 339 function svp_simple_014_001_isr_1_0 thread 0
----------------------------------------------------
  rwr_tmp2=1 (00000000000000000000000000000001)

State 129 file /home/dell/zyworkspace/nichecker/Experiment/remarks2.1_LA_Slicing_PPR/svp_simple_014/_mt_svp_simple_014_001_result/_cs_svp_simple_014_001_global_var1_rwr_mt_svp_simple_014_001.c line 462 function svp_simple_014_001_isr_1_0 thread 0
----------------------------------------------------
  __cs_value_ptr=NULL (0000000000000000000000000000000000000000000000000000000000000000)

State 134 file /home/dell/zyworkspace/nichecker/Experiment/remarks2.1_LA_Slicing_PPR/svp_simple_014/_mt_svp_simple_014_001_result/_cs_svp_simple_014_001_global_var1_rwr_mt_svp_simple_014_001.c line 548 function main thread 0
----------------------------------------------------
  __cs_pc[2l]=1 (001)

State 135 file /home/dell/zyworkspace/nichecker/Experiment/remarks2.1_LA_Slicing_PPR/svp_simple_014/_mt_svp_simple_014_001_result/_cs_svp_simple_014_001_global_var1_rwr_mt_svp_simple_014_001.c line 554 function main thread 0
----------------------------------------------------
  __cs_tmp_t3_r0=3 (11)

State 137 file /home/dell/zyworkspace/nichecker/Experiment/remarks2.1_LA_Slicing_PPR/svp_simple_014/_mt_svp_simple_014_001_result/_cs_svp_simple_014_001_global_var1_rwr_mt_svp_simple_014_001.c line 559 function main thread 0
----------------------------------------------------
  __cs_thread_index=3 (011)

State 138 file /home/dell/zyworkspace/nichecker/Experiment/remarks2.1_LA_Slicing_PPR/svp_simple_014/_mt_svp_simple_014_001_result/_cs_svp_simple_014_001_global_var1_rwr_mt_svp_simple_014_001.c line 561 function main thread 0
----------------------------------------------------
  __cs_pc_cs[3l]=3 (011)

State 143 file /home/dell/zyworkspace/nichecker/Experiment/remarks2.1_LA_Slicing_PPR/svp_simple_014/_mt_svp_simple_014_001_result/_cs_svp_simple_014_001_global_var1_rwr_mt_svp_simple_014_001.c line 567 function main thread 0
----------------------------------------------------
  __cs_param_svp_simple_014_001_isr_2_arg=NULL (0000000000000000000000000000000000000000000000000000000000000000)

State 145 file /home/dell/zyworkspace/nichecker/Experiment/remarks2.1_LA_Slicing_PPR/svp_simple_014/_mt_svp_simple_014_001_result/_cs_svp_simple_014_001_global_var1_rwr_mt_svp_simple_014_001.c line 472 function svp_simple_014_001_isr_2_0 thread 0
----------------------------------------------------
  svp_simple_014_001_global_flag1=1 (00000000000000000000000000000001)

State 150 file /home/dell/zyworkspace/nichecker/Experiment/remarks2.1_LA_Slicing_PPR/svp_simple_014/_mt_svp_simple_014_001_result/_cs_svp_simple_014_001_global_var1_rwr_mt_svp_simple_014_001.c line 478 function svp_simple_014_001_isr_2_0 thread 0
----------------------------------------------------
  __cs_disable_thread[4l]=0 (0)

State 152 file /home/dell/zyworkspace/nichecker/Experiment/remarks2.1_LA_Slicing_PPR/svp_simple_014/_mt_svp_simple_014_001_result/_cs_svp_simple_014_001_global_var1_rwr_mt_svp_simple_014_001.c line 487 function svp_simple_014_001_isr_2_0 thread 0
----------------------------------------------------
  __cs_local_svp_simple_014_001_isr_2_i=0 (00000000000000000000000000000000)

State 156 file /home/dell/zyworkspace/nichecker/Experiment/remarks2.1_LA_Slicing_PPR/svp_simple_014/_mt_svp_simple_014_001_result/_cs_svp_simple_014_001_global_var1_rwr_mt_svp_simple_014_001.c line 501 function svp_simple_014_001_isr_2_0 thread 0
----------------------------------------------------
  __cs_value_ptr=NULL (0000000000000000000000000000000000000000000000000000000000000000)

State 161 file /home/dell/zyworkspace/nichecker/Experiment/remarks2.1_LA_Slicing_PPR/svp_simple_014/_mt_svp_simple_014_001_result/_cs_svp_simple_014_001_global_var1_rwr_mt_svp_simple_014_001.c line 569 function main thread 0
----------------------------------------------------
  __cs_pc[3l]=3 (011)

State 162 file /home/dell/zyworkspace/nichecker/Experiment/remarks2.1_LA_Slicing_PPR/svp_simple_014/_mt_svp_simple_014_001_result/_cs_svp_simple_014_001_global_var1_rwr_mt_svp_simple_014_001.c line 575 function main thread 0
----------------------------------------------------
  __cs_tmp_t4_r0=1 (1)

State 164 file /home/dell/zyworkspace/nichecker/Experiment/remarks2.1_LA_Slicing_PPR/svp_simple_014/_mt_svp_simple_014_001_result/_cs_svp_simple_014_001_global_var1_rwr_mt_svp_simple_014_001.c line 580 function main thread 0
----------------------------------------------------
  __cs_thread_index=4 (100)

State 165 file /home/dell/zyworkspace/nichecker/Experiment/remarks2.1_LA_Slicing_PPR/svp_simple_014/_mt_svp_simple_014_001_result/_cs_svp_simple_014_001_global_var1_rwr_mt_svp_simple_014_001.c line 582 function main thread 0
----------------------------------------------------
  __cs_pc_cs[4l]=1 (001)

State 170 file /home/dell/zyworkspace/nichecker/Experiment/remarks2.1_LA_Slicing_PPR/svp_simple_014/_mt_svp_simple_014_001_result/_cs_svp_simple_014_001_global_var1_rwr_mt_svp_simple_014_001.c line 588 function main thread 0
----------------------------------------------------
  __cs_param_svp_simple_014_001_isr_3_arg=NULL (0000000000000000000000000000000000000000000000000000000000000000)

State 172 file /home/dell/zyworkspace/nichecker/Experiment/remarks2.1_LA_Slicing_PPR/svp_simple_014/_mt_svp_simple_014_001_result/_cs_svp_simple_014_001_global_var1_rwr_mt_svp_simple_014_001.c line 189 function svp_simple_014_001_isr_3_0 thread 0
----------------------------------------------------
  __cs_local_svp_simple_014_001_isr_3___cs_tmp_if_cond_1=TRUE (00000001)

State 174 file /home/dell/zyworkspace/nichecker/Experiment/remarks2.1_LA_Slicing_PPR/svp_simple_014/_mt_svp_simple_014_001_result/_cs_svp_simple_014_001_global_var1_rwr_mt_svp_simple_014_001.c line 194 function svp_simple_014_001_isr_3_0 thread 0
----------------------------------------------------
  svp_simple_014_001_global_var1=9 (00000000000000000000000000001001)

State 178 file /home/dell/zyworkspace/nichecker/Experiment/remarks2.1_LA_Slicing_PPR/svp_simple_014/_mt_svp_simple_014_001_result/_cs_svp_simple_014_001_global_var1_rwr_mt_svp_simple_014_001.c line 209 function svp_simple_014_001_isr_3_0 thread 0
----------------------------------------------------
  __cs_value_ptr=NULL (0000000000000000000000000000000000000000000000000000000000000000)

State 183 file /home/dell/zyworkspace/nichecker/Experiment/remarks2.1_LA_Slicing_PPR/svp_simple_014/_mt_svp_simple_014_001_result/_cs_svp_simple_014_001_global_var1_rwr_mt_svp_simple_014_001.c line 590 function main thread 0
----------------------------------------------------
  __cs_pc[4l]=1 (001)

State 184 file /home/dell/zyworkspace/nichecker/Experiment/remarks2.1_LA_Slicing_PPR/svp_simple_014/_mt_svp_simple_014_001_result/_cs_svp_simple_014_001_global_var1_rwr_mt_svp_simple_014_001.c line 600 function main thread 0
----------------------------------------------------
  __cs_tmp_t1_r1=0 (00)

State 190 file /home/dell/zyworkspace/nichecker/Experiment/remarks2.1_LA_Slicing_PPR/svp_simple_014/_mt_svp_simple_014_001_result/_cs_svp_simple_014_001_global_var1_rwr_mt_svp_simple_014_001.c line 621 function main thread 0
----------------------------------------------------
  __cs_tmp_t2_r1=4 (100)

State 196 file /home/dell/zyworkspace/nichecker/Experiment/remarks2.1_LA_Slicing_PPR/svp_simple_014/_mt_svp_simple_014_001_result/_cs_svp_simple_014_001_global_var1_rwr_mt_svp_simple_014_001.c line 626 function main thread 0
----------------------------------------------------
  __cs_thread_index=2 (010)

State 197 file /home/dell/zyworkspace/nichecker/Experiment/remarks2.1_LA_Slicing_PPR/svp_simple_014/_mt_svp_simple_014_001_result/_cs_svp_simple_014_001_global_var1_rwr_mt_svp_simple_014_001.c line 628 function main thread 0
----------------------------------------------------
  __cs_pc_cs[2l]=4 (100)

State 202 file /home/dell/zyworkspace/nichecker/Experiment/remarks2.1_LA_Slicing_PPR/svp_simple_014/_mt_svp_simple_014_001_result/_cs_svp_simple_014_001_global_var1_rwr_mt_svp_simple_014_001.c line 634 function main thread 0
----------------------------------------------------
  __cs_param_svp_simple_014_001_isr_1_arg=NULL (0000000000000000000000000000000000000000000000000000000000000000)

State 206 file /home/dell/zyworkspace/nichecker/Experiment/remarks2.1_LA_Slicing_PPR/svp_simple_014/_mt_svp_simple_014_001_result/_cs_svp_simple_014_001_global_var1_rwr_mt_svp_simple_014_001.c line 352 function svp_simple_014_001_isr_1_0 thread 0
----------------------------------------------------
  __cs_local_svp_simple_014_001_isr_1_i=100 (00000000000000000000000001100100)

State 207 file /home/dell/zyworkspace/nichecker/Experiment/remarks2.1_LA_Slicing_PPR/svp_simple_014/_mt_svp_simple_014_001_result/_cs_svp_simple_014_001_global_var1_rwr_mt_svp_simple_014_001.c line 357 function svp_simple_014_001_isr_1_0 thread 0
----------------------------------------------------
  __cs_local_svp_simple_014_001_isr_1_t_1=1 (00000000000000000000000000000001)

State 210 file /home/dell/zyworkspace/nichecker/Experiment/remarks2.1_LA_Slicing_PPR/svp_simple_014/_mt_svp_simple_014_001_result/_cs_svp_simple_014_001_global_var1_rwr_mt_svp_simple_014_001.c line 364 function svp_simple_014_001_isr_1_0 thread 0
----------------------------------------------------
  __cs_pc[2l]=3 (011)

State 217 file /home/dell/zyworkspace/nichecker/Experiment/remarks2.1_LA_Slicing_PPR/svp_simple_014/_mt_svp_simple_014_001_result/_cs_svp_simple_014_001_global_var1_rwr_mt_svp_simple_014_001.c line 441 function svp_simple_014_001_isr_1_0 thread 0
----------------------------------------------------
  __cs_local_svp_simple_014_001_isr_1_reader2=9 (00000000000000000000000000001001)

State 218 file /home/dell/zyworkspace/nichecker/Experiment/remarks2.1_LA_Slicing_PPR/svp_simple_014/_mt_svp_simple_014_001_result/_cs_svp_simple_014_001_global_var1_rwr_mt_svp_simple_014_001.c line 443 function svp_simple_014_001_isr_1_0 thread 0
----------------------------------------------------
  rwr_r3=9 (00000000000000000000000000001001)

Violated property:
  file /home/dell/zyworkspace/nichecker/Experiment/remarks2.1_LA_Slicing_PPR/svp_simple_014/_mt_svp_simple_014_001_result/_cs_svp_simple_014_001_global_var1_rwr_mt_svp_simple_014_001.c line 445 function svp_simple_014_001_isr_1_0
  assertion rwr_r3 == rwr_tmp2
  rwr_r3 == rwr_tmp2


** 1 of 3 failed (2 iterations)
VERIFICATION FAILED
