2024-06-03 21:09:36
SVPCheck: True	LoopAbstraction: True	LabelReduction: True	Slice: True	

SVPCheck var: svp_simple_014_001_global_var1	pattern: rwr
--------------------------Run start-------------------------------
inliner
slice
LoopAbstraction
unroller
insertLabel
lazyseq
feeder  0.248
[91mUNSAFE[0m, counterexample: 1, time: 3.779 s, memory: 31.15 MB
--------------------------Run end---------------------------------
SVPCheck var: svp_simple_014_001_global_var2	pattern: rwr
--------------------------Run start-------------------------------
inliner
slice
LoopAbstraction
unroller
insertLabel
lazyseq
feeder  0.215
[92mSAFE[0m, counterexample: 0, time: 3.849 s, memory: 30.21 MB
--------------------------Run end---------------------------------
cbmcTimeSum: 0.463
modulesTimeSum: 7.628
