CBMC version 5.6 64-bit x86_64 linux
Parsing /home/dell/zyworkspace/nichecker/Experiment/remarks2.1_LA_Slicing/svp_simple_022/_mt_svp_simple_022_001_result/_cs_svp_simple_022_001_global_var1_rwr_mt_svp_simple_022_001.c
<command-line>: warning: "__STDC_VERSION__" redefined
<built-in>: note: this is the location of the previous definition
Converting
Type-checking _cs_svp_simple_022_001_global_var1_rwr_mt_svp_simple_022_001
file /home/dell/zyworkspace/nichecker/Experiment/remarks2.1_LA_Slicing/svp_simple_022/_mt_svp_simple_022_001_result/_cs_svp_simple_022_001_global_var1_rwr_mt_svp_simple_022_001.c line 194 function main_task_0: function `nondet_rand' is not declared
file /home/dell/zyworkspace/nichecker/Experiment/remarks2.1_LA_Slicing/svp_simple_022/_mt_svp_simple_022_001_result/_cs_svp_simple_022_001_global_var1_rwr_mt_svp_simple_022_001.c line 228 function main_task_0: function `assert' is not declared
Generating GOTO Program
Adding CPROVER library (x86_64)
Removal of function pointers and virtual functions
Partial Inlining
Generic Property Instrumentation
Starting Bounded Model Checking
**** WARNING: no body for function enable_isr
size of program expression: 521 steps
simple slicing removed 21 assignments
Generated 8 VCC(s), 8 remaining after simplification
Passing problem to propositional reduction
converting SSA
Running propositional reduction
Post-processing
Solving with MiniSAT 2.2.1 with simplifier
3073 variables, 9576 clauses
SAT checker: instance is SATISFIABLE
Solving with MiniSAT 2.2.1 with simplifier
3073 variables, 4372 clauses
SAT checker: instance is UNSATISFIABLE
Runtime decision procedure: 0.018s

** Results:
[main_task_0.assertion.1] assertion rwr_r1 == rwr_tmp1: SUCCESS
[main_task_0.assertion.2] assertion rwr_r2 == rwr_tmp1: SUCCESS
[main_task_0.assertion.3] assertion rwr_r3 == rwr_tmp1: FAILURE

Trace for main_task_0.assertion.3:

State 44 file /home/dell/zyworkspace/nichecker/Experiment/remarks2.1_LA_Slicing/svp_simple_022/_mt_svp_simple_022_001_result/_cs_svp_simple_022_001_global_var1_rwr_mt_svp_simple_022_001.c line 348 function main thread 0
----------------------------------------------------
  __cs_tmp_t1_r0=2 (010)

State 46 file /home/dell/zyworkspace/nichecker/Experiment/remarks2.1_LA_Slicing/svp_simple_022/_mt_svp_simple_022_001_result/_cs_svp_simple_022_001_global_var1_rwr_mt_svp_simple_022_001.c line 352 function main thread 0
----------------------------------------------------
  __cs_thread_index=1 (01)

State 47 file /home/dell/zyworkspace/nichecker/Experiment/remarks2.1_LA_Slicing/svp_simple_022/_mt_svp_simple_022_001_result/_cs_svp_simple_022_001_global_var1_rwr_mt_svp_simple_022_001.c line 354 function main thread 0
----------------------------------------------------
  __cs_pc_cs[1l]=2 (010)

State 52 file /home/dell/zyworkspace/nichecker/Experiment/remarks2.1_LA_Slicing/svp_simple_022/_mt_svp_simple_022_001_result/_cs_svp_simple_022_001_global_var1_rwr_mt_svp_simple_022_001.c line 360 function main thread 0
----------------------------------------------------
  __cs_param_main_task_arg=NULL (0000000000000000000000000000000000000000000000000000000000000000)

State 54 file /home/dell/zyworkspace/nichecker/Experiment/remarks2.1_LA_Slicing/svp_simple_022/_mt_svp_simple_022_001_result/_cs_svp_simple_022_001_global_var1_rwr_mt_svp_simple_022_001.c line 194 function main_task_0 thread 0
----------------------------------------------------
  svp_simple_022_001_global_var1=0 (00000000000000000000000000000000)

State 58 file /home/dell/zyworkspace/nichecker/Experiment/remarks2.1_LA_Slicing/svp_simple_022/_mt_svp_simple_022_001_result/_cs_svp_simple_022_001_global_var1_rwr_mt_svp_simple_022_001.c line 200 function main_task_0 thread 0
----------------------------------------------------
  __cs_disable_thread[2l]=0 (0)

State 59 file /home/dell/zyworkspace/nichecker/Experiment/remarks2.1_LA_Slicing/svp_simple_022/_mt_svp_simple_022_001_result/_cs_svp_simple_022_001_global_var1_rwr_mt_svp_simple_022_001.c line 203 function main_task_0 thread 0
----------------------------------------------------
  __cs_disable_thread[0l]=0 (0)

State 61 file /home/dell/zyworkspace/nichecker/Experiment/remarks2.1_LA_Slicing/svp_simple_022/_mt_svp_simple_022_001_result/_cs_svp_simple_022_001_global_var1_rwr_mt_svp_simple_022_001.c line 215 function main_task_0 thread 0
----------------------------------------------------
  svp_simple_022_001_global_var1=0 (00000000000000000000000000000000)

State 69 file /home/dell/zyworkspace/nichecker/Experiment/remarks2.1_LA_Slicing/svp_simple_022/_mt_svp_simple_022_001_result/_cs_svp_simple_022_001_global_var1_rwr_mt_svp_simple_022_001.c line 316 function main_task_0 thread 0
----------------------------------------------------
  __cs_value_ptr=NULL (0000000000000000000000000000000000000000000000000000000000000000)

State 74 file /home/dell/zyworkspace/nichecker/Experiment/remarks2.1_LA_Slicing/svp_simple_022/_mt_svp_simple_022_001_result/_cs_svp_simple_022_001_global_var1_rwr_mt_svp_simple_022_001.c line 362 function main thread 0
----------------------------------------------------
  __cs_pc[1l]=2 (010)

State 75 file /home/dell/zyworkspace/nichecker/Experiment/remarks2.1_LA_Slicing/svp_simple_022/_mt_svp_simple_022_001_result/_cs_svp_simple_022_001_global_var1_rwr_mt_svp_simple_022_001.c line 368 function main thread 0
----------------------------------------------------
  __cs_tmp_t2_r0=0 (0)

State 77 file /home/dell/zyworkspace/nichecker/Experiment/remarks2.1_LA_Slicing/svp_simple_022/_mt_svp_simple_022_001_result/_cs_svp_simple_022_001_global_var1_rwr_mt_svp_simple_022_001.c line 373 function main thread 0
----------------------------------------------------
  __cs_thread_index=2 (10)

State 78 file /home/dell/zyworkspace/nichecker/Experiment/remarks2.1_LA_Slicing/svp_simple_022/_mt_svp_simple_022_001_result/_cs_svp_simple_022_001_global_var1_rwr_mt_svp_simple_022_001.c line 375 function main thread 0
----------------------------------------------------
  __cs_pc_cs[2l]=0 (000)

State 83 file /home/dell/zyworkspace/nichecker/Experiment/remarks2.1_LA_Slicing/svp_simple_022/_mt_svp_simple_022_001_result/_cs_svp_simple_022_001_global_var1_rwr_mt_svp_simple_022_001.c line 381 function main thread 0
----------------------------------------------------
  __cs_param_svp_simple_022_001_isr_1_arg=NULL (0000000000000000000000000000000000000000000000000000000000000000)

State 87 file /home/dell/zyworkspace/nichecker/Experiment/remarks2.1_LA_Slicing/svp_simple_022/_mt_svp_simple_022_001_result/_cs_svp_simple_022_001_global_var1_rwr_mt_svp_simple_022_001.c line 336 function svp_simple_022_001_isr_1_0 thread 0
----------------------------------------------------
  __cs_value_ptr=NULL (0000000000000000000000000000000000000000000000000000000000000000)

State 92 file /home/dell/zyworkspace/nichecker/Experiment/remarks2.1_LA_Slicing/svp_simple_022/_mt_svp_simple_022_001_result/_cs_svp_simple_022_001_global_var1_rwr_mt_svp_simple_022_001.c line 383 function main thread 0
----------------------------------------------------
  __cs_pc[2l]=0 (000)

State 93 file /home/dell/zyworkspace/nichecker/Experiment/remarks2.1_LA_Slicing/svp_simple_022/_mt_svp_simple_022_001_result/_cs_svp_simple_022_001_global_var1_rwr_mt_svp_simple_022_001.c line 393 function main thread 0
----------------------------------------------------
  __cs_tmp_t1_r1=6 (110)

State 95 file /home/dell/zyworkspace/nichecker/Experiment/remarks2.1_LA_Slicing/svp_simple_022/_mt_svp_simple_022_001_result/_cs_svp_simple_022_001_global_var1_rwr_mt_svp_simple_022_001.c line 398 function main thread 0
----------------------------------------------------
  __cs_thread_index=1 (01)

State 96 file /home/dell/zyworkspace/nichecker/Experiment/remarks2.1_LA_Slicing/svp_simple_022/_mt_svp_simple_022_001_result/_cs_svp_simple_022_001_global_var1_rwr_mt_svp_simple_022_001.c line 400 function main thread 0
----------------------------------------------------
  __cs_pc_cs[1l]=6 (110)

State 101 file /home/dell/zyworkspace/nichecker/Experiment/remarks2.1_LA_Slicing/svp_simple_022/_mt_svp_simple_022_001_result/_cs_svp_simple_022_001_global_var1_rwr_mt_svp_simple_022_001.c line 406 function main thread 0
----------------------------------------------------
  __cs_param_main_task_arg=NULL (0000000000000000000000000000000000000000000000000000000000000000)

State 105 file /home/dell/zyworkspace/nichecker/Experiment/remarks2.1_LA_Slicing/svp_simple_022/_mt_svp_simple_022_001_result/_cs_svp_simple_022_001_global_var1_rwr_mt_svp_simple_022_001.c line 224 function main_task_0 thread 0
----------------------------------------------------
  __cs_local_main_task___cs_tmp_if_cond_0=FALSE (00000000)

State 106 file /home/dell/zyworkspace/nichecker/Experiment/remarks2.1_LA_Slicing/svp_simple_022/_mt_svp_simple_022_001_result/_cs_svp_simple_022_001_global_var1_rwr_mt_svp_simple_022_001.c line 226 function main_task_0 thread 0
----------------------------------------------------
  rwr_r1=0 (00000000000000000000000000000000)

State 108 file /home/dell/zyworkspace/nichecker/Experiment/remarks2.1_LA_Slicing/svp_simple_022/_mt_svp_simple_022_001_result/_cs_svp_simple_022_001_global_var1_rwr_mt_svp_simple_022_001.c line 230 function main_task_0 thread 0
----------------------------------------------------
  rwr_tmp1_num=1 (00000000000000000000000000000001)

State 109 file /home/dell/zyworkspace/nichecker/Experiment/remarks2.1_LA_Slicing/svp_simple_022/_mt_svp_simple_022_001_result/_cs_svp_simple_022_001_global_var1_rwr_mt_svp_simple_022_001.c line 231 function main_task_0 thread 0
----------------------------------------------------
  rwr_tmp1=0 (00000000000000000000000000000000)

State 113 file /home/dell/zyworkspace/nichecker/Experiment/remarks2.1_LA_Slicing/svp_simple_022/_mt_svp_simple_022_001_result/_cs_svp_simple_022_001_global_var1_rwr_mt_svp_simple_022_001.c line 252 function main_task_0 thread 0
----------------------------------------------------
  svp_simple_022_001_global_var1=0 (00000000000000000000000000000000)

State 114 file /home/dell/zyworkspace/nichecker/Experiment/remarks2.1_LA_Slicing/svp_simple_022/_mt_svp_simple_022_001_result/_cs_svp_simple_022_001_global_var1_rwr_mt_svp_simple_022_001.c line 254 function main_task_0 thread 0
----------------------------------------------------
  rwr_tmp1_num=0 (00000000000000000000000000000000)

State 116 file /home/dell/zyworkspace/nichecker/Experiment/remarks2.1_LA_Slicing/svp_simple_022/_mt_svp_simple_022_001_result/_cs_svp_simple_022_001_global_var1_rwr_mt_svp_simple_022_001.c line 270 function main_task_0 thread 0
----------------------------------------------------
  __cs_local_main_task_i=0 (00000000000000000000000000000000)

State 118 file /home/dell/zyworkspace/nichecker/Experiment/remarks2.1_LA_Slicing/svp_simple_022/_mt_svp_simple_022_001_result/_cs_svp_simple_022_001_global_var1_rwr_mt_svp_simple_022_001.c line 277 function main_task_0 thread 0
----------------------------------------------------
  svp_simple_022_001_global_var3=0 (00000000000000000000000000000000)

State 119 file /home/dell/zyworkspace/nichecker/Experiment/remarks2.1_LA_Slicing/svp_simple_022/_mt_svp_simple_022_001_result/_cs_svp_simple_022_001_global_var1_rwr_mt_svp_simple_022_001.c line 279 function main_task_0 thread 0
----------------------------------------------------
  rwr_r2=0 (00000000000000000000000000000000)

State 121 file /home/dell/zyworkspace/nichecker/Experiment/remarks2.1_LA_Slicing/svp_simple_022/_mt_svp_simple_022_001_result/_cs_svp_simple_022_001_global_var1_rwr_mt_svp_simple_022_001.c line 283 function main_task_0 thread 0
----------------------------------------------------
  rwr_tmp1_num=1 (00000000000000000000000000000001)

State 122 file /home/dell/zyworkspace/nichecker/Experiment/remarks2.1_LA_Slicing/svp_simple_022/_mt_svp_simple_022_001_result/_cs_svp_simple_022_001_global_var1_rwr_mt_svp_simple_022_001.c line 284 function main_task_0 thread 0
----------------------------------------------------
  rwr_tmp1=0 (00000000000000000000000000000000)

State 126 file /home/dell/zyworkspace/nichecker/Experiment/remarks2.1_LA_Slicing/svp_simple_022/_mt_svp_simple_022_001_result/_cs_svp_simple_022_001_global_var1_rwr_mt_svp_simple_022_001.c line 316 function main_task_0 thread 0
----------------------------------------------------
  __cs_value_ptr=NULL (0000000000000000000000000000000000000000000000000000000000000000)

State 131 file /home/dell/zyworkspace/nichecker/Experiment/remarks2.1_LA_Slicing/svp_simple_022/_mt_svp_simple_022_001_result/_cs_svp_simple_022_001_global_var1_rwr_mt_svp_simple_022_001.c line 408 function main thread 0
----------------------------------------------------
  __cs_pc[1l]=6 (110)

State 132 file /home/dell/zyworkspace/nichecker/Experiment/remarks2.1_LA_Slicing/svp_simple_022/_mt_svp_simple_022_001_result/_cs_svp_simple_022_001_global_var1_rwr_mt_svp_simple_022_001.c line 414 function main thread 0
----------------------------------------------------
  __cs_tmp_t2_r1=1 (1)

State 134 file /home/dell/zyworkspace/nichecker/Experiment/remarks2.1_LA_Slicing/svp_simple_022/_mt_svp_simple_022_001_result/_cs_svp_simple_022_001_global_var1_rwr_mt_svp_simple_022_001.c line 419 function main thread 0
----------------------------------------------------
  __cs_thread_index=2 (10)

State 135 file /home/dell/zyworkspace/nichecker/Experiment/remarks2.1_LA_Slicing/svp_simple_022/_mt_svp_simple_022_001_result/_cs_svp_simple_022_001_global_var1_rwr_mt_svp_simple_022_001.c line 421 function main thread 0
----------------------------------------------------
  __cs_pc_cs[2l]=1 (001)

State 140 file /home/dell/zyworkspace/nichecker/Experiment/remarks2.1_LA_Slicing/svp_simple_022/_mt_svp_simple_022_001_result/_cs_svp_simple_022_001_global_var1_rwr_mt_svp_simple_022_001.c line 427 function main thread 0
----------------------------------------------------
  __cs_param_svp_simple_022_001_isr_1_arg=NULL (0000000000000000000000000000000000000000000000000000000000000000)

State 142 file /home/dell/zyworkspace/nichecker/Experiment/remarks2.1_LA_Slicing/svp_simple_022/_mt_svp_simple_022_001_result/_cs_svp_simple_022_001_global_var1_rwr_mt_svp_simple_022_001.c line 325 function svp_simple_022_001_isr_1_0 thread 0
----------------------------------------------------
  svp_simple_022_001_global_var1=65536 (00000000000000010000000000000000)

State 146 file /home/dell/zyworkspace/nichecker/Experiment/remarks2.1_LA_Slicing/svp_simple_022/_mt_svp_simple_022_001_result/_cs_svp_simple_022_001_global_var1_rwr_mt_svp_simple_022_001.c line 336 function svp_simple_022_001_isr_1_0 thread 0
----------------------------------------------------
  __cs_value_ptr=NULL (0000000000000000000000000000000000000000000000000000000000000000)

State 151 file /home/dell/zyworkspace/nichecker/Experiment/remarks2.1_LA_Slicing/svp_simple_022/_mt_svp_simple_022_001_result/_cs_svp_simple_022_001_global_var1_rwr_mt_svp_simple_022_001.c line 429 function main thread 0
----------------------------------------------------
  __cs_pc[2l]=1 (001)

State 152 file /home/dell/zyworkspace/nichecker/Experiment/remarks2.1_LA_Slicing/svp_simple_022/_mt_svp_simple_022_001_result/_cs_svp_simple_022_001_global_var1_rwr_mt_svp_simple_022_001.c line 433 function main thread 0
----------------------------------------------------
  __cs_tmp_t1_r2=7u (00000000000000000000000000000111)

State 154 file /home/dell/zyworkspace/nichecker/Experiment/remarks2.1_LA_Slicing/svp_simple_022/_mt_svp_simple_022_001_result/_cs_svp_simple_022_001_global_var1_rwr_mt_svp_simple_022_001.c line 438 function main thread 0
----------------------------------------------------
  __cs_thread_index=1 (01)

State 155 file /home/dell/zyworkspace/nichecker/Experiment/remarks2.1_LA_Slicing/svp_simple_022/_mt_svp_simple_022_001_result/_cs_svp_simple_022_001_global_var1_rwr_mt_svp_simple_022_001.c line 440 function main thread 0
----------------------------------------------------
  __cs_pc_cs[1l]=7 (111)

State 160 file /home/dell/zyworkspace/nichecker/Experiment/remarks2.1_LA_Slicing/svp_simple_022/_mt_svp_simple_022_001_result/_cs_svp_simple_022_001_global_var1_rwr_mt_svp_simple_022_001.c line 446 function main thread 0
----------------------------------------------------
  __cs_param_main_task_arg=NULL (0000000000000000000000000000000000000000000000000000000000000000)

State 168 file /home/dell/zyworkspace/nichecker/Experiment/remarks2.1_LA_Slicing/svp_simple_022/_mt_svp_simple_022_001_result/_cs_svp_simple_022_001_global_var1_rwr_mt_svp_simple_022_001.c line 296 function main_task_0 thread 0
----------------------------------------------------
  svp_simple_022_001_global_var3=65536 (00000000000000010000000000000000)

State 169 file /home/dell/zyworkspace/nichecker/Experiment/remarks2.1_LA_Slicing/svp_simple_022/_mt_svp_simple_022_001_result/_cs_svp_simple_022_001_global_var1_rwr_mt_svp_simple_022_001.c line 298 function main_task_0 thread 0
----------------------------------------------------
  rwr_r3=65536 (00000000000000010000000000000000)

Violated property:
  file /home/dell/zyworkspace/nichecker/Experiment/remarks2.1_LA_Slicing/svp_simple_022/_mt_svp_simple_022_001_result/_cs_svp_simple_022_001_global_var1_rwr_mt_svp_simple_022_001.c line 300 function main_task_0
  assertion rwr_r3 == rwr_tmp1
  rwr_r3 == rwr_tmp1


** 1 of 3 failed (2 iterations)
VERIFICATION FAILED
