CBMC version 5.6 64-bit x86_64 linux
Parsing /home/dell/zyworkspace/nichecker/Experiment/remarks2.1_LA_Slicing/svp_simple_022/_mt_svp_simple_022_001_result/_cs_svp_simple_022_001_global_var1_wwr_mt_svp_simple_022_001.c
<command-line>: warning: "__STDC_VERSION__" redefined
<built-in>: note: this is the location of the previous definition
Converting
Type-checking _cs_svp_simple_022_001_global_var1_wwr_mt_svp_simple_022_001
file /home/dell/zyworkspace/nichecker/Experiment/remarks2.1_LA_Slicing/svp_simple_022/_mt_svp_simple_022_001_result/_cs_svp_simple_022_001_global_var1_wwr_mt_svp_simple_022_001.c line 193 function main_task_0: function `nondet_rand' is not declared
file /home/dell/zyworkspace/nichecker/Experiment/remarks2.1_LA_Slicing/svp_simple_022/_mt_svp_simple_022_001_result/_cs_svp_simple_022_001_global_var1_wwr_mt_svp_simple_022_001.c line 231 function main_task_0: function `assert' is not declared
Generating GOTO Program
Adding CPROVER library (x86_64)
Removal of function pointers and virtual functions
Partial Inlining
Generic Property Instrumentation
Starting Bounded Model Checking
**** WARNING: no body for function enable_isr
size of program expression: 533 steps
simple slicing removed 19 assignments
Generated 9 VCC(s), 9 remaining after simplification
Passing problem to propositional reduction
converting SSA
Running propositional reduction
Post-processing
Solving with MiniSAT 2.2.1 with simplifier
2331 variables, 6673 clauses
SAT checker: instance is SATISFIABLE
Solving with MiniSAT 2.2.1 with simplifier
2331 variables, 1861 clauses
SAT checker: instance is SATISFIABLE
Solving with MiniSAT 2.2.1 with simplifier
2331 variables, 1841 clauses
SAT checker: instance is UNSATISFIABLE
Runtime decision procedure: 0.024s

** Results:
[main_task_0.assertion.1] assertion wwr_r1 == wwr_w_tmp1: FAILURE
[main_task_0.assertion.2] assertion wwr_r2 == wwr_w_tmp1: FAILURE
[main_task_0.assertion.3] assertion wwr_r2 == wwr_w_tmp1: SUCCESS

Trace for main_task_0.assertion.1:

State 43 file /home/dell/zyworkspace/nichecker/Experiment/remarks2.1_LA_Slicing/svp_simple_022/_mt_svp_simple_022_001_result/_cs_svp_simple_022_001_global_var1_wwr_mt_svp_simple_022_001.c line 350 function main thread 0
----------------------------------------------------
  __cs_tmp_t1_r0=2 (010)

State 45 file /home/dell/zyworkspace/nichecker/Experiment/remarks2.1_LA_Slicing/svp_simple_022/_mt_svp_simple_022_001_result/_cs_svp_simple_022_001_global_var1_wwr_mt_svp_simple_022_001.c line 354 function main thread 0
----------------------------------------------------
  __cs_thread_index=1 (01)

State 46 file /home/dell/zyworkspace/nichecker/Experiment/remarks2.1_LA_Slicing/svp_simple_022/_mt_svp_simple_022_001_result/_cs_svp_simple_022_001_global_var1_wwr_mt_svp_simple_022_001.c line 356 function main thread 0
----------------------------------------------------
  __cs_pc_cs[1l]=2 (010)

State 51 file /home/dell/zyworkspace/nichecker/Experiment/remarks2.1_LA_Slicing/svp_simple_022/_mt_svp_simple_022_001_result/_cs_svp_simple_022_001_global_var1_wwr_mt_svp_simple_022_001.c line 362 function main thread 0
----------------------------------------------------
  __cs_param_main_task_arg=NULL (0000000000000000000000000000000000000000000000000000000000000000)

State 53 file /home/dell/zyworkspace/nichecker/Experiment/remarks2.1_LA_Slicing/svp_simple_022/_mt_svp_simple_022_001_result/_cs_svp_simple_022_001_global_var1_wwr_mt_svp_simple_022_001.c line 193 function main_task_0 thread 0
----------------------------------------------------
  svp_simple_022_001_global_var1=0 (00000000000000000000000000000000)

State 57 file /home/dell/zyworkspace/nichecker/Experiment/remarks2.1_LA_Slicing/svp_simple_022/_mt_svp_simple_022_001_result/_cs_svp_simple_022_001_global_var1_wwr_mt_svp_simple_022_001.c line 199 function main_task_0 thread 0
----------------------------------------------------
  __cs_disable_thread[2l]=0 (0)

State 58 file /home/dell/zyworkspace/nichecker/Experiment/remarks2.1_LA_Slicing/svp_simple_022/_mt_svp_simple_022_001_result/_cs_svp_simple_022_001_global_var1_wwr_mt_svp_simple_022_001.c line 202 function main_task_0 thread 0
----------------------------------------------------
  __cs_disable_thread[0l]=0 (0)

State 60 file /home/dell/zyworkspace/nichecker/Experiment/remarks2.1_LA_Slicing/svp_simple_022/_mt_svp_simple_022_001_result/_cs_svp_simple_022_001_global_var1_wwr_mt_svp_simple_022_001.c line 214 function main_task_0 thread 0
----------------------------------------------------
  svp_simple_022_001_global_var1=0 (00000000000000000000000000000000)

State 61 file /home/dell/zyworkspace/nichecker/Experiment/remarks2.1_LA_Slicing/svp_simple_022/_mt_svp_simple_022_001_result/_cs_svp_simple_022_001_global_var1_wwr_mt_svp_simple_022_001.c line 216 function main_task_0 thread 0
----------------------------------------------------
  wwr_w_tmp1_num=1 (00000000000000000000000000000001)

State 62 file /home/dell/zyworkspace/nichecker/Experiment/remarks2.1_LA_Slicing/svp_simple_022/_mt_svp_simple_022_001_result/_cs_svp_simple_022_001_global_var1_wwr_mt_svp_simple_022_001.c line 217 function main_task_0 thread 0
----------------------------------------------------
  wwr_w_tmp1=0 (00000000000000000000000000000000)

State 70 file /home/dell/zyworkspace/nichecker/Experiment/remarks2.1_LA_Slicing/svp_simple_022/_mt_svp_simple_022_001_result/_cs_svp_simple_022_001_global_var1_wwr_mt_svp_simple_022_001.c line 318 function main_task_0 thread 0
----------------------------------------------------
  __cs_value_ptr=NULL (0000000000000000000000000000000000000000000000000000000000000000)

State 75 file /home/dell/zyworkspace/nichecker/Experiment/remarks2.1_LA_Slicing/svp_simple_022/_mt_svp_simple_022_001_result/_cs_svp_simple_022_001_global_var1_wwr_mt_svp_simple_022_001.c line 364 function main thread 0
----------------------------------------------------
  __cs_pc[1l]=2 (010)

State 76 file /home/dell/zyworkspace/nichecker/Experiment/remarks2.1_LA_Slicing/svp_simple_022/_mt_svp_simple_022_001_result/_cs_svp_simple_022_001_global_var1_wwr_mt_svp_simple_022_001.c line 370 function main thread 0
----------------------------------------------------
  __cs_tmp_t2_r0=0 (0)

State 78 file /home/dell/zyworkspace/nichecker/Experiment/remarks2.1_LA_Slicing/svp_simple_022/_mt_svp_simple_022_001_result/_cs_svp_simple_022_001_global_var1_wwr_mt_svp_simple_022_001.c line 375 function main thread 0
----------------------------------------------------
  __cs_thread_index=2 (10)

State 79 file /home/dell/zyworkspace/nichecker/Experiment/remarks2.1_LA_Slicing/svp_simple_022/_mt_svp_simple_022_001_result/_cs_svp_simple_022_001_global_var1_wwr_mt_svp_simple_022_001.c line 377 function main thread 0
----------------------------------------------------
  __cs_pc_cs[2l]=0 (000)

State 84 file /home/dell/zyworkspace/nichecker/Experiment/remarks2.1_LA_Slicing/svp_simple_022/_mt_svp_simple_022_001_result/_cs_svp_simple_022_001_global_var1_wwr_mt_svp_simple_022_001.c line 383 function main thread 0
----------------------------------------------------
  __cs_param_svp_simple_022_001_isr_1_arg=NULL (0000000000000000000000000000000000000000000000000000000000000000)

State 88 file /home/dell/zyworkspace/nichecker/Experiment/remarks2.1_LA_Slicing/svp_simple_022/_mt_svp_simple_022_001_result/_cs_svp_simple_022_001_global_var1_wwr_mt_svp_simple_022_001.c line 338 function svp_simple_022_001_isr_1_0 thread 0
----------------------------------------------------
  __cs_value_ptr=NULL (0000000000000000000000000000000000000000000000000000000000000000)

State 93 file /home/dell/zyworkspace/nichecker/Experiment/remarks2.1_LA_Slicing/svp_simple_022/_mt_svp_simple_022_001_result/_cs_svp_simple_022_001_global_var1_wwr_mt_svp_simple_022_001.c line 385 function main thread 0
----------------------------------------------------
  __cs_pc[2l]=0 (000)

State 94 file /home/dell/zyworkspace/nichecker/Experiment/remarks2.1_LA_Slicing/svp_simple_022/_mt_svp_simple_022_001_result/_cs_svp_simple_022_001_global_var1_wwr_mt_svp_simple_022_001.c line 395 function main thread 0
----------------------------------------------------
  __cs_tmp_t1_r1=2 (010)

State 96 file /home/dell/zyworkspace/nichecker/Experiment/remarks2.1_LA_Slicing/svp_simple_022/_mt_svp_simple_022_001_result/_cs_svp_simple_022_001_global_var1_wwr_mt_svp_simple_022_001.c line 400 function main thread 0
----------------------------------------------------
  __cs_thread_index=1 (01)

State 97 file /home/dell/zyworkspace/nichecker/Experiment/remarks2.1_LA_Slicing/svp_simple_022/_mt_svp_simple_022_001_result/_cs_svp_simple_022_001_global_var1_wwr_mt_svp_simple_022_001.c line 402 function main thread 0
----------------------------------------------------
  __cs_pc_cs[1l]=2 (010)

State 102 file /home/dell/zyworkspace/nichecker/Experiment/remarks2.1_LA_Slicing/svp_simple_022/_mt_svp_simple_022_001_result/_cs_svp_simple_022_001_global_var1_wwr_mt_svp_simple_022_001.c line 408 function main thread 0
----------------------------------------------------
  __cs_param_main_task_arg=NULL (0000000000000000000000000000000000000000000000000000000000000000)

State 112 file /home/dell/zyworkspace/nichecker/Experiment/remarks2.1_LA_Slicing/svp_simple_022/_mt_svp_simple_022_001_result/_cs_svp_simple_022_001_global_var1_wwr_mt_svp_simple_022_001.c line 318 function main_task_0 thread 0
----------------------------------------------------
  __cs_value_ptr=NULL (0000000000000000000000000000000000000000000000000000000000000000)

State 117 file /home/dell/zyworkspace/nichecker/Experiment/remarks2.1_LA_Slicing/svp_simple_022/_mt_svp_simple_022_001_result/_cs_svp_simple_022_001_global_var1_wwr_mt_svp_simple_022_001.c line 410 function main thread 0
----------------------------------------------------
  __cs_pc[1l]=2 (010)

State 118 file /home/dell/zyworkspace/nichecker/Experiment/remarks2.1_LA_Slicing/svp_simple_022/_mt_svp_simple_022_001_result/_cs_svp_simple_022_001_global_var1_wwr_mt_svp_simple_022_001.c line 416 function main thread 0
----------------------------------------------------
  __cs_tmp_t2_r1=1 (1)

State 120 file /home/dell/zyworkspace/nichecker/Experiment/remarks2.1_LA_Slicing/svp_simple_022/_mt_svp_simple_022_001_result/_cs_svp_simple_022_001_global_var1_wwr_mt_svp_simple_022_001.c line 421 function main thread 0
----------------------------------------------------
  __cs_thread_index=2 (10)

State 121 file /home/dell/zyworkspace/nichecker/Experiment/remarks2.1_LA_Slicing/svp_simple_022/_mt_svp_simple_022_001_result/_cs_svp_simple_022_001_global_var1_wwr_mt_svp_simple_022_001.c line 423 function main thread 0
----------------------------------------------------
  __cs_pc_cs[2l]=1 (001)

State 126 file /home/dell/zyworkspace/nichecker/Experiment/remarks2.1_LA_Slicing/svp_simple_022/_mt_svp_simple_022_001_result/_cs_svp_simple_022_001_global_var1_wwr_mt_svp_simple_022_001.c line 429 function main thread 0
----------------------------------------------------
  __cs_param_svp_simple_022_001_isr_1_arg=NULL (0000000000000000000000000000000000000000000000000000000000000000)

State 128 file /home/dell/zyworkspace/nichecker/Experiment/remarks2.1_LA_Slicing/svp_simple_022/_mt_svp_simple_022_001_result/_cs_svp_simple_022_001_global_var1_wwr_mt_svp_simple_022_001.c line 327 function svp_simple_022_001_isr_1_0 thread 0
----------------------------------------------------
  svp_simple_022_001_global_var1=12 (00000000000000000000000000001100)

State 132 file /home/dell/zyworkspace/nichecker/Experiment/remarks2.1_LA_Slicing/svp_simple_022/_mt_svp_simple_022_001_result/_cs_svp_simple_022_001_global_var1_wwr_mt_svp_simple_022_001.c line 338 function svp_simple_022_001_isr_1_0 thread 0
----------------------------------------------------
  __cs_value_ptr=NULL (0000000000000000000000000000000000000000000000000000000000000000)

State 137 file /home/dell/zyworkspace/nichecker/Experiment/remarks2.1_LA_Slicing/svp_simple_022/_mt_svp_simple_022_001_result/_cs_svp_simple_022_001_global_var1_wwr_mt_svp_simple_022_001.c line 431 function main thread 0
----------------------------------------------------
  __cs_pc[2l]=1 (001)

State 138 file /home/dell/zyworkspace/nichecker/Experiment/remarks2.1_LA_Slicing/svp_simple_022/_mt_svp_simple_022_001_result/_cs_svp_simple_022_001_global_var1_wwr_mt_svp_simple_022_001.c line 435 function main thread 0
----------------------------------------------------
  __cs_tmp_t1_r2=3u (00000000000000000000000000000011)

State 140 file /home/dell/zyworkspace/nichecker/Experiment/remarks2.1_LA_Slicing/svp_simple_022/_mt_svp_simple_022_001_result/_cs_svp_simple_022_001_global_var1_wwr_mt_svp_simple_022_001.c line 440 function main thread 0
----------------------------------------------------
  __cs_thread_index=1 (01)

State 141 file /home/dell/zyworkspace/nichecker/Experiment/remarks2.1_LA_Slicing/svp_simple_022/_mt_svp_simple_022_001_result/_cs_svp_simple_022_001_global_var1_wwr_mt_svp_simple_022_001.c line 442 function main thread 0
----------------------------------------------------
  __cs_pc_cs[1l]=3 (011)

State 146 file /home/dell/zyworkspace/nichecker/Experiment/remarks2.1_LA_Slicing/svp_simple_022/_mt_svp_simple_022_001_result/_cs_svp_simple_022_001_global_var1_wwr_mt_svp_simple_022_001.c line 448 function main thread 0
----------------------------------------------------
  __cs_param_main_task_arg=NULL (0000000000000000000000000000000000000000000000000000000000000000)

State 150 file /home/dell/zyworkspace/nichecker/Experiment/remarks2.1_LA_Slicing/svp_simple_022/_mt_svp_simple_022_001_result/_cs_svp_simple_022_001_global_var1_wwr_mt_svp_simple_022_001.c line 227 function main_task_0 thread 0
----------------------------------------------------
  __cs_local_main_task___cs_tmp_if_cond_0=TRUE (00000001)

State 151 file /home/dell/zyworkspace/nichecker/Experiment/remarks2.1_LA_Slicing/svp_simple_022/_mt_svp_simple_022_001_result/_cs_svp_simple_022_001_global_var1_wwr_mt_svp_simple_022_001.c line 229 function main_task_0 thread 0
----------------------------------------------------
  wwr_r1=12 (00000000000000000000000000001100)

Violated property:
  file /home/dell/zyworkspace/nichecker/Experiment/remarks2.1_LA_Slicing/svp_simple_022/_mt_svp_simple_022_001_result/_cs_svp_simple_022_001_global_var1_wwr_mt_svp_simple_022_001.c line 231 function main_task_0
  assertion wwr_r1 == wwr_w_tmp1
  wwr_r1 == wwr_w_tmp1


Trace for main_task_0.assertion.2:

State 43 file /home/dell/zyworkspace/nichecker/Experiment/remarks2.1_LA_Slicing/svp_simple_022/_mt_svp_simple_022_001_result/_cs_svp_simple_022_001_global_var1_wwr_mt_svp_simple_022_001.c line 350 function main thread 0
----------------------------------------------------
  __cs_tmp_t1_r0=5 (101)

State 45 file /home/dell/zyworkspace/nichecker/Experiment/remarks2.1_LA_Slicing/svp_simple_022/_mt_svp_simple_022_001_result/_cs_svp_simple_022_001_global_var1_wwr_mt_svp_simple_022_001.c line 354 function main thread 0
----------------------------------------------------
  __cs_thread_index=1 (01)

State 46 file /home/dell/zyworkspace/nichecker/Experiment/remarks2.1_LA_Slicing/svp_simple_022/_mt_svp_simple_022_001_result/_cs_svp_simple_022_001_global_var1_wwr_mt_svp_simple_022_001.c line 356 function main thread 0
----------------------------------------------------
  __cs_pc_cs[1l]=5 (101)

State 51 file /home/dell/zyworkspace/nichecker/Experiment/remarks2.1_LA_Slicing/svp_simple_022/_mt_svp_simple_022_001_result/_cs_svp_simple_022_001_global_var1_wwr_mt_svp_simple_022_001.c line 362 function main thread 0
----------------------------------------------------
  __cs_param_main_task_arg=NULL (0000000000000000000000000000000000000000000000000000000000000000)

State 53 file /home/dell/zyworkspace/nichecker/Experiment/remarks2.1_LA_Slicing/svp_simple_022/_mt_svp_simple_022_001_result/_cs_svp_simple_022_001_global_var1_wwr_mt_svp_simple_022_001.c line 193 function main_task_0 thread 0
----------------------------------------------------
  svp_simple_022_001_global_var1=0 (00000000000000000000000000000000)

State 57 file /home/dell/zyworkspace/nichecker/Experiment/remarks2.1_LA_Slicing/svp_simple_022/_mt_svp_simple_022_001_result/_cs_svp_simple_022_001_global_var1_wwr_mt_svp_simple_022_001.c line 199 function main_task_0 thread 0
----------------------------------------------------
  __cs_disable_thread[2l]=0 (0)

State 58 file /home/dell/zyworkspace/nichecker/Experiment/remarks2.1_LA_Slicing/svp_simple_022/_mt_svp_simple_022_001_result/_cs_svp_simple_022_001_global_var1_wwr_mt_svp_simple_022_001.c line 202 function main_task_0 thread 0
----------------------------------------------------
  __cs_disable_thread[0l]=0 (0)

State 60 file /home/dell/zyworkspace/nichecker/Experiment/remarks2.1_LA_Slicing/svp_simple_022/_mt_svp_simple_022_001_result/_cs_svp_simple_022_001_global_var1_wwr_mt_svp_simple_022_001.c line 214 function main_task_0 thread 0
----------------------------------------------------
  svp_simple_022_001_global_var1=0 (00000000000000000000000000000000)

State 61 file /home/dell/zyworkspace/nichecker/Experiment/remarks2.1_LA_Slicing/svp_simple_022/_mt_svp_simple_022_001_result/_cs_svp_simple_022_001_global_var1_wwr_mt_svp_simple_022_001.c line 216 function main_task_0 thread 0
----------------------------------------------------
  wwr_w_tmp1_num=1 (00000000000000000000000000000001)

State 62 file /home/dell/zyworkspace/nichecker/Experiment/remarks2.1_LA_Slicing/svp_simple_022/_mt_svp_simple_022_001_result/_cs_svp_simple_022_001_global_var1_wwr_mt_svp_simple_022_001.c line 217 function main_task_0 thread 0
----------------------------------------------------
  wwr_w_tmp1=0 (00000000000000000000000000000000)

State 64 file /home/dell/zyworkspace/nichecker/Experiment/remarks2.1_LA_Slicing/svp_simple_022/_mt_svp_simple_022_001_result/_cs_svp_simple_022_001_global_var1_wwr_mt_svp_simple_022_001.c line 227 function main_task_0 thread 0
----------------------------------------------------
  __cs_local_main_task___cs_tmp_if_cond_0=FALSE (00000000)

State 65 file /home/dell/zyworkspace/nichecker/Experiment/remarks2.1_LA_Slicing/svp_simple_022/_mt_svp_simple_022_001_result/_cs_svp_simple_022_001_global_var1_wwr_mt_svp_simple_022_001.c line 229 function main_task_0 thread 0
----------------------------------------------------
  wwr_r1=0 (00000000000000000000000000000000)

State 68 file /home/dell/zyworkspace/nichecker/Experiment/remarks2.1_LA_Slicing/svp_simple_022/_mt_svp_simple_022_001_result/_cs_svp_simple_022_001_global_var1_wwr_mt_svp_simple_022_001.c line 232 function main_task_0 thread 0
----------------------------------------------------
  wwr_w_tmp1_num=0 (00000000000000000000000000000000)

State 72 file /home/dell/zyworkspace/nichecker/Experiment/remarks2.1_LA_Slicing/svp_simple_022/_mt_svp_simple_022_001_result/_cs_svp_simple_022_001_global_var1_wwr_mt_svp_simple_022_001.c line 255 function main_task_0 thread 0
----------------------------------------------------
  svp_simple_022_001_global_var1=0 (00000000000000000000000000000000)

State 73 file /home/dell/zyworkspace/nichecker/Experiment/remarks2.1_LA_Slicing/svp_simple_022/_mt_svp_simple_022_001_result/_cs_svp_simple_022_001_global_var1_wwr_mt_svp_simple_022_001.c line 257 function main_task_0 thread 0
----------------------------------------------------
  wwr_w_tmp1_num=1 (00000000000000000000000000000001)

State 74 file /home/dell/zyworkspace/nichecker/Experiment/remarks2.1_LA_Slicing/svp_simple_022/_mt_svp_simple_022_001_result/_cs_svp_simple_022_001_global_var1_wwr_mt_svp_simple_022_001.c line 258 function main_task_0 thread 0
----------------------------------------------------
  wwr_w_tmp1=0 (00000000000000000000000000000000)

State 76 file /home/dell/zyworkspace/nichecker/Experiment/remarks2.1_LA_Slicing/svp_simple_022/_mt_svp_simple_022_001_result/_cs_svp_simple_022_001_global_var1_wwr_mt_svp_simple_022_001.c line 274 function main_task_0 thread 0
----------------------------------------------------
  __cs_local_main_task_i=0 (00000000000000000000000000000000)

State 81 file /home/dell/zyworkspace/nichecker/Experiment/remarks2.1_LA_Slicing/svp_simple_022/_mt_svp_simple_022_001_result/_cs_svp_simple_022_001_global_var1_wwr_mt_svp_simple_022_001.c line 318 function main_task_0 thread 0
----------------------------------------------------
  __cs_value_ptr=NULL (0000000000000000000000000000000000000000000000000000000000000000)

State 86 file /home/dell/zyworkspace/nichecker/Experiment/remarks2.1_LA_Slicing/svp_simple_022/_mt_svp_simple_022_001_result/_cs_svp_simple_022_001_global_var1_wwr_mt_svp_simple_022_001.c line 364 function main thread 0
----------------------------------------------------
  __cs_pc[1l]=5 (101)

State 87 file /home/dell/zyworkspace/nichecker/Experiment/remarks2.1_LA_Slicing/svp_simple_022/_mt_svp_simple_022_001_result/_cs_svp_simple_022_001_global_var1_wwr_mt_svp_simple_022_001.c line 370 function main thread 0
----------------------------------------------------
  __cs_tmp_t2_r0=1 (1)

State 89 file /home/dell/zyworkspace/nichecker/Experiment/remarks2.1_LA_Slicing/svp_simple_022/_mt_svp_simple_022_001_result/_cs_svp_simple_022_001_global_var1_wwr_mt_svp_simple_022_001.c line 375 function main thread 0
----------------------------------------------------
  __cs_thread_index=2 (10)

State 90 file /home/dell/zyworkspace/nichecker/Experiment/remarks2.1_LA_Slicing/svp_simple_022/_mt_svp_simple_022_001_result/_cs_svp_simple_022_001_global_var1_wwr_mt_svp_simple_022_001.c line 377 function main thread 0
----------------------------------------------------
  __cs_pc_cs[2l]=1 (001)

State 95 file /home/dell/zyworkspace/nichecker/Experiment/remarks2.1_LA_Slicing/svp_simple_022/_mt_svp_simple_022_001_result/_cs_svp_simple_022_001_global_var1_wwr_mt_svp_simple_022_001.c line 383 function main thread 0
----------------------------------------------------
  __cs_param_svp_simple_022_001_isr_1_arg=NULL (0000000000000000000000000000000000000000000000000000000000000000)

State 97 file /home/dell/zyworkspace/nichecker/Experiment/remarks2.1_LA_Slicing/svp_simple_022/_mt_svp_simple_022_001_result/_cs_svp_simple_022_001_global_var1_wwr_mt_svp_simple_022_001.c line 327 function svp_simple_022_001_isr_1_0 thread 0
----------------------------------------------------
  svp_simple_022_001_global_var1=8 (00000000000000000000000000001000)

State 101 file /home/dell/zyworkspace/nichecker/Experiment/remarks2.1_LA_Slicing/svp_simple_022/_mt_svp_simple_022_001_result/_cs_svp_simple_022_001_global_var1_wwr_mt_svp_simple_022_001.c line 338 function svp_simple_022_001_isr_1_0 thread 0
----------------------------------------------------
  __cs_value_ptr=NULL (0000000000000000000000000000000000000000000000000000000000000000)

State 106 file /home/dell/zyworkspace/nichecker/Experiment/remarks2.1_LA_Slicing/svp_simple_022/_mt_svp_simple_022_001_result/_cs_svp_simple_022_001_global_var1_wwr_mt_svp_simple_022_001.c line 385 function main thread 0
----------------------------------------------------
  __cs_pc[2l]=1 (001)

State 107 file /home/dell/zyworkspace/nichecker/Experiment/remarks2.1_LA_Slicing/svp_simple_022/_mt_svp_simple_022_001_result/_cs_svp_simple_022_001_global_var1_wwr_mt_svp_simple_022_001.c line 395 function main thread 0
----------------------------------------------------
  __cs_tmp_t1_r1=6 (110)

State 109 file /home/dell/zyworkspace/nichecker/Experiment/remarks2.1_LA_Slicing/svp_simple_022/_mt_svp_simple_022_001_result/_cs_svp_simple_022_001_global_var1_wwr_mt_svp_simple_022_001.c line 400 function main thread 0
----------------------------------------------------
  __cs_thread_index=1 (01)

State 110 file /home/dell/zyworkspace/nichecker/Experiment/remarks2.1_LA_Slicing/svp_simple_022/_mt_svp_simple_022_001_result/_cs_svp_simple_022_001_global_var1_wwr_mt_svp_simple_022_001.c line 402 function main thread 0
----------------------------------------------------
  __cs_pc_cs[1l]=6 (110)

State 115 file /home/dell/zyworkspace/nichecker/Experiment/remarks2.1_LA_Slicing/svp_simple_022/_mt_svp_simple_022_001_result/_cs_svp_simple_022_001_global_var1_wwr_mt_svp_simple_022_001.c line 408 function main thread 0
----------------------------------------------------
  __cs_param_main_task_arg=NULL (0000000000000000000000000000000000000000000000000000000000000000)

State 122 file /home/dell/zyworkspace/nichecker/Experiment/remarks2.1_LA_Slicing/svp_simple_022/_mt_svp_simple_022_001_result/_cs_svp_simple_022_001_global_var1_wwr_mt_svp_simple_022_001.c line 281 function main_task_0 thread 0
----------------------------------------------------
  svp_simple_022_001_global_var3=8 (00000000000000000000000000001000)

State 123 file /home/dell/zyworkspace/nichecker/Experiment/remarks2.1_LA_Slicing/svp_simple_022/_mt_svp_simple_022_001_result/_cs_svp_simple_022_001_global_var1_wwr_mt_svp_simple_022_001.c line 283 function main_task_0 thread 0
----------------------------------------------------
  wwr_r2=8 (00000000000000000000000000001000)

Violated property:
  file /home/dell/zyworkspace/nichecker/Experiment/remarks2.1_LA_Slicing/svp_simple_022/_mt_svp_simple_022_001_result/_cs_svp_simple_022_001_global_var1_wwr_mt_svp_simple_022_001.c line 285 function main_task_0
  assertion wwr_r2 == wwr_w_tmp1
  wwr_r2 == wwr_w_tmp1


** 2 of 3 failed (3 iterations)
VERIFICATION FAILED
