CBMC version 5.6 64-bit x86_64 linux
Parsing /home/dell/zyworkspace/nichecker/Experiment/remarks2.1_LA_PPR/svp_simple_005/_mt_svp_simple_005_001_result/_cs_svp_simple_005_001_global_var_wrw_mt_svp_simple_005_001.c
<command-line>: warning: "__STDC_VERSION__" redefined
<built-in>: note: this is the location of the previous definition
Converting
Type-checking _cs_svp_simple_005_001_global_var_wrw_mt_svp_simple_005_001
file /home/dell/zyworkspace/nichecker/Experiment/remarks2.1_LA_PPR/svp_simple_005/_mt_svp_simple_005_001_result/_cs_svp_simple_005_001_global_var_wrw_mt_svp_simple_005_001.c line 289 function main_task_0: function `assert' is not declared
Generating GOTO Program
Adding CPROVER library (x86_64)
Removal of function pointers and virtual functions
Partial Inlining
Generic Property Instrumentation
Starting Bounded Model Checking
**** WARNING: no body for function enable_isr
size of program expression: 1471 steps
simple slicing removed 23 assignments
Generated 14 VCC(s), 10 remaining after simplification
Passing problem to propositional reduction
converting SSA
Running propositional reduction
Post-processing
Solving with MiniSAT 2.2.1 with simplifier
13869 variables, 52264 clauses
SAT checker: instance is SATISFIABLE
Solving with MiniSAT 2.2.1 with simplifier
13869 variables, 26369 clauses
SAT checker: instance is UNSATISFIABLE
Runtime decision procedure: 0.11s

** Results:
[main_task_0.assertion.1] assertion wrw_a_1 == 0: SUCCESS
[main_task_0.assertion.2] assertion wrw_a_1 == 0: SUCCESS
[main_task_0.assertion.3] assertion wrw_a_1 == 0: SUCCESS
[main_task_0.assertion.4] assertion wrw_a_1 == 0: SUCCESS
[main_task_0.assertion.5] assertion wrw_a_1 == 0: SUCCESS
[main_task_0.assertion.6] assertion wrw_a_1 == 0: FAILURE

Trace for main_task_0.assertion.6:

State 62 file /home/dell/zyworkspace/nichecker/Experiment/remarks2.1_LA_PPR/svp_simple_005/_mt_svp_simple_005_001_result/_cs_svp_simple_005_001_global_var_wrw_mt_svp_simple_005_001.c line 824 function main thread 0
----------------------------------------------------
  __cs_tmp_t1_r0=4 (0100)

State 64 file /home/dell/zyworkspace/nichecker/Experiment/remarks2.1_LA_PPR/svp_simple_005/_mt_svp_simple_005_001_result/_cs_svp_simple_005_001_global_var_wrw_mt_svp_simple_005_001.c line 828 function main thread 0
----------------------------------------------------
  __cs_thread_index=1 (01)

State 65 file /home/dell/zyworkspace/nichecker/Experiment/remarks2.1_LA_PPR/svp_simple_005/_mt_svp_simple_005_001_result/_cs_svp_simple_005_001_global_var_wrw_mt_svp_simple_005_001.c line 830 function main thread 0
----------------------------------------------------
  __cs_pc_cs[1l]=4 (0100)

State 70 file /home/dell/zyworkspace/nichecker/Experiment/remarks2.1_LA_PPR/svp_simple_005/_mt_svp_simple_005_001_result/_cs_svp_simple_005_001_global_var_wrw_mt_svp_simple_005_001.c line 836 function main thread 0
----------------------------------------------------
  __cs_param_main_task_arg=NULL (0000000000000000000000000000000000000000000000000000000000000000)

State 75 file /home/dell/zyworkspace/nichecker/Experiment/remarks2.1_LA_PPR/svp_simple_005/_mt_svp_simple_005_001_result/_cs_svp_simple_005_001_global_var_wrw_mt_svp_simple_005_001.c line 179 function main_task_0 thread 0
----------------------------------------------------
  __cs_disable_thread[2l]=0 (0)

State 76 file /home/dell/zyworkspace/nichecker/Experiment/remarks2.1_LA_PPR/svp_simple_005/_mt_svp_simple_005_001_result/_cs_svp_simple_005_001_global_var_wrw_mt_svp_simple_005_001.c line 182 function main_task_0 thread 0
----------------------------------------------------
  __cs_disable_thread[0l]=0 (0)

State 78 file /home/dell/zyworkspace/nichecker/Experiment/remarks2.1_LA_PPR/svp_simple_005/_mt_svp_simple_005_001_result/_cs_svp_simple_005_001_global_var_wrw_mt_svp_simple_005_001.c line 195 function main_task_0 thread 0
----------------------------------------------------
  __cs_local_main_task_i=0 (00000000000000000000000000000000)

State 79 file /home/dell/zyworkspace/nichecker/Experiment/remarks2.1_LA_PPR/svp_simple_005/_mt_svp_simple_005_001_result/_cs_svp_simple_005_001_global_var_wrw_mt_svp_simple_005_001.c line 203 function main_task_0 thread 0
----------------------------------------------------
  __cs_local_main_task_t_1=0 (00000000000000000000000000000000)

State 81 file /home/dell/zyworkspace/nichecker/Experiment/remarks2.1_LA_PPR/svp_simple_005/_mt_svp_simple_005_001_result/_cs_svp_simple_005_001_global_var_wrw_mt_svp_simple_005_001.c line 221 function main_task_0 thread 0
----------------------------------------------------
  __cs_local_main_task_loop_1_IOVar1=0 (00000000000000000000000000000000)

State 82 file /home/dell/zyworkspace/nichecker/Experiment/remarks2.1_LA_PPR/svp_simple_005/_mt_svp_simple_005_001_result/_cs_svp_simple_005_001_global_var_wrw_mt_svp_simple_005_001.c line 224 function main_task_0 thread 0
----------------------------------------------------
  __cs_local_main_task_loop_1_block_2=9999 (00000000000000000010011100001111)

State 83 file /home/dell/zyworkspace/nichecker/Experiment/remarks2.1_LA_PPR/svp_simple_005/_mt_svp_simple_005_001_result/_cs_svp_simple_005_001_global_var_wrw_mt_svp_simple_005_001.c line 227 function main_task_0 thread 0
----------------------------------------------------
  __cs_local_main_task_i=9999 (00000000000000000010011100001111)

State 86 file /home/dell/zyworkspace/nichecker/Experiment/remarks2.1_LA_PPR/svp_simple_005/_mt_svp_simple_005_001_result/_cs_svp_simple_005_001_global_var_wrw_mt_svp_simple_005_001.c line 238 function main_task_0 thread 0
----------------------------------------------------
  __cs_local_main_task_j=0 (00000000000000000000000000000000)

State 87 file /home/dell/zyworkspace/nichecker/Experiment/remarks2.1_LA_PPR/svp_simple_005/_mt_svp_simple_005_001_result/_cs_svp_simple_005_001_global_var_wrw_mt_svp_simple_005_001.c line 246 function main_task_0 thread 0
----------------------------------------------------
  __cs_local_main_task_t_2=0 (00000000000000000000000000000000)

State 89 file /home/dell/zyworkspace/nichecker/Experiment/remarks2.1_LA_PPR/svp_simple_005/_mt_svp_simple_005_001_result/_cs_svp_simple_005_001_global_var_wrw_mt_svp_simple_005_001.c line 264 function main_task_0 thread 0
----------------------------------------------------
  __cs_local_main_task_loop_2_IOVar1=0 (00000000000000000000000000000000)

State 90 file /home/dell/zyworkspace/nichecker/Experiment/remarks2.1_LA_PPR/svp_simple_005/_mt_svp_simple_005_001_result/_cs_svp_simple_005_001_global_var_wrw_mt_svp_simple_005_001.c line 267 function main_task_0 thread 0
----------------------------------------------------
  __cs_local_main_task_loop_2_block_2=1000 (00000000000000000000001111101000)

State 91 file /home/dell/zyworkspace/nichecker/Experiment/remarks2.1_LA_PPR/svp_simple_005/_mt_svp_simple_005_001_result/_cs_svp_simple_005_001_global_var_wrw_mt_svp_simple_005_001.c line 270 function main_task_0 thread 0
----------------------------------------------------
  __cs_local_main_task_j=1000 (00000000000000000000001111101000)

State 94 file /home/dell/zyworkspace/nichecker/Experiment/remarks2.1_LA_PPR/svp_simple_005/_mt_svp_simple_005_001_result/_cs_svp_simple_005_001_global_var_wrw_mt_svp_simple_005_001.c line 280 function main_task_0 thread 0
----------------------------------------------------
  __cs_local_main_task___cs_tmp_if_cond_0=TRUE (00000001)

State 96 file /home/dell/zyworkspace/nichecker/Experiment/remarks2.1_LA_PPR/svp_simple_005/_mt_svp_simple_005_001_result/_cs_svp_simple_005_001_global_var_wrw_mt_svp_simple_005_001.c line 286 function main_task_0 thread 0
----------------------------------------------------
  svp_simple_005_001_global_var=1 (00000000000000000000000000000001)

State 98 file /home/dell/zyworkspace/nichecker/Experiment/remarks2.1_LA_PPR/svp_simple_005/_mt_svp_simple_005_001_result/_cs_svp_simple_005_001_global_var_wrw_mt_svp_simple_005_001.c line 291 function main_task_0 thread 0
----------------------------------------------------
  wrw_a_1_num=1 (00000000000000000000000000000001)

State 99 file /home/dell/zyworkspace/nichecker/Experiment/remarks2.1_LA_PPR/svp_simple_005/_mt_svp_simple_005_001_result/_cs_svp_simple_005_001_global_var_wrw_mt_svp_simple_005_001.c line 292 function main_task_0 thread 0
----------------------------------------------------
  wrw_a_1=0 (00000000000000000000000000000000)

State 102 file /home/dell/zyworkspace/nichecker/Experiment/remarks2.1_LA_PPR/svp_simple_005/_mt_svp_simple_005_001_result/_cs_svp_simple_005_001_global_var_wrw_mt_svp_simple_005_001.c line 306 function main_task_0 thread 0
----------------------------------------------------
  __cs_local_main_task_j=1001 (00000000000000000000001111101001)

State 103 file /home/dell/zyworkspace/nichecker/Experiment/remarks2.1_LA_PPR/svp_simple_005/_mt_svp_simple_005_001_result/_cs_svp_simple_005_001_global_var_wrw_mt_svp_simple_005_001.c line 312 function main_task_0 thread 0
----------------------------------------------------
  __cs_local_main_task_t_2=1 (00000000000000000000000000000001)

State 105 file /home/dell/zyworkspace/nichecker/Experiment/remarks2.1_LA_PPR/svp_simple_005/_mt_svp_simple_005_001_result/_cs_svp_simple_005_001_global_var_wrw_mt_svp_simple_005_001.c line 330 function main_task_0 thread 0
----------------------------------------------------
  __cs_local_main_task_loop_2_IOVar1=1001 (00000000000000000000001111101001)

State 106 file /home/dell/zyworkspace/nichecker/Experiment/remarks2.1_LA_PPR/svp_simple_005/_mt_svp_simple_005_001_result/_cs_svp_simple_005_001_global_var_wrw_mt_svp_simple_005_001.c line 333 function main_task_0 thread 0
----------------------------------------------------
  __cs_local_main_task_loop_2_block_2=8998 (00000000000000000010001100100110)

State 107 file /home/dell/zyworkspace/nichecker/Experiment/remarks2.1_LA_PPR/svp_simple_005/_mt_svp_simple_005_001_result/_cs_svp_simple_005_001_global_var_wrw_mt_svp_simple_005_001.c line 336 function main_task_0 thread 0
----------------------------------------------------
  __cs_local_main_task_j=9999 (00000000000000000010011100001111)

State 110 file /home/dell/zyworkspace/nichecker/Experiment/remarks2.1_LA_PPR/svp_simple_005/_mt_svp_simple_005_001_result/_cs_svp_simple_005_001_global_var_wrw_mt_svp_simple_005_001.c line 346 function main_task_0 thread 0
----------------------------------------------------
  __cs_local_main_task___cs_tmp_if_cond_0=FALSE (00000000)

State 113 file /home/dell/zyworkspace/nichecker/Experiment/remarks2.1_LA_PPR/svp_simple_005/_mt_svp_simple_005_001_result/_cs_svp_simple_005_001_global_var_wrw_mt_svp_simple_005_001.c line 372 function main_task_0 thread 0
----------------------------------------------------
  __cs_local_main_task_j=10000 (00000000000000000010011100010000)

State 114 file /home/dell/zyworkspace/nichecker/Experiment/remarks2.1_LA_PPR/svp_simple_005/_mt_svp_simple_005_001_result/_cs_svp_simple_005_001_global_var_wrw_mt_svp_simple_005_001.c line 378 function main_task_0 thread 0
----------------------------------------------------
  __cs_local_main_task_t_2=2 (00000000000000000000000000000010)

State 115 file /home/dell/zyworkspace/nichecker/Experiment/remarks2.1_LA_PPR/svp_simple_005/_mt_svp_simple_005_001_result/_cs_svp_simple_005_001_global_var_wrw_mt_svp_simple_005_001.c line 382 function main_task_0 thread 0
----------------------------------------------------
  __cs_loop_2=FALSE (00000000)

State 125 file /home/dell/zyworkspace/nichecker/Experiment/remarks2.1_LA_PPR/svp_simple_005/_mt_svp_simple_005_001_result/_cs_svp_simple_005_001_global_var_wrw_mt_svp_simple_005_001.c line 685 function main_task_0 thread 0
----------------------------------------------------
  __cs_value_ptr=NULL (0000000000000000000000000000000000000000000000000000000000000000)

State 130 file /home/dell/zyworkspace/nichecker/Experiment/remarks2.1_LA_PPR/svp_simple_005/_mt_svp_simple_005_001_result/_cs_svp_simple_005_001_global_var_wrw_mt_svp_simple_005_001.c line 838 function main thread 0
----------------------------------------------------
  __cs_pc[1l]=4 (0100)

State 131 file /home/dell/zyworkspace/nichecker/Experiment/remarks2.1_LA_PPR/svp_simple_005/_mt_svp_simple_005_001_result/_cs_svp_simple_005_001_global_var_wrw_mt_svp_simple_005_001.c line 844 function main thread 0
----------------------------------------------------
  __cs_tmp_t2_r0=1 (1)

State 133 file /home/dell/zyworkspace/nichecker/Experiment/remarks2.1_LA_PPR/svp_simple_005/_mt_svp_simple_005_001_result/_cs_svp_simple_005_001_global_var_wrw_mt_svp_simple_005_001.c line 849 function main thread 0
----------------------------------------------------
  __cs_thread_index=2 (10)

State 134 file /home/dell/zyworkspace/nichecker/Experiment/remarks2.1_LA_PPR/svp_simple_005/_mt_svp_simple_005_001_result/_cs_svp_simple_005_001_global_var_wrw_mt_svp_simple_005_001.c line 851 function main thread 0
----------------------------------------------------
  __cs_pc_cs[2l]=1 (0001)

State 139 file /home/dell/zyworkspace/nichecker/Experiment/remarks2.1_LA_PPR/svp_simple_005/_mt_svp_simple_005_001_result/_cs_svp_simple_005_001_global_var_wrw_mt_svp_simple_005_001.c line 857 function main thread 0
----------------------------------------------------
  __cs_param_svp_simple_005_001_isr_1_arg=NULL (0000000000000000000000000000000000000000000000000000000000000000)

State 141 file /home/dell/zyworkspace/nichecker/Experiment/remarks2.1_LA_PPR/svp_simple_005/_mt_svp_simple_005_001_result/_cs_svp_simple_005_001_global_var_wrw_mt_svp_simple_005_001.c line 698 function svp_simple_005_001_isr_1_0 thread 0
----------------------------------------------------
  __cs_local_svp_simple_005_001_isr_1_i=0 (00000000000000000000000000000000)

State 142 file /home/dell/zyworkspace/nichecker/Experiment/remarks2.1_LA_PPR/svp_simple_005/_mt_svp_simple_005_001_result/_cs_svp_simple_005_001_global_var_wrw_mt_svp_simple_005_001.c line 700 function svp_simple_005_001_isr_1_0 thread 0
----------------------------------------------------
  __cs_local_svp_simple_005_001_isr_1_i=0 (00000000000000000000000000000000)

State 143 file /home/dell/zyworkspace/nichecker/Experiment/remarks2.1_LA_PPR/svp_simple_005/_mt_svp_simple_005_001_result/_cs_svp_simple_005_001_global_var_wrw_mt_svp_simple_005_001.c line 707 function svp_simple_005_001_isr_1_0 thread 0
----------------------------------------------------
  __cs_local_svp_simple_005_001_isr_1_t_3=0 (00000000000000000000000000000000)

State 145 file /home/dell/zyworkspace/nichecker/Experiment/remarks2.1_LA_PPR/svp_simple_005/_mt_svp_simple_005_001_result/_cs_svp_simple_005_001_global_var_wrw_mt_svp_simple_005_001.c line 722 function svp_simple_005_001_isr_1_0 thread 0
----------------------------------------------------
  __cs_local_svp_simple_005_001_isr_1_loop_3_IOVar1=0 (00000000000000000000000000000000)

State 146 file /home/dell/zyworkspace/nichecker/Experiment/remarks2.1_LA_PPR/svp_simple_005/_mt_svp_simple_005_001_result/_cs_svp_simple_005_001_global_var_wrw_mt_svp_simple_005_001.c line 724 function svp_simple_005_001_isr_1_0 thread 0
----------------------------------------------------
  __cs_local_svp_simple_005_001_isr_1_loop_3_block_1=100 (00000000000000000000000001100100)

State 147 file /home/dell/zyworkspace/nichecker/Experiment/remarks2.1_LA_PPR/svp_simple_005/_mt_svp_simple_005_001_result/_cs_svp_simple_005_001_global_var_wrw_mt_svp_simple_005_001.c line 726 function svp_simple_005_001_isr_1_0 thread 0
----------------------------------------------------
  __cs_local_svp_simple_005_001_isr_1_i=100 (00000000000000000000000001100100)

State 150 file /home/dell/zyworkspace/nichecker/Experiment/remarks2.1_LA_PPR/svp_simple_005/_mt_svp_simple_005_001_result/_cs_svp_simple_005_001_global_var_wrw_mt_svp_simple_005_001.c line 737 function svp_simple_005_001_isr_1_0 thread 0
----------------------------------------------------
  __cs_local_svp_simple_005_001_isr_1_i=101 (00000000000000000000000001100101)

State 151 file /home/dell/zyworkspace/nichecker/Experiment/remarks2.1_LA_PPR/svp_simple_005/_mt_svp_simple_005_001_result/_cs_svp_simple_005_001_global_var_wrw_mt_svp_simple_005_001.c line 742 function svp_simple_005_001_isr_1_0 thread 0
----------------------------------------------------
  __cs_local_svp_simple_005_001_isr_1_t_3=1 (00000000000000000000000000000001)

State 156 file /home/dell/zyworkspace/nichecker/Experiment/remarks2.1_LA_PPR/svp_simple_005/_mt_svp_simple_005_001_result/_cs_svp_simple_005_001_global_var_wrw_mt_svp_simple_005_001.c line 798 function svp_simple_005_001_isr_1_0 thread 0
----------------------------------------------------
  __cs_local_svp_simple_005_001_isr_1_reader=1 (00000000000000000000000000000001)

State 157 file /home/dell/zyworkspace/nichecker/Experiment/remarks2.1_LA_PPR/svp_simple_005/_mt_svp_simple_005_001_result/_cs_svp_simple_005_001_global_var_wrw_mt_svp_simple_005_001.c line 800 function svp_simple_005_001_isr_1_0 thread 0
----------------------------------------------------
  wrw_a_1=1 (00000000000000000000000000000001)

State 161 file /home/dell/zyworkspace/nichecker/Experiment/remarks2.1_LA_PPR/svp_simple_005/_mt_svp_simple_005_001_result/_cs_svp_simple_005_001_global_var_wrw_mt_svp_simple_005_001.c line 812 function svp_simple_005_001_isr_1_0 thread 0
----------------------------------------------------
  __cs_value_ptr=NULL (0000000000000000000000000000000000000000000000000000000000000000)

State 166 file /home/dell/zyworkspace/nichecker/Experiment/remarks2.1_LA_PPR/svp_simple_005/_mt_svp_simple_005_001_result/_cs_svp_simple_005_001_global_var_wrw_mt_svp_simple_005_001.c line 859 function main thread 0
----------------------------------------------------
  __cs_pc[2l]=1 (0001)

State 167 file /home/dell/zyworkspace/nichecker/Experiment/remarks2.1_LA_PPR/svp_simple_005/_mt_svp_simple_005_001_result/_cs_svp_simple_005_001_global_var_wrw_mt_svp_simple_005_001.c line 869 function main thread 0
----------------------------------------------------
  __cs_tmp_t1_r1=10 (1010)

State 169 file /home/dell/zyworkspace/nichecker/Experiment/remarks2.1_LA_PPR/svp_simple_005/_mt_svp_simple_005_001_result/_cs_svp_simple_005_001_global_var_wrw_mt_svp_simple_005_001.c line 874 function main thread 0
----------------------------------------------------
  __cs_thread_index=1 (01)

State 170 file /home/dell/zyworkspace/nichecker/Experiment/remarks2.1_LA_PPR/svp_simple_005/_mt_svp_simple_005_001_result/_cs_svp_simple_005_001_global_var_wrw_mt_svp_simple_005_001.c line 876 function main thread 0
----------------------------------------------------
  __cs_pc_cs[1l]=10 (1010)

State 175 file /home/dell/zyworkspace/nichecker/Experiment/remarks2.1_LA_PPR/svp_simple_005/_mt_svp_simple_005_001_result/_cs_svp_simple_005_001_global_var_wrw_mt_svp_simple_005_001.c line 882 function main thread 0
----------------------------------------------------
  __cs_param_main_task_arg=NULL (0000000000000000000000000000000000000000000000000000000000000000)

State 184 file /home/dell/zyworkspace/nichecker/Experiment/remarks2.1_LA_PPR/svp_simple_005/_mt_svp_simple_005_001_result/_cs_svp_simple_005_001_global_var_wrw_mt_svp_simple_005_001.c line 404 function main_task_0 thread 0
----------------------------------------------------
  __cs_local_main_task_i=10000 (00000000000000000010011100010000)

State 185 file /home/dell/zyworkspace/nichecker/Experiment/remarks2.1_LA_PPR/svp_simple_005/_mt_svp_simple_005_001_result/_cs_svp_simple_005_001_global_var_wrw_mt_svp_simple_005_001.c line 410 function main_task_0 thread 0
----------------------------------------------------
  __cs_local_main_task_t_1=1 (00000000000000000000000000000001)

State 188 file /home/dell/zyworkspace/nichecker/Experiment/remarks2.1_LA_PPR/svp_simple_005/_mt_svp_simple_005_001_result/_cs_svp_simple_005_001_global_var_wrw_mt_svp_simple_005_001.c line 418 function main_task_0 thread 0
----------------------------------------------------
  __cs_pc[1l]=8 (1000)

State 197 file /home/dell/zyworkspace/nichecker/Experiment/remarks2.1_LA_PPR/svp_simple_005/_mt_svp_simple_005_001_result/_cs_svp_simple_005_001_global_var_wrw_mt_svp_simple_005_001.c line 642 function main_task_0 thread 0
----------------------------------------------------
  __cs_local_main_task___cs_tmp_if_cond_1=FALSE (00000000)

State 200 file /home/dell/zyworkspace/nichecker/Experiment/remarks2.1_LA_PPR/svp_simple_005/_mt_svp_simple_005_001_result/_cs_svp_simple_005_001_global_var_wrw_mt_svp_simple_005_001.c line 664 function main_task_0 thread 0
----------------------------------------------------
  svp_simple_005_001_global_var=5 (00000000000000000000000000000101)

Violated property:
  file /home/dell/zyworkspace/nichecker/Experiment/remarks2.1_LA_PPR/svp_simple_005/_mt_svp_simple_005_001_result/_cs_svp_simple_005_001_global_var_wrw_mt_svp_simple_005_001.c line 667 function main_task_0
  assertion wrw_a_1 == 0
  wrw_a_1 == 0


** 1 of 6 failed (2 iterations)
VERIFICATION FAILED
