CBMC version 5.6 64-bit x86_64 linux
Parsing /home/dell/zyworkspace/nichecker/Experiment/remarks2.1_LA_Slicing/svp_simple_030/_mt_svp_simple_030_001_result/_cs_svp_simple_030_001_gloable_var_rww_mt_svp_simple_030_001.c
<command-line>: warning: "__STDC_VERSION__" redefined
<built-in>: note: this is the location of the previous definition
Converting
Type-checking _cs_svp_simple_030_001_gloable_var_rww_mt_svp_simple_030_001
file /home/dell/zyworkspace/nichecker/Experiment/remarks2.1_LA_Slicing/svp_simple_030/_mt_svp_simple_030_001_result/_cs_svp_simple_030_001_gloable_var_rww_mt_svp_simple_030_001.c line 214 function svp_simple_030_001_isr_2_0: function `assert' is not declared
Generating GOTO Program
Adding CPROVER library (x86_64)
Removal of function pointers and virtual functions
Partial Inlining
Generic Property Instrumentation
Starting Bounded Model Checking
**** WARNING: no body for function disable_isr
**** WARNING: no body for function rand
**** WARNING: no body for function enable_isr
size of program expression: 945 steps
simple slicing removed 39 assignments
Generated 9 VCC(s), 9 remaining after simplification
Passing problem to propositional reduction
converting SSA
Running propositional reduction
Post-processing
Solving with MiniSAT 2.2.1 with simplifier
6443 variables, 19885 clauses
SAT checker: instance is SATISFIABLE
Solving with MiniSAT 2.2.1 with simplifier
6443 variables, 7737 clauses
SAT checker: instance is UNSATISFIABLE
Runtime decision procedure: 0.046s

** Results:
[svp_simple_030_001_isr_2_0.assertion.1] assertion rww_w1 == rww_r_tmp3: SUCCESS
[main_task_0.assertion.1] assertion rww_w1 == rww_r_tmp1: SUCCESS
[main_task_0.assertion.2] assertion rww_w2 == rww_r_tmp1: FAILURE
[svp_simple_030_001_isr_1_0.assertion.1] assertion rww_w3 == rww_r_tmp2: SUCCESS

Trace for main_task_0.assertion.2:

State 49 file /home/dell/zyworkspace/nichecker/Experiment/remarks2.1_LA_Slicing/svp_simple_030/_mt_svp_simple_030_001_result/_cs_svp_simple_030_001_gloable_var_rww_mt_svp_simple_030_001.c line 459 function main thread 0
----------------------------------------------------
  __cs_tmp_t1_r0=4 (100)

State 51 file /home/dell/zyworkspace/nichecker/Experiment/remarks2.1_LA_Slicing/svp_simple_030/_mt_svp_simple_030_001_result/_cs_svp_simple_030_001_gloable_var_rww_mt_svp_simple_030_001.c line 463 function main thread 0
----------------------------------------------------
  __cs_thread_index=1 (001)

State 52 file /home/dell/zyworkspace/nichecker/Experiment/remarks2.1_LA_Slicing/svp_simple_030/_mt_svp_simple_030_001_result/_cs_svp_simple_030_001_gloable_var_rww_mt_svp_simple_030_001.c line 465 function main thread 0
----------------------------------------------------
  __cs_pc_cs[1l]=4 (100)

State 57 file /home/dell/zyworkspace/nichecker/Experiment/remarks2.1_LA_Slicing/svp_simple_030/_mt_svp_simple_030_001_result/_cs_svp_simple_030_001_gloable_var_rww_mt_svp_simple_030_001.c line 471 function main thread 0
----------------------------------------------------
  __cs_param_main_task_arg=NULL (0000000000000000000000000000000000000000000000000000000000000000)

State 62 file /home/dell/zyworkspace/nichecker/Experiment/remarks2.1_LA_Slicing/svp_simple_030/_mt_svp_simple_030_001_result/_cs_svp_simple_030_001_gloable_var_rww_mt_svp_simple_030_001.c line 270 function main_task_0 thread 0
----------------------------------------------------
  __cs_disable_thread[4l]=1 (1)

State 63 file /home/dell/zyworkspace/nichecker/Experiment/remarks2.1_LA_Slicing/svp_simple_030/_mt_svp_simple_030_001_result/_cs_svp_simple_030_001_gloable_var_rww_mt_svp_simple_030_001.c line 273 function main_task_0 thread 0
----------------------------------------------------
  __cs_disable_thread[3l]=1 (1)

State 64 file /home/dell/zyworkspace/nichecker/Experiment/remarks2.1_LA_Slicing/svp_simple_030/_mt_svp_simple_030_001_result/_cs_svp_simple_030_001_gloable_var_rww_mt_svp_simple_030_001.c line 276 function main_task_0 thread 0
----------------------------------------------------
  __cs_disable_thread[2l]=1 (1)

State 65 file /home/dell/zyworkspace/nichecker/Experiment/remarks2.1_LA_Slicing/svp_simple_030/_mt_svp_simple_030_001_result/_cs_svp_simple_030_001_gloable_var_rww_mt_svp_simple_030_001.c line 279 function main_task_0 thread 0
----------------------------------------------------
  __cs_disable_thread[0l]=1 (1)

State 71 file /home/dell/zyworkspace/nichecker/Experiment/remarks2.1_LA_Slicing/svp_simple_030/_mt_svp_simple_030_001_result/_cs_svp_simple_030_001_gloable_var_rww_mt_svp_simple_030_001.c line 292 function main_task_0 thread 0
----------------------------------------------------
  svp_simple_030_001_gloable_var=1073741825 (01000000000000000000000000000001)

State 76 file /home/dell/zyworkspace/nichecker/Experiment/remarks2.1_LA_Slicing/svp_simple_030/_mt_svp_simple_030_001_result/_cs_svp_simple_030_001_gloable_var_rww_mt_svp_simple_030_001.c line 297 function main_task_0 thread 0
----------------------------------------------------
  svp_simple_030_001_isr_1_flag=0 (00000000000000000000000000000000)

State 80 file /home/dell/zyworkspace/nichecker/Experiment/remarks2.1_LA_Slicing/svp_simple_030/_mt_svp_simple_030_001_result/_cs_svp_simple_030_001_gloable_var_rww_mt_svp_simple_030_001.c line 303 function main_task_0 thread 0
----------------------------------------------------
  __cs_disable_thread[4l]=0 (0)

State 81 file /home/dell/zyworkspace/nichecker/Experiment/remarks2.1_LA_Slicing/svp_simple_030/_mt_svp_simple_030_001_result/_cs_svp_simple_030_001_gloable_var_rww_mt_svp_simple_030_001.c line 306 function main_task_0 thread 0
----------------------------------------------------
  __cs_disable_thread[3l]=0 (0)

State 82 file /home/dell/zyworkspace/nichecker/Experiment/remarks2.1_LA_Slicing/svp_simple_030/_mt_svp_simple_030_001_result/_cs_svp_simple_030_001_gloable_var_rww_mt_svp_simple_030_001.c line 309 function main_task_0 thread 0
----------------------------------------------------
  __cs_disable_thread[2l]=0 (0)

State 83 file /home/dell/zyworkspace/nichecker/Experiment/remarks2.1_LA_Slicing/svp_simple_030/_mt_svp_simple_030_001_result/_cs_svp_simple_030_001_gloable_var_rww_mt_svp_simple_030_001.c line 312 function main_task_0 thread 0
----------------------------------------------------
  __cs_disable_thread[0l]=0 (0)

State 87 file /home/dell/zyworkspace/nichecker/Experiment/remarks2.1_LA_Slicing/svp_simple_030/_mt_svp_simple_030_001_result/_cs_svp_simple_030_001_gloable_var_rww_mt_svp_simple_030_001.c line 325 function main_task_0 thread 0
----------------------------------------------------
  __cs_disable_thread[4l]=1 (1)

State 88 file /home/dell/zyworkspace/nichecker/Experiment/remarks2.1_LA_Slicing/svp_simple_030/_mt_svp_simple_030_001_result/_cs_svp_simple_030_001_gloable_var_rww_mt_svp_simple_030_001.c line 328 function main_task_0 thread 0
----------------------------------------------------
  __cs_disable_thread[3l]=1 (1)

State 89 file /home/dell/zyworkspace/nichecker/Experiment/remarks2.1_LA_Slicing/svp_simple_030/_mt_svp_simple_030_001_result/_cs_svp_simple_030_001_gloable_var_rww_mt_svp_simple_030_001.c line 331 function main_task_0 thread 0
----------------------------------------------------
  __cs_disable_thread[2l]=1 (1)

State 90 file /home/dell/zyworkspace/nichecker/Experiment/remarks2.1_LA_Slicing/svp_simple_030/_mt_svp_simple_030_001_result/_cs_svp_simple_030_001_gloable_var_rww_mt_svp_simple_030_001.c line 334 function main_task_0 thread 0
----------------------------------------------------
  __cs_disable_thread[0l]=1 (1)

State 94 file /home/dell/zyworkspace/nichecker/Experiment/remarks2.1_LA_Slicing/svp_simple_030/_mt_svp_simple_030_001_result/_cs_svp_simple_030_001_gloable_var_rww_mt_svp_simple_030_001.c line 341 function main_task_0 thread 0
----------------------------------------------------
  __cs_disable_thread[2l]=0 (0)

State 96 file /home/dell/zyworkspace/nichecker/Experiment/remarks2.1_LA_Slicing/svp_simple_030/_mt_svp_simple_030_001_result/_cs_svp_simple_030_001_gloable_var_rww_mt_svp_simple_030_001.c line 350 function main_task_0 thread 0
----------------------------------------------------
  __cs_local_main_task___cs_tmp_if_cond_1=TRUE (00000001)

State 97 file /home/dell/zyworkspace/nichecker/Experiment/remarks2.1_LA_Slicing/svp_simple_030/_mt_svp_simple_030_001_result/_cs_svp_simple_030_001_gloable_var_rww_mt_svp_simple_030_001.c line 352 function main_task_0 thread 0
----------------------------------------------------
  rww_r_tmp1_num=1 (00000000000000000000000000000001)

State 98 file /home/dell/zyworkspace/nichecker/Experiment/remarks2.1_LA_Slicing/svp_simple_030/_mt_svp_simple_030_001_result/_cs_svp_simple_030_001_gloable_var_rww_mt_svp_simple_030_001.c line 353 function main_task_0 thread 0
----------------------------------------------------
  rww_r_tmp1=1073741825 (01000000000000000000000000000001)

State 103 file /home/dell/zyworkspace/nichecker/Experiment/remarks2.1_LA_Slicing/svp_simple_030/_mt_svp_simple_030_001_result/_cs_svp_simple_030_001_gloable_var_rww_mt_svp_simple_030_001.c line 392 function main_task_0 thread 0
----------------------------------------------------
  __cs_value_ptr=NULL (0000000000000000000000000000000000000000000000000000000000000000)

State 108 file /home/dell/zyworkspace/nichecker/Experiment/remarks2.1_LA_Slicing/svp_simple_030/_mt_svp_simple_030_001_result/_cs_svp_simple_030_001_gloable_var_rww_mt_svp_simple_030_001.c line 473 function main thread 0
----------------------------------------------------
  __cs_pc[1l]=4 (100)

State 109 file /home/dell/zyworkspace/nichecker/Experiment/remarks2.1_LA_Slicing/svp_simple_030/_mt_svp_simple_030_001_result/_cs_svp_simple_030_001_gloable_var_rww_mt_svp_simple_030_001.c line 479 function main thread 0
----------------------------------------------------
  __cs_tmp_t2_r0=4 (100)

State 116 file /home/dell/zyworkspace/nichecker/Experiment/remarks2.1_LA_Slicing/svp_simple_030/_mt_svp_simple_030_001_result/_cs_svp_simple_030_001_gloable_var_rww_mt_svp_simple_030_001.c line 484 function main thread 0
----------------------------------------------------
  __cs_thread_index=2 (010)

State 117 file /home/dell/zyworkspace/nichecker/Experiment/remarks2.1_LA_Slicing/svp_simple_030/_mt_svp_simple_030_001_result/_cs_svp_simple_030_001_gloable_var_rww_mt_svp_simple_030_001.c line 486 function main thread 0
----------------------------------------------------
  __cs_pc_cs[2l]=4 (100)

State 122 file /home/dell/zyworkspace/nichecker/Experiment/remarks2.1_LA_Slicing/svp_simple_030/_mt_svp_simple_030_001_result/_cs_svp_simple_030_001_gloable_var_rww_mt_svp_simple_030_001.c line 492 function main thread 0
----------------------------------------------------
  __cs_param_svp_simple_030_001_isr_1_arg=NULL (0000000000000000000000000000000000000000000000000000000000000000)

State 124 file /home/dell/zyworkspace/nichecker/Experiment/remarks2.1_LA_Slicing/svp_simple_030/_mt_svp_simple_030_001_result/_cs_svp_simple_030_001_gloable_var_rww_mt_svp_simple_030_001.c line 405 function svp_simple_030_001_isr_1_0 thread 0
----------------------------------------------------
  __cs_temporary_0=0 (00000000000000000000000000000000)

State 126 file /home/dell/zyworkspace/nichecker/Experiment/remarks2.1_LA_Slicing/svp_simple_030/_mt_svp_simple_030_001_result/_cs_svp_simple_030_001_gloable_var_rww_mt_svp_simple_030_001.c line 409 function svp_simple_030_001_isr_1_0 thread 0
----------------------------------------------------
  __cs_temporary_0=1073741826 (01000000000000000000000000000010)

State 127 file /home/dell/zyworkspace/nichecker/Experiment/remarks2.1_LA_Slicing/svp_simple_030/_mt_svp_simple_030_001_result/_cs_svp_simple_030_001_gloable_var_rww_mt_svp_simple_030_001.c line 411 function svp_simple_030_001_isr_1_0 thread 0
----------------------------------------------------
  rww_r_tmp2_num=1 (00000000000000000000000000000001)

State 128 file /home/dell/zyworkspace/nichecker/Experiment/remarks2.1_LA_Slicing/svp_simple_030/_mt_svp_simple_030_001_result/_cs_svp_simple_030_001_gloable_var_rww_mt_svp_simple_030_001.c line 412 function svp_simple_030_001_isr_1_0 thread 0
----------------------------------------------------
  rww_r_tmp2=1073741825 (01000000000000000000000000000001)

State 130 file /home/dell/zyworkspace/nichecker/Experiment/remarks2.1_LA_Slicing/svp_simple_030/_mt_svp_simple_030_001_result/_cs_svp_simple_030_001_gloable_var_rww_mt_svp_simple_030_001.c line 417 function svp_simple_030_001_isr_1_0 thread 0
----------------------------------------------------
  rww_w3=1073741825 (01000000000000000000000000000001)

State 133 file /home/dell/zyworkspace/nichecker/Experiment/remarks2.1_LA_Slicing/svp_simple_030/_mt_svp_simple_030_001_result/_cs_svp_simple_030_001_gloable_var_rww_mt_svp_simple_030_001.c line 420 function svp_simple_030_001_isr_1_0 thread 0
----------------------------------------------------
  rww_r_tmp2_num=0 (00000000000000000000000000000000)

State 134 file /home/dell/zyworkspace/nichecker/Experiment/remarks2.1_LA_Slicing/svp_simple_030/_mt_svp_simple_030_001_result/_cs_svp_simple_030_001_gloable_var_rww_mt_svp_simple_030_001.c line 423 function svp_simple_030_001_isr_1_0 thread 0
----------------------------------------------------
  svp_simple_030_001_gloable_var=1073741826 (01000000000000000000000000000010)

State 136 file /home/dell/zyworkspace/nichecker/Experiment/remarks2.1_LA_Slicing/svp_simple_030/_mt_svp_simple_030_001_result/_cs_svp_simple_030_001_gloable_var_rww_mt_svp_simple_030_001.c line 430 function svp_simple_030_001_isr_1_0 thread 0
----------------------------------------------------
  svp_simple_030_001_isr_1_flag=0 (00000000000000000000000000000000)

State 140 file /home/dell/zyworkspace/nichecker/Experiment/remarks2.1_LA_Slicing/svp_simple_030/_mt_svp_simple_030_001_result/_cs_svp_simple_030_001_gloable_var_rww_mt_svp_simple_030_001.c line 434 function svp_simple_030_001_isr_1_0 thread 0
----------------------------------------------------
  __cs_disable_thread[3l]=0 (0)

State 144 file /home/dell/zyworkspace/nichecker/Experiment/remarks2.1_LA_Slicing/svp_simple_030/_mt_svp_simple_030_001_result/_cs_svp_simple_030_001_gloable_var_rww_mt_svp_simple_030_001.c line 447 function svp_simple_030_001_isr_1_0 thread 0
----------------------------------------------------
  __cs_value_ptr=NULL (0000000000000000000000000000000000000000000000000000000000000000)

State 149 file /home/dell/zyworkspace/nichecker/Experiment/remarks2.1_LA_Slicing/svp_simple_030/_mt_svp_simple_030_001_result/_cs_svp_simple_030_001_gloable_var_rww_mt_svp_simple_030_001.c line 494 function main thread 0
----------------------------------------------------
  __cs_pc[2l]=4 (100)

State 150 file /home/dell/zyworkspace/nichecker/Experiment/remarks2.1_LA_Slicing/svp_simple_030/_mt_svp_simple_030_001_result/_cs_svp_simple_030_001_gloable_var_rww_mt_svp_simple_030_001.c line 500 function main thread 0
----------------------------------------------------
  __cs_tmp_t3_r0=4 (100)

State 152 file /home/dell/zyworkspace/nichecker/Experiment/remarks2.1_LA_Slicing/svp_simple_030/_mt_svp_simple_030_001_result/_cs_svp_simple_030_001_gloable_var_rww_mt_svp_simple_030_001.c line 505 function main thread 0
----------------------------------------------------
  __cs_thread_index=3 (011)

State 153 file /home/dell/zyworkspace/nichecker/Experiment/remarks2.1_LA_Slicing/svp_simple_030/_mt_svp_simple_030_001_result/_cs_svp_simple_030_001_gloable_var_rww_mt_svp_simple_030_001.c line 507 function main thread 0
----------------------------------------------------
  __cs_pc_cs[3l]=4 (100)

State 158 file /home/dell/zyworkspace/nichecker/Experiment/remarks2.1_LA_Slicing/svp_simple_030/_mt_svp_simple_030_001_result/_cs_svp_simple_030_001_gloable_var_rww_mt_svp_simple_030_001.c line 513 function main thread 0
----------------------------------------------------
  __cs_param_svp_simple_030_001_isr_2_arg=NULL (0000000000000000000000000000000000000000000000000000000000000000)

State 161 file /home/dell/zyworkspace/nichecker/Experiment/remarks2.1_LA_Slicing/svp_simple_030/_mt_svp_simple_030_001_result/_cs_svp_simple_030_001_gloable_var_rww_mt_svp_simple_030_001.c line 193 function svp_simple_030_001_isr_2_0 thread 0
----------------------------------------------------
  __cs_local_svp_simple_030_001_isr_2___cs_tmp_if_cond_0=FALSE (00000000)

State 167 file /home/dell/zyworkspace/nichecker/Experiment/remarks2.1_LA_Slicing/svp_simple_030/_mt_svp_simple_030_001_result/_cs_svp_simple_030_001_gloable_var_rww_mt_svp_simple_030_001.c line 234 function svp_simple_030_001_isr_2_0 thread 0
----------------------------------------------------
  __cs_value_ptr=NULL (0000000000000000000000000000000000000000000000000000000000000000)

State 172 file /home/dell/zyworkspace/nichecker/Experiment/remarks2.1_LA_Slicing/svp_simple_030/_mt_svp_simple_030_001_result/_cs_svp_simple_030_001_gloable_var_rww_mt_svp_simple_030_001.c line 515 function main thread 0
----------------------------------------------------
  __cs_pc[3l]=4 (100)

State 173 file /home/dell/zyworkspace/nichecker/Experiment/remarks2.1_LA_Slicing/svp_simple_030/_mt_svp_simple_030_001_result/_cs_svp_simple_030_001_gloable_var_rww_mt_svp_simple_030_001.c line 521 function main thread 0
----------------------------------------------------
  __cs_tmp_t4_r0=0 (0)

State 175 file /home/dell/zyworkspace/nichecker/Experiment/remarks2.1_LA_Slicing/svp_simple_030/_mt_svp_simple_030_001_result/_cs_svp_simple_030_001_gloable_var_rww_mt_svp_simple_030_001.c line 546 function main thread 0
----------------------------------------------------
  __cs_tmp_t1_r1=5 (101)

State 185 file /home/dell/zyworkspace/nichecker/Experiment/remarks2.1_LA_Slicing/svp_simple_030/_mt_svp_simple_030_001_result/_cs_svp_simple_030_001_gloable_var_rww_mt_svp_simple_030_001.c line 551 function main thread 0
----------------------------------------------------
  __cs_thread_index=1 (001)

State 186 file /home/dell/zyworkspace/nichecker/Experiment/remarks2.1_LA_Slicing/svp_simple_030/_mt_svp_simple_030_001_result/_cs_svp_simple_030_001_gloable_var_rww_mt_svp_simple_030_001.c line 553 function main thread 0
----------------------------------------------------
  __cs_pc_cs[1l]=5 (101)

State 191 file /home/dell/zyworkspace/nichecker/Experiment/remarks2.1_LA_Slicing/svp_simple_030/_mt_svp_simple_030_001_result/_cs_svp_simple_030_001_gloable_var_rww_mt_svp_simple_030_001.c line 559 function main thread 0
----------------------------------------------------
  __cs_param_main_task_arg=NULL (0000000000000000000000000000000000000000000000000000000000000000)

State 197 file /home/dell/zyworkspace/nichecker/Experiment/remarks2.1_LA_Slicing/svp_simple_030/_mt_svp_simple_030_001_result/_cs_svp_simple_030_001_gloable_var_rww_mt_svp_simple_030_001.c line 363 function main_task_0 thread 0
----------------------------------------------------
  rww_w2=1073741826 (01000000000000000000000000000010)

Violated property:
  file /home/dell/zyworkspace/nichecker/Experiment/remarks2.1_LA_Slicing/svp_simple_030/_mt_svp_simple_030_001_result/_cs_svp_simple_030_001_gloable_var_rww_mt_svp_simple_030_001.c line 365 function main_task_0
  assertion rww_w2 == rww_r_tmp1
  rww_w2 == rww_r_tmp1


** 1 of 4 failed (2 iterations)
VERIFICATION FAILED
