CBMC version 5.6 64-bit x86_64 linux
Parsing /home/dell/zyworkspace/nichecker/Experiment/remarks2.1_basic/svp_simple_002/_mt_svp_simple_002_001_result/_cs_svp_simple_002_001_global_array[9999]_wwr_mt_svp_simple_002_001.c
<command-line>: warning: "__STDC_VERSION__" redefined
<built-in>: note: this is the location of the previous definition
Converting
Type-checking _cs_svp_simple_002_001_global_array[9999]_wwr_mt_svp_simple_002_001
file /home/dell/zyworkspace/nichecker/Experiment/remarks2.1_basic/svp_simple_002/_mt_svp_simple_002_001_result/_cs_svp_simple_002_001_global_array[9999]_wwr_mt_svp_simple_002_001.c line 386 function svp_simple_002_001_isr_1_0: function `assert' is not declared
Generating GOTO Program
Adding CPROVER library (x86_64)
Removal of function pointers and virtual functions
Partial Inlining
Generic Property Instrumentation
Starting Bounded Model Checking
**** WARNING: no body for function enable_isr
size of program expression: 664 steps
simple slicing removed 113 assignments
Generated 2 VCC(s), 2 remaining after simplification
Passing problem to propositional reduction
converting SSA
Running propositional reduction
Post-processing
Solving with MiniSAT 2.2.1 with simplifier
876 variables, 2046 clauses
SAT checker: instance is UNSATISFIABLE
Runtime decision procedure: 0.196s

** Results:
[svp_simple_002_001_isr_1_0.assertion.1] assertion wwr_r1 == wwr_w_tmp2: SUCCESS

** 0 of 1 failed (1 iteration)
VERIFICATION SUCCESSFUL
