2023-10-31 08:18:19
SVPCheck: True	LoopAbstraction: True	LabelReduction: True	Slice: False	

SVPCheck var: svp_simple_026_001_gloable_var	pattern: rww
--------------------------Run start-------------------------------
inliner
slice
LoopAbstraction
unroller
insertLabel
lazyseq
feeder  0.223
[91mUNSAFE[0m, counterexample: 2, time: 2.632 s, memory: 30.41 MB
--------------------------Run end---------------------------------
SVPCheck var: svp_simple_026_001_gloable_var	pattern: wwr
--------------------------Run start-------------------------------
inliner
slice
LoopAbstraction
unroller
insertLabel
lazyseq
feeder  0.191
[92mSAFE[0m, counterexample: 0, time: 2.526 s, memory: 28.90 MB
--------------------------Run end---------------------------------
cbmcTimeSum: 0.414
modulesTimeSum: 5.158
