CBMC version 5.6 64-bit x86_64 linux
Parsing /home/dell/zyworkspace/nichecker/Experiment/remarks2.1_LA/svp_simple_009/_mt_svp_simple_009_001_result/_cs_svp_simple_009_001_m_rwr_mt_svp_simple_009_001.c
<command-line>: warning: "__STDC_VERSION__" redefined
<built-in>: note: this is the location of the previous definition
Converting
Type-checking _cs_svp_simple_009_001_m_rwr_mt_svp_simple_009_001
file /home/dell/zyworkspace/nichecker/Experiment/remarks2.1_LA/svp_simple_009/_mt_svp_simple_009_001_result/_cs_svp_simple_009_001_m_rwr_mt_svp_simple_009_001.c line 252 function main_task_0: function `assert' is not declared
Generating GOTO Program
Adding CPROVER library (x86_64)
Removal of function pointers and virtual functions
Partial Inlining
Generic Property Instrumentation
Starting Bounded Model Checking
**** WARNING: no body for function enable_isr
size of program expression: 612 steps
simple slicing removed 24 assignments
Generated 5 VCC(s), 5 remaining after simplification
Passing problem to propositional reduction
converting SSA
Running propositional reduction
Post-processing
Solving with MiniSAT 2.2.1 with simplifier
4346 variables, 9778 clauses
SAT checker: instance is SATISFIABLE
Solving with MiniSAT 2.2.1 with simplifier
4346 variables, 1218 clauses
SAT checker: instance is UNSATISFIABLE
Runtime decision procedure: 0.017s

** Results:
[main_task_0.assertion.1] assertion rwr_rsvp_simple_009_001_m_1 == rwr_tmpsvp_simple_009_001_m_1: SUCCESS
[main_task_0.assertion.2] assertion rwr_rsvp_simple_009_001_m_2 == rwr_tmpsvp_simple_009_001_m_1: FAILURE

Trace for main_task_0.assertion.2:

State 64 file /home/dell/zyworkspace/nichecker/Experiment/remarks2.1_LA/svp_simple_009/_mt_svp_simple_009_001_result/_cs_svp_simple_009_001_m_rwr_mt_svp_simple_009_001.c line 434 function main thread 0
----------------------------------------------------
  __cs_tmp_t1_r0=6 (0110)

State 66 file /home/dell/zyworkspace/nichecker/Experiment/remarks2.1_LA/svp_simple_009/_mt_svp_simple_009_001_result/_cs_svp_simple_009_001_m_rwr_mt_svp_simple_009_001.c line 438 function main thread 0
----------------------------------------------------
  __cs_thread_index=1 (01)

State 67 file /home/dell/zyworkspace/nichecker/Experiment/remarks2.1_LA/svp_simple_009/_mt_svp_simple_009_001_result/_cs_svp_simple_009_001_m_rwr_mt_svp_simple_009_001.c line 440 function main thread 0
----------------------------------------------------
  __cs_pc_cs[1l]=6 (0110)

State 72 file /home/dell/zyworkspace/nichecker/Experiment/remarks2.1_LA/svp_simple_009/_mt_svp_simple_009_001_result/_cs_svp_simple_009_001_m_rwr_mt_svp_simple_009_001.c line 446 function main thread 0
----------------------------------------------------
  __cs_param_main_task_arg=NULL (0000000000000000000000000000000000000000000000000000000000000000)

State 77 file /home/dell/zyworkspace/nichecker/Experiment/remarks2.1_LA/svp_simple_009/_mt_svp_simple_009_001_result/_cs_svp_simple_009_001_m_rwr_mt_svp_simple_009_001.c line 200 function main_task_0 thread 0
----------------------------------------------------
  __cs_disable_thread[2l]=0 (0)

State 78 file /home/dell/zyworkspace/nichecker/Experiment/remarks2.1_LA/svp_simple_009/_mt_svp_simple_009_001_result/_cs_svp_simple_009_001_m_rwr_mt_svp_simple_009_001.c line 203 function main_task_0 thread 0
----------------------------------------------------
  __cs_disable_thread[0l]=0 (0)

State 79 file /home/dell/zyworkspace/nichecker/Experiment/remarks2.1_LA/svp_simple_009/_mt_svp_simple_009_001_result/_cs_svp_simple_009_001_m_rwr_mt_svp_simple_009_001.c line 212 function main_task_0 thread 0
----------------------------------------------------
  __cs_local_main_task_svp_simple_009_001_local_var1=1 (00000000000000000000000000000001)

State 80 file /home/dell/zyworkspace/nichecker/Experiment/remarks2.1_LA/svp_simple_009/_mt_svp_simple_009_001_result/_cs_svp_simple_009_001_m_rwr_mt_svp_simple_009_001.c line 217 function main_task_0 thread 0
----------------------------------------------------
  __cs_variable_address_list[0l]=&__cs_local_main_task_svp_simple_009_001_local_var2 (0000001100000000000000000000000000000000000000000000000000000000)

State 81 file /home/dell/zyworkspace/nichecker/Experiment/remarks2.1_LA/svp_simple_009/_mt_svp_simple_009_001_result/_cs_svp_simple_009_001_m_rwr_mt_svp_simple_009_001.c line 219 function main_task_0 thread 0
----------------------------------------------------
  __cs_local_main_task_svp_simple_009_001_local_var2=9 (00000000000000000000000000001001)

State 83 file /home/dell/zyworkspace/nichecker/Experiment/remarks2.1_LA/svp_simple_009/_mt_svp_simple_009_001_result/_cs_svp_simple_009_001_m_rwr_mt_svp_simple_009_001.c line 224 function main_task_0 thread 0
----------------------------------------------------
  svp_simple_009_001_p=&__cs_local_main_task_svp_simple_009_001_local_var1 (0000001000000000000000000000000000000000000000000000000000000000)

State 85 file /home/dell/zyworkspace/nichecker/Experiment/remarks2.1_LA/svp_simple_009/_mt_svp_simple_009_001_result/_cs_svp_simple_009_001_m_rwr_mt_svp_simple_009_001.c line 229 function main_task_0 thread 0
----------------------------------------------------
  svp_simple_009_001_q=&__cs_local_main_task_svp_simple_009_001_local_var1 (0000001000000000000000000000000000000000000000000000000000000000)

State 87 file /home/dell/zyworkspace/nichecker/Experiment/remarks2.1_LA/svp_simple_009/_mt_svp_simple_009_001_result/_cs_svp_simple_009_001_m_rwr_mt_svp_simple_009_001.c line 234 function main_task_0 thread 0
----------------------------------------------------
  __cs_local_main_task_svp_simple_009_001_local_var1=2 (00000000000000000000000000000010)

State 89 file /home/dell/zyworkspace/nichecker/Experiment/remarks2.1_LA/svp_simple_009/_mt_svp_simple_009_001_result/_cs_svp_simple_009_001_m_rwr_mt_svp_simple_009_001.c line 239 function main_task_0 thread 0
----------------------------------------------------
  __cs_local_main_task_svp_simple_009_001_local_var1=3 (00000000000000000000000000000011)

State 91 file /home/dell/zyworkspace/nichecker/Experiment/remarks2.1_LA/svp_simple_009/_mt_svp_simple_009_001_result/_cs_svp_simple_009_001_m_rwr_mt_svp_simple_009_001.c line 243 function main_task_0 thread 0
----------------------------------------------------
  svp_simple_009_001_m=&__cs_local_main_task_svp_simple_009_001_local_var2 (0000001100000000000000000000000000000000000000000000000000000000)

State 96 file /home/dell/zyworkspace/nichecker/Experiment/remarks2.1_LA/svp_simple_009/_mt_svp_simple_009_001_result/_cs_svp_simple_009_001_m_rwr_mt_svp_simple_009_001.c line 287 function main_task_0 thread 0
----------------------------------------------------
  __cs_value_ptr=NULL (0000000000000000000000000000000000000000000000000000000000000000)

State 101 file /home/dell/zyworkspace/nichecker/Experiment/remarks2.1_LA/svp_simple_009/_mt_svp_simple_009_001_result/_cs_svp_simple_009_001_m_rwr_mt_svp_simple_009_001.c line 448 function main thread 0
----------------------------------------------------
  __cs_pc[1l]=6 (0110)

State 102 file /home/dell/zyworkspace/nichecker/Experiment/remarks2.1_LA/svp_simple_009/_mt_svp_simple_009_001_result/_cs_svp_simple_009_001_m_rwr_mt_svp_simple_009_001.c line 454 function main thread 0
----------------------------------------------------
  __cs_tmp_t2_r0=0 (0)

State 104 file /home/dell/zyworkspace/nichecker/Experiment/remarks2.1_LA/svp_simple_009/_mt_svp_simple_009_001_result/_cs_svp_simple_009_001_m_rwr_mt_svp_simple_009_001.c line 459 function main thread 0
----------------------------------------------------
  __cs_thread_index=2 (10)

State 105 file /home/dell/zyworkspace/nichecker/Experiment/remarks2.1_LA/svp_simple_009/_mt_svp_simple_009_001_result/_cs_svp_simple_009_001_m_rwr_mt_svp_simple_009_001.c line 461 function main thread 0
----------------------------------------------------
  __cs_pc_cs[2l]=0 (0000)

State 110 file /home/dell/zyworkspace/nichecker/Experiment/remarks2.1_LA/svp_simple_009/_mt_svp_simple_009_001_result/_cs_svp_simple_009_001_m_rwr_mt_svp_simple_009_001.c line 467 function main thread 0
----------------------------------------------------
  __cs_param_svp_simple_009_001_isr_1_arg=NULL (0000000000000000000000000000000000000000000000000000000000000000)

State 114 file /home/dell/zyworkspace/nichecker/Experiment/remarks2.1_LA/svp_simple_009/_mt_svp_simple_009_001_result/_cs_svp_simple_009_001_m_rwr_mt_svp_simple_009_001.c line 422 function svp_simple_009_001_isr_1_0 thread 0
----------------------------------------------------
  __cs_value_ptr=NULL (0000000000000000000000000000000000000000000000000000000000000000)

State 119 file /home/dell/zyworkspace/nichecker/Experiment/remarks2.1_LA/svp_simple_009/_mt_svp_simple_009_001_result/_cs_svp_simple_009_001_m_rwr_mt_svp_simple_009_001.c line 469 function main thread 0
----------------------------------------------------
  __cs_pc[2l]=0 (0000)

State 120 file /home/dell/zyworkspace/nichecker/Experiment/remarks2.1_LA/svp_simple_009/_mt_svp_simple_009_001_result/_cs_svp_simple_009_001_m_rwr_mt_svp_simple_009_001.c line 479 function main thread 0
----------------------------------------------------
  __cs_tmp_t1_r1=7 (0111)

State 122 file /home/dell/zyworkspace/nichecker/Experiment/remarks2.1_LA/svp_simple_009/_mt_svp_simple_009_001_result/_cs_svp_simple_009_001_m_rwr_mt_svp_simple_009_001.c line 484 function main thread 0
----------------------------------------------------
  __cs_thread_index=1 (01)

State 123 file /home/dell/zyworkspace/nichecker/Experiment/remarks2.1_LA/svp_simple_009/_mt_svp_simple_009_001_result/_cs_svp_simple_009_001_m_rwr_mt_svp_simple_009_001.c line 486 function main thread 0
----------------------------------------------------
  __cs_pc_cs[1l]=7 (0111)

State 128 file /home/dell/zyworkspace/nichecker/Experiment/remarks2.1_LA/svp_simple_009/_mt_svp_simple_009_001_result/_cs_svp_simple_009_001_m_rwr_mt_svp_simple_009_001.c line 492 function main thread 0
----------------------------------------------------
  __cs_param_main_task_arg=NULL (0000000000000000000000000000000000000000000000000000000000000000)

State 136 file /home/dell/zyworkspace/nichecker/Experiment/remarks2.1_LA/svp_simple_009/_mt_svp_simple_009_001_result/_cs_svp_simple_009_001_m_rwr_mt_svp_simple_009_001.c line 248 function main_task_0 thread 0
----------------------------------------------------
  __cs_local_main_task_svp_simple_009_001_local_var2=6 (00000000000000000000000000000110)

State 137 file /home/dell/zyworkspace/nichecker/Experiment/remarks2.1_LA/svp_simple_009/_mt_svp_simple_009_001_result/_cs_svp_simple_009_001_m_rwr_mt_svp_simple_009_001.c line 250 function main_task_0 thread 0
----------------------------------------------------
  rwr_rsvp_simple_009_001_m_1=&__cs_local_main_task_svp_simple_009_001_local_var2 (0000001100000000000000000000000000000000000000000000000000000000)

State 139 file /home/dell/zyworkspace/nichecker/Experiment/remarks2.1_LA/svp_simple_009/_mt_svp_simple_009_001_result/_cs_svp_simple_009_001_m_rwr_mt_svp_simple_009_001.c line 254 function main_task_0 thread 0
----------------------------------------------------
  rwr_tmpsvp_simple_009_001_m_1_num=1 (00000000000000000000000000000001)

State 140 file /home/dell/zyworkspace/nichecker/Experiment/remarks2.1_LA/svp_simple_009/_mt_svp_simple_009_001_result/_cs_svp_simple_009_001_m_rwr_mt_svp_simple_009_001.c line 255 function main_task_0 thread 0
----------------------------------------------------
  rwr_tmpsvp_simple_009_001_m_1=&__cs_local_main_task_svp_simple_009_001_local_var2 (0000001100000000000000000000000000000000000000000000000000000000)

State 144 file /home/dell/zyworkspace/nichecker/Experiment/remarks2.1_LA/svp_simple_009/_mt_svp_simple_009_001_result/_cs_svp_simple_009_001_m_rwr_mt_svp_simple_009_001.c line 287 function main_task_0 thread 0
----------------------------------------------------
  __cs_value_ptr=NULL (0000000000000000000000000000000000000000000000000000000000000000)

State 149 file /home/dell/zyworkspace/nichecker/Experiment/remarks2.1_LA/svp_simple_009/_mt_svp_simple_009_001_result/_cs_svp_simple_009_001_m_rwr_mt_svp_simple_009_001.c line 494 function main thread 0
----------------------------------------------------
  __cs_pc[1l]=7 (0111)

State 150 file /home/dell/zyworkspace/nichecker/Experiment/remarks2.1_LA/svp_simple_009/_mt_svp_simple_009_001_result/_cs_svp_simple_009_001_m_rwr_mt_svp_simple_009_001.c line 500 function main thread 0
----------------------------------------------------
  __cs_tmp_t2_r1=1 (1)

State 152 file /home/dell/zyworkspace/nichecker/Experiment/remarks2.1_LA/svp_simple_009/_mt_svp_simple_009_001_result/_cs_svp_simple_009_001_m_rwr_mt_svp_simple_009_001.c line 505 function main thread 0
----------------------------------------------------
  __cs_thread_index=2 (10)

State 153 file /home/dell/zyworkspace/nichecker/Experiment/remarks2.1_LA/svp_simple_009/_mt_svp_simple_009_001_result/_cs_svp_simple_009_001_m_rwr_mt_svp_simple_009_001.c line 507 function main thread 0
----------------------------------------------------
  __cs_pc_cs[2l]=1 (0001)

State 158 file /home/dell/zyworkspace/nichecker/Experiment/remarks2.1_LA/svp_simple_009/_mt_svp_simple_009_001_result/_cs_svp_simple_009_001_m_rwr_mt_svp_simple_009_001.c line 513 function main thread 0
----------------------------------------------------
  __cs_param_svp_simple_009_001_isr_1_arg=NULL (0000000000000000000000000000000000000000000000000000000000000000)

State 160 file /home/dell/zyworkspace/nichecker/Experiment/remarks2.1_LA/svp_simple_009/_mt_svp_simple_009_001_result/_cs_svp_simple_009_001_m_rwr_mt_svp_simple_009_001.c line 304 function svp_simple_009_001_isr_1_0 thread 0
----------------------------------------------------
  __cs_local_svp_simple_009_001_isr_1_i=0 (00000000000000000000000000000000)

State 161 file /home/dell/zyworkspace/nichecker/Experiment/remarks2.1_LA/svp_simple_009/_mt_svp_simple_009_001_result/_cs_svp_simple_009_001_m_rwr_mt_svp_simple_009_001.c line 306 function svp_simple_009_001_isr_1_0 thread 0
----------------------------------------------------
  __cs_local_svp_simple_009_001_isr_1_i=0 (00000000000000000000000000000000)

State 162 file /home/dell/zyworkspace/nichecker/Experiment/remarks2.1_LA/svp_simple_009/_mt_svp_simple_009_001_result/_cs_svp_simple_009_001_m_rwr_mt_svp_simple_009_001.c line 313 function svp_simple_009_001_isr_1_0 thread 0
----------------------------------------------------
  __cs_local_svp_simple_009_001_isr_1_t_1=0 (00000000000000000000000000000000)

State 164 file /home/dell/zyworkspace/nichecker/Experiment/remarks2.1_LA/svp_simple_009/_mt_svp_simple_009_001_result/_cs_svp_simple_009_001_m_rwr_mt_svp_simple_009_001.c line 328 function svp_simple_009_001_isr_1_0 thread 0
----------------------------------------------------
  __cs_local_svp_simple_009_001_isr_1_loop_1_IOVar1=0 (00000000000000000000000000000000)

State 165 file /home/dell/zyworkspace/nichecker/Experiment/remarks2.1_LA/svp_simple_009/_mt_svp_simple_009_001_result/_cs_svp_simple_009_001_m_rwr_mt_svp_simple_009_001.c line 330 function svp_simple_009_001_isr_1_0 thread 0
----------------------------------------------------
  __cs_local_svp_simple_009_001_isr_1_loop_1_block_1=100 (00000000000000000000000001100100)

State 166 file /home/dell/zyworkspace/nichecker/Experiment/remarks2.1_LA/svp_simple_009/_mt_svp_simple_009_001_result/_cs_svp_simple_009_001_m_rwr_mt_svp_simple_009_001.c line 332 function svp_simple_009_001_isr_1_0 thread 0
----------------------------------------------------
  __cs_local_svp_simple_009_001_isr_1_i=100 (00000000000000000000000001100100)

State 169 file /home/dell/zyworkspace/nichecker/Experiment/remarks2.1_LA/svp_simple_009/_mt_svp_simple_009_001_result/_cs_svp_simple_009_001_m_rwr_mt_svp_simple_009_001.c line 343 function svp_simple_009_001_isr_1_0 thread 0
----------------------------------------------------
  __cs_local_svp_simple_009_001_isr_1_i=101 (00000000000000000000000001100101)

State 170 file /home/dell/zyworkspace/nichecker/Experiment/remarks2.1_LA/svp_simple_009/_mt_svp_simple_009_001_result/_cs_svp_simple_009_001_m_rwr_mt_svp_simple_009_001.c line 348 function svp_simple_009_001_isr_1_0 thread 0
----------------------------------------------------
  __cs_local_svp_simple_009_001_isr_1_t_1=1 (00000000000000000000000000000001)

State 175 file /home/dell/zyworkspace/nichecker/Experiment/remarks2.1_LA/svp_simple_009/_mt_svp_simple_009_001_result/_cs_svp_simple_009_001_m_rwr_mt_svp_simple_009_001.c line 402 function svp_simple_009_001_isr_1_0 thread 0
----------------------------------------------------
  __cs_local_svp_simple_009_001_isr_1_reader1=3 (00000000000000000000000000000011)

State 176 file /home/dell/zyworkspace/nichecker/Experiment/remarks2.1_LA/svp_simple_009/_mt_svp_simple_009_001_result/_cs_svp_simple_009_001_m_rwr_mt_svp_simple_009_001.c line 406 function svp_simple_009_001_isr_1_0 thread 0
----------------------------------------------------
  __cs_variable_address_list[1l]=&__cs_local_svp_simple_009_001_isr_1_svp_simple_009_001_local_var3 (0000010000000000000000000000000000000000000000000000000000000000)

State 177 file /home/dell/zyworkspace/nichecker/Experiment/remarks2.1_LA/svp_simple_009/_mt_svp_simple_009_001_result/_cs_svp_simple_009_001_m_rwr_mt_svp_simple_009_001.c line 408 function svp_simple_009_001_isr_1_0 thread 0
----------------------------------------------------
  __cs_local_svp_simple_009_001_isr_1_svp_simple_009_001_local_var3=8 (00000000000000000000000000001000)

State 178 file /home/dell/zyworkspace/nichecker/Experiment/remarks2.1_LA/svp_simple_009/_mt_svp_simple_009_001_result/_cs_svp_simple_009_001_m_rwr_mt_svp_simple_009_001.c line 409 function svp_simple_009_001_isr_1_0 thread 0
----------------------------------------------------
  svp_simple_009_001_m=&__cs_local_svp_simple_009_001_isr_1_svp_simple_009_001_local_var3 (0000010000000000000000000000000000000000000000000000000000000000)

State 179 file /home/dell/zyworkspace/nichecker/Experiment/remarks2.1_LA/svp_simple_009/_mt_svp_simple_009_001_result/_cs_svp_simple_009_001_m_rwr_mt_svp_simple_009_001.c line 411 function svp_simple_009_001_isr_1_0 thread 0
----------------------------------------------------
  __cs_local_svp_simple_009_001_isr_1_reader2=8 (00000000000000000000000000001000)

State 183 file /home/dell/zyworkspace/nichecker/Experiment/remarks2.1_LA/svp_simple_009/_mt_svp_simple_009_001_result/_cs_svp_simple_009_001_m_rwr_mt_svp_simple_009_001.c line 422 function svp_simple_009_001_isr_1_0 thread 0
----------------------------------------------------
  __cs_value_ptr=NULL (0000000000000000000000000000000000000000000000000000000000000000)

State 188 file /home/dell/zyworkspace/nichecker/Experiment/remarks2.1_LA/svp_simple_009/_mt_svp_simple_009_001_result/_cs_svp_simple_009_001_m_rwr_mt_svp_simple_009_001.c line 515 function main thread 0
----------------------------------------------------
  __cs_pc[2l]=1 (0001)

State 189 file /home/dell/zyworkspace/nichecker/Experiment/remarks2.1_LA/svp_simple_009/_mt_svp_simple_009_001_result/_cs_svp_simple_009_001_m_rwr_mt_svp_simple_009_001.c line 519 function main thread 0
----------------------------------------------------
  __cs_tmp_t1_r2=8u (00000000000000000000000000001000)

State 191 file /home/dell/zyworkspace/nichecker/Experiment/remarks2.1_LA/svp_simple_009/_mt_svp_simple_009_001_result/_cs_svp_simple_009_001_m_rwr_mt_svp_simple_009_001.c line 524 function main thread 0
----------------------------------------------------
  __cs_thread_index=1 (01)

State 192 file /home/dell/zyworkspace/nichecker/Experiment/remarks2.1_LA/svp_simple_009/_mt_svp_simple_009_001_result/_cs_svp_simple_009_001_m_rwr_mt_svp_simple_009_001.c line 526 function main thread 0
----------------------------------------------------
  __cs_pc_cs[1l]=8 (1000)

State 197 file /home/dell/zyworkspace/nichecker/Experiment/remarks2.1_LA/svp_simple_009/_mt_svp_simple_009_001_result/_cs_svp_simple_009_001_m_rwr_mt_svp_simple_009_001.c line 532 function main thread 0
----------------------------------------------------
  __cs_param_main_task_arg=NULL (0000000000000000000000000000000000000000000000000000000000000000)

State 206 file /home/dell/zyworkspace/nichecker/Experiment/remarks2.1_LA/svp_simple_009/_mt_svp_simple_009_001_result/_cs_svp_simple_009_001_m_rwr_mt_svp_simple_009_001.c line 261 function main_task_0 thread 0
----------------------------------------------------
  __cs_local_svp_simple_009_001_isr_1_svp_simple_009_001_local_var3=6 (00000000000000000000000000000110)

State 208 file /home/dell/zyworkspace/nichecker/Experiment/remarks2.1_LA/svp_simple_009/_mt_svp_simple_009_001_result/_cs_svp_simple_009_001_m_rwr_mt_svp_simple_009_001.c line 269 function main_task_0 thread 0
----------------------------------------------------
  rwr_rsvp_simple_009_001_m_2=&__cs_local_svp_simple_009_001_isr_1_svp_simple_009_001_local_var3 (0000010000000000000000000000000000000000000000000000000000000000)

Violated property:
  file /home/dell/zyworkspace/nichecker/Experiment/remarks2.1_LA/svp_simple_009/_mt_svp_simple_009_001_result/_cs_svp_simple_009_001_m_rwr_mt_svp_simple_009_001.c line 271 function main_task_0
  assertion rwr_rsvp_simple_009_001_m_2 == rwr_tmpsvp_simple_009_001_m_1
  rwr_rsvp_simple_009_001_m_2 == rwr_tmpsvp_simple_009_001_m_1


** 1 of 2 failed (2 iterations)
VERIFICATION FAILED
