CBMC version 5.6 64-bit x86_64 linux
Parsing /home/dell/zyworkspace/nichecker/Experiment/remarks2.1_LA/svp_simple_009/_mt_svp_simple_009_001_result/_cs_svp_simple_009_001_m_wwr_mt_svp_simple_009_001.c
<command-line>: warning: "__STDC_VERSION__" redefined
<built-in>: note: this is the location of the previous definition
Converting
Type-checking _cs_svp_simple_009_001_m_wwr_mt_svp_simple_009_001
file /home/dell/zyworkspace/nichecker/Experiment/remarks2.1_LA/svp_simple_009/_mt_svp_simple_009_001_result/_cs_svp_simple_009_001_m_wwr_mt_svp_simple_009_001.c line 264 function main_task_0: function `assert' is not declared
Generating GOTO Program
Adding CPROVER library (x86_64)
Removal of function pointers and virtual functions
Partial Inlining
Generic Property Instrumentation
Starting Bounded Model Checking
**** WARNING: no body for function enable_isr
size of program expression: 674 steps
simple slicing removed 23 assignments
Generated 6 VCC(s), 6 remaining after simplification
Passing problem to propositional reduction
converting SSA
Running propositional reduction
Post-processing
Solving with MiniSAT 2.2.1 with simplifier
3913 variables, 9134 clauses
SAT checker: instance is SATISFIABLE
Solving with MiniSAT 2.2.1 with simplifier
3913 variables, 1172 clauses
SAT checker: instance is UNSATISFIABLE
Runtime decision procedure: 0.016s

** Results:
[main_task_0.assertion.1] assertion wwr_rsvp_simple_009_001_m_1 == wwr_w_tmpsvp_simple_009_001_m_1: FAILURE
[main_task_0.assertion.2] assertion wwr_rsvp_simple_009_001_m_1 == wwr_w_tmpsvp_simple_009_001_m_1: SUCCESS

Trace for main_task_0.assertion.1:

State 61 file /home/dell/zyworkspace/nichecker/Experiment/remarks2.1_LA/svp_simple_009/_mt_svp_simple_009_001_result/_cs_svp_simple_009_001_m_wwr_mt_svp_simple_009_001.c line 445 function main thread 0
----------------------------------------------------
  __cs_tmp_t1_r0=6 (0110)

State 63 file /home/dell/zyworkspace/nichecker/Experiment/remarks2.1_LA/svp_simple_009/_mt_svp_simple_009_001_result/_cs_svp_simple_009_001_m_wwr_mt_svp_simple_009_001.c line 449 function main thread 0
----------------------------------------------------
  __cs_thread_index=1 (01)

State 64 file /home/dell/zyworkspace/nichecker/Experiment/remarks2.1_LA/svp_simple_009/_mt_svp_simple_009_001_result/_cs_svp_simple_009_001_m_wwr_mt_svp_simple_009_001.c line 451 function main thread 0
----------------------------------------------------
  __cs_pc_cs[1l]=6 (0110)

State 69 file /home/dell/zyworkspace/nichecker/Experiment/remarks2.1_LA/svp_simple_009/_mt_svp_simple_009_001_result/_cs_svp_simple_009_001_m_wwr_mt_svp_simple_009_001.c line 457 function main thread 0
----------------------------------------------------
  __cs_param_main_task_arg=NULL (0000000000000000000000000000000000000000000000000000000000000000)

State 74 file /home/dell/zyworkspace/nichecker/Experiment/remarks2.1_LA/svp_simple_009/_mt_svp_simple_009_001_result/_cs_svp_simple_009_001_m_wwr_mt_svp_simple_009_001.c line 197 function main_task_0 thread 0
----------------------------------------------------
  __cs_disable_thread[2l]=0 (0)

State 75 file /home/dell/zyworkspace/nichecker/Experiment/remarks2.1_LA/svp_simple_009/_mt_svp_simple_009_001_result/_cs_svp_simple_009_001_m_wwr_mt_svp_simple_009_001.c line 200 function main_task_0 thread 0
----------------------------------------------------
  __cs_disable_thread[0l]=0 (0)

State 76 file /home/dell/zyworkspace/nichecker/Experiment/remarks2.1_LA/svp_simple_009/_mt_svp_simple_009_001_result/_cs_svp_simple_009_001_m_wwr_mt_svp_simple_009_001.c line 209 function main_task_0 thread 0
----------------------------------------------------
  __cs_local_main_task_svp_simple_009_001_local_var1=1 (00000000000000000000000000000001)

State 77 file /home/dell/zyworkspace/nichecker/Experiment/remarks2.1_LA/svp_simple_009/_mt_svp_simple_009_001_result/_cs_svp_simple_009_001_m_wwr_mt_svp_simple_009_001.c line 214 function main_task_0 thread 0
----------------------------------------------------
  __cs_variable_address_list[0l]=&__cs_local_main_task_svp_simple_009_001_local_var2 (0000001100000000000000000000000000000000000000000000000000000000)

State 78 file /home/dell/zyworkspace/nichecker/Experiment/remarks2.1_LA/svp_simple_009/_mt_svp_simple_009_001_result/_cs_svp_simple_009_001_m_wwr_mt_svp_simple_009_001.c line 216 function main_task_0 thread 0
----------------------------------------------------
  __cs_local_main_task_svp_simple_009_001_local_var2=9 (00000000000000000000000000001001)

State 79 file /home/dell/zyworkspace/nichecker/Experiment/remarks2.1_LA/svp_simple_009/_mt_svp_simple_009_001_result/_cs_svp_simple_009_001_m_wwr_mt_svp_simple_009_001.c line 218 function main_task_0 thread 0
----------------------------------------------------
  wwr_w_tmp__cs_local_main_task_svp_simple_009_001_local_var2_1_num=1 (00000000000000000000000000000001)

State 80 file /home/dell/zyworkspace/nichecker/Experiment/remarks2.1_LA/svp_simple_009/_mt_svp_simple_009_001_result/_cs_svp_simple_009_001_m_wwr_mt_svp_simple_009_001.c line 219 function main_task_0 thread 0
----------------------------------------------------
  wwr_w_tmp__cs_local_main_task_svp_simple_009_001_local_var2_1=9 (00000000000000000000000000001001)

State 82 file /home/dell/zyworkspace/nichecker/Experiment/remarks2.1_LA/svp_simple_009/_mt_svp_simple_009_001_result/_cs_svp_simple_009_001_m_wwr_mt_svp_simple_009_001.c line 225 function main_task_0 thread 0
----------------------------------------------------
  svp_simple_009_001_p=&__cs_local_main_task_svp_simple_009_001_local_var1 (0000001000000000000000000000000000000000000000000000000000000000)

State 84 file /home/dell/zyworkspace/nichecker/Experiment/remarks2.1_LA/svp_simple_009/_mt_svp_simple_009_001_result/_cs_svp_simple_009_001_m_wwr_mt_svp_simple_009_001.c line 230 function main_task_0 thread 0
----------------------------------------------------
  svp_simple_009_001_q=&__cs_local_main_task_svp_simple_009_001_local_var1 (0000001000000000000000000000000000000000000000000000000000000000)

State 86 file /home/dell/zyworkspace/nichecker/Experiment/remarks2.1_LA/svp_simple_009/_mt_svp_simple_009_001_result/_cs_svp_simple_009_001_m_wwr_mt_svp_simple_009_001.c line 235 function main_task_0 thread 0
----------------------------------------------------
  __cs_local_main_task_svp_simple_009_001_local_var1=2 (00000000000000000000000000000010)

State 88 file /home/dell/zyworkspace/nichecker/Experiment/remarks2.1_LA/svp_simple_009/_mt_svp_simple_009_001_result/_cs_svp_simple_009_001_m_wwr_mt_svp_simple_009_001.c line 240 function main_task_0 thread 0
----------------------------------------------------
  __cs_local_main_task_svp_simple_009_001_local_var1=3 (00000000000000000000000000000011)

State 90 file /home/dell/zyworkspace/nichecker/Experiment/remarks2.1_LA/svp_simple_009/_mt_svp_simple_009_001_result/_cs_svp_simple_009_001_m_wwr_mt_svp_simple_009_001.c line 244 function main_task_0 thread 0
----------------------------------------------------
  svp_simple_009_001_m=&__cs_local_main_task_svp_simple_009_001_local_var2 (0000001100000000000000000000000000000000000000000000000000000000)

State 91 file /home/dell/zyworkspace/nichecker/Experiment/remarks2.1_LA/svp_simple_009/_mt_svp_simple_009_001_result/_cs_svp_simple_009_001_m_wwr_mt_svp_simple_009_001.c line 246 function main_task_0 thread 0
----------------------------------------------------
  wwr_w_tmpsvp_simple_009_001_m_1_num=1 (00000000000000000000000000000001)

State 92 file /home/dell/zyworkspace/nichecker/Experiment/remarks2.1_LA/svp_simple_009/_mt_svp_simple_009_001_result/_cs_svp_simple_009_001_m_wwr_mt_svp_simple_009_001.c line 247 function main_task_0 thread 0
----------------------------------------------------
  wwr_w_tmpsvp_simple_009_001_m_1=&__cs_local_main_task_svp_simple_009_001_local_var2 (0000001100000000000000000000000000000000000000000000000000000000)

State 97 file /home/dell/zyworkspace/nichecker/Experiment/remarks2.1_LA/svp_simple_009/_mt_svp_simple_009_001_result/_cs_svp_simple_009_001_m_wwr_mt_svp_simple_009_001.c line 298 function main_task_0 thread 0
----------------------------------------------------
  __cs_value_ptr=NULL (0000000000000000000000000000000000000000000000000000000000000000)

State 102 file /home/dell/zyworkspace/nichecker/Experiment/remarks2.1_LA/svp_simple_009/_mt_svp_simple_009_001_result/_cs_svp_simple_009_001_m_wwr_mt_svp_simple_009_001.c line 459 function main thread 0
----------------------------------------------------
  __cs_pc[1l]=6 (0110)

State 103 file /home/dell/zyworkspace/nichecker/Experiment/remarks2.1_LA/svp_simple_009/_mt_svp_simple_009_001_result/_cs_svp_simple_009_001_m_wwr_mt_svp_simple_009_001.c line 465 function main thread 0
----------------------------------------------------
  __cs_tmp_t2_r0=1 (1)

State 105 file /home/dell/zyworkspace/nichecker/Experiment/remarks2.1_LA/svp_simple_009/_mt_svp_simple_009_001_result/_cs_svp_simple_009_001_m_wwr_mt_svp_simple_009_001.c line 470 function main thread 0
----------------------------------------------------
  __cs_thread_index=2 (10)

State 106 file /home/dell/zyworkspace/nichecker/Experiment/remarks2.1_LA/svp_simple_009/_mt_svp_simple_009_001_result/_cs_svp_simple_009_001_m_wwr_mt_svp_simple_009_001.c line 472 function main thread 0
----------------------------------------------------
  __cs_pc_cs[2l]=1 (0001)

State 111 file /home/dell/zyworkspace/nichecker/Experiment/remarks2.1_LA/svp_simple_009/_mt_svp_simple_009_001_result/_cs_svp_simple_009_001_m_wwr_mt_svp_simple_009_001.c line 478 function main thread 0
----------------------------------------------------
  __cs_param_svp_simple_009_001_isr_1_arg=NULL (0000000000000000000000000000000000000000000000000000000000000000)

State 113 file /home/dell/zyworkspace/nichecker/Experiment/remarks2.1_LA/svp_simple_009/_mt_svp_simple_009_001_result/_cs_svp_simple_009_001_m_wwr_mt_svp_simple_009_001.c line 315 function svp_simple_009_001_isr_1_0 thread 0
----------------------------------------------------
  __cs_local_svp_simple_009_001_isr_1_i=0 (00000000000000000000000000000000)

State 114 file /home/dell/zyworkspace/nichecker/Experiment/remarks2.1_LA/svp_simple_009/_mt_svp_simple_009_001_result/_cs_svp_simple_009_001_m_wwr_mt_svp_simple_009_001.c line 317 function svp_simple_009_001_isr_1_0 thread 0
----------------------------------------------------
  __cs_local_svp_simple_009_001_isr_1_i=0 (00000000000000000000000000000000)

State 115 file /home/dell/zyworkspace/nichecker/Experiment/remarks2.1_LA/svp_simple_009/_mt_svp_simple_009_001_result/_cs_svp_simple_009_001_m_wwr_mt_svp_simple_009_001.c line 324 function svp_simple_009_001_isr_1_0 thread 0
----------------------------------------------------
  __cs_local_svp_simple_009_001_isr_1_t_1=0 (00000000000000000000000000000000)

State 117 file /home/dell/zyworkspace/nichecker/Experiment/remarks2.1_LA/svp_simple_009/_mt_svp_simple_009_001_result/_cs_svp_simple_009_001_m_wwr_mt_svp_simple_009_001.c line 339 function svp_simple_009_001_isr_1_0 thread 0
----------------------------------------------------
  __cs_local_svp_simple_009_001_isr_1_loop_1_IOVar1=0 (00000000000000000000000000000000)

State 118 file /home/dell/zyworkspace/nichecker/Experiment/remarks2.1_LA/svp_simple_009/_mt_svp_simple_009_001_result/_cs_svp_simple_009_001_m_wwr_mt_svp_simple_009_001.c line 341 function svp_simple_009_001_isr_1_0 thread 0
----------------------------------------------------
  __cs_local_svp_simple_009_001_isr_1_loop_1_block_1=100 (00000000000000000000000001100100)

State 119 file /home/dell/zyworkspace/nichecker/Experiment/remarks2.1_LA/svp_simple_009/_mt_svp_simple_009_001_result/_cs_svp_simple_009_001_m_wwr_mt_svp_simple_009_001.c line 343 function svp_simple_009_001_isr_1_0 thread 0
----------------------------------------------------
  __cs_local_svp_simple_009_001_isr_1_i=100 (00000000000000000000000001100100)

State 122 file /home/dell/zyworkspace/nichecker/Experiment/remarks2.1_LA/svp_simple_009/_mt_svp_simple_009_001_result/_cs_svp_simple_009_001_m_wwr_mt_svp_simple_009_001.c line 354 function svp_simple_009_001_isr_1_0 thread 0
----------------------------------------------------
  __cs_local_svp_simple_009_001_isr_1_i=101 (00000000000000000000000001100101)

State 123 file /home/dell/zyworkspace/nichecker/Experiment/remarks2.1_LA/svp_simple_009/_mt_svp_simple_009_001_result/_cs_svp_simple_009_001_m_wwr_mt_svp_simple_009_001.c line 359 function svp_simple_009_001_isr_1_0 thread 0
----------------------------------------------------
  __cs_local_svp_simple_009_001_isr_1_t_1=1 (00000000000000000000000000000001)

State 128 file /home/dell/zyworkspace/nichecker/Experiment/remarks2.1_LA/svp_simple_009/_mt_svp_simple_009_001_result/_cs_svp_simple_009_001_m_wwr_mt_svp_simple_009_001.c line 413 function svp_simple_009_001_isr_1_0 thread 0
----------------------------------------------------
  __cs_local_svp_simple_009_001_isr_1_reader1=3 (00000000000000000000000000000011)

State 129 file /home/dell/zyworkspace/nichecker/Experiment/remarks2.1_LA/svp_simple_009/_mt_svp_simple_009_001_result/_cs_svp_simple_009_001_m_wwr_mt_svp_simple_009_001.c line 417 function svp_simple_009_001_isr_1_0 thread 0
----------------------------------------------------
  __cs_variable_address_list[1l]=&__cs_local_svp_simple_009_001_isr_1_svp_simple_009_001_local_var3 (0000010000000000000000000000000000000000000000000000000000000000)

State 130 file /home/dell/zyworkspace/nichecker/Experiment/remarks2.1_LA/svp_simple_009/_mt_svp_simple_009_001_result/_cs_svp_simple_009_001_m_wwr_mt_svp_simple_009_001.c line 419 function svp_simple_009_001_isr_1_0 thread 0
----------------------------------------------------
  __cs_local_svp_simple_009_001_isr_1_svp_simple_009_001_local_var3=8 (00000000000000000000000000001000)

State 131 file /home/dell/zyworkspace/nichecker/Experiment/remarks2.1_LA/svp_simple_009/_mt_svp_simple_009_001_result/_cs_svp_simple_009_001_m_wwr_mt_svp_simple_009_001.c line 420 function svp_simple_009_001_isr_1_0 thread 0
----------------------------------------------------
  svp_simple_009_001_m=&__cs_local_svp_simple_009_001_isr_1_svp_simple_009_001_local_var3 (0000010000000000000000000000000000000000000000000000000000000000)

State 132 file /home/dell/zyworkspace/nichecker/Experiment/remarks2.1_LA/svp_simple_009/_mt_svp_simple_009_001_result/_cs_svp_simple_009_001_m_wwr_mt_svp_simple_009_001.c line 422 function svp_simple_009_001_isr_1_0 thread 0
----------------------------------------------------
  __cs_local_svp_simple_009_001_isr_1_reader2=8 (00000000000000000000000000001000)

State 136 file /home/dell/zyworkspace/nichecker/Experiment/remarks2.1_LA/svp_simple_009/_mt_svp_simple_009_001_result/_cs_svp_simple_009_001_m_wwr_mt_svp_simple_009_001.c line 433 function svp_simple_009_001_isr_1_0 thread 0
----------------------------------------------------
  __cs_value_ptr=NULL (0000000000000000000000000000000000000000000000000000000000000000)

State 141 file /home/dell/zyworkspace/nichecker/Experiment/remarks2.1_LA/svp_simple_009/_mt_svp_simple_009_001_result/_cs_svp_simple_009_001_m_wwr_mt_svp_simple_009_001.c line 480 function main thread 0
----------------------------------------------------
  __cs_pc[2l]=1 (0001)

State 142 file /home/dell/zyworkspace/nichecker/Experiment/remarks2.1_LA/svp_simple_009/_mt_svp_simple_009_001_result/_cs_svp_simple_009_001_m_wwr_mt_svp_simple_009_001.c line 490 function main thread 0
----------------------------------------------------
  __cs_tmp_t1_r1=8 (1000)

State 144 file /home/dell/zyworkspace/nichecker/Experiment/remarks2.1_LA/svp_simple_009/_mt_svp_simple_009_001_result/_cs_svp_simple_009_001_m_wwr_mt_svp_simple_009_001.c line 495 function main thread 0
----------------------------------------------------
  __cs_thread_index=1 (01)

State 145 file /home/dell/zyworkspace/nichecker/Experiment/remarks2.1_LA/svp_simple_009/_mt_svp_simple_009_001_result/_cs_svp_simple_009_001_m_wwr_mt_svp_simple_009_001.c line 497 function main thread 0
----------------------------------------------------
  __cs_pc_cs[1l]=8 (1000)

State 150 file /home/dell/zyworkspace/nichecker/Experiment/remarks2.1_LA/svp_simple_009/_mt_svp_simple_009_001_result/_cs_svp_simple_009_001_m_wwr_mt_svp_simple_009_001.c line 503 function main thread 0
----------------------------------------------------
  __cs_param_main_task_arg=NULL (0000000000000000000000000000000000000000000000000000000000000000)

State 158 file /home/dell/zyworkspace/nichecker/Experiment/remarks2.1_LA/svp_simple_009/_mt_svp_simple_009_001_result/_cs_svp_simple_009_001_m_wwr_mt_svp_simple_009_001.c line 253 function main_task_0 thread 0
----------------------------------------------------
  __cs_local_svp_simple_009_001_isr_1_svp_simple_009_001_local_var3=6 (00000000000000000000000000000110)

State 160 file /home/dell/zyworkspace/nichecker/Experiment/remarks2.1_LA/svp_simple_009/_mt_svp_simple_009_001_result/_cs_svp_simple_009_001_m_wwr_mt_svp_simple_009_001.c line 262 function main_task_0 thread 0
----------------------------------------------------
  wwr_rsvp_simple_009_001_m_1=&__cs_local_svp_simple_009_001_isr_1_svp_simple_009_001_local_var3 (0000010000000000000000000000000000000000000000000000000000000000)

Violated property:
  file /home/dell/zyworkspace/nichecker/Experiment/remarks2.1_LA/svp_simple_009/_mt_svp_simple_009_001_result/_cs_svp_simple_009_001_m_wwr_mt_svp_simple_009_001.c line 264 function main_task_0
  assertion wwr_rsvp_simple_009_001_m_1 == wwr_w_tmpsvp_simple_009_001_m_1
  wwr_rsvp_simple_009_001_m_1 == wwr_w_tmpsvp_simple_009_001_m_1


** 1 of 2 failed (2 iterations)
VERIFICATION FAILED
