2023-10-15 16:47:40
SVPCheck: True	LoopAbstraction: True	LabelReduction: False	Slice: False	

SVPCheck var: svp_simple_009_001_p	pattern: wrw
--------------------------Run start-------------------------------
inliner
slice
LoopAbstraction
unroller
insertLabel
lazyseq
feeder  0.203
[91mUNSAFE[0m, counterexample: 2, time: 1.721 s, memory: 30.07 MB
--------------------------Run end---------------------------------
SVPCheck var: svp_simple_009_001_q	pattern: wrw
--------------------------Run start-------------------------------
inliner
slice
LoopAbstraction
unroller
insertLabel
lazyseq
feeder  0.203
[91mUNSAFE[0m, counterexample: 2, time: 1.752 s, memory: 29.99 MB
--------------------------Run end---------------------------------
SVPCheck var: svp_simple_009_001_m	pattern: wrw
--------------------------Run start-------------------------------
inliner
slice
LoopAbstraction
unroller
insertLabel
lazyseq
feeder  0.197
[92mSAFE[0m, counterexample: 0, time: 1.701 s, memory: 30.03 MB
--------------------------Run end---------------------------------
cbmcTimeSum: 0.603
modulesTimeSum: 5.174
