CBMC version 5.6 64-bit x86_64 linux
Parsing /home/dell/zyworkspace/nichecker/Experiment/remarks2.1_LA_Slicing/svp_simple_026/_mt_svp_simple_026_001_result/_cs_svp_simple_026_001_gloable_var_rww_mt_svp_simple_026_001.c
<command-line>: warning: "__STDC_VERSION__" redefined
<built-in>: note: this is the location of the previous definition
Converting
Type-checking _cs_svp_simple_026_001_gloable_var_rww_mt_svp_simple_026_001
file /home/dell/zyworkspace/nichecker/Experiment/remarks2.1_LA_Slicing/svp_simple_026/_mt_svp_simple_026_001_result/_cs_svp_simple_026_001_gloable_var_rww_mt_svp_simple_026_001.c line 196 function main_task_0: function `nondet_rand' is not declared
file /home/dell/zyworkspace/nichecker/Experiment/remarks2.1_LA_Slicing/svp_simple_026/_mt_svp_simple_026_001_result/_cs_svp_simple_026_001_gloable_var_rww_mt_svp_simple_026_001.c line 245 function main_task_0: function `assert' is not declared
Generating GOTO Program
Adding CPROVER library (x86_64)
Removal of function pointers and virtual functions
Partial Inlining
Generic Property Instrumentation
Starting Bounded Model Checking
**** WARNING: no body for function disable_isr
**** WARNING: no body for function enable_isr
size of program expression: 605 steps
simple slicing removed 44 assignments
Generated 5 VCC(s), 5 remaining after simplification
Passing problem to propositional reduction
converting SSA
Running propositional reduction
Post-processing
Solving with MiniSAT 2.2.1 with simplifier
3538 variables, 10400 clauses
SAT checker: instance is SATISFIABLE
Solving with MiniSAT 2.2.1 with simplifier
3538 variables, 4176 clauses
SAT checker: instance is SATISFIABLE
Runtime decision procedure: 0.026s

** Results:
[main_task_0.assertion.1] assertion rww_w1 == rww_r_tmp1: FAILURE
[svp_simple_026_001_isr_1_0.assertion.1] assertion rww_w2 == rww_r_tmp2: FAILURE

Trace for main_task_0.assertion.1:

State 43 file /home/dell/zyworkspace/nichecker/Experiment/remarks2.1_LA_Slicing/svp_simple_026/_mt_svp_simple_026_001_result/_cs_svp_simple_026_001_gloable_var_rww_mt_svp_simple_026_001.c line 356 function main thread 0
----------------------------------------------------
  __cs_tmp_t1_r0=3 (011)

State 45 file /home/dell/zyworkspace/nichecker/Experiment/remarks2.1_LA_Slicing/svp_simple_026/_mt_svp_simple_026_001_result/_cs_svp_simple_026_001_gloable_var_rww_mt_svp_simple_026_001.c line 360 function main thread 0
----------------------------------------------------
  __cs_thread_index=1 (001)

State 46 file /home/dell/zyworkspace/nichecker/Experiment/remarks2.1_LA_Slicing/svp_simple_026/_mt_svp_simple_026_001_result/_cs_svp_simple_026_001_gloable_var_rww_mt_svp_simple_026_001.c line 362 function main thread 0
----------------------------------------------------
  __cs_pc_cs[1l]=3 (011)

State 51 file /home/dell/zyworkspace/nichecker/Experiment/remarks2.1_LA_Slicing/svp_simple_026/_mt_svp_simple_026_001_result/_cs_svp_simple_026_001_gloable_var_rww_mt_svp_simple_026_001.c line 368 function main thread 0
----------------------------------------------------
  __cs_param_main_task_arg=NULL (0000000000000000000000000000000000000000000000000000000000000000)

State 56 file /home/dell/zyworkspace/nichecker/Experiment/remarks2.1_LA_Slicing/svp_simple_026/_mt_svp_simple_026_001_result/_cs_svp_simple_026_001_gloable_var_rww_mt_svp_simple_026_001.c line 183 function main_task_0 thread 0
----------------------------------------------------
  __cs_disable_thread[3l]=1 (1)

State 57 file /home/dell/zyworkspace/nichecker/Experiment/remarks2.1_LA_Slicing/svp_simple_026/_mt_svp_simple_026_001_result/_cs_svp_simple_026_001_gloable_var_rww_mt_svp_simple_026_001.c line 186 function main_task_0 thread 0
----------------------------------------------------
  __cs_disable_thread[2l]=1 (1)

State 58 file /home/dell/zyworkspace/nichecker/Experiment/remarks2.1_LA_Slicing/svp_simple_026/_mt_svp_simple_026_001_result/_cs_svp_simple_026_001_gloable_var_rww_mt_svp_simple_026_001.c line 189 function main_task_0 thread 0
----------------------------------------------------
  __cs_disable_thread[0l]=1 (1)

State 60 file /home/dell/zyworkspace/nichecker/Experiment/remarks2.1_LA_Slicing/svp_simple_026/_mt_svp_simple_026_001_result/_cs_svp_simple_026_001_gloable_var_rww_mt_svp_simple_026_001.c line 196 function main_task_0 thread 0
----------------------------------------------------
  svp_simple_026_001_gloable_var=2147483647 (01111111111111111111111111111111)

State 64 file /home/dell/zyworkspace/nichecker/Experiment/remarks2.1_LA_Slicing/svp_simple_026/_mt_svp_simple_026_001_result/_cs_svp_simple_026_001_gloable_var_rww_mt_svp_simple_026_001.c line 202 function main_task_0 thread 0
----------------------------------------------------
  __cs_disable_thread[3l]=0 (0)

State 65 file /home/dell/zyworkspace/nichecker/Experiment/remarks2.1_LA_Slicing/svp_simple_026/_mt_svp_simple_026_001_result/_cs_svp_simple_026_001_gloable_var_rww_mt_svp_simple_026_001.c line 205 function main_task_0 thread 0
----------------------------------------------------
  __cs_disable_thread[2l]=0 (0)

State 66 file /home/dell/zyworkspace/nichecker/Experiment/remarks2.1_LA_Slicing/svp_simple_026/_mt_svp_simple_026_001_result/_cs_svp_simple_026_001_gloable_var_rww_mt_svp_simple_026_001.c line 208 function main_task_0 thread 0
----------------------------------------------------
  __cs_disable_thread[0l]=0 (0)

State 70 file /home/dell/zyworkspace/nichecker/Experiment/remarks2.1_LA_Slicing/svp_simple_026/_mt_svp_simple_026_001_result/_cs_svp_simple_026_001_gloable_var_rww_mt_svp_simple_026_001.c line 221 function main_task_0 thread 0
----------------------------------------------------
  __cs_disable_thread[2l]=1 (1)

State 72 file /home/dell/zyworkspace/nichecker/Experiment/remarks2.1_LA_Slicing/svp_simple_026/_mt_svp_simple_026_001_result/_cs_svp_simple_026_001_gloable_var_rww_mt_svp_simple_026_001.c line 230 function main_task_0 thread 0
----------------------------------------------------
  __cs_local_main_task___cs_tmp_if_cond_0=TRUE (00000001)

State 73 file /home/dell/zyworkspace/nichecker/Experiment/remarks2.1_LA_Slicing/svp_simple_026/_mt_svp_simple_026_001_result/_cs_svp_simple_026_001_gloable_var_rww_mt_svp_simple_026_001.c line 232 function main_task_0 thread 0
----------------------------------------------------
  rww_r_tmp1_num=1 (00000000000000000000000000000001)

State 74 file /home/dell/zyworkspace/nichecker/Experiment/remarks2.1_LA_Slicing/svp_simple_026/_mt_svp_simple_026_001_result/_cs_svp_simple_026_001_gloable_var_rww_mt_svp_simple_026_001.c line 233 function main_task_0 thread 0
----------------------------------------------------
  rww_r_tmp1=2147483647 (01111111111111111111111111111111)

State 79 file /home/dell/zyworkspace/nichecker/Experiment/remarks2.1_LA_Slicing/svp_simple_026/_mt_svp_simple_026_001_result/_cs_svp_simple_026_001_gloable_var_rww_mt_svp_simple_026_001.c line 279 function main_task_0 thread 0
----------------------------------------------------
  __cs_value_ptr=NULL (0000000000000000000000000000000000000000000000000000000000000000)

State 84 file /home/dell/zyworkspace/nichecker/Experiment/remarks2.1_LA_Slicing/svp_simple_026/_mt_svp_simple_026_001_result/_cs_svp_simple_026_001_gloable_var_rww_mt_svp_simple_026_001.c line 370 function main thread 0
----------------------------------------------------
  __cs_pc[1l]=3 (011)

State 85 file /home/dell/zyworkspace/nichecker/Experiment/remarks2.1_LA_Slicing/svp_simple_026/_mt_svp_simple_026_001_result/_cs_svp_simple_026_001_gloable_var_rww_mt_svp_simple_026_001.c line 376 function main thread 0
----------------------------------------------------
  __cs_tmp_t2_r0=3 (11)

State 87 file /home/dell/zyworkspace/nichecker/Experiment/remarks2.1_LA_Slicing/svp_simple_026/_mt_svp_simple_026_001_result/_cs_svp_simple_026_001_gloable_var_rww_mt_svp_simple_026_001.c line 397 function main thread 0
----------------------------------------------------
  __cs_tmp_t3_r0=1 (1)

State 89 file /home/dell/zyworkspace/nichecker/Experiment/remarks2.1_LA_Slicing/svp_simple_026/_mt_svp_simple_026_001_result/_cs_svp_simple_026_001_gloable_var_rww_mt_svp_simple_026_001.c line 402 function main thread 0
----------------------------------------------------
  __cs_thread_index=3 (011)

State 90 file /home/dell/zyworkspace/nichecker/Experiment/remarks2.1_LA_Slicing/svp_simple_026/_mt_svp_simple_026_001_result/_cs_svp_simple_026_001_gloable_var_rww_mt_svp_simple_026_001.c line 404 function main thread 0
----------------------------------------------------
  __cs_pc_cs[3l]=1 (001)

State 95 file /home/dell/zyworkspace/nichecker/Experiment/remarks2.1_LA_Slicing/svp_simple_026/_mt_svp_simple_026_001_result/_cs_svp_simple_026_001_gloable_var_rww_mt_svp_simple_026_001.c line 410 function main thread 0
----------------------------------------------------
  __cs_param_svp_simple_026_001_isr_2_arg=NULL (0000000000000000000000000000000000000000000000000000000000000000)

State 97 file /home/dell/zyworkspace/nichecker/Experiment/remarks2.1_LA_Slicing/svp_simple_026/_mt_svp_simple_026_001_result/_cs_svp_simple_026_001_gloable_var_rww_mt_svp_simple_026_001.c line 290 function svp_simple_026_001_isr_2_0 thread 0
----------------------------------------------------
  __cs_temporary_0=0 (00000000000000000000000000000000)

State 98 file /home/dell/zyworkspace/nichecker/Experiment/remarks2.1_LA_Slicing/svp_simple_026/_mt_svp_simple_026_001_result/_cs_svp_simple_026_001_gloable_var_rww_mt_svp_simple_026_001.c line 292 function svp_simple_026_001_isr_2_0 thread 0
----------------------------------------------------
  __cs_temporary_0=2147483646 (01111111111111111111111111111110)

State 99 file /home/dell/zyworkspace/nichecker/Experiment/remarks2.1_LA_Slicing/svp_simple_026/_mt_svp_simple_026_001_result/_cs_svp_simple_026_001_gloable_var_rww_mt_svp_simple_026_001.c line 293 function svp_simple_026_001_isr_2_0 thread 0
----------------------------------------------------
  svp_simple_026_001_gloable_var=2147483646 (01111111111111111111111111111110)

State 103 file /home/dell/zyworkspace/nichecker/Experiment/remarks2.1_LA_Slicing/svp_simple_026/_mt_svp_simple_026_001_result/_cs_svp_simple_026_001_gloable_var_rww_mt_svp_simple_026_001.c line 304 function svp_simple_026_001_isr_2_0 thread 0
----------------------------------------------------
  __cs_value_ptr=NULL (0000000000000000000000000000000000000000000000000000000000000000)

State 108 file /home/dell/zyworkspace/nichecker/Experiment/remarks2.1_LA_Slicing/svp_simple_026/_mt_svp_simple_026_001_result/_cs_svp_simple_026_001_gloable_var_rww_mt_svp_simple_026_001.c line 412 function main thread 0
----------------------------------------------------
  __cs_pc[3l]=1 (001)

State 109 file /home/dell/zyworkspace/nichecker/Experiment/remarks2.1_LA_Slicing/svp_simple_026/_mt_svp_simple_026_001_result/_cs_svp_simple_026_001_gloable_var_rww_mt_svp_simple_026_001.c line 422 function main thread 0
----------------------------------------------------
  __cs_tmp_t1_r1=3 (011)

State 116 file /home/dell/zyworkspace/nichecker/Experiment/remarks2.1_LA_Slicing/svp_simple_026/_mt_svp_simple_026_001_result/_cs_svp_simple_026_001_gloable_var_rww_mt_svp_simple_026_001.c line 427 function main thread 0
----------------------------------------------------
  __cs_thread_index=1 (001)

State 117 file /home/dell/zyworkspace/nichecker/Experiment/remarks2.1_LA_Slicing/svp_simple_026/_mt_svp_simple_026_001_result/_cs_svp_simple_026_001_gloable_var_rww_mt_svp_simple_026_001.c line 429 function main thread 0
----------------------------------------------------
  __cs_pc_cs[1l]=3 (011)

State 122 file /home/dell/zyworkspace/nichecker/Experiment/remarks2.1_LA_Slicing/svp_simple_026/_mt_svp_simple_026_001_result/_cs_svp_simple_026_001_gloable_var_rww_mt_svp_simple_026_001.c line 435 function main thread 0
----------------------------------------------------
  __cs_param_main_task_arg=NULL (0000000000000000000000000000000000000000000000000000000000000000)

State 129 file /home/dell/zyworkspace/nichecker/Experiment/remarks2.1_LA_Slicing/svp_simple_026/_mt_svp_simple_026_001_result/_cs_svp_simple_026_001_gloable_var_rww_mt_svp_simple_026_001.c line 279 function main_task_0 thread 0
----------------------------------------------------
  __cs_value_ptr=NULL (0000000000000000000000000000000000000000000000000000000000000000)

State 134 file /home/dell/zyworkspace/nichecker/Experiment/remarks2.1_LA_Slicing/svp_simple_026/_mt_svp_simple_026_001_result/_cs_svp_simple_026_001_gloable_var_rww_mt_svp_simple_026_001.c line 437 function main thread 0
----------------------------------------------------
  __cs_pc[1l]=3 (011)

State 135 file /home/dell/zyworkspace/nichecker/Experiment/remarks2.1_LA_Slicing/svp_simple_026/_mt_svp_simple_026_001_result/_cs_svp_simple_026_001_gloable_var_rww_mt_svp_simple_026_001.c line 443 function main thread 0
----------------------------------------------------
  __cs_tmp_t2_r1=0 (00)

State 137 file /home/dell/zyworkspace/nichecker/Experiment/remarks2.1_LA_Slicing/svp_simple_026/_mt_svp_simple_026_001_result/_cs_svp_simple_026_001_gloable_var_rww_mt_svp_simple_026_001.c line 464 function main thread 0
----------------------------------------------------
  __cs_tmp_t3_r1=1 (1)

State 139 file /home/dell/zyworkspace/nichecker/Experiment/remarks2.1_LA_Slicing/svp_simple_026/_mt_svp_simple_026_001_result/_cs_svp_simple_026_001_gloable_var_rww_mt_svp_simple_026_001.c line 469 function main thread 0
----------------------------------------------------
  __cs_thread_index=3 (011)

State 140 file /home/dell/zyworkspace/nichecker/Experiment/remarks2.1_LA_Slicing/svp_simple_026/_mt_svp_simple_026_001_result/_cs_svp_simple_026_001_gloable_var_rww_mt_svp_simple_026_001.c line 471 function main thread 0
----------------------------------------------------
  __cs_pc_cs[3l]=1 (001)

State 145 file /home/dell/zyworkspace/nichecker/Experiment/remarks2.1_LA_Slicing/svp_simple_026/_mt_svp_simple_026_001_result/_cs_svp_simple_026_001_gloable_var_rww_mt_svp_simple_026_001.c line 477 function main thread 0
----------------------------------------------------
  __cs_param_svp_simple_026_001_isr_2_arg=NULL (0000000000000000000000000000000000000000000000000000000000000000)

State 149 file /home/dell/zyworkspace/nichecker/Experiment/remarks2.1_LA_Slicing/svp_simple_026/_mt_svp_simple_026_001_result/_cs_svp_simple_026_001_gloable_var_rww_mt_svp_simple_026_001.c line 304 function svp_simple_026_001_isr_2_0 thread 0
----------------------------------------------------
  __cs_value_ptr=NULL (0000000000000000000000000000000000000000000000000000000000000000)

State 154 file /home/dell/zyworkspace/nichecker/Experiment/remarks2.1_LA_Slicing/svp_simple_026/_mt_svp_simple_026_001_result/_cs_svp_simple_026_001_gloable_var_rww_mt_svp_simple_026_001.c line 479 function main thread 0
----------------------------------------------------
  __cs_pc[3l]=1 (001)

State 155 file /home/dell/zyworkspace/nichecker/Experiment/remarks2.1_LA_Slicing/svp_simple_026/_mt_svp_simple_026_001_result/_cs_svp_simple_026_001_gloable_var_rww_mt_svp_simple_026_001.c line 483 function main thread 0
----------------------------------------------------
  __cs_tmp_t1_r2=4u (00000000000000000000000000000100)

State 157 file /home/dell/zyworkspace/nichecker/Experiment/remarks2.1_LA_Slicing/svp_simple_026/_mt_svp_simple_026_001_result/_cs_svp_simple_026_001_gloable_var_rww_mt_svp_simple_026_001.c line 488 function main thread 0
----------------------------------------------------
  __cs_thread_index=1 (001)

State 158 file /home/dell/zyworkspace/nichecker/Experiment/remarks2.1_LA_Slicing/svp_simple_026/_mt_svp_simple_026_001_result/_cs_svp_simple_026_001_gloable_var_rww_mt_svp_simple_026_001.c line 490 function main thread 0
----------------------------------------------------
  __cs_pc_cs[1l]=4 (100)

State 163 file /home/dell/zyworkspace/nichecker/Experiment/remarks2.1_LA_Slicing/svp_simple_026/_mt_svp_simple_026_001_result/_cs_svp_simple_026_001_gloable_var_rww_mt_svp_simple_026_001.c line 496 function main thread 0
----------------------------------------------------
  __cs_param_main_task_arg=NULL (0000000000000000000000000000000000000000000000000000000000000000)

State 168 file /home/dell/zyworkspace/nichecker/Experiment/remarks2.1_LA_Slicing/svp_simple_026/_mt_svp_simple_026_001_result/_cs_svp_simple_026_001_gloable_var_rww_mt_svp_simple_026_001.c line 243 function main_task_0 thread 0
----------------------------------------------------
  rww_w1=2147483646 (01111111111111111111111111111110)

Violated property:
  file /home/dell/zyworkspace/nichecker/Experiment/remarks2.1_LA_Slicing/svp_simple_026/_mt_svp_simple_026_001_result/_cs_svp_simple_026_001_gloable_var_rww_mt_svp_simple_026_001.c line 245 function main_task_0
  assertion rww_w1 == rww_r_tmp1
  rww_w1 == rww_r_tmp1


Trace for svp_simple_026_001_isr_1_0.assertion.1:

State 43 file /home/dell/zyworkspace/nichecker/Experiment/remarks2.1_LA_Slicing/svp_simple_026/_mt_svp_simple_026_001_result/_cs_svp_simple_026_001_gloable_var_rww_mt_svp_simple_026_001.c line 356 function main thread 0
----------------------------------------------------
  __cs_tmp_t1_r0=4 (100)

State 45 file /home/dell/zyworkspace/nichecker/Experiment/remarks2.1_LA_Slicing/svp_simple_026/_mt_svp_simple_026_001_result/_cs_svp_simple_026_001_gloable_var_rww_mt_svp_simple_026_001.c line 360 function main thread 0
----------------------------------------------------
  __cs_thread_index=1 (001)

State 46 file /home/dell/zyworkspace/nichecker/Experiment/remarks2.1_LA_Slicing/svp_simple_026/_mt_svp_simple_026_001_result/_cs_svp_simple_026_001_gloable_var_rww_mt_svp_simple_026_001.c line 362 function main thread 0
----------------------------------------------------
  __cs_pc_cs[1l]=4 (100)

State 51 file /home/dell/zyworkspace/nichecker/Experiment/remarks2.1_LA_Slicing/svp_simple_026/_mt_svp_simple_026_001_result/_cs_svp_simple_026_001_gloable_var_rww_mt_svp_simple_026_001.c line 368 function main thread 0
----------------------------------------------------
  __cs_param_main_task_arg=NULL (0000000000000000000000000000000000000000000000000000000000000000)

State 56 file /home/dell/zyworkspace/nichecker/Experiment/remarks2.1_LA_Slicing/svp_simple_026/_mt_svp_simple_026_001_result/_cs_svp_simple_026_001_gloable_var_rww_mt_svp_simple_026_001.c line 183 function main_task_0 thread 0
----------------------------------------------------
  __cs_disable_thread[3l]=1 (1)

State 57 file /home/dell/zyworkspace/nichecker/Experiment/remarks2.1_LA_Slicing/svp_simple_026/_mt_svp_simple_026_001_result/_cs_svp_simple_026_001_gloable_var_rww_mt_svp_simple_026_001.c line 186 function main_task_0 thread 0
----------------------------------------------------
  __cs_disable_thread[2l]=1 (1)

State 58 file /home/dell/zyworkspace/nichecker/Experiment/remarks2.1_LA_Slicing/svp_simple_026/_mt_svp_simple_026_001_result/_cs_svp_simple_026_001_gloable_var_rww_mt_svp_simple_026_001.c line 189 function main_task_0 thread 0
----------------------------------------------------
  __cs_disable_thread[0l]=1 (1)

State 60 file /home/dell/zyworkspace/nichecker/Experiment/remarks2.1_LA_Slicing/svp_simple_026/_mt_svp_simple_026_001_result/_cs_svp_simple_026_001_gloable_var_rww_mt_svp_simple_026_001.c line 196 function main_task_0 thread 0
----------------------------------------------------
  svp_simple_026_001_gloable_var=2147483647 (01111111111111111111111111111111)

State 64 file /home/dell/zyworkspace/nichecker/Experiment/remarks2.1_LA_Slicing/svp_simple_026/_mt_svp_simple_026_001_result/_cs_svp_simple_026_001_gloable_var_rww_mt_svp_simple_026_001.c line 202 function main_task_0 thread 0
----------------------------------------------------
  __cs_disable_thread[3l]=0 (0)

State 65 file /home/dell/zyworkspace/nichecker/Experiment/remarks2.1_LA_Slicing/svp_simple_026/_mt_svp_simple_026_001_result/_cs_svp_simple_026_001_gloable_var_rww_mt_svp_simple_026_001.c line 205 function main_task_0 thread 0
----------------------------------------------------
  __cs_disable_thread[2l]=0 (0)

State 66 file /home/dell/zyworkspace/nichecker/Experiment/remarks2.1_LA_Slicing/svp_simple_026/_mt_svp_simple_026_001_result/_cs_svp_simple_026_001_gloable_var_rww_mt_svp_simple_026_001.c line 208 function main_task_0 thread 0
----------------------------------------------------
  __cs_disable_thread[0l]=0 (0)

State 70 file /home/dell/zyworkspace/nichecker/Experiment/remarks2.1_LA_Slicing/svp_simple_026/_mt_svp_simple_026_001_result/_cs_svp_simple_026_001_gloable_var_rww_mt_svp_simple_026_001.c line 221 function main_task_0 thread 0
----------------------------------------------------
  __cs_disable_thread[2l]=1 (1)

State 72 file /home/dell/zyworkspace/nichecker/Experiment/remarks2.1_LA_Slicing/svp_simple_026/_mt_svp_simple_026_001_result/_cs_svp_simple_026_001_gloable_var_rww_mt_svp_simple_026_001.c line 230 function main_task_0 thread 0
----------------------------------------------------
  __cs_local_main_task___cs_tmp_if_cond_0=TRUE (00000001)

State 73 file /home/dell/zyworkspace/nichecker/Experiment/remarks2.1_LA_Slicing/svp_simple_026/_mt_svp_simple_026_001_result/_cs_svp_simple_026_001_gloable_var_rww_mt_svp_simple_026_001.c line 232 function main_task_0 thread 0
----------------------------------------------------
  rww_r_tmp1_num=1 (00000000000000000000000000000001)

State 74 file /home/dell/zyworkspace/nichecker/Experiment/remarks2.1_LA_Slicing/svp_simple_026/_mt_svp_simple_026_001_result/_cs_svp_simple_026_001_gloable_var_rww_mt_svp_simple_026_001.c line 233 function main_task_0 thread 0
----------------------------------------------------
  rww_r_tmp1=2147483647 (01111111111111111111111111111111)

State 77 file /home/dell/zyworkspace/nichecker/Experiment/remarks2.1_LA_Slicing/svp_simple_026/_mt_svp_simple_026_001_result/_cs_svp_simple_026_001_gloable_var_rww_mt_svp_simple_026_001.c line 243 function main_task_0 thread 0
----------------------------------------------------
  rww_w1=2147483647 (01111111111111111111111111111111)

State 80 file /home/dell/zyworkspace/nichecker/Experiment/remarks2.1_LA_Slicing/svp_simple_026/_mt_svp_simple_026_001_result/_cs_svp_simple_026_001_gloable_var_rww_mt_svp_simple_026_001.c line 246 function main_task_0 thread 0
----------------------------------------------------
  rww_r_tmp1_num=0 (00000000000000000000000000000000)

State 81 file /home/dell/zyworkspace/nichecker/Experiment/remarks2.1_LA_Slicing/svp_simple_026/_mt_svp_simple_026_001_result/_cs_svp_simple_026_001_gloable_var_rww_mt_svp_simple_026_001.c line 249 function main_task_0 thread 0
----------------------------------------------------
  svp_simple_026_001_gloable_var=0 (00000000000000000000000000000000)

State 86 file /home/dell/zyworkspace/nichecker/Experiment/remarks2.1_LA_Slicing/svp_simple_026/_mt_svp_simple_026_001_result/_cs_svp_simple_026_001_gloable_var_rww_mt_svp_simple_026_001.c line 259 function main_task_0 thread 0
----------------------------------------------------
  __cs_disable_thread[2l]=0 (0)

State 90 file /home/dell/zyworkspace/nichecker/Experiment/remarks2.1_LA_Slicing/svp_simple_026/_mt_svp_simple_026_001_result/_cs_svp_simple_026_001_gloable_var_rww_mt_svp_simple_026_001.c line 279 function main_task_0 thread 0
----------------------------------------------------
  __cs_value_ptr=NULL (0000000000000000000000000000000000000000000000000000000000000000)

State 95 file /home/dell/zyworkspace/nichecker/Experiment/remarks2.1_LA_Slicing/svp_simple_026/_mt_svp_simple_026_001_result/_cs_svp_simple_026_001_gloable_var_rww_mt_svp_simple_026_001.c line 370 function main thread 0
----------------------------------------------------
  __cs_pc[1l]=4 (100)

State 96 file /home/dell/zyworkspace/nichecker/Experiment/remarks2.1_LA_Slicing/svp_simple_026/_mt_svp_simple_026_001_result/_cs_svp_simple_026_001_gloable_var_rww_mt_svp_simple_026_001.c line 376 function main thread 0
----------------------------------------------------
  __cs_tmp_t2_r0=2 (10)

State 98 file /home/dell/zyworkspace/nichecker/Experiment/remarks2.1_LA_Slicing/svp_simple_026/_mt_svp_simple_026_001_result/_cs_svp_simple_026_001_gloable_var_rww_mt_svp_simple_026_001.c line 381 function main thread 0
----------------------------------------------------
  __cs_thread_index=2 (010)

State 99 file /home/dell/zyworkspace/nichecker/Experiment/remarks2.1_LA_Slicing/svp_simple_026/_mt_svp_simple_026_001_result/_cs_svp_simple_026_001_gloable_var_rww_mt_svp_simple_026_001.c line 383 function main thread 0
----------------------------------------------------
  __cs_pc_cs[2l]=2 (010)

State 104 file /home/dell/zyworkspace/nichecker/Experiment/remarks2.1_LA_Slicing/svp_simple_026/_mt_svp_simple_026_001_result/_cs_svp_simple_026_001_gloable_var_rww_mt_svp_simple_026_001.c line 389 function main thread 0
----------------------------------------------------
  __cs_param_svp_simple_026_001_isr_1_arg=NULL (0000000000000000000000000000000000000000000000000000000000000000)

State 106 file /home/dell/zyworkspace/nichecker/Experiment/remarks2.1_LA_Slicing/svp_simple_026/_mt_svp_simple_026_001_result/_cs_svp_simple_026_001_gloable_var_rww_mt_svp_simple_026_001.c line 315 function svp_simple_026_001_isr_1_0 thread 0
----------------------------------------------------
  __cs_temporary_0=0 (00000000000000000000000000000000)

State 108 file /home/dell/zyworkspace/nichecker/Experiment/remarks2.1_LA_Slicing/svp_simple_026/_mt_svp_simple_026_001_result/_cs_svp_simple_026_001_gloable_var_rww_mt_svp_simple_026_001.c line 319 function svp_simple_026_001_isr_1_0 thread 0
----------------------------------------------------
  __cs_temporary_0=1 (00000000000000000000000000000001)

State 109 file /home/dell/zyworkspace/nichecker/Experiment/remarks2.1_LA_Slicing/svp_simple_026/_mt_svp_simple_026_001_result/_cs_svp_simple_026_001_gloable_var_rww_mt_svp_simple_026_001.c line 321 function svp_simple_026_001_isr_1_0 thread 0
----------------------------------------------------
  rww_r_tmp2_num=1 (00000000000000000000000000000001)

State 110 file /home/dell/zyworkspace/nichecker/Experiment/remarks2.1_LA_Slicing/svp_simple_026/_mt_svp_simple_026_001_result/_cs_svp_simple_026_001_gloable_var_rww_mt_svp_simple_026_001.c line 322 function svp_simple_026_001_isr_1_0 thread 0
----------------------------------------------------
  rww_r_tmp2=0 (00000000000000000000000000000000)

State 114 file /home/dell/zyworkspace/nichecker/Experiment/remarks2.1_LA_Slicing/svp_simple_026/_mt_svp_simple_026_001_result/_cs_svp_simple_026_001_gloable_var_rww_mt_svp_simple_026_001.c line 344 function svp_simple_026_001_isr_1_0 thread 0
----------------------------------------------------
  __cs_value_ptr=NULL (0000000000000000000000000000000000000000000000000000000000000000)

State 119 file /home/dell/zyworkspace/nichecker/Experiment/remarks2.1_LA_Slicing/svp_simple_026/_mt_svp_simple_026_001_result/_cs_svp_simple_026_001_gloable_var_rww_mt_svp_simple_026_001.c line 391 function main thread 0
----------------------------------------------------
  __cs_pc[2l]=2 (010)

State 120 file /home/dell/zyworkspace/nichecker/Experiment/remarks2.1_LA_Slicing/svp_simple_026/_mt_svp_simple_026_001_result/_cs_svp_simple_026_001_gloable_var_rww_mt_svp_simple_026_001.c line 397 function main thread 0
----------------------------------------------------
  __cs_tmp_t3_r0=1 (1)

State 122 file /home/dell/zyworkspace/nichecker/Experiment/remarks2.1_LA_Slicing/svp_simple_026/_mt_svp_simple_026_001_result/_cs_svp_simple_026_001_gloable_var_rww_mt_svp_simple_026_001.c line 402 function main thread 0
----------------------------------------------------
  __cs_thread_index=3 (011)

State 123 file /home/dell/zyworkspace/nichecker/Experiment/remarks2.1_LA_Slicing/svp_simple_026/_mt_svp_simple_026_001_result/_cs_svp_simple_026_001_gloable_var_rww_mt_svp_simple_026_001.c line 404 function main thread 0
----------------------------------------------------
  __cs_pc_cs[3l]=1 (001)

State 128 file /home/dell/zyworkspace/nichecker/Experiment/remarks2.1_LA_Slicing/svp_simple_026/_mt_svp_simple_026_001_result/_cs_svp_simple_026_001_gloable_var_rww_mt_svp_simple_026_001.c line 410 function main thread 0
----------------------------------------------------
  __cs_param_svp_simple_026_001_isr_2_arg=NULL (0000000000000000000000000000000000000000000000000000000000000000)

State 130 file /home/dell/zyworkspace/nichecker/Experiment/remarks2.1_LA_Slicing/svp_simple_026/_mt_svp_simple_026_001_result/_cs_svp_simple_026_001_gloable_var_rww_mt_svp_simple_026_001.c line 290 function svp_simple_026_001_isr_2_0 thread 0
----------------------------------------------------
  __cs_temporary_0=0 (00000000000000000000000000000000)

State 131 file /home/dell/zyworkspace/nichecker/Experiment/remarks2.1_LA_Slicing/svp_simple_026/_mt_svp_simple_026_001_result/_cs_svp_simple_026_001_gloable_var_rww_mt_svp_simple_026_001.c line 292 function svp_simple_026_001_isr_2_0 thread 0
----------------------------------------------------
  __cs_temporary_0=-1 (11111111111111111111111111111111)

State 132 file /home/dell/zyworkspace/nichecker/Experiment/remarks2.1_LA_Slicing/svp_simple_026/_mt_svp_simple_026_001_result/_cs_svp_simple_026_001_gloable_var_rww_mt_svp_simple_026_001.c line 293 function svp_simple_026_001_isr_2_0 thread 0
----------------------------------------------------
  svp_simple_026_001_gloable_var=-1 (11111111111111111111111111111111)

State 136 file /home/dell/zyworkspace/nichecker/Experiment/remarks2.1_LA_Slicing/svp_simple_026/_mt_svp_simple_026_001_result/_cs_svp_simple_026_001_gloable_var_rww_mt_svp_simple_026_001.c line 304 function svp_simple_026_001_isr_2_0 thread 0
----------------------------------------------------
  __cs_value_ptr=NULL (0000000000000000000000000000000000000000000000000000000000000000)

State 141 file /home/dell/zyworkspace/nichecker/Experiment/remarks2.1_LA_Slicing/svp_simple_026/_mt_svp_simple_026_001_result/_cs_svp_simple_026_001_gloable_var_rww_mt_svp_simple_026_001.c line 412 function main thread 0
----------------------------------------------------
  __cs_pc[3l]=1 (001)

State 142 file /home/dell/zyworkspace/nichecker/Experiment/remarks2.1_LA_Slicing/svp_simple_026/_mt_svp_simple_026_001_result/_cs_svp_simple_026_001_gloable_var_rww_mt_svp_simple_026_001.c line 422 function main thread 0
----------------------------------------------------
  __cs_tmp_t1_r1=6 (110)

State 148 file /home/dell/zyworkspace/nichecker/Experiment/remarks2.1_LA_Slicing/svp_simple_026/_mt_svp_simple_026_001_result/_cs_svp_simple_026_001_gloable_var_rww_mt_svp_simple_026_001.c line 443 function main thread 0
----------------------------------------------------
  __cs_tmp_t2_r1=3 (11)

State 150 file /home/dell/zyworkspace/nichecker/Experiment/remarks2.1_LA_Slicing/svp_simple_026/_mt_svp_simple_026_001_result/_cs_svp_simple_026_001_gloable_var_rww_mt_svp_simple_026_001.c line 448 function main thread 0
----------------------------------------------------
  __cs_thread_index=2 (010)

State 151 file /home/dell/zyworkspace/nichecker/Experiment/remarks2.1_LA_Slicing/svp_simple_026/_mt_svp_simple_026_001_result/_cs_svp_simple_026_001_gloable_var_rww_mt_svp_simple_026_001.c line 450 function main thread 0
----------------------------------------------------
  __cs_pc_cs[2l]=3 (011)

State 156 file /home/dell/zyworkspace/nichecker/Experiment/remarks2.1_LA_Slicing/svp_simple_026/_mt_svp_simple_026_001_result/_cs_svp_simple_026_001_gloable_var_rww_mt_svp_simple_026_001.c line 456 function main thread 0
----------------------------------------------------
  __cs_param_svp_simple_026_001_isr_1_arg=NULL (0000000000000000000000000000000000000000000000000000000000000000)

State 160 file /home/dell/zyworkspace/nichecker/Experiment/remarks2.1_LA_Slicing/svp_simple_026/_mt_svp_simple_026_001_result/_cs_svp_simple_026_001_gloable_var_rww_mt_svp_simple_026_001.c line 327 function svp_simple_026_001_isr_1_0 thread 0
----------------------------------------------------
  rww_w2=-1 (11111111111111111111111111111111)

Violated property:
  file /home/dell/zyworkspace/nichecker/Experiment/remarks2.1_LA_Slicing/svp_simple_026/_mt_svp_simple_026_001_result/_cs_svp_simple_026_001_gloable_var_rww_mt_svp_simple_026_001.c line 329 function svp_simple_026_001_isr_1_0
  assertion rww_w2 == rww_r_tmp2
  rww_w2 == rww_r_tmp2


** 2 of 2 failed (2 iterations)
VERIFICATION FAILED
