CBMC version 5.6 64-bit x86_64 linux
Parsing /home/dell/zyworkspace/nichecker/Experiment/remarks2.1_LA_Slicing_PPR/svp_simple_013/_mt_svp_simple_013_001_result/_cs_svp_simple_013_001_global_var1_rwr_mt_svp_simple_013_001.c
<command-line>: warning: "__STDC_VERSION__" redefined
<built-in>: note: this is the location of the previous definition
Converting
Type-checking _cs_svp_simple_013_001_global_var1_rwr_mt_svp_simple_013_001
file /home/dell/zyworkspace/nichecker/Experiment/remarks2.1_LA_Slicing_PPR/svp_simple_013/_mt_svp_simple_013_001_result/_cs_svp_simple_013_001_global_var1_rwr_mt_svp_simple_013_001.c line 292 function main_task_0: function `assert' is not declared
Generating GOTO Program
Adding CPROVER library (x86_64)
Removal of function pointers and virtual functions
Partial Inlining
Generic Property Instrumentation
Starting Bounded Model Checking
**** WARNING: no body for function enable_isr
**** WARNING: no body for function disable_isr
size of program expression: 1202 steps
simple slicing removed 44 assignments
Generated 8 VCC(s), 6 remaining after simplification
Passing problem to propositional reduction
converting SSA
Running propositional reduction
Post-processing
Solving with MiniSAT 2.2.1 with simplifier
7330 variables, 23478 clauses
SAT checker: instance is SATISFIABLE
Solving with MiniSAT 2.2.1 with simplifier
7330 variables, 7969 clauses
SAT checker: instance is UNSATISFIABLE
Runtime decision procedure: 0.042s

** Results:
[main_task_0.assertion.1] assertion rwr_r1 == rwr_tmp1: SUCCESS
[main_task_0.assertion.2] assertion rwr_r2 == rwr_tmp1: SUCCESS
[main_task_0.assertion.3] assertion rwr_r3 == rwr_tmp1: FAILURE

Trace for main_task_0.assertion.3:

State 62 file /home/dell/zyworkspace/nichecker/Experiment/remarks2.1_LA_Slicing_PPR/svp_simple_013/_mt_svp_simple_013_001_result/_cs_svp_simple_013_001_global_var1_rwr_mt_svp_simple_013_001.c line 562 function main thread 0
----------------------------------------------------
  __cs_tmp_t1_r0=1 (001)

State 64 file /home/dell/zyworkspace/nichecker/Experiment/remarks2.1_LA_Slicing_PPR/svp_simple_013/_mt_svp_simple_013_001_result/_cs_svp_simple_013_001_global_var1_rwr_mt_svp_simple_013_001.c line 566 function main thread 0
----------------------------------------------------
  __cs_thread_index=1 (001)

State 65 file /home/dell/zyworkspace/nichecker/Experiment/remarks2.1_LA_Slicing_PPR/svp_simple_013/_mt_svp_simple_013_001_result/_cs_svp_simple_013_001_global_var1_rwr_mt_svp_simple_013_001.c line 568 function main thread 0
----------------------------------------------------
  __cs_pc_cs[1l]=1 (001)

State 70 file /home/dell/zyworkspace/nichecker/Experiment/remarks2.1_LA_Slicing_PPR/svp_simple_013/_mt_svp_simple_013_001_result/_cs_svp_simple_013_001_global_var1_rwr_mt_svp_simple_013_001.c line 574 function main thread 0
----------------------------------------------------
  __cs_param_main_task_arg=NULL (0000000000000000000000000000000000000000000000000000000000000000)

State 75 file /home/dell/zyworkspace/nichecker/Experiment/remarks2.1_LA_Slicing_PPR/svp_simple_013/_mt_svp_simple_013_001_result/_cs_svp_simple_013_001_global_var1_rwr_mt_svp_simple_013_001.c line 191 function main_task_0 thread 0
----------------------------------------------------
  __cs_disable_thread[2l]=0 (0)

State 76 file /home/dell/zyworkspace/nichecker/Experiment/remarks2.1_LA_Slicing_PPR/svp_simple_013/_mt_svp_simple_013_001_result/_cs_svp_simple_013_001_global_var1_rwr_mt_svp_simple_013_001.c line 194 function main_task_0 thread 0
----------------------------------------------------
  __cs_disable_thread[3l]=0 (0)

State 77 file /home/dell/zyworkspace/nichecker/Experiment/remarks2.1_LA_Slicing_PPR/svp_simple_013/_mt_svp_simple_013_001_result/_cs_svp_simple_013_001_global_var1_rwr_mt_svp_simple_013_001.c line 197 function main_task_0 thread 0
----------------------------------------------------
  __cs_disable_thread[4l]=0 (0)

State 78 file /home/dell/zyworkspace/nichecker/Experiment/remarks2.1_LA_Slicing_PPR/svp_simple_013/_mt_svp_simple_013_001_result/_cs_svp_simple_013_001_global_var1_rwr_mt_svp_simple_013_001.c line 200 function main_task_0 thread 0
----------------------------------------------------
  __cs_disable_thread[0l]=0 (0)

State 86 file /home/dell/zyworkspace/nichecker/Experiment/remarks2.1_LA_Slicing_PPR/svp_simple_013/_mt_svp_simple_013_001_result/_cs_svp_simple_013_001_global_var1_rwr_mt_svp_simple_013_001.c line 428 function main_task_0 thread 0
----------------------------------------------------
  __cs_value_ptr=NULL (0000000000000000000000000000000000000000000000000000000000000000)

State 91 file /home/dell/zyworkspace/nichecker/Experiment/remarks2.1_LA_Slicing_PPR/svp_simple_013/_mt_svp_simple_013_001_result/_cs_svp_simple_013_001_global_var1_rwr_mt_svp_simple_013_001.c line 576 function main thread 0
----------------------------------------------------
  __cs_pc[1l]=1 (001)

State 92 file /home/dell/zyworkspace/nichecker/Experiment/remarks2.1_LA_Slicing_PPR/svp_simple_013/_mt_svp_simple_013_001_result/_cs_svp_simple_013_001_global_var1_rwr_mt_svp_simple_013_001.c line 582 function main thread 0
----------------------------------------------------
  __cs_tmp_t2_r0=0 (00)

State 99 file /home/dell/zyworkspace/nichecker/Experiment/remarks2.1_LA_Slicing_PPR/svp_simple_013/_mt_svp_simple_013_001_result/_cs_svp_simple_013_001_global_var1_rwr_mt_svp_simple_013_001.c line 587 function main thread 0
----------------------------------------------------
  __cs_thread_index=2 (010)

State 100 file /home/dell/zyworkspace/nichecker/Experiment/remarks2.1_LA_Slicing_PPR/svp_simple_013/_mt_svp_simple_013_001_result/_cs_svp_simple_013_001_global_var1_rwr_mt_svp_simple_013_001.c line 589 function main thread 0
----------------------------------------------------
  __cs_pc_cs[2l]=0 (000)

State 105 file /home/dell/zyworkspace/nichecker/Experiment/remarks2.1_LA_Slicing_PPR/svp_simple_013/_mt_svp_simple_013_001_result/_cs_svp_simple_013_001_global_var1_rwr_mt_svp_simple_013_001.c line 595 function main thread 0
----------------------------------------------------
  __cs_param_svp_simple_013_001_isr_1_arg=NULL (0000000000000000000000000000000000000000000000000000000000000000)

State 110 file /home/dell/zyworkspace/nichecker/Experiment/remarks2.1_LA_Slicing_PPR/svp_simple_013/_mt_svp_simple_013_001_result/_cs_svp_simple_013_001_global_var1_rwr_mt_svp_simple_013_001.c line 471 function svp_simple_013_001_isr_1_0 thread 0
----------------------------------------------------
  __cs_value_ptr=NULL (0000000000000000000000000000000000000000000000000000000000000000)

State 115 file /home/dell/zyworkspace/nichecker/Experiment/remarks2.1_LA_Slicing_PPR/svp_simple_013/_mt_svp_simple_013_001_result/_cs_svp_simple_013_001_global_var1_rwr_mt_svp_simple_013_001.c line 597 function main thread 0
----------------------------------------------------
  __cs_pc[2l]=0 (000)

State 116 file /home/dell/zyworkspace/nichecker/Experiment/remarks2.1_LA_Slicing_PPR/svp_simple_013/_mt_svp_simple_013_001_result/_cs_svp_simple_013_001_global_var1_rwr_mt_svp_simple_013_001.c line 603 function main thread 0
----------------------------------------------------
  __cs_tmp_t3_r0=0 (00)

State 118 file /home/dell/zyworkspace/nichecker/Experiment/remarks2.1_LA_Slicing_PPR/svp_simple_013/_mt_svp_simple_013_001_result/_cs_svp_simple_013_001_global_var1_rwr_mt_svp_simple_013_001.c line 608 function main thread 0
----------------------------------------------------
  __cs_thread_index=3 (011)

State 119 file /home/dell/zyworkspace/nichecker/Experiment/remarks2.1_LA_Slicing_PPR/svp_simple_013/_mt_svp_simple_013_001_result/_cs_svp_simple_013_001_global_var1_rwr_mt_svp_simple_013_001.c line 610 function main thread 0
----------------------------------------------------
  __cs_pc_cs[3l]=0 (000)

State 124 file /home/dell/zyworkspace/nichecker/Experiment/remarks2.1_LA_Slicing_PPR/svp_simple_013/_mt_svp_simple_013_001_result/_cs_svp_simple_013_001_global_var1_rwr_mt_svp_simple_013_001.c line 616 function main thread 0
----------------------------------------------------
  __cs_param_svp_simple_013_001_isr_2_arg=NULL (0000000000000000000000000000000000000000000000000000000000000000)

State 130 file /home/dell/zyworkspace/nichecker/Experiment/remarks2.1_LA_Slicing_PPR/svp_simple_013/_mt_svp_simple_013_001_result/_cs_svp_simple_013_001_global_var1_rwr_mt_svp_simple_013_001.c line 550 function svp_simple_013_001_isr_2_0 thread 0
----------------------------------------------------
  __cs_value_ptr=NULL (0000000000000000000000000000000000000000000000000000000000000000)

State 135 file /home/dell/zyworkspace/nichecker/Experiment/remarks2.1_LA_Slicing_PPR/svp_simple_013/_mt_svp_simple_013_001_result/_cs_svp_simple_013_001_global_var1_rwr_mt_svp_simple_013_001.c line 618 function main thread 0
----------------------------------------------------
  __cs_pc[3l]=0 (000)

State 136 file /home/dell/zyworkspace/nichecker/Experiment/remarks2.1_LA_Slicing_PPR/svp_simple_013/_mt_svp_simple_013_001_result/_cs_svp_simple_013_001_global_var1_rwr_mt_svp_simple_013_001.c line 624 function main thread 0
----------------------------------------------------
  __cs_tmp_t4_r0=0 (0)

State 138 file /home/dell/zyworkspace/nichecker/Experiment/remarks2.1_LA_Slicing_PPR/svp_simple_013/_mt_svp_simple_013_001_result/_cs_svp_simple_013_001_global_var1_rwr_mt_svp_simple_013_001.c line 629 function main thread 0
----------------------------------------------------
  __cs_thread_index=4 (100)

State 139 file /home/dell/zyworkspace/nichecker/Experiment/remarks2.1_LA_Slicing_PPR/svp_simple_013/_mt_svp_simple_013_001_result/_cs_svp_simple_013_001_global_var1_rwr_mt_svp_simple_013_001.c line 631 function main thread 0
----------------------------------------------------
  __cs_pc_cs[4l]=0 (000)

State 144 file /home/dell/zyworkspace/nichecker/Experiment/remarks2.1_LA_Slicing_PPR/svp_simple_013/_mt_svp_simple_013_001_result/_cs_svp_simple_013_001_global_var1_rwr_mt_svp_simple_013_001.c line 637 function main thread 0
----------------------------------------------------
  __cs_param_svp_simple_013_001_isr_3_arg=NULL (0000000000000000000000000000000000000000000000000000000000000000)

State 148 file /home/dell/zyworkspace/nichecker/Experiment/remarks2.1_LA_Slicing_PPR/svp_simple_013/_mt_svp_simple_013_001_result/_cs_svp_simple_013_001_global_var1_rwr_mt_svp_simple_013_001.c line 503 function svp_simple_013_001_isr_3_0 thread 0
----------------------------------------------------
  __cs_value_ptr=NULL (0000000000000000000000000000000000000000000000000000000000000000)

State 153 file /home/dell/zyworkspace/nichecker/Experiment/remarks2.1_LA_Slicing_PPR/svp_simple_013/_mt_svp_simple_013_001_result/_cs_svp_simple_013_001_global_var1_rwr_mt_svp_simple_013_001.c line 639 function main thread 0
----------------------------------------------------
  __cs_pc[4l]=0 (000)

State 154 file /home/dell/zyworkspace/nichecker/Experiment/remarks2.1_LA_Slicing_PPR/svp_simple_013/_mt_svp_simple_013_001_result/_cs_svp_simple_013_001_global_var1_rwr_mt_svp_simple_013_001.c line 649 function main thread 0
----------------------------------------------------
  __cs_tmp_t1_r1=2 (010)

State 166 file /home/dell/zyworkspace/nichecker/Experiment/remarks2.1_LA_Slicing_PPR/svp_simple_013/_mt_svp_simple_013_001_result/_cs_svp_simple_013_001_global_var1_rwr_mt_svp_simple_013_001.c line 654 function main thread 0
----------------------------------------------------
  __cs_thread_index=1 (001)

State 167 file /home/dell/zyworkspace/nichecker/Experiment/remarks2.1_LA_Slicing_PPR/svp_simple_013/_mt_svp_simple_013_001_result/_cs_svp_simple_013_001_global_var1_rwr_mt_svp_simple_013_001.c line 656 function main thread 0
----------------------------------------------------
  __cs_pc_cs[1l]=2 (010)

State 172 file /home/dell/zyworkspace/nichecker/Experiment/remarks2.1_LA_Slicing_PPR/svp_simple_013/_mt_svp_simple_013_001_result/_cs_svp_simple_013_001_global_var1_rwr_mt_svp_simple_013_001.c line 662 function main thread 0
----------------------------------------------------
  __cs_param_main_task_arg=NULL (0000000000000000000000000000000000000000000000000000000000000000)

State 178 file /home/dell/zyworkspace/nichecker/Experiment/remarks2.1_LA_Slicing_PPR/svp_simple_013/_mt_svp_simple_013_001_result/_cs_svp_simple_013_001_global_var1_rwr_mt_svp_simple_013_001.c line 212 function main_task_0 thread 0
----------------------------------------------------
  __cs_disable_thread[3l]=1 (1)

State 182 file /home/dell/zyworkspace/nichecker/Experiment/remarks2.1_LA_Slicing_PPR/svp_simple_013/_mt_svp_simple_013_001_result/_cs_svp_simple_013_001_global_var1_rwr_mt_svp_simple_013_001.c line 219 function main_task_0 thread 0
----------------------------------------------------
  __cs_disable_thread[4l]=1 (1)

State 183 file /home/dell/zyworkspace/nichecker/Experiment/remarks2.1_LA_Slicing_PPR/svp_simple_013/_mt_svp_simple_013_001_result/_cs_svp_simple_013_001_global_var1_rwr_mt_svp_simple_013_001.c line 229 function main_task_0 thread 0
----------------------------------------------------
  __cs_local_main_task_reader3=0 (00000000000000000000000000000000)

State 184 file /home/dell/zyworkspace/nichecker/Experiment/remarks2.1_LA_Slicing_PPR/svp_simple_013/_mt_svp_simple_013_001_result/_cs_svp_simple_013_001_global_var1_rwr_mt_svp_simple_013_001.c line 233 function main_task_0 thread 0
----------------------------------------------------
  __cs_local_main_task_reader4=0 (00000000000000000000000000000000)

State 185 file /home/dell/zyworkspace/nichecker/Experiment/remarks2.1_LA_Slicing_PPR/svp_simple_013/_mt_svp_simple_013_001_result/_cs_svp_simple_013_001_global_var1_rwr_mt_svp_simple_013_001.c line 239 function main_task_0 thread 0
----------------------------------------------------
  __cs_local_main_task_i=0 (00000000000000000000000000000000)

State 186 file /home/dell/zyworkspace/nichecker/Experiment/remarks2.1_LA_Slicing_PPR/svp_simple_013/_mt_svp_simple_013_001_result/_cs_svp_simple_013_001_global_var1_rwr_mt_svp_simple_013_001.c line 247 function main_task_0 thread 0
----------------------------------------------------
  __cs_local_main_task_t_1=0 (00000000000000000000000000000000)

State 188 file /home/dell/zyworkspace/nichecker/Experiment/remarks2.1_LA_Slicing_PPR/svp_simple_013/_mt_svp_simple_013_001_result/_cs_svp_simple_013_001_global_var1_rwr_mt_svp_simple_013_001.c line 265 function main_task_0 thread 0
----------------------------------------------------
  __cs_local_main_task_loop_1_IOVar1=0 (00000000000000000000000000000000)

State 189 file /home/dell/zyworkspace/nichecker/Experiment/remarks2.1_LA_Slicing_PPR/svp_simple_013/_mt_svp_simple_013_001_result/_cs_svp_simple_013_001_global_var1_rwr_mt_svp_simple_013_001.c line 268 function main_task_0 thread 0
----------------------------------------------------
  __cs_local_main_task_loop_1_block_2=99 (00000000000000000000000001100011)

State 190 file /home/dell/zyworkspace/nichecker/Experiment/remarks2.1_LA_Slicing_PPR/svp_simple_013/_mt_svp_simple_013_001_result/_cs_svp_simple_013_001_global_var1_rwr_mt_svp_simple_013_001.c line 271 function main_task_0 thread 0
----------------------------------------------------
  __cs_local_main_task_i=99 (00000000000000000000000001100011)

State 193 file /home/dell/zyworkspace/nichecker/Experiment/remarks2.1_LA_Slicing_PPR/svp_simple_013/_mt_svp_simple_013_001_result/_cs_svp_simple_013_001_global_var1_rwr_mt_svp_simple_013_001.c line 281 function main_task_0 thread 0
----------------------------------------------------
  __cs_local_main_task___cs_tmp_if_cond_0=TRUE (00000001)

State 195 file /home/dell/zyworkspace/nichecker/Experiment/remarks2.1_LA_Slicing_PPR/svp_simple_013/_mt_svp_simple_013_001_result/_cs_svp_simple_013_001_global_var1_rwr_mt_svp_simple_013_001.c line 288 function main_task_0 thread 0
----------------------------------------------------
  __cs_local_main_task_reader1=0 (00000000000000000000000000000000)

State 196 file /home/dell/zyworkspace/nichecker/Experiment/remarks2.1_LA_Slicing_PPR/svp_simple_013/_mt_svp_simple_013_001_result/_cs_svp_simple_013_001_global_var1_rwr_mt_svp_simple_013_001.c line 290 function main_task_0 thread 0
----------------------------------------------------
  rwr_r1=0 (00000000000000000000000000000000)

State 198 file /home/dell/zyworkspace/nichecker/Experiment/remarks2.1_LA_Slicing_PPR/svp_simple_013/_mt_svp_simple_013_001_result/_cs_svp_simple_013_001_global_var1_rwr_mt_svp_simple_013_001.c line 294 function main_task_0 thread 0
----------------------------------------------------
  rwr_tmp1_num=1 (00000000000000000000000000000001)

State 199 file /home/dell/zyworkspace/nichecker/Experiment/remarks2.1_LA_Slicing_PPR/svp_simple_013/_mt_svp_simple_013_001_result/_cs_svp_simple_013_001_global_var1_rwr_mt_svp_simple_013_001.c line 295 function main_task_0 thread 0
----------------------------------------------------
  rwr_tmp1=0 (00000000000000000000000000000000)

State 206 file /home/dell/zyworkspace/nichecker/Experiment/remarks2.1_LA_Slicing_PPR/svp_simple_013/_mt_svp_simple_013_001_result/_cs_svp_simple_013_001_global_var1_rwr_mt_svp_simple_013_001.c line 428 function main_task_0 thread 0
----------------------------------------------------
  __cs_value_ptr=NULL (0000000000000000000000000000000000000000000000000000000000000000)

State 211 file /home/dell/zyworkspace/nichecker/Experiment/remarks2.1_LA_Slicing_PPR/svp_simple_013/_mt_svp_simple_013_001_result/_cs_svp_simple_013_001_global_var1_rwr_mt_svp_simple_013_001.c line 664 function main thread 0
----------------------------------------------------
  __cs_pc[1l]=2 (010)

State 212 file /home/dell/zyworkspace/nichecker/Experiment/remarks2.1_LA_Slicing_PPR/svp_simple_013/_mt_svp_simple_013_001_result/_cs_svp_simple_013_001_global_var1_rwr_mt_svp_simple_013_001.c line 670 function main thread 0
----------------------------------------------------
  __cs_tmp_t2_r1=1 (01)

State 219 file /home/dell/zyworkspace/nichecker/Experiment/remarks2.1_LA_Slicing_PPR/svp_simple_013/_mt_svp_simple_013_001_result/_cs_svp_simple_013_001_global_var1_rwr_mt_svp_simple_013_001.c line 675 function main thread 0
----------------------------------------------------
  __cs_thread_index=2 (010)

State 220 file /home/dell/zyworkspace/nichecker/Experiment/remarks2.1_LA_Slicing_PPR/svp_simple_013/_mt_svp_simple_013_001_result/_cs_svp_simple_013_001_global_var1_rwr_mt_svp_simple_013_001.c line 677 function main thread 0
----------------------------------------------------
  __cs_pc_cs[2l]=1 (001)

State 225 file /home/dell/zyworkspace/nichecker/Experiment/remarks2.1_LA_Slicing_PPR/svp_simple_013/_mt_svp_simple_013_001_result/_cs_svp_simple_013_001_global_var1_rwr_mt_svp_simple_013_001.c line 683 function main thread 0
----------------------------------------------------
  __cs_param_svp_simple_013_001_isr_1_arg=NULL (0000000000000000000000000000000000000000000000000000000000000000)

State 227 file /home/dell/zyworkspace/nichecker/Experiment/remarks2.1_LA_Slicing_PPR/svp_simple_013/_mt_svp_simple_013_001_result/_cs_svp_simple_013_001_global_var1_rwr_mt_svp_simple_013_001.c line 441 function svp_simple_013_001_isr_1_0 thread 0
----------------------------------------------------
  __cs_local_svp_simple_013_001_isr_1_i=0 (00000000000000000000000000000000)

State 231 file /home/dell/zyworkspace/nichecker/Experiment/remarks2.1_LA_Slicing_PPR/svp_simple_013/_mt_svp_simple_013_001_result/_cs_svp_simple_013_001_global_var1_rwr_mt_svp_simple_013_001.c line 448 function svp_simple_013_001_isr_1_0 thread 0
----------------------------------------------------
  __cs_disable_thread[3l]=0 (0)

State 235 file /home/dell/zyworkspace/nichecker/Experiment/remarks2.1_LA_Slicing_PPR/svp_simple_013/_mt_svp_simple_013_001_result/_cs_svp_simple_013_001_global_var1_rwr_mt_svp_simple_013_001.c line 471 function svp_simple_013_001_isr_1_0 thread 0
----------------------------------------------------
  __cs_value_ptr=NULL (0000000000000000000000000000000000000000000000000000000000000000)

State 240 file /home/dell/zyworkspace/nichecker/Experiment/remarks2.1_LA_Slicing_PPR/svp_simple_013/_mt_svp_simple_013_001_result/_cs_svp_simple_013_001_global_var1_rwr_mt_svp_simple_013_001.c line 685 function main thread 0
----------------------------------------------------
  __cs_pc[2l]=1 (001)

State 241 file /home/dell/zyworkspace/nichecker/Experiment/remarks2.1_LA_Slicing_PPR/svp_simple_013/_mt_svp_simple_013_001_result/_cs_svp_simple_013_001_global_var1_rwr_mt_svp_simple_013_001.c line 691 function main thread 0
----------------------------------------------------
  __cs_tmp_t3_r1=3 (11)

State 243 file /home/dell/zyworkspace/nichecker/Experiment/remarks2.1_LA_Slicing_PPR/svp_simple_013/_mt_svp_simple_013_001_result/_cs_svp_simple_013_001_global_var1_rwr_mt_svp_simple_013_001.c line 696 function main thread 0
----------------------------------------------------
  __cs_thread_index=3 (011)

State 244 file /home/dell/zyworkspace/nichecker/Experiment/remarks2.1_LA_Slicing_PPR/svp_simple_013/_mt_svp_simple_013_001_result/_cs_svp_simple_013_001_global_var1_rwr_mt_svp_simple_013_001.c line 698 function main thread 0
----------------------------------------------------
  __cs_pc_cs[3l]=3 (011)

State 249 file /home/dell/zyworkspace/nichecker/Experiment/remarks2.1_LA_Slicing_PPR/svp_simple_013/_mt_svp_simple_013_001_result/_cs_svp_simple_013_001_global_var1_rwr_mt_svp_simple_013_001.c line 704 function main thread 0
----------------------------------------------------
  __cs_param_svp_simple_013_001_isr_2_arg=NULL (0000000000000000000000000000000000000000000000000000000000000000)

State 251 file /home/dell/zyworkspace/nichecker/Experiment/remarks2.1_LA_Slicing_PPR/svp_simple_013/_mt_svp_simple_013_001_result/_cs_svp_simple_013_001_global_var1_rwr_mt_svp_simple_013_001.c line 516 function svp_simple_013_001_isr_2_0 thread 0
----------------------------------------------------
  __cs_local_svp_simple_013_001_isr_2_i=0 (00000000000000000000000000000000)

State 252 file /home/dell/zyworkspace/nichecker/Experiment/remarks2.1_LA_Slicing_PPR/svp_simple_013/_mt_svp_simple_013_001_result/_cs_svp_simple_013_001_global_var1_rwr_mt_svp_simple_013_001.c line 521 function svp_simple_013_001_isr_2_0 thread 0
----------------------------------------------------
  svp_simple_013_001_global_flag1=1 (00000000000000000000000000000001)

State 257 file /home/dell/zyworkspace/nichecker/Experiment/remarks2.1_LA_Slicing_PPR/svp_simple_013/_mt_svp_simple_013_001_result/_cs_svp_simple_013_001_global_var1_rwr_mt_svp_simple_013_001.c line 527 function svp_simple_013_001_isr_2_0 thread 0
----------------------------------------------------
  __cs_disable_thread[4l]=0 (0)

State 259 file /home/dell/zyworkspace/nichecker/Experiment/remarks2.1_LA_Slicing_PPR/svp_simple_013/_mt_svp_simple_013_001_result/_cs_svp_simple_013_001_global_var1_rwr_mt_svp_simple_013_001.c line 536 function svp_simple_013_001_isr_2_0 thread 0
----------------------------------------------------
  __cs_local_svp_simple_013_001_isr_2_i=0 (00000000000000000000000000000000)

State 263 file /home/dell/zyworkspace/nichecker/Experiment/remarks2.1_LA_Slicing_PPR/svp_simple_013/_mt_svp_simple_013_001_result/_cs_svp_simple_013_001_global_var1_rwr_mt_svp_simple_013_001.c line 550 function svp_simple_013_001_isr_2_0 thread 0
----------------------------------------------------
  __cs_value_ptr=NULL (0000000000000000000000000000000000000000000000000000000000000000)

State 268 file /home/dell/zyworkspace/nichecker/Experiment/remarks2.1_LA_Slicing_PPR/svp_simple_013/_mt_svp_simple_013_001_result/_cs_svp_simple_013_001_global_var1_rwr_mt_svp_simple_013_001.c line 706 function main thread 0
----------------------------------------------------
  __cs_pc[3l]=3 (011)

State 269 file /home/dell/zyworkspace/nichecker/Experiment/remarks2.1_LA_Slicing_PPR/svp_simple_013/_mt_svp_simple_013_001_result/_cs_svp_simple_013_001_global_var1_rwr_mt_svp_simple_013_001.c line 712 function main thread 0
----------------------------------------------------
  __cs_tmp_t4_r1=1 (1)

State 271 file /home/dell/zyworkspace/nichecker/Experiment/remarks2.1_LA_Slicing_PPR/svp_simple_013/_mt_svp_simple_013_001_result/_cs_svp_simple_013_001_global_var1_rwr_mt_svp_simple_013_001.c line 717 function main thread 0
----------------------------------------------------
  __cs_thread_index=4 (100)

State 272 file /home/dell/zyworkspace/nichecker/Experiment/remarks2.1_LA_Slicing_PPR/svp_simple_013/_mt_svp_simple_013_001_result/_cs_svp_simple_013_001_global_var1_rwr_mt_svp_simple_013_001.c line 719 function main thread 0
----------------------------------------------------
  __cs_pc_cs[4l]=1 (001)

State 277 file /home/dell/zyworkspace/nichecker/Experiment/remarks2.1_LA_Slicing_PPR/svp_simple_013/_mt_svp_simple_013_001_result/_cs_svp_simple_013_001_global_var1_rwr_mt_svp_simple_013_001.c line 725 function main thread 0
----------------------------------------------------
  __cs_param_svp_simple_013_001_isr_3_arg=NULL (0000000000000000000000000000000000000000000000000000000000000000)

State 279 file /home/dell/zyworkspace/nichecker/Experiment/remarks2.1_LA_Slicing_PPR/svp_simple_013/_mt_svp_simple_013_001_result/_cs_svp_simple_013_001_global_var1_rwr_mt_svp_simple_013_001.c line 483 function svp_simple_013_001_isr_3_0 thread 0
----------------------------------------------------
  __cs_local_svp_simple_013_001_isr_3___cs_tmp_if_cond_1=TRUE (00000001)

State 281 file /home/dell/zyworkspace/nichecker/Experiment/remarks2.1_LA_Slicing_PPR/svp_simple_013/_mt_svp_simple_013_001_result/_cs_svp_simple_013_001_global_var1_rwr_mt_svp_simple_013_001.c line 488 function svp_simple_013_001_isr_3_0 thread 0
----------------------------------------------------
  svp_simple_013_001_global_var1=1 (00000000000000000000000000000001)

State 285 file /home/dell/zyworkspace/nichecker/Experiment/remarks2.1_LA_Slicing_PPR/svp_simple_013/_mt_svp_simple_013_001_result/_cs_svp_simple_013_001_global_var1_rwr_mt_svp_simple_013_001.c line 503 function svp_simple_013_001_isr_3_0 thread 0
----------------------------------------------------
  __cs_value_ptr=NULL (0000000000000000000000000000000000000000000000000000000000000000)

State 290 file /home/dell/zyworkspace/nichecker/Experiment/remarks2.1_LA_Slicing_PPR/svp_simple_013/_mt_svp_simple_013_001_result/_cs_svp_simple_013_001_global_var1_rwr_mt_svp_simple_013_001.c line 727 function main thread 0
----------------------------------------------------
  __cs_pc[4l]=1 (001)

State 291 file /home/dell/zyworkspace/nichecker/Experiment/remarks2.1_LA_Slicing_PPR/svp_simple_013/_mt_svp_simple_013_001_result/_cs_svp_simple_013_001_global_var1_rwr_mt_svp_simple_013_001.c line 731 function main thread 0
----------------------------------------------------
  __cs_tmp_t1_r2=5u (00000000000000000000000000000101)

State 293 file /home/dell/zyworkspace/nichecker/Experiment/remarks2.1_LA_Slicing_PPR/svp_simple_013/_mt_svp_simple_013_001_result/_cs_svp_simple_013_001_global_var1_rwr_mt_svp_simple_013_001.c line 736 function main thread 0
----------------------------------------------------
  __cs_thread_index=1 (001)

State 294 file /home/dell/zyworkspace/nichecker/Experiment/remarks2.1_LA_Slicing_PPR/svp_simple_013/_mt_svp_simple_013_001_result/_cs_svp_simple_013_001_global_var1_rwr_mt_svp_simple_013_001.c line 738 function main thread 0
----------------------------------------------------
  __cs_pc_cs[1l]=5 (101)

State 299 file /home/dell/zyworkspace/nichecker/Experiment/remarks2.1_LA_Slicing_PPR/svp_simple_013/_mt_svp_simple_013_001_result/_cs_svp_simple_013_001_global_var1_rwr_mt_svp_simple_013_001.c line 744 function main thread 0
----------------------------------------------------
  __cs_param_main_task_arg=NULL (0000000000000000000000000000000000000000000000000000000000000000)

State 304 file /home/dell/zyworkspace/nichecker/Experiment/remarks2.1_LA_Slicing_PPR/svp_simple_013/_mt_svp_simple_013_001_result/_cs_svp_simple_013_001_global_var1_rwr_mt_svp_simple_013_001.c line 309 function main_task_0 thread 0
----------------------------------------------------
  __cs_local_main_task_i=100 (00000000000000000000000001100100)

State 305 file /home/dell/zyworkspace/nichecker/Experiment/remarks2.1_LA_Slicing_PPR/svp_simple_013/_mt_svp_simple_013_001_result/_cs_svp_simple_013_001_global_var1_rwr_mt_svp_simple_013_001.c line 315 function main_task_0 thread 0
----------------------------------------------------
  __cs_local_main_task_t_1=1 (00000000000000000000000000000001)

State 308 file /home/dell/zyworkspace/nichecker/Experiment/remarks2.1_LA_Slicing_PPR/svp_simple_013/_mt_svp_simple_013_001_result/_cs_svp_simple_013_001_global_var1_rwr_mt_svp_simple_013_001.c line 323 function main_task_0 thread 0
----------------------------------------------------
  __cs_pc[1l]=4 (100)

State 315 file /home/dell/zyworkspace/nichecker/Experiment/remarks2.1_LA_Slicing_PPR/svp_simple_013/_mt_svp_simple_013_001_result/_cs_svp_simple_013_001_global_var1_rwr_mt_svp_simple_013_001.c line 406 function main_task_0 thread 0
----------------------------------------------------
  __cs_local_main_task_reader2=1 (00000000000000000000000000000001)

State 316 file /home/dell/zyworkspace/nichecker/Experiment/remarks2.1_LA_Slicing_PPR/svp_simple_013/_mt_svp_simple_013_001_result/_cs_svp_simple_013_001_global_var1_rwr_mt_svp_simple_013_001.c line 408 function main_task_0 thread 0
----------------------------------------------------
  rwr_r3=1 (00000000000000000000000000000001)

Violated property:
  file /home/dell/zyworkspace/nichecker/Experiment/remarks2.1_LA_Slicing_PPR/svp_simple_013/_mt_svp_simple_013_001_result/_cs_svp_simple_013_001_global_var1_rwr_mt_svp_simple_013_001.c line 410 function main_task_0
  assertion rwr_r3 == rwr_tmp1
  rwr_r3 == rwr_tmp1


** 1 of 3 failed (2 iterations)
VERIFICATION FAILED
