2024-06-03 21:09:28
SVPCheck: True	LoopAbstraction: True	LabelReduction: True	Slice: True	

SVPCheck var: svp_simple_013_001_global_var1	pattern: rwr
--------------------------Run start-------------------------------
inliner
slice
LoopAbstraction
unroller
insertLabel
lazyseq
feeder  0.295
[91mUNSAFE[0m, counterexample: 1, time: 4.080 s, memory: 32.29 MB
--------------------------Run end---------------------------------
SVPCheck var: svp_simple_013_001_global_var2	pattern: rwr
--------------------------Run start-------------------------------
inliner
slice
LoopAbstraction
unroller
insertLabel
lazyseq
feeder  0.222
[92mSAFE[0m, counterexample: 0, time: 3.830 s, memory: 30.55 MB
--------------------------Run end---------------------------------
cbmcTimeSum: 0.517
modulesTimeSum: 7.91
