CBMC version 5.6 64-bit x86_64 linux
Parsing /home/dell/zyworkspace/nichecker/Experiment/remarks2.1_LA/svp_simple_013/_mt_svp_simple_013_001_result/_cs_svp_simple_013_001_global_var1_rwr_mt_svp_simple_013_001.c
<command-line>: warning: "__STDC_VERSION__" redefined
<built-in>: note: this is the location of the previous definition
Converting
Type-checking _cs_svp_simple_013_001_global_var1_rwr_mt_svp_simple_013_001
file /home/dell/zyworkspace/nichecker/Experiment/remarks2.1_LA/svp_simple_013/_mt_svp_simple_013_001_result/_cs_svp_simple_013_001_global_var1_rwr_mt_svp_simple_013_001.c line 288 function main_task_0: function `assert' is not declared
Generating GOTO Program
Adding CPROVER library (x86_64)
Removal of function pointers and virtual functions
Partial Inlining
Generic Property Instrumentation
Starting Bounded Model Checking
**** WARNING: no body for function enable_isr
**** WARNING: no body for function disable_isr
size of program expression: 1490 steps
simple slicing removed 52 assignments
Generated 8 VCC(s), 6 remaining after simplification
Passing problem to propositional reduction
converting SSA
Running propositional reduction
Post-processing
Solving with MiniSAT 2.2.1 with simplifier
8962 variables, 28506 clauses
SAT checker: instance is SATISFIABLE
Solving with MiniSAT 2.2.1 with simplifier
8962 variables, 12105 clauses
SAT checker: instance is UNSATISFIABLE
Runtime decision procedure: 0.054s

** Results:
[main_task_0.assertion.1] assertion rwr_r1 == rwr_tmp1: SUCCESS
[main_task_0.assertion.2] assertion rwr_r2 == rwr_tmp1: SUCCESS
[main_task_0.assertion.3] assertion rwr_r3 == rwr_tmp1: FAILURE

Trace for main_task_0.assertion.3:

State 79 file /home/dell/zyworkspace/nichecker/Experiment/remarks2.1_LA/svp_simple_013/_mt_svp_simple_013_001_result/_cs_svp_simple_013_001_global_var1_rwr_mt_svp_simple_013_001.c line 984 function main thread 0
----------------------------------------------------
  __cs_tmp_t1_r0=4 (100)

State 81 file /home/dell/zyworkspace/nichecker/Experiment/remarks2.1_LA/svp_simple_013/_mt_svp_simple_013_001_result/_cs_svp_simple_013_001_global_var1_rwr_mt_svp_simple_013_001.c line 988 function main thread 0
----------------------------------------------------
  __cs_thread_index=1 (001)

State 82 file /home/dell/zyworkspace/nichecker/Experiment/remarks2.1_LA/svp_simple_013/_mt_svp_simple_013_001_result/_cs_svp_simple_013_001_global_var1_rwr_mt_svp_simple_013_001.c line 990 function main thread 0
----------------------------------------------------
  __cs_pc_cs[1l]=4 (100)

State 87 file /home/dell/zyworkspace/nichecker/Experiment/remarks2.1_LA/svp_simple_013/_mt_svp_simple_013_001_result/_cs_svp_simple_013_001_global_var1_rwr_mt_svp_simple_013_001.c line 996 function main thread 0
----------------------------------------------------
  __cs_param_main_task_arg=NULL (0000000000000000000000000000000000000000000000000000000000000000)

State 92 file /home/dell/zyworkspace/nichecker/Experiment/remarks2.1_LA/svp_simple_013/_mt_svp_simple_013_001_result/_cs_svp_simple_013_001_global_var1_rwr_mt_svp_simple_013_001.c line 191 function main_task_0 thread 0
----------------------------------------------------
  __cs_disable_thread[2l]=0 (0)

State 93 file /home/dell/zyworkspace/nichecker/Experiment/remarks2.1_LA/svp_simple_013/_mt_svp_simple_013_001_result/_cs_svp_simple_013_001_global_var1_rwr_mt_svp_simple_013_001.c line 194 function main_task_0 thread 0
----------------------------------------------------
  __cs_disable_thread[3l]=0 (0)

State 94 file /home/dell/zyworkspace/nichecker/Experiment/remarks2.1_LA/svp_simple_013/_mt_svp_simple_013_001_result/_cs_svp_simple_013_001_global_var1_rwr_mt_svp_simple_013_001.c line 197 function main_task_0 thread 0
----------------------------------------------------
  __cs_disable_thread[4l]=0 (0)

State 95 file /home/dell/zyworkspace/nichecker/Experiment/remarks2.1_LA/svp_simple_013/_mt_svp_simple_013_001_result/_cs_svp_simple_013_001_global_var1_rwr_mt_svp_simple_013_001.c line 200 function main_task_0 thread 0
----------------------------------------------------
  __cs_disable_thread[0l]=0 (0)

State 99 file /home/dell/zyworkspace/nichecker/Experiment/remarks2.1_LA/svp_simple_013/_mt_svp_simple_013_001_result/_cs_svp_simple_013_001_global_var1_rwr_mt_svp_simple_013_001.c line 210 function main_task_0 thread 0
----------------------------------------------------
  __cs_disable_thread[3l]=1 (1)

State 103 file /home/dell/zyworkspace/nichecker/Experiment/remarks2.1_LA/svp_simple_013/_mt_svp_simple_013_001_result/_cs_svp_simple_013_001_global_var1_rwr_mt_svp_simple_013_001.c line 217 function main_task_0 thread 0
----------------------------------------------------
  __cs_disable_thread[4l]=1 (1)

State 104 file /home/dell/zyworkspace/nichecker/Experiment/remarks2.1_LA/svp_simple_013/_mt_svp_simple_013_001_result/_cs_svp_simple_013_001_global_var1_rwr_mt_svp_simple_013_001.c line 233 function main_task_0 thread 0
----------------------------------------------------
  __cs_local_main_task_i=0 (00000000000000000000000000000000)

State 105 file /home/dell/zyworkspace/nichecker/Experiment/remarks2.1_LA/svp_simple_013/_mt_svp_simple_013_001_result/_cs_svp_simple_013_001_global_var1_rwr_mt_svp_simple_013_001.c line 241 function main_task_0 thread 0
----------------------------------------------------
  __cs_local_main_task_t=0 (00000000000000000000000000000000)

State 107 file /home/dell/zyworkspace/nichecker/Experiment/remarks2.1_LA/svp_simple_013/_mt_svp_simple_013_001_result/_cs_svp_simple_013_001_global_var1_rwr_mt_svp_simple_013_001.c line 259 function main_task_0 thread 0
----------------------------------------------------
  __cs_local_main_task_loop_1_IOVar1=0 (00000000000000000000000000000000)

State 108 file /home/dell/zyworkspace/nichecker/Experiment/remarks2.1_LA/svp_simple_013/_mt_svp_simple_013_001_result/_cs_svp_simple_013_001_global_var1_rwr_mt_svp_simple_013_001.c line 262 function main_task_0 thread 0
----------------------------------------------------
  __cs_local_main_task_loop_1_block_2=98 (00000000000000000000000001100010)

State 109 file /home/dell/zyworkspace/nichecker/Experiment/remarks2.1_LA/svp_simple_013/_mt_svp_simple_013_001_result/_cs_svp_simple_013_001_global_var1_rwr_mt_svp_simple_013_001.c line 265 function main_task_0 thread 0
----------------------------------------------------
  __cs_local_main_task_i=98 (00000000000000000000000001100010)

State 112 file /home/dell/zyworkspace/nichecker/Experiment/remarks2.1_LA/svp_simple_013/_mt_svp_simple_013_001_result/_cs_svp_simple_013_001_global_var1_rwr_mt_svp_simple_013_001.c line 275 function main_task_0 thread 0
----------------------------------------------------
  __cs_local_main_task___cs_tmp_if_cond_0=FALSE (00000000)

State 115 file /home/dell/zyworkspace/nichecker/Experiment/remarks2.1_LA/svp_simple_013/_mt_svp_simple_013_001_result/_cs_svp_simple_013_001_global_var1_rwr_mt_svp_simple_013_001.c line 303 function main_task_0 thread 0
----------------------------------------------------
  __cs_local_main_task_i=99 (00000000000000000000000001100011)

State 116 file /home/dell/zyworkspace/nichecker/Experiment/remarks2.1_LA/svp_simple_013/_mt_svp_simple_013_001_result/_cs_svp_simple_013_001_global_var1_rwr_mt_svp_simple_013_001.c line 309 function main_task_0 thread 0
----------------------------------------------------
  __cs_local_main_task_t=1 (00000000000000000000000000000001)

State 118 file /home/dell/zyworkspace/nichecker/Experiment/remarks2.1_LA/svp_simple_013/_mt_svp_simple_013_001_result/_cs_svp_simple_013_001_global_var1_rwr_mt_svp_simple_013_001.c line 327 function main_task_0 thread 0
----------------------------------------------------
  __cs_local_main_task_loop_1_IOVar1=99 (00000000000000000000000001100011)

State 119 file /home/dell/zyworkspace/nichecker/Experiment/remarks2.1_LA/svp_simple_013/_mt_svp_simple_013_001_result/_cs_svp_simple_013_001_global_var1_rwr_mt_svp_simple_013_001.c line 330 function main_task_0 thread 0
----------------------------------------------------
  __cs_local_main_task_loop_1_block_2=0 (00000000000000000000000000000000)

State 120 file /home/dell/zyworkspace/nichecker/Experiment/remarks2.1_LA/svp_simple_013/_mt_svp_simple_013_001_result/_cs_svp_simple_013_001_global_var1_rwr_mt_svp_simple_013_001.c line 333 function main_task_0 thread 0
----------------------------------------------------
  __cs_local_main_task_i=99 (00000000000000000000000001100011)

State 123 file /home/dell/zyworkspace/nichecker/Experiment/remarks2.1_LA/svp_simple_013/_mt_svp_simple_013_001_result/_cs_svp_simple_013_001_global_var1_rwr_mt_svp_simple_013_001.c line 343 function main_task_0 thread 0
----------------------------------------------------
  __cs_local_main_task___cs_tmp_if_cond_0=TRUE (00000001)

State 126 file /home/dell/zyworkspace/nichecker/Experiment/remarks2.1_LA/svp_simple_013/_mt_svp_simple_013_001_result/_cs_svp_simple_013_001_global_var1_rwr_mt_svp_simple_013_001.c line 352 function main_task_0 thread 0
----------------------------------------------------
  __cs_local_main_task_reader1=0 (00000000000000000000000000000000)

State 127 file /home/dell/zyworkspace/nichecker/Experiment/remarks2.1_LA/svp_simple_013/_mt_svp_simple_013_001_result/_cs_svp_simple_013_001_global_var1_rwr_mt_svp_simple_013_001.c line 354 function main_task_0 thread 0
----------------------------------------------------
  rwr_r2=0 (00000000000000000000000000000000)

State 129 file /home/dell/zyworkspace/nichecker/Experiment/remarks2.1_LA/svp_simple_013/_mt_svp_simple_013_001_result/_cs_svp_simple_013_001_global_var1_rwr_mt_svp_simple_013_001.c line 358 function main_task_0 thread 0
----------------------------------------------------
  rwr_tmp1_num=1 (00000000000000000000000000000001)

State 130 file /home/dell/zyworkspace/nichecker/Experiment/remarks2.1_LA/svp_simple_013/_mt_svp_simple_013_001_result/_cs_svp_simple_013_001_global_var1_rwr_mt_svp_simple_013_001.c line 359 function main_task_0 thread 0
----------------------------------------------------
  rwr_tmp1=0 (00000000000000000000000000000000)

State 132 file /home/dell/zyworkspace/nichecker/Experiment/remarks2.1_LA/svp_simple_013/_mt_svp_simple_013_001_result/_cs_svp_simple_013_001_global_var1_rwr_mt_svp_simple_013_001.c line 371 function main_task_0 thread 0
----------------------------------------------------
  __cs_local_main_task_i=100 (00000000000000000000000001100100)

State 133 file /home/dell/zyworkspace/nichecker/Experiment/remarks2.1_LA/svp_simple_013/_mt_svp_simple_013_001_result/_cs_svp_simple_013_001_global_var1_rwr_mt_svp_simple_013_001.c line 377 function main_task_0 thread 0
----------------------------------------------------
  __cs_local_main_task_t=2 (00000000000000000000000000000010)

State 134 file /home/dell/zyworkspace/nichecker/Experiment/remarks2.1_LA/svp_simple_013/_mt_svp_simple_013_001_result/_cs_svp_simple_013_001_global_var1_rwr_mt_svp_simple_013_001.c line 381 function main_task_0 thread 0
----------------------------------------------------
  __cs_loop_1=FALSE (00000000)

State 144 file /home/dell/zyworkspace/nichecker/Experiment/remarks2.1_LA/svp_simple_013/_mt_svp_simple_013_001_result/_cs_svp_simple_013_001_global_var1_rwr_mt_svp_simple_013_001.c line 432 function main_task_0 thread 0
----------------------------------------------------
  __cs_value_ptr=NULL (0000000000000000000000000000000000000000000000000000000000000000)

State 149 file /home/dell/zyworkspace/nichecker/Experiment/remarks2.1_LA/svp_simple_013/_mt_svp_simple_013_001_result/_cs_svp_simple_013_001_global_var1_rwr_mt_svp_simple_013_001.c line 998 function main thread 0
----------------------------------------------------
  __cs_pc[1l]=4 (100)

State 150 file /home/dell/zyworkspace/nichecker/Experiment/remarks2.1_LA/svp_simple_013/_mt_svp_simple_013_001_result/_cs_svp_simple_013_001_global_var1_rwr_mt_svp_simple_013_001.c line 1004 function main thread 0
----------------------------------------------------
  __cs_tmp_t2_r0=3 (11)

State 157 file /home/dell/zyworkspace/nichecker/Experiment/remarks2.1_LA/svp_simple_013/_mt_svp_simple_013_001_result/_cs_svp_simple_013_001_global_var1_rwr_mt_svp_simple_013_001.c line 1009 function main thread 0
----------------------------------------------------
  __cs_thread_index=2 (010)

State 158 file /home/dell/zyworkspace/nichecker/Experiment/remarks2.1_LA/svp_simple_013/_mt_svp_simple_013_001_result/_cs_svp_simple_013_001_global_var1_rwr_mt_svp_simple_013_001.c line 1011 function main thread 0
----------------------------------------------------
  __cs_pc_cs[2l]=3 (011)

State 163 file /home/dell/zyworkspace/nichecker/Experiment/remarks2.1_LA/svp_simple_013/_mt_svp_simple_013_001_result/_cs_svp_simple_013_001_global_var1_rwr_mt_svp_simple_013_001.c line 1017 function main thread 0
----------------------------------------------------
  __cs_param_svp_simple_013_001_isr_1_arg=NULL (0000000000000000000000000000000000000000000000000000000000000000)

State 165 file /home/dell/zyworkspace/nichecker/Experiment/remarks2.1_LA/svp_simple_013/_mt_svp_simple_013_001_result/_cs_svp_simple_013_001_global_var1_rwr_mt_svp_simple_013_001.c line 445 function svp_simple_013_001_isr_1_0 thread 0
----------------------------------------------------
  __cs_local_svp_simple_013_001_isr_1_i=0 (00000000000000000000000000000000)

State 166 file /home/dell/zyworkspace/nichecker/Experiment/remarks2.1_LA/svp_simple_013/_mt_svp_simple_013_001_result/_cs_svp_simple_013_001_global_var1_rwr_mt_svp_simple_013_001.c line 447 function svp_simple_013_001_isr_1_0 thread 0
----------------------------------------------------
  __cs_local_svp_simple_013_001_isr_1_i=0 (00000000000000000000000000000000)

State 167 file /home/dell/zyworkspace/nichecker/Experiment/remarks2.1_LA/svp_simple_013/_mt_svp_simple_013_001_result/_cs_svp_simple_013_001_global_var1_rwr_mt_svp_simple_013_001.c line 454 function svp_simple_013_001_isr_1_0 thread 0
----------------------------------------------------
  __cs_local_svp_simple_013_001_isr_1_t=0 (00000000000000000000000000000000)

State 169 file /home/dell/zyworkspace/nichecker/Experiment/remarks2.1_LA/svp_simple_013/_mt_svp_simple_013_001_result/_cs_svp_simple_013_001_global_var1_rwr_mt_svp_simple_013_001.c line 472 function svp_simple_013_001_isr_1_0 thread 0
----------------------------------------------------
  __cs_local_svp_simple_013_001_isr_1_loop_2_IOVar1=0 (00000000000000000000000000000000)

State 170 file /home/dell/zyworkspace/nichecker/Experiment/remarks2.1_LA/svp_simple_013/_mt_svp_simple_013_001_result/_cs_svp_simple_013_001_global_var1_rwr_mt_svp_simple_013_001.c line 474 function svp_simple_013_001_isr_1_0 thread 0
----------------------------------------------------
  __cs_local_svp_simple_013_001_isr_1_loop_2_block_1=100 (00000000000000000000000001100100)

State 171 file /home/dell/zyworkspace/nichecker/Experiment/remarks2.1_LA/svp_simple_013/_mt_svp_simple_013_001_result/_cs_svp_simple_013_001_global_var1_rwr_mt_svp_simple_013_001.c line 476 function svp_simple_013_001_isr_1_0 thread 0
----------------------------------------------------
  __cs_local_svp_simple_013_001_isr_1_i=100 (00000000000000000000000001100100)

State 174 file /home/dell/zyworkspace/nichecker/Experiment/remarks2.1_LA/svp_simple_013/_mt_svp_simple_013_001_result/_cs_svp_simple_013_001_global_var1_rwr_mt_svp_simple_013_001.c line 487 function svp_simple_013_001_isr_1_0 thread 0
----------------------------------------------------
  __cs_local_svp_simple_013_001_isr_1_i=101 (00000000000000000000000001100101)

State 175 file /home/dell/zyworkspace/nichecker/Experiment/remarks2.1_LA/svp_simple_013/_mt_svp_simple_013_001_result/_cs_svp_simple_013_001_global_var1_rwr_mt_svp_simple_013_001.c line 492 function svp_simple_013_001_isr_1_0 thread 0
----------------------------------------------------
  __cs_local_svp_simple_013_001_isr_1_t=1 (00000000000000000000000000000001)

State 178 file /home/dell/zyworkspace/nichecker/Experiment/remarks2.1_LA/svp_simple_013/_mt_svp_simple_013_001_result/_cs_svp_simple_013_001_global_var1_rwr_mt_svp_simple_013_001.c line 499 function svp_simple_013_001_isr_1_0 thread 0
----------------------------------------------------
  __cs_pc[2l]=1 (001)

State 186 file /home/dell/zyworkspace/nichecker/Experiment/remarks2.1_LA/svp_simple_013/_mt_svp_simple_013_001_result/_cs_svp_simple_013_001_global_var1_rwr_mt_svp_simple_013_001.c line 553 function svp_simple_013_001_isr_1_0 thread 0
----------------------------------------------------
  __cs_disable_thread[3l]=0 (0)

State 187 file /home/dell/zyworkspace/nichecker/Experiment/remarks2.1_LA/svp_simple_013/_mt_svp_simple_013_001_result/_cs_svp_simple_013_001_global_var1_rwr_mt_svp_simple_013_001.c line 560 function svp_simple_013_001_isr_1_0 thread 0
----------------------------------------------------
  __cs_local_svp_simple_013_001_isr_1_i=0 (00000000000000000000000000000000)

State 188 file /home/dell/zyworkspace/nichecker/Experiment/remarks2.1_LA/svp_simple_013/_mt_svp_simple_013_001_result/_cs_svp_simple_013_001_global_var1_rwr_mt_svp_simple_013_001.c line 562 function svp_simple_013_001_isr_1_0 thread 0
----------------------------------------------------
  __cs_local_svp_simple_013_001_isr_1_i=0 (00000000000000000000000000000000)

State 189 file /home/dell/zyworkspace/nichecker/Experiment/remarks2.1_LA/svp_simple_013/_mt_svp_simple_013_001_result/_cs_svp_simple_013_001_global_var1_rwr_mt_svp_simple_013_001.c line 569 function svp_simple_013_001_isr_1_0 thread 0
----------------------------------------------------
  __cs_local_svp_simple_013_001_isr_1_t=0 (00000000000000000000000000000000)

State 191 file /home/dell/zyworkspace/nichecker/Experiment/remarks2.1_LA/svp_simple_013/_mt_svp_simple_013_001_result/_cs_svp_simple_013_001_global_var1_rwr_mt_svp_simple_013_001.c line 587 function svp_simple_013_001_isr_1_0 thread 0
----------------------------------------------------
  __cs_local_svp_simple_013_001_isr_1_loop_3_IOVar1=0 (00000000000000000000000000000000)

State 192 file /home/dell/zyworkspace/nichecker/Experiment/remarks2.1_LA/svp_simple_013/_mt_svp_simple_013_001_result/_cs_svp_simple_013_001_global_var1_rwr_mt_svp_simple_013_001.c line 589 function svp_simple_013_001_isr_1_0 thread 0
----------------------------------------------------
  __cs_local_svp_simple_013_001_isr_1_loop_3_block_1=100 (00000000000000000000000001100100)

State 193 file /home/dell/zyworkspace/nichecker/Experiment/remarks2.1_LA/svp_simple_013/_mt_svp_simple_013_001_result/_cs_svp_simple_013_001_global_var1_rwr_mt_svp_simple_013_001.c line 591 function svp_simple_013_001_isr_1_0 thread 0
----------------------------------------------------
  __cs_local_svp_simple_013_001_isr_1_i=100 (00000000000000000000000001100100)

State 196 file /home/dell/zyworkspace/nichecker/Experiment/remarks2.1_LA/svp_simple_013/_mt_svp_simple_013_001_result/_cs_svp_simple_013_001_global_var1_rwr_mt_svp_simple_013_001.c line 602 function svp_simple_013_001_isr_1_0 thread 0
----------------------------------------------------
  __cs_local_svp_simple_013_001_isr_1_i=101 (00000000000000000000000001100101)

State 197 file /home/dell/zyworkspace/nichecker/Experiment/remarks2.1_LA/svp_simple_013/_mt_svp_simple_013_001_result/_cs_svp_simple_013_001_global_var1_rwr_mt_svp_simple_013_001.c line 607 function svp_simple_013_001_isr_1_0 thread 0
----------------------------------------------------
  __cs_local_svp_simple_013_001_isr_1_t=1 (00000000000000000000000000000001)

State 200 file /home/dell/zyworkspace/nichecker/Experiment/remarks2.1_LA/svp_simple_013/_mt_svp_simple_013_001_result/_cs_svp_simple_013_001_global_var1_rwr_mt_svp_simple_013_001.c line 614 function svp_simple_013_001_isr_1_0 thread 0
----------------------------------------------------
  __cs_pc[2l]=2 (010)

State 208 file /home/dell/zyworkspace/nichecker/Experiment/remarks2.1_LA/svp_simple_013/_mt_svp_simple_013_001_result/_cs_svp_simple_013_001_global_var1_rwr_mt_svp_simple_013_001.c line 675 function svp_simple_013_001_isr_1_0 thread 0
----------------------------------------------------
  __cs_value_ptr=NULL (0000000000000000000000000000000000000000000000000000000000000000)

State 213 file /home/dell/zyworkspace/nichecker/Experiment/remarks2.1_LA/svp_simple_013/_mt_svp_simple_013_001_result/_cs_svp_simple_013_001_global_var1_rwr_mt_svp_simple_013_001.c line 1019 function main thread 0
----------------------------------------------------
  __cs_pc[2l]=3 (011)

State 214 file /home/dell/zyworkspace/nichecker/Experiment/remarks2.1_LA/svp_simple_013/_mt_svp_simple_013_001_result/_cs_svp_simple_013_001_global_var1_rwr_mt_svp_simple_013_001.c line 1025 function main thread 0
----------------------------------------------------
  __cs_tmp_t3_r0=5 (101)

State 216 file /home/dell/zyworkspace/nichecker/Experiment/remarks2.1_LA/svp_simple_013/_mt_svp_simple_013_001_result/_cs_svp_simple_013_001_global_var1_rwr_mt_svp_simple_013_001.c line 1030 function main thread 0
----------------------------------------------------
  __cs_thread_index=3 (011)

State 217 file /home/dell/zyworkspace/nichecker/Experiment/remarks2.1_LA/svp_simple_013/_mt_svp_simple_013_001_result/_cs_svp_simple_013_001_global_var1_rwr_mt_svp_simple_013_001.c line 1032 function main thread 0
----------------------------------------------------
  __cs_pc_cs[3l]=5 (101)

State 222 file /home/dell/zyworkspace/nichecker/Experiment/remarks2.1_LA/svp_simple_013/_mt_svp_simple_013_001_result/_cs_svp_simple_013_001_global_var1_rwr_mt_svp_simple_013_001.c line 1038 function main thread 0
----------------------------------------------------
  __cs_param_svp_simple_013_001_isr_2_arg=NULL (0000000000000000000000000000000000000000000000000000000000000000)

State 224 file /home/dell/zyworkspace/nichecker/Experiment/remarks2.1_LA/svp_simple_013/_mt_svp_simple_013_001_result/_cs_svp_simple_013_001_global_var1_rwr_mt_svp_simple_013_001.c line 688 function svp_simple_013_001_isr_2_0 thread 0
----------------------------------------------------
  __cs_local_svp_simple_013_001_isr_2_i=0 (00000000000000000000000000000000)

State 225 file /home/dell/zyworkspace/nichecker/Experiment/remarks2.1_LA/svp_simple_013/_mt_svp_simple_013_001_result/_cs_svp_simple_013_001_global_var1_rwr_mt_svp_simple_013_001.c line 690 function svp_simple_013_001_isr_2_0 thread 0
----------------------------------------------------
  __cs_local_svp_simple_013_001_isr_2_i=0 (00000000000000000000000000000000)

State 226 file /home/dell/zyworkspace/nichecker/Experiment/remarks2.1_LA/svp_simple_013/_mt_svp_simple_013_001_result/_cs_svp_simple_013_001_global_var1_rwr_mt_svp_simple_013_001.c line 697 function svp_simple_013_001_isr_2_0 thread 0
----------------------------------------------------
  __cs_local_svp_simple_013_001_isr_2_t=0 (00000000000000000000000000000000)

State 228 file /home/dell/zyworkspace/nichecker/Experiment/remarks2.1_LA/svp_simple_013/_mt_svp_simple_013_001_result/_cs_svp_simple_013_001_global_var1_rwr_mt_svp_simple_013_001.c line 715 function svp_simple_013_001_isr_2_0 thread 0
----------------------------------------------------
  __cs_local_svp_simple_013_001_isr_2_loop_4_IOVar1=0 (00000000000000000000000000000000)

State 229 file /home/dell/zyworkspace/nichecker/Experiment/remarks2.1_LA/svp_simple_013/_mt_svp_simple_013_001_result/_cs_svp_simple_013_001_global_var1_rwr_mt_svp_simple_013_001.c line 717 function svp_simple_013_001_isr_2_0 thread 0
----------------------------------------------------
  __cs_local_svp_simple_013_001_isr_2_loop_4_block_1=100 (00000000000000000000000001100100)

State 230 file /home/dell/zyworkspace/nichecker/Experiment/remarks2.1_LA/svp_simple_013/_mt_svp_simple_013_001_result/_cs_svp_simple_013_001_global_var1_rwr_mt_svp_simple_013_001.c line 719 function svp_simple_013_001_isr_2_0 thread 0
----------------------------------------------------
  __cs_local_svp_simple_013_001_isr_2_i=100 (00000000000000000000000001100100)

State 233 file /home/dell/zyworkspace/nichecker/Experiment/remarks2.1_LA/svp_simple_013/_mt_svp_simple_013_001_result/_cs_svp_simple_013_001_global_var1_rwr_mt_svp_simple_013_001.c line 730 function svp_simple_013_001_isr_2_0 thread 0
----------------------------------------------------
  __cs_local_svp_simple_013_001_isr_2_i=101 (00000000000000000000000001100101)

State 234 file /home/dell/zyworkspace/nichecker/Experiment/remarks2.1_LA/svp_simple_013/_mt_svp_simple_013_001_result/_cs_svp_simple_013_001_global_var1_rwr_mt_svp_simple_013_001.c line 735 function svp_simple_013_001_isr_2_0 thread 0
----------------------------------------------------
  __cs_local_svp_simple_013_001_isr_2_t=1 (00000000000000000000000000000001)

State 237 file /home/dell/zyworkspace/nichecker/Experiment/remarks2.1_LA/svp_simple_013/_mt_svp_simple_013_001_result/_cs_svp_simple_013_001_global_var1_rwr_mt_svp_simple_013_001.c line 742 function svp_simple_013_001_isr_2_0 thread 0
----------------------------------------------------
  __cs_pc[3l]=1 (001)

State 243 file /home/dell/zyworkspace/nichecker/Experiment/remarks2.1_LA/svp_simple_013/_mt_svp_simple_013_001_result/_cs_svp_simple_013_001_global_var1_rwr_mt_svp_simple_013_001.c line 796 function svp_simple_013_001_isr_2_0 thread 0
----------------------------------------------------
  svp_simple_013_001_global_flag1=1 (00000000000000000000000000000001)

State 245 file /home/dell/zyworkspace/nichecker/Experiment/remarks2.1_LA/svp_simple_013/_mt_svp_simple_013_001_result/_cs_svp_simple_013_001_global_var1_rwr_mt_svp_simple_013_001.c line 800 function svp_simple_013_001_isr_2_0 thread 0
----------------------------------------------------
  svp_simple_013_001_global_flag2=0 (00000000000000000000000000000000)

State 249 file /home/dell/zyworkspace/nichecker/Experiment/remarks2.1_LA/svp_simple_013/_mt_svp_simple_013_001_result/_cs_svp_simple_013_001_global_var1_rwr_mt_svp_simple_013_001.c line 804 function svp_simple_013_001_isr_2_0 thread 0
----------------------------------------------------
  __cs_disable_thread[4l]=0 (0)

State 250 file /home/dell/zyworkspace/nichecker/Experiment/remarks2.1_LA/svp_simple_013/_mt_svp_simple_013_001_result/_cs_svp_simple_013_001_global_var1_rwr_mt_svp_simple_013_001.c line 811 function svp_simple_013_001_isr_2_0 thread 0
----------------------------------------------------
  __cs_local_svp_simple_013_001_isr_2_i=0 (00000000000000000000000000000000)

State 251 file /home/dell/zyworkspace/nichecker/Experiment/remarks2.1_LA/svp_simple_013/_mt_svp_simple_013_001_result/_cs_svp_simple_013_001_global_var1_rwr_mt_svp_simple_013_001.c line 813 function svp_simple_013_001_isr_2_0 thread 0
----------------------------------------------------
  __cs_local_svp_simple_013_001_isr_2_i=0 (00000000000000000000000000000000)

State 252 file /home/dell/zyworkspace/nichecker/Experiment/remarks2.1_LA/svp_simple_013/_mt_svp_simple_013_001_result/_cs_svp_simple_013_001_global_var1_rwr_mt_svp_simple_013_001.c line 820 function svp_simple_013_001_isr_2_0 thread 0
----------------------------------------------------
  __cs_local_svp_simple_013_001_isr_2_t=0 (00000000000000000000000000000000)

State 254 file /home/dell/zyworkspace/nichecker/Experiment/remarks2.1_LA/svp_simple_013/_mt_svp_simple_013_001_result/_cs_svp_simple_013_001_global_var1_rwr_mt_svp_simple_013_001.c line 838 function svp_simple_013_001_isr_2_0 thread 0
----------------------------------------------------
  __cs_local_svp_simple_013_001_isr_2_loop_5_IOVar1=0 (00000000000000000000000000000000)

State 255 file /home/dell/zyworkspace/nichecker/Experiment/remarks2.1_LA/svp_simple_013/_mt_svp_simple_013_001_result/_cs_svp_simple_013_001_global_var1_rwr_mt_svp_simple_013_001.c line 840 function svp_simple_013_001_isr_2_0 thread 0
----------------------------------------------------
  __cs_local_svp_simple_013_001_isr_2_loop_5_block_1=100 (00000000000000000000000001100100)

State 256 file /home/dell/zyworkspace/nichecker/Experiment/remarks2.1_LA/svp_simple_013/_mt_svp_simple_013_001_result/_cs_svp_simple_013_001_global_var1_rwr_mt_svp_simple_013_001.c line 842 function svp_simple_013_001_isr_2_0 thread 0
----------------------------------------------------
  __cs_local_svp_simple_013_001_isr_2_i=100 (00000000000000000000000001100100)

State 259 file /home/dell/zyworkspace/nichecker/Experiment/remarks2.1_LA/svp_simple_013/_mt_svp_simple_013_001_result/_cs_svp_simple_013_001_global_var1_rwr_mt_svp_simple_013_001.c line 853 function svp_simple_013_001_isr_2_0 thread 0
----------------------------------------------------
  __cs_local_svp_simple_013_001_isr_2_i=101 (00000000000000000000000001100101)

State 260 file /home/dell/zyworkspace/nichecker/Experiment/remarks2.1_LA/svp_simple_013/_mt_svp_simple_013_001_result/_cs_svp_simple_013_001_global_var1_rwr_mt_svp_simple_013_001.c line 858 function svp_simple_013_001_isr_2_0 thread 0
----------------------------------------------------
  __cs_local_svp_simple_013_001_isr_2_t=1 (00000000000000000000000000000001)

State 263 file /home/dell/zyworkspace/nichecker/Experiment/remarks2.1_LA/svp_simple_013/_mt_svp_simple_013_001_result/_cs_svp_simple_013_001_global_var1_rwr_mt_svp_simple_013_001.c line 865 function svp_simple_013_001_isr_2_0 thread 0
----------------------------------------------------
  __cs_pc[3l]=4 (100)

State 271 file /home/dell/zyworkspace/nichecker/Experiment/remarks2.1_LA/svp_simple_013/_mt_svp_simple_013_001_result/_cs_svp_simple_013_001_global_var1_rwr_mt_svp_simple_013_001.c line 926 function svp_simple_013_001_isr_2_0 thread 0
----------------------------------------------------
  __cs_value_ptr=NULL (0000000000000000000000000000000000000000000000000000000000000000)

State 276 file /home/dell/zyworkspace/nichecker/Experiment/remarks2.1_LA/svp_simple_013/_mt_svp_simple_013_001_result/_cs_svp_simple_013_001_global_var1_rwr_mt_svp_simple_013_001.c line 1040 function main thread 0
----------------------------------------------------
  __cs_pc[3l]=5 (101)

State 277 file /home/dell/zyworkspace/nichecker/Experiment/remarks2.1_LA/svp_simple_013/_mt_svp_simple_013_001_result/_cs_svp_simple_013_001_global_var1_rwr_mt_svp_simple_013_001.c line 1046 function main thread 0
----------------------------------------------------
  __cs_tmp_t4_r0=1 (1)

State 279 file /home/dell/zyworkspace/nichecker/Experiment/remarks2.1_LA/svp_simple_013/_mt_svp_simple_013_001_result/_cs_svp_simple_013_001_global_var1_rwr_mt_svp_simple_013_001.c line 1051 function main thread 0
----------------------------------------------------
  __cs_thread_index=4 (100)

State 280 file /home/dell/zyworkspace/nichecker/Experiment/remarks2.1_LA/svp_simple_013/_mt_svp_simple_013_001_result/_cs_svp_simple_013_001_global_var1_rwr_mt_svp_simple_013_001.c line 1053 function main thread 0
----------------------------------------------------
  __cs_pc_cs[4l]=1 (001)

State 285 file /home/dell/zyworkspace/nichecker/Experiment/remarks2.1_LA/svp_simple_013/_mt_svp_simple_013_001_result/_cs_svp_simple_013_001_global_var1_rwr_mt_svp_simple_013_001.c line 1059 function main thread 0
----------------------------------------------------
  __cs_param_svp_simple_013_001_isr_3_arg=NULL (0000000000000000000000000000000000000000000000000000000000000000)

State 287 file /home/dell/zyworkspace/nichecker/Experiment/remarks2.1_LA/svp_simple_013/_mt_svp_simple_013_001_result/_cs_svp_simple_013_001_global_var1_rwr_mt_svp_simple_013_001.c line 938 function svp_simple_013_001_isr_3_0 thread 0
----------------------------------------------------
  __cs_local_svp_simple_013_001_isr_3___cs_tmp_if_cond_1=TRUE (00000001)

State 289 file /home/dell/zyworkspace/nichecker/Experiment/remarks2.1_LA/svp_simple_013/_mt_svp_simple_013_001_result/_cs_svp_simple_013_001_global_var1_rwr_mt_svp_simple_013_001.c line 943 function svp_simple_013_001_isr_3_0 thread 0
----------------------------------------------------
  svp_simple_013_001_global_var1=1 (00000000000000000000000000000001)

State 290 file /home/dell/zyworkspace/nichecker/Experiment/remarks2.1_LA/svp_simple_013/_mt_svp_simple_013_001_result/_cs_svp_simple_013_001_global_var1_rwr_mt_svp_simple_013_001.c line 951 function svp_simple_013_001_isr_3_0 thread 0
----------------------------------------------------
  __cs_local_svp_simple_013_001_isr_3___cs_tmp_if_cond_2=FALSE (00000000)

State 295 file /home/dell/zyworkspace/nichecker/Experiment/remarks2.1_LA/svp_simple_013/_mt_svp_simple_013_001_result/_cs_svp_simple_013_001_global_var1_rwr_mt_svp_simple_013_001.c line 972 function svp_simple_013_001_isr_3_0 thread 0
----------------------------------------------------
  __cs_value_ptr=NULL (0000000000000000000000000000000000000000000000000000000000000000)

State 300 file /home/dell/zyworkspace/nichecker/Experiment/remarks2.1_LA/svp_simple_013/_mt_svp_simple_013_001_result/_cs_svp_simple_013_001_global_var1_rwr_mt_svp_simple_013_001.c line 1061 function main thread 0
----------------------------------------------------
  __cs_pc[4l]=1 (001)

State 301 file /home/dell/zyworkspace/nichecker/Experiment/remarks2.1_LA/svp_simple_013/_mt_svp_simple_013_001_result/_cs_svp_simple_013_001_global_var1_rwr_mt_svp_simple_013_001.c line 1071 function main thread 0
----------------------------------------------------
  __cs_tmp_t1_r1=5 (101)

State 311 file /home/dell/zyworkspace/nichecker/Experiment/remarks2.1_LA/svp_simple_013/_mt_svp_simple_013_001_result/_cs_svp_simple_013_001_global_var1_rwr_mt_svp_simple_013_001.c line 1076 function main thread 0
----------------------------------------------------
  __cs_thread_index=1 (001)

State 312 file /home/dell/zyworkspace/nichecker/Experiment/remarks2.1_LA/svp_simple_013/_mt_svp_simple_013_001_result/_cs_svp_simple_013_001_global_var1_rwr_mt_svp_simple_013_001.c line 1078 function main thread 0
----------------------------------------------------
  __cs_pc_cs[1l]=5 (101)

State 317 file /home/dell/zyworkspace/nichecker/Experiment/remarks2.1_LA/svp_simple_013/_mt_svp_simple_013_001_result/_cs_svp_simple_013_001_global_var1_rwr_mt_svp_simple_013_001.c line 1084 function main thread 0
----------------------------------------------------
  __cs_param_main_task_arg=NULL (0000000000000000000000000000000000000000000000000000000000000000)

State 323 file /home/dell/zyworkspace/nichecker/Experiment/remarks2.1_LA/svp_simple_013/_mt_svp_simple_013_001_result/_cs_svp_simple_013_001_global_var1_rwr_mt_svp_simple_013_001.c line 402 function main_task_0 thread 0
----------------------------------------------------
  __cs_local_main_task_reader2=1 (00000000000000000000000000000001)

State 324 file /home/dell/zyworkspace/nichecker/Experiment/remarks2.1_LA/svp_simple_013/_mt_svp_simple_013_001_result/_cs_svp_simple_013_001_global_var1_rwr_mt_svp_simple_013_001.c line 404 function main_task_0 thread 0
----------------------------------------------------
  rwr_r3=1 (00000000000000000000000000000001)

Violated property:
  file /home/dell/zyworkspace/nichecker/Experiment/remarks2.1_LA/svp_simple_013/_mt_svp_simple_013_001_result/_cs_svp_simple_013_001_global_var1_rwr_mt_svp_simple_013_001.c line 406 function main_task_0
  assertion rwr_r3 == rwr_tmp1
  rwr_r3 == rwr_tmp1


** 1 of 3 failed (2 iterations)
VERIFICATION FAILED
