2023-10-15 16:47:55
SVPCheck: True	LoopAbstraction: True	LabelReduction: False	Slice: False	

SVPCheck var: svp_simple_013_001_global_var1	pattern: rwr
--------------------------Run start-------------------------------
inliner
slice
LoopAbstraction
unroller
insertLabel
lazyseq
feeder  0.310
[91mUNSAFE[0m, counterexample: 1, time: 2.155 s, memory: 34.06 MB
--------------------------Run end---------------------------------
SVPCheck var: svp_simple_013_001_global_var2	pattern: rwr
--------------------------Run start-------------------------------
inliner
slice
LoopAbstraction
unroller
insertLabel
lazyseq
feeder  0.306
[92mSAFE[0m, counterexample: 0, time: 2.154 s, memory: 33.77 MB
--------------------------Run end---------------------------------
cbmcTimeSum: 0.616
modulesTimeSum: 4.309
