CBMC version 5.6 64-bit x86_64 linux
Parsing /home/dell/zyworkspace/nichecker/Experiment/remarks2.1_LA_PPR/svp_simple_011/_mt_svp_simple_011_001_result/_cs_svp_simple_011_001_u_wrw_mt_svp_simple_011_001.c
<command-line>: warning: "__STDC_VERSION__" redefined
<built-in>: note: this is the location of the previous definition
Converting
Type-checking _cs_svp_simple_011_001_u_wrw_mt_svp_simple_011_001
file /home/dell/zyworkspace/nichecker/Experiment/remarks2.1_LA_PPR/svp_simple_011/_mt_svp_simple_011_001_result/_cs_svp_simple_011_001_u_wrw_mt_svp_simple_011_001.c line 245 function main_task_0: function `assert' is not declared
Generating GOTO Program
Adding CPROVER library (x86_64)
Removal of function pointers and virtual functions
Partial Inlining
Generic Property Instrumentation
Starting Bounded Model Checking
**** WARNING: no body for function enable_isr
size of program expression: 425 steps
simple slicing removed 33 assignments
Generated 5 VCC(s), 4 remaining after simplification
Passing problem to propositional reduction
converting SSA
warning: ignoring array
  * type: array
      * size: constant
          * type: signedbv
              * width: 64
              * #c_type: signed_long_int
          * value: 0000000000000000000000000000000000000000000000000000000000000000
      * #source_location: 
        * file: /home/dell/zyworkspace/nichecker/Experiment/remarks2.1_LA_PPR/svp_simple_011/_mt_svp_simple_011_001_result/_cs_svp_simple_011_001_u_wrw_mt_svp_simple_011_001.c
        * line: 108
        * working_directory: /home/dell/zyworkspace/nichecker/Cseq
      0: pointer
          * #source_location: 
            * file: /home/dell/zyworkspace/nichecker/Experiment/remarks2.1_LA_PPR/svp_simple_011/_mt_svp_simple_011_001_result/_cs_svp_simple_011_001_u_wrw_mt_svp_simple_011_001.c
            * line: 108
            * working_directory: /home/dell/zyworkspace/nichecker/Cseq
          0: signedbv
              * width: 32
              * #c_type: signed_int
  * #source_location: 
    * file: /home/dell/zyworkspace/nichecker/Experiment/remarks2.1_LA_PPR/svp_simple_011/_mt_svp_simple_011_001_result/_cs_svp_simple_011_001_u_wrw_mt_svp_simple_011_001.c
    * line: 108
    * working_directory: /home/dell/zyworkspace/nichecker/Cseq
Running propositional reduction
Post-processing
Solving with MiniSAT 2.2.1 with simplifier
1716 variables, 3522 clauses
SAT checker: instance is SATISFIABLE
Solving with MiniSAT 2.2.1 with simplifier
1716 variables, 102 clauses
SAT checker: instance is UNSATISFIABLE
Runtime decision procedure: 0.007s

** Results:
[main_task_0.assertion.1] assertion wrw_a_svp_simple_011_001_u_1 == 0: SUCCESS
[main_task_0.assertion.2] assertion wrw_a_svp_simple_011_001_u_1 == 0: FAILURE

Trace for main_task_0.assertion.2:

State 43 file /home/dell/zyworkspace/nichecker/Experiment/remarks2.1_LA_PPR/svp_simple_011/_mt_svp_simple_011_001_result/_cs_svp_simple_011_001_u_wrw_mt_svp_simple_011_001.c line 296 function main thread 0
----------------------------------------------------
  __cs_tmp_t1_r0=2 (010)

State 45 file /home/dell/zyworkspace/nichecker/Experiment/remarks2.1_LA_PPR/svp_simple_011/_mt_svp_simple_011_001_result/_cs_svp_simple_011_001_u_wrw_mt_svp_simple_011_001.c line 300 function main thread 0
----------------------------------------------------
  __cs_thread_index=1 (01)

State 46 file /home/dell/zyworkspace/nichecker/Experiment/remarks2.1_LA_PPR/svp_simple_011/_mt_svp_simple_011_001_result/_cs_svp_simple_011_001_u_wrw_mt_svp_simple_011_001.c line 302 function main thread 0
----------------------------------------------------
  __cs_pc_cs[1l]=2 (010)

State 51 file /home/dell/zyworkspace/nichecker/Experiment/remarks2.1_LA_PPR/svp_simple_011/_mt_svp_simple_011_001_result/_cs_svp_simple_011_001_u_wrw_mt_svp_simple_011_001.c line 308 function main thread 0
----------------------------------------------------
  __cs_param_main_task_arg=NULL (0000000000000000000000000000000000000000000000000000000000000000)

State 56 file /home/dell/zyworkspace/nichecker/Experiment/remarks2.1_LA_PPR/svp_simple_011/_mt_svp_simple_011_001_result/_cs_svp_simple_011_001_u_wrw_mt_svp_simple_011_001.c line 216 function main_task_0 thread 0
----------------------------------------------------
  __cs_disable_thread[2l]=0 (0)

State 57 file /home/dell/zyworkspace/nichecker/Experiment/remarks2.1_LA_PPR/svp_simple_011/_mt_svp_simple_011_001_result/_cs_svp_simple_011_001_u_wrw_mt_svp_simple_011_001.c line 219 function main_task_0 thread 0
----------------------------------------------------
  __cs_disable_thread[0l]=0 (0)

State 59 file /home/dell/zyworkspace/nichecker/Experiment/remarks2.1_LA_PPR/svp_simple_011/_mt_svp_simple_011_001_result/_cs_svp_simple_011_001_u_wrw_mt_svp_simple_011_001.c line 230 function main_task_0 thread 0
----------------------------------------------------
  __cs_local_main_task_p=&svp_simple_011_001_global_var1 (0000010000000000000000000000000000000000000000000000000000000000)

State 60 file /home/dell/zyworkspace/nichecker/Experiment/remarks2.1_LA_PPR/svp_simple_011/_mt_svp_simple_011_001_result/_cs_svp_simple_011_001_u_wrw_mt_svp_simple_011_001.c line 234 function main_task_0 thread 0
----------------------------------------------------
  __cs_local_main_task_q=&svp_simple_011_001_global_var1 (0000010000000000000000000000000000000000000000000000000000000000)

State 61 file /home/dell/zyworkspace/nichecker/Experiment/remarks2.1_LA_PPR/svp_simple_011/_mt_svp_simple_011_001_result/_cs_svp_simple_011_001_u_wrw_mt_svp_simple_011_001.c line 237 function main_task_0 thread 0
----------------------------------------------------
  svp_simple_011_001_global_var1=1 (00000000000000000000000000000001)

State 62 file /home/dell/zyworkspace/nichecker/Experiment/remarks2.1_LA_PPR/svp_simple_011/_mt_svp_simple_011_001_result/_cs_svp_simple_011_001_u_wrw_mt_svp_simple_011_001.c line 240 function main_task_0 thread 0
----------------------------------------------------
  svp_simple_011_001_global_var1=2 (00000000000000000000000000000010)

State 63 file /home/dell/zyworkspace/nichecker/Experiment/remarks2.1_LA_PPR/svp_simple_011/_mt_svp_simple_011_001_result/_cs_svp_simple_011_001_u_wrw_mt_svp_simple_011_001.c line 242 function main_task_0 thread 0
----------------------------------------------------
  svp_simple_011_001_u=&svp_simple_011_001_global_var2 (0000001000000000000000000000000000000000000000000000000000000000)

State 65 file /home/dell/zyworkspace/nichecker/Experiment/remarks2.1_LA_PPR/svp_simple_011/_mt_svp_simple_011_001_result/_cs_svp_simple_011_001_u_wrw_mt_svp_simple_011_001.c line 247 function main_task_0 thread 0
----------------------------------------------------
  wrw_a_svp_simple_011_001_u_1_num=1 (00000000000000000000000000000001)

State 66 file /home/dell/zyworkspace/nichecker/Experiment/remarks2.1_LA_PPR/svp_simple_011/_mt_svp_simple_011_001_result/_cs_svp_simple_011_001_u_wrw_mt_svp_simple_011_001.c line 248 function main_task_0 thread 0
----------------------------------------------------
  wrw_a_svp_simple_011_001_u_1=0 (00000000000000000000000000000000)

State 73 file /home/dell/zyworkspace/nichecker/Experiment/remarks2.1_LA_PPR/svp_simple_011/_mt_svp_simple_011_001_result/_cs_svp_simple_011_001_u_wrw_mt_svp_simple_011_001.c line 284 function main_task_0 thread 0
----------------------------------------------------
  __cs_value_ptr=NULL (0000000000000000000000000000000000000000000000000000000000000000)

State 78 file /home/dell/zyworkspace/nichecker/Experiment/remarks2.1_LA_PPR/svp_simple_011/_mt_svp_simple_011_001_result/_cs_svp_simple_011_001_u_wrw_mt_svp_simple_011_001.c line 310 function main thread 0
----------------------------------------------------
  __cs_pc[1l]=2 (010)

State 79 file /home/dell/zyworkspace/nichecker/Experiment/remarks2.1_LA_PPR/svp_simple_011/_mt_svp_simple_011_001_result/_cs_svp_simple_011_001_u_wrw_mt_svp_simple_011_001.c line 316 function main thread 0
----------------------------------------------------
  __cs_tmp_t2_r0=1 (1)

State 81 file /home/dell/zyworkspace/nichecker/Experiment/remarks2.1_LA_PPR/svp_simple_011/_mt_svp_simple_011_001_result/_cs_svp_simple_011_001_u_wrw_mt_svp_simple_011_001.c line 321 function main thread 0
----------------------------------------------------
  __cs_thread_index=2 (10)

State 82 file /home/dell/zyworkspace/nichecker/Experiment/remarks2.1_LA_PPR/svp_simple_011/_mt_svp_simple_011_001_result/_cs_svp_simple_011_001_u_wrw_mt_svp_simple_011_001.c line 323 function main thread 0
----------------------------------------------------
  __cs_pc_cs[2l]=1 (001)

State 87 file /home/dell/zyworkspace/nichecker/Experiment/remarks2.1_LA_PPR/svp_simple_011/_mt_svp_simple_011_001_result/_cs_svp_simple_011_001_u_wrw_mt_svp_simple_011_001.c line 329 function main thread 0
----------------------------------------------------
  __cs_param_svp_simple_011_001_isr_1_arg=NULL (0000000000000000000000000000000000000000000000000000000000000000)

State 89 file /home/dell/zyworkspace/nichecker/Experiment/remarks2.1_LA_PPR/svp_simple_011/_mt_svp_simple_011_001_result/_cs_svp_simple_011_001_u_wrw_mt_svp_simple_011_001.c line 186 function svp_simple_011_001_isr_1_0 thread 0
----------------------------------------------------
  __cs_local_svp_simple_011_001_isr_1_m=&svp_simple_011_001_global_var1 (0000010000000000000000000000000000000000000000000000000000000000)

State 90 file /home/dell/zyworkspace/nichecker/Experiment/remarks2.1_LA_PPR/svp_simple_011/_mt_svp_simple_011_001_result/_cs_svp_simple_011_001_u_wrw_mt_svp_simple_011_001.c line 188 function svp_simple_011_001_isr_1_0 thread 0
----------------------------------------------------
  __cs_local_svp_simple_011_001_isr_1_reader1=2 (00000000000000000000000000000010)

State 91 file /home/dell/zyworkspace/nichecker/Experiment/remarks2.1_LA_PPR/svp_simple_011/_mt_svp_simple_011_001_result/_cs_svp_simple_011_001_u_wrw_mt_svp_simple_011_001.c line 190 function svp_simple_011_001_isr_1_0 thread 0
----------------------------------------------------
  __cs_local_svp_simple_011_001_isr_1_reader2=0 (00000000000000000000000000000000)

State 92 file /home/dell/zyworkspace/nichecker/Experiment/remarks2.1_LA_PPR/svp_simple_011/_mt_svp_simple_011_001_result/_cs_svp_simple_011_001_u_wrw_mt_svp_simple_011_001.c line 192 function svp_simple_011_001_isr_1_0 thread 0
----------------------------------------------------
  wrw_a_svp_simple_011_001_u_1=1 (00000000000000000000000000000001)

State 96 file /home/dell/zyworkspace/nichecker/Experiment/remarks2.1_LA_PPR/svp_simple_011/_mt_svp_simple_011_001_result/_cs_svp_simple_011_001_u_wrw_mt_svp_simple_011_001.c line 204 function svp_simple_011_001_isr_1_0 thread 0
----------------------------------------------------
  __cs_value_ptr=NULL (0000000000000000000000000000000000000000000000000000000000000000)

State 101 file /home/dell/zyworkspace/nichecker/Experiment/remarks2.1_LA_PPR/svp_simple_011/_mt_svp_simple_011_001_result/_cs_svp_simple_011_001_u_wrw_mt_svp_simple_011_001.c line 331 function main thread 0
----------------------------------------------------
  __cs_pc[2l]=1 (001)

State 102 file /home/dell/zyworkspace/nichecker/Experiment/remarks2.1_LA_PPR/svp_simple_011/_mt_svp_simple_011_001_result/_cs_svp_simple_011_001_u_wrw_mt_svp_simple_011_001.c line 341 function main thread 0
----------------------------------------------------
  __cs_tmp_t1_r1=6 (110)

State 104 file /home/dell/zyworkspace/nichecker/Experiment/remarks2.1_LA_PPR/svp_simple_011/_mt_svp_simple_011_001_result/_cs_svp_simple_011_001_u_wrw_mt_svp_simple_011_001.c line 346 function main thread 0
----------------------------------------------------
  __cs_thread_index=1 (01)

State 105 file /home/dell/zyworkspace/nichecker/Experiment/remarks2.1_LA_PPR/svp_simple_011/_mt_svp_simple_011_001_result/_cs_svp_simple_011_001_u_wrw_mt_svp_simple_011_001.c line 348 function main thread 0
----------------------------------------------------
  __cs_pc_cs[1l]=6 (110)

State 110 file /home/dell/zyworkspace/nichecker/Experiment/remarks2.1_LA_PPR/svp_simple_011/_mt_svp_simple_011_001_result/_cs_svp_simple_011_001_u_wrw_mt_svp_simple_011_001.c line 354 function main thread 0
----------------------------------------------------
  __cs_param_main_task_arg=NULL (0000000000000000000000000000000000000000000000000000000000000000)

State 114 file /home/dell/zyworkspace/nichecker/Experiment/remarks2.1_LA_PPR/svp_simple_011/_mt_svp_simple_011_001_result/_cs_svp_simple_011_001_u_wrw_mt_svp_simple_011_001.c line 254 function main_task_0 thread 0
----------------------------------------------------
  svp_simple_011_001_global_var2=1 (00000000000000000000000000000001)

State 116 file /home/dell/zyworkspace/nichecker/Experiment/remarks2.1_LA_PPR/svp_simple_011/_mt_svp_simple_011_001_result/_cs_svp_simple_011_001_u_wrw_mt_svp_simple_011_001.c line 258 function main_task_0 thread 0
----------------------------------------------------
  svp_simple_011_001_u=&svp_simple_011_001_global_var3 (0000001100000000000000000000000000000000000000000000000000000000)

Violated property:
  file /home/dell/zyworkspace/nichecker/Experiment/remarks2.1_LA_PPR/svp_simple_011/_mt_svp_simple_011_001_result/_cs_svp_simple_011_001_u_wrw_mt_svp_simple_011_001.c line 261 function main_task_0
  assertion wrw_a_svp_simple_011_001_u_1 == 0
  wrw_a_svp_simple_011_001_u_1 == 0


** 1 of 2 failed (2 iterations)
VERIFICATION FAILED
