CBMC version 5.6 64-bit x86_64 linux
Parsing /home/dell/zyworkspace/nichecker/Experiment/remarks2.1_LA_Slicing/svp_simple_029/_mt_svp_simple_029_001_result/_cs_svp_simple_029_001_tm_blocks[36]_rww_mt_svp_simple_029_001.c
<command-line>: warning: "__STDC_VERSION__" redefined
<built-in>: note: this is the location of the previous definition
Converting
Type-checking _cs_svp_simple_029_001_tm_blocks[36]_rww_mt_svp_simple_029_001
file /home/dell/zyworkspace/nichecker/Experiment/remarks2.1_LA_Slicing/svp_simple_029/_mt_svp_simple_029_001_result/_cs_svp_simple_029_001_tm_blocks[36]_rww_mt_svp_simple_029_001.c line 380 function main_task_0: function `nondet_rand' is not declared
file /home/dell/zyworkspace/nichecker/Experiment/remarks2.1_LA_Slicing/svp_simple_029/_mt_svp_simple_029_001_result/_cs_svp_simple_029_001_tm_blocks[36]_rww_mt_svp_simple_029_001.c line 521 function main_task_0: function `__cs_init_scalar' is not declared
file /home/dell/zyworkspace/nichecker/Experiment/remarks2.1_LA_Slicing/svp_simple_029/_mt_svp_simple_029_001_result/_cs_svp_simple_029_001_tm_blocks[36]_rww_mt_svp_simple_029_001.c line 659 function main_task_0: function `assert' is not declared
Generating GOTO Program
Adding CPROVER library (x86_64)
Removal of function pointers and virtual functions
Partial Inlining
Generic Property Instrumentation
Starting Bounded Model Checking
**** WARNING: no body for function enable_isr
**** WARNING: no body for function __cs_init_scalar
size of program expression: 1209 steps
simple slicing removed 84 assignments
Generated 3 VCC(s), 3 remaining after simplification
Passing problem to propositional reduction
converting SSA
Running propositional reduction
Post-processing
Solving with MiniSAT 2.2.1 with simplifier
645170 variables, 3344801 clauses
SAT checker: instance is SATISFIABLE
Runtime decision procedure: 3.791s

** Results:
[main_task_0.assertion.1] assertion rww_w1 == rww_r_tmp1: FAILURE

Trace for main_task_0.assertion.1:

State 71 file /home/dell/zyworkspace/nichecker/Experiment/remarks2.1_LA_Slicing/svp_simple_029/_mt_svp_simple_029_001_result/_cs_svp_simple_029_001_tm_blocks[36]_rww_mt_svp_simple_029_001.c line 710 function main thread 0
----------------------------------------------------
  __cs_tmp_t1_r0=3 (0011)

State 73 file /home/dell/zyworkspace/nichecker/Experiment/remarks2.1_LA_Slicing/svp_simple_029/_mt_svp_simple_029_001_result/_cs_svp_simple_029_001_tm_blocks[36]_rww_mt_svp_simple_029_001.c line 714 function main thread 0
----------------------------------------------------
  __cs_thread_index=1 (01)

State 74 file /home/dell/zyworkspace/nichecker/Experiment/remarks2.1_LA_Slicing/svp_simple_029/_mt_svp_simple_029_001_result/_cs_svp_simple_029_001_tm_blocks[36]_rww_mt_svp_simple_029_001.c line 716 function main thread 0
----------------------------------------------------
  __cs_pc_cs[1l]=3 (0011)

State 79 file /home/dell/zyworkspace/nichecker/Experiment/remarks2.1_LA_Slicing/svp_simple_029/_mt_svp_simple_029_001_result/_cs_svp_simple_029_001_tm_blocks[36]_rww_mt_svp_simple_029_001.c line 722 function main thread 0
----------------------------------------------------
  __cs_param_main_task_arg=NULL (0000000000000000000000000000000000000000000000000000000000000000)

State 81 file /home/dell/zyworkspace/nichecker/Experiment/remarks2.1_LA_Slicing/svp_simple_029/_mt_svp_simple_029_001_result/_cs_svp_simple_029_001_tm_blocks[36]_rww_mt_svp_simple_029_001.c line 331 function main_task_0 thread 0
----------------------------------------------------
  __cs_local_main_task_svp_simple_029_001_local_status=1 (00000001)

State 82 file /home/dell/zyworkspace/nichecker/Experiment/remarks2.1_LA_Slicing/svp_simple_029/_mt_svp_simple_029_001_result/_cs_svp_simple_029_001_tm_blocks[36]_rww_mt_svp_simple_029_001.c line 338 function main_task_0 thread 0
----------------------------------------------------
  __cs_local_main_task_i=0 (00000000000000000000000000000000)

State 83 file /home/dell/zyworkspace/nichecker/Experiment/remarks2.1_LA_Slicing/svp_simple_029/_mt_svp_simple_029_001_result/_cs_svp_simple_029_001_tm_blocks[36]_rww_mt_svp_simple_029_001.c line 346 function main_task_0 thread 0
----------------------------------------------------
  __cs_local_main_task_t_1=0 (00000000000000000000000000000000)

State 85 file /home/dell/zyworkspace/nichecker/Experiment/remarks2.1_LA_Slicing/svp_simple_029/_mt_svp_simple_029_001_result/_cs_svp_simple_029_001_tm_blocks[36]_rww_mt_svp_simple_029_001.c line 364 function main_task_0 thread 0
----------------------------------------------------
  __cs_local_main_task_loop_1_IOVar1=0 (00000000000000000000000000000000)

State 86 file /home/dell/zyworkspace/nichecker/Experiment/remarks2.1_LA_Slicing/svp_simple_029/_mt_svp_simple_029_001_result/_cs_svp_simple_029_001_tm_blocks[36]_rww_mt_svp_simple_029_001.c line 367 function main_task_0 thread 0
----------------------------------------------------
  __cs_local_main_task_loop_1_block_1=36 (00000000000000000000000000100100)

State 87 file /home/dell/zyworkspace/nichecker/Experiment/remarks2.1_LA_Slicing/svp_simple_029/_mt_svp_simple_029_001_result/_cs_svp_simple_029_001_tm_blocks[36]_rww_mt_svp_simple_029_001.c line 370 function main_task_0 thread 0
----------------------------------------------------
  __cs_local_main_task_i=36 (00000000000000000000000000100100)

State 93 file /home/dell/zyworkspace/nichecker/Experiment/remarks2.1_LA_Slicing/svp_simple_029/_mt_svp_simple_029_001_result/_cs_svp_simple_029_001_tm_blocks[36]_rww_mt_svp_simple_029_001.c line 380 function main_task_0 thread 0
----------------------------------------------------
  svp_simple_029_001_tm_blocks[36l]=36 (00100100)

State 94 file /home/dell/zyworkspace/nichecker/Experiment/remarks2.1_LA_Slicing/svp_simple_029/_mt_svp_simple_029_001_result/_cs_svp_simple_029_001_tm_blocks[36]_rww_mt_svp_simple_029_001.c line 386 function main_task_0 thread 0
----------------------------------------------------
  __cs_local_main_task_i=37 (00000000000000000000000000100101)

State 95 file /home/dell/zyworkspace/nichecker/Experiment/remarks2.1_LA_Slicing/svp_simple_029/_mt_svp_simple_029_001_result/_cs_svp_simple_029_001_tm_blocks[36]_rww_mt_svp_simple_029_001.c line 392 function main_task_0 thread 0
----------------------------------------------------
  __cs_local_main_task_t_1=1 (00000000000000000000000000000001)

State 97 file /home/dell/zyworkspace/nichecker/Experiment/remarks2.1_LA_Slicing/svp_simple_029/_mt_svp_simple_029_001_result/_cs_svp_simple_029_001_tm_blocks[36]_rww_mt_svp_simple_029_001.c line 410 function main_task_0 thread 0
----------------------------------------------------
  __cs_local_main_task_loop_1_IOVar1=37 (00000000000000000000000000100101)

State 98 file /home/dell/zyworkspace/nichecker/Experiment/remarks2.1_LA_Slicing/svp_simple_029/_mt_svp_simple_029_001_result/_cs_svp_simple_029_001_tm_blocks[36]_rww_mt_svp_simple_029_001.c line 413 function main_task_0 thread 0
----------------------------------------------------
  __cs_local_main_task_loop_1_block_1=4058 (00000000000000000000111111011010)

State 99 file /home/dell/zyworkspace/nichecker/Experiment/remarks2.1_LA_Slicing/svp_simple_029/_mt_svp_simple_029_001_result/_cs_svp_simple_029_001_tm_blocks[36]_rww_mt_svp_simple_029_001.c line 416 function main_task_0 thread 0
----------------------------------------------------
  __cs_local_main_task_i=4095 (00000000000000000000111111111111)

State 105 file /home/dell/zyworkspace/nichecker/Experiment/remarks2.1_LA_Slicing/svp_simple_029/_mt_svp_simple_029_001_result/_cs_svp_simple_029_001_tm_blocks[36]_rww_mt_svp_simple_029_001.c line 426 function main_task_0 thread 0
----------------------------------------------------
  svp_simple_029_001_tm_blocks[4095l]=0 (00000000)

State 106 file /home/dell/zyworkspace/nichecker/Experiment/remarks2.1_LA_Slicing/svp_simple_029/_mt_svp_simple_029_001_result/_cs_svp_simple_029_001_tm_blocks[36]_rww_mt_svp_simple_029_001.c line 432 function main_task_0 thread 0
----------------------------------------------------
  __cs_local_main_task_i=4096 (00000000000000000001000000000000)

State 107 file /home/dell/zyworkspace/nichecker/Experiment/remarks2.1_LA_Slicing/svp_simple_029/_mt_svp_simple_029_001_result/_cs_svp_simple_029_001_tm_blocks[36]_rww_mt_svp_simple_029_001.c line 438 function main_task_0 thread 0
----------------------------------------------------
  __cs_local_main_task_t_1=2 (00000000000000000000000000000010)

State 108 file /home/dell/zyworkspace/nichecker/Experiment/remarks2.1_LA_Slicing/svp_simple_029/_mt_svp_simple_029_001_result/_cs_svp_simple_029_001_tm_blocks[36]_rww_mt_svp_simple_029_001.c line 442 function main_task_0 thread 0
----------------------------------------------------
  __cs_loop_1=FALSE (00000000)

State 122 file /home/dell/zyworkspace/nichecker/Experiment/remarks2.1_LA_Slicing/svp_simple_029/_mt_svp_simple_029_001_result/_cs_svp_simple_029_001_tm_blocks[36]_rww_mt_svp_simple_029_001.c line 698 function main_task_0 thread 0
----------------------------------------------------
  __cs_value_ptr=NULL (0000000000000000000000000000000000000000000000000000000000000000)

State 127 file /home/dell/zyworkspace/nichecker/Experiment/remarks2.1_LA_Slicing/svp_simple_029/_mt_svp_simple_029_001_result/_cs_svp_simple_029_001_tm_blocks[36]_rww_mt_svp_simple_029_001.c line 724 function main thread 0
----------------------------------------------------
  __cs_pc[1l]=3 (0011)

State 128 file /home/dell/zyworkspace/nichecker/Experiment/remarks2.1_LA_Slicing/svp_simple_029/_mt_svp_simple_029_001_result/_cs_svp_simple_029_001_tm_blocks[36]_rww_mt_svp_simple_029_001.c line 730 function main thread 0
----------------------------------------------------
  __cs_tmp_t2_r0=0 (0)

State 130 file /home/dell/zyworkspace/nichecker/Experiment/remarks2.1_LA_Slicing/svp_simple_029/_mt_svp_simple_029_001_result/_cs_svp_simple_029_001_tm_blocks[36]_rww_mt_svp_simple_029_001.c line 735 function main thread 0
----------------------------------------------------
  __cs_thread_index=2 (10)

State 131 file /home/dell/zyworkspace/nichecker/Experiment/remarks2.1_LA_Slicing/svp_simple_029/_mt_svp_simple_029_001_result/_cs_svp_simple_029_001_tm_blocks[36]_rww_mt_svp_simple_029_001.c line 737 function main thread 0
----------------------------------------------------
  __cs_pc_cs[2l]=0 (0000)

State 136 file /home/dell/zyworkspace/nichecker/Experiment/remarks2.1_LA_Slicing/svp_simple_029/_mt_svp_simple_029_001_result/_cs_svp_simple_029_001_tm_blocks[36]_rww_mt_svp_simple_029_001.c line 743 function main thread 0
----------------------------------------------------
  __cs_param_svp_simple_029_001_isr_1_arg=NULL (0000000000000000000000000000000000000000000000000000000000000000)

State 140 file /home/dell/zyworkspace/nichecker/Experiment/remarks2.1_LA_Slicing/svp_simple_029/_mt_svp_simple_029_001_result/_cs_svp_simple_029_001_tm_blocks[36]_rww_mt_svp_simple_029_001.c line 321 function svp_simple_029_001_isr_1_0 thread 0
----------------------------------------------------
  __cs_value_ptr=NULL (0000000000000000000000000000000000000000000000000000000000000000)

State 145 file /home/dell/zyworkspace/nichecker/Experiment/remarks2.1_LA_Slicing/svp_simple_029/_mt_svp_simple_029_001_result/_cs_svp_simple_029_001_tm_blocks[36]_rww_mt_svp_simple_029_001.c line 745 function main thread 0
----------------------------------------------------
  __cs_pc[2l]=0 (0000)

State 146 file /home/dell/zyworkspace/nichecker/Experiment/remarks2.1_LA_Slicing/svp_simple_029/_mt_svp_simple_029_001_result/_cs_svp_simple_029_001_tm_blocks[36]_rww_mt_svp_simple_029_001.c line 755 function main thread 0
----------------------------------------------------
  __cs_tmp_t1_r1=12 (1100)

State 148 file /home/dell/zyworkspace/nichecker/Experiment/remarks2.1_LA_Slicing/svp_simple_029/_mt_svp_simple_029_001_result/_cs_svp_simple_029_001_tm_blocks[36]_rww_mt_svp_simple_029_001.c line 760 function main thread 0
----------------------------------------------------
  __cs_thread_index=1 (01)

State 149 file /home/dell/zyworkspace/nichecker/Experiment/remarks2.1_LA_Slicing/svp_simple_029/_mt_svp_simple_029_001_result/_cs_svp_simple_029_001_tm_blocks[36]_rww_mt_svp_simple_029_001.c line 762 function main thread 0
----------------------------------------------------
  __cs_pc_cs[1l]=12 (1100)

State 154 file /home/dell/zyworkspace/nichecker/Experiment/remarks2.1_LA_Slicing/svp_simple_029/_mt_svp_simple_029_001_result/_cs_svp_simple_029_001_tm_blocks[36]_rww_mt_svp_simple_029_001.c line 768 function main thread 0
----------------------------------------------------
  __cs_param_main_task_arg=NULL (0000000000000000000000000000000000000000000000000000000000000000)

State 165 file /home/dell/zyworkspace/nichecker/Experiment/remarks2.1_LA_Slicing/svp_simple_029/_mt_svp_simple_029_001_result/_cs_svp_simple_029_001_tm_blocks[36]_rww_mt_svp_simple_029_001.c line 464 function main_task_0 thread 0
----------------------------------------------------
  __cs_disable_thread[2l]=0 (0)

State 166 file /home/dell/zyworkspace/nichecker/Experiment/remarks2.1_LA_Slicing/svp_simple_029/_mt_svp_simple_029_001_result/_cs_svp_simple_029_001_tm_blocks[36]_rww_mt_svp_simple_029_001.c line 467 function main_task_0 thread 0
----------------------------------------------------
  __cs_disable_thread[0l]=0 (0)

State 168 file /home/dell/zyworkspace/nichecker/Experiment/remarks2.1_LA_Slicing/svp_simple_029/_mt_svp_simple_029_001_result/_cs_svp_simple_029_001_tm_blocks[36]_rww_mt_svp_simple_029_001.c line 481 function main_task_0 thread 0
----------------------------------------------------
  svp_simple_029_001_ptr_SetTmData=svp_simple_029_001_SetTmData (0000001000000000000000000000000000000000000000000000000000000000)

State 170 file /home/dell/zyworkspace/nichecker/Experiment/remarks2.1_LA_Slicing/svp_simple_029/_mt_svp_simple_029_001_result/_cs_svp_simple_029_001_tm_blocks[36]_rww_mt_svp_simple_029_001.c line 486 function main_task_0 thread 0
----------------------------------------------------
  svp_simple_029_001_ptr_GetTmData=svp_simple_029_001_GetTmData (0000001100000000000000000000000000000000000000000000000000000000)

State 172 file /home/dell/zyworkspace/nichecker/Experiment/remarks2.1_LA_Slicing/svp_simple_029/_mt_svp_simple_029_001_result/_cs_svp_simple_029_001_tm_blocks[36]_rww_mt_svp_simple_029_001.c line 491 function main_task_0 thread 0
----------------------------------------------------
  svp_simple_029_001_ptr_SetSelfCtrlFlag=svp_simple_029_001_SetSelfCtrlFlag (0000010000000000000000000000000000000000000000000000000000000000)

State 173 file /home/dell/zyworkspace/nichecker/Experiment/remarks2.1_LA_Slicing/svp_simple_029/_mt_svp_simple_029_001_result/_cs_svp_simple_029_001_tm_blocks[36]_rww_mt_svp_simple_029_001.c line 499 function main_task_0 thread 0
----------------------------------------------------
  __cs_local_main_task___cs_tmp_if_cond_5=TRUE (00000001)

State 176 file /home/dell/zyworkspace/nichecker/Experiment/remarks2.1_LA_Slicing/svp_simple_029/_mt_svp_simple_029_001_result/_cs_svp_simple_029_001_tm_blocks[36]_rww_mt_svp_simple_029_001.c line 510 function main_task_0 thread 0
----------------------------------------------------
  __cs_local_main_task___cs_tmp_if_cond_6=TRUE (00000001)

State 181 file /home/dell/zyworkspace/nichecker/Experiment/remarks2.1_LA_Slicing/svp_simple_029/_mt_svp_simple_029_001_result/_cs_svp_simple_029_001_tm_blocks[36]_rww_mt_svp_simple_029_001.c line 527 function main_task_0 thread 0
----------------------------------------------------
  __cs_local_main_task___cs_tmp_if_cond_7=TRUE (00000001)

State 183 file /home/dell/zyworkspace/nichecker/Experiment/remarks2.1_LA_Slicing/svp_simple_029/_mt_svp_simple_029_001_result/_cs_svp_simple_029_001_tm_blocks[36]_rww_mt_svp_simple_029_001.c line 534 function main_task_0 thread 0
----------------------------------------------------
  __cs_local_main_task_tmp1=1 (00000001)

State 185 file /home/dell/zyworkspace/nichecker/Experiment/remarks2.1_LA_Slicing/svp_simple_029/_mt_svp_simple_029_001_result/_cs_svp_simple_029_001_tm_blocks[36]_rww_mt_svp_simple_029_001.c line 548 function main_task_0 thread 0
----------------------------------------------------
  __cs_local_main_task_tmp1=1 (00000001)

State 187 file /home/dell/zyworkspace/nichecker/Experiment/remarks2.1_LA_Slicing/svp_simple_029/_mt_svp_simple_029_001_result/_cs_svp_simple_029_001_tm_blocks[36]_rww_mt_svp_simple_029_001.c line 555 function main_task_0 thread 0
----------------------------------------------------
  __cs_local_main_task___cs_tmp_if_cond_8=TRUE (00000001)

State 189 file /home/dell/zyworkspace/nichecker/Experiment/remarks2.1_LA_Slicing/svp_simple_029/_mt_svp_simple_029_001_result/_cs_svp_simple_029_001_tm_blocks[36]_rww_mt_svp_simple_029_001.c line 566 function main_task_0 thread 0
----------------------------------------------------
  __cs_local_main_task_tm_name=36u (00000000000000000000000000100100)

State 191 file /home/dell/zyworkspace/nichecker/Experiment/remarks2.1_LA_Slicing/svp_simple_029/_mt_svp_simple_029_001_result/_cs_svp_simple_029_001_tm_blocks[36]_rww_mt_svp_simple_029_001.c line 571 function main_task_0 thread 0
----------------------------------------------------
  __cs_local_main_task___cs_retval__svp_simple_029_001_GetTmData_0=36 (00100100)

State 193 file /home/dell/zyworkspace/nichecker/Experiment/remarks2.1_LA_Slicing/svp_simple_029/_mt_svp_simple_029_001_result/_cs_svp_simple_029_001_tm_blocks[36]_rww_mt_svp_simple_029_001.c line 574 function main_task_0 thread 0
----------------------------------------------------
  rww_r_tmp1_num=1 (00000000000000000000000000000001)

State 194 file /home/dell/zyworkspace/nichecker/Experiment/remarks2.1_LA_Slicing/svp_simple_029/_mt_svp_simple_029_001_result/_cs_svp_simple_029_001_tm_blocks[36]_rww_mt_svp_simple_029_001.c line 575 function main_task_0 thread 0
----------------------------------------------------
  rww_r_tmp1='$' (00100100)

State 195 file /home/dell/zyworkspace/nichecker/Experiment/remarks2.1_LA_Slicing/svp_simple_029/_mt_svp_simple_029_001_result/_cs_svp_simple_029_001_tm_blocks[36]_rww_mt_svp_simple_029_001.c line 583 function main_task_0 thread 0
----------------------------------------------------
  __cs_local_main_task_ctrl_sts=36 (00100100)

State 198 file /home/dell/zyworkspace/nichecker/Experiment/remarks2.1_LA_Slicing/svp_simple_029/_mt_svp_simple_029_001_result/_cs_svp_simple_029_001_tm_blocks[36]_rww_mt_svp_simple_029_001.c line 595 function main_task_0 thread 0
----------------------------------------------------
  __cs_local_main_task___cs_tmp_if_cond_9=TRUE (00000001)

State 200 file /home/dell/zyworkspace/nichecker/Experiment/remarks2.1_LA_Slicing/svp_simple_029/_mt_svp_simple_029_001_result/_cs_svp_simple_029_001_tm_blocks[36]_rww_mt_svp_simple_029_001.c line 606 function main_task_0 thread 0
----------------------------------------------------
  __cs_local_main_task_tm_name=37u (00000000000000000000000000100101)

State 202 file /home/dell/zyworkspace/nichecker/Experiment/remarks2.1_LA_Slicing/svp_simple_029/_mt_svp_simple_029_001_result/_cs_svp_simple_029_001_tm_blocks[36]_rww_mt_svp_simple_029_001.c line 611 function main_task_0 thread 0
----------------------------------------------------
  __cs_local_main_task___cs_retval__svp_simple_029_001_GetTmData_1=0 (00000000)

State 204 file /home/dell/zyworkspace/nichecker/Experiment/remarks2.1_LA_Slicing/svp_simple_029/_mt_svp_simple_029_001_result/_cs_svp_simple_029_001_tm_blocks[36]_rww_mt_svp_simple_029_001.c line 623 function main_task_0 thread 0
----------------------------------------------------
  __cs_local_main_task_ctrl_sts=36 (00100100)

State 206 file /home/dell/zyworkspace/nichecker/Experiment/remarks2.1_LA_Slicing/svp_simple_029/_mt_svp_simple_029_001_result/_cs_svp_simple_029_001_tm_blocks[36]_rww_mt_svp_simple_029_001.c line 631 function main_task_0 thread 0
----------------------------------------------------
  __cs_local_main_task_ctrl_sts=37 (00100101)

State 211 file /home/dell/zyworkspace/nichecker/Experiment/remarks2.1_LA_Slicing/svp_simple_029/_mt_svp_simple_029_001_result/_cs_svp_simple_029_001_tm_blocks[36]_rww_mt_svp_simple_029_001.c line 698 function main_task_0 thread 0
----------------------------------------------------
  __cs_value_ptr=NULL (0000000000000000000000000000000000000000000000000000000000000000)

State 216 file /home/dell/zyworkspace/nichecker/Experiment/remarks2.1_LA_Slicing/svp_simple_029/_mt_svp_simple_029_001_result/_cs_svp_simple_029_001_tm_blocks[36]_rww_mt_svp_simple_029_001.c line 770 function main thread 0
----------------------------------------------------
  __cs_pc[1l]=12 (1100)

State 217 file /home/dell/zyworkspace/nichecker/Experiment/remarks2.1_LA_Slicing/svp_simple_029/_mt_svp_simple_029_001_result/_cs_svp_simple_029_001_tm_blocks[36]_rww_mt_svp_simple_029_001.c line 776 function main thread 0
----------------------------------------------------
  __cs_tmp_t2_r1=1 (1)

State 219 file /home/dell/zyworkspace/nichecker/Experiment/remarks2.1_LA_Slicing/svp_simple_029/_mt_svp_simple_029_001_result/_cs_svp_simple_029_001_tm_blocks[36]_rww_mt_svp_simple_029_001.c line 781 function main thread 0
----------------------------------------------------
  __cs_thread_index=2 (10)

State 220 file /home/dell/zyworkspace/nichecker/Experiment/remarks2.1_LA_Slicing/svp_simple_029/_mt_svp_simple_029_001_result/_cs_svp_simple_029_001_tm_blocks[36]_rww_mt_svp_simple_029_001.c line 783 function main thread 0
----------------------------------------------------
  __cs_pc_cs[2l]=1 (0001)

State 225 file /home/dell/zyworkspace/nichecker/Experiment/remarks2.1_LA_Slicing/svp_simple_029/_mt_svp_simple_029_001_result/_cs_svp_simple_029_001_tm_blocks[36]_rww_mt_svp_simple_029_001.c line 789 function main thread 0
----------------------------------------------------
  __cs_param_svp_simple_029_001_isr_1_arg=NULL (0000000000000000000000000000000000000000000000000000000000000000)

State 227 file /home/dell/zyworkspace/nichecker/Experiment/remarks2.1_LA_Slicing/svp_simple_029/_mt_svp_simple_029_001_result/_cs_svp_simple_029_001_tm_blocks[36]_rww_mt_svp_simple_029_001.c line 198 function svp_simple_029_001_isr_1_0 thread 0
----------------------------------------------------
  __cs_local_svp_simple_029_001_isr_1___cs_tmp_if_cond_0=FALSE (00000000)

State 229 file /home/dell/zyworkspace/nichecker/Experiment/remarks2.1_LA_Slicing/svp_simple_029/_mt_svp_simple_029_001_result/_cs_svp_simple_029_001_tm_blocks[36]_rww_mt_svp_simple_029_001.c line 258 function svp_simple_029_001_isr_1_0 thread 0
----------------------------------------------------
  svp_simple_029_001_average_adjust_count=0 (00000000)

State 230 file /home/dell/zyworkspace/nichecker/Experiment/remarks2.1_LA_Slicing/svp_simple_029/_mt_svp_simple_029_001_result/_cs_svp_simple_029_001_tm_blocks[36]_rww_mt_svp_simple_029_001.c line 262 function svp_simple_029_001_isr_1_0 thread 0
----------------------------------------------------
  __cs_local_svp_simple_029_001_isr_1___cs_tmp_if_cond_3=TRUE (00000001)

State 232 file /home/dell/zyworkspace/nichecker/Experiment/remarks2.1_LA_Slicing/svp_simple_029/_mt_svp_simple_029_001_result/_cs_svp_simple_029_001_tm_blocks[36]_rww_mt_svp_simple_029_001.c line 271 function svp_simple_029_001_isr_1_0 thread 0
----------------------------------------------------
  __cs_local_svp_simple_029_001_isr_1_tm_data=0 (00000000)

State 233 file /home/dell/zyworkspace/nichecker/Experiment/remarks2.1_LA_Slicing/svp_simple_029/_mt_svp_simple_029_001_result/_cs_svp_simple_029_001_tm_blocks[36]_rww_mt_svp_simple_029_001.c line 273 function svp_simple_029_001_isr_1_0 thread 0
----------------------------------------------------
  svp_simple_029_001_tm_blocks[36l]=0 (00000000)

State 238 file /home/dell/zyworkspace/nichecker/Experiment/remarks2.1_LA_Slicing/svp_simple_029/_mt_svp_simple_029_001_result/_cs_svp_simple_029_001_tm_blocks[36]_rww_mt_svp_simple_029_001.c line 321 function svp_simple_029_001_isr_1_0 thread 0
----------------------------------------------------
  __cs_value_ptr=NULL (0000000000000000000000000000000000000000000000000000000000000000)

State 243 file /home/dell/zyworkspace/nichecker/Experiment/remarks2.1_LA_Slicing/svp_simple_029/_mt_svp_simple_029_001_result/_cs_svp_simple_029_001_tm_blocks[36]_rww_mt_svp_simple_029_001.c line 791 function main thread 0
----------------------------------------------------
  __cs_pc[2l]=1 (0001)

State 244 file /home/dell/zyworkspace/nichecker/Experiment/remarks2.1_LA_Slicing/svp_simple_029/_mt_svp_simple_029_001_result/_cs_svp_simple_029_001_tm_blocks[36]_rww_mt_svp_simple_029_001.c line 795 function main thread 0
----------------------------------------------------
  __cs_tmp_t1_r2=14u (00000000000000000000000000001110)

State 246 file /home/dell/zyworkspace/nichecker/Experiment/remarks2.1_LA_Slicing/svp_simple_029/_mt_svp_simple_029_001_result/_cs_svp_simple_029_001_tm_blocks[36]_rww_mt_svp_simple_029_001.c line 800 function main thread 0
----------------------------------------------------
  __cs_thread_index=1 (01)

State 247 file /home/dell/zyworkspace/nichecker/Experiment/remarks2.1_LA_Slicing/svp_simple_029/_mt_svp_simple_029_001_result/_cs_svp_simple_029_001_tm_blocks[36]_rww_mt_svp_simple_029_001.c line 802 function main thread 0
----------------------------------------------------
  __cs_pc_cs[1l]=14 (1110)

State 252 file /home/dell/zyworkspace/nichecker/Experiment/remarks2.1_LA_Slicing/svp_simple_029/_mt_svp_simple_029_001_result/_cs_svp_simple_029_001_tm_blocks[36]_rww_mt_svp_simple_029_001.c line 808 function main thread 0
----------------------------------------------------
  __cs_param_main_task_arg=NULL (0000000000000000000000000000000000000000000000000000000000000000)

State 266 file /home/dell/zyworkspace/nichecker/Experiment/remarks2.1_LA_Slicing/svp_simple_029/_mt_svp_simple_029_001_result/_cs_svp_simple_029_001_tm_blocks[36]_rww_mt_svp_simple_029_001.c line 638 function main_task_0 thread 0
----------------------------------------------------
  __cs_local_main_task___cs_tmp_if_cond_10=TRUE (00000001)

State 268 file /home/dell/zyworkspace/nichecker/Experiment/remarks2.1_LA_Slicing/svp_simple_029/_mt_svp_simple_029_001_result/_cs_svp_simple_029_001_tm_blocks[36]_rww_mt_svp_simple_029_001.c line 647 function main_task_0 thread 0
----------------------------------------------------
  __cs_local_main_task_tm_name=36u (00000000000000000000000000100100)

State 269 file /home/dell/zyworkspace/nichecker/Experiment/remarks2.1_LA_Slicing/svp_simple_029/_mt_svp_simple_029_001_result/_cs_svp_simple_029_001_tm_blocks[36]_rww_mt_svp_simple_029_001.c line 651 function main_task_0 thread 0
----------------------------------------------------
  __cs_local_main_task_tm_data=37 (00100101)

State 272 file /home/dell/zyworkspace/nichecker/Experiment/remarks2.1_LA_Slicing/svp_simple_029/_mt_svp_simple_029_001_result/_cs_svp_simple_029_001_tm_blocks[36]_rww_mt_svp_simple_029_001.c line 657 function main_task_0 thread 0
----------------------------------------------------
  rww_w1=0 (00000000)

Violated property:
  file /home/dell/zyworkspace/nichecker/Experiment/remarks2.1_LA_Slicing/svp_simple_029/_mt_svp_simple_029_001_result/_cs_svp_simple_029_001_tm_blocks[36]_rww_mt_svp_simple_029_001.c line 659 function main_task_0
  assertion rww_w1 == rww_r_tmp1
  rww_w1 == rww_r_tmp1


** 1 of 1 failed (1 iteration)
VERIFICATION FAILED
