CBMC version 5.6 64-bit x86_64 linux
Parsing /home/dell/zyworkspace/nichecker/Experiment/remarks2.1_LA/svp_simple_020/_mt_svp_simple_020_001_result/_cs_svp_simple_020_001_global_para_rwr_mt_svp_simple_020_001.c
<command-line>: warning: "__STDC_VERSION__" redefined
<built-in>: note: this is the location of the previous definition
Converting
Type-checking _cs_svp_simple_020_001_global_para_rwr_mt_svp_simple_020_001
file /home/dell/zyworkspace/nichecker/Experiment/remarks2.1_LA/svp_simple_020/_mt_svp_simple_020_001_result/_cs_svp_simple_020_001_global_para_rwr_mt_svp_simple_020_001.c line 215 function main_task_0: function `nondet_rand' is not declared
file /home/dell/zyworkspace/nichecker/Experiment/remarks2.1_LA/svp_simple_020/_mt_svp_simple_020_001_result/_cs_svp_simple_020_001_global_para_rwr_mt_svp_simple_020_001.c line 229 function main_task_0: function `assert' is not declared
Generating GOTO Program
Adding CPROVER library (x86_64)
Removal of function pointers and virtual functions
Partial Inlining
Generic Property Instrumentation
Starting Bounded Model Checking
**** WARNING: no body for function enable_isr
**** WARNING: no body for function disable_isr
size of program expression: 658 steps
simple slicing removed 52 assignments
Generated 5 VCC(s), 4 remaining after simplification
Passing problem to propositional reduction
converting SSA
Running propositional reduction
Post-processing
Solving with MiniSAT 2.2.1 with simplifier
2504 variables, 6586 clauses
SAT checker: instance is SATISFIABLE
Solving with MiniSAT 2.2.1 with simplifier
2504 variables, 2862 clauses
SAT checker: instance is UNSATISFIABLE
Runtime decision procedure: 0.018s

** Results:
[main_task_0.assertion.1] assertion rwr_r1 == rwr_tmp1: SUCCESS
[main_task_0.assertion.2] assertion rwr_r2 == rwr_tmp1: FAILURE

Trace for main_task_0.assertion.2:

State 49 file /home/dell/zyworkspace/nichecker/Experiment/remarks2.1_LA/svp_simple_020/_mt_svp_simple_020_001_result/_cs_svp_simple_020_001_global_para_rwr_mt_svp_simple_020_001.c line 365 function main thread 0
----------------------------------------------------
  __cs_tmp_t1_r0=1 (001)

State 51 file /home/dell/zyworkspace/nichecker/Experiment/remarks2.1_LA/svp_simple_020/_mt_svp_simple_020_001_result/_cs_svp_simple_020_001_global_para_rwr_mt_svp_simple_020_001.c line 369 function main thread 0
----------------------------------------------------
  __cs_thread_index=1 (001)

State 52 file /home/dell/zyworkspace/nichecker/Experiment/remarks2.1_LA/svp_simple_020/_mt_svp_simple_020_001_result/_cs_svp_simple_020_001_global_para_rwr_mt_svp_simple_020_001.c line 371 function main thread 0
----------------------------------------------------
  __cs_pc_cs[1l]=1 (001)

State 57 file /home/dell/zyworkspace/nichecker/Experiment/remarks2.1_LA/svp_simple_020/_mt_svp_simple_020_001_result/_cs_svp_simple_020_001_global_para_rwr_mt_svp_simple_020_001.c line 377 function main thread 0
----------------------------------------------------
  __cs_param_main_task_arg=NULL (0000000000000000000000000000000000000000000000000000000000000000)

State 62 file /home/dell/zyworkspace/nichecker/Experiment/remarks2.1_LA/svp_simple_020/_mt_svp_simple_020_001_result/_cs_svp_simple_020_001_global_para_rwr_mt_svp_simple_020_001.c line 186 function main_task_0 thread 0
----------------------------------------------------
  __cs_disable_thread[3l]=0 (0)

State 63 file /home/dell/zyworkspace/nichecker/Experiment/remarks2.1_LA/svp_simple_020/_mt_svp_simple_020_001_result/_cs_svp_simple_020_001_global_para_rwr_mt_svp_simple_020_001.c line 189 function main_task_0 thread 0
----------------------------------------------------
  __cs_disable_thread[2l]=0 (0)

State 64 file /home/dell/zyworkspace/nichecker/Experiment/remarks2.1_LA/svp_simple_020/_mt_svp_simple_020_001_result/_cs_svp_simple_020_001_global_para_rwr_mt_svp_simple_020_001.c line 192 function main_task_0 thread 0
----------------------------------------------------
  __cs_disable_thread[0l]=0 (0)

State 68 file /home/dell/zyworkspace/nichecker/Experiment/remarks2.1_LA/svp_simple_020/_mt_svp_simple_020_001_result/_cs_svp_simple_020_001_global_para_rwr_mt_svp_simple_020_001.c line 202 function main_task_0 thread 0
----------------------------------------------------
  __cs_disable_thread[3l]=1 (1)

State 69 file /home/dell/zyworkspace/nichecker/Experiment/remarks2.1_LA/svp_simple_020/_mt_svp_simple_020_001_result/_cs_svp_simple_020_001_global_para_rwr_mt_svp_simple_020_001.c line 215 function main_task_0 thread 0
----------------------------------------------------
  __cs_local_main_task_svp_simple_020_001_local_var1=-2147483573 (10000000000000000000000001001011)

State 70 file /home/dell/zyworkspace/nichecker/Experiment/remarks2.1_LA/svp_simple_020/_mt_svp_simple_020_001_result/_cs_svp_simple_020_001_global_para_rwr_mt_svp_simple_020_001.c line 218 function main_task_0 thread 0
----------------------------------------------------
  __cs_local_main_task_svp_simple_020_001_local_var2=0 (00000000000000000000000000000000)

State 77 file /home/dell/zyworkspace/nichecker/Experiment/remarks2.1_LA/svp_simple_020/_mt_svp_simple_020_001_result/_cs_svp_simple_020_001_global_para_rwr_mt_svp_simple_020_001.c line 288 function main_task_0 thread 0
----------------------------------------------------
  __cs_value_ptr=NULL (0000000000000000000000000000000000000000000000000000000000000000)

State 82 file /home/dell/zyworkspace/nichecker/Experiment/remarks2.1_LA/svp_simple_020/_mt_svp_simple_020_001_result/_cs_svp_simple_020_001_global_para_rwr_mt_svp_simple_020_001.c line 379 function main thread 0
----------------------------------------------------
  __cs_pc[1l]=1 (001)

State 83 file /home/dell/zyworkspace/nichecker/Experiment/remarks2.1_LA/svp_simple_020/_mt_svp_simple_020_001_result/_cs_svp_simple_020_001_global_para_rwr_mt_svp_simple_020_001.c line 385 function main thread 0
----------------------------------------------------
  __cs_tmp_t2_r0=2 (10)

State 85 file /home/dell/zyworkspace/nichecker/Experiment/remarks2.1_LA/svp_simple_020/_mt_svp_simple_020_001_result/_cs_svp_simple_020_001_global_para_rwr_mt_svp_simple_020_001.c line 390 function main thread 0
----------------------------------------------------
  __cs_thread_index=2 (010)

State 86 file /home/dell/zyworkspace/nichecker/Experiment/remarks2.1_LA/svp_simple_020/_mt_svp_simple_020_001_result/_cs_svp_simple_020_001_global_para_rwr_mt_svp_simple_020_001.c line 392 function main thread 0
----------------------------------------------------
  __cs_pc_cs[2l]=2 (010)

State 91 file /home/dell/zyworkspace/nichecker/Experiment/remarks2.1_LA/svp_simple_020/_mt_svp_simple_020_001_result/_cs_svp_simple_020_001_global_para_rwr_mt_svp_simple_020_001.c line 398 function main thread 0
----------------------------------------------------
  __cs_param_svp_simple_020_001_isr_1_arg=NULL (0000000000000000000000000000000000000000000000000000000000000000)

State 93 file /home/dell/zyworkspace/nichecker/Experiment/remarks2.1_LA/svp_simple_020/_mt_svp_simple_020_001_result/_cs_svp_simple_020_001_global_para_rwr_mt_svp_simple_020_001.c line 298 function svp_simple_020_001_isr_1_0 thread 0
----------------------------------------------------
  svp_simple_020_001_global_var=1 (00000000000000000000000000000001)

State 95 file /home/dell/zyworkspace/nichecker/Experiment/remarks2.1_LA/svp_simple_020/_mt_svp_simple_020_001_result/_cs_svp_simple_020_001_global_para_rwr_mt_svp_simple_020_001.c line 302 function svp_simple_020_001_isr_1_0 thread 0
----------------------------------------------------
  svp_simple_020_001_global_flag=1 (00000000000000000000000000000001)

State 99 file /home/dell/zyworkspace/nichecker/Experiment/remarks2.1_LA/svp_simple_020/_mt_svp_simple_020_001_result/_cs_svp_simple_020_001_global_para_rwr_mt_svp_simple_020_001.c line 306 function svp_simple_020_001_isr_1_0 thread 0
----------------------------------------------------
  __cs_disable_thread[3l]=0 (0)

State 103 file /home/dell/zyworkspace/nichecker/Experiment/remarks2.1_LA/svp_simple_020/_mt_svp_simple_020_001_result/_cs_svp_simple_020_001_global_para_rwr_mt_svp_simple_020_001.c line 319 function svp_simple_020_001_isr_1_0 thread 0
----------------------------------------------------
  __cs_value_ptr=NULL (0000000000000000000000000000000000000000000000000000000000000000)

State 108 file /home/dell/zyworkspace/nichecker/Experiment/remarks2.1_LA/svp_simple_020/_mt_svp_simple_020_001_result/_cs_svp_simple_020_001_global_para_rwr_mt_svp_simple_020_001.c line 400 function main thread 0
----------------------------------------------------
  __cs_pc[2l]=2 (010)

State 109 file /home/dell/zyworkspace/nichecker/Experiment/remarks2.1_LA/svp_simple_020/_mt_svp_simple_020_001_result/_cs_svp_simple_020_001_global_para_rwr_mt_svp_simple_020_001.c line 406 function main thread 0
----------------------------------------------------
  __cs_tmp_t3_r0=0 (0)

State 111 file /home/dell/zyworkspace/nichecker/Experiment/remarks2.1_LA/svp_simple_020/_mt_svp_simple_020_001_result/_cs_svp_simple_020_001_global_para_rwr_mt_svp_simple_020_001.c line 411 function main thread 0
----------------------------------------------------
  __cs_thread_index=3 (011)

State 112 file /home/dell/zyworkspace/nichecker/Experiment/remarks2.1_LA/svp_simple_020/_mt_svp_simple_020_001_result/_cs_svp_simple_020_001_global_para_rwr_mt_svp_simple_020_001.c line 413 function main thread 0
----------------------------------------------------
  __cs_pc_cs[3l]=0 (000)

State 117 file /home/dell/zyworkspace/nichecker/Experiment/remarks2.1_LA/svp_simple_020/_mt_svp_simple_020_001_result/_cs_svp_simple_020_001_global_para_rwr_mt_svp_simple_020_001.c line 419 function main thread 0
----------------------------------------------------
  __cs_param_svp_simple_020_001_isr_2_arg=NULL (0000000000000000000000000000000000000000000000000000000000000000)

State 121 file /home/dell/zyworkspace/nichecker/Experiment/remarks2.1_LA/svp_simple_020/_mt_svp_simple_020_001_result/_cs_svp_simple_020_001_global_para_rwr_mt_svp_simple_020_001.c line 353 function svp_simple_020_001_isr_2_0 thread 0
----------------------------------------------------
  __cs_value_ptr=NULL (0000000000000000000000000000000000000000000000000000000000000000)

State 126 file /home/dell/zyworkspace/nichecker/Experiment/remarks2.1_LA/svp_simple_020/_mt_svp_simple_020_001_result/_cs_svp_simple_020_001_global_para_rwr_mt_svp_simple_020_001.c line 421 function main thread 0
----------------------------------------------------
  __cs_pc[3l]=0 (000)

State 127 file /home/dell/zyworkspace/nichecker/Experiment/remarks2.1_LA/svp_simple_020/_mt_svp_simple_020_001_result/_cs_svp_simple_020_001_global_para_rwr_mt_svp_simple_020_001.c line 431 function main thread 0
----------------------------------------------------
  __cs_tmp_t1_r1=3 (011)

State 133 file /home/dell/zyworkspace/nichecker/Experiment/remarks2.1_LA/svp_simple_020/_mt_svp_simple_020_001_result/_cs_svp_simple_020_001_global_para_rwr_mt_svp_simple_020_001.c line 436 function main thread 0
----------------------------------------------------
  __cs_thread_index=1 (001)

State 134 file /home/dell/zyworkspace/nichecker/Experiment/remarks2.1_LA/svp_simple_020/_mt_svp_simple_020_001_result/_cs_svp_simple_020_001_global_para_rwr_mt_svp_simple_020_001.c line 438 function main thread 0
----------------------------------------------------
  __cs_pc_cs[1l]=3 (011)

State 139 file /home/dell/zyworkspace/nichecker/Experiment/remarks2.1_LA/svp_simple_020/_mt_svp_simple_020_001_result/_cs_svp_simple_020_001_global_para_rwr_mt_svp_simple_020_001.c line 444 function main thread 0
----------------------------------------------------
  __cs_param_main_task_arg=NULL (0000000000000000000000000000000000000000000000000000000000000000)

State 142 file /home/dell/zyworkspace/nichecker/Experiment/remarks2.1_LA/svp_simple_020/_mt_svp_simple_020_001_result/_cs_svp_simple_020_001_global_para_rwr_mt_svp_simple_020_001.c line 225 function main_task_0 thread 0
----------------------------------------------------
  __cs_local_main_task___cs_tmp_if_cond_0=FALSE (00000000)

State 143 file /home/dell/zyworkspace/nichecker/Experiment/remarks2.1_LA/svp_simple_020/_mt_svp_simple_020_001_result/_cs_svp_simple_020_001_global_para_rwr_mt_svp_simple_020_001.c line 227 function main_task_0 thread 0
----------------------------------------------------
  rwr_r1=0 (00000000000000000000000000000000)

State 145 file /home/dell/zyworkspace/nichecker/Experiment/remarks2.1_LA/svp_simple_020/_mt_svp_simple_020_001_result/_cs_svp_simple_020_001_global_para_rwr_mt_svp_simple_020_001.c line 231 function main_task_0 thread 0
----------------------------------------------------
  rwr_tmp1_num=1 (00000000000000000000000000000001)

State 146 file /home/dell/zyworkspace/nichecker/Experiment/remarks2.1_LA/svp_simple_020/_mt_svp_simple_020_001_result/_cs_svp_simple_020_001_global_para_rwr_mt_svp_simple_020_001.c line 232 function main_task_0 thread 0
----------------------------------------------------
  rwr_tmp1=0 (00000000000000000000000000000000)

State 153 file /home/dell/zyworkspace/nichecker/Experiment/remarks2.1_LA/svp_simple_020/_mt_svp_simple_020_001_result/_cs_svp_simple_020_001_global_para_rwr_mt_svp_simple_020_001.c line 288 function main_task_0 thread 0
----------------------------------------------------
  __cs_value_ptr=NULL (0000000000000000000000000000000000000000000000000000000000000000)

State 158 file /home/dell/zyworkspace/nichecker/Experiment/remarks2.1_LA/svp_simple_020/_mt_svp_simple_020_001_result/_cs_svp_simple_020_001_global_para_rwr_mt_svp_simple_020_001.c line 446 function main thread 0
----------------------------------------------------
  __cs_pc[1l]=3 (011)

State 159 file /home/dell/zyworkspace/nichecker/Experiment/remarks2.1_LA/svp_simple_020/_mt_svp_simple_020_001_result/_cs_svp_simple_020_001_global_para_rwr_mt_svp_simple_020_001.c line 452 function main thread 0
----------------------------------------------------
  __cs_tmp_t2_r1=2 (10)

State 161 file /home/dell/zyworkspace/nichecker/Experiment/remarks2.1_LA/svp_simple_020/_mt_svp_simple_020_001_result/_cs_svp_simple_020_001_global_para_rwr_mt_svp_simple_020_001.c line 457 function main thread 0
----------------------------------------------------
  __cs_thread_index=2 (010)

State 162 file /home/dell/zyworkspace/nichecker/Experiment/remarks2.1_LA/svp_simple_020/_mt_svp_simple_020_001_result/_cs_svp_simple_020_001_global_para_rwr_mt_svp_simple_020_001.c line 459 function main thread 0
----------------------------------------------------
  __cs_pc_cs[2l]=2 (010)

State 167 file /home/dell/zyworkspace/nichecker/Experiment/remarks2.1_LA/svp_simple_020/_mt_svp_simple_020_001_result/_cs_svp_simple_020_001_global_para_rwr_mt_svp_simple_020_001.c line 465 function main thread 0
----------------------------------------------------
  __cs_param_svp_simple_020_001_isr_1_arg=NULL (0000000000000000000000000000000000000000000000000000000000000000)

State 172 file /home/dell/zyworkspace/nichecker/Experiment/remarks2.1_LA/svp_simple_020/_mt_svp_simple_020_001_result/_cs_svp_simple_020_001_global_para_rwr_mt_svp_simple_020_001.c line 319 function svp_simple_020_001_isr_1_0 thread 0
----------------------------------------------------
  __cs_value_ptr=NULL (0000000000000000000000000000000000000000000000000000000000000000)

State 177 file /home/dell/zyworkspace/nichecker/Experiment/remarks2.1_LA/svp_simple_020/_mt_svp_simple_020_001_result/_cs_svp_simple_020_001_global_para_rwr_mt_svp_simple_020_001.c line 467 function main thread 0
----------------------------------------------------
  __cs_pc[2l]=2 (010)

State 178 file /home/dell/zyworkspace/nichecker/Experiment/remarks2.1_LA/svp_simple_020/_mt_svp_simple_020_001_result/_cs_svp_simple_020_001_global_para_rwr_mt_svp_simple_020_001.c line 473 function main thread 0
----------------------------------------------------
  __cs_tmp_t3_r1=1 (1)

State 180 file /home/dell/zyworkspace/nichecker/Experiment/remarks2.1_LA/svp_simple_020/_mt_svp_simple_020_001_result/_cs_svp_simple_020_001_global_para_rwr_mt_svp_simple_020_001.c line 478 function main thread 0
----------------------------------------------------
  __cs_thread_index=3 (011)

State 181 file /home/dell/zyworkspace/nichecker/Experiment/remarks2.1_LA/svp_simple_020/_mt_svp_simple_020_001_result/_cs_svp_simple_020_001_global_para_rwr_mt_svp_simple_020_001.c line 480 function main thread 0
----------------------------------------------------
  __cs_pc_cs[3l]=1 (001)

State 186 file /home/dell/zyworkspace/nichecker/Experiment/remarks2.1_LA/svp_simple_020/_mt_svp_simple_020_001_result/_cs_svp_simple_020_001_global_para_rwr_mt_svp_simple_020_001.c line 486 function main thread 0
----------------------------------------------------
  __cs_param_svp_simple_020_001_isr_2_arg=NULL (0000000000000000000000000000000000000000000000000000000000000000)

State 188 file /home/dell/zyworkspace/nichecker/Experiment/remarks2.1_LA/svp_simple_020/_mt_svp_simple_020_001_result/_cs_svp_simple_020_001_global_para_rwr_mt_svp_simple_020_001.c line 331 function svp_simple_020_001_isr_2_0 thread 0
----------------------------------------------------
  __cs_local_svp_simple_020_001_isr_2___cs_tmp_if_cond_2=TRUE (00000001)

State 190 file /home/dell/zyworkspace/nichecker/Experiment/remarks2.1_LA/svp_simple_020/_mt_svp_simple_020_001_result/_cs_svp_simple_020_001_global_para_rwr_mt_svp_simple_020_001.c line 336 function svp_simple_020_001_isr_2_0 thread 0
----------------------------------------------------
  svp_simple_020_001_global_para=11 (00000000000000000000000000001011)

State 191 file /home/dell/zyworkspace/nichecker/Experiment/remarks2.1_LA/svp_simple_020/_mt_svp_simple_020_001_result/_cs_svp_simple_020_001_global_para_rwr_mt_svp_simple_020_001.c line 338 function svp_simple_020_001_isr_2_0 thread 0
----------------------------------------------------
  svp_simple_020_001_global_var=5 (00000000000000000000000000000101)

State 195 file /home/dell/zyworkspace/nichecker/Experiment/remarks2.1_LA/svp_simple_020/_mt_svp_simple_020_001_result/_cs_svp_simple_020_001_global_para_rwr_mt_svp_simple_020_001.c line 353 function svp_simple_020_001_isr_2_0 thread 0
----------------------------------------------------
  __cs_value_ptr=NULL (0000000000000000000000000000000000000000000000000000000000000000)

State 200 file /home/dell/zyworkspace/nichecker/Experiment/remarks2.1_LA/svp_simple_020/_mt_svp_simple_020_001_result/_cs_svp_simple_020_001_global_para_rwr_mt_svp_simple_020_001.c line 488 function main thread 0
----------------------------------------------------
  __cs_pc[3l]=1 (001)

State 201 file /home/dell/zyworkspace/nichecker/Experiment/remarks2.1_LA/svp_simple_020/_mt_svp_simple_020_001_result/_cs_svp_simple_020_001_global_para_rwr_mt_svp_simple_020_001.c line 492 function main thread 0
----------------------------------------------------
  __cs_tmp_t1_r2=5u (00000000000000000000000000000101)

State 203 file /home/dell/zyworkspace/nichecker/Experiment/remarks2.1_LA/svp_simple_020/_mt_svp_simple_020_001_result/_cs_svp_simple_020_001_global_para_rwr_mt_svp_simple_020_001.c line 497 function main thread 0
----------------------------------------------------
  __cs_thread_index=1 (001)

State 204 file /home/dell/zyworkspace/nichecker/Experiment/remarks2.1_LA/svp_simple_020/_mt_svp_simple_020_001_result/_cs_svp_simple_020_001_global_para_rwr_mt_svp_simple_020_001.c line 499 function main thread 0
----------------------------------------------------
  __cs_pc_cs[1l]=5 (101)

State 209 file /home/dell/zyworkspace/nichecker/Experiment/remarks2.1_LA/svp_simple_020/_mt_svp_simple_020_001_result/_cs_svp_simple_020_001_global_para_rwr_mt_svp_simple_020_001.c line 505 function main thread 0
----------------------------------------------------
  __cs_param_main_task_arg=NULL (0000000000000000000000000000000000000000000000000000000000000000)

State 214 file /home/dell/zyworkspace/nichecker/Experiment/remarks2.1_LA/svp_simple_020/_mt_svp_simple_020_001_result/_cs_svp_simple_020_001_global_para_rwr_mt_svp_simple_020_001.c line 254 function main_task_0 thread 0
----------------------------------------------------
  __cs_local_main_task___cs_tmp_if_cond_1=TRUE (00000001)

State 215 file /home/dell/zyworkspace/nichecker/Experiment/remarks2.1_LA/svp_simple_020/_mt_svp_simple_020_001_result/_cs_svp_simple_020_001_global_para_rwr_mt_svp_simple_020_001.c line 256 function main_task_0 thread 0
----------------------------------------------------
  rwr_r2=11 (00000000000000000000000000001011)

Violated property:
  file /home/dell/zyworkspace/nichecker/Experiment/remarks2.1_LA/svp_simple_020/_mt_svp_simple_020_001_result/_cs_svp_simple_020_001_global_para_rwr_mt_svp_simple_020_001.c line 258 function main_task_0
  assertion rwr_r2 == rwr_tmp1
  rwr_r2 == rwr_tmp1


** 1 of 2 failed (2 iterations)
VERIFICATION FAILED
