2023-10-15 16:22:30
SVPCheck: True	LoopAbstraction: True	LabelReduction: False	Slice: True	

SVPCheck var: svp_simple_009_001_p	pattern: wrw
--------------------------Run start-------------------------------
inliner
slice
LoopAbstraction
unroller
insertLabel
lazyseq
feeder  0.186
[91mUNSAFE[0m, counterexample: 1, time: 2.467 s, memory: 29.04 MB
--------------------------Run end---------------------------------
SVPCheck var: svp_simple_009_001_q	pattern: wrw
--------------------------Run start-------------------------------
inliner
slice
LoopAbstraction
unroller
insertLabel
lazyseq
feeder  0.176
[92mSAFE[0m, counterexample: 0, time: 2.474 s, memory: 28.48 MB
--------------------------Run end---------------------------------
SVPCheck var: svp_simple_009_001_m	pattern: wrw
--------------------------Run start-------------------------------
inliner
slice
LoopAbstraction
unroller
insertLabel
lazyseq
feeder  0.188
[92mSAFE[0m, counterexample: 0, time: 2.455 s, memory: 29.32 MB
--------------------------Run end---------------------------------
cbmcTimeSum: 0.55
modulesTimeSum: 7.396
