2023-10-31 08:54:22
SVPCheck: True	LoopAbstraction: True	LabelReduction: True	Slice: True	

SVPCheck var: svp_simple_021_001_tc_block_rcvd_bytes_ch1	pattern: rww
--------------------------Run start-------------------------------
inliner
slice
LoopAbstraction
unroller
insertLabel
lazyseq
feeder  0.236
[91mUNSAFE[0m, counterexample: 1, time: 3.630 s, memory: 30.96 MB
--------------------------Run end---------------------------------
SVPCheck var: svp_simple_021_001_tc_block_rcvd_bytes_ch1	pattern: wwr
--------------------------Run start-------------------------------
inliner
slice
LoopAbstraction
unroller
insertLabel
lazyseq
feeder  0.218
[91mUNSAFE[0m, counterexample: 1, time: 3.644 s, memory: 30.39 MB
--------------------------Run end---------------------------------
SVPCheck var: svp_simple_021_001_tc_block_rcvd_bytes_ch1	pattern: rwr
--------------------------Run start-------------------------------
inliner
slice
LoopAbstraction
unroller
insertLabel
lazyseq
feeder  0.244
[91mUNSAFE[0m, counterexample: 1, time: 3.683 s, memory: 31.03 MB
--------------------------Run end---------------------------------
cbmcTimeSum: 0.698
modulesTimeSum: 10.957
