2024-06-03 21:10:19
SVPCheck: True	LoopAbstraction: True	LabelReduction: True	Slice: True	

SVPCheck var: svp_simple_019_001_global_var1	pattern: rwr
--------------------------Run start-------------------------------
inliner
slice
LoopAbstraction
unroller
insertLabel
lazyseq
feeder  0.201
[91mUNSAFE[0m, counterexample: 1, time: 3.638 s, memory: 29.79 MB
--------------------------Run end---------------------------------
SVPCheck var: svp_simple_019_001_global_var2	pattern: rwr
--------------------------Run start-------------------------------
inliner
slice
LoopAbstraction
unroller
insertLabel
lazyseq
feeder  0.254
[92mSAFE[0m, counterexample: 0, time: 3.691 s, memory: 32.17 MB
--------------------------Run end---------------------------------
SVPCheck var: svp_simple_019_001_global_condition3	pattern: rwr
--------------------------Run start-------------------------------
inliner
slice
LoopAbstraction
unroller
insertLabel
lazyseq
feeder  0.194
[92mSAFE[0m, counterexample: 0, time: 3.618 s, memory: 29.42 MB
--------------------------Run end---------------------------------
cbmcTimeSum: 0.649
modulesTimeSum: 10.947
