CBMC version 4.9 64-bit linux
Parsing main.c
<command-line>: warning: "__STDC_VERSION__" redefined
<built-in>: note: this is the location of the previous definition
Converting
Type-checking main
Generating GOTO Program
Adding CPROVER library
Function Pointer Removal
Partial Inlining
Generic Property Instrumentation
Starting Bounded Model Checking
Adding interrupt constraints
size of program expression: 2614 steps
no slicing due to threads
Generated 2 VCC(s), 2 remaining after simplification
Passing problem to propositional reduction
Running propositional reduction
Post-processing
Solving with MiniSAT 2.2.0 with simplifier
12194 variables, 56043 clauses
SAT checker: negated claim is UNSATISFIABLE, i.e., holds
Runtime decision procedure: 0.187s
VERIFICATION SUCCESSFUL

real	0m0.427s
user	0m0.381s
sys	0m0.046s
