CBMC version 5.6 64-bit x86_64 linux
Parsing /home/dell/zyworkspace/nichecker/Experiment/remarks2.1_LA_Slicing/svp_simple_008/_mt_svp_simple_008_001_result/_cs_svp_simple_008_001_global_array[40]_wwr_mt_svp_simple_008_001.c
<command-line>: warning: "__STDC_VERSION__" redefined
<built-in>: note: this is the location of the previous definition
Converting
Type-checking _cs_svp_simple_008_001_global_array[40]_wwr_mt_svp_simple_008_001
file /home/dell/zyworkspace/nichecker/Experiment/remarks2.1_LA_Slicing/svp_simple_008/_mt_svp_simple_008_001_result/_cs_svp_simple_008_001_global_array[40]_wwr_mt_svp_simple_008_001.c line 242 function main_task_0: function `assert' is not declared
Generating GOTO Program
Adding CPROVER library (x86_64)
Removal of function pointers and virtual functions
Partial Inlining
Generic Property Instrumentation
Starting Bounded Model Checking
**** WARNING: no body for function enable_isr
size of program expression: 552 steps
simple slicing removed 21 assignments
Generated 6 VCC(s), 6 remaining after simplification
Passing problem to propositional reduction
converting SSA
Running propositional reduction
Post-processing
Solving with MiniSAT 2.2.1 with simplifier
5734 variables, 48246 clauses
SAT checker: instance is SATISFIABLE
Solving with MiniSAT 2.2.1 with simplifier
5734 variables, 2632 clauses
SAT checker inconsistent: instance is UNSATISFIABLE
Runtime decision procedure: 0.072s

** Results:
[main_task_0.assertion.1] assertion wwr_r1 == wwr_w_tmp1: FAILURE
[main_task_0.assertion.2] assertion wwr_r1 == wwr_w_tmp1: SUCCESS

Trace for main_task_0.assertion.1:

State 50 file /home/dell/zyworkspace/nichecker/Experiment/remarks2.1_LA_Slicing/svp_simple_008/_mt_svp_simple_008_001_result/_cs_svp_simple_008_001_global_array[40]_wwr_mt_svp_simple_008_001.c line 410 function main thread 0
----------------------------------------------------
  __cs_tmp_t1_r0=3 (011)

State 52 file /home/dell/zyworkspace/nichecker/Experiment/remarks2.1_LA_Slicing/svp_simple_008/_mt_svp_simple_008_001_result/_cs_svp_simple_008_001_global_array[40]_wwr_mt_svp_simple_008_001.c line 414 function main thread 0
----------------------------------------------------
  __cs_thread_index=1 (01)

State 53 file /home/dell/zyworkspace/nichecker/Experiment/remarks2.1_LA_Slicing/svp_simple_008/_mt_svp_simple_008_001_result/_cs_svp_simple_008_001_global_array[40]_wwr_mt_svp_simple_008_001.c line 416 function main thread 0
----------------------------------------------------
  __cs_pc_cs[1l]=3 (011)

State 58 file /home/dell/zyworkspace/nichecker/Experiment/remarks2.1_LA_Slicing/svp_simple_008/_mt_svp_simple_008_001_result/_cs_svp_simple_008_001_global_array[40]_wwr_mt_svp_simple_008_001.c line 422 function main thread 0
----------------------------------------------------
  __cs_param_main_task_arg=NULL (0000000000000000000000000000000000000000000000000000000000000000)

State 63 file /home/dell/zyworkspace/nichecker/Experiment/remarks2.1_LA_Slicing/svp_simple_008/_mt_svp_simple_008_001_result/_cs_svp_simple_008_001_global_array[40]_wwr_mt_svp_simple_008_001.c line 181 function main_task_0 thread 0
----------------------------------------------------
  __cs_disable_thread[2l]=0 (0)

State 64 file /home/dell/zyworkspace/nichecker/Experiment/remarks2.1_LA_Slicing/svp_simple_008/_mt_svp_simple_008_001_result/_cs_svp_simple_008_001_global_array[40]_wwr_mt_svp_simple_008_001.c line 184 function main_task_0 thread 0
----------------------------------------------------
  __cs_disable_thread[0l]=0 (0)

State 65 file /home/dell/zyworkspace/nichecker/Experiment/remarks2.1_LA_Slicing/svp_simple_008/_mt_svp_simple_008_001_result/_cs_svp_simple_008_001_global_array[40]_wwr_mt_svp_simple_008_001.c line 193 function main_task_0 thread 0
----------------------------------------------------
  __cs_local_main_task_p=1 (00000000000000000000000000000001)

State 66 file /home/dell/zyworkspace/nichecker/Experiment/remarks2.1_LA_Slicing/svp_simple_008/_mt_svp_simple_008_001_result/_cs_svp_simple_008_001_global_array[40]_wwr_mt_svp_simple_008_001.c line 197 function main_task_0 thread 0
----------------------------------------------------
  __cs_local_main_task_q=2 (00000000000000000000000000000010)

State 68 file /home/dell/zyworkspace/nichecker/Experiment/remarks2.1_LA_Slicing/svp_simple_008/_mt_svp_simple_008_001_result/_cs_svp_simple_008_001_global_array[40]_wwr_mt_svp_simple_008_001.c line 202 function main_task_0 thread 0
----------------------------------------------------
  svp_simple_008_001_global_array[3l]=9 (00000000000000000000000000001001)

State 70 file /home/dell/zyworkspace/nichecker/Experiment/remarks2.1_LA_Slicing/svp_simple_008/_mt_svp_simple_008_001_result/_cs_svp_simple_008_001_global_array[40]_wwr_mt_svp_simple_008_001.c line 207 function main_task_0 thread 0
----------------------------------------------------
  svp_simple_008_001_global_array[40l]=1 (00000000000000000000000000000001)

State 71 file /home/dell/zyworkspace/nichecker/Experiment/remarks2.1_LA_Slicing/svp_simple_008/_mt_svp_simple_008_001_result/_cs_svp_simple_008_001_global_array[40]_wwr_mt_svp_simple_008_001.c line 209 function main_task_0 thread 0
----------------------------------------------------
  wwr_w_tmp1_num=1 (00000000000000000000000000000001)

State 72 file /home/dell/zyworkspace/nichecker/Experiment/remarks2.1_LA_Slicing/svp_simple_008/_mt_svp_simple_008_001_result/_cs_svp_simple_008_001_global_array[40]_wwr_mt_svp_simple_008_001.c line 210 function main_task_0 thread 0
----------------------------------------------------
  wwr_w_tmp1=1 (00000000000000000000000000000001)

State 73 file /home/dell/zyworkspace/nichecker/Experiment/remarks2.1_LA_Slicing/svp_simple_008/_mt_svp_simple_008_001_result/_cs_svp_simple_008_001_global_array[40]_wwr_mt_svp_simple_008_001.c line 220 function main_task_0 thread 0
----------------------------------------------------
  __cs_local_main_task_i=1 (00000000000000000000000000000001)

State 74 file /home/dell/zyworkspace/nichecker/Experiment/remarks2.1_LA_Slicing/svp_simple_008/_mt_svp_simple_008_001_result/_cs_svp_simple_008_001_global_array[40]_wwr_mt_svp_simple_008_001.c line 224 function main_task_0 thread 0
----------------------------------------------------
  __cs_local_main_task_j=2 (00000000000000000000000000000010)

State 75 file /home/dell/zyworkspace/nichecker/Experiment/remarks2.1_LA_Slicing/svp_simple_008/_mt_svp_simple_008_001_result/_cs_svp_simple_008_001_global_array[40]_wwr_mt_svp_simple_008_001.c line 228 function main_task_0 thread 0
----------------------------------------------------
  __cs_local_main_task_p=1 (00000000000000000000000000000001)

State 76 file /home/dell/zyworkspace/nichecker/Experiment/remarks2.1_LA_Slicing/svp_simple_008/_mt_svp_simple_008_001_result/_cs_svp_simple_008_001_global_array[40]_wwr_mt_svp_simple_008_001.c line 232 function main_task_0 thread 0
----------------------------------------------------
  __cs_local_main_task_q=3 (00000000000000000000000000000011)

State 81 file /home/dell/zyworkspace/nichecker/Experiment/remarks2.1_LA_Slicing/svp_simple_008/_mt_svp_simple_008_001_result/_cs_svp_simple_008_001_global_array[40]_wwr_mt_svp_simple_008_001.c line 275 function main_task_0 thread 0
----------------------------------------------------
  __cs_value_ptr=NULL (0000000000000000000000000000000000000000000000000000000000000000)

State 86 file /home/dell/zyworkspace/nichecker/Experiment/remarks2.1_LA_Slicing/svp_simple_008/_mt_svp_simple_008_001_result/_cs_svp_simple_008_001_global_array[40]_wwr_mt_svp_simple_008_001.c line 424 function main thread 0
----------------------------------------------------
  __cs_pc[1l]=3 (011)

State 87 file /home/dell/zyworkspace/nichecker/Experiment/remarks2.1_LA_Slicing/svp_simple_008/_mt_svp_simple_008_001_result/_cs_svp_simple_008_001_global_array[40]_wwr_mt_svp_simple_008_001.c line 430 function main thread 0
----------------------------------------------------
  __cs_tmp_t2_r0=1 (1)

State 89 file /home/dell/zyworkspace/nichecker/Experiment/remarks2.1_LA_Slicing/svp_simple_008/_mt_svp_simple_008_001_result/_cs_svp_simple_008_001_global_array[40]_wwr_mt_svp_simple_008_001.c line 435 function main thread 0
----------------------------------------------------
  __cs_thread_index=2 (10)

State 90 file /home/dell/zyworkspace/nichecker/Experiment/remarks2.1_LA_Slicing/svp_simple_008/_mt_svp_simple_008_001_result/_cs_svp_simple_008_001_global_array[40]_wwr_mt_svp_simple_008_001.c line 437 function main thread 0
----------------------------------------------------
  __cs_pc_cs[2l]=1 (001)

State 95 file /home/dell/zyworkspace/nichecker/Experiment/remarks2.1_LA_Slicing/svp_simple_008/_mt_svp_simple_008_001_result/_cs_svp_simple_008_001_global_array[40]_wwr_mt_svp_simple_008_001.c line 443 function main thread 0
----------------------------------------------------
  __cs_param_svp_simple_008_001_isr_1_arg=NULL (0000000000000000000000000000000000000000000000000000000000000000)

State 97 file /home/dell/zyworkspace/nichecker/Experiment/remarks2.1_LA_Slicing/svp_simple_008/_mt_svp_simple_008_001_result/_cs_svp_simple_008_001_global_array[40]_wwr_mt_svp_simple_008_001.c line 289 function svp_simple_008_001_isr_1_0 thread 0
----------------------------------------------------
  __cs_local_svp_simple_008_001_isr_1_k=0 (00000000000000000000000000000000)

State 98 file /home/dell/zyworkspace/nichecker/Experiment/remarks2.1_LA_Slicing/svp_simple_008/_mt_svp_simple_008_001_result/_cs_svp_simple_008_001_global_array[40]_wwr_mt_svp_simple_008_001.c line 296 function svp_simple_008_001_isr_1_0 thread 0
----------------------------------------------------
  __cs_local_svp_simple_008_001_isr_1_t_1=0 (00000000000000000000000000000000)

State 100 file /home/dell/zyworkspace/nichecker/Experiment/remarks2.1_LA_Slicing/svp_simple_008/_mt_svp_simple_008_001_result/_cs_svp_simple_008_001_global_array[40]_wwr_mt_svp_simple_008_001.c line 311 function svp_simple_008_001_isr_1_0 thread 0
----------------------------------------------------
  __cs_local_svp_simple_008_001_isr_1_loop_1_IOVar1=0 (00000000000000000000000000000000)

State 101 file /home/dell/zyworkspace/nichecker/Experiment/remarks2.1_LA_Slicing/svp_simple_008/_mt_svp_simple_008_001_result/_cs_svp_simple_008_001_global_array[40]_wwr_mt_svp_simple_008_001.c line 313 function svp_simple_008_001_isr_1_0 thread 0
----------------------------------------------------
  __cs_local_svp_simple_008_001_isr_1_loop_1_block_1=40 (00000000000000000000000000101000)

State 102 file /home/dell/zyworkspace/nichecker/Experiment/remarks2.1_LA_Slicing/svp_simple_008/_mt_svp_simple_008_001_result/_cs_svp_simple_008_001_global_array[40]_wwr_mt_svp_simple_008_001.c line 315 function svp_simple_008_001_isr_1_0 thread 0
----------------------------------------------------
  __cs_local_svp_simple_008_001_isr_1_k=40 (00000000000000000000000000101000)

State 105 file /home/dell/zyworkspace/nichecker/Experiment/remarks2.1_LA_Slicing/svp_simple_008/_mt_svp_simple_008_001_result/_cs_svp_simple_008_001_global_array[40]_wwr_mt_svp_simple_008_001.c line 323 function svp_simple_008_001_isr_1_0 thread 0
----------------------------------------------------
  svp_simple_008_001_global_array[40l]=5 (00000000000000000000000000000101)

State 106 file /home/dell/zyworkspace/nichecker/Experiment/remarks2.1_LA_Slicing/svp_simple_008/_mt_svp_simple_008_001_result/_cs_svp_simple_008_001_global_array[40]_wwr_mt_svp_simple_008_001.c line 328 function svp_simple_008_001_isr_1_0 thread 0
----------------------------------------------------
  __cs_local_svp_simple_008_001_isr_1_k=41 (00000000000000000000000000101001)

State 107 file /home/dell/zyworkspace/nichecker/Experiment/remarks2.1_LA_Slicing/svp_simple_008/_mt_svp_simple_008_001_result/_cs_svp_simple_008_001_global_array[40]_wwr_mt_svp_simple_008_001.c line 333 function svp_simple_008_001_isr_1_0 thread 0
----------------------------------------------------
  __cs_local_svp_simple_008_001_isr_1_t_1=1 (00000000000000000000000000000001)

State 109 file /home/dell/zyworkspace/nichecker/Experiment/remarks2.1_LA_Slicing/svp_simple_008/_mt_svp_simple_008_001_result/_cs_svp_simple_008_001_global_array[40]_wwr_mt_svp_simple_008_001.c line 348 function svp_simple_008_001_isr_1_0 thread 0
----------------------------------------------------
  __cs_local_svp_simple_008_001_isr_1_loop_1_IOVar1=41 (00000000000000000000000000101001)

State 110 file /home/dell/zyworkspace/nichecker/Experiment/remarks2.1_LA_Slicing/svp_simple_008/_mt_svp_simple_008_001_result/_cs_svp_simple_008_001_global_array[40]_wwr_mt_svp_simple_008_001.c line 350 function svp_simple_008_001_isr_1_0 thread 0
----------------------------------------------------
  __cs_local_svp_simple_008_001_isr_1_loop_1_block_1=58 (00000000000000000000000000111010)

State 111 file /home/dell/zyworkspace/nichecker/Experiment/remarks2.1_LA_Slicing/svp_simple_008/_mt_svp_simple_008_001_result/_cs_svp_simple_008_001_global_array[40]_wwr_mt_svp_simple_008_001.c line 352 function svp_simple_008_001_isr_1_0 thread 0
----------------------------------------------------
  __cs_local_svp_simple_008_001_isr_1_k=99 (00000000000000000000000001100011)

State 114 file /home/dell/zyworkspace/nichecker/Experiment/remarks2.1_LA_Slicing/svp_simple_008/_mt_svp_simple_008_001_result/_cs_svp_simple_008_001_global_array[40]_wwr_mt_svp_simple_008_001.c line 360 function svp_simple_008_001_isr_1_0 thread 0
----------------------------------------------------
  svp_simple_008_001_global_array[99l]=5 (00000000000000000000000000000101)

State 115 file /home/dell/zyworkspace/nichecker/Experiment/remarks2.1_LA_Slicing/svp_simple_008/_mt_svp_simple_008_001_result/_cs_svp_simple_008_001_global_array[40]_wwr_mt_svp_simple_008_001.c line 365 function svp_simple_008_001_isr_1_0 thread 0
----------------------------------------------------
  __cs_local_svp_simple_008_001_isr_1_k=100 (00000000000000000000000001100100)

State 116 file /home/dell/zyworkspace/nichecker/Experiment/remarks2.1_LA_Slicing/svp_simple_008/_mt_svp_simple_008_001_result/_cs_svp_simple_008_001_global_array[40]_wwr_mt_svp_simple_008_001.c line 370 function svp_simple_008_001_isr_1_0 thread 0
----------------------------------------------------
  __cs_local_svp_simple_008_001_isr_1_t_1=2 (00000000000000000000000000000010)

State 117 file /home/dell/zyworkspace/nichecker/Experiment/remarks2.1_LA_Slicing/svp_simple_008/_mt_svp_simple_008_001_result/_cs_svp_simple_008_001_global_array[40]_wwr_mt_svp_simple_008_001.c line 373 function svp_simple_008_001_isr_1_0 thread 0
----------------------------------------------------
  __cs_loop_1=FALSE (00000000)

State 123 file /home/dell/zyworkspace/nichecker/Experiment/remarks2.1_LA_Slicing/svp_simple_008/_mt_svp_simple_008_001_result/_cs_svp_simple_008_001_global_array[40]_wwr_mt_svp_simple_008_001.c line 398 function svp_simple_008_001_isr_1_0 thread 0
----------------------------------------------------
  __cs_value_ptr=NULL (0000000000000000000000000000000000000000000000000000000000000000)

State 128 file /home/dell/zyworkspace/nichecker/Experiment/remarks2.1_LA_Slicing/svp_simple_008/_mt_svp_simple_008_001_result/_cs_svp_simple_008_001_global_array[40]_wwr_mt_svp_simple_008_001.c line 445 function main thread 0
----------------------------------------------------
  __cs_pc[2l]=1 (001)

State 129 file /home/dell/zyworkspace/nichecker/Experiment/remarks2.1_LA_Slicing/svp_simple_008/_mt_svp_simple_008_001_result/_cs_svp_simple_008_001_global_array[40]_wwr_mt_svp_simple_008_001.c line 455 function main thread 0
----------------------------------------------------
  __cs_tmp_t1_r1=4 (100)

State 131 file /home/dell/zyworkspace/nichecker/Experiment/remarks2.1_LA_Slicing/svp_simple_008/_mt_svp_simple_008_001_result/_cs_svp_simple_008_001_global_array[40]_wwr_mt_svp_simple_008_001.c line 460 function main thread 0
----------------------------------------------------
  __cs_thread_index=1 (01)

State 132 file /home/dell/zyworkspace/nichecker/Experiment/remarks2.1_LA_Slicing/svp_simple_008/_mt_svp_simple_008_001_result/_cs_svp_simple_008_001_global_array[40]_wwr_mt_svp_simple_008_001.c line 462 function main thread 0
----------------------------------------------------
  __cs_pc_cs[1l]=4 (100)

State 137 file /home/dell/zyworkspace/nichecker/Experiment/remarks2.1_LA_Slicing/svp_simple_008/_mt_svp_simple_008_001_result/_cs_svp_simple_008_001_global_array[40]_wwr_mt_svp_simple_008_001.c line 468 function main thread 0
----------------------------------------------------
  __cs_param_main_task_arg=NULL (0000000000000000000000000000000000000000000000000000000000000000)

State 142 file /home/dell/zyworkspace/nichecker/Experiment/remarks2.1_LA_Slicing/svp_simple_008/_mt_svp_simple_008_001_result/_cs_svp_simple_008_001_global_array[40]_wwr_mt_svp_simple_008_001.c line 236 function main_task_0 thread 0
----------------------------------------------------
  __cs_local_main_task_reader1=5 (00000000000000000000000000000101)

State 144 file /home/dell/zyworkspace/nichecker/Experiment/remarks2.1_LA_Slicing/svp_simple_008/_mt_svp_simple_008_001_result/_cs_svp_simple_008_001_global_array[40]_wwr_mt_svp_simple_008_001.c line 240 function main_task_0 thread 0
----------------------------------------------------
  wwr_r1=5 (00000000000000000000000000000101)

Violated property:
  file /home/dell/zyworkspace/nichecker/Experiment/remarks2.1_LA_Slicing/svp_simple_008/_mt_svp_simple_008_001_result/_cs_svp_simple_008_001_global_array[40]_wwr_mt_svp_simple_008_001.c line 242 function main_task_0
  assertion wwr_r1 == wwr_w_tmp1
  wwr_r1 == wwr_w_tmp1


** 1 of 2 failed (2 iterations)
VERIFICATION FAILED
