CBMC version 5.6 64-bit x86_64 linux
Parsing /home/dell/zyworkspace/nichecker/Experiment/remarks2.1_basic/svp_simple_007/_mt_svp_simple_007_001_result/_cs_svp_simple_007_001_global_array[2]_wwr_mt_svp_simple_007_001.c
<command-line>: warning: "__STDC_VERSION__" redefined
<built-in>: note: this is the location of the previous definition
Converting
Type-checking _cs_svp_simple_007_001_global_array[2]_wwr_mt_svp_simple_007_001
file /home/dell/zyworkspace/nichecker/Experiment/remarks2.1_basic/svp_simple_007/_mt_svp_simple_007_001_result/_cs_svp_simple_007_001_global_array[2]_wwr_mt_svp_simple_007_001.c line 214 function main_task_0: function `assert' is not declared
file /home/dell/zyworkspace/nichecker/Experiment/remarks2.1_basic/svp_simple_007/_mt_svp_simple_007_001_result/_cs_svp_simple_007_001_global_array[2]_wwr_mt_svp_simple_007_001.c line 222 function main_task_0: function `nondet_rand' is not declared
Generating GOTO Program
Adding CPROVER library (x86_64)
Removal of function pointers and virtual functions
Partial Inlining
Generic Property Instrumentation
Starting Bounded Model Checking
**** WARNING: no body for function enable_isr
size of program expression: 574 steps
simple slicing removed 19 assignments
Generated 5 VCC(s), 5 remaining after simplification
Passing problem to propositional reduction
converting SSA
Running propositional reduction
Post-processing
Solving with MiniSAT 2.2.1 with simplifier
1970 variables, 6882 clauses
SAT checker: instance is UNSATISFIABLE
Runtime decision procedure: 0.016s

** Results:
[main_task_0.assertion.1] assertion wwr_r1 == wwr_w_tmp1: SUCCESS
[main_task_0.assertion.2] assertion wwr_r2 == wwr_w_tmp1: SUCCESS

** 0 of 2 failed (1 iteration)
VERIFICATION SUCCESSFUL
