CBMC version 5.6 64-bit x86_64 linux
Parsing /home/dell/zyworkspace/nichecker/Experiment/remarks2.1_LA_Slicing/svp_simple_002/_mt_svp_simple_002_001_result/_cs_svp_simple_002_001_global_array[9999]_wwr_mt_svp_simple_002_001.c
<command-line>: warning: "__STDC_VERSION__" redefined
<built-in>: note: this is the location of the previous definition
Converting
Type-checking _cs_svp_simple_002_001_global_array[9999]_wwr_mt_svp_simple_002_001
file /home/dell/zyworkspace/nichecker/Experiment/remarks2.1_LA_Slicing/svp_simple_002/_mt_svp_simple_002_001_result/_cs_svp_simple_002_001_global_array[9999]_wwr_mt_svp_simple_002_001.c line 410 function svp_simple_002_001_isr_1_0: function `assert' is not declared
Generating GOTO Program
Adding CPROVER library (x86_64)
Removal of function pointers and virtual functions
Partial Inlining
Generic Property Instrumentation
Starting Bounded Model Checking
**** WARNING: no body for function enable_isr
size of program expression: 744 steps
simple slicing removed 89 assignments
Generated 2 VCC(s), 2 remaining after simplification
Passing problem to propositional reduction
converting SSA
Running propositional reduction
Post-processing
Solving with MiniSAT 2.2.1 with simplifier
3855 variables, 13621 clauses
SAT checker: instance is SATISFIABLE
Runtime decision procedure: 0.407s

** Results:
[svp_simple_002_001_isr_1_0.assertion.1] assertion wwr_r1 == wwr_w_tmp2: FAILURE

Trace for svp_simple_002_001_isr_1_0.assertion.1:

State 52 file /home/dell/zyworkspace/nichecker/Experiment/remarks2.1_LA_Slicing/svp_simple_002/_mt_svp_simple_002_001_result/_cs_svp_simple_002_001_global_array[9999]_wwr_mt_svp_simple_002_001.c line 483 function main thread 0
----------------------------------------------------
  __cs_tmp_t1_r0=1 (1)

State 54 file /home/dell/zyworkspace/nichecker/Experiment/remarks2.1_LA_Slicing/svp_simple_002/_mt_svp_simple_002_001_result/_cs_svp_simple_002_001_global_array[9999]_wwr_mt_svp_simple_002_001.c line 487 function main thread 0
----------------------------------------------------
  __cs_thread_index=1 (001)

State 55 file /home/dell/zyworkspace/nichecker/Experiment/remarks2.1_LA_Slicing/svp_simple_002/_mt_svp_simple_002_001_result/_cs_svp_simple_002_001_global_array[9999]_wwr_mt_svp_simple_002_001.c line 489 function main thread 0
----------------------------------------------------
  __cs_pc_cs[1l]=1 (0001)

State 60 file /home/dell/zyworkspace/nichecker/Experiment/remarks2.1_LA_Slicing/svp_simple_002/_mt_svp_simple_002_001_result/_cs_svp_simple_002_001_global_array[9999]_wwr_mt_svp_simple_002_001.c line 495 function main thread 0
----------------------------------------------------
  __cs_param_main_task_arg=NULL (0000000000000000000000000000000000000000000000000000000000000000)

State 65 file /home/dell/zyworkspace/nichecker/Experiment/remarks2.1_LA_Slicing/svp_simple_002/_mt_svp_simple_002_001_result/_cs_svp_simple_002_001_global_array[9999]_wwr_mt_svp_simple_002_001.c line 440 function main_task_0 thread 0
----------------------------------------------------
  __cs_disable_thread[3l]=0 (0)

State 66 file /home/dell/zyworkspace/nichecker/Experiment/remarks2.1_LA_Slicing/svp_simple_002/_mt_svp_simple_002_001_result/_cs_svp_simple_002_001_global_array[9999]_wwr_mt_svp_simple_002_001.c line 443 function main_task_0 thread 0
----------------------------------------------------
  __cs_disable_thread[2l]=0 (0)

State 67 file /home/dell/zyworkspace/nichecker/Experiment/remarks2.1_LA_Slicing/svp_simple_002/_mt_svp_simple_002_001_result/_cs_svp_simple_002_001_global_array[9999]_wwr_mt_svp_simple_002_001.c line 446 function main_task_0 thread 0
----------------------------------------------------
  __cs_disable_thread[0l]=0 (0)

State 68 file /home/dell/zyworkspace/nichecker/Experiment/remarks2.1_LA_Slicing/svp_simple_002/_mt_svp_simple_002_001_result/_cs_svp_simple_002_001_global_array[9999]_wwr_mt_svp_simple_002_001.c line 456 function main_task_0 thread 0
----------------------------------------------------
  __cs_local_main_task_i=0 (00000000000000000000000000000000)

State 72 file /home/dell/zyworkspace/nichecker/Experiment/remarks2.1_LA_Slicing/svp_simple_002/_mt_svp_simple_002_001_result/_cs_svp_simple_002_001_global_array[9999]_wwr_mt_svp_simple_002_001.c line 471 function main_task_0 thread 0
----------------------------------------------------
  __cs_value_ptr=NULL (0000000000000000000000000000000000000000000000000000000000000000)

State 77 file /home/dell/zyworkspace/nichecker/Experiment/remarks2.1_LA_Slicing/svp_simple_002/_mt_svp_simple_002_001_result/_cs_svp_simple_002_001_global_array[9999]_wwr_mt_svp_simple_002_001.c line 497 function main thread 0
----------------------------------------------------
  __cs_pc[1l]=1 (0001)

State 78 file /home/dell/zyworkspace/nichecker/Experiment/remarks2.1_LA_Slicing/svp_simple_002/_mt_svp_simple_002_001_result/_cs_svp_simple_002_001_global_array[9999]_wwr_mt_svp_simple_002_001.c line 503 function main thread 0
----------------------------------------------------
  __cs_tmp_t2_r0=6 (0110)

State 80 file /home/dell/zyworkspace/nichecker/Experiment/remarks2.1_LA_Slicing/svp_simple_002/_mt_svp_simple_002_001_result/_cs_svp_simple_002_001_global_array[9999]_wwr_mt_svp_simple_002_001.c line 508 function main thread 0
----------------------------------------------------
  __cs_thread_index=2 (010)

State 81 file /home/dell/zyworkspace/nichecker/Experiment/remarks2.1_LA_Slicing/svp_simple_002/_mt_svp_simple_002_001_result/_cs_svp_simple_002_001_global_array[9999]_wwr_mt_svp_simple_002_001.c line 510 function main thread 0
----------------------------------------------------
  __cs_pc_cs[2l]=6 (0110)

State 86 file /home/dell/zyworkspace/nichecker/Experiment/remarks2.1_LA_Slicing/svp_simple_002/_mt_svp_simple_002_001_result/_cs_svp_simple_002_001_global_array[9999]_wwr_mt_svp_simple_002_001.c line 516 function main thread 0
----------------------------------------------------
  __cs_param_svp_simple_002_001_isr_1_arg=NULL (0000000000000000000000000000000000000000000000000000000000000000)

State 88 file /home/dell/zyworkspace/nichecker/Experiment/remarks2.1_LA_Slicing/svp_simple_002/_mt_svp_simple_002_001_result/_cs_svp_simple_002_001_global_array[9999]_wwr_mt_svp_simple_002_001.c line 216 function svp_simple_002_001_isr_1_0 thread 0
----------------------------------------------------
  __cs_local_svp_simple_002_001_isr_1_i=0 (00000000000000000000000000000000)

State 89 file /home/dell/zyworkspace/nichecker/Experiment/remarks2.1_LA_Slicing/svp_simple_002/_mt_svp_simple_002_001_result/_cs_svp_simple_002_001_global_array[9999]_wwr_mt_svp_simple_002_001.c line 223 function svp_simple_002_001_isr_1_0 thread 0
----------------------------------------------------
  __cs_local_svp_simple_002_001_isr_1_t_1=0 (00000000000000000000000000000000)

State 91 file /home/dell/zyworkspace/nichecker/Experiment/remarks2.1_LA_Slicing/svp_simple_002/_mt_svp_simple_002_001_result/_cs_svp_simple_002_001_global_array[9999]_wwr_mt_svp_simple_002_001.c line 241 function svp_simple_002_001_isr_1_0 thread 0
----------------------------------------------------
  __cs_local_svp_simple_002_001_isr_1_loop_1_IOVar1=0 (00000000000000000000000000000000)

State 92 file /home/dell/zyworkspace/nichecker/Experiment/remarks2.1_LA_Slicing/svp_simple_002/_mt_svp_simple_002_001_result/_cs_svp_simple_002_001_global_array[9999]_wwr_mt_svp_simple_002_001.c line 243 function svp_simple_002_001_isr_1_0 thread 0
----------------------------------------------------
  __cs_local_svp_simple_002_001_isr_1_loop_1_block_3=9999 (00000000000000000010011100001111)

State 93 file /home/dell/zyworkspace/nichecker/Experiment/remarks2.1_LA_Slicing/svp_simple_002/_mt_svp_simple_002_001_result/_cs_svp_simple_002_001_global_array[9999]_wwr_mt_svp_simple_002_001.c line 245 function svp_simple_002_001_isr_1_0 thread 0
----------------------------------------------------
  __cs_local_svp_simple_002_001_isr_1_i=9999 (00000000000000000010011100001111)

State 96 file /home/dell/zyworkspace/nichecker/Experiment/remarks2.1_LA_Slicing/svp_simple_002/_mt_svp_simple_002_001_result/_cs_svp_simple_002_001_global_array[9999]_wwr_mt_svp_simple_002_001.c line 255 function svp_simple_002_001_isr_1_0 thread 0
----------------------------------------------------
  __cs_local_svp_simple_002_001_isr_1___cs_tmp_if_cond_0=TRUE (00000001)

State 99 file /home/dell/zyworkspace/nichecker/Experiment/remarks2.1_LA_Slicing/svp_simple_002/_mt_svp_simple_002_001_result/_cs_svp_simple_002_001_global_array[9999]_wwr_mt_svp_simple_002_001.c line 263 function svp_simple_002_001_isr_1_0 thread 0
----------------------------------------------------
  svp_simple_002_001_global_array[9999l]=1 (00000000000000000000000000000001)

State 100 file /home/dell/zyworkspace/nichecker/Experiment/remarks2.1_LA_Slicing/svp_simple_002/_mt_svp_simple_002_001_result/_cs_svp_simple_002_001_global_array[9999]_wwr_mt_svp_simple_002_001.c line 265 function svp_simple_002_001_isr_1_0 thread 0
----------------------------------------------------
  wwr_w_tmp2_num=1 (00000000000000000000000000000001)

State 101 file /home/dell/zyworkspace/nichecker/Experiment/remarks2.1_LA_Slicing/svp_simple_002/_mt_svp_simple_002_001_result/_cs_svp_simple_002_001_global_array[9999]_wwr_mt_svp_simple_002_001.c line 266 function svp_simple_002_001_isr_1_0 thread 0
----------------------------------------------------
  wwr_w_tmp2=1 (00000000000000000000000000000001)

State 103 file /home/dell/zyworkspace/nichecker/Experiment/remarks2.1_LA_Slicing/svp_simple_002/_mt_svp_simple_002_001_result/_cs_svp_simple_002_001_global_array[9999]_wwr_mt_svp_simple_002_001.c line 276 function svp_simple_002_001_isr_1_0 thread 0
----------------------------------------------------
  __cs_local_svp_simple_002_001_isr_1___cs_tmp_if_cond_1=FALSE (00000000)

State 106 file /home/dell/zyworkspace/nichecker/Experiment/remarks2.1_LA_Slicing/svp_simple_002/_mt_svp_simple_002_001_result/_cs_svp_simple_002_001_global_array[9999]_wwr_mt_svp_simple_002_001.c line 298 function svp_simple_002_001_isr_1_0 thread 0
----------------------------------------------------
  __cs_local_svp_simple_002_001_isr_1_i=10000 (00000000000000000010011100010000)

State 107 file /home/dell/zyworkspace/nichecker/Experiment/remarks2.1_LA_Slicing/svp_simple_002/_mt_svp_simple_002_001_result/_cs_svp_simple_002_001_global_array[9999]_wwr_mt_svp_simple_002_001.c line 303 function svp_simple_002_001_isr_1_0 thread 0
----------------------------------------------------
  __cs_local_svp_simple_002_001_isr_1_t_1=1 (00000000000000000000000000000001)

State 110 file /home/dell/zyworkspace/nichecker/Experiment/remarks2.1_LA_Slicing/svp_simple_002/_mt_svp_simple_002_001_result/_cs_svp_simple_002_001_global_array[9999]_wwr_mt_svp_simple_002_001.c line 310 function svp_simple_002_001_isr_1_0 thread 0
----------------------------------------------------
  __cs_pc[2l]=5 (0101)

State 122 file /home/dell/zyworkspace/nichecker/Experiment/remarks2.1_LA_Slicing/svp_simple_002/_mt_svp_simple_002_001_result/_cs_svp_simple_002_001_global_array[9999]_wwr_mt_svp_simple_002_001.c line 428 function svp_simple_002_001_isr_1_0 thread 0
----------------------------------------------------
  __cs_value_ptr=NULL (0000000000000000000000000000000000000000000000000000000000000000)

State 127 file /home/dell/zyworkspace/nichecker/Experiment/remarks2.1_LA_Slicing/svp_simple_002/_mt_svp_simple_002_001_result/_cs_svp_simple_002_001_global_array[9999]_wwr_mt_svp_simple_002_001.c line 518 function main thread 0
----------------------------------------------------
  __cs_pc[2l]=6 (0110)

State 128 file /home/dell/zyworkspace/nichecker/Experiment/remarks2.1_LA_Slicing/svp_simple_002/_mt_svp_simple_002_001_result/_cs_svp_simple_002_001_global_array[9999]_wwr_mt_svp_simple_002_001.c line 524 function main thread 0
----------------------------------------------------
  __cs_tmp_t3_r0=1 (1)

State 130 file /home/dell/zyworkspace/nichecker/Experiment/remarks2.1_LA_Slicing/svp_simple_002/_mt_svp_simple_002_001_result/_cs_svp_simple_002_001_global_array[9999]_wwr_mt_svp_simple_002_001.c line 529 function main thread 0
----------------------------------------------------
  __cs_thread_index=3 (011)

State 131 file /home/dell/zyworkspace/nichecker/Experiment/remarks2.1_LA_Slicing/svp_simple_002/_mt_svp_simple_002_001_result/_cs_svp_simple_002_001_global_array[9999]_wwr_mt_svp_simple_002_001.c line 531 function main thread 0
----------------------------------------------------
  __cs_pc_cs[3l]=1 (0001)

State 136 file /home/dell/zyworkspace/nichecker/Experiment/remarks2.1_LA_Slicing/svp_simple_002/_mt_svp_simple_002_001_result/_cs_svp_simple_002_001_global_array[9999]_wwr_mt_svp_simple_002_001.c line 537 function main thread 0
----------------------------------------------------
  __cs_param_svp_simple_002_001_isr_2_arg=NULL (0000000000000000000000000000000000000000000000000000000000000000)

State 138 file /home/dell/zyworkspace/nichecker/Experiment/remarks2.1_LA_Slicing/svp_simple_002/_mt_svp_simple_002_001_result/_cs_svp_simple_002_001_global_array[9999]_wwr_mt_svp_simple_002_001.c line 182 function svp_simple_002_001_isr_2_0 thread 0
----------------------------------------------------
  __cs_local_svp_simple_002_001_isr_2_i=0 (00000000000000000000000000000000)

State 139 file /home/dell/zyworkspace/nichecker/Experiment/remarks2.1_LA_Slicing/svp_simple_002/_mt_svp_simple_002_001_result/_cs_svp_simple_002_001_global_array[9999]_wwr_mt_svp_simple_002_001.c line 187 function svp_simple_002_001_isr_2_0 thread 0
----------------------------------------------------
  svp_simple_002_001_global_array[9999l]=999 (00000000000000000000001111100111)

State 143 file /home/dell/zyworkspace/nichecker/Experiment/remarks2.1_LA_Slicing/svp_simple_002/_mt_svp_simple_002_001_result/_cs_svp_simple_002_001_global_array[9999]_wwr_mt_svp_simple_002_001.c line 198 function svp_simple_002_001_isr_2_0 thread 0
----------------------------------------------------
  __cs_value_ptr=NULL (0000000000000000000000000000000000000000000000000000000000000000)

State 148 file /home/dell/zyworkspace/nichecker/Experiment/remarks2.1_LA_Slicing/svp_simple_002/_mt_svp_simple_002_001_result/_cs_svp_simple_002_001_global_array[9999]_wwr_mt_svp_simple_002_001.c line 539 function main thread 0
----------------------------------------------------
  __cs_pc[3l]=1 (0001)

State 149 file /home/dell/zyworkspace/nichecker/Experiment/remarks2.1_LA_Slicing/svp_simple_002/_mt_svp_simple_002_001_result/_cs_svp_simple_002_001_global_array[9999]_wwr_mt_svp_simple_002_001.c line 549 function main thread 0
----------------------------------------------------
  __cs_tmp_t1_r1=1 (1)

State 155 file /home/dell/zyworkspace/nichecker/Experiment/remarks2.1_LA_Slicing/svp_simple_002/_mt_svp_simple_002_001_result/_cs_svp_simple_002_001_global_array[9999]_wwr_mt_svp_simple_002_001.c line 570 function main thread 0
----------------------------------------------------
  __cs_tmp_t2_r1=7 (0111)

State 157 file /home/dell/zyworkspace/nichecker/Experiment/remarks2.1_LA_Slicing/svp_simple_002/_mt_svp_simple_002_001_result/_cs_svp_simple_002_001_global_array[9999]_wwr_mt_svp_simple_002_001.c line 575 function main thread 0
----------------------------------------------------
  __cs_thread_index=2 (010)

State 158 file /home/dell/zyworkspace/nichecker/Experiment/remarks2.1_LA_Slicing/svp_simple_002/_mt_svp_simple_002_001_result/_cs_svp_simple_002_001_global_array[9999]_wwr_mt_svp_simple_002_001.c line 577 function main thread 0
----------------------------------------------------
  __cs_pc_cs[2l]=7 (0111)

State 163 file /home/dell/zyworkspace/nichecker/Experiment/remarks2.1_LA_Slicing/svp_simple_002/_mt_svp_simple_002_001_result/_cs_svp_simple_002_001_global_array[9999]_wwr_mt_svp_simple_002_001.c line 583 function main thread 0
----------------------------------------------------
  __cs_param_svp_simple_002_001_isr_1_arg=NULL (0000000000000000000000000000000000000000000000000000000000000000)

State 171 file /home/dell/zyworkspace/nichecker/Experiment/remarks2.1_LA_Slicing/svp_simple_002/_mt_svp_simple_002_001_result/_cs_svp_simple_002_001_global_array[9999]_wwr_mt_svp_simple_002_001.c line 406 function svp_simple_002_001_isr_1_0 thread 0
----------------------------------------------------
  __cs_local_svp_simple_002_001_isr_1_mininum=989 (00000000000000000000001111011101)

State 172 file /home/dell/zyworkspace/nichecker/Experiment/remarks2.1_LA_Slicing/svp_simple_002/_mt_svp_simple_002_001_result/_cs_svp_simple_002_001_global_array[9999]_wwr_mt_svp_simple_002_001.c line 408 function svp_simple_002_001_isr_1_0 thread 0
----------------------------------------------------
  wwr_r1=999 (00000000000000000000001111100111)

Violated property:
  file /home/dell/zyworkspace/nichecker/Experiment/remarks2.1_LA_Slicing/svp_simple_002/_mt_svp_simple_002_001_result/_cs_svp_simple_002_001_global_array[9999]_wwr_mt_svp_simple_002_001.c line 410 function svp_simple_002_001_isr_1_0
  assertion wwr_r1 == wwr_w_tmp2
  wwr_r1 == wwr_w_tmp2


** 1 of 1 failed (1 iteration)
VERIFICATION FAILED
