CBMC version 5.6 64-bit x86_64 linux
Parsing /home/dell/zyworkspace/nichecker-ubuntu-cmdVersion/remarks2.1/svp_simple_002/_mt_svp_simple_002_001_result/_cs_svp_simple_001_001_global_array[9999]_rwr_mt_svp_simple_002_001.c
<command-line>: warning: "__STDC_VERSION__" redefined
<built-in>: note: this is the location of the previous definition
Converting
Type-checking _cs_svp_simple_001_001_global_array[9999]_rwr_mt_svp_simple_002_001
file /home/dell/zyworkspace/nichecker-ubuntu-cmdVersion/remarks2.1/svp_simple_002/_mt_svp_simple_002_001_result/_cs_svp_simple_001_001_global_array[9999]_rwr_mt_svp_simple_002_001.c line 130 function __cs_init_scalar: function `malloc' is not declared
Generating GOTO Program
Adding CPROVER library (x86_64)
<command-line>: warning: "__STDC_VERSION__" redefined
<built-in>: note: this is the location of the previous definition
file <builtin-library-malloc> line 4: warning: implicit function declaration "malloc"
old definition in module _cs_svp_simple_001_001_global_array[9999]_rwr_mt_svp_simple_002_001 file /home/dell/zyworkspace/nichecker-ubuntu-cmdVersion/remarks2.1/svp_simple_002/_mt_svp_simple_002_001_result/_cs_svp_simple_001_001_global_array[9999]_rwr_mt_svp_simple_002_001.c line 130 function __cs_init_scalar
void * (void)
new definition in module <built-in-library> file <builtin-library-malloc> line 4
void * (unsigned long int malloc_size)
Removal of function pointers and virtual functions
Partial Inlining
Generic Property Instrumentation
Starting Bounded Model Checking
**** WARNING: no body for function enable_isr
size of program expression: 1180 steps
simple slicing removed 0 assignments
Generated 0 VCC(s), 0 remaining after simplification
VERIFICATION SUCCESSFUL
