CBMC version 5.6 64-bit x86_64 linux
Parsing /home/dell/zyworkspace/nichecker/Experiment/remarks2.1/svp_simple_030/_mt_svp_simple_030_001_result/_cs_svp_simple_030_001_gloable_var_rww_mt_svp_simple_030_001.c
<command-line>: warning: "__STDC_VERSION__" redefined
<built-in>: note: this is the location of the previous definition
Converting
Type-checking _cs_svp_simple_030_001_gloable_var_rww_mt_svp_simple_030_001
file /home/dell/zyworkspace/nichecker/Experiment/remarks2.1/svp_simple_030/_mt_svp_simple_030_001_result/_cs_svp_simple_030_001_gloable_var_rww_mt_svp_simple_030_001.c line 281 function main_task_0: function `assert' is not declared
Generating GOTO Program
Adding CPROVER library (x86_64)
Removal of function pointers and virtual functions
Partial Inlining
Generic Property Instrumentation
Starting Bounded Model Checking
**** WARNING: no body for function disable_isr
**** WARNING: no body for function rand
**** WARNING: no body for function enable_isr
size of program expression: 956 steps
simple slicing removed 40 assignments
Generated 7 VCC(s), 7 remaining after simplification
Passing problem to propositional reduction
converting SSA
Running propositional reduction
Post-processing
Solving with MiniSAT 2.2.1 with simplifier
6561 variables, 20228 clauses
SAT checker: instance is SATISFIABLE
Solving with MiniSAT 2.2.1 with simplifier
6561 variables, 7091 clauses
SAT checker: instance is SATISFIABLE
Solving with MiniSAT 2.2.1 with simplifier
6561 variables, 6885 clauses
SAT checker: instance is SATISFIABLE
Runtime decision procedure: 0.069s

** Results:
[main_task_0.assertion.1] assertion rww_w1 == rww_r_tmp1: FAILURE
[svp_simple_030_001_isr_1_0.assertion.1] assertion rww_w2 == rww_r_tmp2: FAILURE
[svp_simple_030_001_isr_2_0.assertion.1] assertion rww_w3 == rww_r_tmp3: FAILURE

Trace for main_task_0.assertion.1:

State 49 file /home/dell/zyworkspace/nichecker/Experiment/remarks2.1/svp_simple_030/_mt_svp_simple_030_001_result/_cs_svp_simple_030_001_gloable_var_rww_mt_svp_simple_030_001.c line 461 function main thread 0
----------------------------------------------------
  __cs_tmp_t1_r0=5 (101)

State 51 file /home/dell/zyworkspace/nichecker/Experiment/remarks2.1/svp_simple_030/_mt_svp_simple_030_001_result/_cs_svp_simple_030_001_gloable_var_rww_mt_svp_simple_030_001.c line 465 function main thread 0
----------------------------------------------------
  __cs_thread_index=1 (001)

State 52 file /home/dell/zyworkspace/nichecker/Experiment/remarks2.1/svp_simple_030/_mt_svp_simple_030_001_result/_cs_svp_simple_030_001_gloable_var_rww_mt_svp_simple_030_001.c line 467 function main thread 0
----------------------------------------------------
  __cs_pc_cs[1l]=5 (101)

State 57 file /home/dell/zyworkspace/nichecker/Experiment/remarks2.1/svp_simple_030/_mt_svp_simple_030_001_result/_cs_svp_simple_030_001_gloable_var_rww_mt_svp_simple_030_001.c line 473 function main thread 0
----------------------------------------------------
  __cs_param_main_task_arg=NULL (0000000000000000000000000000000000000000000000000000000000000000)

State 62 file /home/dell/zyworkspace/nichecker/Experiment/remarks2.1/svp_simple_030/_mt_svp_simple_030_001_result/_cs_svp_simple_030_001_gloable_var_rww_mt_svp_simple_030_001.c line 190 function main_task_0 thread 0
----------------------------------------------------
  __cs_disable_thread[4l]=1 (1)

State 63 file /home/dell/zyworkspace/nichecker/Experiment/remarks2.1/svp_simple_030/_mt_svp_simple_030_001_result/_cs_svp_simple_030_001_gloable_var_rww_mt_svp_simple_030_001.c line 193 function main_task_0 thread 0
----------------------------------------------------
  __cs_disable_thread[3l]=1 (1)

State 64 file /home/dell/zyworkspace/nichecker/Experiment/remarks2.1/svp_simple_030/_mt_svp_simple_030_001_result/_cs_svp_simple_030_001_gloable_var_rww_mt_svp_simple_030_001.c line 196 function main_task_0 thread 0
----------------------------------------------------
  __cs_disable_thread[2l]=1 (1)

State 65 file /home/dell/zyworkspace/nichecker/Experiment/remarks2.1/svp_simple_030/_mt_svp_simple_030_001_result/_cs_svp_simple_030_001_gloable_var_rww_mt_svp_simple_030_001.c line 199 function main_task_0 thread 0
----------------------------------------------------
  __cs_disable_thread[0l]=1 (1)

State 69 file /home/dell/zyworkspace/nichecker/Experiment/remarks2.1/svp_simple_030/_mt_svp_simple_030_001_result/_cs_svp_simple_030_001_gloable_var_rww_mt_svp_simple_030_001.c line 204 function main_task_0 thread 0
----------------------------------------------------
  svp_simple_030_001_gloable_var=2147483639 (01111111111111111111111111110111)

State 74 file /home/dell/zyworkspace/nichecker/Experiment/remarks2.1/svp_simple_030/_mt_svp_simple_030_001_result/_cs_svp_simple_030_001_gloable_var_rww_mt_svp_simple_030_001.c line 209 function main_task_0 thread 0
----------------------------------------------------
  svp_simple_030_001_isr_1_flag=0 (00000000000000000000000000000000)

State 79 file /home/dell/zyworkspace/nichecker/Experiment/remarks2.1/svp_simple_030/_mt_svp_simple_030_001_result/_cs_svp_simple_030_001_gloable_var_rww_mt_svp_simple_030_001.c line 217 function main_task_0 thread 0
----------------------------------------------------
  __cs_disable_thread[4l]=0 (0)

State 80 file /home/dell/zyworkspace/nichecker/Experiment/remarks2.1/svp_simple_030/_mt_svp_simple_030_001_result/_cs_svp_simple_030_001_gloable_var_rww_mt_svp_simple_030_001.c line 220 function main_task_0 thread 0
----------------------------------------------------
  __cs_disable_thread[3l]=0 (0)

State 81 file /home/dell/zyworkspace/nichecker/Experiment/remarks2.1/svp_simple_030/_mt_svp_simple_030_001_result/_cs_svp_simple_030_001_gloable_var_rww_mt_svp_simple_030_001.c line 223 function main_task_0 thread 0
----------------------------------------------------
  __cs_disable_thread[2l]=0 (0)

State 82 file /home/dell/zyworkspace/nichecker/Experiment/remarks2.1/svp_simple_030/_mt_svp_simple_030_001_result/_cs_svp_simple_030_001_gloable_var_rww_mt_svp_simple_030_001.c line 226 function main_task_0 thread 0
----------------------------------------------------
  __cs_disable_thread[0l]=0 (0)

State 87 file /home/dell/zyworkspace/nichecker/Experiment/remarks2.1/svp_simple_030/_mt_svp_simple_030_001_result/_cs_svp_simple_030_001_gloable_var_rww_mt_svp_simple_030_001.c line 241 function main_task_0 thread 0
----------------------------------------------------
  __cs_disable_thread[4l]=1 (1)

State 88 file /home/dell/zyworkspace/nichecker/Experiment/remarks2.1/svp_simple_030/_mt_svp_simple_030_001_result/_cs_svp_simple_030_001_gloable_var_rww_mt_svp_simple_030_001.c line 244 function main_task_0 thread 0
----------------------------------------------------
  __cs_disable_thread[3l]=1 (1)

State 89 file /home/dell/zyworkspace/nichecker/Experiment/remarks2.1/svp_simple_030/_mt_svp_simple_030_001_result/_cs_svp_simple_030_001_gloable_var_rww_mt_svp_simple_030_001.c line 247 function main_task_0 thread 0
----------------------------------------------------
  __cs_disable_thread[2l]=1 (1)

State 90 file /home/dell/zyworkspace/nichecker/Experiment/remarks2.1/svp_simple_030/_mt_svp_simple_030_001_result/_cs_svp_simple_030_001_gloable_var_rww_mt_svp_simple_030_001.c line 250 function main_task_0 thread 0
----------------------------------------------------
  __cs_disable_thread[0l]=1 (1)

State 94 file /home/dell/zyworkspace/nichecker/Experiment/remarks2.1/svp_simple_030/_mt_svp_simple_030_001_result/_cs_svp_simple_030_001_gloable_var_rww_mt_svp_simple_030_001.c line 257 function main_task_0 thread 0
----------------------------------------------------
  __cs_disable_thread[2l]=0 (0)

State 96 file /home/dell/zyworkspace/nichecker/Experiment/remarks2.1/svp_simple_030/_mt_svp_simple_030_001_result/_cs_svp_simple_030_001_gloable_var_rww_mt_svp_simple_030_001.c line 266 function main_task_0 thread 0
----------------------------------------------------
  __cs_local_main_task___cs_tmp_if_cond_1=TRUE (00000001)

State 97 file /home/dell/zyworkspace/nichecker/Experiment/remarks2.1/svp_simple_030/_mt_svp_simple_030_001_result/_cs_svp_simple_030_001_gloable_var_rww_mt_svp_simple_030_001.c line 268 function main_task_0 thread 0
----------------------------------------------------
  rww_r_tmp1_num=1 (00000000000000000000000000000001)

State 98 file /home/dell/zyworkspace/nichecker/Experiment/remarks2.1/svp_simple_030/_mt_svp_simple_030_001_result/_cs_svp_simple_030_001_gloable_var_rww_mt_svp_simple_030_001.c line 269 function main_task_0 thread 0
----------------------------------------------------
  rww_r_tmp1=2147483639 (01111111111111111111111111110111)

State 103 file /home/dell/zyworkspace/nichecker/Experiment/remarks2.1/svp_simple_030/_mt_svp_simple_030_001_result/_cs_svp_simple_030_001_gloable_var_rww_mt_svp_simple_030_001.c line 310 function main_task_0 thread 0
----------------------------------------------------
  __cs_value_ptr=NULL (0000000000000000000000000000000000000000000000000000000000000000)

State 108 file /home/dell/zyworkspace/nichecker/Experiment/remarks2.1/svp_simple_030/_mt_svp_simple_030_001_result/_cs_svp_simple_030_001_gloable_var_rww_mt_svp_simple_030_001.c line 475 function main thread 0
----------------------------------------------------
  __cs_pc[1l]=5 (101)

State 109 file /home/dell/zyworkspace/nichecker/Experiment/remarks2.1/svp_simple_030/_mt_svp_simple_030_001_result/_cs_svp_simple_030_001_gloable_var_rww_mt_svp_simple_030_001.c line 481 function main thread 0
----------------------------------------------------
  __cs_tmp_t2_r0=2 (010)

State 116 file /home/dell/zyworkspace/nichecker/Experiment/remarks2.1/svp_simple_030/_mt_svp_simple_030_001_result/_cs_svp_simple_030_001_gloable_var_rww_mt_svp_simple_030_001.c line 486 function main thread 0
----------------------------------------------------
  __cs_thread_index=2 (010)

State 117 file /home/dell/zyworkspace/nichecker/Experiment/remarks2.1/svp_simple_030/_mt_svp_simple_030_001_result/_cs_svp_simple_030_001_gloable_var_rww_mt_svp_simple_030_001.c line 488 function main thread 0
----------------------------------------------------
  __cs_pc_cs[2l]=2 (010)

State 122 file /home/dell/zyworkspace/nichecker/Experiment/remarks2.1/svp_simple_030/_mt_svp_simple_030_001_result/_cs_svp_simple_030_001_gloable_var_rww_mt_svp_simple_030_001.c line 494 function main thread 0
----------------------------------------------------
  __cs_param_svp_simple_030_001_isr_1_arg=NULL (0000000000000000000000000000000000000000000000000000000000000000)

State 124 file /home/dell/zyworkspace/nichecker/Experiment/remarks2.1/svp_simple_030/_mt_svp_simple_030_001_result/_cs_svp_simple_030_001_gloable_var_rww_mt_svp_simple_030_001.c line 323 function svp_simple_030_001_isr_1_0 thread 0
----------------------------------------------------
  __cs_temporary_0=0 (00000000000000000000000000000000)

State 126 file /home/dell/zyworkspace/nichecker/Experiment/remarks2.1/svp_simple_030/_mt_svp_simple_030_001_result/_cs_svp_simple_030_001_gloable_var_rww_mt_svp_simple_030_001.c line 327 function svp_simple_030_001_isr_1_0 thread 0
----------------------------------------------------
  __cs_temporary_0=2147483640 (01111111111111111111111111111000)

State 127 file /home/dell/zyworkspace/nichecker/Experiment/remarks2.1/svp_simple_030/_mt_svp_simple_030_001_result/_cs_svp_simple_030_001_gloable_var_rww_mt_svp_simple_030_001.c line 329 function svp_simple_030_001_isr_1_0 thread 0
----------------------------------------------------
  rww_r_tmp2_num=1 (00000000000000000000000000000001)

State 128 file /home/dell/zyworkspace/nichecker/Experiment/remarks2.1/svp_simple_030/_mt_svp_simple_030_001_result/_cs_svp_simple_030_001_gloable_var_rww_mt_svp_simple_030_001.c line 330 function svp_simple_030_001_isr_1_0 thread 0
----------------------------------------------------
  rww_r_tmp2=2147483639 (01111111111111111111111111110111)

State 135 file /home/dell/zyworkspace/nichecker/Experiment/remarks2.1/svp_simple_030/_mt_svp_simple_030_001_result/_cs_svp_simple_030_001_gloable_var_rww_mt_svp_simple_030_001.c line 369 function svp_simple_030_001_isr_1_0 thread 0
----------------------------------------------------
  __cs_value_ptr=NULL (0000000000000000000000000000000000000000000000000000000000000000)

State 140 file /home/dell/zyworkspace/nichecker/Experiment/remarks2.1/svp_simple_030/_mt_svp_simple_030_001_result/_cs_svp_simple_030_001_gloable_var_rww_mt_svp_simple_030_001.c line 496 function main thread 0
----------------------------------------------------
  __cs_pc[2l]=2 (010)

State 141 file /home/dell/zyworkspace/nichecker/Experiment/remarks2.1/svp_simple_030/_mt_svp_simple_030_001_result/_cs_svp_simple_030_001_gloable_var_rww_mt_svp_simple_030_001.c line 502 function main thread 0
----------------------------------------------------
  __cs_tmp_t3_r0=4 (100)

State 143 file /home/dell/zyworkspace/nichecker/Experiment/remarks2.1/svp_simple_030/_mt_svp_simple_030_001_result/_cs_svp_simple_030_001_gloable_var_rww_mt_svp_simple_030_001.c line 523 function main thread 0
----------------------------------------------------
  __cs_tmp_t4_r0=1 (1)

State 145 file /home/dell/zyworkspace/nichecker/Experiment/remarks2.1/svp_simple_030/_mt_svp_simple_030_001_result/_cs_svp_simple_030_001_gloable_var_rww_mt_svp_simple_030_001.c line 548 function main thread 0
----------------------------------------------------
  __cs_tmp_t1_r1=5 (101)

State 151 file /home/dell/zyworkspace/nichecker/Experiment/remarks2.1/svp_simple_030/_mt_svp_simple_030_001_result/_cs_svp_simple_030_001_gloable_var_rww_mt_svp_simple_030_001.c line 569 function main thread 0
----------------------------------------------------
  __cs_tmp_t2_r1=6 (110)

State 158 file /home/dell/zyworkspace/nichecker/Experiment/remarks2.1/svp_simple_030/_mt_svp_simple_030_001_result/_cs_svp_simple_030_001_gloable_var_rww_mt_svp_simple_030_001.c line 574 function main thread 0
----------------------------------------------------
  __cs_thread_index=2 (010)

State 159 file /home/dell/zyworkspace/nichecker/Experiment/remarks2.1/svp_simple_030/_mt_svp_simple_030_001_result/_cs_svp_simple_030_001_gloable_var_rww_mt_svp_simple_030_001.c line 576 function main thread 0
----------------------------------------------------
  __cs_pc_cs[2l]=6 (110)

State 164 file /home/dell/zyworkspace/nichecker/Experiment/remarks2.1/svp_simple_030/_mt_svp_simple_030_001_result/_cs_svp_simple_030_001_gloable_var_rww_mt_svp_simple_030_001.c line 582 function main thread 0
----------------------------------------------------
  __cs_param_svp_simple_030_001_isr_1_arg=NULL (0000000000000000000000000000000000000000000000000000000000000000)

State 168 file /home/dell/zyworkspace/nichecker/Experiment/remarks2.1/svp_simple_030/_mt_svp_simple_030_001_result/_cs_svp_simple_030_001_gloable_var_rww_mt_svp_simple_030_001.c line 335 function svp_simple_030_001_isr_1_0 thread 0
----------------------------------------------------
  rww_w2=2147483639 (01111111111111111111111111110111)

State 171 file /home/dell/zyworkspace/nichecker/Experiment/remarks2.1/svp_simple_030/_mt_svp_simple_030_001_result/_cs_svp_simple_030_001_gloable_var_rww_mt_svp_simple_030_001.c line 338 function svp_simple_030_001_isr_1_0 thread 0
----------------------------------------------------
  rww_r_tmp2_num=0 (00000000000000000000000000000000)

State 172 file /home/dell/zyworkspace/nichecker/Experiment/remarks2.1/svp_simple_030/_mt_svp_simple_030_001_result/_cs_svp_simple_030_001_gloable_var_rww_mt_svp_simple_030_001.c line 341 function svp_simple_030_001_isr_1_0 thread 0
----------------------------------------------------
  svp_simple_030_001_gloable_var=2147483640 (01111111111111111111111111111000)

State 174 file /home/dell/zyworkspace/nichecker/Experiment/remarks2.1/svp_simple_030/_mt_svp_simple_030_001_result/_cs_svp_simple_030_001_gloable_var_rww_mt_svp_simple_030_001.c line 348 function svp_simple_030_001_isr_1_0 thread 0
----------------------------------------------------
  svp_simple_030_001_isr_1_flag=0 (00000000000000000000000000000000)

State 179 file /home/dell/zyworkspace/nichecker/Experiment/remarks2.1/svp_simple_030/_mt_svp_simple_030_001_result/_cs_svp_simple_030_001_gloable_var_rww_mt_svp_simple_030_001.c line 354 function svp_simple_030_001_isr_1_0 thread 0
----------------------------------------------------
  __cs_disable_thread[3l]=0 (0)

State 184 file /home/dell/zyworkspace/nichecker/Experiment/remarks2.1/svp_simple_030/_mt_svp_simple_030_001_result/_cs_svp_simple_030_001_gloable_var_rww_mt_svp_simple_030_001.c line 369 function svp_simple_030_001_isr_1_0 thread 0
----------------------------------------------------
  __cs_value_ptr=NULL (0000000000000000000000000000000000000000000000000000000000000000)

State 189 file /home/dell/zyworkspace/nichecker/Experiment/remarks2.1/svp_simple_030/_mt_svp_simple_030_001_result/_cs_svp_simple_030_001_gloable_var_rww_mt_svp_simple_030_001.c line 584 function main thread 0
----------------------------------------------------
  __cs_pc[2l]=6 (110)

State 190 file /home/dell/zyworkspace/nichecker/Experiment/remarks2.1/svp_simple_030/_mt_svp_simple_030_001_result/_cs_svp_simple_030_001_gloable_var_rww_mt_svp_simple_030_001.c line 590 function main thread 0
----------------------------------------------------
  __cs_tmp_t3_r1=0 (000)

State 192 file /home/dell/zyworkspace/nichecker/Experiment/remarks2.1/svp_simple_030/_mt_svp_simple_030_001_result/_cs_svp_simple_030_001_gloable_var_rww_mt_svp_simple_030_001.c line 595 function main thread 0
----------------------------------------------------
  __cs_thread_index=3 (011)

State 193 file /home/dell/zyworkspace/nichecker/Experiment/remarks2.1/svp_simple_030/_mt_svp_simple_030_001_result/_cs_svp_simple_030_001_gloable_var_rww_mt_svp_simple_030_001.c line 597 function main thread 0
----------------------------------------------------
  __cs_pc_cs[3l]=0 (000)

State 198 file /home/dell/zyworkspace/nichecker/Experiment/remarks2.1/svp_simple_030/_mt_svp_simple_030_001_result/_cs_svp_simple_030_001_gloable_var_rww_mt_svp_simple_030_001.c line 603 function main thread 0
----------------------------------------------------
  __cs_param_svp_simple_030_001_isr_2_arg=NULL (0000000000000000000000000000000000000000000000000000000000000000)

State 205 file /home/dell/zyworkspace/nichecker/Experiment/remarks2.1/svp_simple_030/_mt_svp_simple_030_001_result/_cs_svp_simple_030_001_gloable_var_rww_mt_svp_simple_030_001.c line 424 function svp_simple_030_001_isr_2_0 thread 0
----------------------------------------------------
  __cs_value_ptr=NULL (0000000000000000000000000000000000000000000000000000000000000000)

State 210 file /home/dell/zyworkspace/nichecker/Experiment/remarks2.1/svp_simple_030/_mt_svp_simple_030_001_result/_cs_svp_simple_030_001_gloable_var_rww_mt_svp_simple_030_001.c line 605 function main thread 0
----------------------------------------------------
  __cs_pc[3l]=0 (000)

State 211 file /home/dell/zyworkspace/nichecker/Experiment/remarks2.1/svp_simple_030/_mt_svp_simple_030_001_result/_cs_svp_simple_030_001_gloable_var_rww_mt_svp_simple_030_001.c line 611 function main thread 0
----------------------------------------------------
  __cs_tmp_t4_r1=0 (0)

State 213 file /home/dell/zyworkspace/nichecker/Experiment/remarks2.1/svp_simple_030/_mt_svp_simple_030_001_result/_cs_svp_simple_030_001_gloable_var_rww_mt_svp_simple_030_001.c line 630 function main thread 0
----------------------------------------------------
  __cs_tmp_t1_r2=6u (00000000000000000000000000000110)

State 215 file /home/dell/zyworkspace/nichecker/Experiment/remarks2.1/svp_simple_030/_mt_svp_simple_030_001_result/_cs_svp_simple_030_001_gloable_var_rww_mt_svp_simple_030_001.c line 635 function main thread 0
----------------------------------------------------
  __cs_thread_index=1 (001)

State 216 file /home/dell/zyworkspace/nichecker/Experiment/remarks2.1/svp_simple_030/_mt_svp_simple_030_001_result/_cs_svp_simple_030_001_gloable_var_rww_mt_svp_simple_030_001.c line 637 function main thread 0
----------------------------------------------------
  __cs_pc_cs[1l]=6 (110)

State 221 file /home/dell/zyworkspace/nichecker/Experiment/remarks2.1/svp_simple_030/_mt_svp_simple_030_001_result/_cs_svp_simple_030_001_gloable_var_rww_mt_svp_simple_030_001.c line 643 function main thread 0
----------------------------------------------------
  __cs_param_main_task_arg=NULL (0000000000000000000000000000000000000000000000000000000000000000)

State 229 file /home/dell/zyworkspace/nichecker/Experiment/remarks2.1/svp_simple_030/_mt_svp_simple_030_001_result/_cs_svp_simple_030_001_gloable_var_rww_mt_svp_simple_030_001.c line 279 function main_task_0 thread 0
----------------------------------------------------
  rww_w1=2147483640 (01111111111111111111111111111000)

Violated property:
  file /home/dell/zyworkspace/nichecker/Experiment/remarks2.1/svp_simple_030/_mt_svp_simple_030_001_result/_cs_svp_simple_030_001_gloable_var_rww_mt_svp_simple_030_001.c line 281 function main_task_0
  assertion rww_w1 == rww_r_tmp1
  rww_w1 == rww_r_tmp1


Trace for svp_simple_030_001_isr_1_0.assertion.1:

State 49 file /home/dell/zyworkspace/nichecker/Experiment/remarks2.1/svp_simple_030/_mt_svp_simple_030_001_result/_cs_svp_simple_030_001_gloable_var_rww_mt_svp_simple_030_001.c line 461 function main thread 0
----------------------------------------------------
  __cs_tmp_t1_r0=3 (011)

State 51 file /home/dell/zyworkspace/nichecker/Experiment/remarks2.1/svp_simple_030/_mt_svp_simple_030_001_result/_cs_svp_simple_030_001_gloable_var_rww_mt_svp_simple_030_001.c line 465 function main thread 0
----------------------------------------------------
  __cs_thread_index=1 (001)

State 52 file /home/dell/zyworkspace/nichecker/Experiment/remarks2.1/svp_simple_030/_mt_svp_simple_030_001_result/_cs_svp_simple_030_001_gloable_var_rww_mt_svp_simple_030_001.c line 467 function main thread 0
----------------------------------------------------
  __cs_pc_cs[1l]=3 (011)

State 57 file /home/dell/zyworkspace/nichecker/Experiment/remarks2.1/svp_simple_030/_mt_svp_simple_030_001_result/_cs_svp_simple_030_001_gloable_var_rww_mt_svp_simple_030_001.c line 473 function main thread 0
----------------------------------------------------
  __cs_param_main_task_arg=NULL (0000000000000000000000000000000000000000000000000000000000000000)

State 62 file /home/dell/zyworkspace/nichecker/Experiment/remarks2.1/svp_simple_030/_mt_svp_simple_030_001_result/_cs_svp_simple_030_001_gloable_var_rww_mt_svp_simple_030_001.c line 190 function main_task_0 thread 0
----------------------------------------------------
  __cs_disable_thread[4l]=1 (1)

State 63 file /home/dell/zyworkspace/nichecker/Experiment/remarks2.1/svp_simple_030/_mt_svp_simple_030_001_result/_cs_svp_simple_030_001_gloable_var_rww_mt_svp_simple_030_001.c line 193 function main_task_0 thread 0
----------------------------------------------------
  __cs_disable_thread[3l]=1 (1)

State 64 file /home/dell/zyworkspace/nichecker/Experiment/remarks2.1/svp_simple_030/_mt_svp_simple_030_001_result/_cs_svp_simple_030_001_gloable_var_rww_mt_svp_simple_030_001.c line 196 function main_task_0 thread 0
----------------------------------------------------
  __cs_disable_thread[2l]=1 (1)

State 65 file /home/dell/zyworkspace/nichecker/Experiment/remarks2.1/svp_simple_030/_mt_svp_simple_030_001_result/_cs_svp_simple_030_001_gloable_var_rww_mt_svp_simple_030_001.c line 199 function main_task_0 thread 0
----------------------------------------------------
  __cs_disable_thread[0l]=1 (1)

State 69 file /home/dell/zyworkspace/nichecker/Experiment/remarks2.1/svp_simple_030/_mt_svp_simple_030_001_result/_cs_svp_simple_030_001_gloable_var_rww_mt_svp_simple_030_001.c line 204 function main_task_0 thread 0
----------------------------------------------------
  svp_simple_030_001_gloable_var=-1542701058 (10100100000011000011111111111110)

State 74 file /home/dell/zyworkspace/nichecker/Experiment/remarks2.1/svp_simple_030/_mt_svp_simple_030_001_result/_cs_svp_simple_030_001_gloable_var_rww_mt_svp_simple_030_001.c line 209 function main_task_0 thread 0
----------------------------------------------------
  svp_simple_030_001_isr_1_flag=2 (00000000000000000000000000000010)

State 79 file /home/dell/zyworkspace/nichecker/Experiment/remarks2.1/svp_simple_030/_mt_svp_simple_030_001_result/_cs_svp_simple_030_001_gloable_var_rww_mt_svp_simple_030_001.c line 217 function main_task_0 thread 0
----------------------------------------------------
  __cs_disable_thread[4l]=0 (0)

State 80 file /home/dell/zyworkspace/nichecker/Experiment/remarks2.1/svp_simple_030/_mt_svp_simple_030_001_result/_cs_svp_simple_030_001_gloable_var_rww_mt_svp_simple_030_001.c line 220 function main_task_0 thread 0
----------------------------------------------------
  __cs_disable_thread[3l]=0 (0)

State 81 file /home/dell/zyworkspace/nichecker/Experiment/remarks2.1/svp_simple_030/_mt_svp_simple_030_001_result/_cs_svp_simple_030_001_gloable_var_rww_mt_svp_simple_030_001.c line 223 function main_task_0 thread 0
----------------------------------------------------
  __cs_disable_thread[2l]=0 (0)

State 82 file /home/dell/zyworkspace/nichecker/Experiment/remarks2.1/svp_simple_030/_mt_svp_simple_030_001_result/_cs_svp_simple_030_001_gloable_var_rww_mt_svp_simple_030_001.c line 226 function main_task_0 thread 0
----------------------------------------------------
  __cs_disable_thread[0l]=0 (0)

State 89 file /home/dell/zyworkspace/nichecker/Experiment/remarks2.1/svp_simple_030/_mt_svp_simple_030_001_result/_cs_svp_simple_030_001_gloable_var_rww_mt_svp_simple_030_001.c line 310 function main_task_0 thread 0
----------------------------------------------------
  __cs_value_ptr=NULL (0000000000000000000000000000000000000000000000000000000000000000)

State 94 file /home/dell/zyworkspace/nichecker/Experiment/remarks2.1/svp_simple_030/_mt_svp_simple_030_001_result/_cs_svp_simple_030_001_gloable_var_rww_mt_svp_simple_030_001.c line 475 function main thread 0
----------------------------------------------------
  __cs_pc[1l]=3 (011)

State 95 file /home/dell/zyworkspace/nichecker/Experiment/remarks2.1/svp_simple_030/_mt_svp_simple_030_001_result/_cs_svp_simple_030_001_gloable_var_rww_mt_svp_simple_030_001.c line 481 function main thread 0
----------------------------------------------------
  __cs_tmp_t2_r0=2 (010)

State 102 file /home/dell/zyworkspace/nichecker/Experiment/remarks2.1/svp_simple_030/_mt_svp_simple_030_001_result/_cs_svp_simple_030_001_gloable_var_rww_mt_svp_simple_030_001.c line 486 function main thread 0
----------------------------------------------------
  __cs_thread_index=2 (010)

State 103 file /home/dell/zyworkspace/nichecker/Experiment/remarks2.1/svp_simple_030/_mt_svp_simple_030_001_result/_cs_svp_simple_030_001_gloable_var_rww_mt_svp_simple_030_001.c line 488 function main thread 0
----------------------------------------------------
  __cs_pc_cs[2l]=2 (010)

State 108 file /home/dell/zyworkspace/nichecker/Experiment/remarks2.1/svp_simple_030/_mt_svp_simple_030_001_result/_cs_svp_simple_030_001_gloable_var_rww_mt_svp_simple_030_001.c line 494 function main thread 0
----------------------------------------------------
  __cs_param_svp_simple_030_001_isr_1_arg=NULL (0000000000000000000000000000000000000000000000000000000000000000)

State 110 file /home/dell/zyworkspace/nichecker/Experiment/remarks2.1/svp_simple_030/_mt_svp_simple_030_001_result/_cs_svp_simple_030_001_gloable_var_rww_mt_svp_simple_030_001.c line 323 function svp_simple_030_001_isr_1_0 thread 0
----------------------------------------------------
  __cs_temporary_0=0 (00000000000000000000000000000000)

State 112 file /home/dell/zyworkspace/nichecker/Experiment/remarks2.1/svp_simple_030/_mt_svp_simple_030_001_result/_cs_svp_simple_030_001_gloable_var_rww_mt_svp_simple_030_001.c line 327 function svp_simple_030_001_isr_1_0 thread 0
----------------------------------------------------
  __cs_temporary_0=-1542701057 (10100100000011000011111111111111)

State 113 file /home/dell/zyworkspace/nichecker/Experiment/remarks2.1/svp_simple_030/_mt_svp_simple_030_001_result/_cs_svp_simple_030_001_gloable_var_rww_mt_svp_simple_030_001.c line 329 function svp_simple_030_001_isr_1_0 thread 0
----------------------------------------------------
  rww_r_tmp2_num=1 (00000000000000000000000000000001)

State 114 file /home/dell/zyworkspace/nichecker/Experiment/remarks2.1/svp_simple_030/_mt_svp_simple_030_001_result/_cs_svp_simple_030_001_gloable_var_rww_mt_svp_simple_030_001.c line 330 function svp_simple_030_001_isr_1_0 thread 0
----------------------------------------------------
  rww_r_tmp2=-1542701058 (10100100000011000011111111111110)

State 121 file /home/dell/zyworkspace/nichecker/Experiment/remarks2.1/svp_simple_030/_mt_svp_simple_030_001_result/_cs_svp_simple_030_001_gloable_var_rww_mt_svp_simple_030_001.c line 369 function svp_simple_030_001_isr_1_0 thread 0
----------------------------------------------------
  __cs_value_ptr=NULL (0000000000000000000000000000000000000000000000000000000000000000)

State 126 file /home/dell/zyworkspace/nichecker/Experiment/remarks2.1/svp_simple_030/_mt_svp_simple_030_001_result/_cs_svp_simple_030_001_gloable_var_rww_mt_svp_simple_030_001.c line 496 function main thread 0
----------------------------------------------------
  __cs_pc[2l]=2 (010)

State 127 file /home/dell/zyworkspace/nichecker/Experiment/remarks2.1/svp_simple_030/_mt_svp_simple_030_001_result/_cs_svp_simple_030_001_gloable_var_rww_mt_svp_simple_030_001.c line 502 function main thread 0
----------------------------------------------------
  __cs_tmp_t3_r0=4 (100)

State 129 file /home/dell/zyworkspace/nichecker/Experiment/remarks2.1/svp_simple_030/_mt_svp_simple_030_001_result/_cs_svp_simple_030_001_gloable_var_rww_mt_svp_simple_030_001.c line 507 function main thread 0
----------------------------------------------------
  __cs_thread_index=3 (011)

State 130 file /home/dell/zyworkspace/nichecker/Experiment/remarks2.1/svp_simple_030/_mt_svp_simple_030_001_result/_cs_svp_simple_030_001_gloable_var_rww_mt_svp_simple_030_001.c line 509 function main thread 0
----------------------------------------------------
  __cs_pc_cs[3l]=4 (100)

State 135 file /home/dell/zyworkspace/nichecker/Experiment/remarks2.1/svp_simple_030/_mt_svp_simple_030_001_result/_cs_svp_simple_030_001_gloable_var_rww_mt_svp_simple_030_001.c line 515 function main thread 0
----------------------------------------------------
  __cs_param_svp_simple_030_001_isr_2_arg=NULL (0000000000000000000000000000000000000000000000000000000000000000)

State 137 file /home/dell/zyworkspace/nichecker/Experiment/remarks2.1/svp_simple_030/_mt_svp_simple_030_001_result/_cs_svp_simple_030_001_gloable_var_rww_mt_svp_simple_030_001.c line 381 function svp_simple_030_001_isr_2_0 thread 0
----------------------------------------------------
  __cs_local_svp_simple_030_001_isr_2___cs_tmp_if_cond_0=TRUE (00000001)

State 139 file /home/dell/zyworkspace/nichecker/Experiment/remarks2.1/svp_simple_030/_mt_svp_simple_030_001_result/_cs_svp_simple_030_001_gloable_var_rww_mt_svp_simple_030_001.c line 388 function svp_simple_030_001_isr_2_0 thread 0
----------------------------------------------------
  __cs_temporary_0=0 (00000000000000000000000000000000)

State 141 file /home/dell/zyworkspace/nichecker/Experiment/remarks2.1/svp_simple_030/_mt_svp_simple_030_001_result/_cs_svp_simple_030_001_gloable_var_rww_mt_svp_simple_030_001.c line 392 function svp_simple_030_001_isr_2_0 thread 0
----------------------------------------------------
  __cs_temporary_0=-1542701057 (10100100000011000011111111111111)

State 142 file /home/dell/zyworkspace/nichecker/Experiment/remarks2.1/svp_simple_030/_mt_svp_simple_030_001_result/_cs_svp_simple_030_001_gloable_var_rww_mt_svp_simple_030_001.c line 394 function svp_simple_030_001_isr_2_0 thread 0
----------------------------------------------------
  rww_r_tmp3_num=1 (00000000000000000000000000000001)

State 143 file /home/dell/zyworkspace/nichecker/Experiment/remarks2.1/svp_simple_030/_mt_svp_simple_030_001_result/_cs_svp_simple_030_001_gloable_var_rww_mt_svp_simple_030_001.c line 395 function svp_simple_030_001_isr_2_0 thread 0
----------------------------------------------------
  rww_r_tmp3=-1542701058 (10100100000011000011111111111110)

State 145 file /home/dell/zyworkspace/nichecker/Experiment/remarks2.1/svp_simple_030/_mt_svp_simple_030_001_result/_cs_svp_simple_030_001_gloable_var_rww_mt_svp_simple_030_001.c line 400 function svp_simple_030_001_isr_2_0 thread 0
----------------------------------------------------
  rww_w3=-1542701058 (10100100000011000011111111111110)

State 148 file /home/dell/zyworkspace/nichecker/Experiment/remarks2.1/svp_simple_030/_mt_svp_simple_030_001_result/_cs_svp_simple_030_001_gloable_var_rww_mt_svp_simple_030_001.c line 403 function svp_simple_030_001_isr_2_0 thread 0
----------------------------------------------------
  rww_r_tmp3_num=0 (00000000000000000000000000000000)

State 149 file /home/dell/zyworkspace/nichecker/Experiment/remarks2.1/svp_simple_030/_mt_svp_simple_030_001_result/_cs_svp_simple_030_001_gloable_var_rww_mt_svp_simple_030_001.c line 406 function svp_simple_030_001_isr_2_0 thread 0
----------------------------------------------------
  svp_simple_030_001_gloable_var=-1542701057 (10100100000011000011111111111111)

State 155 file /home/dell/zyworkspace/nichecker/Experiment/remarks2.1/svp_simple_030/_mt_svp_simple_030_001_result/_cs_svp_simple_030_001_gloable_var_rww_mt_svp_simple_030_001.c line 424 function svp_simple_030_001_isr_2_0 thread 0
----------------------------------------------------
  __cs_value_ptr=NULL (0000000000000000000000000000000000000000000000000000000000000000)

State 160 file /home/dell/zyworkspace/nichecker/Experiment/remarks2.1/svp_simple_030/_mt_svp_simple_030_001_result/_cs_svp_simple_030_001_gloable_var_rww_mt_svp_simple_030_001.c line 517 function main thread 0
----------------------------------------------------
  __cs_pc[3l]=4 (100)

State 161 file /home/dell/zyworkspace/nichecker/Experiment/remarks2.1/svp_simple_030/_mt_svp_simple_030_001_result/_cs_svp_simple_030_001_gloable_var_rww_mt_svp_simple_030_001.c line 523 function main thread 0
----------------------------------------------------
  __cs_tmp_t4_r0=0 (0)

State 163 file /home/dell/zyworkspace/nichecker/Experiment/remarks2.1/svp_simple_030/_mt_svp_simple_030_001_result/_cs_svp_simple_030_001_gloable_var_rww_mt_svp_simple_030_001.c line 528 function main thread 0
----------------------------------------------------
  __cs_thread_index=4 (100)

State 164 file /home/dell/zyworkspace/nichecker/Experiment/remarks2.1/svp_simple_030/_mt_svp_simple_030_001_result/_cs_svp_simple_030_001_gloable_var_rww_mt_svp_simple_030_001.c line 530 function main thread 0
----------------------------------------------------
  __cs_pc_cs[4l]=0 (000)

State 169 file /home/dell/zyworkspace/nichecker/Experiment/remarks2.1/svp_simple_030/_mt_svp_simple_030_001_result/_cs_svp_simple_030_001_gloable_var_rww_mt_svp_simple_030_001.c line 536 function main thread 0
----------------------------------------------------
  __cs_param_svp_simple_030_001_isr_3_arg=NULL (0000000000000000000000000000000000000000000000000000000000000000)

State 173 file /home/dell/zyworkspace/nichecker/Experiment/remarks2.1/svp_simple_030/_mt_svp_simple_030_001_result/_cs_svp_simple_030_001_gloable_var_rww_mt_svp_simple_030_001.c line 449 function svp_simple_030_001_isr_3_0 thread 0
----------------------------------------------------
  __cs_value_ptr=NULL (0000000000000000000000000000000000000000000000000000000000000000)

State 178 file /home/dell/zyworkspace/nichecker/Experiment/remarks2.1/svp_simple_030/_mt_svp_simple_030_001_result/_cs_svp_simple_030_001_gloable_var_rww_mt_svp_simple_030_001.c line 538 function main thread 0
----------------------------------------------------
  __cs_pc[4l]=0 (000)

State 179 file /home/dell/zyworkspace/nichecker/Experiment/remarks2.1/svp_simple_030/_mt_svp_simple_030_001_result/_cs_svp_simple_030_001_gloable_var_rww_mt_svp_simple_030_001.c line 548 function main thread 0
----------------------------------------------------
  __cs_tmp_t1_r1=0 (000)

State 185 file /home/dell/zyworkspace/nichecker/Experiment/remarks2.1/svp_simple_030/_mt_svp_simple_030_001_result/_cs_svp_simple_030_001_gloable_var_rww_mt_svp_simple_030_001.c line 569 function main thread 0
----------------------------------------------------
  __cs_tmp_t2_r1=4 (100)

State 191 file /home/dell/zyworkspace/nichecker/Experiment/remarks2.1/svp_simple_030/_mt_svp_simple_030_001_result/_cs_svp_simple_030_001_gloable_var_rww_mt_svp_simple_030_001.c line 574 function main thread 0
----------------------------------------------------
  __cs_thread_index=2 (010)

State 192 file /home/dell/zyworkspace/nichecker/Experiment/remarks2.1/svp_simple_030/_mt_svp_simple_030_001_result/_cs_svp_simple_030_001_gloable_var_rww_mt_svp_simple_030_001.c line 576 function main thread 0
----------------------------------------------------
  __cs_pc_cs[2l]=4 (100)

State 197 file /home/dell/zyworkspace/nichecker/Experiment/remarks2.1/svp_simple_030/_mt_svp_simple_030_001_result/_cs_svp_simple_030_001_gloable_var_rww_mt_svp_simple_030_001.c line 582 function main thread 0
----------------------------------------------------
  __cs_param_svp_simple_030_001_isr_1_arg=NULL (0000000000000000000000000000000000000000000000000000000000000000)

State 201 file /home/dell/zyworkspace/nichecker/Experiment/remarks2.1/svp_simple_030/_mt_svp_simple_030_001_result/_cs_svp_simple_030_001_gloable_var_rww_mt_svp_simple_030_001.c line 335 function svp_simple_030_001_isr_1_0 thread 0
----------------------------------------------------
  rww_w2=-1542701057 (10100100000011000011111111111111)

Violated property:
  file /home/dell/zyworkspace/nichecker/Experiment/remarks2.1/svp_simple_030/_mt_svp_simple_030_001_result/_cs_svp_simple_030_001_gloable_var_rww_mt_svp_simple_030_001.c line 337 function svp_simple_030_001_isr_1_0
  assertion rww_w2 == rww_r_tmp2
  rww_w2 == rww_r_tmp2


Trace for svp_simple_030_001_isr_2_0.assertion.1:

State 49 file /home/dell/zyworkspace/nichecker/Experiment/remarks2.1/svp_simple_030/_mt_svp_simple_030_001_result/_cs_svp_simple_030_001_gloable_var_rww_mt_svp_simple_030_001.c line 461 function main thread 0
----------------------------------------------------
  __cs_tmp_t1_r0=3 (011)

State 51 file /home/dell/zyworkspace/nichecker/Experiment/remarks2.1/svp_simple_030/_mt_svp_simple_030_001_result/_cs_svp_simple_030_001_gloable_var_rww_mt_svp_simple_030_001.c line 465 function main thread 0
----------------------------------------------------
  __cs_thread_index=1 (001)

State 52 file /home/dell/zyworkspace/nichecker/Experiment/remarks2.1/svp_simple_030/_mt_svp_simple_030_001_result/_cs_svp_simple_030_001_gloable_var_rww_mt_svp_simple_030_001.c line 467 function main thread 0
----------------------------------------------------
  __cs_pc_cs[1l]=3 (011)

State 57 file /home/dell/zyworkspace/nichecker/Experiment/remarks2.1/svp_simple_030/_mt_svp_simple_030_001_result/_cs_svp_simple_030_001_gloable_var_rww_mt_svp_simple_030_001.c line 473 function main thread 0
----------------------------------------------------
  __cs_param_main_task_arg=NULL (0000000000000000000000000000000000000000000000000000000000000000)

State 62 file /home/dell/zyworkspace/nichecker/Experiment/remarks2.1/svp_simple_030/_mt_svp_simple_030_001_result/_cs_svp_simple_030_001_gloable_var_rww_mt_svp_simple_030_001.c line 190 function main_task_0 thread 0
----------------------------------------------------
  __cs_disable_thread[4l]=1 (1)

State 63 file /home/dell/zyworkspace/nichecker/Experiment/remarks2.1/svp_simple_030/_mt_svp_simple_030_001_result/_cs_svp_simple_030_001_gloable_var_rww_mt_svp_simple_030_001.c line 193 function main_task_0 thread 0
----------------------------------------------------
  __cs_disable_thread[3l]=1 (1)

State 64 file /home/dell/zyworkspace/nichecker/Experiment/remarks2.1/svp_simple_030/_mt_svp_simple_030_001_result/_cs_svp_simple_030_001_gloable_var_rww_mt_svp_simple_030_001.c line 196 function main_task_0 thread 0
----------------------------------------------------
  __cs_disable_thread[2l]=1 (1)

State 65 file /home/dell/zyworkspace/nichecker/Experiment/remarks2.1/svp_simple_030/_mt_svp_simple_030_001_result/_cs_svp_simple_030_001_gloable_var_rww_mt_svp_simple_030_001.c line 199 function main_task_0 thread 0
----------------------------------------------------
  __cs_disable_thread[0l]=1 (1)

State 69 file /home/dell/zyworkspace/nichecker/Experiment/remarks2.1/svp_simple_030/_mt_svp_simple_030_001_result/_cs_svp_simple_030_001_gloable_var_rww_mt_svp_simple_030_001.c line 204 function main_task_0 thread 0
----------------------------------------------------
  svp_simple_030_001_gloable_var=7 (00000000000000000000000000000111)

State 74 file /home/dell/zyworkspace/nichecker/Experiment/remarks2.1/svp_simple_030/_mt_svp_simple_030_001_result/_cs_svp_simple_030_001_gloable_var_rww_mt_svp_simple_030_001.c line 209 function main_task_0 thread 0
----------------------------------------------------
  svp_simple_030_001_isr_1_flag=2097152 (00000000001000000000000000000000)

State 79 file /home/dell/zyworkspace/nichecker/Experiment/remarks2.1/svp_simple_030/_mt_svp_simple_030_001_result/_cs_svp_simple_030_001_gloable_var_rww_mt_svp_simple_030_001.c line 217 function main_task_0 thread 0
----------------------------------------------------
  __cs_disable_thread[4l]=0 (0)

State 80 file /home/dell/zyworkspace/nichecker/Experiment/remarks2.1/svp_simple_030/_mt_svp_simple_030_001_result/_cs_svp_simple_030_001_gloable_var_rww_mt_svp_simple_030_001.c line 220 function main_task_0 thread 0
----------------------------------------------------
  __cs_disable_thread[3l]=0 (0)

State 81 file /home/dell/zyworkspace/nichecker/Experiment/remarks2.1/svp_simple_030/_mt_svp_simple_030_001_result/_cs_svp_simple_030_001_gloable_var_rww_mt_svp_simple_030_001.c line 223 function main_task_0 thread 0
----------------------------------------------------
  __cs_disable_thread[2l]=0 (0)

State 82 file /home/dell/zyworkspace/nichecker/Experiment/remarks2.1/svp_simple_030/_mt_svp_simple_030_001_result/_cs_svp_simple_030_001_gloable_var_rww_mt_svp_simple_030_001.c line 226 function main_task_0 thread 0
----------------------------------------------------
  __cs_disable_thread[0l]=0 (0)

State 89 file /home/dell/zyworkspace/nichecker/Experiment/remarks2.1/svp_simple_030/_mt_svp_simple_030_001_result/_cs_svp_simple_030_001_gloable_var_rww_mt_svp_simple_030_001.c line 310 function main_task_0 thread 0
----------------------------------------------------
  __cs_value_ptr=NULL (0000000000000000000000000000000000000000000000000000000000000000)

State 94 file /home/dell/zyworkspace/nichecker/Experiment/remarks2.1/svp_simple_030/_mt_svp_simple_030_001_result/_cs_svp_simple_030_001_gloable_var_rww_mt_svp_simple_030_001.c line 475 function main thread 0
----------------------------------------------------
  __cs_pc[1l]=3 (011)

State 95 file /home/dell/zyworkspace/nichecker/Experiment/remarks2.1/svp_simple_030/_mt_svp_simple_030_001_result/_cs_svp_simple_030_001_gloable_var_rww_mt_svp_simple_030_001.c line 481 function main thread 0
----------------------------------------------------
  __cs_tmp_t2_r0=0 (000)

State 102 file /home/dell/zyworkspace/nichecker/Experiment/remarks2.1/svp_simple_030/_mt_svp_simple_030_001_result/_cs_svp_simple_030_001_gloable_var_rww_mt_svp_simple_030_001.c line 486 function main thread 0
----------------------------------------------------
  __cs_thread_index=2 (010)

State 103 file /home/dell/zyworkspace/nichecker/Experiment/remarks2.1/svp_simple_030/_mt_svp_simple_030_001_result/_cs_svp_simple_030_001_gloable_var_rww_mt_svp_simple_030_001.c line 488 function main thread 0
----------------------------------------------------
  __cs_pc_cs[2l]=0 (000)

State 108 file /home/dell/zyworkspace/nichecker/Experiment/remarks2.1/svp_simple_030/_mt_svp_simple_030_001_result/_cs_svp_simple_030_001_gloable_var_rww_mt_svp_simple_030_001.c line 494 function main thread 0
----------------------------------------------------
  __cs_param_svp_simple_030_001_isr_1_arg=NULL (0000000000000000000000000000000000000000000000000000000000000000)

State 117 file /home/dell/zyworkspace/nichecker/Experiment/remarks2.1/svp_simple_030/_mt_svp_simple_030_001_result/_cs_svp_simple_030_001_gloable_var_rww_mt_svp_simple_030_001.c line 369 function svp_simple_030_001_isr_1_0 thread 0
----------------------------------------------------
  __cs_value_ptr=NULL (0000000000000000000000000000000000000000000000000000000000000000)

State 122 file /home/dell/zyworkspace/nichecker/Experiment/remarks2.1/svp_simple_030/_mt_svp_simple_030_001_result/_cs_svp_simple_030_001_gloable_var_rww_mt_svp_simple_030_001.c line 496 function main thread 0
----------------------------------------------------
  __cs_pc[2l]=0 (000)

State 123 file /home/dell/zyworkspace/nichecker/Experiment/remarks2.1/svp_simple_030/_mt_svp_simple_030_001_result/_cs_svp_simple_030_001_gloable_var_rww_mt_svp_simple_030_001.c line 502 function main thread 0
----------------------------------------------------
  __cs_tmp_t3_r0=2 (010)

State 125 file /home/dell/zyworkspace/nichecker/Experiment/remarks2.1/svp_simple_030/_mt_svp_simple_030_001_result/_cs_svp_simple_030_001_gloable_var_rww_mt_svp_simple_030_001.c line 507 function main thread 0
----------------------------------------------------
  __cs_thread_index=3 (011)

State 126 file /home/dell/zyworkspace/nichecker/Experiment/remarks2.1/svp_simple_030/_mt_svp_simple_030_001_result/_cs_svp_simple_030_001_gloable_var_rww_mt_svp_simple_030_001.c line 509 function main thread 0
----------------------------------------------------
  __cs_pc_cs[3l]=2 (010)

State 131 file /home/dell/zyworkspace/nichecker/Experiment/remarks2.1/svp_simple_030/_mt_svp_simple_030_001_result/_cs_svp_simple_030_001_gloable_var_rww_mt_svp_simple_030_001.c line 515 function main thread 0
----------------------------------------------------
  __cs_param_svp_simple_030_001_isr_2_arg=NULL (0000000000000000000000000000000000000000000000000000000000000000)

State 133 file /home/dell/zyworkspace/nichecker/Experiment/remarks2.1/svp_simple_030/_mt_svp_simple_030_001_result/_cs_svp_simple_030_001_gloable_var_rww_mt_svp_simple_030_001.c line 381 function svp_simple_030_001_isr_2_0 thread 0
----------------------------------------------------
  __cs_local_svp_simple_030_001_isr_2___cs_tmp_if_cond_0=TRUE (00000001)

State 135 file /home/dell/zyworkspace/nichecker/Experiment/remarks2.1/svp_simple_030/_mt_svp_simple_030_001_result/_cs_svp_simple_030_001_gloable_var_rww_mt_svp_simple_030_001.c line 388 function svp_simple_030_001_isr_2_0 thread 0
----------------------------------------------------
  __cs_temporary_0=0 (00000000000000000000000000000000)

State 137 file /home/dell/zyworkspace/nichecker/Experiment/remarks2.1/svp_simple_030/_mt_svp_simple_030_001_result/_cs_svp_simple_030_001_gloable_var_rww_mt_svp_simple_030_001.c line 392 function svp_simple_030_001_isr_2_0 thread 0
----------------------------------------------------
  __cs_temporary_0=8 (00000000000000000000000000001000)

State 138 file /home/dell/zyworkspace/nichecker/Experiment/remarks2.1/svp_simple_030/_mt_svp_simple_030_001_result/_cs_svp_simple_030_001_gloable_var_rww_mt_svp_simple_030_001.c line 394 function svp_simple_030_001_isr_2_0 thread 0
----------------------------------------------------
  rww_r_tmp3_num=1 (00000000000000000000000000000001)

State 139 file /home/dell/zyworkspace/nichecker/Experiment/remarks2.1/svp_simple_030/_mt_svp_simple_030_001_result/_cs_svp_simple_030_001_gloable_var_rww_mt_svp_simple_030_001.c line 395 function svp_simple_030_001_isr_2_0 thread 0
----------------------------------------------------
  rww_r_tmp3=7 (00000000000000000000000000000111)

State 144 file /home/dell/zyworkspace/nichecker/Experiment/remarks2.1/svp_simple_030/_mt_svp_simple_030_001_result/_cs_svp_simple_030_001_gloable_var_rww_mt_svp_simple_030_001.c line 424 function svp_simple_030_001_isr_2_0 thread 0
----------------------------------------------------
  __cs_value_ptr=NULL (0000000000000000000000000000000000000000000000000000000000000000)

State 149 file /home/dell/zyworkspace/nichecker/Experiment/remarks2.1/svp_simple_030/_mt_svp_simple_030_001_result/_cs_svp_simple_030_001_gloable_var_rww_mt_svp_simple_030_001.c line 517 function main thread 0
----------------------------------------------------
  __cs_pc[3l]=2 (010)

State 150 file /home/dell/zyworkspace/nichecker/Experiment/remarks2.1/svp_simple_030/_mt_svp_simple_030_001_result/_cs_svp_simple_030_001_gloable_var_rww_mt_svp_simple_030_001.c line 523 function main thread 0
----------------------------------------------------
  __cs_tmp_t4_r0=1 (1)

State 152 file /home/dell/zyworkspace/nichecker/Experiment/remarks2.1/svp_simple_030/_mt_svp_simple_030_001_result/_cs_svp_simple_030_001_gloable_var_rww_mt_svp_simple_030_001.c line 528 function main thread 0
----------------------------------------------------
  __cs_thread_index=4 (100)

State 153 file /home/dell/zyworkspace/nichecker/Experiment/remarks2.1/svp_simple_030/_mt_svp_simple_030_001_result/_cs_svp_simple_030_001_gloable_var_rww_mt_svp_simple_030_001.c line 530 function main thread 0
----------------------------------------------------
  __cs_pc_cs[4l]=1 (001)

State 158 file /home/dell/zyworkspace/nichecker/Experiment/remarks2.1/svp_simple_030/_mt_svp_simple_030_001_result/_cs_svp_simple_030_001_gloable_var_rww_mt_svp_simple_030_001.c line 536 function main thread 0
----------------------------------------------------
  __cs_param_svp_simple_030_001_isr_3_arg=NULL (0000000000000000000000000000000000000000000000000000000000000000)

State 160 file /home/dell/zyworkspace/nichecker/Experiment/remarks2.1/svp_simple_030/_mt_svp_simple_030_001_result/_cs_svp_simple_030_001_gloable_var_rww_mt_svp_simple_030_001.c line 435 function svp_simple_030_001_isr_3_0 thread 0
----------------------------------------------------
  __cs_temporary_0=0 (00000000000000000000000000000000)

State 161 file /home/dell/zyworkspace/nichecker/Experiment/remarks2.1/svp_simple_030/_mt_svp_simple_030_001_result/_cs_svp_simple_030_001_gloable_var_rww_mt_svp_simple_030_001.c line 437 function svp_simple_030_001_isr_3_0 thread 0
----------------------------------------------------
  __cs_temporary_0=8 (00000000000000000000000000001000)

State 162 file /home/dell/zyworkspace/nichecker/Experiment/remarks2.1/svp_simple_030/_mt_svp_simple_030_001_result/_cs_svp_simple_030_001_gloable_var_rww_mt_svp_simple_030_001.c line 438 function svp_simple_030_001_isr_3_0 thread 0
----------------------------------------------------
  svp_simple_030_001_gloable_var=8 (00000000000000000000000000001000)

State 166 file /home/dell/zyworkspace/nichecker/Experiment/remarks2.1/svp_simple_030/_mt_svp_simple_030_001_result/_cs_svp_simple_030_001_gloable_var_rww_mt_svp_simple_030_001.c line 449 function svp_simple_030_001_isr_3_0 thread 0
----------------------------------------------------
  __cs_value_ptr=NULL (0000000000000000000000000000000000000000000000000000000000000000)

State 171 file /home/dell/zyworkspace/nichecker/Experiment/remarks2.1/svp_simple_030/_mt_svp_simple_030_001_result/_cs_svp_simple_030_001_gloable_var_rww_mt_svp_simple_030_001.c line 538 function main thread 0
----------------------------------------------------
  __cs_pc[4l]=1 (001)

State 172 file /home/dell/zyworkspace/nichecker/Experiment/remarks2.1/svp_simple_030/_mt_svp_simple_030_001_result/_cs_svp_simple_030_001_gloable_var_rww_mt_svp_simple_030_001.c line 548 function main thread 0
----------------------------------------------------
  __cs_tmp_t1_r1=5 (101)

State 183 file /home/dell/zyworkspace/nichecker/Experiment/remarks2.1/svp_simple_030/_mt_svp_simple_030_001_result/_cs_svp_simple_030_001_gloable_var_rww_mt_svp_simple_030_001.c line 569 function main thread 0
----------------------------------------------------
  __cs_tmp_t2_r1=1 (001)

State 189 file /home/dell/zyworkspace/nichecker/Experiment/remarks2.1/svp_simple_030/_mt_svp_simple_030_001_result/_cs_svp_simple_030_001_gloable_var_rww_mt_svp_simple_030_001.c line 590 function main thread 0
----------------------------------------------------
  __cs_tmp_t3_r1=4 (100)

State 191 file /home/dell/zyworkspace/nichecker/Experiment/remarks2.1/svp_simple_030/_mt_svp_simple_030_001_result/_cs_svp_simple_030_001_gloable_var_rww_mt_svp_simple_030_001.c line 595 function main thread 0
----------------------------------------------------
  __cs_thread_index=3 (011)

State 192 file /home/dell/zyworkspace/nichecker/Experiment/remarks2.1/svp_simple_030/_mt_svp_simple_030_001_result/_cs_svp_simple_030_001_gloable_var_rww_mt_svp_simple_030_001.c line 597 function main thread 0
----------------------------------------------------
  __cs_pc_cs[3l]=4 (100)

State 197 file /home/dell/zyworkspace/nichecker/Experiment/remarks2.1/svp_simple_030/_mt_svp_simple_030_001_result/_cs_svp_simple_030_001_gloable_var_rww_mt_svp_simple_030_001.c line 603 function main thread 0
----------------------------------------------------
  __cs_param_svp_simple_030_001_isr_2_arg=NULL (0000000000000000000000000000000000000000000000000000000000000000)

State 201 file /home/dell/zyworkspace/nichecker/Experiment/remarks2.1/svp_simple_030/_mt_svp_simple_030_001_result/_cs_svp_simple_030_001_gloable_var_rww_mt_svp_simple_030_001.c line 400 function svp_simple_030_001_isr_2_0 thread 0
----------------------------------------------------
  rww_w3=8 (00000000000000000000000000001000)

Violated property:
  file /home/dell/zyworkspace/nichecker/Experiment/remarks2.1/svp_simple_030/_mt_svp_simple_030_001_result/_cs_svp_simple_030_001_gloable_var_rww_mt_svp_simple_030_001.c line 402 function svp_simple_030_001_isr_2_0
  assertion rww_w3 == rww_r_tmp3
  rww_w3 == rww_r_tmp3


** 3 of 3 failed (3 iterations)
VERIFICATION FAILED
