CBMC version 5.6 64-bit x86_64 linux
Parsing /home/dell/zyworkspace/nichecker/Experiment/remarks2.1_LA_Slicing/svp_simple_019/_mt_svp_simple_019_001_result/_cs_svp_simple_019_001_global_var1_rwr_mt_svp_simple_019_001.c
<command-line>: warning: "__STDC_VERSION__" redefined
<built-in>: note: this is the location of the previous definition
Converting
Type-checking _cs_svp_simple_019_001_global_var1_rwr_mt_svp_simple_019_001
file /home/dell/zyworkspace/nichecker/Experiment/remarks2.1_LA_Slicing/svp_simple_019/_mt_svp_simple_019_001_result/_cs_svp_simple_019_001_global_var1_rwr_mt_svp_simple_019_001.c line 221 function main_task_0: function `nondet_rand' is not declared
file /home/dell/zyworkspace/nichecker/Experiment/remarks2.1_LA_Slicing/svp_simple_019/_mt_svp_simple_019_001_result/_cs_svp_simple_019_001_global_var1_rwr_mt_svp_simple_019_001.c line 241 function main_task_0: function `assert' is not declared
Generating GOTO Program
Adding CPROVER library (x86_64)
Removal of function pointers and virtual functions
Partial Inlining
Generic Property Instrumentation
Starting Bounded Model Checking
**** WARNING: no body for function enable_isr
**** WARNING: no body for function disable_isr
size of program expression: 678 steps
simple slicing removed 54 assignments
Generated 8 VCC(s), 8 remaining after simplification
Passing problem to propositional reduction
converting SSA
Running propositional reduction
Post-processing
Solving with MiniSAT 2.2.1 with simplifier
3333 variables, 9416 clauses
SAT checker: instance is SATISFIABLE
Solving with MiniSAT 2.2.1 with simplifier
3333 variables, 3085 clauses
SAT checker: instance is UNSATISFIABLE
Runtime decision procedure: 0.019s

** Results:
[main_task_0.assertion.1] assertion rwr_r1 == rwr_tmp1: SUCCESS
[main_task_0.assertion.2] assertion rwr_r2 == rwr_tmp1: FAILURE
[main_task_0.assertion.3] assertion rwr_r3 == rwr_tmp1: SUCCESS

Trace for main_task_0.assertion.2:

State 57 file /home/dell/zyworkspace/nichecker/Experiment/remarks2.1_LA_Slicing/svp_simple_019/_mt_svp_simple_019_001_result/_cs_svp_simple_019_001_global_var1_rwr_mt_svp_simple_019_001.c line 406 function main thread 0
----------------------------------------------------
  __cs_tmp_t1_r0=4 (0100)

State 59 file /home/dell/zyworkspace/nichecker/Experiment/remarks2.1_LA_Slicing/svp_simple_019/_mt_svp_simple_019_001_result/_cs_svp_simple_019_001_global_var1_rwr_mt_svp_simple_019_001.c line 410 function main thread 0
----------------------------------------------------
  __cs_thread_index=1 (01)

State 60 file /home/dell/zyworkspace/nichecker/Experiment/remarks2.1_LA_Slicing/svp_simple_019/_mt_svp_simple_019_001_result/_cs_svp_simple_019_001_global_var1_rwr_mt_svp_simple_019_001.c line 412 function main thread 0
----------------------------------------------------
  __cs_pc_cs[1l]=4 (0100)

State 65 file /home/dell/zyworkspace/nichecker/Experiment/remarks2.1_LA_Slicing/svp_simple_019/_mt_svp_simple_019_001_result/_cs_svp_simple_019_001_global_var1_rwr_mt_svp_simple_019_001.c line 418 function main thread 0
----------------------------------------------------
  __cs_param_main_task_arg=NULL (0000000000000000000000000000000000000000000000000000000000000000)

State 67 file /home/dell/zyworkspace/nichecker/Experiment/remarks2.1_LA_Slicing/svp_simple_019/_mt_svp_simple_019_001_result/_cs_svp_simple_019_001_global_var1_rwr_mt_svp_simple_019_001.c line 193 function main_task_0 thread 0
----------------------------------------------------
  __cs_local_main_task_reader1=0 (00000000000000000000000000000000)

State 68 file /home/dell/zyworkspace/nichecker/Experiment/remarks2.1_LA_Slicing/svp_simple_019/_mt_svp_simple_019_001_result/_cs_svp_simple_019_001_global_var1_rwr_mt_svp_simple_019_001.c line 197 function main_task_0 thread 0
----------------------------------------------------
  __cs_local_main_task_reader2=0 (00000000000000000000000000000000)

State 72 file /home/dell/zyworkspace/nichecker/Experiment/remarks2.1_LA_Slicing/svp_simple_019/_mt_svp_simple_019_001_result/_cs_svp_simple_019_001_global_var1_rwr_mt_svp_simple_019_001.c line 209 function main_task_0 thread 0
----------------------------------------------------
  __cs_disable_thread[2l]=0 (0)

State 73 file /home/dell/zyworkspace/nichecker/Experiment/remarks2.1_LA_Slicing/svp_simple_019/_mt_svp_simple_019_001_result/_cs_svp_simple_019_001_global_var1_rwr_mt_svp_simple_019_001.c line 212 function main_task_0 thread 0
----------------------------------------------------
  __cs_disable_thread[0l]=0 (0)

State 75 file /home/dell/zyworkspace/nichecker/Experiment/remarks2.1_LA_Slicing/svp_simple_019/_mt_svp_simple_019_001_result/_cs_svp_simple_019_001_global_var1_rwr_mt_svp_simple_019_001.c line 221 function main_task_0 thread 0
----------------------------------------------------
  svp_simple_019_001_global_var1=-24637 (11111111111111111001111111000011)

State 77 file /home/dell/zyworkspace/nichecker/Experiment/remarks2.1_LA_Slicing/svp_simple_019/_mt_svp_simple_019_001_result/_cs_svp_simple_019_001_global_var1_rwr_mt_svp_simple_019_001.c line 228 function main_task_0 thread 0
----------------------------------------------------
  __cs_local_main_task___cs_tmp_if_cond_0=TRUE (00000001)

State 80 file /home/dell/zyworkspace/nichecker/Experiment/remarks2.1_LA_Slicing/svp_simple_019/_mt_svp_simple_019_001_result/_cs_svp_simple_019_001_global_var1_rwr_mt_svp_simple_019_001.c line 237 function main_task_0 thread 0
----------------------------------------------------
  __cs_local_main_task_reader3=-24637 (11111111111111111001111111000011)

State 81 file /home/dell/zyworkspace/nichecker/Experiment/remarks2.1_LA_Slicing/svp_simple_019/_mt_svp_simple_019_001_result/_cs_svp_simple_019_001_global_var1_rwr_mt_svp_simple_019_001.c line 239 function main_task_0 thread 0
----------------------------------------------------
  rwr_r1=-24637 (11111111111111111001111111000011)

State 83 file /home/dell/zyworkspace/nichecker/Experiment/remarks2.1_LA_Slicing/svp_simple_019/_mt_svp_simple_019_001_result/_cs_svp_simple_019_001_global_var1_rwr_mt_svp_simple_019_001.c line 243 function main_task_0 thread 0
----------------------------------------------------
  rwr_tmp1_num=1 (00000000000000000000000000000001)

State 84 file /home/dell/zyworkspace/nichecker/Experiment/remarks2.1_LA_Slicing/svp_simple_019/_mt_svp_simple_019_001_result/_cs_svp_simple_019_001_global_var1_rwr_mt_svp_simple_019_001.c line 244 function main_task_0 thread 0
----------------------------------------------------
  rwr_tmp1=-24637 (11111111111111111001111111000011)

State 86 file /home/dell/zyworkspace/nichecker/Experiment/remarks2.1_LA_Slicing/svp_simple_019/_mt_svp_simple_019_001_result/_cs_svp_simple_019_001_global_var1_rwr_mt_svp_simple_019_001.c line 255 function main_task_0 thread 0
----------------------------------------------------
  __cs_local_main_task_i=0 (00000000000000000000000000000000)

State 90 file /home/dell/zyworkspace/nichecker/Experiment/remarks2.1_LA_Slicing/svp_simple_019/_mt_svp_simple_019_001_result/_cs_svp_simple_019_001_global_var1_rwr_mt_svp_simple_019_001.c line 263 function main_task_0 thread 0
----------------------------------------------------
  __cs_disable_thread[2l]=1 (1)

State 97 file /home/dell/zyworkspace/nichecker/Experiment/remarks2.1_LA_Slicing/svp_simple_019/_mt_svp_simple_019_001_result/_cs_svp_simple_019_001_global_var1_rwr_mt_svp_simple_019_001.c line 364 function main_task_0 thread 0
----------------------------------------------------
  __cs_value_ptr=NULL (0000000000000000000000000000000000000000000000000000000000000000)

State 102 file /home/dell/zyworkspace/nichecker/Experiment/remarks2.1_LA_Slicing/svp_simple_019/_mt_svp_simple_019_001_result/_cs_svp_simple_019_001_global_var1_rwr_mt_svp_simple_019_001.c line 420 function main thread 0
----------------------------------------------------
  __cs_pc[1l]=4 (0100)

State 103 file /home/dell/zyworkspace/nichecker/Experiment/remarks2.1_LA_Slicing/svp_simple_019/_mt_svp_simple_019_001_result/_cs_svp_simple_019_001_global_var1_rwr_mt_svp_simple_019_001.c line 426 function main thread 0
----------------------------------------------------
  __cs_tmp_t2_r0=1 (1)

State 105 file /home/dell/zyworkspace/nichecker/Experiment/remarks2.1_LA_Slicing/svp_simple_019/_mt_svp_simple_019_001_result/_cs_svp_simple_019_001_global_var1_rwr_mt_svp_simple_019_001.c line 451 function main thread 0
----------------------------------------------------
  __cs_tmp_t1_r1=5 (0101)

State 107 file /home/dell/zyworkspace/nichecker/Experiment/remarks2.1_LA_Slicing/svp_simple_019/_mt_svp_simple_019_001_result/_cs_svp_simple_019_001_global_var1_rwr_mt_svp_simple_019_001.c line 456 function main thread 0
----------------------------------------------------
  __cs_thread_index=1 (01)

State 108 file /home/dell/zyworkspace/nichecker/Experiment/remarks2.1_LA_Slicing/svp_simple_019/_mt_svp_simple_019_001_result/_cs_svp_simple_019_001_global_var1_rwr_mt_svp_simple_019_001.c line 458 function main thread 0
----------------------------------------------------
  __cs_pc_cs[1l]=5 (0101)

State 113 file /home/dell/zyworkspace/nichecker/Experiment/remarks2.1_LA_Slicing/svp_simple_019/_mt_svp_simple_019_001_result/_cs_svp_simple_019_001_global_var1_rwr_mt_svp_simple_019_001.c line 464 function main thread 0
----------------------------------------------------
  __cs_param_main_task_arg=NULL (0000000000000000000000000000000000000000000000000000000000000000)

State 119 file /home/dell/zyworkspace/nichecker/Experiment/remarks2.1_LA_Slicing/svp_simple_019/_mt_svp_simple_019_001_result/_cs_svp_simple_019_001_global_var1_rwr_mt_svp_simple_019_001.c line 272 function main_task_0 thread 0
----------------------------------------------------
  __cs_local_main_task___cs_tmp_if_cond_1=TRUE (00000001)

State 124 file /home/dell/zyworkspace/nichecker/Experiment/remarks2.1_LA_Slicing/svp_simple_019/_mt_svp_simple_019_001_result/_cs_svp_simple_019_001_global_var1_rwr_mt_svp_simple_019_001.c line 281 function main_task_0 thread 0
----------------------------------------------------
  __cs_disable_thread[2l]=0 (0)

State 130 file /home/dell/zyworkspace/nichecker/Experiment/remarks2.1_LA_Slicing/svp_simple_019/_mt_svp_simple_019_001_result/_cs_svp_simple_019_001_global_var1_rwr_mt_svp_simple_019_001.c line 364 function main_task_0 thread 0
----------------------------------------------------
  __cs_value_ptr=NULL (0000000000000000000000000000000000000000000000000000000000000000)

State 135 file /home/dell/zyworkspace/nichecker/Experiment/remarks2.1_LA_Slicing/svp_simple_019/_mt_svp_simple_019_001_result/_cs_svp_simple_019_001_global_var1_rwr_mt_svp_simple_019_001.c line 466 function main thread 0
----------------------------------------------------
  __cs_pc[1l]=5 (0101)

State 136 file /home/dell/zyworkspace/nichecker/Experiment/remarks2.1_LA_Slicing/svp_simple_019/_mt_svp_simple_019_001_result/_cs_svp_simple_019_001_global_var1_rwr_mt_svp_simple_019_001.c line 472 function main thread 0
----------------------------------------------------
  __cs_tmp_t2_r1=1 (1)

State 138 file /home/dell/zyworkspace/nichecker/Experiment/remarks2.1_LA_Slicing/svp_simple_019/_mt_svp_simple_019_001_result/_cs_svp_simple_019_001_global_var1_rwr_mt_svp_simple_019_001.c line 477 function main thread 0
----------------------------------------------------
  __cs_thread_index=2 (10)

State 139 file /home/dell/zyworkspace/nichecker/Experiment/remarks2.1_LA_Slicing/svp_simple_019/_mt_svp_simple_019_001_result/_cs_svp_simple_019_001_global_var1_rwr_mt_svp_simple_019_001.c line 479 function main thread 0
----------------------------------------------------
  __cs_pc_cs[2l]=1 (0001)

State 144 file /home/dell/zyworkspace/nichecker/Experiment/remarks2.1_LA_Slicing/svp_simple_019/_mt_svp_simple_019_001_result/_cs_svp_simple_019_001_global_var1_rwr_mt_svp_simple_019_001.c line 485 function main thread 0
----------------------------------------------------
  __cs_param_svp_simple_019_001_isr_1_arg=NULL (0000000000000000000000000000000000000000000000000000000000000000)

State 146 file /home/dell/zyworkspace/nichecker/Experiment/remarks2.1_LA_Slicing/svp_simple_019/_mt_svp_simple_019_001_result/_cs_svp_simple_019_001_global_var1_rwr_mt_svp_simple_019_001.c line 377 function svp_simple_019_001_isr_1_0 thread 0
----------------------------------------------------
  __cs_local_svp_simple_019_001_isr_1_i=0 (00000000000000000000000000000000)

State 147 file /home/dell/zyworkspace/nichecker/Experiment/remarks2.1_LA_Slicing/svp_simple_019/_mt_svp_simple_019_001_result/_cs_svp_simple_019_001_global_var1_rwr_mt_svp_simple_019_001.c line 382 function svp_simple_019_001_isr_1_0 thread 0
----------------------------------------------------
  svp_simple_019_001_global_condition3=1 (00000000000000000000000000000001)

State 148 file /home/dell/zyworkspace/nichecker/Experiment/remarks2.1_LA_Slicing/svp_simple_019/_mt_svp_simple_019_001_result/_cs_svp_simple_019_001_global_var1_rwr_mt_svp_simple_019_001.c line 383 function svp_simple_019_001_isr_1_0 thread 0
----------------------------------------------------
  svp_simple_019_001_global_var1=1 (00000000000000000000000000000001)

State 152 file /home/dell/zyworkspace/nichecker/Experiment/remarks2.1_LA_Slicing/svp_simple_019/_mt_svp_simple_019_001_result/_cs_svp_simple_019_001_global_var1_rwr_mt_svp_simple_019_001.c line 394 function svp_simple_019_001_isr_1_0 thread 0
----------------------------------------------------
  __cs_value_ptr=NULL (0000000000000000000000000000000000000000000000000000000000000000)

State 157 file /home/dell/zyworkspace/nichecker/Experiment/remarks2.1_LA_Slicing/svp_simple_019/_mt_svp_simple_019_001_result/_cs_svp_simple_019_001_global_var1_rwr_mt_svp_simple_019_001.c line 487 function main thread 0
----------------------------------------------------
  __cs_pc[2l]=1 (0001)

State 158 file /home/dell/zyworkspace/nichecker/Experiment/remarks2.1_LA_Slicing/svp_simple_019/_mt_svp_simple_019_001_result/_cs_svp_simple_019_001_global_var1_rwr_mt_svp_simple_019_001.c line 491 function main thread 0
----------------------------------------------------
  __cs_tmp_t1_r2=8u (00000000000000000000000000001000)

State 160 file /home/dell/zyworkspace/nichecker/Experiment/remarks2.1_LA_Slicing/svp_simple_019/_mt_svp_simple_019_001_result/_cs_svp_simple_019_001_global_var1_rwr_mt_svp_simple_019_001.c line 496 function main thread 0
----------------------------------------------------
  __cs_thread_index=1 (01)

State 161 file /home/dell/zyworkspace/nichecker/Experiment/remarks2.1_LA_Slicing/svp_simple_019/_mt_svp_simple_019_001_result/_cs_svp_simple_019_001_global_var1_rwr_mt_svp_simple_019_001.c line 498 function main thread 0
----------------------------------------------------
  __cs_pc_cs[1l]=8 (1000)

State 166 file /home/dell/zyworkspace/nichecker/Experiment/remarks2.1_LA_Slicing/svp_simple_019/_mt_svp_simple_019_001_result/_cs_svp_simple_019_001_global_var1_rwr_mt_svp_simple_019_001.c line 504 function main thread 0
----------------------------------------------------
  __cs_param_main_task_arg=NULL (0000000000000000000000000000000000000000000000000000000000000000)

State 173 file /home/dell/zyworkspace/nichecker/Experiment/remarks2.1_LA_Slicing/svp_simple_019/_mt_svp_simple_019_001_result/_cs_svp_simple_019_001_global_var1_rwr_mt_svp_simple_019_001.c line 288 function main_task_0 thread 0
----------------------------------------------------
  __cs_local_main_task_reader4=1 (00000000000000000000000000000001)

State 174 file /home/dell/zyworkspace/nichecker/Experiment/remarks2.1_LA_Slicing/svp_simple_019/_mt_svp_simple_019_001_result/_cs_svp_simple_019_001_global_var1_rwr_mt_svp_simple_019_001.c line 290 function main_task_0 thread 0
----------------------------------------------------
  rwr_r2=1 (00000000000000000000000000000001)

Violated property:
  file /home/dell/zyworkspace/nichecker/Experiment/remarks2.1_LA_Slicing/svp_simple_019/_mt_svp_simple_019_001_result/_cs_svp_simple_019_001_global_var1_rwr_mt_svp_simple_019_001.c line 292 function main_task_0
  assertion rwr_r2 == rwr_tmp1
  rwr_r2 == rwr_tmp1


** 1 of 3 failed (2 iterations)
VERIFICATION FAILED
