CBMC version 5.6 64-bit x86_64 linux
Parsing /home/dell/zyworkspace/nichecker/Experiment/remarks2.1_LA_PPR/svp_simple_017/_mt_svp_simple_017_001_result/_cs_svp_simple_017_001_global_var_rwr_mt_svp_simple_017_001.c
<command-line>: warning: "__STDC_VERSION__" redefined
<built-in>: note: this is the location of the previous definition
Converting
Type-checking _cs_svp_simple_017_001_global_var_rwr_mt_svp_simple_017_001
file /home/dell/zyworkspace/nichecker/Experiment/remarks2.1_LA_PPR/svp_simple_017/_mt_svp_simple_017_001_result/_cs_svp_simple_017_001_global_var_rwr_mt_svp_simple_017_001.c line 230 function main_task_0: function `assert' is not declared
Generating GOTO Program
Adding CPROVER library (x86_64)
Removal of function pointers and virtual functions
Partial Inlining
Generic Property Instrumentation
Starting Bounded Model Checking
**** WARNING: no body for function enable_isr
size of program expression: 983 steps
simple slicing removed 52 assignments
Generated 20 VCC(s), 17 remaining after simplification
Passing problem to propositional reduction
converting SSA
Running propositional reduction
Post-processing
Solving with MiniSAT 2.2.1 with simplifier
10823 variables, 54829 clauses
SAT checker: instance is SATISFIABLE
Solving with MiniSAT 2.2.1 with simplifier
10823 variables, 13455 clauses
SAT checker: instance is SATISFIABLE
Solving with MiniSAT 2.2.1 with simplifier
10823 variables, 13455 clauses
SAT checker: instance is UNSATISFIABLE
Runtime decision procedure: 0.092s

** Results:
[main_task_0.assertion.1] assertion rwr_r1 == rwr_tmp1: SUCCESS
[main_task_0.assertion.2] assertion rwr_r2 == rwr_tmp1: SUCCESS
[main_task_0.assertion.3] assertion rwr_r3 == rwr_tmp1: SUCCESS
[main_task_0.assertion.4] assertion rwr_r4 == rwr_tmp1: FAILURE
[main_task_0.assertion.5] assertion rwr_r5 == rwr_tmp1: SUCCESS
[main_task_0.assertion.6] assertion rwr_r6 == rwr_tmp1: SUCCESS
[main_task_0.assertion.7] assertion rwr_r7 == rwr_tmp1: SUCCESS
[main_task_0.assertion.8] assertion rwr_r8 == rwr_tmp1: FAILURE
[main_task_0.assertion.9] assertion rwr_r9 == rwr_tmp1: SUCCESS

Trace for main_task_0.assertion.4:

State 58 file /home/dell/zyworkspace/nichecker/Experiment/remarks2.1_LA_PPR/svp_simple_017/_mt_svp_simple_017_001_result/_cs_svp_simple_017_001_global_var_rwr_mt_svp_simple_017_001.c line 577 function main thread 0
----------------------------------------------------
  __cs_tmp_t1_r0=4 (0100)

State 60 file /home/dell/zyworkspace/nichecker/Experiment/remarks2.1_LA_PPR/svp_simple_017/_mt_svp_simple_017_001_result/_cs_svp_simple_017_001_global_var_rwr_mt_svp_simple_017_001.c line 581 function main thread 0
----------------------------------------------------
  __cs_thread_index=1 (01)

State 61 file /home/dell/zyworkspace/nichecker/Experiment/remarks2.1_LA_PPR/svp_simple_017/_mt_svp_simple_017_001_result/_cs_svp_simple_017_001_global_var_rwr_mt_svp_simple_017_001.c line 583 function main thread 0
----------------------------------------------------
  __cs_pc_cs[1l]=4 (0100)

State 66 file /home/dell/zyworkspace/nichecker/Experiment/remarks2.1_LA_PPR/svp_simple_017/_mt_svp_simple_017_001_result/_cs_svp_simple_017_001_global_var_rwr_mt_svp_simple_017_001.c line 589 function main thread 0
----------------------------------------------------
  __cs_param_main_task_arg=NULL (0000000000000000000000000000000000000000000000000000000000000000)

State 71 file /home/dell/zyworkspace/nichecker/Experiment/remarks2.1_LA_PPR/svp_simple_017/_mt_svp_simple_017_001_result/_cs_svp_simple_017_001_global_var_rwr_mt_svp_simple_017_001.c line 189 function main_task_0 thread 0
----------------------------------------------------
  __cs_disable_thread[2l]=0 (0)

State 72 file /home/dell/zyworkspace/nichecker/Experiment/remarks2.1_LA_PPR/svp_simple_017/_mt_svp_simple_017_001_result/_cs_svp_simple_017_001_global_var_rwr_mt_svp_simple_017_001.c line 192 function main_task_0 thread 0
----------------------------------------------------
  __cs_disable_thread[0l]=0 (0)

State 74 file /home/dell/zyworkspace/nichecker/Experiment/remarks2.1_LA_PPR/svp_simple_017/_mt_svp_simple_017_001_result/_cs_svp_simple_017_001_global_var_rwr_mt_svp_simple_017_001.c line 203 function main_task_0 thread 0
----------------------------------------------------
  __cs_local_main_task_i=0 (00000000000000000000000000000000)

State 75 file /home/dell/zyworkspace/nichecker/Experiment/remarks2.1_LA_PPR/svp_simple_017/_mt_svp_simple_017_001_result/_cs_svp_simple_017_001_global_var_rwr_mt_svp_simple_017_001.c line 205 function main_task_0 thread 0
----------------------------------------------------
  svp_simple_017_001_global_var=0 (00000000000000000000000000000000)

State 76 file /home/dell/zyworkspace/nichecker/Experiment/remarks2.1_LA_PPR/svp_simple_017/_mt_svp_simple_017_001_result/_cs_svp_simple_017_001_global_var_rwr_mt_svp_simple_017_001.c line 213 function main_task_0 thread 0
----------------------------------------------------
  __cs_local_main_task_t_1=0 (00000000000000000000000000000000)

State 78 file /home/dell/zyworkspace/nichecker/Experiment/remarks2.1_LA_PPR/svp_simple_017/_mt_svp_simple_017_001_result/_cs_svp_simple_017_001_global_var_rwr_mt_svp_simple_017_001.c line 228 function main_task_0 thread 0
----------------------------------------------------
  rwr_r1=0 (00000000000000000000000000000000)

State 80 file /home/dell/zyworkspace/nichecker/Experiment/remarks2.1_LA_PPR/svp_simple_017/_mt_svp_simple_017_001_result/_cs_svp_simple_017_001_global_var_rwr_mt_svp_simple_017_001.c line 232 function main_task_0 thread 0
----------------------------------------------------
  rwr_tmp1_num=1 (00000000000000000000000000000001)

State 81 file /home/dell/zyworkspace/nichecker/Experiment/remarks2.1_LA_PPR/svp_simple_017/_mt_svp_simple_017_001_result/_cs_svp_simple_017_001_global_var_rwr_mt_svp_simple_017_001.c line 233 function main_task_0 thread 0
----------------------------------------------------
  rwr_tmp1=0 (00000000000000000000000000000000)

State 82 file /home/dell/zyworkspace/nichecker/Experiment/remarks2.1_LA_PPR/svp_simple_017/_mt_svp_simple_017_001_result/_cs_svp_simple_017_001_global_var_rwr_mt_svp_simple_017_001.c line 239 function main_task_0 thread 0
----------------------------------------------------
  __cs_local_main_task_loop_1_IOVar1=0 (00000000000000000000000000000000)

State 83 file /home/dell/zyworkspace/nichecker/Experiment/remarks2.1_LA_PPR/svp_simple_017/_mt_svp_simple_017_001_result/_cs_svp_simple_017_001_global_var_rwr_mt_svp_simple_017_001.c line 241 function main_task_0 thread 0
----------------------------------------------------
  rwr_r2=0 (00000000000000000000000000000000)

State 85 file /home/dell/zyworkspace/nichecker/Experiment/remarks2.1_LA_PPR/svp_simple_017/_mt_svp_simple_017_001_result/_cs_svp_simple_017_001_global_var_rwr_mt_svp_simple_017_001.c line 245 function main_task_0 thread 0
----------------------------------------------------
  rwr_tmp1_num=2 (00000000000000000000000000000010)

State 86 file /home/dell/zyworkspace/nichecker/Experiment/remarks2.1_LA_PPR/svp_simple_017/_mt_svp_simple_017_001_result/_cs_svp_simple_017_001_global_var_rwr_mt_svp_simple_017_001.c line 246 function main_task_0 thread 0
----------------------------------------------------
  rwr_tmp1=0 (00000000000000000000000000000000)

State 88 file /home/dell/zyworkspace/nichecker/Experiment/remarks2.1_LA_PPR/svp_simple_017/_mt_svp_simple_017_001_result/_cs_svp_simple_017_001_global_var_rwr_mt_svp_simple_017_001.c line 252 function main_task_0 thread 0
----------------------------------------------------
  __cs_local_main_task_loop_1_block_2=51 (00000000000000000000000000110011)

State 89 file /home/dell/zyworkspace/nichecker/Experiment/remarks2.1_LA_PPR/svp_simple_017/_mt_svp_simple_017_001_result/_cs_svp_simple_017_001_global_var_rwr_mt_svp_simple_017_001.c line 254 function main_task_0 thread 0
----------------------------------------------------
  svp_simple_017_001_global_var=51 (00000000000000000000000000110011)

State 90 file /home/dell/zyworkspace/nichecker/Experiment/remarks2.1_LA_PPR/svp_simple_017/_mt_svp_simple_017_001_result/_cs_svp_simple_017_001_global_var_rwr_mt_svp_simple_017_001.c line 256 function main_task_0 thread 0
----------------------------------------------------
  rwr_tmp1_num=0 (00000000000000000000000000000000)

State 96 file /home/dell/zyworkspace/nichecker/Experiment/remarks2.1_LA_PPR/svp_simple_017/_mt_svp_simple_017_001_result/_cs_svp_simple_017_001_global_var_rwr_mt_svp_simple_017_001.c line 267 function main_task_0 thread 0
----------------------------------------------------
  __cs_local_main_task_i=1 (00000000000000000000000000000001)

State 97 file /home/dell/zyworkspace/nichecker/Experiment/remarks2.1_LA_PPR/svp_simple_017/_mt_svp_simple_017_001_result/_cs_svp_simple_017_001_global_var_rwr_mt_svp_simple_017_001.c line 267 function main_task_0 thread 0
----------------------------------------------------
  svp_simple_017_001_local_array[51l]=0 (00000000000000000000000000000000)

State 98 file /home/dell/zyworkspace/nichecker/Experiment/remarks2.1_LA_PPR/svp_simple_017/_mt_svp_simple_017_001_result/_cs_svp_simple_017_001_global_var_rwr_mt_svp_simple_017_001.c line 269 function main_task_0 thread 0
----------------------------------------------------
  rwr_r3=51 (00000000000000000000000000110011)

State 100 file /home/dell/zyworkspace/nichecker/Experiment/remarks2.1_LA_PPR/svp_simple_017/_mt_svp_simple_017_001_result/_cs_svp_simple_017_001_global_var_rwr_mt_svp_simple_017_001.c line 273 function main_task_0 thread 0
----------------------------------------------------
  rwr_tmp1_num=1 (00000000000000000000000000000001)

State 101 file /home/dell/zyworkspace/nichecker/Experiment/remarks2.1_LA_PPR/svp_simple_017/_mt_svp_simple_017_001_result/_cs_svp_simple_017_001_global_var_rwr_mt_svp_simple_017_001.c line 274 function main_task_0 thread 0
----------------------------------------------------
  rwr_tmp1=51 (00000000000000000000000000110011)

State 112 file /home/dell/zyworkspace/nichecker/Experiment/remarks2.1_LA_PPR/svp_simple_017/_mt_svp_simple_017_001_result/_cs_svp_simple_017_001_global_var_rwr_mt_svp_simple_017_001.c line 442 function main_task_0 thread 0
----------------------------------------------------
  __cs_value_ptr=NULL (0000000000000000000000000000000000000000000000000000000000000000)

State 117 file /home/dell/zyworkspace/nichecker/Experiment/remarks2.1_LA_PPR/svp_simple_017/_mt_svp_simple_017_001_result/_cs_svp_simple_017_001_global_var_rwr_mt_svp_simple_017_001.c line 591 function main thread 0
----------------------------------------------------
  __cs_pc[1l]=4 (0100)

State 118 file /home/dell/zyworkspace/nichecker/Experiment/remarks2.1_LA_PPR/svp_simple_017/_mt_svp_simple_017_001_result/_cs_svp_simple_017_001_global_var_rwr_mt_svp_simple_017_001.c line 597 function main thread 0
----------------------------------------------------
  __cs_tmp_t2_r0=0 (0)

State 120 file /home/dell/zyworkspace/nichecker/Experiment/remarks2.1_LA_PPR/svp_simple_017/_mt_svp_simple_017_001_result/_cs_svp_simple_017_001_global_var_rwr_mt_svp_simple_017_001.c line 602 function main thread 0
----------------------------------------------------
  __cs_thread_index=2 (10)

State 121 file /home/dell/zyworkspace/nichecker/Experiment/remarks2.1_LA_PPR/svp_simple_017/_mt_svp_simple_017_001_result/_cs_svp_simple_017_001_global_var_rwr_mt_svp_simple_017_001.c line 604 function main thread 0
----------------------------------------------------
  __cs_pc_cs[2l]=0 (0000)

State 126 file /home/dell/zyworkspace/nichecker/Experiment/remarks2.1_LA_PPR/svp_simple_017/_mt_svp_simple_017_001_result/_cs_svp_simple_017_001_global_var_rwr_mt_svp_simple_017_001.c line 610 function main thread 0
----------------------------------------------------
  __cs_param_svp_simple_017_001_isr_1_arg=NULL (0000000000000000000000000000000000000000000000000000000000000000)

State 130 file /home/dell/zyworkspace/nichecker/Experiment/remarks2.1_LA_PPR/svp_simple_017/_mt_svp_simple_017_001_result/_cs_svp_simple_017_001_global_var_rwr_mt_svp_simple_017_001.c line 565 function svp_simple_017_001_isr_1_0 thread 0
----------------------------------------------------
  __cs_value_ptr=NULL (0000000000000000000000000000000000000000000000000000000000000000)

State 135 file /home/dell/zyworkspace/nichecker/Experiment/remarks2.1_LA_PPR/svp_simple_017/_mt_svp_simple_017_001_result/_cs_svp_simple_017_001_global_var_rwr_mt_svp_simple_017_001.c line 612 function main thread 0
----------------------------------------------------
  __cs_pc[2l]=0 (0000)

State 136 file /home/dell/zyworkspace/nichecker/Experiment/remarks2.1_LA_PPR/svp_simple_017/_mt_svp_simple_017_001_result/_cs_svp_simple_017_001_global_var_rwr_mt_svp_simple_017_001.c line 622 function main thread 0
----------------------------------------------------
  __cs_tmp_t1_r1=4 (0100)

State 138 file /home/dell/zyworkspace/nichecker/Experiment/remarks2.1_LA_PPR/svp_simple_017/_mt_svp_simple_017_001_result/_cs_svp_simple_017_001_global_var_rwr_mt_svp_simple_017_001.c line 627 function main thread 0
----------------------------------------------------
  __cs_thread_index=1 (01)

State 139 file /home/dell/zyworkspace/nichecker/Experiment/remarks2.1_LA_PPR/svp_simple_017/_mt_svp_simple_017_001_result/_cs_svp_simple_017_001_global_var_rwr_mt_svp_simple_017_001.c line 629 function main thread 0
----------------------------------------------------
  __cs_pc_cs[1l]=4 (0100)

State 144 file /home/dell/zyworkspace/nichecker/Experiment/remarks2.1_LA_PPR/svp_simple_017/_mt_svp_simple_017_001_result/_cs_svp_simple_017_001_global_var_rwr_mt_svp_simple_017_001.c line 635 function main thread 0
----------------------------------------------------
  __cs_param_main_task_arg=NULL (0000000000000000000000000000000000000000000000000000000000000000)

State 159 file /home/dell/zyworkspace/nichecker/Experiment/remarks2.1_LA_PPR/svp_simple_017/_mt_svp_simple_017_001_result/_cs_svp_simple_017_001_global_var_rwr_mt_svp_simple_017_001.c line 442 function main_task_0 thread 0
----------------------------------------------------
  __cs_value_ptr=NULL (0000000000000000000000000000000000000000000000000000000000000000)

State 164 file /home/dell/zyworkspace/nichecker/Experiment/remarks2.1_LA_PPR/svp_simple_017/_mt_svp_simple_017_001_result/_cs_svp_simple_017_001_global_var_rwr_mt_svp_simple_017_001.c line 637 function main thread 0
----------------------------------------------------
  __cs_pc[1l]=4 (0100)

State 165 file /home/dell/zyworkspace/nichecker/Experiment/remarks2.1_LA_PPR/svp_simple_017/_mt_svp_simple_017_001_result/_cs_svp_simple_017_001_global_var_rwr_mt_svp_simple_017_001.c line 643 function main thread 0
----------------------------------------------------
  __cs_tmp_t2_r1=1 (1)

State 167 file /home/dell/zyworkspace/nichecker/Experiment/remarks2.1_LA_PPR/svp_simple_017/_mt_svp_simple_017_001_result/_cs_svp_simple_017_001_global_var_rwr_mt_svp_simple_017_001.c line 648 function main thread 0
----------------------------------------------------
  __cs_thread_index=2 (10)

State 168 file /home/dell/zyworkspace/nichecker/Experiment/remarks2.1_LA_PPR/svp_simple_017/_mt_svp_simple_017_001_result/_cs_svp_simple_017_001_global_var_rwr_mt_svp_simple_017_001.c line 650 function main thread 0
----------------------------------------------------
  __cs_pc_cs[2l]=1 (0001)

State 173 file /home/dell/zyworkspace/nichecker/Experiment/remarks2.1_LA_PPR/svp_simple_017/_mt_svp_simple_017_001_result/_cs_svp_simple_017_001_global_var_rwr_mt_svp_simple_017_001.c line 656 function main thread 0
----------------------------------------------------
  __cs_param_svp_simple_017_001_isr_1_arg=NULL (0000000000000000000000000000000000000000000000000000000000000000)

State 175 file /home/dell/zyworkspace/nichecker/Experiment/remarks2.1_LA_PPR/svp_simple_017/_mt_svp_simple_017_001_result/_cs_svp_simple_017_001_global_var_rwr_mt_svp_simple_017_001.c line 455 function svp_simple_017_001_isr_1_0 thread 0
----------------------------------------------------
  __cs_local_svp_simple_017_001_isr_1_i=0 (00000000000000000000000000000000)

State 176 file /home/dell/zyworkspace/nichecker/Experiment/remarks2.1_LA_PPR/svp_simple_017/_mt_svp_simple_017_001_result/_cs_svp_simple_017_001_global_var_rwr_mt_svp_simple_017_001.c line 457 function svp_simple_017_001_isr_1_0 thread 0
----------------------------------------------------
  __cs_local_svp_simple_017_001_isr_1_i=0 (00000000000000000000000000000000)

State 177 file /home/dell/zyworkspace/nichecker/Experiment/remarks2.1_LA_PPR/svp_simple_017/_mt_svp_simple_017_001_result/_cs_svp_simple_017_001_global_var_rwr_mt_svp_simple_017_001.c line 464 function svp_simple_017_001_isr_1_0 thread 0
----------------------------------------------------
  __cs_local_svp_simple_017_001_isr_1_t_2=0 (00000000000000000000000000000000)

State 179 file /home/dell/zyworkspace/nichecker/Experiment/remarks2.1_LA_PPR/svp_simple_017/_mt_svp_simple_017_001_result/_cs_svp_simple_017_001_global_var_rwr_mt_svp_simple_017_001.c line 479 function svp_simple_017_001_isr_1_0 thread 0
----------------------------------------------------
  __cs_local_svp_simple_017_001_isr_1_loop_2_IOVar1=0 (00000000000000000000000000000000)

State 180 file /home/dell/zyworkspace/nichecker/Experiment/remarks2.1_LA_PPR/svp_simple_017/_mt_svp_simple_017_001_result/_cs_svp_simple_017_001_global_var_rwr_mt_svp_simple_017_001.c line 481 function svp_simple_017_001_isr_1_0 thread 0
----------------------------------------------------
  __cs_local_svp_simple_017_001_isr_1_loop_2_block_1=100 (00000000000000000000000001100100)

State 181 file /home/dell/zyworkspace/nichecker/Experiment/remarks2.1_LA_PPR/svp_simple_017/_mt_svp_simple_017_001_result/_cs_svp_simple_017_001_global_var_rwr_mt_svp_simple_017_001.c line 483 function svp_simple_017_001_isr_1_0 thread 0
----------------------------------------------------
  __cs_local_svp_simple_017_001_isr_1_i=100 (00000000000000000000000001100100)

State 184 file /home/dell/zyworkspace/nichecker/Experiment/remarks2.1_LA_PPR/svp_simple_017/_mt_svp_simple_017_001_result/_cs_svp_simple_017_001_global_var_rwr_mt_svp_simple_017_001.c line 494 function svp_simple_017_001_isr_1_0 thread 0
----------------------------------------------------
  __cs_local_svp_simple_017_001_isr_1_i=101 (00000000000000000000000001100101)

State 185 file /home/dell/zyworkspace/nichecker/Experiment/remarks2.1_LA_PPR/svp_simple_017/_mt_svp_simple_017_001_result/_cs_svp_simple_017_001_global_var_rwr_mt_svp_simple_017_001.c line 499 function svp_simple_017_001_isr_1_0 thread 0
----------------------------------------------------
  __cs_local_svp_simple_017_001_isr_1_t_2=1 (00000000000000000000000000000001)

State 190 file /home/dell/zyworkspace/nichecker/Experiment/remarks2.1_LA_PPR/svp_simple_017/_mt_svp_simple_017_001_result/_cs_svp_simple_017_001_global_var_rwr_mt_svp_simple_017_001.c line 552 function svp_simple_017_001_isr_1_0 thread 0
----------------------------------------------------
  svp_simple_017_001_global_var=50 (00000000000000000000000000110010)

State 191 file /home/dell/zyworkspace/nichecker/Experiment/remarks2.1_LA_PPR/svp_simple_017/_mt_svp_simple_017_001_result/_cs_svp_simple_017_001_global_var_rwr_mt_svp_simple_017_001.c line 554 function svp_simple_017_001_isr_1_0 thread 0
----------------------------------------------------
  svp_simple_017_001_local_array[50l]=0 (00000000000000000000000000000000)

State 195 file /home/dell/zyworkspace/nichecker/Experiment/remarks2.1_LA_PPR/svp_simple_017/_mt_svp_simple_017_001_result/_cs_svp_simple_017_001_global_var_rwr_mt_svp_simple_017_001.c line 565 function svp_simple_017_001_isr_1_0 thread 0
----------------------------------------------------
  __cs_value_ptr=NULL (0000000000000000000000000000000000000000000000000000000000000000)

State 200 file /home/dell/zyworkspace/nichecker/Experiment/remarks2.1_LA_PPR/svp_simple_017/_mt_svp_simple_017_001_result/_cs_svp_simple_017_001_global_var_rwr_mt_svp_simple_017_001.c line 658 function main thread 0
----------------------------------------------------
  __cs_pc[2l]=1 (0001)

State 201 file /home/dell/zyworkspace/nichecker/Experiment/remarks2.1_LA_PPR/svp_simple_017/_mt_svp_simple_017_001_result/_cs_svp_simple_017_001_global_var_rwr_mt_svp_simple_017_001.c line 662 function main thread 0
----------------------------------------------------
  __cs_tmp_t1_r2=7u (00000000000000000000000000000111)

State 203 file /home/dell/zyworkspace/nichecker/Experiment/remarks2.1_LA_PPR/svp_simple_017/_mt_svp_simple_017_001_result/_cs_svp_simple_017_001_global_var_rwr_mt_svp_simple_017_001.c line 667 function main thread 0
----------------------------------------------------
  __cs_thread_index=1 (01)

State 204 file /home/dell/zyworkspace/nichecker/Experiment/remarks2.1_LA_PPR/svp_simple_017/_mt_svp_simple_017_001_result/_cs_svp_simple_017_001_global_var_rwr_mt_svp_simple_017_001.c line 669 function main thread 0
----------------------------------------------------
  __cs_pc_cs[1l]=7 (0111)

State 209 file /home/dell/zyworkspace/nichecker/Experiment/remarks2.1_LA_PPR/svp_simple_017/_mt_svp_simple_017_001_result/_cs_svp_simple_017_001_global_var_rwr_mt_svp_simple_017_001.c line 675 function main thread 0
----------------------------------------------------
  __cs_param_main_task_arg=NULL (0000000000000000000000000000000000000000000000000000000000000000)

State 215 file /home/dell/zyworkspace/nichecker/Experiment/remarks2.1_LA_PPR/svp_simple_017/_mt_svp_simple_017_001_result/_cs_svp_simple_017_001_global_var_rwr_mt_svp_simple_017_001.c line 284 function main_task_0 thread 0
----------------------------------------------------
  __cs_temporary_0=0 (00000000000000000000000000000000)

State 216 file /home/dell/zyworkspace/nichecker/Experiment/remarks2.1_LA_PPR/svp_simple_017/_mt_svp_simple_017_001_result/_cs_svp_simple_017_001_global_var_rwr_mt_svp_simple_017_001.c line 287 function main_task_0 thread 0
----------------------------------------------------
  __cs_temporary_0=51 (00000000000000000000000000110011)

State 217 file /home/dell/zyworkspace/nichecker/Experiment/remarks2.1_LA_PPR/svp_simple_017/_mt_svp_simple_017_001_result/_cs_svp_simple_017_001_global_var_rwr_mt_svp_simple_017_001.c line 289 function main_task_0 thread 0
----------------------------------------------------
  rwr_r4=50 (00000000000000000000000000110010)

Violated property:
  file /home/dell/zyworkspace/nichecker/Experiment/remarks2.1_LA_PPR/svp_simple_017/_mt_svp_simple_017_001_result/_cs_svp_simple_017_001_global_var_rwr_mt_svp_simple_017_001.c line 291 function main_task_0
  assertion rwr_r4 == rwr_tmp1
  rwr_r4 == rwr_tmp1


Trace for main_task_0.assertion.8:

State 58 file /home/dell/zyworkspace/nichecker/Experiment/remarks2.1_LA_PPR/svp_simple_017/_mt_svp_simple_017_001_result/_cs_svp_simple_017_001_global_var_rwr_mt_svp_simple_017_001.c line 577 function main thread 0
----------------------------------------------------
  __cs_tmp_t1_r0=8 (1000)

State 60 file /home/dell/zyworkspace/nichecker/Experiment/remarks2.1_LA_PPR/svp_simple_017/_mt_svp_simple_017_001_result/_cs_svp_simple_017_001_global_var_rwr_mt_svp_simple_017_001.c line 581 function main thread 0
----------------------------------------------------
  __cs_thread_index=1 (01)

State 61 file /home/dell/zyworkspace/nichecker/Experiment/remarks2.1_LA_PPR/svp_simple_017/_mt_svp_simple_017_001_result/_cs_svp_simple_017_001_global_var_rwr_mt_svp_simple_017_001.c line 583 function main thread 0
----------------------------------------------------
  __cs_pc_cs[1l]=8 (1000)

State 66 file /home/dell/zyworkspace/nichecker/Experiment/remarks2.1_LA_PPR/svp_simple_017/_mt_svp_simple_017_001_result/_cs_svp_simple_017_001_global_var_rwr_mt_svp_simple_017_001.c line 589 function main thread 0
----------------------------------------------------
  __cs_param_main_task_arg=NULL (0000000000000000000000000000000000000000000000000000000000000000)

State 71 file /home/dell/zyworkspace/nichecker/Experiment/remarks2.1_LA_PPR/svp_simple_017/_mt_svp_simple_017_001_result/_cs_svp_simple_017_001_global_var_rwr_mt_svp_simple_017_001.c line 189 function main_task_0 thread 0
----------------------------------------------------
  __cs_disable_thread[2l]=0 (0)

State 72 file /home/dell/zyworkspace/nichecker/Experiment/remarks2.1_LA_PPR/svp_simple_017/_mt_svp_simple_017_001_result/_cs_svp_simple_017_001_global_var_rwr_mt_svp_simple_017_001.c line 192 function main_task_0 thread 0
----------------------------------------------------
  __cs_disable_thread[0l]=0 (0)

State 74 file /home/dell/zyworkspace/nichecker/Experiment/remarks2.1_LA_PPR/svp_simple_017/_mt_svp_simple_017_001_result/_cs_svp_simple_017_001_global_var_rwr_mt_svp_simple_017_001.c line 203 function main_task_0 thread 0
----------------------------------------------------
  __cs_local_main_task_i=0 (00000000000000000000000000000000)

State 75 file /home/dell/zyworkspace/nichecker/Experiment/remarks2.1_LA_PPR/svp_simple_017/_mt_svp_simple_017_001_result/_cs_svp_simple_017_001_global_var_rwr_mt_svp_simple_017_001.c line 205 function main_task_0 thread 0
----------------------------------------------------
  svp_simple_017_001_global_var=0 (00000000000000000000000000000000)

State 76 file /home/dell/zyworkspace/nichecker/Experiment/remarks2.1_LA_PPR/svp_simple_017/_mt_svp_simple_017_001_result/_cs_svp_simple_017_001_global_var_rwr_mt_svp_simple_017_001.c line 213 function main_task_0 thread 0
----------------------------------------------------
  __cs_local_main_task_t_1=0 (00000000000000000000000000000000)

State 78 file /home/dell/zyworkspace/nichecker/Experiment/remarks2.1_LA_PPR/svp_simple_017/_mt_svp_simple_017_001_result/_cs_svp_simple_017_001_global_var_rwr_mt_svp_simple_017_001.c line 228 function main_task_0 thread 0
----------------------------------------------------
  rwr_r1=0 (00000000000000000000000000000000)

State 80 file /home/dell/zyworkspace/nichecker/Experiment/remarks2.1_LA_PPR/svp_simple_017/_mt_svp_simple_017_001_result/_cs_svp_simple_017_001_global_var_rwr_mt_svp_simple_017_001.c line 232 function main_task_0 thread 0
----------------------------------------------------
  rwr_tmp1_num=1 (00000000000000000000000000000001)

State 81 file /home/dell/zyworkspace/nichecker/Experiment/remarks2.1_LA_PPR/svp_simple_017/_mt_svp_simple_017_001_result/_cs_svp_simple_017_001_global_var_rwr_mt_svp_simple_017_001.c line 233 function main_task_0 thread 0
----------------------------------------------------
  rwr_tmp1=0 (00000000000000000000000000000000)

State 82 file /home/dell/zyworkspace/nichecker/Experiment/remarks2.1_LA_PPR/svp_simple_017/_mt_svp_simple_017_001_result/_cs_svp_simple_017_001_global_var_rwr_mt_svp_simple_017_001.c line 239 function main_task_0 thread 0
----------------------------------------------------
  __cs_local_main_task_loop_1_IOVar1=0 (00000000000000000000000000000000)

State 83 file /home/dell/zyworkspace/nichecker/Experiment/remarks2.1_LA_PPR/svp_simple_017/_mt_svp_simple_017_001_result/_cs_svp_simple_017_001_global_var_rwr_mt_svp_simple_017_001.c line 241 function main_task_0 thread 0
----------------------------------------------------
  rwr_r2=0 (00000000000000000000000000000000)

State 85 file /home/dell/zyworkspace/nichecker/Experiment/remarks2.1_LA_PPR/svp_simple_017/_mt_svp_simple_017_001_result/_cs_svp_simple_017_001_global_var_rwr_mt_svp_simple_017_001.c line 245 function main_task_0 thread 0
----------------------------------------------------
  rwr_tmp1_num=2 (00000000000000000000000000000010)

State 86 file /home/dell/zyworkspace/nichecker/Experiment/remarks2.1_LA_PPR/svp_simple_017/_mt_svp_simple_017_001_result/_cs_svp_simple_017_001_global_var_rwr_mt_svp_simple_017_001.c line 246 function main_task_0 thread 0
----------------------------------------------------
  rwr_tmp1=0 (00000000000000000000000000000000)

State 88 file /home/dell/zyworkspace/nichecker/Experiment/remarks2.1_LA_PPR/svp_simple_017/_mt_svp_simple_017_001_result/_cs_svp_simple_017_001_global_var_rwr_mt_svp_simple_017_001.c line 252 function main_task_0 thread 0
----------------------------------------------------
  __cs_local_main_task_loop_1_block_2=7 (00000000000000000000000000000111)

State 89 file /home/dell/zyworkspace/nichecker/Experiment/remarks2.1_LA_PPR/svp_simple_017/_mt_svp_simple_017_001_result/_cs_svp_simple_017_001_global_var_rwr_mt_svp_simple_017_001.c line 254 function main_task_0 thread 0
----------------------------------------------------
  svp_simple_017_001_global_var=7 (00000000000000000000000000000111)

State 90 file /home/dell/zyworkspace/nichecker/Experiment/remarks2.1_LA_PPR/svp_simple_017/_mt_svp_simple_017_001_result/_cs_svp_simple_017_001_global_var_rwr_mt_svp_simple_017_001.c line 256 function main_task_0 thread 0
----------------------------------------------------
  rwr_tmp1_num=0 (00000000000000000000000000000000)

State 96 file /home/dell/zyworkspace/nichecker/Experiment/remarks2.1_LA_PPR/svp_simple_017/_mt_svp_simple_017_001_result/_cs_svp_simple_017_001_global_var_rwr_mt_svp_simple_017_001.c line 267 function main_task_0 thread 0
----------------------------------------------------
  __cs_local_main_task_i=1 (00000000000000000000000000000001)

State 97 file /home/dell/zyworkspace/nichecker/Experiment/remarks2.1_LA_PPR/svp_simple_017/_mt_svp_simple_017_001_result/_cs_svp_simple_017_001_global_var_rwr_mt_svp_simple_017_001.c line 267 function main_task_0 thread 0
----------------------------------------------------
  svp_simple_017_001_local_array[7l]=0 (00000000000000000000000000000000)

State 98 file /home/dell/zyworkspace/nichecker/Experiment/remarks2.1_LA_PPR/svp_simple_017/_mt_svp_simple_017_001_result/_cs_svp_simple_017_001_global_var_rwr_mt_svp_simple_017_001.c line 269 function main_task_0 thread 0
----------------------------------------------------
  rwr_r3=7 (00000000000000000000000000000111)

State 100 file /home/dell/zyworkspace/nichecker/Experiment/remarks2.1_LA_PPR/svp_simple_017/_mt_svp_simple_017_001_result/_cs_svp_simple_017_001_global_var_rwr_mt_svp_simple_017_001.c line 273 function main_task_0 thread 0
----------------------------------------------------
  rwr_tmp1_num=1 (00000000000000000000000000000001)

State 101 file /home/dell/zyworkspace/nichecker/Experiment/remarks2.1_LA_PPR/svp_simple_017/_mt_svp_simple_017_001_result/_cs_svp_simple_017_001_global_var_rwr_mt_svp_simple_017_001.c line 274 function main_task_0 thread 0
----------------------------------------------------
  rwr_tmp1=7 (00000000000000000000000000000111)

State 103 file /home/dell/zyworkspace/nichecker/Experiment/remarks2.1_LA_PPR/svp_simple_017/_mt_svp_simple_017_001_result/_cs_svp_simple_017_001_global_var_rwr_mt_svp_simple_017_001.c line 284 function main_task_0 thread 0
----------------------------------------------------
  __cs_temporary_0=0 (00000000000000000000000000000000)

State 104 file /home/dell/zyworkspace/nichecker/Experiment/remarks2.1_LA_PPR/svp_simple_017/_mt_svp_simple_017_001_result/_cs_svp_simple_017_001_global_var_rwr_mt_svp_simple_017_001.c line 287 function main_task_0 thread 0
----------------------------------------------------
  __cs_temporary_0=8 (00000000000000000000000000001000)

State 105 file /home/dell/zyworkspace/nichecker/Experiment/remarks2.1_LA_PPR/svp_simple_017/_mt_svp_simple_017_001_result/_cs_svp_simple_017_001_global_var_rwr_mt_svp_simple_017_001.c line 289 function main_task_0 thread 0
----------------------------------------------------
  rwr_r4=7 (00000000000000000000000000000111)

State 108 file /home/dell/zyworkspace/nichecker/Experiment/remarks2.1_LA_PPR/svp_simple_017/_mt_svp_simple_017_001_result/_cs_svp_simple_017_001_global_var_rwr_mt_svp_simple_017_001.c line 293 function main_task_0 thread 0
----------------------------------------------------
  rwr_tmp1_num=2 (00000000000000000000000000000010)

State 109 file /home/dell/zyworkspace/nichecker/Experiment/remarks2.1_LA_PPR/svp_simple_017/_mt_svp_simple_017_001_result/_cs_svp_simple_017_001_global_var_rwr_mt_svp_simple_017_001.c line 294 function main_task_0 thread 0
----------------------------------------------------
  rwr_tmp1=7 (00000000000000000000000000000111)

State 111 file /home/dell/zyworkspace/nichecker/Experiment/remarks2.1_LA_PPR/svp_simple_017/_mt_svp_simple_017_001_result/_cs_svp_simple_017_001_global_var_rwr_mt_svp_simple_017_001.c line 299 function main_task_0 thread 0
----------------------------------------------------
  svp_simple_017_001_global_var=8 (00000000000000000000000000001000)

State 112 file /home/dell/zyworkspace/nichecker/Experiment/remarks2.1_LA_PPR/svp_simple_017/_mt_svp_simple_017_001_result/_cs_svp_simple_017_001_global_var_rwr_mt_svp_simple_017_001.c line 301 function main_task_0 thread 0
----------------------------------------------------
  rwr_tmp1_num=0 (00000000000000000000000000000000)

State 113 file /home/dell/zyworkspace/nichecker/Experiment/remarks2.1_LA_PPR/svp_simple_017/_mt_svp_simple_017_001_result/_cs_svp_simple_017_001_global_var_rwr_mt_svp_simple_017_001.c line 308 function main_task_0 thread 0
----------------------------------------------------
  __cs_local_main_task_t_1=1 (00000000000000000000000000000001)

State 115 file /home/dell/zyworkspace/nichecker/Experiment/remarks2.1_LA_PPR/svp_simple_017/_mt_svp_simple_017_001_result/_cs_svp_simple_017_001_global_var_rwr_mt_svp_simple_017_001.c line 323 function main_task_0 thread 0
----------------------------------------------------
  rwr_r5=8 (00000000000000000000000000001000)

State 117 file /home/dell/zyworkspace/nichecker/Experiment/remarks2.1_LA_PPR/svp_simple_017/_mt_svp_simple_017_001_result/_cs_svp_simple_017_001_global_var_rwr_mt_svp_simple_017_001.c line 327 function main_task_0 thread 0
----------------------------------------------------
  rwr_tmp1_num=1 (00000000000000000000000000000001)

State 118 file /home/dell/zyworkspace/nichecker/Experiment/remarks2.1_LA_PPR/svp_simple_017/_mt_svp_simple_017_001_result/_cs_svp_simple_017_001_global_var_rwr_mt_svp_simple_017_001.c line 328 function main_task_0 thread 0
----------------------------------------------------
  rwr_tmp1=8 (00000000000000000000000000001000)

State 119 file /home/dell/zyworkspace/nichecker/Experiment/remarks2.1_LA_PPR/svp_simple_017/_mt_svp_simple_017_001_result/_cs_svp_simple_017_001_global_var_rwr_mt_svp_simple_017_001.c line 334 function main_task_0 thread 0
----------------------------------------------------
  __cs_local_main_task_loop_1_IOVar1=8 (00000000000000000000000000001000)

State 120 file /home/dell/zyworkspace/nichecker/Experiment/remarks2.1_LA_PPR/svp_simple_017/_mt_svp_simple_017_001_result/_cs_svp_simple_017_001_global_var_rwr_mt_svp_simple_017_001.c line 336 function main_task_0 thread 0
----------------------------------------------------
  rwr_r6=8 (00000000000000000000000000001000)

State 123 file /home/dell/zyworkspace/nichecker/Experiment/remarks2.1_LA_PPR/svp_simple_017/_mt_svp_simple_017_001_result/_cs_svp_simple_017_001_global_var_rwr_mt_svp_simple_017_001.c line 340 function main_task_0 thread 0
----------------------------------------------------
  rwr_tmp1_num=2 (00000000000000000000000000000010)

State 124 file /home/dell/zyworkspace/nichecker/Experiment/remarks2.1_LA_PPR/svp_simple_017/_mt_svp_simple_017_001_result/_cs_svp_simple_017_001_global_var_rwr_mt_svp_simple_017_001.c line 341 function main_task_0 thread 0
----------------------------------------------------
  rwr_tmp1=8 (00000000000000000000000000001000)

State 126 file /home/dell/zyworkspace/nichecker/Experiment/remarks2.1_LA_PPR/svp_simple_017/_mt_svp_simple_017_001_result/_cs_svp_simple_017_001_global_var_rwr_mt_svp_simple_017_001.c line 347 function main_task_0 thread 0
----------------------------------------------------
  __cs_local_main_task_loop_1_block_2=20 (00000000000000000000000000010100)

State 127 file /home/dell/zyworkspace/nichecker/Experiment/remarks2.1_LA_PPR/svp_simple_017/_mt_svp_simple_017_001_result/_cs_svp_simple_017_001_global_var_rwr_mt_svp_simple_017_001.c line 349 function main_task_0 thread 0
----------------------------------------------------
  svp_simple_017_001_global_var=28 (00000000000000000000000000011100)

State 128 file /home/dell/zyworkspace/nichecker/Experiment/remarks2.1_LA_PPR/svp_simple_017/_mt_svp_simple_017_001_result/_cs_svp_simple_017_001_global_var_rwr_mt_svp_simple_017_001.c line 351 function main_task_0 thread 0
----------------------------------------------------
  rwr_tmp1_num=0 (00000000000000000000000000000000)

State 134 file /home/dell/zyworkspace/nichecker/Experiment/remarks2.1_LA_PPR/svp_simple_017/_mt_svp_simple_017_001_result/_cs_svp_simple_017_001_global_var_rwr_mt_svp_simple_017_001.c line 362 function main_task_0 thread 0
----------------------------------------------------
  __cs_local_main_task_i=2 (00000000000000000000000000000010)

State 135 file /home/dell/zyworkspace/nichecker/Experiment/remarks2.1_LA_PPR/svp_simple_017/_mt_svp_simple_017_001_result/_cs_svp_simple_017_001_global_var_rwr_mt_svp_simple_017_001.c line 362 function main_task_0 thread 0
----------------------------------------------------
  svp_simple_017_001_local_array[28l]=1 (00000000000000000000000000000001)

State 136 file /home/dell/zyworkspace/nichecker/Experiment/remarks2.1_LA_PPR/svp_simple_017/_mt_svp_simple_017_001_result/_cs_svp_simple_017_001_global_var_rwr_mt_svp_simple_017_001.c line 364 function main_task_0 thread 0
----------------------------------------------------
  rwr_r7=28 (00000000000000000000000000011100)

State 138 file /home/dell/zyworkspace/nichecker/Experiment/remarks2.1_LA_PPR/svp_simple_017/_mt_svp_simple_017_001_result/_cs_svp_simple_017_001_global_var_rwr_mt_svp_simple_017_001.c line 368 function main_task_0 thread 0
----------------------------------------------------
  rwr_tmp1_num=1 (00000000000000000000000000000001)

State 139 file /home/dell/zyworkspace/nichecker/Experiment/remarks2.1_LA_PPR/svp_simple_017/_mt_svp_simple_017_001_result/_cs_svp_simple_017_001_global_var_rwr_mt_svp_simple_017_001.c line 369 function main_task_0 thread 0
----------------------------------------------------
  rwr_tmp1=28 (00000000000000000000000000011100)

State 146 file /home/dell/zyworkspace/nichecker/Experiment/remarks2.1_LA_PPR/svp_simple_017/_mt_svp_simple_017_001_result/_cs_svp_simple_017_001_global_var_rwr_mt_svp_simple_017_001.c line 442 function main_task_0 thread 0
----------------------------------------------------
  __cs_value_ptr=NULL (0000000000000000000000000000000000000000000000000000000000000000)

State 151 file /home/dell/zyworkspace/nichecker/Experiment/remarks2.1_LA_PPR/svp_simple_017/_mt_svp_simple_017_001_result/_cs_svp_simple_017_001_global_var_rwr_mt_svp_simple_017_001.c line 591 function main thread 0
----------------------------------------------------
  __cs_pc[1l]=8 (1000)

State 152 file /home/dell/zyworkspace/nichecker/Experiment/remarks2.1_LA_PPR/svp_simple_017/_mt_svp_simple_017_001_result/_cs_svp_simple_017_001_global_var_rwr_mt_svp_simple_017_001.c line 597 function main thread 0
----------------------------------------------------
  __cs_tmp_t2_r0=1 (1)

State 154 file /home/dell/zyworkspace/nichecker/Experiment/remarks2.1_LA_PPR/svp_simple_017/_mt_svp_simple_017_001_result/_cs_svp_simple_017_001_global_var_rwr_mt_svp_simple_017_001.c line 602 function main thread 0
----------------------------------------------------
  __cs_thread_index=2 (10)

State 155 file /home/dell/zyworkspace/nichecker/Experiment/remarks2.1_LA_PPR/svp_simple_017/_mt_svp_simple_017_001_result/_cs_svp_simple_017_001_global_var_rwr_mt_svp_simple_017_001.c line 604 function main thread 0
----------------------------------------------------
  __cs_pc_cs[2l]=1 (0001)

State 160 file /home/dell/zyworkspace/nichecker/Experiment/remarks2.1_LA_PPR/svp_simple_017/_mt_svp_simple_017_001_result/_cs_svp_simple_017_001_global_var_rwr_mt_svp_simple_017_001.c line 610 function main thread 0
----------------------------------------------------
  __cs_param_svp_simple_017_001_isr_1_arg=NULL (0000000000000000000000000000000000000000000000000000000000000000)

State 162 file /home/dell/zyworkspace/nichecker/Experiment/remarks2.1_LA_PPR/svp_simple_017/_mt_svp_simple_017_001_result/_cs_svp_simple_017_001_global_var_rwr_mt_svp_simple_017_001.c line 455 function svp_simple_017_001_isr_1_0 thread 0
----------------------------------------------------
  __cs_local_svp_simple_017_001_isr_1_i=0 (00000000000000000000000000000000)

State 163 file /home/dell/zyworkspace/nichecker/Experiment/remarks2.1_LA_PPR/svp_simple_017/_mt_svp_simple_017_001_result/_cs_svp_simple_017_001_global_var_rwr_mt_svp_simple_017_001.c line 457 function svp_simple_017_001_isr_1_0 thread 0
----------------------------------------------------
  __cs_local_svp_simple_017_001_isr_1_i=0 (00000000000000000000000000000000)

State 164 file /home/dell/zyworkspace/nichecker/Experiment/remarks2.1_LA_PPR/svp_simple_017/_mt_svp_simple_017_001_result/_cs_svp_simple_017_001_global_var_rwr_mt_svp_simple_017_001.c line 464 function svp_simple_017_001_isr_1_0 thread 0
----------------------------------------------------
  __cs_local_svp_simple_017_001_isr_1_t_2=0 (00000000000000000000000000000000)

State 166 file /home/dell/zyworkspace/nichecker/Experiment/remarks2.1_LA_PPR/svp_simple_017/_mt_svp_simple_017_001_result/_cs_svp_simple_017_001_global_var_rwr_mt_svp_simple_017_001.c line 479 function svp_simple_017_001_isr_1_0 thread 0
----------------------------------------------------
  __cs_local_svp_simple_017_001_isr_1_loop_2_IOVar1=0 (00000000000000000000000000000000)

State 167 file /home/dell/zyworkspace/nichecker/Experiment/remarks2.1_LA_PPR/svp_simple_017/_mt_svp_simple_017_001_result/_cs_svp_simple_017_001_global_var_rwr_mt_svp_simple_017_001.c line 481 function svp_simple_017_001_isr_1_0 thread 0
----------------------------------------------------
  __cs_local_svp_simple_017_001_isr_1_loop_2_block_1=100 (00000000000000000000000001100100)

State 168 file /home/dell/zyworkspace/nichecker/Experiment/remarks2.1_LA_PPR/svp_simple_017/_mt_svp_simple_017_001_result/_cs_svp_simple_017_001_global_var_rwr_mt_svp_simple_017_001.c line 483 function svp_simple_017_001_isr_1_0 thread 0
----------------------------------------------------
  __cs_local_svp_simple_017_001_isr_1_i=100 (00000000000000000000000001100100)

State 171 file /home/dell/zyworkspace/nichecker/Experiment/remarks2.1_LA_PPR/svp_simple_017/_mt_svp_simple_017_001_result/_cs_svp_simple_017_001_global_var_rwr_mt_svp_simple_017_001.c line 494 function svp_simple_017_001_isr_1_0 thread 0
----------------------------------------------------
  __cs_local_svp_simple_017_001_isr_1_i=101 (00000000000000000000000001100101)

State 172 file /home/dell/zyworkspace/nichecker/Experiment/remarks2.1_LA_PPR/svp_simple_017/_mt_svp_simple_017_001_result/_cs_svp_simple_017_001_global_var_rwr_mt_svp_simple_017_001.c line 499 function svp_simple_017_001_isr_1_0 thread 0
----------------------------------------------------
  __cs_local_svp_simple_017_001_isr_1_t_2=1 (00000000000000000000000000000001)

State 177 file /home/dell/zyworkspace/nichecker/Experiment/remarks2.1_LA_PPR/svp_simple_017/_mt_svp_simple_017_001_result/_cs_svp_simple_017_001_global_var_rwr_mt_svp_simple_017_001.c line 552 function svp_simple_017_001_isr_1_0 thread 0
----------------------------------------------------
  svp_simple_017_001_global_var=50 (00000000000000000000000000110010)

State 178 file /home/dell/zyworkspace/nichecker/Experiment/remarks2.1_LA_PPR/svp_simple_017/_mt_svp_simple_017_001_result/_cs_svp_simple_017_001_global_var_rwr_mt_svp_simple_017_001.c line 554 function svp_simple_017_001_isr_1_0 thread 0
----------------------------------------------------
  svp_simple_017_001_local_array[50l]=0 (00000000000000000000000000000000)

State 182 file /home/dell/zyworkspace/nichecker/Experiment/remarks2.1_LA_PPR/svp_simple_017/_mt_svp_simple_017_001_result/_cs_svp_simple_017_001_global_var_rwr_mt_svp_simple_017_001.c line 565 function svp_simple_017_001_isr_1_0 thread 0
----------------------------------------------------
  __cs_value_ptr=NULL (0000000000000000000000000000000000000000000000000000000000000000)

State 187 file /home/dell/zyworkspace/nichecker/Experiment/remarks2.1_LA_PPR/svp_simple_017/_mt_svp_simple_017_001_result/_cs_svp_simple_017_001_global_var_rwr_mt_svp_simple_017_001.c line 612 function main thread 0
----------------------------------------------------
  __cs_pc[2l]=1 (0001)

State 188 file /home/dell/zyworkspace/nichecker/Experiment/remarks2.1_LA_PPR/svp_simple_017/_mt_svp_simple_017_001_result/_cs_svp_simple_017_001_global_var_rwr_mt_svp_simple_017_001.c line 622 function main thread 0
----------------------------------------------------
  __cs_tmp_t1_r1=9 (1001)

State 190 file /home/dell/zyworkspace/nichecker/Experiment/remarks2.1_LA_PPR/svp_simple_017/_mt_svp_simple_017_001_result/_cs_svp_simple_017_001_global_var_rwr_mt_svp_simple_017_001.c line 627 function main thread 0
----------------------------------------------------
  __cs_thread_index=1 (01)

State 191 file /home/dell/zyworkspace/nichecker/Experiment/remarks2.1_LA_PPR/svp_simple_017/_mt_svp_simple_017_001_result/_cs_svp_simple_017_001_global_var_rwr_mt_svp_simple_017_001.c line 629 function main thread 0
----------------------------------------------------
  __cs_pc_cs[1l]=9 (1001)

State 196 file /home/dell/zyworkspace/nichecker/Experiment/remarks2.1_LA_PPR/svp_simple_017/_mt_svp_simple_017_001_result/_cs_svp_simple_017_001_global_var_rwr_mt_svp_simple_017_001.c line 635 function main thread 0
----------------------------------------------------
  __cs_param_main_task_arg=NULL (0000000000000000000000000000000000000000000000000000000000000000)

State 206 file /home/dell/zyworkspace/nichecker/Experiment/remarks2.1_LA_PPR/svp_simple_017/_mt_svp_simple_017_001_result/_cs_svp_simple_017_001_global_var_rwr_mt_svp_simple_017_001.c line 379 function main_task_0 thread 0
----------------------------------------------------
  __cs_temporary_1=0 (00000000000000000000000000000000)

State 207 file /home/dell/zyworkspace/nichecker/Experiment/remarks2.1_LA_PPR/svp_simple_017/_mt_svp_simple_017_001_result/_cs_svp_simple_017_001_global_var_rwr_mt_svp_simple_017_001.c line 382 function main_task_0 thread 0
----------------------------------------------------
  __cs_temporary_1=51 (00000000000000000000000000110011)

State 208 file /home/dell/zyworkspace/nichecker/Experiment/remarks2.1_LA_PPR/svp_simple_017/_mt_svp_simple_017_001_result/_cs_svp_simple_017_001_global_var_rwr_mt_svp_simple_017_001.c line 384 function main_task_0 thread 0
----------------------------------------------------
  rwr_r8=50 (00000000000000000000000000110010)

Violated property:
  file /home/dell/zyworkspace/nichecker/Experiment/remarks2.1_LA_PPR/svp_simple_017/_mt_svp_simple_017_001_result/_cs_svp_simple_017_001_global_var_rwr_mt_svp_simple_017_001.c line 386 function main_task_0
  assertion rwr_r8 == rwr_tmp1
  rwr_r8 == rwr_tmp1


** 2 of 9 failed (3 iterations)
VERIFICATION FAILED
