CBMC version 5.6 64-bit x86_64 linux
Parsing /home/dell/zyworkspace/nichecker/Experiment/remarks2.1_LA_PPR/svp_simple_017/_mt_svp_simple_017_001_result/_cs_svp_simple_017_001_global_var_rww_mt_svp_simple_017_001.c
<command-line>: warning: "__STDC_VERSION__" redefined
<built-in>: note: this is the location of the previous definition
Converting
Type-checking _cs_svp_simple_017_001_global_var_rww_mt_svp_simple_017_001
file /home/dell/zyworkspace/nichecker/Experiment/remarks2.1_LA_PPR/svp_simple_017/_mt_svp_simple_017_001_result/_cs_svp_simple_017_001_global_var_rww_mt_svp_simple_017_001.c line 244 function main_task_0: function `assert' is not declared
Generating GOTO Program
Adding CPROVER library (x86_64)
Removal of function pointers and virtual functions
Partial Inlining
Generic Property Instrumentation
Starting Bounded Model Checking
**** WARNING: no body for function enable_isr
size of program expression: 909 steps
simple slicing removed 39 assignments
Generated 12 VCC(s), 11 remaining after simplification
Passing problem to propositional reduction
converting SSA
Running propositional reduction
Post-processing
Solving with MiniSAT 2.2.1 with simplifier
11098 variables, 55682 clauses
SAT checker: instance is SATISFIABLE
Solving with MiniSAT 2.2.1 with simplifier
11098 variables, 15422 clauses
SAT checker: instance is SATISFIABLE
Solving with MiniSAT 2.2.1 with simplifier
11098 variables, 15422 clauses
SAT checker: instance is SATISFIABLE
Solving with MiniSAT 2.2.1 with simplifier
11098 variables, 15421 clauses
SAT checker: instance is SATISFIABLE
Runtime decision procedure: 0.095s

** Results:
[main_task_0.assertion.1] assertion rww_w1 == rww_r_tmp1: FAILURE
[main_task_0.assertion.2] assertion rww_w2 == rww_r_tmp1: FAILURE
[main_task_0.assertion.3] assertion rww_w3 == rww_r_tmp1: FAILURE
[main_task_0.assertion.4] assertion rww_w4 == rww_r_tmp1: FAILURE

Trace for main_task_0.assertion.1:

State 53 file /home/dell/zyworkspace/nichecker/Experiment/remarks2.1_LA_PPR/svp_simple_017/_mt_svp_simple_017_001_result/_cs_svp_simple_017_001_global_var_rww_mt_svp_simple_017_001.c line 552 function main thread 0
----------------------------------------------------
  __cs_tmp_t1_r0=2 (0010)

State 55 file /home/dell/zyworkspace/nichecker/Experiment/remarks2.1_LA_PPR/svp_simple_017/_mt_svp_simple_017_001_result/_cs_svp_simple_017_001_global_var_rww_mt_svp_simple_017_001.c line 556 function main thread 0
----------------------------------------------------
  __cs_thread_index=1 (01)

State 56 file /home/dell/zyworkspace/nichecker/Experiment/remarks2.1_LA_PPR/svp_simple_017/_mt_svp_simple_017_001_result/_cs_svp_simple_017_001_global_var_rww_mt_svp_simple_017_001.c line 558 function main thread 0
----------------------------------------------------
  __cs_pc_cs[1l]=2 (0010)

State 61 file /home/dell/zyworkspace/nichecker/Experiment/remarks2.1_LA_PPR/svp_simple_017/_mt_svp_simple_017_001_result/_cs_svp_simple_017_001_global_var_rww_mt_svp_simple_017_001.c line 564 function main thread 0
----------------------------------------------------
  __cs_param_main_task_arg=NULL (0000000000000000000000000000000000000000000000000000000000000000)

State 66 file /home/dell/zyworkspace/nichecker/Experiment/remarks2.1_LA_PPR/svp_simple_017/_mt_svp_simple_017_001_result/_cs_svp_simple_017_001_global_var_rww_mt_svp_simple_017_001.c line 184 function main_task_0 thread 0
----------------------------------------------------
  __cs_disable_thread[2l]=0 (0)

State 67 file /home/dell/zyworkspace/nichecker/Experiment/remarks2.1_LA_PPR/svp_simple_017/_mt_svp_simple_017_001_result/_cs_svp_simple_017_001_global_var_rww_mt_svp_simple_017_001.c line 187 function main_task_0 thread 0
----------------------------------------------------
  __cs_disable_thread[0l]=0 (0)

State 69 file /home/dell/zyworkspace/nichecker/Experiment/remarks2.1_LA_PPR/svp_simple_017/_mt_svp_simple_017_001_result/_cs_svp_simple_017_001_global_var_rww_mt_svp_simple_017_001.c line 198 function main_task_0 thread 0
----------------------------------------------------
  __cs_local_main_task_i=0 (00000000000000000000000000000000)

State 70 file /home/dell/zyworkspace/nichecker/Experiment/remarks2.1_LA_PPR/svp_simple_017/_mt_svp_simple_017_001_result/_cs_svp_simple_017_001_global_var_rww_mt_svp_simple_017_001.c line 200 function main_task_0 thread 0
----------------------------------------------------
  svp_simple_017_001_global_var=0 (00000000000000000000000000000000)

State 71 file /home/dell/zyworkspace/nichecker/Experiment/remarks2.1_LA_PPR/svp_simple_017/_mt_svp_simple_017_001_result/_cs_svp_simple_017_001_global_var_rww_mt_svp_simple_017_001.c line 208 function main_task_0 thread 0
----------------------------------------------------
  __cs_local_main_task_t_1=0 (00000000000000000000000000000000)

State 73 file /home/dell/zyworkspace/nichecker/Experiment/remarks2.1_LA_PPR/svp_simple_017/_mt_svp_simple_017_001_result/_cs_svp_simple_017_001_global_var_rww_mt_svp_simple_017_001.c line 223 function main_task_0 thread 0
----------------------------------------------------
  rww_r_tmp1_num=1 (00000000000000000000000000000001)

State 74 file /home/dell/zyworkspace/nichecker/Experiment/remarks2.1_LA_PPR/svp_simple_017/_mt_svp_simple_017_001_result/_cs_svp_simple_017_001_global_var_rww_mt_svp_simple_017_001.c line 224 function main_task_0 thread 0
----------------------------------------------------
  rww_r_tmp1=0 (00000000000000000000000000000000)

State 75 file /home/dell/zyworkspace/nichecker/Experiment/remarks2.1_LA_PPR/svp_simple_017/_mt_svp_simple_017_001_result/_cs_svp_simple_017_001_global_var_rww_mt_svp_simple_017_001.c line 230 function main_task_0 thread 0
----------------------------------------------------
  __cs_local_main_task_loop_1_IOVar1=0 (00000000000000000000000000000000)

State 76 file /home/dell/zyworkspace/nichecker/Experiment/remarks2.1_LA_PPR/svp_simple_017/_mt_svp_simple_017_001_result/_cs_svp_simple_017_001_global_var_rww_mt_svp_simple_017_001.c line 232 function main_task_0 thread 0
----------------------------------------------------
  rww_r_tmp1_num=2 (00000000000000000000000000000010)

State 77 file /home/dell/zyworkspace/nichecker/Experiment/remarks2.1_LA_PPR/svp_simple_017/_mt_svp_simple_017_001_result/_cs_svp_simple_017_001_global_var_rww_mt_svp_simple_017_001.c line 233 function main_task_0 thread 0
----------------------------------------------------
  rww_r_tmp1=0 (00000000000000000000000000000000)

State 90 file /home/dell/zyworkspace/nichecker/Experiment/remarks2.1_LA_PPR/svp_simple_017/_mt_svp_simple_017_001_result/_cs_svp_simple_017_001_global_var_rww_mt_svp_simple_017_001.c line 417 function main_task_0 thread 0
----------------------------------------------------
  __cs_value_ptr=NULL (0000000000000000000000000000000000000000000000000000000000000000)

State 95 file /home/dell/zyworkspace/nichecker/Experiment/remarks2.1_LA_PPR/svp_simple_017/_mt_svp_simple_017_001_result/_cs_svp_simple_017_001_global_var_rww_mt_svp_simple_017_001.c line 566 function main thread 0
----------------------------------------------------
  __cs_pc[1l]=2 (0010)

State 96 file /home/dell/zyworkspace/nichecker/Experiment/remarks2.1_LA_PPR/svp_simple_017/_mt_svp_simple_017_001_result/_cs_svp_simple_017_001_global_var_rww_mt_svp_simple_017_001.c line 572 function main thread 0
----------------------------------------------------
  __cs_tmp_t2_r0=1 (1)

State 98 file /home/dell/zyworkspace/nichecker/Experiment/remarks2.1_LA_PPR/svp_simple_017/_mt_svp_simple_017_001_result/_cs_svp_simple_017_001_global_var_rww_mt_svp_simple_017_001.c line 577 function main thread 0
----------------------------------------------------
  __cs_thread_index=2 (10)

State 99 file /home/dell/zyworkspace/nichecker/Experiment/remarks2.1_LA_PPR/svp_simple_017/_mt_svp_simple_017_001_result/_cs_svp_simple_017_001_global_var_rww_mt_svp_simple_017_001.c line 579 function main thread 0
----------------------------------------------------
  __cs_pc_cs[2l]=1 (0001)

State 104 file /home/dell/zyworkspace/nichecker/Experiment/remarks2.1_LA_PPR/svp_simple_017/_mt_svp_simple_017_001_result/_cs_svp_simple_017_001_global_var_rww_mt_svp_simple_017_001.c line 585 function main thread 0
----------------------------------------------------
  __cs_param_svp_simple_017_001_isr_1_arg=NULL (0000000000000000000000000000000000000000000000000000000000000000)

State 106 file /home/dell/zyworkspace/nichecker/Experiment/remarks2.1_LA_PPR/svp_simple_017/_mt_svp_simple_017_001_result/_cs_svp_simple_017_001_global_var_rww_mt_svp_simple_017_001.c line 430 function svp_simple_017_001_isr_1_0 thread 0
----------------------------------------------------
  __cs_local_svp_simple_017_001_isr_1_i=0 (00000000000000000000000000000000)

State 107 file /home/dell/zyworkspace/nichecker/Experiment/remarks2.1_LA_PPR/svp_simple_017/_mt_svp_simple_017_001_result/_cs_svp_simple_017_001_global_var_rww_mt_svp_simple_017_001.c line 432 function svp_simple_017_001_isr_1_0 thread 0
----------------------------------------------------
  __cs_local_svp_simple_017_001_isr_1_i=0 (00000000000000000000000000000000)

State 108 file /home/dell/zyworkspace/nichecker/Experiment/remarks2.1_LA_PPR/svp_simple_017/_mt_svp_simple_017_001_result/_cs_svp_simple_017_001_global_var_rww_mt_svp_simple_017_001.c line 439 function svp_simple_017_001_isr_1_0 thread 0
----------------------------------------------------
  __cs_local_svp_simple_017_001_isr_1_t_2=0 (00000000000000000000000000000000)

State 110 file /home/dell/zyworkspace/nichecker/Experiment/remarks2.1_LA_PPR/svp_simple_017/_mt_svp_simple_017_001_result/_cs_svp_simple_017_001_global_var_rww_mt_svp_simple_017_001.c line 454 function svp_simple_017_001_isr_1_0 thread 0
----------------------------------------------------
  __cs_local_svp_simple_017_001_isr_1_loop_2_IOVar1=0 (00000000000000000000000000000000)

State 111 file /home/dell/zyworkspace/nichecker/Experiment/remarks2.1_LA_PPR/svp_simple_017/_mt_svp_simple_017_001_result/_cs_svp_simple_017_001_global_var_rww_mt_svp_simple_017_001.c line 456 function svp_simple_017_001_isr_1_0 thread 0
----------------------------------------------------
  __cs_local_svp_simple_017_001_isr_1_loop_2_block_1=100 (00000000000000000000000001100100)

State 112 file /home/dell/zyworkspace/nichecker/Experiment/remarks2.1_LA_PPR/svp_simple_017/_mt_svp_simple_017_001_result/_cs_svp_simple_017_001_global_var_rww_mt_svp_simple_017_001.c line 458 function svp_simple_017_001_isr_1_0 thread 0
----------------------------------------------------
  __cs_local_svp_simple_017_001_isr_1_i=100 (00000000000000000000000001100100)

State 115 file /home/dell/zyworkspace/nichecker/Experiment/remarks2.1_LA_PPR/svp_simple_017/_mt_svp_simple_017_001_result/_cs_svp_simple_017_001_global_var_rww_mt_svp_simple_017_001.c line 469 function svp_simple_017_001_isr_1_0 thread 0
----------------------------------------------------
  __cs_local_svp_simple_017_001_isr_1_i=101 (00000000000000000000000001100101)

State 116 file /home/dell/zyworkspace/nichecker/Experiment/remarks2.1_LA_PPR/svp_simple_017/_mt_svp_simple_017_001_result/_cs_svp_simple_017_001_global_var_rww_mt_svp_simple_017_001.c line 474 function svp_simple_017_001_isr_1_0 thread 0
----------------------------------------------------
  __cs_local_svp_simple_017_001_isr_1_t_2=1 (00000000000000000000000000000001)

State 121 file /home/dell/zyworkspace/nichecker/Experiment/remarks2.1_LA_PPR/svp_simple_017/_mt_svp_simple_017_001_result/_cs_svp_simple_017_001_global_var_rww_mt_svp_simple_017_001.c line 527 function svp_simple_017_001_isr_1_0 thread 0
----------------------------------------------------
  svp_simple_017_001_global_var=50 (00000000000000000000000000110010)

State 122 file /home/dell/zyworkspace/nichecker/Experiment/remarks2.1_LA_PPR/svp_simple_017/_mt_svp_simple_017_001_result/_cs_svp_simple_017_001_global_var_rww_mt_svp_simple_017_001.c line 529 function svp_simple_017_001_isr_1_0 thread 0
----------------------------------------------------
  svp_simple_017_001_local_array[50l]=0 (00000000000000000000000000000000)

State 126 file /home/dell/zyworkspace/nichecker/Experiment/remarks2.1_LA_PPR/svp_simple_017/_mt_svp_simple_017_001_result/_cs_svp_simple_017_001_global_var_rww_mt_svp_simple_017_001.c line 540 function svp_simple_017_001_isr_1_0 thread 0
----------------------------------------------------
  __cs_value_ptr=NULL (0000000000000000000000000000000000000000000000000000000000000000)

State 131 file /home/dell/zyworkspace/nichecker/Experiment/remarks2.1_LA_PPR/svp_simple_017/_mt_svp_simple_017_001_result/_cs_svp_simple_017_001_global_var_rww_mt_svp_simple_017_001.c line 587 function main thread 0
----------------------------------------------------
  __cs_pc[2l]=1 (0001)

State 132 file /home/dell/zyworkspace/nichecker/Experiment/remarks2.1_LA_PPR/svp_simple_017/_mt_svp_simple_017_001_result/_cs_svp_simple_017_001_global_var_rww_mt_svp_simple_017_001.c line 597 function main thread 0
----------------------------------------------------
  __cs_tmp_t1_r1=12 (1100)

State 134 file /home/dell/zyworkspace/nichecker/Experiment/remarks2.1_LA_PPR/svp_simple_017/_mt_svp_simple_017_001_result/_cs_svp_simple_017_001_global_var_rww_mt_svp_simple_017_001.c line 602 function main thread 0
----------------------------------------------------
  __cs_thread_index=1 (01)

State 135 file /home/dell/zyworkspace/nichecker/Experiment/remarks2.1_LA_PPR/svp_simple_017/_mt_svp_simple_017_001_result/_cs_svp_simple_017_001_global_var_rww_mt_svp_simple_017_001.c line 604 function main thread 0
----------------------------------------------------
  __cs_pc_cs[1l]=12 (1100)

State 140 file /home/dell/zyworkspace/nichecker/Experiment/remarks2.1_LA_PPR/svp_simple_017/_mt_svp_simple_017_001_result/_cs_svp_simple_017_001_global_var_rww_mt_svp_simple_017_001.c line 610 function main thread 0
----------------------------------------------------
  __cs_param_main_task_arg=NULL (0000000000000000000000000000000000000000000000000000000000000000)

State 144 file /home/dell/zyworkspace/nichecker/Experiment/remarks2.1_LA_PPR/svp_simple_017/_mt_svp_simple_017_001_result/_cs_svp_simple_017_001_global_var_rww_mt_svp_simple_017_001.c line 239 function main_task_0 thread 0
----------------------------------------------------
  __cs_local_main_task_loop_1_block_2=79 (00000000000000000000000001001111)

State 145 file /home/dell/zyworkspace/nichecker/Experiment/remarks2.1_LA_PPR/svp_simple_017/_mt_svp_simple_017_001_result/_cs_svp_simple_017_001_global_var_rww_mt_svp_simple_017_001.c line 242 function main_task_0 thread 0
----------------------------------------------------
  rww_w1=50 (00000000000000000000000000110010)

Violated property:
  file /home/dell/zyworkspace/nichecker/Experiment/remarks2.1_LA_PPR/svp_simple_017/_mt_svp_simple_017_001_result/_cs_svp_simple_017_001_global_var_rww_mt_svp_simple_017_001.c line 244 function main_task_0
  assertion rww_w1 == rww_r_tmp1
  rww_w1 == rww_r_tmp1


Trace for main_task_0.assertion.2:

State 53 file /home/dell/zyworkspace/nichecker/Experiment/remarks2.1_LA_PPR/svp_simple_017/_mt_svp_simple_017_001_result/_cs_svp_simple_017_001_global_var_rww_mt_svp_simple_017_001.c line 552 function main thread 0
----------------------------------------------------
  __cs_tmp_t1_r0=1 (0001)

State 55 file /home/dell/zyworkspace/nichecker/Experiment/remarks2.1_LA_PPR/svp_simple_017/_mt_svp_simple_017_001_result/_cs_svp_simple_017_001_global_var_rww_mt_svp_simple_017_001.c line 556 function main thread 0
----------------------------------------------------
  __cs_thread_index=1 (01)

State 56 file /home/dell/zyworkspace/nichecker/Experiment/remarks2.1_LA_PPR/svp_simple_017/_mt_svp_simple_017_001_result/_cs_svp_simple_017_001_global_var_rww_mt_svp_simple_017_001.c line 558 function main thread 0
----------------------------------------------------
  __cs_pc_cs[1l]=1 (0001)

State 61 file /home/dell/zyworkspace/nichecker/Experiment/remarks2.1_LA_PPR/svp_simple_017/_mt_svp_simple_017_001_result/_cs_svp_simple_017_001_global_var_rww_mt_svp_simple_017_001.c line 564 function main thread 0
----------------------------------------------------
  __cs_param_main_task_arg=NULL (0000000000000000000000000000000000000000000000000000000000000000)

State 66 file /home/dell/zyworkspace/nichecker/Experiment/remarks2.1_LA_PPR/svp_simple_017/_mt_svp_simple_017_001_result/_cs_svp_simple_017_001_global_var_rww_mt_svp_simple_017_001.c line 184 function main_task_0 thread 0
----------------------------------------------------
  __cs_disable_thread[2l]=0 (0)

State 67 file /home/dell/zyworkspace/nichecker/Experiment/remarks2.1_LA_PPR/svp_simple_017/_mt_svp_simple_017_001_result/_cs_svp_simple_017_001_global_var_rww_mt_svp_simple_017_001.c line 187 function main_task_0 thread 0
----------------------------------------------------
  __cs_disable_thread[0l]=0 (0)

State 81 file /home/dell/zyworkspace/nichecker/Experiment/remarks2.1_LA_PPR/svp_simple_017/_mt_svp_simple_017_001_result/_cs_svp_simple_017_001_global_var_rww_mt_svp_simple_017_001.c line 417 function main_task_0 thread 0
----------------------------------------------------
  __cs_value_ptr=NULL (0000000000000000000000000000000000000000000000000000000000000000)

State 86 file /home/dell/zyworkspace/nichecker/Experiment/remarks2.1_LA_PPR/svp_simple_017/_mt_svp_simple_017_001_result/_cs_svp_simple_017_001_global_var_rww_mt_svp_simple_017_001.c line 566 function main thread 0
----------------------------------------------------
  __cs_pc[1l]=1 (0001)

State 87 file /home/dell/zyworkspace/nichecker/Experiment/remarks2.1_LA_PPR/svp_simple_017/_mt_svp_simple_017_001_result/_cs_svp_simple_017_001_global_var_rww_mt_svp_simple_017_001.c line 572 function main thread 0
----------------------------------------------------
  __cs_tmp_t2_r0=0 (0)

State 89 file /home/dell/zyworkspace/nichecker/Experiment/remarks2.1_LA_PPR/svp_simple_017/_mt_svp_simple_017_001_result/_cs_svp_simple_017_001_global_var_rww_mt_svp_simple_017_001.c line 577 function main thread 0
----------------------------------------------------
  __cs_thread_index=2 (10)

State 90 file /home/dell/zyworkspace/nichecker/Experiment/remarks2.1_LA_PPR/svp_simple_017/_mt_svp_simple_017_001_result/_cs_svp_simple_017_001_global_var_rww_mt_svp_simple_017_001.c line 579 function main thread 0
----------------------------------------------------
  __cs_pc_cs[2l]=0 (0000)

State 95 file /home/dell/zyworkspace/nichecker/Experiment/remarks2.1_LA_PPR/svp_simple_017/_mt_svp_simple_017_001_result/_cs_svp_simple_017_001_global_var_rww_mt_svp_simple_017_001.c line 585 function main thread 0
----------------------------------------------------
  __cs_param_svp_simple_017_001_isr_1_arg=NULL (0000000000000000000000000000000000000000000000000000000000000000)

State 99 file /home/dell/zyworkspace/nichecker/Experiment/remarks2.1_LA_PPR/svp_simple_017/_mt_svp_simple_017_001_result/_cs_svp_simple_017_001_global_var_rww_mt_svp_simple_017_001.c line 540 function svp_simple_017_001_isr_1_0 thread 0
----------------------------------------------------
  __cs_value_ptr=NULL (0000000000000000000000000000000000000000000000000000000000000000)

State 104 file /home/dell/zyworkspace/nichecker/Experiment/remarks2.1_LA_PPR/svp_simple_017/_mt_svp_simple_017_001_result/_cs_svp_simple_017_001_global_var_rww_mt_svp_simple_017_001.c line 587 function main thread 0
----------------------------------------------------
  __cs_pc[2l]=0 (0000)

State 105 file /home/dell/zyworkspace/nichecker/Experiment/remarks2.1_LA_PPR/svp_simple_017/_mt_svp_simple_017_001_result/_cs_svp_simple_017_001_global_var_rww_mt_svp_simple_017_001.c line 597 function main thread 0
----------------------------------------------------
  __cs_tmp_t1_r1=5 (0101)

State 107 file /home/dell/zyworkspace/nichecker/Experiment/remarks2.1_LA_PPR/svp_simple_017/_mt_svp_simple_017_001_result/_cs_svp_simple_017_001_global_var_rww_mt_svp_simple_017_001.c line 602 function main thread 0
----------------------------------------------------
  __cs_thread_index=1 (01)

State 108 file /home/dell/zyworkspace/nichecker/Experiment/remarks2.1_LA_PPR/svp_simple_017/_mt_svp_simple_017_001_result/_cs_svp_simple_017_001_global_var_rww_mt_svp_simple_017_001.c line 604 function main thread 0
----------------------------------------------------
  __cs_pc_cs[1l]=5 (0101)

State 113 file /home/dell/zyworkspace/nichecker/Experiment/remarks2.1_LA_PPR/svp_simple_017/_mt_svp_simple_017_001_result/_cs_svp_simple_017_001_global_var_rww_mt_svp_simple_017_001.c line 610 function main thread 0
----------------------------------------------------
  __cs_param_main_task_arg=NULL (0000000000000000000000000000000000000000000000000000000000000000)

State 116 file /home/dell/zyworkspace/nichecker/Experiment/remarks2.1_LA_PPR/svp_simple_017/_mt_svp_simple_017_001_result/_cs_svp_simple_017_001_global_var_rww_mt_svp_simple_017_001.c line 198 function main_task_0 thread 0
----------------------------------------------------
  __cs_local_main_task_i=0 (00000000000000000000000000000000)

State 117 file /home/dell/zyworkspace/nichecker/Experiment/remarks2.1_LA_PPR/svp_simple_017/_mt_svp_simple_017_001_result/_cs_svp_simple_017_001_global_var_rww_mt_svp_simple_017_001.c line 200 function main_task_0 thread 0
----------------------------------------------------
  svp_simple_017_001_global_var=0 (00000000000000000000000000000000)

State 118 file /home/dell/zyworkspace/nichecker/Experiment/remarks2.1_LA_PPR/svp_simple_017/_mt_svp_simple_017_001_result/_cs_svp_simple_017_001_global_var_rww_mt_svp_simple_017_001.c line 208 function main_task_0 thread 0
----------------------------------------------------
  __cs_local_main_task_t_1=0 (00000000000000000000000000000000)

State 120 file /home/dell/zyworkspace/nichecker/Experiment/remarks2.1_LA_PPR/svp_simple_017/_mt_svp_simple_017_001_result/_cs_svp_simple_017_001_global_var_rww_mt_svp_simple_017_001.c line 223 function main_task_0 thread 0
----------------------------------------------------
  rww_r_tmp1_num=1 (00000000000000000000000000000001)

State 121 file /home/dell/zyworkspace/nichecker/Experiment/remarks2.1_LA_PPR/svp_simple_017/_mt_svp_simple_017_001_result/_cs_svp_simple_017_001_global_var_rww_mt_svp_simple_017_001.c line 224 function main_task_0 thread 0
----------------------------------------------------
  rww_r_tmp1=0 (00000000000000000000000000000000)

State 122 file /home/dell/zyworkspace/nichecker/Experiment/remarks2.1_LA_PPR/svp_simple_017/_mt_svp_simple_017_001_result/_cs_svp_simple_017_001_global_var_rww_mt_svp_simple_017_001.c line 230 function main_task_0 thread 0
----------------------------------------------------
  __cs_local_main_task_loop_1_IOVar1=0 (00000000000000000000000000000000)

State 123 file /home/dell/zyworkspace/nichecker/Experiment/remarks2.1_LA_PPR/svp_simple_017/_mt_svp_simple_017_001_result/_cs_svp_simple_017_001_global_var_rww_mt_svp_simple_017_001.c line 232 function main_task_0 thread 0
----------------------------------------------------
  rww_r_tmp1_num=2 (00000000000000000000000000000010)

State 124 file /home/dell/zyworkspace/nichecker/Experiment/remarks2.1_LA_PPR/svp_simple_017/_mt_svp_simple_017_001_result/_cs_svp_simple_017_001_global_var_rww_mt_svp_simple_017_001.c line 233 function main_task_0 thread 0
----------------------------------------------------
  rww_r_tmp1=0 (00000000000000000000000000000000)

State 126 file /home/dell/zyworkspace/nichecker/Experiment/remarks2.1_LA_PPR/svp_simple_017/_mt_svp_simple_017_001_result/_cs_svp_simple_017_001_global_var_rww_mt_svp_simple_017_001.c line 239 function main_task_0 thread 0
----------------------------------------------------
  __cs_local_main_task_loop_1_block_2=99 (00000000000000000000000001100011)

State 127 file /home/dell/zyworkspace/nichecker/Experiment/remarks2.1_LA_PPR/svp_simple_017/_mt_svp_simple_017_001_result/_cs_svp_simple_017_001_global_var_rww_mt_svp_simple_017_001.c line 242 function main_task_0 thread 0
----------------------------------------------------
  rww_w1=0 (00000000000000000000000000000000)

State 130 file /home/dell/zyworkspace/nichecker/Experiment/remarks2.1_LA_PPR/svp_simple_017/_mt_svp_simple_017_001_result/_cs_svp_simple_017_001_global_var_rww_mt_svp_simple_017_001.c line 245 function main_task_0 thread 0
----------------------------------------------------
  rww_r_tmp1_num=0 (00000000000000000000000000000000)

State 131 file /home/dell/zyworkspace/nichecker/Experiment/remarks2.1_LA_PPR/svp_simple_017/_mt_svp_simple_017_001_result/_cs_svp_simple_017_001_global_var_rww_mt_svp_simple_017_001.c line 248 function main_task_0 thread 0
----------------------------------------------------
  svp_simple_017_001_global_var=99 (00000000000000000000000001100011)

State 137 file /home/dell/zyworkspace/nichecker/Experiment/remarks2.1_LA_PPR/svp_simple_017/_mt_svp_simple_017_001_result/_cs_svp_simple_017_001_global_var_rww_mt_svp_simple_017_001.c line 258 function main_task_0 thread 0
----------------------------------------------------
  __cs_local_main_task_i=1 (00000000000000000000000000000001)

State 138 file /home/dell/zyworkspace/nichecker/Experiment/remarks2.1_LA_PPR/svp_simple_017/_mt_svp_simple_017_001_result/_cs_svp_simple_017_001_global_var_rww_mt_svp_simple_017_001.c line 258 function main_task_0 thread 0
----------------------------------------------------
  svp_simple_017_001_local_array[99l]=0 (00000000000000000000000000000000)

State 139 file /home/dell/zyworkspace/nichecker/Experiment/remarks2.1_LA_PPR/svp_simple_017/_mt_svp_simple_017_001_result/_cs_svp_simple_017_001_global_var_rww_mt_svp_simple_017_001.c line 260 function main_task_0 thread 0
----------------------------------------------------
  rww_r_tmp1_num=1 (00000000000000000000000000000001)

State 140 file /home/dell/zyworkspace/nichecker/Experiment/remarks2.1_LA_PPR/svp_simple_017/_mt_svp_simple_017_001_result/_cs_svp_simple_017_001_global_var_rww_mt_svp_simple_017_001.c line 261 function main_task_0 thread 0
----------------------------------------------------
  rww_r_tmp1=99 (00000000000000000000000001100011)

State 142 file /home/dell/zyworkspace/nichecker/Experiment/remarks2.1_LA_PPR/svp_simple_017/_mt_svp_simple_017_001_result/_cs_svp_simple_017_001_global_var_rww_mt_svp_simple_017_001.c line 271 function main_task_0 thread 0
----------------------------------------------------
  __cs_temporary_0=0 (00000000000000000000000000000000)

State 143 file /home/dell/zyworkspace/nichecker/Experiment/remarks2.1_LA_PPR/svp_simple_017/_mt_svp_simple_017_001_result/_cs_svp_simple_017_001_global_var_rww_mt_svp_simple_017_001.c line 274 function main_task_0 thread 0
----------------------------------------------------
  __cs_temporary_0=100 (00000000000000000000000001100100)

State 144 file /home/dell/zyworkspace/nichecker/Experiment/remarks2.1_LA_PPR/svp_simple_017/_mt_svp_simple_017_001_result/_cs_svp_simple_017_001_global_var_rww_mt_svp_simple_017_001.c line 276 function main_task_0 thread 0
----------------------------------------------------
  rww_r_tmp1_num=2 (00000000000000000000000000000010)

State 145 file /home/dell/zyworkspace/nichecker/Experiment/remarks2.1_LA_PPR/svp_simple_017/_mt_svp_simple_017_001_result/_cs_svp_simple_017_001_global_var_rww_mt_svp_simple_017_001.c line 277 function main_task_0 thread 0
----------------------------------------------------
  rww_r_tmp1=99 (00000000000000000000000001100011)

State 155 file /home/dell/zyworkspace/nichecker/Experiment/remarks2.1_LA_PPR/svp_simple_017/_mt_svp_simple_017_001_result/_cs_svp_simple_017_001_global_var_rww_mt_svp_simple_017_001.c line 417 function main_task_0 thread 0
----------------------------------------------------
  __cs_value_ptr=NULL (0000000000000000000000000000000000000000000000000000000000000000)

State 160 file /home/dell/zyworkspace/nichecker/Experiment/remarks2.1_LA_PPR/svp_simple_017/_mt_svp_simple_017_001_result/_cs_svp_simple_017_001_global_var_rww_mt_svp_simple_017_001.c line 612 function main thread 0
----------------------------------------------------
  __cs_pc[1l]=5 (0101)

State 161 file /home/dell/zyworkspace/nichecker/Experiment/remarks2.1_LA_PPR/svp_simple_017/_mt_svp_simple_017_001_result/_cs_svp_simple_017_001_global_var_rww_mt_svp_simple_017_001.c line 618 function main thread 0
----------------------------------------------------
  __cs_tmp_t2_r1=1 (1)

State 163 file /home/dell/zyworkspace/nichecker/Experiment/remarks2.1_LA_PPR/svp_simple_017/_mt_svp_simple_017_001_result/_cs_svp_simple_017_001_global_var_rww_mt_svp_simple_017_001.c line 623 function main thread 0
----------------------------------------------------
  __cs_thread_index=2 (10)

State 164 file /home/dell/zyworkspace/nichecker/Experiment/remarks2.1_LA_PPR/svp_simple_017/_mt_svp_simple_017_001_result/_cs_svp_simple_017_001_global_var_rww_mt_svp_simple_017_001.c line 625 function main thread 0
----------------------------------------------------
  __cs_pc_cs[2l]=1 (0001)

State 169 file /home/dell/zyworkspace/nichecker/Experiment/remarks2.1_LA_PPR/svp_simple_017/_mt_svp_simple_017_001_result/_cs_svp_simple_017_001_global_var_rww_mt_svp_simple_017_001.c line 631 function main thread 0
----------------------------------------------------
  __cs_param_svp_simple_017_001_isr_1_arg=NULL (0000000000000000000000000000000000000000000000000000000000000000)

State 171 file /home/dell/zyworkspace/nichecker/Experiment/remarks2.1_LA_PPR/svp_simple_017/_mt_svp_simple_017_001_result/_cs_svp_simple_017_001_global_var_rww_mt_svp_simple_017_001.c line 430 function svp_simple_017_001_isr_1_0 thread 0
----------------------------------------------------
  __cs_local_svp_simple_017_001_isr_1_i=0 (00000000000000000000000000000000)

State 172 file /home/dell/zyworkspace/nichecker/Experiment/remarks2.1_LA_PPR/svp_simple_017/_mt_svp_simple_017_001_result/_cs_svp_simple_017_001_global_var_rww_mt_svp_simple_017_001.c line 432 function svp_simple_017_001_isr_1_0 thread 0
----------------------------------------------------
  __cs_local_svp_simple_017_001_isr_1_i=0 (00000000000000000000000000000000)

State 173 file /home/dell/zyworkspace/nichecker/Experiment/remarks2.1_LA_PPR/svp_simple_017/_mt_svp_simple_017_001_result/_cs_svp_simple_017_001_global_var_rww_mt_svp_simple_017_001.c line 439 function svp_simple_017_001_isr_1_0 thread 0
----------------------------------------------------
  __cs_local_svp_simple_017_001_isr_1_t_2=0 (00000000000000000000000000000000)

State 175 file /home/dell/zyworkspace/nichecker/Experiment/remarks2.1_LA_PPR/svp_simple_017/_mt_svp_simple_017_001_result/_cs_svp_simple_017_001_global_var_rww_mt_svp_simple_017_001.c line 454 function svp_simple_017_001_isr_1_0 thread 0
----------------------------------------------------
  __cs_local_svp_simple_017_001_isr_1_loop_2_IOVar1=0 (00000000000000000000000000000000)

State 176 file /home/dell/zyworkspace/nichecker/Experiment/remarks2.1_LA_PPR/svp_simple_017/_mt_svp_simple_017_001_result/_cs_svp_simple_017_001_global_var_rww_mt_svp_simple_017_001.c line 456 function svp_simple_017_001_isr_1_0 thread 0
----------------------------------------------------
  __cs_local_svp_simple_017_001_isr_1_loop_2_block_1=100 (00000000000000000000000001100100)

State 177 file /home/dell/zyworkspace/nichecker/Experiment/remarks2.1_LA_PPR/svp_simple_017/_mt_svp_simple_017_001_result/_cs_svp_simple_017_001_global_var_rww_mt_svp_simple_017_001.c line 458 function svp_simple_017_001_isr_1_0 thread 0
----------------------------------------------------
  __cs_local_svp_simple_017_001_isr_1_i=100 (00000000000000000000000001100100)

State 180 file /home/dell/zyworkspace/nichecker/Experiment/remarks2.1_LA_PPR/svp_simple_017/_mt_svp_simple_017_001_result/_cs_svp_simple_017_001_global_var_rww_mt_svp_simple_017_001.c line 469 function svp_simple_017_001_isr_1_0 thread 0
----------------------------------------------------
  __cs_local_svp_simple_017_001_isr_1_i=101 (00000000000000000000000001100101)

State 181 file /home/dell/zyworkspace/nichecker/Experiment/remarks2.1_LA_PPR/svp_simple_017/_mt_svp_simple_017_001_result/_cs_svp_simple_017_001_global_var_rww_mt_svp_simple_017_001.c line 474 function svp_simple_017_001_isr_1_0 thread 0
----------------------------------------------------
  __cs_local_svp_simple_017_001_isr_1_t_2=1 (00000000000000000000000000000001)

State 186 file /home/dell/zyworkspace/nichecker/Experiment/remarks2.1_LA_PPR/svp_simple_017/_mt_svp_simple_017_001_result/_cs_svp_simple_017_001_global_var_rww_mt_svp_simple_017_001.c line 527 function svp_simple_017_001_isr_1_0 thread 0
----------------------------------------------------
  svp_simple_017_001_global_var=50 (00000000000000000000000000110010)

State 187 file /home/dell/zyworkspace/nichecker/Experiment/remarks2.1_LA_PPR/svp_simple_017/_mt_svp_simple_017_001_result/_cs_svp_simple_017_001_global_var_rww_mt_svp_simple_017_001.c line 529 function svp_simple_017_001_isr_1_0 thread 0
----------------------------------------------------
  svp_simple_017_001_local_array[50l]=0 (00000000000000000000000000000000)

State 191 file /home/dell/zyworkspace/nichecker/Experiment/remarks2.1_LA_PPR/svp_simple_017/_mt_svp_simple_017_001_result/_cs_svp_simple_017_001_global_var_rww_mt_svp_simple_017_001.c line 540 function svp_simple_017_001_isr_1_0 thread 0
----------------------------------------------------
  __cs_value_ptr=NULL (0000000000000000000000000000000000000000000000000000000000000000)

State 196 file /home/dell/zyworkspace/nichecker/Experiment/remarks2.1_LA_PPR/svp_simple_017/_mt_svp_simple_017_001_result/_cs_svp_simple_017_001_global_var_rww_mt_svp_simple_017_001.c line 633 function main thread 0
----------------------------------------------------
  __cs_pc[2l]=1 (0001)

State 197 file /home/dell/zyworkspace/nichecker/Experiment/remarks2.1_LA_PPR/svp_simple_017/_mt_svp_simple_017_001_result/_cs_svp_simple_017_001_global_var_rww_mt_svp_simple_017_001.c line 637 function main thread 0
----------------------------------------------------
  __cs_tmp_t1_r2=11u (00000000000000000000000000001011)

State 199 file /home/dell/zyworkspace/nichecker/Experiment/remarks2.1_LA_PPR/svp_simple_017/_mt_svp_simple_017_001_result/_cs_svp_simple_017_001_global_var_rww_mt_svp_simple_017_001.c line 642 function main thread 0
----------------------------------------------------
  __cs_thread_index=1 (01)

State 200 file /home/dell/zyworkspace/nichecker/Experiment/remarks2.1_LA_PPR/svp_simple_017/_mt_svp_simple_017_001_result/_cs_svp_simple_017_001_global_var_rww_mt_svp_simple_017_001.c line 644 function main thread 0
----------------------------------------------------
  __cs_pc_cs[1l]=11 (1011)

State 205 file /home/dell/zyworkspace/nichecker/Experiment/remarks2.1_LA_PPR/svp_simple_017/_mt_svp_simple_017_001_result/_cs_svp_simple_017_001_global_var_rww_mt_svp_simple_017_001.c line 650 function main thread 0
----------------------------------------------------
  __cs_param_main_task_arg=NULL (0000000000000000000000000000000000000000000000000000000000000000)

State 212 file /home/dell/zyworkspace/nichecker/Experiment/remarks2.1_LA_PPR/svp_simple_017/_mt_svp_simple_017_001_result/_cs_svp_simple_017_001_global_var_rww_mt_svp_simple_017_001.c line 283 function main_task_0 thread 0
----------------------------------------------------
  rww_w2=50 (00000000000000000000000000110010)

Violated property:
  file /home/dell/zyworkspace/nichecker/Experiment/remarks2.1_LA_PPR/svp_simple_017/_mt_svp_simple_017_001_result/_cs_svp_simple_017_001_global_var_rww_mt_svp_simple_017_001.c line 285 function main_task_0
  assertion rww_w2 == rww_r_tmp1
  rww_w2 == rww_r_tmp1


Trace for main_task_0.assertion.3:

State 53 file /home/dell/zyworkspace/nichecker/Experiment/remarks2.1_LA_PPR/svp_simple_017/_mt_svp_simple_017_001_result/_cs_svp_simple_017_001_global_var_rww_mt_svp_simple_017_001.c line 552 function main thread 0
----------------------------------------------------
  __cs_tmp_t1_r0=3 (0011)

State 55 file /home/dell/zyworkspace/nichecker/Experiment/remarks2.1_LA_PPR/svp_simple_017/_mt_svp_simple_017_001_result/_cs_svp_simple_017_001_global_var_rww_mt_svp_simple_017_001.c line 556 function main thread 0
----------------------------------------------------
  __cs_thread_index=1 (01)

State 56 file /home/dell/zyworkspace/nichecker/Experiment/remarks2.1_LA_PPR/svp_simple_017/_mt_svp_simple_017_001_result/_cs_svp_simple_017_001_global_var_rww_mt_svp_simple_017_001.c line 558 function main thread 0
----------------------------------------------------
  __cs_pc_cs[1l]=3 (0011)

State 61 file /home/dell/zyworkspace/nichecker/Experiment/remarks2.1_LA_PPR/svp_simple_017/_mt_svp_simple_017_001_result/_cs_svp_simple_017_001_global_var_rww_mt_svp_simple_017_001.c line 564 function main thread 0
----------------------------------------------------
  __cs_param_main_task_arg=NULL (0000000000000000000000000000000000000000000000000000000000000000)

State 66 file /home/dell/zyworkspace/nichecker/Experiment/remarks2.1_LA_PPR/svp_simple_017/_mt_svp_simple_017_001_result/_cs_svp_simple_017_001_global_var_rww_mt_svp_simple_017_001.c line 184 function main_task_0 thread 0
----------------------------------------------------
  __cs_disable_thread[2l]=0 (0)

State 67 file /home/dell/zyworkspace/nichecker/Experiment/remarks2.1_LA_PPR/svp_simple_017/_mt_svp_simple_017_001_result/_cs_svp_simple_017_001_global_var_rww_mt_svp_simple_017_001.c line 187 function main_task_0 thread 0
----------------------------------------------------
  __cs_disable_thread[0l]=0 (0)

State 69 file /home/dell/zyworkspace/nichecker/Experiment/remarks2.1_LA_PPR/svp_simple_017/_mt_svp_simple_017_001_result/_cs_svp_simple_017_001_global_var_rww_mt_svp_simple_017_001.c line 198 function main_task_0 thread 0
----------------------------------------------------
  __cs_local_main_task_i=0 (00000000000000000000000000000000)

State 70 file /home/dell/zyworkspace/nichecker/Experiment/remarks2.1_LA_PPR/svp_simple_017/_mt_svp_simple_017_001_result/_cs_svp_simple_017_001_global_var_rww_mt_svp_simple_017_001.c line 200 function main_task_0 thread 0
----------------------------------------------------
  svp_simple_017_001_global_var=0 (00000000000000000000000000000000)

State 71 file /home/dell/zyworkspace/nichecker/Experiment/remarks2.1_LA_PPR/svp_simple_017/_mt_svp_simple_017_001_result/_cs_svp_simple_017_001_global_var_rww_mt_svp_simple_017_001.c line 208 function main_task_0 thread 0
----------------------------------------------------
  __cs_local_main_task_t_1=0 (00000000000000000000000000000000)

State 73 file /home/dell/zyworkspace/nichecker/Experiment/remarks2.1_LA_PPR/svp_simple_017/_mt_svp_simple_017_001_result/_cs_svp_simple_017_001_global_var_rww_mt_svp_simple_017_001.c line 223 function main_task_0 thread 0
----------------------------------------------------
  rww_r_tmp1_num=1 (00000000000000000000000000000001)

State 74 file /home/dell/zyworkspace/nichecker/Experiment/remarks2.1_LA_PPR/svp_simple_017/_mt_svp_simple_017_001_result/_cs_svp_simple_017_001_global_var_rww_mt_svp_simple_017_001.c line 224 function main_task_0 thread 0
----------------------------------------------------
  rww_r_tmp1=0 (00000000000000000000000000000000)

State 75 file /home/dell/zyworkspace/nichecker/Experiment/remarks2.1_LA_PPR/svp_simple_017/_mt_svp_simple_017_001_result/_cs_svp_simple_017_001_global_var_rww_mt_svp_simple_017_001.c line 230 function main_task_0 thread 0
----------------------------------------------------
  __cs_local_main_task_loop_1_IOVar1=0 (00000000000000000000000000000000)

State 76 file /home/dell/zyworkspace/nichecker/Experiment/remarks2.1_LA_PPR/svp_simple_017/_mt_svp_simple_017_001_result/_cs_svp_simple_017_001_global_var_rww_mt_svp_simple_017_001.c line 232 function main_task_0 thread 0
----------------------------------------------------
  rww_r_tmp1_num=2 (00000000000000000000000000000010)

State 77 file /home/dell/zyworkspace/nichecker/Experiment/remarks2.1_LA_PPR/svp_simple_017/_mt_svp_simple_017_001_result/_cs_svp_simple_017_001_global_var_rww_mt_svp_simple_017_001.c line 233 function main_task_0 thread 0
----------------------------------------------------
  rww_r_tmp1=0 (00000000000000000000000000000000)

State 79 file /home/dell/zyworkspace/nichecker/Experiment/remarks2.1_LA_PPR/svp_simple_017/_mt_svp_simple_017_001_result/_cs_svp_simple_017_001_global_var_rww_mt_svp_simple_017_001.c line 239 function main_task_0 thread 0
----------------------------------------------------
  __cs_local_main_task_loop_1_block_2=32 (00000000000000000000000000100000)

State 80 file /home/dell/zyworkspace/nichecker/Experiment/remarks2.1_LA_PPR/svp_simple_017/_mt_svp_simple_017_001_result/_cs_svp_simple_017_001_global_var_rww_mt_svp_simple_017_001.c line 242 function main_task_0 thread 0
----------------------------------------------------
  rww_w1=0 (00000000000000000000000000000000)

State 82 file /home/dell/zyworkspace/nichecker/Experiment/remarks2.1_LA_PPR/svp_simple_017/_mt_svp_simple_017_001_result/_cs_svp_simple_017_001_global_var_rww_mt_svp_simple_017_001.c line 245 function main_task_0 thread 0
----------------------------------------------------
  rww_r_tmp1_num=0 (00000000000000000000000000000000)

State 83 file /home/dell/zyworkspace/nichecker/Experiment/remarks2.1_LA_PPR/svp_simple_017/_mt_svp_simple_017_001_result/_cs_svp_simple_017_001_global_var_rww_mt_svp_simple_017_001.c line 248 function main_task_0 thread 0
----------------------------------------------------
  svp_simple_017_001_global_var=32 (00000000000000000000000000100000)

State 97 file /home/dell/zyworkspace/nichecker/Experiment/remarks2.1_LA_PPR/svp_simple_017/_mt_svp_simple_017_001_result/_cs_svp_simple_017_001_global_var_rww_mt_svp_simple_017_001.c line 417 function main_task_0 thread 0
----------------------------------------------------
  __cs_value_ptr=NULL (0000000000000000000000000000000000000000000000000000000000000000)

State 102 file /home/dell/zyworkspace/nichecker/Experiment/remarks2.1_LA_PPR/svp_simple_017/_mt_svp_simple_017_001_result/_cs_svp_simple_017_001_global_var_rww_mt_svp_simple_017_001.c line 566 function main thread 0
----------------------------------------------------
  __cs_pc[1l]=3 (0011)

State 103 file /home/dell/zyworkspace/nichecker/Experiment/remarks2.1_LA_PPR/svp_simple_017/_mt_svp_simple_017_001_result/_cs_svp_simple_017_001_global_var_rww_mt_svp_simple_017_001.c line 572 function main thread 0
----------------------------------------------------
  __cs_tmp_t2_r0=0 (0)

State 105 file /home/dell/zyworkspace/nichecker/Experiment/remarks2.1_LA_PPR/svp_simple_017/_mt_svp_simple_017_001_result/_cs_svp_simple_017_001_global_var_rww_mt_svp_simple_017_001.c line 577 function main thread 0
----------------------------------------------------
  __cs_thread_index=2 (10)

State 106 file /home/dell/zyworkspace/nichecker/Experiment/remarks2.1_LA_PPR/svp_simple_017/_mt_svp_simple_017_001_result/_cs_svp_simple_017_001_global_var_rww_mt_svp_simple_017_001.c line 579 function main thread 0
----------------------------------------------------
  __cs_pc_cs[2l]=0 (0000)

State 111 file /home/dell/zyworkspace/nichecker/Experiment/remarks2.1_LA_PPR/svp_simple_017/_mt_svp_simple_017_001_result/_cs_svp_simple_017_001_global_var_rww_mt_svp_simple_017_001.c line 585 function main thread 0
----------------------------------------------------
  __cs_param_svp_simple_017_001_isr_1_arg=NULL (0000000000000000000000000000000000000000000000000000000000000000)

State 115 file /home/dell/zyworkspace/nichecker/Experiment/remarks2.1_LA_PPR/svp_simple_017/_mt_svp_simple_017_001_result/_cs_svp_simple_017_001_global_var_rww_mt_svp_simple_017_001.c line 540 function svp_simple_017_001_isr_1_0 thread 0
----------------------------------------------------
  __cs_value_ptr=NULL (0000000000000000000000000000000000000000000000000000000000000000)

State 120 file /home/dell/zyworkspace/nichecker/Experiment/remarks2.1_LA_PPR/svp_simple_017/_mt_svp_simple_017_001_result/_cs_svp_simple_017_001_global_var_rww_mt_svp_simple_017_001.c line 587 function main thread 0
----------------------------------------------------
  __cs_pc[2l]=0 (0000)

State 121 file /home/dell/zyworkspace/nichecker/Experiment/remarks2.1_LA_PPR/svp_simple_017/_mt_svp_simple_017_001_result/_cs_svp_simple_017_001_global_var_rww_mt_svp_simple_017_001.c line 597 function main thread 0
----------------------------------------------------
  __cs_tmp_t1_r1=6 (0110)

State 123 file /home/dell/zyworkspace/nichecker/Experiment/remarks2.1_LA_PPR/svp_simple_017/_mt_svp_simple_017_001_result/_cs_svp_simple_017_001_global_var_rww_mt_svp_simple_017_001.c line 602 function main thread 0
----------------------------------------------------
  __cs_thread_index=1 (01)

State 124 file /home/dell/zyworkspace/nichecker/Experiment/remarks2.1_LA_PPR/svp_simple_017/_mt_svp_simple_017_001_result/_cs_svp_simple_017_001_global_var_rww_mt_svp_simple_017_001.c line 604 function main thread 0
----------------------------------------------------
  __cs_pc_cs[1l]=6 (0110)

State 129 file /home/dell/zyworkspace/nichecker/Experiment/remarks2.1_LA_PPR/svp_simple_017/_mt_svp_simple_017_001_result/_cs_svp_simple_017_001_global_var_rww_mt_svp_simple_017_001.c line 610 function main thread 0
----------------------------------------------------
  __cs_param_main_task_arg=NULL (0000000000000000000000000000000000000000000000000000000000000000)

State 136 file /home/dell/zyworkspace/nichecker/Experiment/remarks2.1_LA_PPR/svp_simple_017/_mt_svp_simple_017_001_result/_cs_svp_simple_017_001_global_var_rww_mt_svp_simple_017_001.c line 258 function main_task_0 thread 0
----------------------------------------------------
  __cs_local_main_task_i=1 (00000000000000000000000000000001)

State 137 file /home/dell/zyworkspace/nichecker/Experiment/remarks2.1_LA_PPR/svp_simple_017/_mt_svp_simple_017_001_result/_cs_svp_simple_017_001_global_var_rww_mt_svp_simple_017_001.c line 258 function main_task_0 thread 0
----------------------------------------------------
  svp_simple_017_001_local_array[32l]=0 (00000000000000000000000000000000)

State 138 file /home/dell/zyworkspace/nichecker/Experiment/remarks2.1_LA_PPR/svp_simple_017/_mt_svp_simple_017_001_result/_cs_svp_simple_017_001_global_var_rww_mt_svp_simple_017_001.c line 260 function main_task_0 thread 0
----------------------------------------------------
  rww_r_tmp1_num=1 (00000000000000000000000000000001)

State 139 file /home/dell/zyworkspace/nichecker/Experiment/remarks2.1_LA_PPR/svp_simple_017/_mt_svp_simple_017_001_result/_cs_svp_simple_017_001_global_var_rww_mt_svp_simple_017_001.c line 261 function main_task_0 thread 0
----------------------------------------------------
  rww_r_tmp1=32 (00000000000000000000000000100000)

State 141 file /home/dell/zyworkspace/nichecker/Experiment/remarks2.1_LA_PPR/svp_simple_017/_mt_svp_simple_017_001_result/_cs_svp_simple_017_001_global_var_rww_mt_svp_simple_017_001.c line 271 function main_task_0 thread 0
----------------------------------------------------
  __cs_temporary_0=0 (00000000000000000000000000000000)

State 142 file /home/dell/zyworkspace/nichecker/Experiment/remarks2.1_LA_PPR/svp_simple_017/_mt_svp_simple_017_001_result/_cs_svp_simple_017_001_global_var_rww_mt_svp_simple_017_001.c line 274 function main_task_0 thread 0
----------------------------------------------------
  __cs_temporary_0=33 (00000000000000000000000000100001)

State 143 file /home/dell/zyworkspace/nichecker/Experiment/remarks2.1_LA_PPR/svp_simple_017/_mt_svp_simple_017_001_result/_cs_svp_simple_017_001_global_var_rww_mt_svp_simple_017_001.c line 276 function main_task_0 thread 0
----------------------------------------------------
  rww_r_tmp1_num=2 (00000000000000000000000000000010)

State 144 file /home/dell/zyworkspace/nichecker/Experiment/remarks2.1_LA_PPR/svp_simple_017/_mt_svp_simple_017_001_result/_cs_svp_simple_017_001_global_var_rww_mt_svp_simple_017_001.c line 277 function main_task_0 thread 0
----------------------------------------------------
  rww_r_tmp1=32 (00000000000000000000000000100000)

State 146 file /home/dell/zyworkspace/nichecker/Experiment/remarks2.1_LA_PPR/svp_simple_017/_mt_svp_simple_017_001_result/_cs_svp_simple_017_001_global_var_rww_mt_svp_simple_017_001.c line 283 function main_task_0 thread 0
----------------------------------------------------
  rww_w2=32 (00000000000000000000000000100000)

State 149 file /home/dell/zyworkspace/nichecker/Experiment/remarks2.1_LA_PPR/svp_simple_017/_mt_svp_simple_017_001_result/_cs_svp_simple_017_001_global_var_rww_mt_svp_simple_017_001.c line 286 function main_task_0 thread 0
----------------------------------------------------
  rww_r_tmp1_num=0 (00000000000000000000000000000000)

State 150 file /home/dell/zyworkspace/nichecker/Experiment/remarks2.1_LA_PPR/svp_simple_017/_mt_svp_simple_017_001_result/_cs_svp_simple_017_001_global_var_rww_mt_svp_simple_017_001.c line 289 function main_task_0 thread 0
----------------------------------------------------
  svp_simple_017_001_global_var=33 (00000000000000000000000000100001)

State 151 file /home/dell/zyworkspace/nichecker/Experiment/remarks2.1_LA_PPR/svp_simple_017/_mt_svp_simple_017_001_result/_cs_svp_simple_017_001_global_var_rww_mt_svp_simple_017_001.c line 295 function main_task_0 thread 0
----------------------------------------------------
  __cs_local_main_task_t_1=1 (00000000000000000000000000000001)

State 153 file /home/dell/zyworkspace/nichecker/Experiment/remarks2.1_LA_PPR/svp_simple_017/_mt_svp_simple_017_001_result/_cs_svp_simple_017_001_global_var_rww_mt_svp_simple_017_001.c line 310 function main_task_0 thread 0
----------------------------------------------------
  rww_r_tmp1_num=1 (00000000000000000000000000000001)

State 154 file /home/dell/zyworkspace/nichecker/Experiment/remarks2.1_LA_PPR/svp_simple_017/_mt_svp_simple_017_001_result/_cs_svp_simple_017_001_global_var_rww_mt_svp_simple_017_001.c line 311 function main_task_0 thread 0
----------------------------------------------------
  rww_r_tmp1=33 (00000000000000000000000000100001)

State 155 file /home/dell/zyworkspace/nichecker/Experiment/remarks2.1_LA_PPR/svp_simple_017/_mt_svp_simple_017_001_result/_cs_svp_simple_017_001_global_var_rww_mt_svp_simple_017_001.c line 317 function main_task_0 thread 0
----------------------------------------------------
  __cs_local_main_task_loop_1_IOVar1=33 (00000000000000000000000000100001)

State 156 file /home/dell/zyworkspace/nichecker/Experiment/remarks2.1_LA_PPR/svp_simple_017/_mt_svp_simple_017_001_result/_cs_svp_simple_017_001_global_var_rww_mt_svp_simple_017_001.c line 319 function main_task_0 thread 0
----------------------------------------------------
  rww_r_tmp1_num=2 (00000000000000000000000000000010)

State 157 file /home/dell/zyworkspace/nichecker/Experiment/remarks2.1_LA_PPR/svp_simple_017/_mt_svp_simple_017_001_result/_cs_svp_simple_017_001_global_var_rww_mt_svp_simple_017_001.c line 320 function main_task_0 thread 0
----------------------------------------------------
  rww_r_tmp1=33 (00000000000000000000000000100001)

State 166 file /home/dell/zyworkspace/nichecker/Experiment/remarks2.1_LA_PPR/svp_simple_017/_mt_svp_simple_017_001_result/_cs_svp_simple_017_001_global_var_rww_mt_svp_simple_017_001.c line 417 function main_task_0 thread 0
----------------------------------------------------
  __cs_value_ptr=NULL (0000000000000000000000000000000000000000000000000000000000000000)

State 171 file /home/dell/zyworkspace/nichecker/Experiment/remarks2.1_LA_PPR/svp_simple_017/_mt_svp_simple_017_001_result/_cs_svp_simple_017_001_global_var_rww_mt_svp_simple_017_001.c line 612 function main thread 0
----------------------------------------------------
  __cs_pc[1l]=6 (0110)

State 172 file /home/dell/zyworkspace/nichecker/Experiment/remarks2.1_LA_PPR/svp_simple_017/_mt_svp_simple_017_001_result/_cs_svp_simple_017_001_global_var_rww_mt_svp_simple_017_001.c line 618 function main thread 0
----------------------------------------------------
  __cs_tmp_t2_r1=1 (1)

State 174 file /home/dell/zyworkspace/nichecker/Experiment/remarks2.1_LA_PPR/svp_simple_017/_mt_svp_simple_017_001_result/_cs_svp_simple_017_001_global_var_rww_mt_svp_simple_017_001.c line 623 function main thread 0
----------------------------------------------------
  __cs_thread_index=2 (10)

State 175 file /home/dell/zyworkspace/nichecker/Experiment/remarks2.1_LA_PPR/svp_simple_017/_mt_svp_simple_017_001_result/_cs_svp_simple_017_001_global_var_rww_mt_svp_simple_017_001.c line 625 function main thread 0
----------------------------------------------------
  __cs_pc_cs[2l]=1 (0001)

State 180 file /home/dell/zyworkspace/nichecker/Experiment/remarks2.1_LA_PPR/svp_simple_017/_mt_svp_simple_017_001_result/_cs_svp_simple_017_001_global_var_rww_mt_svp_simple_017_001.c line 631 function main thread 0
----------------------------------------------------
  __cs_param_svp_simple_017_001_isr_1_arg=NULL (0000000000000000000000000000000000000000000000000000000000000000)

State 182 file /home/dell/zyworkspace/nichecker/Experiment/remarks2.1_LA_PPR/svp_simple_017/_mt_svp_simple_017_001_result/_cs_svp_simple_017_001_global_var_rww_mt_svp_simple_017_001.c line 430 function svp_simple_017_001_isr_1_0 thread 0
----------------------------------------------------
  __cs_local_svp_simple_017_001_isr_1_i=0 (00000000000000000000000000000000)

State 183 file /home/dell/zyworkspace/nichecker/Experiment/remarks2.1_LA_PPR/svp_simple_017/_mt_svp_simple_017_001_result/_cs_svp_simple_017_001_global_var_rww_mt_svp_simple_017_001.c line 432 function svp_simple_017_001_isr_1_0 thread 0
----------------------------------------------------
  __cs_local_svp_simple_017_001_isr_1_i=0 (00000000000000000000000000000000)

State 184 file /home/dell/zyworkspace/nichecker/Experiment/remarks2.1_LA_PPR/svp_simple_017/_mt_svp_simple_017_001_result/_cs_svp_simple_017_001_global_var_rww_mt_svp_simple_017_001.c line 439 function svp_simple_017_001_isr_1_0 thread 0
----------------------------------------------------
  __cs_local_svp_simple_017_001_isr_1_t_2=0 (00000000000000000000000000000000)

State 186 file /home/dell/zyworkspace/nichecker/Experiment/remarks2.1_LA_PPR/svp_simple_017/_mt_svp_simple_017_001_result/_cs_svp_simple_017_001_global_var_rww_mt_svp_simple_017_001.c line 454 function svp_simple_017_001_isr_1_0 thread 0
----------------------------------------------------
  __cs_local_svp_simple_017_001_isr_1_loop_2_IOVar1=0 (00000000000000000000000000000000)

State 187 file /home/dell/zyworkspace/nichecker/Experiment/remarks2.1_LA_PPR/svp_simple_017/_mt_svp_simple_017_001_result/_cs_svp_simple_017_001_global_var_rww_mt_svp_simple_017_001.c line 456 function svp_simple_017_001_isr_1_0 thread 0
----------------------------------------------------
  __cs_local_svp_simple_017_001_isr_1_loop_2_block_1=100 (00000000000000000000000001100100)

State 188 file /home/dell/zyworkspace/nichecker/Experiment/remarks2.1_LA_PPR/svp_simple_017/_mt_svp_simple_017_001_result/_cs_svp_simple_017_001_global_var_rww_mt_svp_simple_017_001.c line 458 function svp_simple_017_001_isr_1_0 thread 0
----------------------------------------------------
  __cs_local_svp_simple_017_001_isr_1_i=100 (00000000000000000000000001100100)

State 191 file /home/dell/zyworkspace/nichecker/Experiment/remarks2.1_LA_PPR/svp_simple_017/_mt_svp_simple_017_001_result/_cs_svp_simple_017_001_global_var_rww_mt_svp_simple_017_001.c line 469 function svp_simple_017_001_isr_1_0 thread 0
----------------------------------------------------
  __cs_local_svp_simple_017_001_isr_1_i=101 (00000000000000000000000001100101)

State 192 file /home/dell/zyworkspace/nichecker/Experiment/remarks2.1_LA_PPR/svp_simple_017/_mt_svp_simple_017_001_result/_cs_svp_simple_017_001_global_var_rww_mt_svp_simple_017_001.c line 474 function svp_simple_017_001_isr_1_0 thread 0
----------------------------------------------------
  __cs_local_svp_simple_017_001_isr_1_t_2=1 (00000000000000000000000000000001)

State 197 file /home/dell/zyworkspace/nichecker/Experiment/remarks2.1_LA_PPR/svp_simple_017/_mt_svp_simple_017_001_result/_cs_svp_simple_017_001_global_var_rww_mt_svp_simple_017_001.c line 527 function svp_simple_017_001_isr_1_0 thread 0
----------------------------------------------------
  svp_simple_017_001_global_var=50 (00000000000000000000000000110010)

State 198 file /home/dell/zyworkspace/nichecker/Experiment/remarks2.1_LA_PPR/svp_simple_017/_mt_svp_simple_017_001_result/_cs_svp_simple_017_001_global_var_rww_mt_svp_simple_017_001.c line 529 function svp_simple_017_001_isr_1_0 thread 0
----------------------------------------------------
  svp_simple_017_001_local_array[50l]=0 (00000000000000000000000000000000)

State 202 file /home/dell/zyworkspace/nichecker/Experiment/remarks2.1_LA_PPR/svp_simple_017/_mt_svp_simple_017_001_result/_cs_svp_simple_017_001_global_var_rww_mt_svp_simple_017_001.c line 540 function svp_simple_017_001_isr_1_0 thread 0
----------------------------------------------------
  __cs_value_ptr=NULL (0000000000000000000000000000000000000000000000000000000000000000)

State 207 file /home/dell/zyworkspace/nichecker/Experiment/remarks2.1_LA_PPR/svp_simple_017/_mt_svp_simple_017_001_result/_cs_svp_simple_017_001_global_var_rww_mt_svp_simple_017_001.c line 633 function main thread 0
----------------------------------------------------
  __cs_pc[2l]=1 (0001)

State 208 file /home/dell/zyworkspace/nichecker/Experiment/remarks2.1_LA_PPR/svp_simple_017/_mt_svp_simple_017_001_result/_cs_svp_simple_017_001_global_var_rww_mt_svp_simple_017_001.c line 637 function main thread 0
----------------------------------------------------
  __cs_tmp_t1_r2=7u (00000000000000000000000000000111)

State 210 file /home/dell/zyworkspace/nichecker/Experiment/remarks2.1_LA_PPR/svp_simple_017/_mt_svp_simple_017_001_result/_cs_svp_simple_017_001_global_var_rww_mt_svp_simple_017_001.c line 642 function main thread 0
----------------------------------------------------
  __cs_thread_index=1 (01)

State 211 file /home/dell/zyworkspace/nichecker/Experiment/remarks2.1_LA_PPR/svp_simple_017/_mt_svp_simple_017_001_result/_cs_svp_simple_017_001_global_var_rww_mt_svp_simple_017_001.c line 644 function main thread 0
----------------------------------------------------
  __cs_pc_cs[1l]=7 (0111)

State 216 file /home/dell/zyworkspace/nichecker/Experiment/remarks2.1_LA_PPR/svp_simple_017/_mt_svp_simple_017_001_result/_cs_svp_simple_017_001_global_var_rww_mt_svp_simple_017_001.c line 650 function main thread 0
----------------------------------------------------
  __cs_param_main_task_arg=NULL (0000000000000000000000000000000000000000000000000000000000000000)

State 224 file /home/dell/zyworkspace/nichecker/Experiment/remarks2.1_LA_PPR/svp_simple_017/_mt_svp_simple_017_001_result/_cs_svp_simple_017_001_global_var_rww_mt_svp_simple_017_001.c line 326 function main_task_0 thread 0
----------------------------------------------------
  __cs_local_main_task_loop_1_block_2=-2147483638 (10000000000000000000000000001010)

State 225 file /home/dell/zyworkspace/nichecker/Experiment/remarks2.1_LA_PPR/svp_simple_017/_mt_svp_simple_017_001_result/_cs_svp_simple_017_001_global_var_rww_mt_svp_simple_017_001.c line 329 function main_task_0 thread 0
----------------------------------------------------
  rww_w3=50 (00000000000000000000000000110010)

Violated property:
  file /home/dell/zyworkspace/nichecker/Experiment/remarks2.1_LA_PPR/svp_simple_017/_mt_svp_simple_017_001_result/_cs_svp_simple_017_001_global_var_rww_mt_svp_simple_017_001.c line 331 function main_task_0
  assertion rww_w3 == rww_r_tmp1
  rww_w3 == rww_r_tmp1


Trace for main_task_0.assertion.4:

State 53 file /home/dell/zyworkspace/nichecker/Experiment/remarks2.1_LA_PPR/svp_simple_017/_mt_svp_simple_017_001_result/_cs_svp_simple_017_001_global_var_rww_mt_svp_simple_017_001.c line 552 function main thread 0
----------------------------------------------------
  __cs_tmp_t1_r0=4 (0100)

State 55 file /home/dell/zyworkspace/nichecker/Experiment/remarks2.1_LA_PPR/svp_simple_017/_mt_svp_simple_017_001_result/_cs_svp_simple_017_001_global_var_rww_mt_svp_simple_017_001.c line 556 function main thread 0
----------------------------------------------------
  __cs_thread_index=1 (01)

State 56 file /home/dell/zyworkspace/nichecker/Experiment/remarks2.1_LA_PPR/svp_simple_017/_mt_svp_simple_017_001_result/_cs_svp_simple_017_001_global_var_rww_mt_svp_simple_017_001.c line 558 function main thread 0
----------------------------------------------------
  __cs_pc_cs[1l]=4 (0100)

State 61 file /home/dell/zyworkspace/nichecker/Experiment/remarks2.1_LA_PPR/svp_simple_017/_mt_svp_simple_017_001_result/_cs_svp_simple_017_001_global_var_rww_mt_svp_simple_017_001.c line 564 function main thread 0
----------------------------------------------------
  __cs_param_main_task_arg=NULL (0000000000000000000000000000000000000000000000000000000000000000)

State 66 file /home/dell/zyworkspace/nichecker/Experiment/remarks2.1_LA_PPR/svp_simple_017/_mt_svp_simple_017_001_result/_cs_svp_simple_017_001_global_var_rww_mt_svp_simple_017_001.c line 184 function main_task_0 thread 0
----------------------------------------------------
  __cs_disable_thread[2l]=0 (0)

State 67 file /home/dell/zyworkspace/nichecker/Experiment/remarks2.1_LA_PPR/svp_simple_017/_mt_svp_simple_017_001_result/_cs_svp_simple_017_001_global_var_rww_mt_svp_simple_017_001.c line 187 function main_task_0 thread 0
----------------------------------------------------
  __cs_disable_thread[0l]=0 (0)

State 69 file /home/dell/zyworkspace/nichecker/Experiment/remarks2.1_LA_PPR/svp_simple_017/_mt_svp_simple_017_001_result/_cs_svp_simple_017_001_global_var_rww_mt_svp_simple_017_001.c line 198 function main_task_0 thread 0
----------------------------------------------------
  __cs_local_main_task_i=0 (00000000000000000000000000000000)

State 70 file /home/dell/zyworkspace/nichecker/Experiment/remarks2.1_LA_PPR/svp_simple_017/_mt_svp_simple_017_001_result/_cs_svp_simple_017_001_global_var_rww_mt_svp_simple_017_001.c line 200 function main_task_0 thread 0
----------------------------------------------------
  svp_simple_017_001_global_var=0 (00000000000000000000000000000000)

State 71 file /home/dell/zyworkspace/nichecker/Experiment/remarks2.1_LA_PPR/svp_simple_017/_mt_svp_simple_017_001_result/_cs_svp_simple_017_001_global_var_rww_mt_svp_simple_017_001.c line 208 function main_task_0 thread 0
----------------------------------------------------
  __cs_local_main_task_t_1=0 (00000000000000000000000000000000)

State 73 file /home/dell/zyworkspace/nichecker/Experiment/remarks2.1_LA_PPR/svp_simple_017/_mt_svp_simple_017_001_result/_cs_svp_simple_017_001_global_var_rww_mt_svp_simple_017_001.c line 223 function main_task_0 thread 0
----------------------------------------------------
  rww_r_tmp1_num=1 (00000000000000000000000000000001)

State 74 file /home/dell/zyworkspace/nichecker/Experiment/remarks2.1_LA_PPR/svp_simple_017/_mt_svp_simple_017_001_result/_cs_svp_simple_017_001_global_var_rww_mt_svp_simple_017_001.c line 224 function main_task_0 thread 0
----------------------------------------------------
  rww_r_tmp1=0 (00000000000000000000000000000000)

State 75 file /home/dell/zyworkspace/nichecker/Experiment/remarks2.1_LA_PPR/svp_simple_017/_mt_svp_simple_017_001_result/_cs_svp_simple_017_001_global_var_rww_mt_svp_simple_017_001.c line 230 function main_task_0 thread 0
----------------------------------------------------
  __cs_local_main_task_loop_1_IOVar1=0 (00000000000000000000000000000000)

State 76 file /home/dell/zyworkspace/nichecker/Experiment/remarks2.1_LA_PPR/svp_simple_017/_mt_svp_simple_017_001_result/_cs_svp_simple_017_001_global_var_rww_mt_svp_simple_017_001.c line 232 function main_task_0 thread 0
----------------------------------------------------
  rww_r_tmp1_num=2 (00000000000000000000000000000010)

State 77 file /home/dell/zyworkspace/nichecker/Experiment/remarks2.1_LA_PPR/svp_simple_017/_mt_svp_simple_017_001_result/_cs_svp_simple_017_001_global_var_rww_mt_svp_simple_017_001.c line 233 function main_task_0 thread 0
----------------------------------------------------
  rww_r_tmp1=0 (00000000000000000000000000000000)

State 79 file /home/dell/zyworkspace/nichecker/Experiment/remarks2.1_LA_PPR/svp_simple_017/_mt_svp_simple_017_001_result/_cs_svp_simple_017_001_global_var_rww_mt_svp_simple_017_001.c line 239 function main_task_0 thread 0
----------------------------------------------------
  __cs_local_main_task_loop_1_block_2=79 (00000000000000000000000001001111)

State 80 file /home/dell/zyworkspace/nichecker/Experiment/remarks2.1_LA_PPR/svp_simple_017/_mt_svp_simple_017_001_result/_cs_svp_simple_017_001_global_var_rww_mt_svp_simple_017_001.c line 242 function main_task_0 thread 0
----------------------------------------------------
  rww_w1=0 (00000000000000000000000000000000)

State 82 file /home/dell/zyworkspace/nichecker/Experiment/remarks2.1_LA_PPR/svp_simple_017/_mt_svp_simple_017_001_result/_cs_svp_simple_017_001_global_var_rww_mt_svp_simple_017_001.c line 245 function main_task_0 thread 0
----------------------------------------------------
  rww_r_tmp1_num=0 (00000000000000000000000000000000)

State 83 file /home/dell/zyworkspace/nichecker/Experiment/remarks2.1_LA_PPR/svp_simple_017/_mt_svp_simple_017_001_result/_cs_svp_simple_017_001_global_var_rww_mt_svp_simple_017_001.c line 248 function main_task_0 thread 0
----------------------------------------------------
  svp_simple_017_001_global_var=79 (00000000000000000000000001001111)

State 89 file /home/dell/zyworkspace/nichecker/Experiment/remarks2.1_LA_PPR/svp_simple_017/_mt_svp_simple_017_001_result/_cs_svp_simple_017_001_global_var_rww_mt_svp_simple_017_001.c line 258 function main_task_0 thread 0
----------------------------------------------------
  __cs_local_main_task_i=1 (00000000000000000000000000000001)

State 90 file /home/dell/zyworkspace/nichecker/Experiment/remarks2.1_LA_PPR/svp_simple_017/_mt_svp_simple_017_001_result/_cs_svp_simple_017_001_global_var_rww_mt_svp_simple_017_001.c line 258 function main_task_0 thread 0
----------------------------------------------------
  svp_simple_017_001_local_array[79l]=0 (00000000000000000000000000000000)

State 91 file /home/dell/zyworkspace/nichecker/Experiment/remarks2.1_LA_PPR/svp_simple_017/_mt_svp_simple_017_001_result/_cs_svp_simple_017_001_global_var_rww_mt_svp_simple_017_001.c line 260 function main_task_0 thread 0
----------------------------------------------------
  rww_r_tmp1_num=1 (00000000000000000000000000000001)

State 92 file /home/dell/zyworkspace/nichecker/Experiment/remarks2.1_LA_PPR/svp_simple_017/_mt_svp_simple_017_001_result/_cs_svp_simple_017_001_global_var_rww_mt_svp_simple_017_001.c line 261 function main_task_0 thread 0
----------------------------------------------------
  rww_r_tmp1=79 (00000000000000000000000001001111)

State 103 file /home/dell/zyworkspace/nichecker/Experiment/remarks2.1_LA_PPR/svp_simple_017/_mt_svp_simple_017_001_result/_cs_svp_simple_017_001_global_var_rww_mt_svp_simple_017_001.c line 417 function main_task_0 thread 0
----------------------------------------------------
  __cs_value_ptr=NULL (0000000000000000000000000000000000000000000000000000000000000000)

State 108 file /home/dell/zyworkspace/nichecker/Experiment/remarks2.1_LA_PPR/svp_simple_017/_mt_svp_simple_017_001_result/_cs_svp_simple_017_001_global_var_rww_mt_svp_simple_017_001.c line 566 function main thread 0
----------------------------------------------------
  __cs_pc[1l]=4 (0100)

State 109 file /home/dell/zyworkspace/nichecker/Experiment/remarks2.1_LA_PPR/svp_simple_017/_mt_svp_simple_017_001_result/_cs_svp_simple_017_001_global_var_rww_mt_svp_simple_017_001.c line 572 function main thread 0
----------------------------------------------------
  __cs_tmp_t2_r0=0 (0)

State 111 file /home/dell/zyworkspace/nichecker/Experiment/remarks2.1_LA_PPR/svp_simple_017/_mt_svp_simple_017_001_result/_cs_svp_simple_017_001_global_var_rww_mt_svp_simple_017_001.c line 577 function main thread 0
----------------------------------------------------
  __cs_thread_index=2 (10)

State 112 file /home/dell/zyworkspace/nichecker/Experiment/remarks2.1_LA_PPR/svp_simple_017/_mt_svp_simple_017_001_result/_cs_svp_simple_017_001_global_var_rww_mt_svp_simple_017_001.c line 579 function main thread 0
----------------------------------------------------
  __cs_pc_cs[2l]=0 (0000)

State 117 file /home/dell/zyworkspace/nichecker/Experiment/remarks2.1_LA_PPR/svp_simple_017/_mt_svp_simple_017_001_result/_cs_svp_simple_017_001_global_var_rww_mt_svp_simple_017_001.c line 585 function main thread 0
----------------------------------------------------
  __cs_param_svp_simple_017_001_isr_1_arg=NULL (0000000000000000000000000000000000000000000000000000000000000000)

State 121 file /home/dell/zyworkspace/nichecker/Experiment/remarks2.1_LA_PPR/svp_simple_017/_mt_svp_simple_017_001_result/_cs_svp_simple_017_001_global_var_rww_mt_svp_simple_017_001.c line 540 function svp_simple_017_001_isr_1_0 thread 0
----------------------------------------------------
  __cs_value_ptr=NULL (0000000000000000000000000000000000000000000000000000000000000000)

State 126 file /home/dell/zyworkspace/nichecker/Experiment/remarks2.1_LA_PPR/svp_simple_017/_mt_svp_simple_017_001_result/_cs_svp_simple_017_001_global_var_rww_mt_svp_simple_017_001.c line 587 function main thread 0
----------------------------------------------------
  __cs_pc[2l]=0 (0000)

State 127 file /home/dell/zyworkspace/nichecker/Experiment/remarks2.1_LA_PPR/svp_simple_017/_mt_svp_simple_017_001_result/_cs_svp_simple_017_001_global_var_rww_mt_svp_simple_017_001.c line 597 function main thread 0
----------------------------------------------------
  __cs_tmp_t1_r1=9 (1001)

State 129 file /home/dell/zyworkspace/nichecker/Experiment/remarks2.1_LA_PPR/svp_simple_017/_mt_svp_simple_017_001_result/_cs_svp_simple_017_001_global_var_rww_mt_svp_simple_017_001.c line 602 function main thread 0
----------------------------------------------------
  __cs_thread_index=1 (01)

State 130 file /home/dell/zyworkspace/nichecker/Experiment/remarks2.1_LA_PPR/svp_simple_017/_mt_svp_simple_017_001_result/_cs_svp_simple_017_001_global_var_rww_mt_svp_simple_017_001.c line 604 function main thread 0
----------------------------------------------------
  __cs_pc_cs[1l]=9 (1001)

State 135 file /home/dell/zyworkspace/nichecker/Experiment/remarks2.1_LA_PPR/svp_simple_017/_mt_svp_simple_017_001_result/_cs_svp_simple_017_001_global_var_rww_mt_svp_simple_017_001.c line 610 function main thread 0
----------------------------------------------------
  __cs_param_main_task_arg=NULL (0000000000000000000000000000000000000000000000000000000000000000)

State 141 file /home/dell/zyworkspace/nichecker/Experiment/remarks2.1_LA_PPR/svp_simple_017/_mt_svp_simple_017_001_result/_cs_svp_simple_017_001_global_var_rww_mt_svp_simple_017_001.c line 271 function main_task_0 thread 0
----------------------------------------------------
  __cs_temporary_0=0 (00000000000000000000000000000000)

State 142 file /home/dell/zyworkspace/nichecker/Experiment/remarks2.1_LA_PPR/svp_simple_017/_mt_svp_simple_017_001_result/_cs_svp_simple_017_001_global_var_rww_mt_svp_simple_017_001.c line 274 function main_task_0 thread 0
----------------------------------------------------
  __cs_temporary_0=80 (00000000000000000000000001010000)

State 143 file /home/dell/zyworkspace/nichecker/Experiment/remarks2.1_LA_PPR/svp_simple_017/_mt_svp_simple_017_001_result/_cs_svp_simple_017_001_global_var_rww_mt_svp_simple_017_001.c line 276 function main_task_0 thread 0
----------------------------------------------------
  rww_r_tmp1_num=2 (00000000000000000000000000000010)

State 144 file /home/dell/zyworkspace/nichecker/Experiment/remarks2.1_LA_PPR/svp_simple_017/_mt_svp_simple_017_001_result/_cs_svp_simple_017_001_global_var_rww_mt_svp_simple_017_001.c line 277 function main_task_0 thread 0
----------------------------------------------------
  rww_r_tmp1=79 (00000000000000000000000001001111)

State 146 file /home/dell/zyworkspace/nichecker/Experiment/remarks2.1_LA_PPR/svp_simple_017/_mt_svp_simple_017_001_result/_cs_svp_simple_017_001_global_var_rww_mt_svp_simple_017_001.c line 283 function main_task_0 thread 0
----------------------------------------------------
  rww_w2=79 (00000000000000000000000001001111)

State 149 file /home/dell/zyworkspace/nichecker/Experiment/remarks2.1_LA_PPR/svp_simple_017/_mt_svp_simple_017_001_result/_cs_svp_simple_017_001_global_var_rww_mt_svp_simple_017_001.c line 286 function main_task_0 thread 0
----------------------------------------------------
  rww_r_tmp1_num=0 (00000000000000000000000000000000)

State 150 file /home/dell/zyworkspace/nichecker/Experiment/remarks2.1_LA_PPR/svp_simple_017/_mt_svp_simple_017_001_result/_cs_svp_simple_017_001_global_var_rww_mt_svp_simple_017_001.c line 289 function main_task_0 thread 0
----------------------------------------------------
  svp_simple_017_001_global_var=80 (00000000000000000000000001010000)

State 151 file /home/dell/zyworkspace/nichecker/Experiment/remarks2.1_LA_PPR/svp_simple_017/_mt_svp_simple_017_001_result/_cs_svp_simple_017_001_global_var_rww_mt_svp_simple_017_001.c line 295 function main_task_0 thread 0
----------------------------------------------------
  __cs_local_main_task_t_1=1 (00000000000000000000000000000001)

State 153 file /home/dell/zyworkspace/nichecker/Experiment/remarks2.1_LA_PPR/svp_simple_017/_mt_svp_simple_017_001_result/_cs_svp_simple_017_001_global_var_rww_mt_svp_simple_017_001.c line 310 function main_task_0 thread 0
----------------------------------------------------
  rww_r_tmp1_num=1 (00000000000000000000000000000001)

State 154 file /home/dell/zyworkspace/nichecker/Experiment/remarks2.1_LA_PPR/svp_simple_017/_mt_svp_simple_017_001_result/_cs_svp_simple_017_001_global_var_rww_mt_svp_simple_017_001.c line 311 function main_task_0 thread 0
----------------------------------------------------
  rww_r_tmp1=80 (00000000000000000000000001010000)

State 155 file /home/dell/zyworkspace/nichecker/Experiment/remarks2.1_LA_PPR/svp_simple_017/_mt_svp_simple_017_001_result/_cs_svp_simple_017_001_global_var_rww_mt_svp_simple_017_001.c line 317 function main_task_0 thread 0
----------------------------------------------------
  __cs_local_main_task_loop_1_IOVar1=80 (00000000000000000000000001010000)

State 156 file /home/dell/zyworkspace/nichecker/Experiment/remarks2.1_LA_PPR/svp_simple_017/_mt_svp_simple_017_001_result/_cs_svp_simple_017_001_global_var_rww_mt_svp_simple_017_001.c line 319 function main_task_0 thread 0
----------------------------------------------------
  rww_r_tmp1_num=2 (00000000000000000000000000000010)

State 157 file /home/dell/zyworkspace/nichecker/Experiment/remarks2.1_LA_PPR/svp_simple_017/_mt_svp_simple_017_001_result/_cs_svp_simple_017_001_global_var_rww_mt_svp_simple_017_001.c line 320 function main_task_0 thread 0
----------------------------------------------------
  rww_r_tmp1=80 (00000000000000000000000001010000)

State 159 file /home/dell/zyworkspace/nichecker/Experiment/remarks2.1_LA_PPR/svp_simple_017/_mt_svp_simple_017_001_result/_cs_svp_simple_017_001_global_var_rww_mt_svp_simple_017_001.c line 326 function main_task_0 thread 0
----------------------------------------------------
  __cs_local_main_task_loop_1_block_2=2147483624 (01111111111111111111111111101000)

State 160 file /home/dell/zyworkspace/nichecker/Experiment/remarks2.1_LA_PPR/svp_simple_017/_mt_svp_simple_017_001_result/_cs_svp_simple_017_001_global_var_rww_mt_svp_simple_017_001.c line 329 function main_task_0 thread 0
----------------------------------------------------
  rww_w3=80 (00000000000000000000000001010000)

State 163 file /home/dell/zyworkspace/nichecker/Experiment/remarks2.1_LA_PPR/svp_simple_017/_mt_svp_simple_017_001_result/_cs_svp_simple_017_001_global_var_rww_mt_svp_simple_017_001.c line 332 function main_task_0 thread 0
----------------------------------------------------
  rww_r_tmp1_num=0 (00000000000000000000000000000000)

State 164 file /home/dell/zyworkspace/nichecker/Experiment/remarks2.1_LA_PPR/svp_simple_017/_mt_svp_simple_017_001_result/_cs_svp_simple_017_001_global_var_rww_mt_svp_simple_017_001.c line 335 function main_task_0 thread 0
----------------------------------------------------
  svp_simple_017_001_global_var=-2147483592 (10000000000000000000000000111000)

State 170 file /home/dell/zyworkspace/nichecker/Experiment/remarks2.1_LA_PPR/svp_simple_017/_mt_svp_simple_017_001_result/_cs_svp_simple_017_001_global_var_rww_mt_svp_simple_017_001.c line 345 function main_task_0 thread 0
----------------------------------------------------
  __cs_local_main_task_i=2 (00000000000000000000000000000010)

State 171 file /home/dell/zyworkspace/nichecker/Experiment/remarks2.1_LA_PPR/svp_simple_017/_mt_svp_simple_017_001_result/_cs_svp_simple_017_001_global_var_rww_mt_svp_simple_017_001.c line 345 function main_task_0 thread 0
----------------------------------------------------
  svp_simple_017_001_local_array[-2147483592l]={ 0, 0, 0, 0, 0, 0, 0, 0, 0, 0, 0, 0, 0, 0, 0, 0, 0, 0, 0, 0, 0, 0, 0, 0, 0, 0, 0, 0, 0, 0, 0, 0, 0, 0, 0, 0, 0, 0, 0, 0, 0, 0, 0, 0, 0, 0, 0, 0, 0, 0, 0, 0, 0, 0, 0, 0, 0, 0, 0, 0, 0, 0, 0, 0, 0, 0, 0, 0, 0, 0, 0, 0, 0, 0, 0, 0, 0, 0, 0, 0, 0, 0, 0, 0, 0, 0, 0, 0, 0, 0, 0, 0, 0, 0, 0, 0, 0, 0, 0, 0 }[-2147483592l] (?)

State 172 file /home/dell/zyworkspace/nichecker/Experiment/remarks2.1_LA_PPR/svp_simple_017/_mt_svp_simple_017_001_result/_cs_svp_simple_017_001_global_var_rww_mt_svp_simple_017_001.c line 347 function main_task_0 thread 0
----------------------------------------------------
  rww_r_tmp1_num=1 (00000000000000000000000000000001)

State 173 file /home/dell/zyworkspace/nichecker/Experiment/remarks2.1_LA_PPR/svp_simple_017/_mt_svp_simple_017_001_result/_cs_svp_simple_017_001_global_var_rww_mt_svp_simple_017_001.c line 348 function main_task_0 thread 0
----------------------------------------------------
  rww_r_tmp1=-2147483592 (10000000000000000000000000111000)

State 175 file /home/dell/zyworkspace/nichecker/Experiment/remarks2.1_LA_PPR/svp_simple_017/_mt_svp_simple_017_001_result/_cs_svp_simple_017_001_global_var_rww_mt_svp_simple_017_001.c line 358 function main_task_0 thread 0
----------------------------------------------------
  __cs_temporary_1=0 (00000000000000000000000000000000)

State 176 file /home/dell/zyworkspace/nichecker/Experiment/remarks2.1_LA_PPR/svp_simple_017/_mt_svp_simple_017_001_result/_cs_svp_simple_017_001_global_var_rww_mt_svp_simple_017_001.c line 361 function main_task_0 thread 0
----------------------------------------------------
  __cs_temporary_1=-2147483591 (10000000000000000000000000111001)

State 177 file /home/dell/zyworkspace/nichecker/Experiment/remarks2.1_LA_PPR/svp_simple_017/_mt_svp_simple_017_001_result/_cs_svp_simple_017_001_global_var_rww_mt_svp_simple_017_001.c line 363 function main_task_0 thread 0
----------------------------------------------------
  rww_r_tmp1_num=2 (00000000000000000000000000000010)

State 178 file /home/dell/zyworkspace/nichecker/Experiment/remarks2.1_LA_PPR/svp_simple_017/_mt_svp_simple_017_001_result/_cs_svp_simple_017_001_global_var_rww_mt_svp_simple_017_001.c line 364 function main_task_0 thread 0
----------------------------------------------------
  rww_r_tmp1=-2147483592 (10000000000000000000000000111000)

State 184 file /home/dell/zyworkspace/nichecker/Experiment/remarks2.1_LA_PPR/svp_simple_017/_mt_svp_simple_017_001_result/_cs_svp_simple_017_001_global_var_rww_mt_svp_simple_017_001.c line 417 function main_task_0 thread 0
----------------------------------------------------
  __cs_value_ptr=NULL (0000000000000000000000000000000000000000000000000000000000000000)

State 189 file /home/dell/zyworkspace/nichecker/Experiment/remarks2.1_LA_PPR/svp_simple_017/_mt_svp_simple_017_001_result/_cs_svp_simple_017_001_global_var_rww_mt_svp_simple_017_001.c line 612 function main thread 0
----------------------------------------------------
  __cs_pc[1l]=9 (1001)

State 190 file /home/dell/zyworkspace/nichecker/Experiment/remarks2.1_LA_PPR/svp_simple_017/_mt_svp_simple_017_001_result/_cs_svp_simple_017_001_global_var_rww_mt_svp_simple_017_001.c line 618 function main thread 0
----------------------------------------------------
  __cs_tmp_t2_r1=1 (1)

State 192 file /home/dell/zyworkspace/nichecker/Experiment/remarks2.1_LA_PPR/svp_simple_017/_mt_svp_simple_017_001_result/_cs_svp_simple_017_001_global_var_rww_mt_svp_simple_017_001.c line 623 function main thread 0
----------------------------------------------------
  __cs_thread_index=2 (10)

State 193 file /home/dell/zyworkspace/nichecker/Experiment/remarks2.1_LA_PPR/svp_simple_017/_mt_svp_simple_017_001_result/_cs_svp_simple_017_001_global_var_rww_mt_svp_simple_017_001.c line 625 function main thread 0
----------------------------------------------------
  __cs_pc_cs[2l]=1 (0001)

State 198 file /home/dell/zyworkspace/nichecker/Experiment/remarks2.1_LA_PPR/svp_simple_017/_mt_svp_simple_017_001_result/_cs_svp_simple_017_001_global_var_rww_mt_svp_simple_017_001.c line 631 function main thread 0
----------------------------------------------------
  __cs_param_svp_simple_017_001_isr_1_arg=NULL (0000000000000000000000000000000000000000000000000000000000000000)

State 200 file /home/dell/zyworkspace/nichecker/Experiment/remarks2.1_LA_PPR/svp_simple_017/_mt_svp_simple_017_001_result/_cs_svp_simple_017_001_global_var_rww_mt_svp_simple_017_001.c line 430 function svp_simple_017_001_isr_1_0 thread 0
----------------------------------------------------
  __cs_local_svp_simple_017_001_isr_1_i=0 (00000000000000000000000000000000)

State 201 file /home/dell/zyworkspace/nichecker/Experiment/remarks2.1_LA_PPR/svp_simple_017/_mt_svp_simple_017_001_result/_cs_svp_simple_017_001_global_var_rww_mt_svp_simple_017_001.c line 432 function svp_simple_017_001_isr_1_0 thread 0
----------------------------------------------------
  __cs_local_svp_simple_017_001_isr_1_i=0 (00000000000000000000000000000000)

State 202 file /home/dell/zyworkspace/nichecker/Experiment/remarks2.1_LA_PPR/svp_simple_017/_mt_svp_simple_017_001_result/_cs_svp_simple_017_001_global_var_rww_mt_svp_simple_017_001.c line 439 function svp_simple_017_001_isr_1_0 thread 0
----------------------------------------------------
  __cs_local_svp_simple_017_001_isr_1_t_2=0 (00000000000000000000000000000000)

State 204 file /home/dell/zyworkspace/nichecker/Experiment/remarks2.1_LA_PPR/svp_simple_017/_mt_svp_simple_017_001_result/_cs_svp_simple_017_001_global_var_rww_mt_svp_simple_017_001.c line 454 function svp_simple_017_001_isr_1_0 thread 0
----------------------------------------------------
  __cs_local_svp_simple_017_001_isr_1_loop_2_IOVar1=0 (00000000000000000000000000000000)

State 205 file /home/dell/zyworkspace/nichecker/Experiment/remarks2.1_LA_PPR/svp_simple_017/_mt_svp_simple_017_001_result/_cs_svp_simple_017_001_global_var_rww_mt_svp_simple_017_001.c line 456 function svp_simple_017_001_isr_1_0 thread 0
----------------------------------------------------
  __cs_local_svp_simple_017_001_isr_1_loop_2_block_1=100 (00000000000000000000000001100100)

State 206 file /home/dell/zyworkspace/nichecker/Experiment/remarks2.1_LA_PPR/svp_simple_017/_mt_svp_simple_017_001_result/_cs_svp_simple_017_001_global_var_rww_mt_svp_simple_017_001.c line 458 function svp_simple_017_001_isr_1_0 thread 0
----------------------------------------------------
  __cs_local_svp_simple_017_001_isr_1_i=100 (00000000000000000000000001100100)

State 209 file /home/dell/zyworkspace/nichecker/Experiment/remarks2.1_LA_PPR/svp_simple_017/_mt_svp_simple_017_001_result/_cs_svp_simple_017_001_global_var_rww_mt_svp_simple_017_001.c line 469 function svp_simple_017_001_isr_1_0 thread 0
----------------------------------------------------
  __cs_local_svp_simple_017_001_isr_1_i=101 (00000000000000000000000001100101)

State 210 file /home/dell/zyworkspace/nichecker/Experiment/remarks2.1_LA_PPR/svp_simple_017/_mt_svp_simple_017_001_result/_cs_svp_simple_017_001_global_var_rww_mt_svp_simple_017_001.c line 474 function svp_simple_017_001_isr_1_0 thread 0
----------------------------------------------------
  __cs_local_svp_simple_017_001_isr_1_t_2=1 (00000000000000000000000000000001)

State 215 file /home/dell/zyworkspace/nichecker/Experiment/remarks2.1_LA_PPR/svp_simple_017/_mt_svp_simple_017_001_result/_cs_svp_simple_017_001_global_var_rww_mt_svp_simple_017_001.c line 527 function svp_simple_017_001_isr_1_0 thread 0
----------------------------------------------------
  svp_simple_017_001_global_var=50 (00000000000000000000000000110010)

State 216 file /home/dell/zyworkspace/nichecker/Experiment/remarks2.1_LA_PPR/svp_simple_017/_mt_svp_simple_017_001_result/_cs_svp_simple_017_001_global_var_rww_mt_svp_simple_017_001.c line 529 function svp_simple_017_001_isr_1_0 thread 0
----------------------------------------------------
  svp_simple_017_001_local_array[50l]=0 (00000000000000000000000000000000)

State 220 file /home/dell/zyworkspace/nichecker/Experiment/remarks2.1_LA_PPR/svp_simple_017/_mt_svp_simple_017_001_result/_cs_svp_simple_017_001_global_var_rww_mt_svp_simple_017_001.c line 540 function svp_simple_017_001_isr_1_0 thread 0
----------------------------------------------------
  __cs_value_ptr=NULL (0000000000000000000000000000000000000000000000000000000000000000)

State 225 file /home/dell/zyworkspace/nichecker/Experiment/remarks2.1_LA_PPR/svp_simple_017/_mt_svp_simple_017_001_result/_cs_svp_simple_017_001_global_var_rww_mt_svp_simple_017_001.c line 633 function main thread 0
----------------------------------------------------
  __cs_pc[2l]=1 (0001)

State 226 file /home/dell/zyworkspace/nichecker/Experiment/remarks2.1_LA_PPR/svp_simple_017/_mt_svp_simple_017_001_result/_cs_svp_simple_017_001_global_var_rww_mt_svp_simple_017_001.c line 637 function main thread 0
----------------------------------------------------
  __cs_tmp_t1_r2=10u (00000000000000000000000000001010)

State 228 file /home/dell/zyworkspace/nichecker/Experiment/remarks2.1_LA_PPR/svp_simple_017/_mt_svp_simple_017_001_result/_cs_svp_simple_017_001_global_var_rww_mt_svp_simple_017_001.c line 642 function main thread 0
----------------------------------------------------
  __cs_thread_index=1 (01)

State 229 file /home/dell/zyworkspace/nichecker/Experiment/remarks2.1_LA_PPR/svp_simple_017/_mt_svp_simple_017_001_result/_cs_svp_simple_017_001_global_var_rww_mt_svp_simple_017_001.c line 644 function main thread 0
----------------------------------------------------
  __cs_pc_cs[1l]=10 (1010)

State 234 file /home/dell/zyworkspace/nichecker/Experiment/remarks2.1_LA_PPR/svp_simple_017/_mt_svp_simple_017_001_result/_cs_svp_simple_017_001_global_var_rww_mt_svp_simple_017_001.c line 650 function main thread 0
----------------------------------------------------
  __cs_param_main_task_arg=NULL (0000000000000000000000000000000000000000000000000000000000000000)

State 245 file /home/dell/zyworkspace/nichecker/Experiment/remarks2.1_LA_PPR/svp_simple_017/_mt_svp_simple_017_001_result/_cs_svp_simple_017_001_global_var_rww_mt_svp_simple_017_001.c line 370 function main_task_0 thread 0
----------------------------------------------------
  rww_w4=50 (00000000000000000000000000110010)

Violated property:
  file /home/dell/zyworkspace/nichecker/Experiment/remarks2.1_LA_PPR/svp_simple_017/_mt_svp_simple_017_001_result/_cs_svp_simple_017_001_global_var_rww_mt_svp_simple_017_001.c line 372 function main_task_0
  assertion rww_w4 == rww_r_tmp1
  rww_w4 == rww_r_tmp1


** 4 of 4 failed (4 iterations)
VERIFICATION FAILED
