CBMC version 4.9 64-bit linux
Parsing main.c
<command-line>: warning: "__STDC_VERSION__" redefined
<built-in>: note: this is the location of the previous definition
Converting
Type-checking main
Generating GOTO Program
Adding CPROVER library
Function Pointer Removal
Partial Inlining
Generic Property Instrumentation
Starting Bounded Model Checking
Adding interrupt constraints
size of program expression: 875 steps
no slicing due to threads
Generated 2 VCC(s), 2 remaining after simplification
Passing problem to propositional reduction
Running propositional reduction
Post-processing
Solving with MiniSAT 2.2.0 with simplifier
5617 variables, 22183 clauses
SAT checker: negated claim is SATISFIABLE, i.e., does not hold
Runtime decision procedure: 0.05s
Building error trace

Counterexample:

State 3 file <built-in-additions> line 34 thread 0
----------------------------------------------------
  __CPROVER_malloc_is_new_array=FALSE (0)

State 4 file <built-in-additions> line 35 thread 0
----------------------------------------------------
  __CPROVER_memory_leak=NULL (0000000000000000000000000000000000000000000000000000000000000000)

State 5 file main.c line 105 thread 0
----------------------------------------------------
  ACPIBASE=0 (00000000000000000000000000000000)

State 6 file main.c line 108 thread 0
----------------------------------------------------
  tco_lock=0 (00000000)

State 7 file main.c line 109 thread 0
----------------------------------------------------
  timer_alive=0 (0000000000000000000000000000000000000000000000000000000000000000)

State 8 file main.c line 110 thread 0
----------------------------------------------------
  tco_expect_close=0 (00000000)

State 9 file main.c line 115 thread 0
----------------------------------------------------
  tco_write_buf=0 (00000000)

State 10 file main.c line 118 thread 0
----------------------------------------------------
  tco1_rld=0 (00000000)

State 11 file main.c line 151 thread 0
----------------------------------------------------
  tco1_cnt_b0=0 (00000000)

State 12 file main.c line 152 thread 0
----------------------------------------------------
  tco1_cnt_b1=0 (00000000)

State 13 file main.c line 153 thread 0
----------------------------------------------------
  tco1_cnt_b2=0 (00000000)

State 14 file main.c line 154 thread 0
----------------------------------------------------
  tco1_cnt_b3=0 (00000000)

State 15 file main.c line 155 thread 0
----------------------------------------------------
  tco1_cnt_b4=0 (00000000)

State 16 file main.c line 156 thread 0
----------------------------------------------------
  tco1_cnt_b5=0 (00000000)

State 17 file main.c line 157 thread 0
----------------------------------------------------
  tco1_cnt_b6=0 (00000000)

State 18 file main.c line 158 thread 0
----------------------------------------------------
  tco1_cnt_b7=0 (00000000)

State 19 file main.c line 162 thread 0
----------------------------------------------------
  heartbeat=30 (00000000000000000000000000011110)

State 20 file main.c line 170 thread 0
----------------------------------------------------
  nowayout=0 (00000000000000000000000000000000)

State 21 file <built-in-additions> line 57 thread 0
----------------------------------------------------
  __CPROVER_rounding_mode=0 (00000000000000000000000000000000)

State 22 file main.c line 712 thread 0
----------------------------------------------------
  cnt1=0 (00000000000000000000000000000000)

State 23 file main.c line 712 thread 0
----------------------------------------------------
  cnt2=0 (00000000000000000000000000000000)

State 24 file main.c line 712 thread 0
----------------------------------------------------
  cnt3=0 (00000000000000000000000000000000)

State 25 file <built-in-additions> line 78 thread 0
----------------------------------------------------
  __CPROVER_pipe_count=0 (00000000000000000000000000000000)

State 26 file <built-in-additions> line 21 thread 0
----------------------------------------------------
  __CPROVER_thread_id=0 (0000000000000000000000000000000000000000000000000000000000000000)

State 27 file <built-in-additions> line 22 thread 0
----------------------------------------------------
  __CPROVER_threads_exited=__CPROVER_threads_exited#1 (?)

State 28 file <built-in-additions> line 23 thread 0
----------------------------------------------------
  __CPROVER_next_thread_id=0 (0000000000000000000000000000000000000000000000000000000000000000)

State 29 file <built-in-additions> line 30 thread 0
----------------------------------------------------
  __CPROVER_deallocated=NULL (0000000000000000000000000000000000000000000000000000000000000000)

State 30 file <built-in-additions> line 31 thread 0
----------------------------------------------------
  __CPROVER_dead_object=NULL (0000000000000000000000000000000000000000000000000000000000000000)

State 31 file <built-in-additions> line 32 thread 0
----------------------------------------------------
  __CPROVER_malloc_object=NULL (0000000000000000000000000000000000000000000000000000000000000000)

State 32 file <built-in-additions> line 33 thread 0
----------------------------------------------------
  __CPROVER_malloc_size=0 (0000000000000000000000000000000000000000000000000000000000000000)

State 36  thread 0
----------------------------------------------------
  argv'[8]=irep("(\"nil\")")[8] (?)

State 39 file main.c line 752 thread 0
----------------------------------------------------
  argc=8 (00000000000000000000000000001000)

State 40 file main.c line 752 thread 0
----------------------------------------------------
  argv=argv' (0000001000000000000000000000000000000000000000000000000000000000)

State 41 file main.c line 754 function main thread 0
----------------------------------------------------
  tco_expect_close=0 (00000000)

State 42 file main.c line 755 function main thread 0
----------------------------------------------------
  t1=0 (0000000000000000000000000000000000000000000000000000000000000000)

State 43 file main.c line 756 function main thread 0
----------------------------------------------------
  t2=0 (0000000000000000000000000000000000000000000000000000000000000000)

State 52 file main.c line 732 function closer1 thread 2
----------------------------------------------------
  tco_write_buf=86 (01010110)

State 54 file main.c line 733 function closer1 thread 2
----------------------------------------------------
  tco_expect_close=0 (00000000)

State 56 file main.c line 719 function closer2 thread 3
----------------------------------------------------
  tco_write_buf=86 (01010110)

State 57 file main.c line 745 function writer1 thread 1
----------------------------------------------------
  tco1_rld=1 (00000001)

State 58 file main.c line 733 function closer1 thread 2
----------------------------------------------------
  tco_expect_close=42 (00101010)

State 59 file main.c line 733 function closer1 thread 2
----------------------------------------------------
  tco1_rld=1 (00000001)

State 61 file main.c line 746 function writer1 thread 1
----------------------------------------------------
  cnt3=1 (00000000000000000000000000000001)

State 67 file main.c line 734 function closer1 thread 2
----------------------------------------------------
  tco_expect_close=42 (00101010)

State 68 file main.c line 720 function closer2 thread 3
----------------------------------------------------
  tco_expect_close=0 (00000000)

State 70 file main.c line 720 function closer2 thread 3
----------------------------------------------------
  tco_expect_close=42 (00101010)

State 71 file main.c line 720 function closer2 thread 3
----------------------------------------------------
  tco1_rld=1 (00000001)

State 72 file main.c line 721 function closer2 thread 3
----------------------------------------------------
  tco_expect_close=42 (00101010)

State 74 file main.c line 722 function closer2 thread 3
----------------------------------------------------
  timer_alive=0 (0000000000000000000000000000000000000000000000000000000000000000)

State 75 file main.c line 722 function closer2 thread 3
----------------------------------------------------
  tco_expect_close=0 (00000000)

State 76 file main.c line 723 function closer2 thread 3
----------------------------------------------------
  cnt1=1 (00000000000000000000000000000001)

Violated property:
  file main.c line 735 function closer1
  assertion 0
  FALSE

VERIFICATION FAILED

real	0m0.269s
user	0m0.210s
sys	0m0.061s
