CBMC version 4.9 64-bit linux
Parsing main.c
<command-line>: warning: "__STDC_VERSION__" redefined
<built-in>: note: this is the location of the previous definition
Converting
Type-checking main
Generating GOTO Program
Adding CPROVER library
Function Pointer Removal
Partial Inlining
Generic Property Instrumentation
Starting Bounded Model Checking
Adding interrupt constraints
size of program expression: 2655 steps
no slicing due to threads
Generated 5 VCC(s), 5 remaining after simplification
Passing problem to propositional reduction
Running propositional reduction
Post-processing
Solving with MiniSAT 2.2.0 with simplifier
12166 variables, 56163 clauses
SAT checker: negated claim is SATISFIABLE, i.e., does not hold
Runtime decision procedure: 0.123s
Building error trace

Counterexample:

State 3 file <built-in-additions> line 30 thread 0
----------------------------------------------------
  __CPROVER_deallocated=NULL (0000000000000000000000000000000000000000000000000000000000000000)

State 4 file <built-in-additions> line 31 thread 0
----------------------------------------------------
  __CPROVER_dead_object=NULL (0000000000000000000000000000000000000000000000000000000000000000)

State 5 file <built-in-additions> line 32 thread 0
----------------------------------------------------
  __CPROVER_malloc_object=NULL (0000000000000000000000000000000000000000000000000000000000000000)

State 6 file <built-in-additions> line 33 thread 0
----------------------------------------------------
  __CPROVER_malloc_size=0 (0000000000000000000000000000000000000000000000000000000000000000)

State 7 file <built-in-additions> line 34 thread 0
----------------------------------------------------
  __CPROVER_malloc_is_new_array=FALSE (0)

State 8 file <built-in-additions> line 35 thread 0
----------------------------------------------------
  __CPROVER_memory_leak=NULL (0000000000000000000000000000000000000000000000000000000000000000)

State 9 file main.c line 70 thread 0
----------------------------------------------------
  timerCount=0 (00000000000000000000000000000000)

State 10 file main.c line 71 thread 0
----------------------------------------------------
  P1OUT=0 (00000000000000000000000000000000)

State 11 file main.c line 72 thread 0
----------------------------------------------------
  LED_0=0 (00000000000000000000000000000000)

State 12 file main.c line 73 thread 0
----------------------------------------------------
  LED_1=0 (00000000000000000000000000000000)

State 13 file main.c line 74 thread 0
----------------------------------------------------
  WDTCLT=0 (00000000000000000000000000000000)

State 14 file main.c line 75 thread 0
----------------------------------------------------
  WDTPW=0 (00000000000000000000000000000000)

State 15 file main.c line 76 thread 0
----------------------------------------------------
  WDTCTL=0 (00000000000000000000000000000000)

State 16 file main.c line 77 thread 0
----------------------------------------------------
  WDTHOLD=0 (00000000000000000000000000000000)

State 17 file main.c line 78 thread 0
----------------------------------------------------
  LED_DIR=0 (00000000000000000000000000000000)

State 18 file main.c line 79 thread 0
----------------------------------------------------
  LED_OUT=0 (00000000000000000000000000000000)

State 19 file main.c line 80 thread 0
----------------------------------------------------
  CCTL0=0 (00000000000000000000000000000000)

State 20 file main.c line 81 thread 0
----------------------------------------------------
  CCIE=0 (00000000000000000000000000000000)

State 21 file main.c line 82 thread 0
----------------------------------------------------
  TACTL=0 (00000000000000000000000000000000)

State 22 file main.c line 83 thread 0
----------------------------------------------------
  TASSEL_2=0 (00000000000000000000000000000000)

State 23 file main.c line 84 thread 0
----------------------------------------------------
  MC_2=0 (00000000000000000000000000000000)

State 24 file main.c line 87 thread 0
----------------------------------------------------
  cnt1=0 (00000000000000000000000000000000)

State 25 file main.c line 87 thread 0
----------------------------------------------------
  cnt2=0 (00000000000000000000000000000000)

State 26 file main.c line 87 thread 0
----------------------------------------------------
  cnt3=0 (00000000000000000000000000000000)

State 27 file main.c line 87 thread 0
----------------------------------------------------
  cnt4=0 (00000000000000000000000000000000)

State 28 file <built-in-additions> line 57 thread 0
----------------------------------------------------
  __CPROVER_rounding_mode=0 (00000000000000000000000000000000)

State 29 file <built-in-additions> line 78 thread 0
----------------------------------------------------
  __CPROVER_pipe_count=0 (00000000000000000000000000000000)

State 30 file <built-in-additions> line 21 thread 0
----------------------------------------------------
  __CPROVER_thread_id=0 (0000000000000000000000000000000000000000000000000000000000000000)

State 31 file <built-in-additions> line 22 thread 0
----------------------------------------------------
  __CPROVER_threads_exited=__CPROVER_threads_exited#1 (?)

State 32 file <built-in-additions> line 23 thread 0
----------------------------------------------------
  __CPROVER_next_thread_id=0 (0000000000000000000000000000000000000000000000000000000000000000)

State 36 file main.c line 171 function main thread 0
----------------------------------------------------
  WDTCTL=0 (00000000000000000000000000000000)

State 37 file main.c line 173 function main thread 0
----------------------------------------------------
  LED_DIR=0 (00000000000000000000000000000000)

State 38 file main.c line 175 function main thread 0
----------------------------------------------------
  LED_OUT=1 (00000000000000000000000000000001)

State 39 file main.c line 177 function main thread 0
----------------------------------------------------
  CCTL0=0 (00000000000000000000000000000000)

State 40 file main.c line 178 function main thread 0
----------------------------------------------------
  TACTL=0 (00000000000000000000000000000000)

State 41 file main.c line 180 function main thread 0
----------------------------------------------------
  timerCount=0 (00000000000000000000000000000000)

State 51 file main.c line 125 function Timer_B thread 1
----------------------------------------------------
  timerCount=0 (00000000000000000000000000000000)

State 53 file main.c line 143 function Timer_C thread 6
----------------------------------------------------
  timerCount=0 (00000000000000000000000000000000)

State 56 file main.c line 151 function Timer_C thread 6
----------------------------------------------------
  P1OUT=0 (00000000000000000000000000000000)

State 57 file main.c line 153 function Timer_C thread 6
----------------------------------------------------
  cnt3=1 (00000000000000000000000000000001)

State 60 file main.c line 101 function Timer_A thread 3
----------------------------------------------------
  timerCount=1 (00000000000000000000000000000001)

Violated property:
  file main.c line 106 function Timer_A
  assertion 0
  FALSE

VERIFICATION FAILED

real	0m0.374s
user	0m0.337s
sys	0m0.040s
