2023-10-31 08:53:43
SVPCheck: True	LoopAbstraction: True	LabelReduction: True	Slice: True	

SVPCheck var: svp_simple_017_001_global_var	pattern: rwr
--------------------------Run start-------------------------------
inliner
slice
LoopAbstraction
unroller
insertLabel
lazyseq
feeder  0.286
[91mUNSAFE[0m, counterexample: 2, time: 3.538 s, memory: 34.23 MB
--------------------------Run end---------------------------------
SVPCheck var: svp_simple_017_001_global_var	pattern: rww
--------------------------Run start-------------------------------
inliner
slice
LoopAbstraction
unroller
insertLabel
lazyseq
feeder  0.289
[91mUNSAFE[0m, counterexample: 4, time: 3.453 s, memory: 34.25 MB
--------------------------Run end---------------------------------
SVPCheck var: svp_simple_017_001_global_var	pattern: wwr
--------------------------Run start-------------------------------
inliner
slice
LoopAbstraction
unroller
insertLabel
lazyseq
feeder  0.307
[91mUNSAFE[0m, counterexample: 5, time: 3.545 s, memory: 34.29 MB
--------------------------Run end---------------------------------
SVPCheck var: svp_simple_017_001_local_array[50]	pattern: rwr
--------------------------Run start-------------------------------
inliner
slice
LoopAbstraction
unroller
insertLabel
lazyseq
feeder  0.180
[92mSAFE[0m, counterexample: 0, time: 3.327 s, memory: 28.52 MB
--------------------------Run end---------------------------------
cbmcTimeSum: 1.062
modulesTimeSum: 13.863
