CBMC version 5.6 64-bit x86_64 linux
Parsing /home/dell/zyworkspace/nichecker/Experiment/remarks2.1_LA_Slicing/svp_simple_012/_mt_svp_simple_012_001_result/_cs_svp_simple_012_001_global_var_wrw_mt_svp_simple_012_001.c
<command-line>: warning: "__STDC_VERSION__" redefined
<built-in>: note: this is the location of the previous definition
Converting
Type-checking _cs_svp_simple_012_001_global_var_wrw_mt_svp_simple_012_001
file /home/dell/zyworkspace/nichecker/Experiment/remarks2.1_LA_Slicing/svp_simple_012/_mt_svp_simple_012_001_result/_cs_svp_simple_012_001_global_var_wrw_mt_svp_simple_012_001.c line 200 function main_task_0: function `assert' is not declared
Generating GOTO Program
Adding CPROVER library (x86_64)
Removal of function pointers and virtual functions
Partial Inlining
Generic Property Instrumentation
Starting Bounded Model Checking
**** WARNING: no body for function enable_isr
size of program expression: 337 steps
simple slicing removed 23 assignments
Generated 5 VCC(s), 4 remaining after simplification
Passing problem to propositional reduction
converting SSA
Running propositional reduction
Post-processing
Solving with MiniSAT 2.2.1 with simplifier
1059 variables, 1651 clauses
SAT checker: instance is SATISFIABLE
Solving with MiniSAT 2.2.1 with simplifier
1059 variables, 222 clauses
SAT checker: instance is UNSATISFIABLE
Runtime decision procedure: 0.005s

** Results:
[main_task_0.assertion.1] assertion wrw_a_1 == 0: SUCCESS
[main_task_0.assertion.2] assertion wrw_a_1 == 0: FAILURE

Trace for main_task_0.assertion.2:

State 38 file /home/dell/zyworkspace/nichecker/Experiment/remarks2.1_LA_Slicing/svp_simple_012/_mt_svp_simple_012_001_result/_cs_svp_simple_012_001_global_var_wrw_mt_svp_simple_012_001.c line 269 function main thread 0
----------------------------------------------------
  __cs_tmp_t1_r0=3 (011)

State 40 file /home/dell/zyworkspace/nichecker/Experiment/remarks2.1_LA_Slicing/svp_simple_012/_mt_svp_simple_012_001_result/_cs_svp_simple_012_001_global_var_wrw_mt_svp_simple_012_001.c line 273 function main thread 0
----------------------------------------------------
  __cs_thread_index=1 (01)

State 41 file /home/dell/zyworkspace/nichecker/Experiment/remarks2.1_LA_Slicing/svp_simple_012/_mt_svp_simple_012_001_result/_cs_svp_simple_012_001_global_var_wrw_mt_svp_simple_012_001.c line 275 function main thread 0
----------------------------------------------------
  __cs_pc_cs[1l]=3 (011)

State 46 file /home/dell/zyworkspace/nichecker/Experiment/remarks2.1_LA_Slicing/svp_simple_012/_mt_svp_simple_012_001_result/_cs_svp_simple_012_001_global_var_wrw_mt_svp_simple_012_001.c line 281 function main thread 0
----------------------------------------------------
  __cs_param_main_task_arg=NULL (0000000000000000000000000000000000000000000000000000000000000000)

State 51 file /home/dell/zyworkspace/nichecker/Experiment/remarks2.1_LA_Slicing/svp_simple_012/_mt_svp_simple_012_001_result/_cs_svp_simple_012_001_global_var_wrw_mt_svp_simple_012_001.c line 179 function main_task_0 thread 0
----------------------------------------------------
  __cs_disable_thread[2l]=0 (0)

State 52 file /home/dell/zyworkspace/nichecker/Experiment/remarks2.1_LA_Slicing/svp_simple_012/_mt_svp_simple_012_001_result/_cs_svp_simple_012_001_global_var_wrw_mt_svp_simple_012_001.c line 182 function main_task_0 thread 0
----------------------------------------------------
  __cs_disable_thread[0l]=0 (0)

State 54 file /home/dell/zyworkspace/nichecker/Experiment/remarks2.1_LA_Slicing/svp_simple_012/_mt_svp_simple_012_001_result/_cs_svp_simple_012_001_global_var_wrw_mt_svp_simple_012_001.c line 193 function main_task_0 thread 0
----------------------------------------------------
  __cs_local_main_task_p=&svp_simple_012_001_global_var (0000001000000000000000000000000000000000000000000000000000000000)

State 56 file /home/dell/zyworkspace/nichecker/Experiment/remarks2.1_LA_Slicing/svp_simple_012/_mt_svp_simple_012_001_result/_cs_svp_simple_012_001_global_var_wrw_mt_svp_simple_012_001.c line 197 function main_task_0 thread 0
----------------------------------------------------
  svp_simple_012_001_global_var=1 (00000000000000000000000000000001)

State 58 file /home/dell/zyworkspace/nichecker/Experiment/remarks2.1_LA_Slicing/svp_simple_012/_mt_svp_simple_012_001_result/_cs_svp_simple_012_001_global_var_wrw_mt_svp_simple_012_001.c line 202 function main_task_0 thread 0
----------------------------------------------------
  wrw_a_1_num=1 (00000000000000000000000000000001)

State 59 file /home/dell/zyworkspace/nichecker/Experiment/remarks2.1_LA_Slicing/svp_simple_012/_mt_svp_simple_012_001_result/_cs_svp_simple_012_001_global_var_wrw_mt_svp_simple_012_001.c line 203 function main_task_0 thread 0
----------------------------------------------------
  wrw_a_1=0 (00000000000000000000000000000000)

State 63 file /home/dell/zyworkspace/nichecker/Experiment/remarks2.1_LA_Slicing/svp_simple_012/_mt_svp_simple_012_001_result/_cs_svp_simple_012_001_global_var_wrw_mt_svp_simple_012_001.c line 231 function main_task_0 thread 0
----------------------------------------------------
  __cs_value_ptr=NULL (0000000000000000000000000000000000000000000000000000000000000000)

State 68 file /home/dell/zyworkspace/nichecker/Experiment/remarks2.1_LA_Slicing/svp_simple_012/_mt_svp_simple_012_001_result/_cs_svp_simple_012_001_global_var_wrw_mt_svp_simple_012_001.c line 283 function main thread 0
----------------------------------------------------
  __cs_pc[1l]=3 (011)

State 69 file /home/dell/zyworkspace/nichecker/Experiment/remarks2.1_LA_Slicing/svp_simple_012/_mt_svp_simple_012_001_result/_cs_svp_simple_012_001_global_var_wrw_mt_svp_simple_012_001.c line 289 function main thread 0
----------------------------------------------------
  __cs_tmp_t2_r0=1 (1)

State 71 file /home/dell/zyworkspace/nichecker/Experiment/remarks2.1_LA_Slicing/svp_simple_012/_mt_svp_simple_012_001_result/_cs_svp_simple_012_001_global_var_wrw_mt_svp_simple_012_001.c line 294 function main thread 0
----------------------------------------------------
  __cs_thread_index=2 (10)

State 72 file /home/dell/zyworkspace/nichecker/Experiment/remarks2.1_LA_Slicing/svp_simple_012/_mt_svp_simple_012_001_result/_cs_svp_simple_012_001_global_var_wrw_mt_svp_simple_012_001.c line 296 function main thread 0
----------------------------------------------------
  __cs_pc_cs[2l]=1 (001)

State 77 file /home/dell/zyworkspace/nichecker/Experiment/remarks2.1_LA_Slicing/svp_simple_012/_mt_svp_simple_012_001_result/_cs_svp_simple_012_001_global_var_wrw_mt_svp_simple_012_001.c line 302 function main thread 0
----------------------------------------------------
  __cs_param_svp_simple_012_001_isr_1_arg=NULL (0000000000000000000000000000000000000000000000000000000000000000)

State 79 file /home/dell/zyworkspace/nichecker/Experiment/remarks2.1_LA_Slicing/svp_simple_012/_mt_svp_simple_012_001_result/_cs_svp_simple_012_001_global_var_wrw_mt_svp_simple_012_001.c line 243 function svp_simple_012_001_isr_1_0 thread 0
----------------------------------------------------
  __cs_local_svp_simple_012_001_isr_1_reader1=1 (00000000000000000000000000000001)

State 80 file /home/dell/zyworkspace/nichecker/Experiment/remarks2.1_LA_Slicing/svp_simple_012/_mt_svp_simple_012_001_result/_cs_svp_simple_012_001_global_var_wrw_mt_svp_simple_012_001.c line 245 function svp_simple_012_001_isr_1_0 thread 0
----------------------------------------------------
  wrw_a_1=1 (00000000000000000000000000000001)

State 84 file /home/dell/zyworkspace/nichecker/Experiment/remarks2.1_LA_Slicing/svp_simple_012/_mt_svp_simple_012_001_result/_cs_svp_simple_012_001_global_var_wrw_mt_svp_simple_012_001.c line 257 function svp_simple_012_001_isr_1_0 thread 0
----------------------------------------------------
  __cs_value_ptr=NULL (0000000000000000000000000000000000000000000000000000000000000000)

State 89 file /home/dell/zyworkspace/nichecker/Experiment/remarks2.1_LA_Slicing/svp_simple_012/_mt_svp_simple_012_001_result/_cs_svp_simple_012_001_global_var_wrw_mt_svp_simple_012_001.c line 304 function main thread 0
----------------------------------------------------
  __cs_pc[2l]=1 (001)

State 90 file /home/dell/zyworkspace/nichecker/Experiment/remarks2.1_LA_Slicing/svp_simple_012/_mt_svp_simple_012_001_result/_cs_svp_simple_012_001_global_var_wrw_mt_svp_simple_012_001.c line 314 function main thread 0
----------------------------------------------------
  __cs_tmp_t1_r1=4 (100)

State 92 file /home/dell/zyworkspace/nichecker/Experiment/remarks2.1_LA_Slicing/svp_simple_012/_mt_svp_simple_012_001_result/_cs_svp_simple_012_001_global_var_wrw_mt_svp_simple_012_001.c line 319 function main thread 0
----------------------------------------------------
  __cs_thread_index=1 (01)

State 93 file /home/dell/zyworkspace/nichecker/Experiment/remarks2.1_LA_Slicing/svp_simple_012/_mt_svp_simple_012_001_result/_cs_svp_simple_012_001_global_var_wrw_mt_svp_simple_012_001.c line 321 function main thread 0
----------------------------------------------------
  __cs_pc_cs[1l]=4 (100)

State 98 file /home/dell/zyworkspace/nichecker/Experiment/remarks2.1_LA_Slicing/svp_simple_012/_mt_svp_simple_012_001_result/_cs_svp_simple_012_001_global_var_wrw_mt_svp_simple_012_001.c line 327 function main thread 0
----------------------------------------------------
  __cs_param_main_task_arg=NULL (0000000000000000000000000000000000000000000000000000000000000000)

State 103 file /home/dell/zyworkspace/nichecker/Experiment/remarks2.1_LA_Slicing/svp_simple_012/_mt_svp_simple_012_001_result/_cs_svp_simple_012_001_global_var_wrw_mt_svp_simple_012_001.c line 209 function main_task_0 thread 0
----------------------------------------------------
  svp_simple_012_001_global_var=2 (00000000000000000000000000000010)

Violated property:
  file /home/dell/zyworkspace/nichecker/Experiment/remarks2.1_LA_Slicing/svp_simple_012/_mt_svp_simple_012_001_result/_cs_svp_simple_012_001_global_var_wrw_mt_svp_simple_012_001.c line 213 function main_task_0
  assertion wrw_a_1 == 0
  wrw_a_1 == 0


** 1 of 2 failed (2 iterations)
VERIFICATION FAILED
