CBMC version 5.6 64-bit x86_64 linux
Parsing /home/dell/zyworkspace/nichecker/Experiment/remarks2.1_LA/svp_simple_003/_mt_svp_simple_003_001_result/_cs_svp_simple_003_001_global_var1_rwr_mt_svp_simple_003_001.c
<command-line>: warning: "__STDC_VERSION__" redefined
<built-in>: note: this is the location of the previous definition
Converting
Type-checking _cs_svp_simple_003_001_global_var1_rwr_mt_svp_simple_003_001
file /home/dell/zyworkspace/nichecker/Experiment/remarks2.1_LA/svp_simple_003/_mt_svp_simple_003_001_result/_cs_svp_simple_003_001_global_var1_rwr_mt_svp_simple_003_001.c line 700 function main_task_0: function `assert' is not declared
Generating GOTO Program
Adding CPROVER library (x86_64)
Removal of function pointers and virtual functions
Partial Inlining
Generic Property Instrumentation
Starting Bounded Model Checking
**** WARNING: no body for function disable_isr
**** WARNING: no body for function enable_isr
size of program expression: 2285 steps
simple slicing removed 101 assignments
Generated 11 VCC(s), 8 remaining after simplification
Passing problem to propositional reduction
converting SSA
Running propositional reduction
Post-processing
Solving with MiniSAT 2.2.1 with simplifier
19892 variables, 72444 clauses
SAT checker: instance is SATISFIABLE
Solving with MiniSAT 2.2.1 with simplifier
19892 variables, 36470 clauses
SAT checker: instance is SATISFIABLE
Solving with MiniSAT 2.2.1 with simplifier
19892 variables, 36092 clauses
SAT checker: instance is UNSATISFIABLE
Runtime decision procedure: 0.171s

** Results:
[main_task_0.assertion.1] assertion rwr_r1 == rwr_tmp1: SUCCESS
[main_task_0.assertion.2] assertion rwr_r2 == rwr_tmp1: SUCCESS
[main_task_0.assertion.3] assertion rwr_r3 == rwr_tmp1: FAILURE
[main_task_0.assertion.4] assertion rwr_r4 == rwr_tmp1: FAILURE

Trace for main_task_0.assertion.3:

State 89 file /home/dell/zyworkspace/nichecker/Experiment/remarks2.1_LA/svp_simple_003/_mt_svp_simple_003_001_result/_cs_svp_simple_003_001_global_var1_rwr_mt_svp_simple_003_001.c line 1201 function main thread 0
----------------------------------------------------
  __cs_tmp_t1_r0=10 (1010)

State 91 file /home/dell/zyworkspace/nichecker/Experiment/remarks2.1_LA/svp_simple_003/_mt_svp_simple_003_001_result/_cs_svp_simple_003_001_global_var1_rwr_mt_svp_simple_003_001.c line 1205 function main thread 0
----------------------------------------------------
  __cs_thread_index=1 (001)

State 92 file /home/dell/zyworkspace/nichecker/Experiment/remarks2.1_LA/svp_simple_003/_mt_svp_simple_003_001_result/_cs_svp_simple_003_001_global_var1_rwr_mt_svp_simple_003_001.c line 1207 function main thread 0
----------------------------------------------------
  __cs_pc_cs[1l]=10 (1010)

State 97 file /home/dell/zyworkspace/nichecker/Experiment/remarks2.1_LA/svp_simple_003/_mt_svp_simple_003_001_result/_cs_svp_simple_003_001_global_var1_rwr_mt_svp_simple_003_001.c line 1213 function main thread 0
----------------------------------------------------
  __cs_param_main_task_arg=NULL (0000000000000000000000000000000000000000000000000000000000000000)

State 99 file /home/dell/zyworkspace/nichecker/Experiment/remarks2.1_LA/svp_simple_003/_mt_svp_simple_003_001_result/_cs_svp_simple_003_001_global_var1_rwr_mt_svp_simple_003_001.c line 197 function main_task_0 thread 0
----------------------------------------------------
  __cs_local_main_task_i=0 (00000000000000000000000000000000)

State 100 file /home/dell/zyworkspace/nichecker/Experiment/remarks2.1_LA/svp_simple_003/_mt_svp_simple_003_001_result/_cs_svp_simple_003_001_global_var1_rwr_mt_svp_simple_003_001.c line 200 function main_task_0 thread 0
----------------------------------------------------
  __cs_local_main_task_i=0 (00000000000000000000000000000000)

State 101 file /home/dell/zyworkspace/nichecker/Experiment/remarks2.1_LA/svp_simple_003/_mt_svp_simple_003_001_result/_cs_svp_simple_003_001_global_var1_rwr_mt_svp_simple_003_001.c line 208 function main_task_0 thread 0
----------------------------------------------------
  __cs_local_main_task_t=0 (00000000000000000000000000000000)

State 103 file /home/dell/zyworkspace/nichecker/Experiment/remarks2.1_LA/svp_simple_003/_mt_svp_simple_003_001_result/_cs_svp_simple_003_001_global_var1_rwr_mt_svp_simple_003_001.c line 226 function main_task_0 thread 0
----------------------------------------------------
  __cs_local_main_task_loop_1_IOVar1=0 (00000000000000000000000000000000)

State 104 file /home/dell/zyworkspace/nichecker/Experiment/remarks2.1_LA/svp_simple_003/_mt_svp_simple_003_001_result/_cs_svp_simple_003_001_global_var1_rwr_mt_svp_simple_003_001.c line 229 function main_task_0 thread 0
----------------------------------------------------
  __cs_local_main_task_loop_1_block_1=100 (00000000000000000000000001100100)

State 105 file /home/dell/zyworkspace/nichecker/Experiment/remarks2.1_LA/svp_simple_003/_mt_svp_simple_003_001_result/_cs_svp_simple_003_001_global_var1_rwr_mt_svp_simple_003_001.c line 232 function main_task_0 thread 0
----------------------------------------------------
  __cs_local_main_task_i=100 (00000000000000000000000001100100)

State 108 file /home/dell/zyworkspace/nichecker/Experiment/remarks2.1_LA/svp_simple_003/_mt_svp_simple_003_001_result/_cs_svp_simple_003_001_global_var1_rwr_mt_svp_simple_003_001.c line 243 function main_task_0 thread 0
----------------------------------------------------
  __cs_local_main_task_i=101 (00000000000000000000000001100101)

State 109 file /home/dell/zyworkspace/nichecker/Experiment/remarks2.1_LA/svp_simple_003/_mt_svp_simple_003_001_result/_cs_svp_simple_003_001_global_var1_rwr_mt_svp_simple_003_001.c line 249 function main_task_0 thread 0
----------------------------------------------------
  __cs_local_main_task_t=1 (00000000000000000000000000000001)

State 112 file /home/dell/zyworkspace/nichecker/Experiment/remarks2.1_LA/svp_simple_003/_mt_svp_simple_003_001_result/_cs_svp_simple_003_001_global_var1_rwr_mt_svp_simple_003_001.c line 257 function main_task_0 thread 0
----------------------------------------------------
  __cs_pc[1l]=1 (0001)

State 120 file /home/dell/zyworkspace/nichecker/Experiment/remarks2.1_LA/svp_simple_003/_mt_svp_simple_003_001_result/_cs_svp_simple_003_001_global_var1_rwr_mt_svp_simple_003_001.c line 315 function main_task_0 thread 0
----------------------------------------------------
  __cs_disable_thread[2l]=1 (1)

State 124 file /home/dell/zyworkspace/nichecker/Experiment/remarks2.1_LA/svp_simple_003/_mt_svp_simple_003_001_result/_cs_svp_simple_003_001_global_var1_rwr_mt_svp_simple_003_001.c line 322 function main_task_0 thread 0
----------------------------------------------------
  __cs_disable_thread[3l]=1 (1)

State 125 file /home/dell/zyworkspace/nichecker/Experiment/remarks2.1_LA/svp_simple_003/_mt_svp_simple_003_001_result/_cs_svp_simple_003_001_global_var1_rwr_mt_svp_simple_003_001.c line 330 function main_task_0 thread 0
----------------------------------------------------
  __cs_local_main_task_i=0 (00000000000000000000000000000000)

State 126 file /home/dell/zyworkspace/nichecker/Experiment/remarks2.1_LA/svp_simple_003/_mt_svp_simple_003_001_result/_cs_svp_simple_003_001_global_var1_rwr_mt_svp_simple_003_001.c line 338 function main_task_0 thread 0
----------------------------------------------------
  __cs_local_main_task_t=0 (00000000000000000000000000000000)

State 128 file /home/dell/zyworkspace/nichecker/Experiment/remarks2.1_LA/svp_simple_003/_mt_svp_simple_003_001_result/_cs_svp_simple_003_001_global_var1_rwr_mt_svp_simple_003_001.c line 356 function main_task_0 thread 0
----------------------------------------------------
  __cs_local_main_task_loop_2_IOVar1=0 (00000000000000000000000000000000)

State 129 file /home/dell/zyworkspace/nichecker/Experiment/remarks2.1_LA/svp_simple_003/_mt_svp_simple_003_001_result/_cs_svp_simple_003_001_global_var1_rwr_mt_svp_simple_003_001.c line 359 function main_task_0 thread 0
----------------------------------------------------
  __cs_local_main_task_loop_2_block_2=1803 (00000000000000000000011100001011)

State 130 file /home/dell/zyworkspace/nichecker/Experiment/remarks2.1_LA/svp_simple_003/_mt_svp_simple_003_001_result/_cs_svp_simple_003_001_global_var1_rwr_mt_svp_simple_003_001.c line 362 function main_task_0 thread 0
----------------------------------------------------
  __cs_local_main_task_i=1803 (00000000000000000000011100001011)

State 133 file /home/dell/zyworkspace/nichecker/Experiment/remarks2.1_LA/svp_simple_003/_mt_svp_simple_003_001_result/_cs_svp_simple_003_001_global_var1_rwr_mt_svp_simple_003_001.c line 372 function main_task_0 thread 0
----------------------------------------------------
  __cs_local_main_task___cs_tmp_if_cond_0=FALSE (00000000)

State 136 file /home/dell/zyworkspace/nichecker/Experiment/remarks2.1_LA/svp_simple_003/_mt_svp_simple_003_001_result/_cs_svp_simple_003_001_global_var1_rwr_mt_svp_simple_003_001.c line 392 function main_task_0 thread 0
----------------------------------------------------
  __cs_local_main_task_i=1804 (00000000000000000000011100001100)

State 137 file /home/dell/zyworkspace/nichecker/Experiment/remarks2.1_LA/svp_simple_003/_mt_svp_simple_003_001_result/_cs_svp_simple_003_001_global_var1_rwr_mt_svp_simple_003_001.c line 398 function main_task_0 thread 0
----------------------------------------------------
  __cs_local_main_task_t=1 (00000000000000000000000000000001)

State 139 file /home/dell/zyworkspace/nichecker/Experiment/remarks2.1_LA/svp_simple_003/_mt_svp_simple_003_001_result/_cs_svp_simple_003_001_global_var1_rwr_mt_svp_simple_003_001.c line 416 function main_task_0 thread 0
----------------------------------------------------
  __cs_local_main_task_loop_2_IOVar1=1804 (00000000000000000000011100001100)

State 140 file /home/dell/zyworkspace/nichecker/Experiment/remarks2.1_LA/svp_simple_003/_mt_svp_simple_003_001_result/_cs_svp_simple_003_001_global_var1_rwr_mt_svp_simple_003_001.c line 419 function main_task_0 thread 0
----------------------------------------------------
  __cs_local_main_task_loop_2_block_2=8195 (00000000000000000010000000000011)

State 141 file /home/dell/zyworkspace/nichecker/Experiment/remarks2.1_LA/svp_simple_003/_mt_svp_simple_003_001_result/_cs_svp_simple_003_001_global_var1_rwr_mt_svp_simple_003_001.c line 422 function main_task_0 thread 0
----------------------------------------------------
  __cs_local_main_task_i=9999 (00000000000000000010011100001111)

State 144 file /home/dell/zyworkspace/nichecker/Experiment/remarks2.1_LA/svp_simple_003/_mt_svp_simple_003_001_result/_cs_svp_simple_003_001_global_var1_rwr_mt_svp_simple_003_001.c line 432 function main_task_0 thread 0
----------------------------------------------------
  __cs_local_main_task___cs_tmp_if_cond_0=TRUE (00000001)

State 147 file /home/dell/zyworkspace/nichecker/Experiment/remarks2.1_LA/svp_simple_003/_mt_svp_simple_003_001_result/_cs_svp_simple_003_001_global_var1_rwr_mt_svp_simple_003_001.c line 441 function main_task_0 thread 0
----------------------------------------------------
  __cs_local_main_task_reader3=0 (00000000000000000000000000000000)

State 149 file /home/dell/zyworkspace/nichecker/Experiment/remarks2.1_LA/svp_simple_003/_mt_svp_simple_003_001_result/_cs_svp_simple_003_001_global_var1_rwr_mt_svp_simple_003_001.c line 452 function main_task_0 thread 0
----------------------------------------------------
  __cs_local_main_task_i=10000 (00000000000000000010011100010000)

State 150 file /home/dell/zyworkspace/nichecker/Experiment/remarks2.1_LA/svp_simple_003/_mt_svp_simple_003_001_result/_cs_svp_simple_003_001_global_var1_rwr_mt_svp_simple_003_001.c line 458 function main_task_0 thread 0
----------------------------------------------------
  __cs_local_main_task_t=2 (00000000000000000000000000000010)

State 151 file /home/dell/zyworkspace/nichecker/Experiment/remarks2.1_LA/svp_simple_003/_mt_svp_simple_003_001_result/_cs_svp_simple_003_001_global_var1_rwr_mt_svp_simple_003_001.c line 462 function main_task_0 thread 0
----------------------------------------------------
  __cs_loop_2=FALSE (00000000)

State 156 file /home/dell/zyworkspace/nichecker/Experiment/remarks2.1_LA/svp_simple_003/_mt_svp_simple_003_001_result/_cs_svp_simple_003_001_global_var1_rwr_mt_svp_simple_003_001.c line 484 function main_task_0 thread 0
----------------------------------------------------
  __cs_local_main_task_j=10000 (00000000000000000010011100010000)

State 157 file /home/dell/zyworkspace/nichecker/Experiment/remarks2.1_LA/svp_simple_003/_mt_svp_simple_003_001_result/_cs_svp_simple_003_001_global_var1_rwr_mt_svp_simple_003_001.c line 492 function main_task_0 thread 0
----------------------------------------------------
  __cs_local_main_task_t=0 (00000000000000000000000000000000)

State 159 file /home/dell/zyworkspace/nichecker/Experiment/remarks2.1_LA/svp_simple_003/_mt_svp_simple_003_001_result/_cs_svp_simple_003_001_global_var1_rwr_mt_svp_simple_003_001.c line 510 function main_task_0 thread 0
----------------------------------------------------
  __cs_local_main_task_loop_3_IOVar1=10000 (00000000000000000010011100010000)

State 160 file /home/dell/zyworkspace/nichecker/Experiment/remarks2.1_LA/svp_simple_003/_mt_svp_simple_003_001_result/_cs_svp_simple_003_001_global_var1_rwr_mt_svp_simple_003_001.c line 513 function main_task_0 thread 0
----------------------------------------------------
  __cs_local_main_task_loop_3_block_2=1808 (00000000000000000000011100010000)

State 161 file /home/dell/zyworkspace/nichecker/Experiment/remarks2.1_LA/svp_simple_003/_mt_svp_simple_003_001_result/_cs_svp_simple_003_001_global_var1_rwr_mt_svp_simple_003_001.c line 516 function main_task_0 thread 0
----------------------------------------------------
  __cs_local_main_task_j=8192 (00000000000000000010000000000000)

State 164 file /home/dell/zyworkspace/nichecker/Experiment/remarks2.1_LA/svp_simple_003/_mt_svp_simple_003_001_result/_cs_svp_simple_003_001_global_var1_rwr_mt_svp_simple_003_001.c line 526 function main_task_0 thread 0
----------------------------------------------------
  __cs_local_main_task___cs_tmp_if_cond_1=FALSE (00000000)

State 167 file /home/dell/zyworkspace/nichecker/Experiment/remarks2.1_LA/svp_simple_003/_mt_svp_simple_003_001_result/_cs_svp_simple_003_001_global_var1_rwr_mt_svp_simple_003_001.c line 546 function main_task_0 thread 0
----------------------------------------------------
  __cs_local_main_task_j=8191 (00000000000000000001111111111111)

State 168 file /home/dell/zyworkspace/nichecker/Experiment/remarks2.1_LA/svp_simple_003/_mt_svp_simple_003_001_result/_cs_svp_simple_003_001_global_var1_rwr_mt_svp_simple_003_001.c line 552 function main_task_0 thread 0
----------------------------------------------------
  __cs_local_main_task_t=1 (00000000000000000000000000000001)

State 170 file /home/dell/zyworkspace/nichecker/Experiment/remarks2.1_LA/svp_simple_003/_mt_svp_simple_003_001_result/_cs_svp_simple_003_001_global_var1_rwr_mt_svp_simple_003_001.c line 570 function main_task_0 thread 0
----------------------------------------------------
  __cs_local_main_task_loop_3_IOVar1=8191 (00000000000000000001111111111111)

State 171 file /home/dell/zyworkspace/nichecker/Experiment/remarks2.1_LA/svp_simple_003/_mt_svp_simple_003_001_result/_cs_svp_simple_003_001_global_var1_rwr_mt_svp_simple_003_001.c line 573 function main_task_0 thread 0
----------------------------------------------------
  __cs_local_main_task_loop_3_block_2=8190 (00000000000000000001111111111110)

State 172 file /home/dell/zyworkspace/nichecker/Experiment/remarks2.1_LA/svp_simple_003/_mt_svp_simple_003_001_result/_cs_svp_simple_003_001_global_var1_rwr_mt_svp_simple_003_001.c line 576 function main_task_0 thread 0
----------------------------------------------------
  __cs_local_main_task_j=1 (00000000000000000000000000000001)

State 175 file /home/dell/zyworkspace/nichecker/Experiment/remarks2.1_LA/svp_simple_003/_mt_svp_simple_003_001_result/_cs_svp_simple_003_001_global_var1_rwr_mt_svp_simple_003_001.c line 586 function main_task_0 thread 0
----------------------------------------------------
  __cs_local_main_task___cs_tmp_if_cond_1=FALSE (00000000)

State 178 file /home/dell/zyworkspace/nichecker/Experiment/remarks2.1_LA/svp_simple_003/_mt_svp_simple_003_001_result/_cs_svp_simple_003_001_global_var1_rwr_mt_svp_simple_003_001.c line 606 function main_task_0 thread 0
----------------------------------------------------
  __cs_local_main_task_j=0 (00000000000000000000000000000000)

State 179 file /home/dell/zyworkspace/nichecker/Experiment/remarks2.1_LA/svp_simple_003/_mt_svp_simple_003_001_result/_cs_svp_simple_003_001_global_var1_rwr_mt_svp_simple_003_001.c line 612 function main_task_0 thread 0
----------------------------------------------------
  __cs_local_main_task_t=2 (00000000000000000000000000000010)

State 180 file /home/dell/zyworkspace/nichecker/Experiment/remarks2.1_LA/svp_simple_003/_mt_svp_simple_003_001_result/_cs_svp_simple_003_001_global_var1_rwr_mt_svp_simple_003_001.c line 616 function main_task_0 thread 0
----------------------------------------------------
  __cs_loop_3=FALSE (00000000)

State 188 file /home/dell/zyworkspace/nichecker/Experiment/remarks2.1_LA/svp_simple_003/_mt_svp_simple_003_001_result/_cs_svp_simple_003_001_global_var1_rwr_mt_svp_simple_003_001.c line 637 function main_task_0 thread 0
----------------------------------------------------
  __cs_disable_thread[2l]=0 (0)

State 189 file /home/dell/zyworkspace/nichecker/Experiment/remarks2.1_LA/svp_simple_003/_mt_svp_simple_003_001_result/_cs_svp_simple_003_001_global_var1_rwr_mt_svp_simple_003_001.c line 645 function main_task_0 thread 0
----------------------------------------------------
  __cs_local_main_task_i=0 (00000000000000000000000000000000)

State 190 file /home/dell/zyworkspace/nichecker/Experiment/remarks2.1_LA/svp_simple_003/_mt_svp_simple_003_001_result/_cs_svp_simple_003_001_global_var1_rwr_mt_svp_simple_003_001.c line 653 function main_task_0 thread 0
----------------------------------------------------
  __cs_local_main_task_t=0 (00000000000000000000000000000000)

State 192 file /home/dell/zyworkspace/nichecker/Experiment/remarks2.1_LA/svp_simple_003/_mt_svp_simple_003_001_result/_cs_svp_simple_003_001_global_var1_rwr_mt_svp_simple_003_001.c line 671 function main_task_0 thread 0
----------------------------------------------------
  __cs_local_main_task_loop_4_IOVar1=0 (00000000000000000000000000000000)

State 193 file /home/dell/zyworkspace/nichecker/Experiment/remarks2.1_LA/svp_simple_003/_mt_svp_simple_003_001_result/_cs_svp_simple_003_001_global_var1_rwr_mt_svp_simple_003_001.c line 674 function main_task_0 thread 0
----------------------------------------------------
  __cs_local_main_task_loop_4_block_2=1807 (00000000000000000000011100001111)

State 194 file /home/dell/zyworkspace/nichecker/Experiment/remarks2.1_LA/svp_simple_003/_mt_svp_simple_003_001_result/_cs_svp_simple_003_001_global_var1_rwr_mt_svp_simple_003_001.c line 677 function main_task_0 thread 0
----------------------------------------------------
  __cs_local_main_task_i=1807 (00000000000000000000011100001111)

State 197 file /home/dell/zyworkspace/nichecker/Experiment/remarks2.1_LA/svp_simple_003/_mt_svp_simple_003_001_result/_cs_svp_simple_003_001_global_var1_rwr_mt_svp_simple_003_001.c line 687 function main_task_0 thread 0
----------------------------------------------------
  __cs_local_main_task___cs_tmp_if_cond_2=FALSE (00000000)

State 200 file /home/dell/zyworkspace/nichecker/Experiment/remarks2.1_LA/svp_simple_003/_mt_svp_simple_003_001_result/_cs_svp_simple_003_001_global_var1_rwr_mt_svp_simple_003_001.c line 715 function main_task_0 thread 0
----------------------------------------------------
  __cs_local_main_task_i=1808 (00000000000000000000011100010000)

State 201 file /home/dell/zyworkspace/nichecker/Experiment/remarks2.1_LA/svp_simple_003/_mt_svp_simple_003_001_result/_cs_svp_simple_003_001_global_var1_rwr_mt_svp_simple_003_001.c line 721 function main_task_0 thread 0
----------------------------------------------------
  __cs_local_main_task_t=1 (00000000000000000000000000000001)

State 203 file /home/dell/zyworkspace/nichecker/Experiment/remarks2.1_LA/svp_simple_003/_mt_svp_simple_003_001_result/_cs_svp_simple_003_001_global_var1_rwr_mt_svp_simple_003_001.c line 739 function main_task_0 thread 0
----------------------------------------------------
  __cs_local_main_task_loop_4_IOVar1=1808 (00000000000000000000011100010000)

State 204 file /home/dell/zyworkspace/nichecker/Experiment/remarks2.1_LA/svp_simple_003/_mt_svp_simple_003_001_result/_cs_svp_simple_003_001_global_var1_rwr_mt_svp_simple_003_001.c line 742 function main_task_0 thread 0
----------------------------------------------------
  __cs_local_main_task_loop_4_block_2=8191 (00000000000000000001111111111111)

State 205 file /home/dell/zyworkspace/nichecker/Experiment/remarks2.1_LA/svp_simple_003/_mt_svp_simple_003_001_result/_cs_svp_simple_003_001_global_var1_rwr_mt_svp_simple_003_001.c line 745 function main_task_0 thread 0
----------------------------------------------------
  __cs_local_main_task_i=9999 (00000000000000000010011100001111)

State 208 file /home/dell/zyworkspace/nichecker/Experiment/remarks2.1_LA/svp_simple_003/_mt_svp_simple_003_001_result/_cs_svp_simple_003_001_global_var1_rwr_mt_svp_simple_003_001.c line 755 function main_task_0 thread 0
----------------------------------------------------
  __cs_local_main_task___cs_tmp_if_cond_2=TRUE (00000001)

State 211 file /home/dell/zyworkspace/nichecker/Experiment/remarks2.1_LA/svp_simple_003/_mt_svp_simple_003_001_result/_cs_svp_simple_003_001_global_var1_rwr_mt_svp_simple_003_001.c line 764 function main_task_0 thread 0
----------------------------------------------------
  __cs_local_main_task_reader1=0 (00000000000000000000000000000000)

State 212 file /home/dell/zyworkspace/nichecker/Experiment/remarks2.1_LA/svp_simple_003/_mt_svp_simple_003_001_result/_cs_svp_simple_003_001_global_var1_rwr_mt_svp_simple_003_001.c line 766 function main_task_0 thread 0
----------------------------------------------------
  rwr_r2=0 (00000000000000000000000000000000)

State 214 file /home/dell/zyworkspace/nichecker/Experiment/remarks2.1_LA/svp_simple_003/_mt_svp_simple_003_001_result/_cs_svp_simple_003_001_global_var1_rwr_mt_svp_simple_003_001.c line 770 function main_task_0 thread 0
----------------------------------------------------
  rwr_tmp1_num=1 (00000000000000000000000000000001)

State 215 file /home/dell/zyworkspace/nichecker/Experiment/remarks2.1_LA/svp_simple_003/_mt_svp_simple_003_001_result/_cs_svp_simple_003_001_global_var1_rwr_mt_svp_simple_003_001.c line 771 function main_task_0 thread 0
----------------------------------------------------
  rwr_tmp1=0 (00000000000000000000000000000000)

State 217 file /home/dell/zyworkspace/nichecker/Experiment/remarks2.1_LA/svp_simple_003/_mt_svp_simple_003_001_result/_cs_svp_simple_003_001_global_var1_rwr_mt_svp_simple_003_001.c line 783 function main_task_0 thread 0
----------------------------------------------------
  __cs_local_main_task_i=10000 (00000000000000000010011100010000)

State 218 file /home/dell/zyworkspace/nichecker/Experiment/remarks2.1_LA/svp_simple_003/_mt_svp_simple_003_001_result/_cs_svp_simple_003_001_global_var1_rwr_mt_svp_simple_003_001.c line 789 function main_task_0 thread 0
----------------------------------------------------
  __cs_local_main_task_t=2 (00000000000000000000000000000010)

State 219 file /home/dell/zyworkspace/nichecker/Experiment/remarks2.1_LA/svp_simple_003/_mt_svp_simple_003_001_result/_cs_svp_simple_003_001_global_var1_rwr_mt_svp_simple_003_001.c line 793 function main_task_0 thread 0
----------------------------------------------------
  __cs_loop_4=FALSE (00000000)

State 226 file /home/dell/zyworkspace/nichecker/Experiment/remarks2.1_LA/svp_simple_003/_mt_svp_simple_003_001_result/_cs_svp_simple_003_001_global_var1_rwr_mt_svp_simple_003_001.c line 991 function main_task_0 thread 0
----------------------------------------------------
  __cs_value_ptr=NULL (0000000000000000000000000000000000000000000000000000000000000000)

State 231 file /home/dell/zyworkspace/nichecker/Experiment/remarks2.1_LA/svp_simple_003/_mt_svp_simple_003_001_result/_cs_svp_simple_003_001_global_var1_rwr_mt_svp_simple_003_001.c line 1215 function main thread 0
----------------------------------------------------
  __cs_pc[1l]=10 (1010)

State 232 file /home/dell/zyworkspace/nichecker/Experiment/remarks2.1_LA/svp_simple_003/_mt_svp_simple_003_001_result/_cs_svp_simple_003_001_global_var1_rwr_mt_svp_simple_003_001.c line 1221 function main thread 0
----------------------------------------------------
  __cs_tmp_t2_r0=2 (010)

State 234 file /home/dell/zyworkspace/nichecker/Experiment/remarks2.1_LA/svp_simple_003/_mt_svp_simple_003_001_result/_cs_svp_simple_003_001_global_var1_rwr_mt_svp_simple_003_001.c line 1226 function main thread 0
----------------------------------------------------
  __cs_thread_index=2 (010)

State 235 file /home/dell/zyworkspace/nichecker/Experiment/remarks2.1_LA/svp_simple_003/_mt_svp_simple_003_001_result/_cs_svp_simple_003_001_global_var1_rwr_mt_svp_simple_003_001.c line 1228 function main thread 0
----------------------------------------------------
  __cs_pc_cs[2l]=2 (0010)

State 240 file /home/dell/zyworkspace/nichecker/Experiment/remarks2.1_LA/svp_simple_003/_mt_svp_simple_003_001_result/_cs_svp_simple_003_001_global_var1_rwr_mt_svp_simple_003_001.c line 1234 function main thread 0
----------------------------------------------------
  __cs_param_svp_simple_003_001_isr_1_arg=NULL (0000000000000000000000000000000000000000000000000000000000000000)

State 245 file /home/dell/zyworkspace/nichecker/Experiment/remarks2.1_LA/svp_simple_003/_mt_svp_simple_003_001_result/_cs_svp_simple_003_001_global_var1_rwr_mt_svp_simple_003_001.c line 1003 function svp_simple_003_001_isr_1_0 thread 0
----------------------------------------------------
  __cs_disable_thread[3l]=0 (0)

State 247 file /home/dell/zyworkspace/nichecker/Experiment/remarks2.1_LA/svp_simple_003/_mt_svp_simple_003_001_result/_cs_svp_simple_003_001_global_var1_rwr_mt_svp_simple_003_001.c line 1009 function svp_simple_003_001_isr_1_0 thread 0
----------------------------------------------------
  svp_simple_003_001_global_var2=999 (00000000000000000000001111100111)

State 254 file /home/dell/zyworkspace/nichecker/Experiment/remarks2.1_LA/svp_simple_003/_mt_svp_simple_003_001_result/_cs_svp_simple_003_001_global_var1_rwr_mt_svp_simple_003_001.c line 1067 function svp_simple_003_001_isr_1_0 thread 0
----------------------------------------------------
  __cs_value_ptr=NULL (0000000000000000000000000000000000000000000000000000000000000000)

State 259 file /home/dell/zyworkspace/nichecker/Experiment/remarks2.1_LA/svp_simple_003/_mt_svp_simple_003_001_result/_cs_svp_simple_003_001_global_var1_rwr_mt_svp_simple_003_001.c line 1236 function main thread 0
----------------------------------------------------
  __cs_pc[2l]=2 (0010)

State 260 file /home/dell/zyworkspace/nichecker/Experiment/remarks2.1_LA/svp_simple_003/_mt_svp_simple_003_001_result/_cs_svp_simple_003_001_global_var1_rwr_mt_svp_simple_003_001.c line 1242 function main thread 0
----------------------------------------------------
  __cs_tmp_t3_r0=1 (1)

State 262 file /home/dell/zyworkspace/nichecker/Experiment/remarks2.1_LA/svp_simple_003/_mt_svp_simple_003_001_result/_cs_svp_simple_003_001_global_var1_rwr_mt_svp_simple_003_001.c line 1247 function main thread 0
----------------------------------------------------
  __cs_thread_index=3 (011)

State 263 file /home/dell/zyworkspace/nichecker/Experiment/remarks2.1_LA/svp_simple_003/_mt_svp_simple_003_001_result/_cs_svp_simple_003_001_global_var1_rwr_mt_svp_simple_003_001.c line 1249 function main thread 0
----------------------------------------------------
  __cs_pc_cs[3l]=1 (0001)

State 268 file /home/dell/zyworkspace/nichecker/Experiment/remarks2.1_LA/svp_simple_003/_mt_svp_simple_003_001_result/_cs_svp_simple_003_001_global_var1_rwr_mt_svp_simple_003_001.c line 1255 function main thread 0
----------------------------------------------------
  __cs_param_svp_simple_003_001_isr_2_arg=NULL (0000000000000000000000000000000000000000000000000000000000000000)

State 270 file /home/dell/zyworkspace/nichecker/Experiment/remarks2.1_LA/svp_simple_003/_mt_svp_simple_003_001_result/_cs_svp_simple_003_001_global_var1_rwr_mt_svp_simple_003_001.c line 1080 function svp_simple_003_001_isr_2_0 thread 0
----------------------------------------------------
  __cs_local_svp_simple_003_001_isr_2_i=0 (00000000000000000000000000000000)

State 271 file /home/dell/zyworkspace/nichecker/Experiment/remarks2.1_LA/svp_simple_003/_mt_svp_simple_003_001_result/_cs_svp_simple_003_001_global_var1_rwr_mt_svp_simple_003_001.c line 1082 function svp_simple_003_001_isr_2_0 thread 0
----------------------------------------------------
  __cs_local_svp_simple_003_001_isr_2_i=0 (00000000000000000000000000000000)

State 272 file /home/dell/zyworkspace/nichecker/Experiment/remarks2.1_LA/svp_simple_003/_mt_svp_simple_003_001_result/_cs_svp_simple_003_001_global_var1_rwr_mt_svp_simple_003_001.c line 1089 function svp_simple_003_001_isr_2_0 thread 0
----------------------------------------------------
  __cs_local_svp_simple_003_001_isr_2_t=0 (00000000000000000000000000000000)

State 274 file /home/dell/zyworkspace/nichecker/Experiment/remarks2.1_LA/svp_simple_003/_mt_svp_simple_003_001_result/_cs_svp_simple_003_001_global_var1_rwr_mt_svp_simple_003_001.c line 1104 function svp_simple_003_001_isr_2_0 thread 0
----------------------------------------------------
  __cs_local_svp_simple_003_001_isr_2_loop_6_IOVar1=0 (00000000000000000000000000000000)

State 275 file /home/dell/zyworkspace/nichecker/Experiment/remarks2.1_LA/svp_simple_003/_mt_svp_simple_003_001_result/_cs_svp_simple_003_001_global_var1_rwr_mt_svp_simple_003_001.c line 1106 function svp_simple_003_001_isr_2_0 thread 0
----------------------------------------------------
  __cs_local_svp_simple_003_001_isr_2_loop_6_block_1=100 (00000000000000000000000001100100)

State 276 file /home/dell/zyworkspace/nichecker/Experiment/remarks2.1_LA/svp_simple_003/_mt_svp_simple_003_001_result/_cs_svp_simple_003_001_global_var1_rwr_mt_svp_simple_003_001.c line 1108 function svp_simple_003_001_isr_2_0 thread 0
----------------------------------------------------
  __cs_local_svp_simple_003_001_isr_2_i=100 (00000000000000000000000001100100)

State 279 file /home/dell/zyworkspace/nichecker/Experiment/remarks2.1_LA/svp_simple_003/_mt_svp_simple_003_001_result/_cs_svp_simple_003_001_global_var1_rwr_mt_svp_simple_003_001.c line 1119 function svp_simple_003_001_isr_2_0 thread 0
----------------------------------------------------
  __cs_local_svp_simple_003_001_isr_2_i=101 (00000000000000000000000001100101)

State 280 file /home/dell/zyworkspace/nichecker/Experiment/remarks2.1_LA/svp_simple_003/_mt_svp_simple_003_001_result/_cs_svp_simple_003_001_global_var1_rwr_mt_svp_simple_003_001.c line 1124 function svp_simple_003_001_isr_2_0 thread 0
----------------------------------------------------
  __cs_local_svp_simple_003_001_isr_2_t=1 (00000000000000000000000000000001)

State 285 file /home/dell/zyworkspace/nichecker/Experiment/remarks2.1_LA/svp_simple_003/_mt_svp_simple_003_001_result/_cs_svp_simple_003_001_global_var1_rwr_mt_svp_simple_003_001.c line 1178 function svp_simple_003_001_isr_2_0 thread 0
----------------------------------------------------
  svp_simple_003_001_global_flag=1 (00000000000000000000000000000001)

State 289 file /home/dell/zyworkspace/nichecker/Experiment/remarks2.1_LA/svp_simple_003/_mt_svp_simple_003_001_result/_cs_svp_simple_003_001_global_var1_rwr_mt_svp_simple_003_001.c line 1189 function svp_simple_003_001_isr_2_0 thread 0
----------------------------------------------------
  __cs_value_ptr=NULL (0000000000000000000000000000000000000000000000000000000000000000)

State 294 file /home/dell/zyworkspace/nichecker/Experiment/remarks2.1_LA/svp_simple_003/_mt_svp_simple_003_001_result/_cs_svp_simple_003_001_global_var1_rwr_mt_svp_simple_003_001.c line 1257 function main thread 0
----------------------------------------------------
  __cs_pc[3l]=1 (0001)

State 295 file /home/dell/zyworkspace/nichecker/Experiment/remarks2.1_LA/svp_simple_003/_mt_svp_simple_003_001_result/_cs_svp_simple_003_001_global_var1_rwr_mt_svp_simple_003_001.c line 1267 function main thread 0
----------------------------------------------------
  __cs_tmp_t1_r1=4 (0100)

State 301 file /home/dell/zyworkspace/nichecker/Experiment/remarks2.1_LA/svp_simple_003/_mt_svp_simple_003_001_result/_cs_svp_simple_003_001_global_var1_rwr_mt_svp_simple_003_001.c line 1288 function main thread 0
----------------------------------------------------
  __cs_tmp_t2_r1=6 (110)

State 303 file /home/dell/zyworkspace/nichecker/Experiment/remarks2.1_LA/svp_simple_003/_mt_svp_simple_003_001_result/_cs_svp_simple_003_001_global_var1_rwr_mt_svp_simple_003_001.c line 1293 function main thread 0
----------------------------------------------------
  __cs_thread_index=2 (010)

State 304 file /home/dell/zyworkspace/nichecker/Experiment/remarks2.1_LA/svp_simple_003/_mt_svp_simple_003_001_result/_cs_svp_simple_003_001_global_var1_rwr_mt_svp_simple_003_001.c line 1295 function main thread 0
----------------------------------------------------
  __cs_pc_cs[2l]=6 (0110)

State 309 file /home/dell/zyworkspace/nichecker/Experiment/remarks2.1_LA/svp_simple_003/_mt_svp_simple_003_001_result/_cs_svp_simple_003_001_global_var1_rwr_mt_svp_simple_003_001.c line 1301 function main thread 0
----------------------------------------------------
  __cs_param_svp_simple_003_001_isr_1_arg=NULL (0000000000000000000000000000000000000000000000000000000000000000)

State 313 file /home/dell/zyworkspace/nichecker/Experiment/remarks2.1_LA/svp_simple_003/_mt_svp_simple_003_001_result/_cs_svp_simple_003_001_global_var1_rwr_mt_svp_simple_003_001.c line 1015 function svp_simple_003_001_isr_1_0 thread 0
----------------------------------------------------
  __cs_local_svp_simple_003_001_isr_1___cs_tmp_if_cond_4=TRUE (00000001)

State 316 file /home/dell/zyworkspace/nichecker/Experiment/remarks2.1_LA/svp_simple_003/_mt_svp_simple_003_001_result/_cs_svp_simple_003_001_global_var1_rwr_mt_svp_simple_003_001.c line 1022 function svp_simple_003_001_isr_1_0 thread 0
----------------------------------------------------
  svp_simple_003_001_global_var1=999 (00000000000000000000001111100111)

State 317 file /home/dell/zyworkspace/nichecker/Experiment/remarks2.1_LA/svp_simple_003/_mt_svp_simple_003_001_result/_cs_svp_simple_003_001_global_var1_rwr_mt_svp_simple_003_001.c line 1024 function svp_simple_003_001_isr_1_0 thread 0
----------------------------------------------------
  rwr_tmp2_num=0 (00000000000000000000000000000000)

State 323 file /home/dell/zyworkspace/nichecker/Experiment/remarks2.1_LA/svp_simple_003/_mt_svp_simple_003_001_result/_cs_svp_simple_003_001_global_var1_rwr_mt_svp_simple_003_001.c line 1067 function svp_simple_003_001_isr_1_0 thread 0
----------------------------------------------------
  __cs_value_ptr=NULL (0000000000000000000000000000000000000000000000000000000000000000)

State 328 file /home/dell/zyworkspace/nichecker/Experiment/remarks2.1_LA/svp_simple_003/_mt_svp_simple_003_001_result/_cs_svp_simple_003_001_global_var1_rwr_mt_svp_simple_003_001.c line 1303 function main thread 0
----------------------------------------------------
  __cs_pc[2l]=6 (0110)

State 329 file /home/dell/zyworkspace/nichecker/Experiment/remarks2.1_LA/svp_simple_003/_mt_svp_simple_003_001_result/_cs_svp_simple_003_001_global_var1_rwr_mt_svp_simple_003_001.c line 1309 function main thread 0
----------------------------------------------------
  __cs_tmp_t3_r1=1 (1)

State 331 file /home/dell/zyworkspace/nichecker/Experiment/remarks2.1_LA/svp_simple_003/_mt_svp_simple_003_001_result/_cs_svp_simple_003_001_global_var1_rwr_mt_svp_simple_003_001.c line 1314 function main thread 0
----------------------------------------------------
  __cs_thread_index=3 (011)

State 332 file /home/dell/zyworkspace/nichecker/Experiment/remarks2.1_LA/svp_simple_003/_mt_svp_simple_003_001_result/_cs_svp_simple_003_001_global_var1_rwr_mt_svp_simple_003_001.c line 1316 function main thread 0
----------------------------------------------------
  __cs_pc_cs[3l]=1 (0001)

State 337 file /home/dell/zyworkspace/nichecker/Experiment/remarks2.1_LA/svp_simple_003/_mt_svp_simple_003_001_result/_cs_svp_simple_003_001_global_var1_rwr_mt_svp_simple_003_001.c line 1322 function main thread 0
----------------------------------------------------
  __cs_param_svp_simple_003_001_isr_2_arg=NULL (0000000000000000000000000000000000000000000000000000000000000000)

State 341 file /home/dell/zyworkspace/nichecker/Experiment/remarks2.1_LA/svp_simple_003/_mt_svp_simple_003_001_result/_cs_svp_simple_003_001_global_var1_rwr_mt_svp_simple_003_001.c line 1189 function svp_simple_003_001_isr_2_0 thread 0
----------------------------------------------------
  __cs_value_ptr=NULL (0000000000000000000000000000000000000000000000000000000000000000)

State 346 file /home/dell/zyworkspace/nichecker/Experiment/remarks2.1_LA/svp_simple_003/_mt_svp_simple_003_001_result/_cs_svp_simple_003_001_global_var1_rwr_mt_svp_simple_003_001.c line 1324 function main thread 0
----------------------------------------------------
  __cs_pc[3l]=1 (0001)

State 347 file /home/dell/zyworkspace/nichecker/Experiment/remarks2.1_LA/svp_simple_003/_mt_svp_simple_003_001_result/_cs_svp_simple_003_001_global_var1_rwr_mt_svp_simple_003_001.c line 1328 function main thread 0
----------------------------------------------------
  __cs_tmp_t1_r2=14u (00000000000000000000000000001110)

State 349 file /home/dell/zyworkspace/nichecker/Experiment/remarks2.1_LA/svp_simple_003/_mt_svp_simple_003_001_result/_cs_svp_simple_003_001_global_var1_rwr_mt_svp_simple_003_001.c line 1333 function main thread 0
----------------------------------------------------
  __cs_thread_index=1 (001)

State 350 file /home/dell/zyworkspace/nichecker/Experiment/remarks2.1_LA/svp_simple_003/_mt_svp_simple_003_001_result/_cs_svp_simple_003_001_global_var1_rwr_mt_svp_simple_003_001.c line 1335 function main thread 0
----------------------------------------------------
  __cs_pc_cs[1l]=14 (1110)

State 355 file /home/dell/zyworkspace/nichecker/Experiment/remarks2.1_LA/svp_simple_003/_mt_svp_simple_003_001_result/_cs_svp_simple_003_001_global_var1_rwr_mt_svp_simple_003_001.c line 1341 function main thread 0
----------------------------------------------------
  __cs_param_main_task_arg=NULL (0000000000000000000000000000000000000000000000000000000000000000)

State 370 file /home/dell/zyworkspace/nichecker/Experiment/remarks2.1_LA/svp_simple_003/_mt_svp_simple_003_001_result/_cs_svp_simple_003_001_global_var1_rwr_mt_svp_simple_003_001.c line 815 function main_task_0 thread 0
----------------------------------------------------
  __cs_local_main_task_j=10000 (00000000000000000010011100010000)

State 371 file /home/dell/zyworkspace/nichecker/Experiment/remarks2.1_LA/svp_simple_003/_mt_svp_simple_003_001_result/_cs_svp_simple_003_001_global_var1_rwr_mt_svp_simple_003_001.c line 823 function main_task_0 thread 0
----------------------------------------------------
  __cs_local_main_task_t=0 (00000000000000000000000000000000)

State 373 file /home/dell/zyworkspace/nichecker/Experiment/remarks2.1_LA/svp_simple_003/_mt_svp_simple_003_001_result/_cs_svp_simple_003_001_global_var1_rwr_mt_svp_simple_003_001.c line 841 function main_task_0 thread 0
----------------------------------------------------
  __cs_local_main_task_loop_5_IOVar1=10000 (00000000000000000010011100010000)

State 374 file /home/dell/zyworkspace/nichecker/Experiment/remarks2.1_LA/svp_simple_003/_mt_svp_simple_003_001_result/_cs_svp_simple_003_001_global_var1_rwr_mt_svp_simple_003_001.c line 844 function main_task_0 thread 0
----------------------------------------------------
  __cs_local_main_task_loop_5_block_2=1 (00000000000000000000000000000001)

State 375 file /home/dell/zyworkspace/nichecker/Experiment/remarks2.1_LA/svp_simple_003/_mt_svp_simple_003_001_result/_cs_svp_simple_003_001_global_var1_rwr_mt_svp_simple_003_001.c line 847 function main_task_0 thread 0
----------------------------------------------------
  __cs_local_main_task_j=9999 (00000000000000000010011100001111)

State 378 file /home/dell/zyworkspace/nichecker/Experiment/remarks2.1_LA/svp_simple_003/_mt_svp_simple_003_001_result/_cs_svp_simple_003_001_global_var1_rwr_mt_svp_simple_003_001.c line 857 function main_task_0 thread 0
----------------------------------------------------
  __cs_local_main_task___cs_tmp_if_cond_3=TRUE (00000001)

State 381 file /home/dell/zyworkspace/nichecker/Experiment/remarks2.1_LA/svp_simple_003/_mt_svp_simple_003_001_result/_cs_svp_simple_003_001_global_var1_rwr_mt_svp_simple_003_001.c line 866 function main_task_0 thread 0
----------------------------------------------------
  __cs_local_main_task_reader2=999 (00000000000000000000001111100111)

State 382 file /home/dell/zyworkspace/nichecker/Experiment/remarks2.1_LA/svp_simple_003/_mt_svp_simple_003_001_result/_cs_svp_simple_003_001_global_var1_rwr_mt_svp_simple_003_001.c line 868 function main_task_0 thread 0
----------------------------------------------------
  rwr_r3=999 (00000000000000000000001111100111)

Violated property:
  file /home/dell/zyworkspace/nichecker/Experiment/remarks2.1_LA/svp_simple_003/_mt_svp_simple_003_001_result/_cs_svp_simple_003_001_global_var1_rwr_mt_svp_simple_003_001.c line 870 function main_task_0
  assertion rwr_r3 == rwr_tmp1
  rwr_r3 == rwr_tmp1


Trace for main_task_0.assertion.4:

State 89 file /home/dell/zyworkspace/nichecker/Experiment/remarks2.1_LA/svp_simple_003/_mt_svp_simple_003_001_result/_cs_svp_simple_003_001_global_var1_rwr_mt_svp_simple_003_001.c line 1201 function main thread 0
----------------------------------------------------
  __cs_tmp_t1_r0=12 (1100)

State 91 file /home/dell/zyworkspace/nichecker/Experiment/remarks2.1_LA/svp_simple_003/_mt_svp_simple_003_001_result/_cs_svp_simple_003_001_global_var1_rwr_mt_svp_simple_003_001.c line 1205 function main thread 0
----------------------------------------------------
  __cs_thread_index=1 (001)

State 92 file /home/dell/zyworkspace/nichecker/Experiment/remarks2.1_LA/svp_simple_003/_mt_svp_simple_003_001_result/_cs_svp_simple_003_001_global_var1_rwr_mt_svp_simple_003_001.c line 1207 function main thread 0
----------------------------------------------------
  __cs_pc_cs[1l]=12 (1100)

State 97 file /home/dell/zyworkspace/nichecker/Experiment/remarks2.1_LA/svp_simple_003/_mt_svp_simple_003_001_result/_cs_svp_simple_003_001_global_var1_rwr_mt_svp_simple_003_001.c line 1213 function main thread 0
----------------------------------------------------
  __cs_param_main_task_arg=NULL (0000000000000000000000000000000000000000000000000000000000000000)

State 99 file /home/dell/zyworkspace/nichecker/Experiment/remarks2.1_LA/svp_simple_003/_mt_svp_simple_003_001_result/_cs_svp_simple_003_001_global_var1_rwr_mt_svp_simple_003_001.c line 197 function main_task_0 thread 0
----------------------------------------------------
  __cs_local_main_task_i=0 (00000000000000000000000000000000)

State 100 file /home/dell/zyworkspace/nichecker/Experiment/remarks2.1_LA/svp_simple_003/_mt_svp_simple_003_001_result/_cs_svp_simple_003_001_global_var1_rwr_mt_svp_simple_003_001.c line 200 function main_task_0 thread 0
----------------------------------------------------
  __cs_local_main_task_i=0 (00000000000000000000000000000000)

State 101 file /home/dell/zyworkspace/nichecker/Experiment/remarks2.1_LA/svp_simple_003/_mt_svp_simple_003_001_result/_cs_svp_simple_003_001_global_var1_rwr_mt_svp_simple_003_001.c line 208 function main_task_0 thread 0
----------------------------------------------------
  __cs_local_main_task_t=0 (00000000000000000000000000000000)

State 103 file /home/dell/zyworkspace/nichecker/Experiment/remarks2.1_LA/svp_simple_003/_mt_svp_simple_003_001_result/_cs_svp_simple_003_001_global_var1_rwr_mt_svp_simple_003_001.c line 226 function main_task_0 thread 0
----------------------------------------------------
  __cs_local_main_task_loop_1_IOVar1=0 (00000000000000000000000000000000)

State 104 file /home/dell/zyworkspace/nichecker/Experiment/remarks2.1_LA/svp_simple_003/_mt_svp_simple_003_001_result/_cs_svp_simple_003_001_global_var1_rwr_mt_svp_simple_003_001.c line 229 function main_task_0 thread 0
----------------------------------------------------
  __cs_local_main_task_loop_1_block_1=100 (00000000000000000000000001100100)

State 105 file /home/dell/zyworkspace/nichecker/Experiment/remarks2.1_LA/svp_simple_003/_mt_svp_simple_003_001_result/_cs_svp_simple_003_001_global_var1_rwr_mt_svp_simple_003_001.c line 232 function main_task_0 thread 0
----------------------------------------------------
  __cs_local_main_task_i=100 (00000000000000000000000001100100)

State 108 file /home/dell/zyworkspace/nichecker/Experiment/remarks2.1_LA/svp_simple_003/_mt_svp_simple_003_001_result/_cs_svp_simple_003_001_global_var1_rwr_mt_svp_simple_003_001.c line 243 function main_task_0 thread 0
----------------------------------------------------
  __cs_local_main_task_i=101 (00000000000000000000000001100101)

State 109 file /home/dell/zyworkspace/nichecker/Experiment/remarks2.1_LA/svp_simple_003/_mt_svp_simple_003_001_result/_cs_svp_simple_003_001_global_var1_rwr_mt_svp_simple_003_001.c line 249 function main_task_0 thread 0
----------------------------------------------------
  __cs_local_main_task_t=1 (00000000000000000000000000000001)

State 112 file /home/dell/zyworkspace/nichecker/Experiment/remarks2.1_LA/svp_simple_003/_mt_svp_simple_003_001_result/_cs_svp_simple_003_001_global_var1_rwr_mt_svp_simple_003_001.c line 257 function main_task_0 thread 0
----------------------------------------------------
  __cs_pc[1l]=1 (0001)

State 120 file /home/dell/zyworkspace/nichecker/Experiment/remarks2.1_LA/svp_simple_003/_mt_svp_simple_003_001_result/_cs_svp_simple_003_001_global_var1_rwr_mt_svp_simple_003_001.c line 315 function main_task_0 thread 0
----------------------------------------------------
  __cs_disable_thread[2l]=1 (1)

State 124 file /home/dell/zyworkspace/nichecker/Experiment/remarks2.1_LA/svp_simple_003/_mt_svp_simple_003_001_result/_cs_svp_simple_003_001_global_var1_rwr_mt_svp_simple_003_001.c line 322 function main_task_0 thread 0
----------------------------------------------------
  __cs_disable_thread[3l]=1 (1)

State 125 file /home/dell/zyworkspace/nichecker/Experiment/remarks2.1_LA/svp_simple_003/_mt_svp_simple_003_001_result/_cs_svp_simple_003_001_global_var1_rwr_mt_svp_simple_003_001.c line 330 function main_task_0 thread 0
----------------------------------------------------
  __cs_local_main_task_i=0 (00000000000000000000000000000000)

State 126 file /home/dell/zyworkspace/nichecker/Experiment/remarks2.1_LA/svp_simple_003/_mt_svp_simple_003_001_result/_cs_svp_simple_003_001_global_var1_rwr_mt_svp_simple_003_001.c line 338 function main_task_0 thread 0
----------------------------------------------------
  __cs_local_main_task_t=0 (00000000000000000000000000000000)

State 128 file /home/dell/zyworkspace/nichecker/Experiment/remarks2.1_LA/svp_simple_003/_mt_svp_simple_003_001_result/_cs_svp_simple_003_001_global_var1_rwr_mt_svp_simple_003_001.c line 356 function main_task_0 thread 0
----------------------------------------------------
  __cs_local_main_task_loop_2_IOVar1=0 (00000000000000000000000000000000)

State 129 file /home/dell/zyworkspace/nichecker/Experiment/remarks2.1_LA/svp_simple_003/_mt_svp_simple_003_001_result/_cs_svp_simple_003_001_global_var1_rwr_mt_svp_simple_003_001.c line 359 function main_task_0 thread 0
----------------------------------------------------
  __cs_local_main_task_loop_2_block_2=1803 (00000000000000000000011100001011)

State 130 file /home/dell/zyworkspace/nichecker/Experiment/remarks2.1_LA/svp_simple_003/_mt_svp_simple_003_001_result/_cs_svp_simple_003_001_global_var1_rwr_mt_svp_simple_003_001.c line 362 function main_task_0 thread 0
----------------------------------------------------
  __cs_local_main_task_i=1803 (00000000000000000000011100001011)

State 133 file /home/dell/zyworkspace/nichecker/Experiment/remarks2.1_LA/svp_simple_003/_mt_svp_simple_003_001_result/_cs_svp_simple_003_001_global_var1_rwr_mt_svp_simple_003_001.c line 372 function main_task_0 thread 0
----------------------------------------------------
  __cs_local_main_task___cs_tmp_if_cond_0=FALSE (00000000)

State 136 file /home/dell/zyworkspace/nichecker/Experiment/remarks2.1_LA/svp_simple_003/_mt_svp_simple_003_001_result/_cs_svp_simple_003_001_global_var1_rwr_mt_svp_simple_003_001.c line 392 function main_task_0 thread 0
----------------------------------------------------
  __cs_local_main_task_i=1804 (00000000000000000000011100001100)

State 137 file /home/dell/zyworkspace/nichecker/Experiment/remarks2.1_LA/svp_simple_003/_mt_svp_simple_003_001_result/_cs_svp_simple_003_001_global_var1_rwr_mt_svp_simple_003_001.c line 398 function main_task_0 thread 0
----------------------------------------------------
  __cs_local_main_task_t=1 (00000000000000000000000000000001)

State 139 file /home/dell/zyworkspace/nichecker/Experiment/remarks2.1_LA/svp_simple_003/_mt_svp_simple_003_001_result/_cs_svp_simple_003_001_global_var1_rwr_mt_svp_simple_003_001.c line 416 function main_task_0 thread 0
----------------------------------------------------
  __cs_local_main_task_loop_2_IOVar1=1804 (00000000000000000000011100001100)

State 140 file /home/dell/zyworkspace/nichecker/Experiment/remarks2.1_LA/svp_simple_003/_mt_svp_simple_003_001_result/_cs_svp_simple_003_001_global_var1_rwr_mt_svp_simple_003_001.c line 419 function main_task_0 thread 0
----------------------------------------------------
  __cs_local_main_task_loop_2_block_2=8195 (00000000000000000010000000000011)

State 141 file /home/dell/zyworkspace/nichecker/Experiment/remarks2.1_LA/svp_simple_003/_mt_svp_simple_003_001_result/_cs_svp_simple_003_001_global_var1_rwr_mt_svp_simple_003_001.c line 422 function main_task_0 thread 0
----------------------------------------------------
  __cs_local_main_task_i=9999 (00000000000000000010011100001111)

State 144 file /home/dell/zyworkspace/nichecker/Experiment/remarks2.1_LA/svp_simple_003/_mt_svp_simple_003_001_result/_cs_svp_simple_003_001_global_var1_rwr_mt_svp_simple_003_001.c line 432 function main_task_0 thread 0
----------------------------------------------------
  __cs_local_main_task___cs_tmp_if_cond_0=TRUE (00000001)

State 147 file /home/dell/zyworkspace/nichecker/Experiment/remarks2.1_LA/svp_simple_003/_mt_svp_simple_003_001_result/_cs_svp_simple_003_001_global_var1_rwr_mt_svp_simple_003_001.c line 441 function main_task_0 thread 0
----------------------------------------------------
  __cs_local_main_task_reader3=0 (00000000000000000000000000000000)

State 149 file /home/dell/zyworkspace/nichecker/Experiment/remarks2.1_LA/svp_simple_003/_mt_svp_simple_003_001_result/_cs_svp_simple_003_001_global_var1_rwr_mt_svp_simple_003_001.c line 452 function main_task_0 thread 0
----------------------------------------------------
  __cs_local_main_task_i=10000 (00000000000000000010011100010000)

State 150 file /home/dell/zyworkspace/nichecker/Experiment/remarks2.1_LA/svp_simple_003/_mt_svp_simple_003_001_result/_cs_svp_simple_003_001_global_var1_rwr_mt_svp_simple_003_001.c line 458 function main_task_0 thread 0
----------------------------------------------------
  __cs_local_main_task_t=2 (00000000000000000000000000000010)

State 151 file /home/dell/zyworkspace/nichecker/Experiment/remarks2.1_LA/svp_simple_003/_mt_svp_simple_003_001_result/_cs_svp_simple_003_001_global_var1_rwr_mt_svp_simple_003_001.c line 462 function main_task_0 thread 0
----------------------------------------------------
  __cs_loop_2=FALSE (00000000)

State 156 file /home/dell/zyworkspace/nichecker/Experiment/remarks2.1_LA/svp_simple_003/_mt_svp_simple_003_001_result/_cs_svp_simple_003_001_global_var1_rwr_mt_svp_simple_003_001.c line 484 function main_task_0 thread 0
----------------------------------------------------
  __cs_local_main_task_j=10000 (00000000000000000010011100010000)

State 157 file /home/dell/zyworkspace/nichecker/Experiment/remarks2.1_LA/svp_simple_003/_mt_svp_simple_003_001_result/_cs_svp_simple_003_001_global_var1_rwr_mt_svp_simple_003_001.c line 492 function main_task_0 thread 0
----------------------------------------------------
  __cs_local_main_task_t=0 (00000000000000000000000000000000)

State 159 file /home/dell/zyworkspace/nichecker/Experiment/remarks2.1_LA/svp_simple_003/_mt_svp_simple_003_001_result/_cs_svp_simple_003_001_global_var1_rwr_mt_svp_simple_003_001.c line 510 function main_task_0 thread 0
----------------------------------------------------
  __cs_local_main_task_loop_3_IOVar1=10000 (00000000000000000010011100010000)

State 160 file /home/dell/zyworkspace/nichecker/Experiment/remarks2.1_LA/svp_simple_003/_mt_svp_simple_003_001_result/_cs_svp_simple_003_001_global_var1_rwr_mt_svp_simple_003_001.c line 513 function main_task_0 thread 0
----------------------------------------------------
  __cs_local_main_task_loop_3_block_2=1808 (00000000000000000000011100010000)

State 161 file /home/dell/zyworkspace/nichecker/Experiment/remarks2.1_LA/svp_simple_003/_mt_svp_simple_003_001_result/_cs_svp_simple_003_001_global_var1_rwr_mt_svp_simple_003_001.c line 516 function main_task_0 thread 0
----------------------------------------------------
  __cs_local_main_task_j=8192 (00000000000000000010000000000000)

State 164 file /home/dell/zyworkspace/nichecker/Experiment/remarks2.1_LA/svp_simple_003/_mt_svp_simple_003_001_result/_cs_svp_simple_003_001_global_var1_rwr_mt_svp_simple_003_001.c line 526 function main_task_0 thread 0
----------------------------------------------------
  __cs_local_main_task___cs_tmp_if_cond_1=FALSE (00000000)

State 167 file /home/dell/zyworkspace/nichecker/Experiment/remarks2.1_LA/svp_simple_003/_mt_svp_simple_003_001_result/_cs_svp_simple_003_001_global_var1_rwr_mt_svp_simple_003_001.c line 546 function main_task_0 thread 0
----------------------------------------------------
  __cs_local_main_task_j=8191 (00000000000000000001111111111111)

State 168 file /home/dell/zyworkspace/nichecker/Experiment/remarks2.1_LA/svp_simple_003/_mt_svp_simple_003_001_result/_cs_svp_simple_003_001_global_var1_rwr_mt_svp_simple_003_001.c line 552 function main_task_0 thread 0
----------------------------------------------------
  __cs_local_main_task_t=1 (00000000000000000000000000000001)

State 170 file /home/dell/zyworkspace/nichecker/Experiment/remarks2.1_LA/svp_simple_003/_mt_svp_simple_003_001_result/_cs_svp_simple_003_001_global_var1_rwr_mt_svp_simple_003_001.c line 570 function main_task_0 thread 0
----------------------------------------------------
  __cs_local_main_task_loop_3_IOVar1=8191 (00000000000000000001111111111111)

State 171 file /home/dell/zyworkspace/nichecker/Experiment/remarks2.1_LA/svp_simple_003/_mt_svp_simple_003_001_result/_cs_svp_simple_003_001_global_var1_rwr_mt_svp_simple_003_001.c line 573 function main_task_0 thread 0
----------------------------------------------------
  __cs_local_main_task_loop_3_block_2=8190 (00000000000000000001111111111110)

State 172 file /home/dell/zyworkspace/nichecker/Experiment/remarks2.1_LA/svp_simple_003/_mt_svp_simple_003_001_result/_cs_svp_simple_003_001_global_var1_rwr_mt_svp_simple_003_001.c line 576 function main_task_0 thread 0
----------------------------------------------------
  __cs_local_main_task_j=1 (00000000000000000000000000000001)

State 175 file /home/dell/zyworkspace/nichecker/Experiment/remarks2.1_LA/svp_simple_003/_mt_svp_simple_003_001_result/_cs_svp_simple_003_001_global_var1_rwr_mt_svp_simple_003_001.c line 586 function main_task_0 thread 0
----------------------------------------------------
  __cs_local_main_task___cs_tmp_if_cond_1=FALSE (00000000)

State 178 file /home/dell/zyworkspace/nichecker/Experiment/remarks2.1_LA/svp_simple_003/_mt_svp_simple_003_001_result/_cs_svp_simple_003_001_global_var1_rwr_mt_svp_simple_003_001.c line 606 function main_task_0 thread 0
----------------------------------------------------
  __cs_local_main_task_j=0 (00000000000000000000000000000000)

State 179 file /home/dell/zyworkspace/nichecker/Experiment/remarks2.1_LA/svp_simple_003/_mt_svp_simple_003_001_result/_cs_svp_simple_003_001_global_var1_rwr_mt_svp_simple_003_001.c line 612 function main_task_0 thread 0
----------------------------------------------------
  __cs_local_main_task_t=2 (00000000000000000000000000000010)

State 180 file /home/dell/zyworkspace/nichecker/Experiment/remarks2.1_LA/svp_simple_003/_mt_svp_simple_003_001_result/_cs_svp_simple_003_001_global_var1_rwr_mt_svp_simple_003_001.c line 616 function main_task_0 thread 0
----------------------------------------------------
  __cs_loop_3=FALSE (00000000)

State 188 file /home/dell/zyworkspace/nichecker/Experiment/remarks2.1_LA/svp_simple_003/_mt_svp_simple_003_001_result/_cs_svp_simple_003_001_global_var1_rwr_mt_svp_simple_003_001.c line 637 function main_task_0 thread 0
----------------------------------------------------
  __cs_disable_thread[2l]=0 (0)

State 189 file /home/dell/zyworkspace/nichecker/Experiment/remarks2.1_LA/svp_simple_003/_mt_svp_simple_003_001_result/_cs_svp_simple_003_001_global_var1_rwr_mt_svp_simple_003_001.c line 645 function main_task_0 thread 0
----------------------------------------------------
  __cs_local_main_task_i=0 (00000000000000000000000000000000)

State 190 file /home/dell/zyworkspace/nichecker/Experiment/remarks2.1_LA/svp_simple_003/_mt_svp_simple_003_001_result/_cs_svp_simple_003_001_global_var1_rwr_mt_svp_simple_003_001.c line 653 function main_task_0 thread 0
----------------------------------------------------
  __cs_local_main_task_t=0 (00000000000000000000000000000000)

State 192 file /home/dell/zyworkspace/nichecker/Experiment/remarks2.1_LA/svp_simple_003/_mt_svp_simple_003_001_result/_cs_svp_simple_003_001_global_var1_rwr_mt_svp_simple_003_001.c line 671 function main_task_0 thread 0
----------------------------------------------------
  __cs_local_main_task_loop_4_IOVar1=0 (00000000000000000000000000000000)

State 193 file /home/dell/zyworkspace/nichecker/Experiment/remarks2.1_LA/svp_simple_003/_mt_svp_simple_003_001_result/_cs_svp_simple_003_001_global_var1_rwr_mt_svp_simple_003_001.c line 674 function main_task_0 thread 0
----------------------------------------------------
  __cs_local_main_task_loop_4_block_2=9999 (00000000000000000010011100001111)

State 194 file /home/dell/zyworkspace/nichecker/Experiment/remarks2.1_LA/svp_simple_003/_mt_svp_simple_003_001_result/_cs_svp_simple_003_001_global_var1_rwr_mt_svp_simple_003_001.c line 677 function main_task_0 thread 0
----------------------------------------------------
  __cs_local_main_task_i=9999 (00000000000000000010011100001111)

State 197 file /home/dell/zyworkspace/nichecker/Experiment/remarks2.1_LA/svp_simple_003/_mt_svp_simple_003_001_result/_cs_svp_simple_003_001_global_var1_rwr_mt_svp_simple_003_001.c line 687 function main_task_0 thread 0
----------------------------------------------------
  __cs_local_main_task___cs_tmp_if_cond_2=TRUE (00000001)

State 200 file /home/dell/zyworkspace/nichecker/Experiment/remarks2.1_LA/svp_simple_003/_mt_svp_simple_003_001_result/_cs_svp_simple_003_001_global_var1_rwr_mt_svp_simple_003_001.c line 696 function main_task_0 thread 0
----------------------------------------------------
  __cs_local_main_task_reader1=0 (00000000000000000000000000000000)

State 201 file /home/dell/zyworkspace/nichecker/Experiment/remarks2.1_LA/svp_simple_003/_mt_svp_simple_003_001_result/_cs_svp_simple_003_001_global_var1_rwr_mt_svp_simple_003_001.c line 698 function main_task_0 thread 0
----------------------------------------------------
  rwr_r1=0 (00000000000000000000000000000000)

State 203 file /home/dell/zyworkspace/nichecker/Experiment/remarks2.1_LA/svp_simple_003/_mt_svp_simple_003_001_result/_cs_svp_simple_003_001_global_var1_rwr_mt_svp_simple_003_001.c line 702 function main_task_0 thread 0
----------------------------------------------------
  rwr_tmp1_num=1 (00000000000000000000000000000001)

State 204 file /home/dell/zyworkspace/nichecker/Experiment/remarks2.1_LA/svp_simple_003/_mt_svp_simple_003_001_result/_cs_svp_simple_003_001_global_var1_rwr_mt_svp_simple_003_001.c line 703 function main_task_0 thread 0
----------------------------------------------------
  rwr_tmp1=0 (00000000000000000000000000000000)

State 206 file /home/dell/zyworkspace/nichecker/Experiment/remarks2.1_LA/svp_simple_003/_mt_svp_simple_003_001_result/_cs_svp_simple_003_001_global_var1_rwr_mt_svp_simple_003_001.c line 715 function main_task_0 thread 0
----------------------------------------------------
  __cs_local_main_task_i=10000 (00000000000000000010011100010000)

State 207 file /home/dell/zyworkspace/nichecker/Experiment/remarks2.1_LA/svp_simple_003/_mt_svp_simple_003_001_result/_cs_svp_simple_003_001_global_var1_rwr_mt_svp_simple_003_001.c line 721 function main_task_0 thread 0
----------------------------------------------------
  __cs_local_main_task_t=1 (00000000000000000000000000000001)

State 210 file /home/dell/zyworkspace/nichecker/Experiment/remarks2.1_LA/svp_simple_003/_mt_svp_simple_003_001_result/_cs_svp_simple_003_001_global_var1_rwr_mt_svp_simple_003_001.c line 729 function main_task_0 thread 0
----------------------------------------------------
  __cs_pc[1l]=10 (1010)

State 217 file /home/dell/zyworkspace/nichecker/Experiment/remarks2.1_LA/svp_simple_003/_mt_svp_simple_003_001_result/_cs_svp_simple_003_001_global_var1_rwr_mt_svp_simple_003_001.c line 815 function main_task_0 thread 0
----------------------------------------------------
  __cs_local_main_task_j=10000 (00000000000000000010011100010000)

State 218 file /home/dell/zyworkspace/nichecker/Experiment/remarks2.1_LA/svp_simple_003/_mt_svp_simple_003_001_result/_cs_svp_simple_003_001_global_var1_rwr_mt_svp_simple_003_001.c line 823 function main_task_0 thread 0
----------------------------------------------------
  __cs_local_main_task_t=0 (00000000000000000000000000000000)

State 220 file /home/dell/zyworkspace/nichecker/Experiment/remarks2.1_LA/svp_simple_003/_mt_svp_simple_003_001_result/_cs_svp_simple_003_001_global_var1_rwr_mt_svp_simple_003_001.c line 841 function main_task_0 thread 0
----------------------------------------------------
  __cs_local_main_task_loop_5_IOVar1=10000 (00000000000000000010011100010000)

State 221 file /home/dell/zyworkspace/nichecker/Experiment/remarks2.1_LA/svp_simple_003/_mt_svp_simple_003_001_result/_cs_svp_simple_003_001_global_var1_rwr_mt_svp_simple_003_001.c line 844 function main_task_0 thread 0
----------------------------------------------------
  __cs_local_main_task_loop_5_block_2=0 (00000000000000000000000000000000)

State 222 file /home/dell/zyworkspace/nichecker/Experiment/remarks2.1_LA/svp_simple_003/_mt_svp_simple_003_001_result/_cs_svp_simple_003_001_global_var1_rwr_mt_svp_simple_003_001.c line 847 function main_task_0 thread 0
----------------------------------------------------
  __cs_local_main_task_j=10000 (00000000000000000010011100010000)

State 225 file /home/dell/zyworkspace/nichecker/Experiment/remarks2.1_LA/svp_simple_003/_mt_svp_simple_003_001_result/_cs_svp_simple_003_001_global_var1_rwr_mt_svp_simple_003_001.c line 857 function main_task_0 thread 0
----------------------------------------------------
  __cs_local_main_task___cs_tmp_if_cond_3=FALSE (00000000)

State 228 file /home/dell/zyworkspace/nichecker/Experiment/remarks2.1_LA/svp_simple_003/_mt_svp_simple_003_001_result/_cs_svp_simple_003_001_global_var1_rwr_mt_svp_simple_003_001.c line 885 function main_task_0 thread 0
----------------------------------------------------
  __cs_local_main_task_j=9999 (00000000000000000010011100001111)

State 229 file /home/dell/zyworkspace/nichecker/Experiment/remarks2.1_LA/svp_simple_003/_mt_svp_simple_003_001_result/_cs_svp_simple_003_001_global_var1_rwr_mt_svp_simple_003_001.c line 891 function main_task_0 thread 0
----------------------------------------------------
  __cs_local_main_task_t=1 (00000000000000000000000000000001)

State 231 file /home/dell/zyworkspace/nichecker/Experiment/remarks2.1_LA/svp_simple_003/_mt_svp_simple_003_001_result/_cs_svp_simple_003_001_global_var1_rwr_mt_svp_simple_003_001.c line 909 function main_task_0 thread 0
----------------------------------------------------
  __cs_local_main_task_loop_5_IOVar1=9999 (00000000000000000010011100001111)

State 232 file /home/dell/zyworkspace/nichecker/Experiment/remarks2.1_LA/svp_simple_003/_mt_svp_simple_003_001_result/_cs_svp_simple_003_001_global_var1_rwr_mt_svp_simple_003_001.c line 912 function main_task_0 thread 0
----------------------------------------------------
  __cs_local_main_task_loop_5_block_2=0 (00000000000000000000000000000000)

State 233 file /home/dell/zyworkspace/nichecker/Experiment/remarks2.1_LA/svp_simple_003/_mt_svp_simple_003_001_result/_cs_svp_simple_003_001_global_var1_rwr_mt_svp_simple_003_001.c line 915 function main_task_0 thread 0
----------------------------------------------------
  __cs_local_main_task_j=9999 (00000000000000000010011100001111)

State 236 file /home/dell/zyworkspace/nichecker/Experiment/remarks2.1_LA/svp_simple_003/_mt_svp_simple_003_001_result/_cs_svp_simple_003_001_global_var1_rwr_mt_svp_simple_003_001.c line 925 function main_task_0 thread 0
----------------------------------------------------
  __cs_local_main_task___cs_tmp_if_cond_3=TRUE (00000001)

State 242 file /home/dell/zyworkspace/nichecker/Experiment/remarks2.1_LA/svp_simple_003/_mt_svp_simple_003_001_result/_cs_svp_simple_003_001_global_var1_rwr_mt_svp_simple_003_001.c line 991 function main_task_0 thread 0
----------------------------------------------------
  __cs_value_ptr=NULL (0000000000000000000000000000000000000000000000000000000000000000)

State 247 file /home/dell/zyworkspace/nichecker/Experiment/remarks2.1_LA/svp_simple_003/_mt_svp_simple_003_001_result/_cs_svp_simple_003_001_global_var1_rwr_mt_svp_simple_003_001.c line 1215 function main thread 0
----------------------------------------------------
  __cs_pc[1l]=12 (1100)

State 248 file /home/dell/zyworkspace/nichecker/Experiment/remarks2.1_LA/svp_simple_003/_mt_svp_simple_003_001_result/_cs_svp_simple_003_001_global_var1_rwr_mt_svp_simple_003_001.c line 1221 function main thread 0
----------------------------------------------------
  __cs_tmp_t2_r0=2 (010)

State 250 file /home/dell/zyworkspace/nichecker/Experiment/remarks2.1_LA/svp_simple_003/_mt_svp_simple_003_001_result/_cs_svp_simple_003_001_global_var1_rwr_mt_svp_simple_003_001.c line 1226 function main thread 0
----------------------------------------------------
  __cs_thread_index=2 (010)

State 251 file /home/dell/zyworkspace/nichecker/Experiment/remarks2.1_LA/svp_simple_003/_mt_svp_simple_003_001_result/_cs_svp_simple_003_001_global_var1_rwr_mt_svp_simple_003_001.c line 1228 function main thread 0
----------------------------------------------------
  __cs_pc_cs[2l]=2 (0010)

State 256 file /home/dell/zyworkspace/nichecker/Experiment/remarks2.1_LA/svp_simple_003/_mt_svp_simple_003_001_result/_cs_svp_simple_003_001_global_var1_rwr_mt_svp_simple_003_001.c line 1234 function main thread 0
----------------------------------------------------
  __cs_param_svp_simple_003_001_isr_1_arg=NULL (0000000000000000000000000000000000000000000000000000000000000000)

State 261 file /home/dell/zyworkspace/nichecker/Experiment/remarks2.1_LA/svp_simple_003/_mt_svp_simple_003_001_result/_cs_svp_simple_003_001_global_var1_rwr_mt_svp_simple_003_001.c line 1003 function svp_simple_003_001_isr_1_0 thread 0
----------------------------------------------------
  __cs_disable_thread[3l]=0 (0)

State 263 file /home/dell/zyworkspace/nichecker/Experiment/remarks2.1_LA/svp_simple_003/_mt_svp_simple_003_001_result/_cs_svp_simple_003_001_global_var1_rwr_mt_svp_simple_003_001.c line 1009 function svp_simple_003_001_isr_1_0 thread 0
----------------------------------------------------
  svp_simple_003_001_global_var2=999 (00000000000000000000001111100111)

State 270 file /home/dell/zyworkspace/nichecker/Experiment/remarks2.1_LA/svp_simple_003/_mt_svp_simple_003_001_result/_cs_svp_simple_003_001_global_var1_rwr_mt_svp_simple_003_001.c line 1067 function svp_simple_003_001_isr_1_0 thread 0
----------------------------------------------------
  __cs_value_ptr=NULL (0000000000000000000000000000000000000000000000000000000000000000)

State 275 file /home/dell/zyworkspace/nichecker/Experiment/remarks2.1_LA/svp_simple_003/_mt_svp_simple_003_001_result/_cs_svp_simple_003_001_global_var1_rwr_mt_svp_simple_003_001.c line 1236 function main thread 0
----------------------------------------------------
  __cs_pc[2l]=2 (0010)

State 276 file /home/dell/zyworkspace/nichecker/Experiment/remarks2.1_LA/svp_simple_003/_mt_svp_simple_003_001_result/_cs_svp_simple_003_001_global_var1_rwr_mt_svp_simple_003_001.c line 1242 function main thread 0
----------------------------------------------------
  __cs_tmp_t3_r0=1 (1)

State 278 file /home/dell/zyworkspace/nichecker/Experiment/remarks2.1_LA/svp_simple_003/_mt_svp_simple_003_001_result/_cs_svp_simple_003_001_global_var1_rwr_mt_svp_simple_003_001.c line 1247 function main thread 0
----------------------------------------------------
  __cs_thread_index=3 (011)

State 279 file /home/dell/zyworkspace/nichecker/Experiment/remarks2.1_LA/svp_simple_003/_mt_svp_simple_003_001_result/_cs_svp_simple_003_001_global_var1_rwr_mt_svp_simple_003_001.c line 1249 function main thread 0
----------------------------------------------------
  __cs_pc_cs[3l]=1 (0001)

State 284 file /home/dell/zyworkspace/nichecker/Experiment/remarks2.1_LA/svp_simple_003/_mt_svp_simple_003_001_result/_cs_svp_simple_003_001_global_var1_rwr_mt_svp_simple_003_001.c line 1255 function main thread 0
----------------------------------------------------
  __cs_param_svp_simple_003_001_isr_2_arg=NULL (0000000000000000000000000000000000000000000000000000000000000000)

State 286 file /home/dell/zyworkspace/nichecker/Experiment/remarks2.1_LA/svp_simple_003/_mt_svp_simple_003_001_result/_cs_svp_simple_003_001_global_var1_rwr_mt_svp_simple_003_001.c line 1080 function svp_simple_003_001_isr_2_0 thread 0
----------------------------------------------------
  __cs_local_svp_simple_003_001_isr_2_i=0 (00000000000000000000000000000000)

State 287 file /home/dell/zyworkspace/nichecker/Experiment/remarks2.1_LA/svp_simple_003/_mt_svp_simple_003_001_result/_cs_svp_simple_003_001_global_var1_rwr_mt_svp_simple_003_001.c line 1082 function svp_simple_003_001_isr_2_0 thread 0
----------------------------------------------------
  __cs_local_svp_simple_003_001_isr_2_i=0 (00000000000000000000000000000000)

State 288 file /home/dell/zyworkspace/nichecker/Experiment/remarks2.1_LA/svp_simple_003/_mt_svp_simple_003_001_result/_cs_svp_simple_003_001_global_var1_rwr_mt_svp_simple_003_001.c line 1089 function svp_simple_003_001_isr_2_0 thread 0
----------------------------------------------------
  __cs_local_svp_simple_003_001_isr_2_t=0 (00000000000000000000000000000000)

State 290 file /home/dell/zyworkspace/nichecker/Experiment/remarks2.1_LA/svp_simple_003/_mt_svp_simple_003_001_result/_cs_svp_simple_003_001_global_var1_rwr_mt_svp_simple_003_001.c line 1104 function svp_simple_003_001_isr_2_0 thread 0
----------------------------------------------------
  __cs_local_svp_simple_003_001_isr_2_loop_6_IOVar1=0 (00000000000000000000000000000000)

State 291 file /home/dell/zyworkspace/nichecker/Experiment/remarks2.1_LA/svp_simple_003/_mt_svp_simple_003_001_result/_cs_svp_simple_003_001_global_var1_rwr_mt_svp_simple_003_001.c line 1106 function svp_simple_003_001_isr_2_0 thread 0
----------------------------------------------------
  __cs_local_svp_simple_003_001_isr_2_loop_6_block_1=100 (00000000000000000000000001100100)

State 292 file /home/dell/zyworkspace/nichecker/Experiment/remarks2.1_LA/svp_simple_003/_mt_svp_simple_003_001_result/_cs_svp_simple_003_001_global_var1_rwr_mt_svp_simple_003_001.c line 1108 function svp_simple_003_001_isr_2_0 thread 0
----------------------------------------------------
  __cs_local_svp_simple_003_001_isr_2_i=100 (00000000000000000000000001100100)

State 295 file /home/dell/zyworkspace/nichecker/Experiment/remarks2.1_LA/svp_simple_003/_mt_svp_simple_003_001_result/_cs_svp_simple_003_001_global_var1_rwr_mt_svp_simple_003_001.c line 1119 function svp_simple_003_001_isr_2_0 thread 0
----------------------------------------------------
  __cs_local_svp_simple_003_001_isr_2_i=101 (00000000000000000000000001100101)

State 296 file /home/dell/zyworkspace/nichecker/Experiment/remarks2.1_LA/svp_simple_003/_mt_svp_simple_003_001_result/_cs_svp_simple_003_001_global_var1_rwr_mt_svp_simple_003_001.c line 1124 function svp_simple_003_001_isr_2_0 thread 0
----------------------------------------------------
  __cs_local_svp_simple_003_001_isr_2_t=1 (00000000000000000000000000000001)

State 301 file /home/dell/zyworkspace/nichecker/Experiment/remarks2.1_LA/svp_simple_003/_mt_svp_simple_003_001_result/_cs_svp_simple_003_001_global_var1_rwr_mt_svp_simple_003_001.c line 1178 function svp_simple_003_001_isr_2_0 thread 0
----------------------------------------------------
  svp_simple_003_001_global_flag=1 (00000000000000000000000000000001)

State 305 file /home/dell/zyworkspace/nichecker/Experiment/remarks2.1_LA/svp_simple_003/_mt_svp_simple_003_001_result/_cs_svp_simple_003_001_global_var1_rwr_mt_svp_simple_003_001.c line 1189 function svp_simple_003_001_isr_2_0 thread 0
----------------------------------------------------
  __cs_value_ptr=NULL (0000000000000000000000000000000000000000000000000000000000000000)

State 310 file /home/dell/zyworkspace/nichecker/Experiment/remarks2.1_LA/svp_simple_003/_mt_svp_simple_003_001_result/_cs_svp_simple_003_001_global_var1_rwr_mt_svp_simple_003_001.c line 1257 function main thread 0
----------------------------------------------------
  __cs_pc[3l]=1 (0001)

State 311 file /home/dell/zyworkspace/nichecker/Experiment/remarks2.1_LA/svp_simple_003/_mt_svp_simple_003_001_result/_cs_svp_simple_003_001_global_var1_rwr_mt_svp_simple_003_001.c line 1267 function main thread 0
----------------------------------------------------
  __cs_tmp_t1_r1=4 (0100)

State 317 file /home/dell/zyworkspace/nichecker/Experiment/remarks2.1_LA/svp_simple_003/_mt_svp_simple_003_001_result/_cs_svp_simple_003_001_global_var1_rwr_mt_svp_simple_003_001.c line 1288 function main thread 0
----------------------------------------------------
  __cs_tmp_t2_r1=6 (110)

State 319 file /home/dell/zyworkspace/nichecker/Experiment/remarks2.1_LA/svp_simple_003/_mt_svp_simple_003_001_result/_cs_svp_simple_003_001_global_var1_rwr_mt_svp_simple_003_001.c line 1293 function main thread 0
----------------------------------------------------
  __cs_thread_index=2 (010)

State 320 file /home/dell/zyworkspace/nichecker/Experiment/remarks2.1_LA/svp_simple_003/_mt_svp_simple_003_001_result/_cs_svp_simple_003_001_global_var1_rwr_mt_svp_simple_003_001.c line 1295 function main thread 0
----------------------------------------------------
  __cs_pc_cs[2l]=6 (0110)

State 325 file /home/dell/zyworkspace/nichecker/Experiment/remarks2.1_LA/svp_simple_003/_mt_svp_simple_003_001_result/_cs_svp_simple_003_001_global_var1_rwr_mt_svp_simple_003_001.c line 1301 function main thread 0
----------------------------------------------------
  __cs_param_svp_simple_003_001_isr_1_arg=NULL (0000000000000000000000000000000000000000000000000000000000000000)

State 329 file /home/dell/zyworkspace/nichecker/Experiment/remarks2.1_LA/svp_simple_003/_mt_svp_simple_003_001_result/_cs_svp_simple_003_001_global_var1_rwr_mt_svp_simple_003_001.c line 1015 function svp_simple_003_001_isr_1_0 thread 0
----------------------------------------------------
  __cs_local_svp_simple_003_001_isr_1___cs_tmp_if_cond_4=TRUE (00000001)

State 332 file /home/dell/zyworkspace/nichecker/Experiment/remarks2.1_LA/svp_simple_003/_mt_svp_simple_003_001_result/_cs_svp_simple_003_001_global_var1_rwr_mt_svp_simple_003_001.c line 1022 function svp_simple_003_001_isr_1_0 thread 0
----------------------------------------------------
  svp_simple_003_001_global_var1=999 (00000000000000000000001111100111)

State 333 file /home/dell/zyworkspace/nichecker/Experiment/remarks2.1_LA/svp_simple_003/_mt_svp_simple_003_001_result/_cs_svp_simple_003_001_global_var1_rwr_mt_svp_simple_003_001.c line 1024 function svp_simple_003_001_isr_1_0 thread 0
----------------------------------------------------
  rwr_tmp2_num=0 (00000000000000000000000000000000)

State 339 file /home/dell/zyworkspace/nichecker/Experiment/remarks2.1_LA/svp_simple_003/_mt_svp_simple_003_001_result/_cs_svp_simple_003_001_global_var1_rwr_mt_svp_simple_003_001.c line 1067 function svp_simple_003_001_isr_1_0 thread 0
----------------------------------------------------
  __cs_value_ptr=NULL (0000000000000000000000000000000000000000000000000000000000000000)

State 344 file /home/dell/zyworkspace/nichecker/Experiment/remarks2.1_LA/svp_simple_003/_mt_svp_simple_003_001_result/_cs_svp_simple_003_001_global_var1_rwr_mt_svp_simple_003_001.c line 1303 function main thread 0
----------------------------------------------------
  __cs_pc[2l]=6 (0110)

State 345 file /home/dell/zyworkspace/nichecker/Experiment/remarks2.1_LA/svp_simple_003/_mt_svp_simple_003_001_result/_cs_svp_simple_003_001_global_var1_rwr_mt_svp_simple_003_001.c line 1309 function main thread 0
----------------------------------------------------
  __cs_tmp_t3_r1=1 (1)

State 347 file /home/dell/zyworkspace/nichecker/Experiment/remarks2.1_LA/svp_simple_003/_mt_svp_simple_003_001_result/_cs_svp_simple_003_001_global_var1_rwr_mt_svp_simple_003_001.c line 1314 function main thread 0
----------------------------------------------------
  __cs_thread_index=3 (011)

State 348 file /home/dell/zyworkspace/nichecker/Experiment/remarks2.1_LA/svp_simple_003/_mt_svp_simple_003_001_result/_cs_svp_simple_003_001_global_var1_rwr_mt_svp_simple_003_001.c line 1316 function main thread 0
----------------------------------------------------
  __cs_pc_cs[3l]=1 (0001)

State 353 file /home/dell/zyworkspace/nichecker/Experiment/remarks2.1_LA/svp_simple_003/_mt_svp_simple_003_001_result/_cs_svp_simple_003_001_global_var1_rwr_mt_svp_simple_003_001.c line 1322 function main thread 0
----------------------------------------------------
  __cs_param_svp_simple_003_001_isr_2_arg=NULL (0000000000000000000000000000000000000000000000000000000000000000)

State 357 file /home/dell/zyworkspace/nichecker/Experiment/remarks2.1_LA/svp_simple_003/_mt_svp_simple_003_001_result/_cs_svp_simple_003_001_global_var1_rwr_mt_svp_simple_003_001.c line 1189 function svp_simple_003_001_isr_2_0 thread 0
----------------------------------------------------
  __cs_value_ptr=NULL (0000000000000000000000000000000000000000000000000000000000000000)

State 362 file /home/dell/zyworkspace/nichecker/Experiment/remarks2.1_LA/svp_simple_003/_mt_svp_simple_003_001_result/_cs_svp_simple_003_001_global_var1_rwr_mt_svp_simple_003_001.c line 1324 function main thread 0
----------------------------------------------------
  __cs_pc[3l]=1 (0001)

State 363 file /home/dell/zyworkspace/nichecker/Experiment/remarks2.1_LA/svp_simple_003/_mt_svp_simple_003_001_result/_cs_svp_simple_003_001_global_var1_rwr_mt_svp_simple_003_001.c line 1328 function main thread 0
----------------------------------------------------
  __cs_tmp_t1_r2=14u (00000000000000000000000000001110)

State 365 file /home/dell/zyworkspace/nichecker/Experiment/remarks2.1_LA/svp_simple_003/_mt_svp_simple_003_001_result/_cs_svp_simple_003_001_global_var1_rwr_mt_svp_simple_003_001.c line 1333 function main thread 0
----------------------------------------------------
  __cs_thread_index=1 (001)

State 366 file /home/dell/zyworkspace/nichecker/Experiment/remarks2.1_LA/svp_simple_003/_mt_svp_simple_003_001_result/_cs_svp_simple_003_001_global_var1_rwr_mt_svp_simple_003_001.c line 1335 function main thread 0
----------------------------------------------------
  __cs_pc_cs[1l]=14 (1110)

State 371 file /home/dell/zyworkspace/nichecker/Experiment/remarks2.1_LA/svp_simple_003/_mt_svp_simple_003_001_result/_cs_svp_simple_003_001_global_var1_rwr_mt_svp_simple_003_001.c line 1341 function main thread 0
----------------------------------------------------
  __cs_param_main_task_arg=NULL (0000000000000000000000000000000000000000000000000000000000000000)

State 385 file /home/dell/zyworkspace/nichecker/Experiment/remarks2.1_LA/svp_simple_003/_mt_svp_simple_003_001_result/_cs_svp_simple_003_001_global_var1_rwr_mt_svp_simple_003_001.c line 934 function main_task_0 thread 0
----------------------------------------------------
  __cs_local_main_task_reader2=999 (00000000000000000000001111100111)

State 386 file /home/dell/zyworkspace/nichecker/Experiment/remarks2.1_LA/svp_simple_003/_mt_svp_simple_003_001_result/_cs_svp_simple_003_001_global_var1_rwr_mt_svp_simple_003_001.c line 936 function main_task_0 thread 0
----------------------------------------------------
  rwr_r4=999 (00000000000000000000001111100111)

Violated property:
  file /home/dell/zyworkspace/nichecker/Experiment/remarks2.1_LA/svp_simple_003/_mt_svp_simple_003_001_result/_cs_svp_simple_003_001_global_var1_rwr_mt_svp_simple_003_001.c line 938 function main_task_0
  assertion rwr_r4 == rwr_tmp1
  rwr_r4 == rwr_tmp1


** 2 of 4 failed (3 iterations)
VERIFICATION FAILED
