2023-10-15 16:47:14
SVPCheck: True	LoopAbstraction: True	LabelReduction: False	Slice: False	

SVPCheck var: svp_simple_003_001_global_var1	pattern: rwr
--------------------------Run start-------------------------------
inliner
slice
LoopAbstraction
unroller
insertLabel
lazyseq
feeder  0.581
[91mUNSAFE[0m, counterexample: 2, time: 2.718 s, memory: 38.12 MB
--------------------------Run end---------------------------------
SVPCheck var: svp_simple_003_001_global_var2	pattern: rwr
--------------------------Run start-------------------------------
inliner
slice
LoopAbstraction
unroller
insertLabel
lazyseq
feeder  0.523
[92mSAFE[0m, counterexample: 0, time: 2.464 s, memory: 37.00 MB
--------------------------Run end---------------------------------
cbmcTimeSum: 1.104
modulesTimeSum: 5.182
