CBMC version 5.6 64-bit x86_64 linux
Parsing /home/dell/zyworkspace/nichecker/Experiment/remarks2.1_LA_PPR/svp_simple_022/_mt_svp_simple_022_001_result/_cs_svp_simple_022_001_global_var1_rwr_mt_svp_simple_022_001.c
<command-line>: warning: "__STDC_VERSION__" redefined
<built-in>: note: this is the location of the previous definition
Converting
Type-checking _cs_svp_simple_022_001_global_var1_rwr_mt_svp_simple_022_001
file /home/dell/zyworkspace/nichecker/Experiment/remarks2.1_LA_PPR/svp_simple_022/_mt_svp_simple_022_001_result/_cs_svp_simple_022_001_global_var1_rwr_mt_svp_simple_022_001.c line 194 function svp_simple_022_001_isr_1_0: function `nondet_rand' is not declared
file /home/dell/zyworkspace/nichecker/Experiment/remarks2.1_LA_PPR/svp_simple_022/_mt_svp_simple_022_001_result/_cs_svp_simple_022_001_global_var1_rwr_mt_svp_simple_022_001.c line 252 function main_task_0: function `assert' is not declared
Generating GOTO Program
Adding CPROVER library (x86_64)
Removal of function pointers and virtual functions
Partial Inlining
Generic Property Instrumentation
Starting Bounded Model Checking
**** WARNING: no body for function enable_isr
size of program expression: 628 steps
simple slicing removed 23 assignments
Generated 8 VCC(s), 8 remaining after simplification
Passing problem to propositional reduction
converting SSA
Running propositional reduction
Post-processing
Solving with MiniSAT 2.2.1 with simplifier
5759 variables, 63884 clauses
SAT checker: instance is SATISFIABLE
Solving with MiniSAT 2.2.1 with simplifier
5759 variables, 6651 clauses
SAT checker: instance is UNSATISFIABLE
Runtime decision procedure: 0.076s

** Results:
[main_task_0.assertion.1] assertion rwr_r1 == rwr_tmp1: SUCCESS
[main_task_0.assertion.2] assertion rwr_r2 == rwr_tmp1: SUCCESS
[main_task_0.assertion.3] assertion rwr_r3 == rwr_tmp1: FAILURE

Trace for main_task_0.assertion.3:

State 48 file /home/dell/zyworkspace/nichecker/Experiment/remarks2.1_LA_PPR/svp_simple_022/_mt_svp_simple_022_001_result/_cs_svp_simple_022_001_global_var1_rwr_mt_svp_simple_022_001.c line 462 function main thread 0
----------------------------------------------------
  __cs_tmp_t1_r0=4 (100)

State 50 file /home/dell/zyworkspace/nichecker/Experiment/remarks2.1_LA_PPR/svp_simple_022/_mt_svp_simple_022_001_result/_cs_svp_simple_022_001_global_var1_rwr_mt_svp_simple_022_001.c line 466 function main thread 0
----------------------------------------------------
  __cs_thread_index=1 (01)

State 51 file /home/dell/zyworkspace/nichecker/Experiment/remarks2.1_LA_PPR/svp_simple_022/_mt_svp_simple_022_001_result/_cs_svp_simple_022_001_global_var1_rwr_mt_svp_simple_022_001.c line 468 function main thread 0
----------------------------------------------------
  __cs_pc_cs[1l]=4 (100)

State 56 file /home/dell/zyworkspace/nichecker/Experiment/remarks2.1_LA_PPR/svp_simple_022/_mt_svp_simple_022_001_result/_cs_svp_simple_022_001_global_var1_rwr_mt_svp_simple_022_001.c line 474 function main thread 0
----------------------------------------------------
  __cs_param_main_task_arg=NULL (0000000000000000000000000000000000000000000000000000000000000000)

State 58 file /home/dell/zyworkspace/nichecker/Experiment/remarks2.1_LA_PPR/svp_simple_022/_mt_svp_simple_022_001_result/_cs_svp_simple_022_001_global_var1_rwr_mt_svp_simple_022_001.c line 214 function main_task_0 thread 0
----------------------------------------------------
  svp_simple_022_001_global_var1=0 (00000000000000000000000000000000)

State 59 file /home/dell/zyworkspace/nichecker/Experiment/remarks2.1_LA_PPR/svp_simple_022/_mt_svp_simple_022_001_result/_cs_svp_simple_022_001_global_var1_rwr_mt_svp_simple_022_001.c line 217 function main_task_0 thread 0
----------------------------------------------------
  svp_simple_022_001_global_var2=0 (00000000000000000000000000000000)

State 60 file /home/dell/zyworkspace/nichecker/Experiment/remarks2.1_LA_PPR/svp_simple_022/_mt_svp_simple_022_001_result/_cs_svp_simple_022_001_global_var1_rwr_mt_svp_simple_022_001.c line 220 function main_task_0 thread 0
----------------------------------------------------
  svp_simple_022_001_global_var3=0 (00000000000000000000000000000000)

State 64 file /home/dell/zyworkspace/nichecker/Experiment/remarks2.1_LA_PPR/svp_simple_022/_mt_svp_simple_022_001_result/_cs_svp_simple_022_001_global_var1_rwr_mt_svp_simple_022_001.c line 226 function main_task_0 thread 0
----------------------------------------------------
  __cs_disable_thread[2l]=0 (0)

State 65 file /home/dell/zyworkspace/nichecker/Experiment/remarks2.1_LA_PPR/svp_simple_022/_mt_svp_simple_022_001_result/_cs_svp_simple_022_001_global_var1_rwr_mt_svp_simple_022_001.c line 229 function main_task_0 thread 0
----------------------------------------------------
  __cs_disable_thread[0l]=0 (0)

State 67 file /home/dell/zyworkspace/nichecker/Experiment/remarks2.1_LA_PPR/svp_simple_022/_mt_svp_simple_022_001_result/_cs_svp_simple_022_001_global_var1_rwr_mt_svp_simple_022_001.c line 241 function main_task_0 thread 0
----------------------------------------------------
  svp_simple_022_001_global_var1=0 (00000000000000000000000000000000)

State 68 file /home/dell/zyworkspace/nichecker/Experiment/remarks2.1_LA_PPR/svp_simple_022/_mt_svp_simple_022_001_result/_cs_svp_simple_022_001_global_var1_rwr_mt_svp_simple_022_001.c line 248 function main_task_0 thread 0
----------------------------------------------------
  __cs_local_main_task___cs_tmp_if_cond_0=FALSE (00000000)

State 69 file /home/dell/zyworkspace/nichecker/Experiment/remarks2.1_LA_PPR/svp_simple_022/_mt_svp_simple_022_001_result/_cs_svp_simple_022_001_global_var1_rwr_mt_svp_simple_022_001.c line 250 function main_task_0 thread 0
----------------------------------------------------
  rwr_r1=0 (00000000000000000000000000000000)

State 71 file /home/dell/zyworkspace/nichecker/Experiment/remarks2.1_LA_PPR/svp_simple_022/_mt_svp_simple_022_001_result/_cs_svp_simple_022_001_global_var1_rwr_mt_svp_simple_022_001.c line 254 function main_task_0 thread 0
----------------------------------------------------
  rwr_tmp1_num=1 (00000000000000000000000000000001)

State 72 file /home/dell/zyworkspace/nichecker/Experiment/remarks2.1_LA_PPR/svp_simple_022/_mt_svp_simple_022_001_result/_cs_svp_simple_022_001_global_var1_rwr_mt_svp_simple_022_001.c line 255 function main_task_0 thread 0
----------------------------------------------------
  rwr_tmp1=0 (00000000000000000000000000000000)

State 75 file /home/dell/zyworkspace/nichecker/Experiment/remarks2.1_LA_PPR/svp_simple_022/_mt_svp_simple_022_001_result/_cs_svp_simple_022_001_global_var1_rwr_mt_svp_simple_022_001.c line 273 function main_task_0 thread 0
----------------------------------------------------
  svp_simple_022_001_global_var1=0 (00000000000000000000000000000000)

State 76 file /home/dell/zyworkspace/nichecker/Experiment/remarks2.1_LA_PPR/svp_simple_022/_mt_svp_simple_022_001_result/_cs_svp_simple_022_001_global_var1_rwr_mt_svp_simple_022_001.c line 275 function main_task_0 thread 0
----------------------------------------------------
  rwr_tmp1_num=0 (00000000000000000000000000000000)

State 77 file /home/dell/zyworkspace/nichecker/Experiment/remarks2.1_LA_PPR/svp_simple_022/_mt_svp_simple_022_001_result/_cs_svp_simple_022_001_global_var1_rwr_mt_svp_simple_022_001.c line 291 function main_task_0 thread 0
----------------------------------------------------
  __cs_local_main_task_i=0 (00000000000000000000000000000000)

State 78 file /home/dell/zyworkspace/nichecker/Experiment/remarks2.1_LA_PPR/svp_simple_022/_mt_svp_simple_022_001_result/_cs_svp_simple_022_001_global_var1_rwr_mt_svp_simple_022_001.c line 299 function main_task_0 thread 0
----------------------------------------------------
  __cs_local_main_task_t_1=0 (00000000000000000000000000000000)

State 80 file /home/dell/zyworkspace/nichecker/Experiment/remarks2.1_LA_PPR/svp_simple_022/_mt_svp_simple_022_001_result/_cs_svp_simple_022_001_global_var1_rwr_mt_svp_simple_022_001.c line 317 function main_task_0 thread 0
----------------------------------------------------
  __cs_local_main_task_loop_1_IOVar1=0 (00000000000000000000000000000000)

State 81 file /home/dell/zyworkspace/nichecker/Experiment/remarks2.1_LA_PPR/svp_simple_022/_mt_svp_simple_022_001_result/_cs_svp_simple_022_001_global_var1_rwr_mt_svp_simple_022_001.c line 320 function main_task_0 thread 0
----------------------------------------------------
  __cs_local_main_task_loop_1_block_2=255 (00000000000000000000000011111111)

State 82 file /home/dell/zyworkspace/nichecker/Experiment/remarks2.1_LA_PPR/svp_simple_022/_mt_svp_simple_022_001_result/_cs_svp_simple_022_001_global_var1_rwr_mt_svp_simple_022_001.c line 323 function main_task_0 thread 0
----------------------------------------------------
  __cs_local_main_task_i=255 (00000000000000000000000011111111)

State 85 file /home/dell/zyworkspace/nichecker/Experiment/remarks2.1_LA_PPR/svp_simple_022/_mt_svp_simple_022_001_result/_cs_svp_simple_022_001_global_var1_rwr_mt_svp_simple_022_001.c line 331 function main_task_0 thread 0
----------------------------------------------------
  svp_simple_022_001_global_array[255l]=0 (00000000000000000000000000000000)

State 86 file /home/dell/zyworkspace/nichecker/Experiment/remarks2.1_LA_PPR/svp_simple_022/_mt_svp_simple_022_001_result/_cs_svp_simple_022_001_global_var1_rwr_mt_svp_simple_022_001.c line 337 function main_task_0 thread 0
----------------------------------------------------
  __cs_local_main_task_i=256 (00000000000000000000000100000000)

State 87 file /home/dell/zyworkspace/nichecker/Experiment/remarks2.1_LA_PPR/svp_simple_022/_mt_svp_simple_022_001_result/_cs_svp_simple_022_001_global_var1_rwr_mt_svp_simple_022_001.c line 343 function main_task_0 thread 0
----------------------------------------------------
  __cs_local_main_task_t_1=1 (00000000000000000000000000000001)

State 90 file /home/dell/zyworkspace/nichecker/Experiment/remarks2.1_LA_PPR/svp_simple_022/_mt_svp_simple_022_001_result/_cs_svp_simple_022_001_global_var1_rwr_mt_svp_simple_022_001.c line 351 function main_task_0 thread 0
----------------------------------------------------
  __cs_pc[1l]=3 (011)

State 95 file /home/dell/zyworkspace/nichecker/Experiment/remarks2.1_LA_PPR/svp_simple_022/_mt_svp_simple_022_001_result/_cs_svp_simple_022_001_global_var1_rwr_mt_svp_simple_022_001.c line 409 function main_task_0 thread 0
----------------------------------------------------
  svp_simple_022_001_global_var3=0 (00000000000000000000000000000000)

State 96 file /home/dell/zyworkspace/nichecker/Experiment/remarks2.1_LA_PPR/svp_simple_022/_mt_svp_simple_022_001_result/_cs_svp_simple_022_001_global_var1_rwr_mt_svp_simple_022_001.c line 411 function main_task_0 thread 0
----------------------------------------------------
  rwr_r2=0 (00000000000000000000000000000000)

State 98 file /home/dell/zyworkspace/nichecker/Experiment/remarks2.1_LA_PPR/svp_simple_022/_mt_svp_simple_022_001_result/_cs_svp_simple_022_001_global_var1_rwr_mt_svp_simple_022_001.c line 415 function main_task_0 thread 0
----------------------------------------------------
  rwr_tmp1_num=1 (00000000000000000000000000000001)

State 99 file /home/dell/zyworkspace/nichecker/Experiment/remarks2.1_LA_PPR/svp_simple_022/_mt_svp_simple_022_001_result/_cs_svp_simple_022_001_global_var1_rwr_mt_svp_simple_022_001.c line 416 function main_task_0 thread 0
----------------------------------------------------
  rwr_tmp1=0 (00000000000000000000000000000000)

State 104 file /home/dell/zyworkspace/nichecker/Experiment/remarks2.1_LA_PPR/svp_simple_022/_mt_svp_simple_022_001_result/_cs_svp_simple_022_001_global_var1_rwr_mt_svp_simple_022_001.c line 450 function main_task_0 thread 0
----------------------------------------------------
  __cs_value_ptr=NULL (0000000000000000000000000000000000000000000000000000000000000000)

State 109 file /home/dell/zyworkspace/nichecker/Experiment/remarks2.1_LA_PPR/svp_simple_022/_mt_svp_simple_022_001_result/_cs_svp_simple_022_001_global_var1_rwr_mt_svp_simple_022_001.c line 476 function main thread 0
----------------------------------------------------
  __cs_pc[1l]=4 (100)

State 110 file /home/dell/zyworkspace/nichecker/Experiment/remarks2.1_LA_PPR/svp_simple_022/_mt_svp_simple_022_001_result/_cs_svp_simple_022_001_global_var1_rwr_mt_svp_simple_022_001.c line 482 function main thread 0
----------------------------------------------------
  __cs_tmp_t2_r0=1 (1)

State 112 file /home/dell/zyworkspace/nichecker/Experiment/remarks2.1_LA_PPR/svp_simple_022/_mt_svp_simple_022_001_result/_cs_svp_simple_022_001_global_var1_rwr_mt_svp_simple_022_001.c line 487 function main thread 0
----------------------------------------------------
  __cs_thread_index=2 (10)

State 113 file /home/dell/zyworkspace/nichecker/Experiment/remarks2.1_LA_PPR/svp_simple_022/_mt_svp_simple_022_001_result/_cs_svp_simple_022_001_global_var1_rwr_mt_svp_simple_022_001.c line 489 function main thread 0
----------------------------------------------------
  __cs_pc_cs[2l]=1 (001)

State 118 file /home/dell/zyworkspace/nichecker/Experiment/remarks2.1_LA_PPR/svp_simple_022/_mt_svp_simple_022_001_result/_cs_svp_simple_022_001_global_var1_rwr_mt_svp_simple_022_001.c line 495 function main thread 0
----------------------------------------------------
  __cs_param_svp_simple_022_001_isr_1_arg=NULL (0000000000000000000000000000000000000000000000000000000000000000)

State 120 file /home/dell/zyworkspace/nichecker/Experiment/remarks2.1_LA_PPR/svp_simple_022/_mt_svp_simple_022_001_result/_cs_svp_simple_022_001_global_var1_rwr_mt_svp_simple_022_001.c line 194 function svp_simple_022_001_isr_1_0 thread 0
----------------------------------------------------
  svp_simple_022_001_global_var1=2 (00000000000000000000000000000010)

State 124 file /home/dell/zyworkspace/nichecker/Experiment/remarks2.1_LA_PPR/svp_simple_022/_mt_svp_simple_022_001_result/_cs_svp_simple_022_001_global_var1_rwr_mt_svp_simple_022_001.c line 205 function svp_simple_022_001_isr_1_0 thread 0
----------------------------------------------------
  __cs_value_ptr=NULL (0000000000000000000000000000000000000000000000000000000000000000)

State 129 file /home/dell/zyworkspace/nichecker/Experiment/remarks2.1_LA_PPR/svp_simple_022/_mt_svp_simple_022_001_result/_cs_svp_simple_022_001_global_var1_rwr_mt_svp_simple_022_001.c line 497 function main thread 0
----------------------------------------------------
  __cs_pc[2l]=1 (001)

State 130 file /home/dell/zyworkspace/nichecker/Experiment/remarks2.1_LA_PPR/svp_simple_022/_mt_svp_simple_022_001_result/_cs_svp_simple_022_001_global_var1_rwr_mt_svp_simple_022_001.c line 507 function main thread 0
----------------------------------------------------
  __cs_tmp_t1_r1=6 (110)

State 132 file /home/dell/zyworkspace/nichecker/Experiment/remarks2.1_LA_PPR/svp_simple_022/_mt_svp_simple_022_001_result/_cs_svp_simple_022_001_global_var1_rwr_mt_svp_simple_022_001.c line 512 function main thread 0
----------------------------------------------------
  __cs_thread_index=1 (01)

State 133 file /home/dell/zyworkspace/nichecker/Experiment/remarks2.1_LA_PPR/svp_simple_022/_mt_svp_simple_022_001_result/_cs_svp_simple_022_001_global_var1_rwr_mt_svp_simple_022_001.c line 514 function main thread 0
----------------------------------------------------
  __cs_pc_cs[1l]=6 (110)

State 138 file /home/dell/zyworkspace/nichecker/Experiment/remarks2.1_LA_PPR/svp_simple_022/_mt_svp_simple_022_001_result/_cs_svp_simple_022_001_global_var1_rwr_mt_svp_simple_022_001.c line 520 function main thread 0
----------------------------------------------------
  __cs_param_main_task_arg=NULL (0000000000000000000000000000000000000000000000000000000000000000)

State 144 file /home/dell/zyworkspace/nichecker/Experiment/remarks2.1_LA_PPR/svp_simple_022/_mt_svp_simple_022_001_result/_cs_svp_simple_022_001_global_var1_rwr_mt_svp_simple_022_001.c line 428 function main_task_0 thread 0
----------------------------------------------------
  svp_simple_022_001_global_var3=2 (00000000000000000000000000000010)

State 145 file /home/dell/zyworkspace/nichecker/Experiment/remarks2.1_LA_PPR/svp_simple_022/_mt_svp_simple_022_001_result/_cs_svp_simple_022_001_global_var1_rwr_mt_svp_simple_022_001.c line 430 function main_task_0 thread 0
----------------------------------------------------
  rwr_r3=2 (00000000000000000000000000000010)

Violated property:
  file /home/dell/zyworkspace/nichecker/Experiment/remarks2.1_LA_PPR/svp_simple_022/_mt_svp_simple_022_001_result/_cs_svp_simple_022_001_global_var1_rwr_mt_svp_simple_022_001.c line 432 function main_task_0
  assertion rwr_r3 == rwr_tmp1
  rwr_r3 == rwr_tmp1


** 1 of 3 failed (2 iterations)
VERIFICATION FAILED
