CBMC version 5.6 64-bit x86_64 linux
Parsing /home/dell/zyworkspace/nichecker/Experiment/remarks2.1_LA_PPR/svp_simple_022/_mt_svp_simple_022_001_result/_cs_svp_simple_022_001_global_var1_wwr_mt_svp_simple_022_001.c
<command-line>: warning: "__STDC_VERSION__" redefined
<built-in>: note: this is the location of the previous definition
Converting
Type-checking _cs_svp_simple_022_001_global_var1_wwr_mt_svp_simple_022_001
file /home/dell/zyworkspace/nichecker/Experiment/remarks2.1_LA_PPR/svp_simple_022/_mt_svp_simple_022_001_result/_cs_svp_simple_022_001_global_var1_wwr_mt_svp_simple_022_001.c line 193 function svp_simple_022_001_isr_1_0: function `nondet_rand' is not declared
file /home/dell/zyworkspace/nichecker/Experiment/remarks2.1_LA_PPR/svp_simple_022/_mt_svp_simple_022_001_result/_cs_svp_simple_022_001_global_var1_wwr_mt_svp_simple_022_001.c line 259 function main_task_0: function `assert' is not declared
Generating GOTO Program
Adding CPROVER library (x86_64)
Removal of function pointers and virtual functions
Partial Inlining
Generic Property Instrumentation
Starting Bounded Model Checking
**** WARNING: no body for function enable_isr
size of program expression: 721 steps
simple slicing removed 19 assignments
Generated 9 VCC(s), 9 remaining after simplification
Passing problem to propositional reduction
converting SSA
Running propositional reduction
Post-processing
Solving with MiniSAT 2.2.1 with simplifier
6157 variables, 65392 clauses
SAT checker: instance is SATISFIABLE
Solving with MiniSAT 2.2.1 with simplifier
6157 variables, 6360 clauses
SAT checker: instance is SATISFIABLE
Solving with MiniSAT 2.2.1 with simplifier
6157 variables, 6206 clauses
SAT checker inconsistent: instance is UNSATISFIABLE
Runtime decision procedure: 0.084s

** Results:
[main_task_0.assertion.1] assertion wwr_r1 == wwr_w_tmp1: FAILURE
[main_task_0.assertion.2] assertion wwr_r2 == wwr_w_tmp1: FAILURE
[main_task_0.assertion.3] assertion wwr_r2 == wwr_w_tmp1: SUCCESS

Trace for main_task_0.assertion.1:

State 47 file /home/dell/zyworkspace/nichecker/Experiment/remarks2.1_LA_PPR/svp_simple_022/_mt_svp_simple_022_001_result/_cs_svp_simple_022_001_global_var1_wwr_mt_svp_simple_022_001.c line 468 function main thread 0
----------------------------------------------------
  __cs_tmp_t1_r0=3 (011)

State 49 file /home/dell/zyworkspace/nichecker/Experiment/remarks2.1_LA_PPR/svp_simple_022/_mt_svp_simple_022_001_result/_cs_svp_simple_022_001_global_var1_wwr_mt_svp_simple_022_001.c line 472 function main thread 0
----------------------------------------------------
  __cs_thread_index=1 (01)

State 50 file /home/dell/zyworkspace/nichecker/Experiment/remarks2.1_LA_PPR/svp_simple_022/_mt_svp_simple_022_001_result/_cs_svp_simple_022_001_global_var1_wwr_mt_svp_simple_022_001.c line 474 function main thread 0
----------------------------------------------------
  __cs_pc_cs[1l]=3 (011)

State 55 file /home/dell/zyworkspace/nichecker/Experiment/remarks2.1_LA_PPR/svp_simple_022/_mt_svp_simple_022_001_result/_cs_svp_simple_022_001_global_var1_wwr_mt_svp_simple_022_001.c line 480 function main thread 0
----------------------------------------------------
  __cs_param_main_task_arg=NULL (0000000000000000000000000000000000000000000000000000000000000000)

State 57 file /home/dell/zyworkspace/nichecker/Experiment/remarks2.1_LA_PPR/svp_simple_022/_mt_svp_simple_022_001_result/_cs_svp_simple_022_001_global_var1_wwr_mt_svp_simple_022_001.c line 213 function main_task_0 thread 0
----------------------------------------------------
  svp_simple_022_001_global_var1=0 (00000000000000000000000000000000)

State 59 file /home/dell/zyworkspace/nichecker/Experiment/remarks2.1_LA_PPR/svp_simple_022/_mt_svp_simple_022_001_result/_cs_svp_simple_022_001_global_var1_wwr_mt_svp_simple_022_001.c line 218 function main_task_0 thread 0
----------------------------------------------------
  svp_simple_022_001_global_var2=0 (00000000000000000000000000000000)

State 60 file /home/dell/zyworkspace/nichecker/Experiment/remarks2.1_LA_PPR/svp_simple_022/_mt_svp_simple_022_001_result/_cs_svp_simple_022_001_global_var1_wwr_mt_svp_simple_022_001.c line 221 function main_task_0 thread 0
----------------------------------------------------
  svp_simple_022_001_global_var3=0 (00000000000000000000000000000000)

State 64 file /home/dell/zyworkspace/nichecker/Experiment/remarks2.1_LA_PPR/svp_simple_022/_mt_svp_simple_022_001_result/_cs_svp_simple_022_001_global_var1_wwr_mt_svp_simple_022_001.c line 227 function main_task_0 thread 0
----------------------------------------------------
  __cs_disable_thread[2l]=0 (0)

State 65 file /home/dell/zyworkspace/nichecker/Experiment/remarks2.1_LA_PPR/svp_simple_022/_mt_svp_simple_022_001_result/_cs_svp_simple_022_001_global_var1_wwr_mt_svp_simple_022_001.c line 230 function main_task_0 thread 0
----------------------------------------------------
  __cs_disable_thread[0l]=0 (0)

State 67 file /home/dell/zyworkspace/nichecker/Experiment/remarks2.1_LA_PPR/svp_simple_022/_mt_svp_simple_022_001_result/_cs_svp_simple_022_001_global_var1_wwr_mt_svp_simple_022_001.c line 242 function main_task_0 thread 0
----------------------------------------------------
  svp_simple_022_001_global_var1=0 (00000000000000000000000000000000)

State 68 file /home/dell/zyworkspace/nichecker/Experiment/remarks2.1_LA_PPR/svp_simple_022/_mt_svp_simple_022_001_result/_cs_svp_simple_022_001_global_var1_wwr_mt_svp_simple_022_001.c line 244 function main_task_0 thread 0
----------------------------------------------------
  wwr_w_tmp1_num=1 (00000000000000000000000000000001)

State 69 file /home/dell/zyworkspace/nichecker/Experiment/remarks2.1_LA_PPR/svp_simple_022/_mt_svp_simple_022_001_result/_cs_svp_simple_022_001_global_var1_wwr_mt_svp_simple_022_001.c line 245 function main_task_0 thread 0
----------------------------------------------------
  wwr_w_tmp1=0 (00000000000000000000000000000000)

State 76 file /home/dell/zyworkspace/nichecker/Experiment/remarks2.1_LA_PPR/svp_simple_022/_mt_svp_simple_022_001_result/_cs_svp_simple_022_001_global_var1_wwr_mt_svp_simple_022_001.c line 456 function main_task_0 thread 0
----------------------------------------------------
  __cs_value_ptr=NULL (0000000000000000000000000000000000000000000000000000000000000000)

State 81 file /home/dell/zyworkspace/nichecker/Experiment/remarks2.1_LA_PPR/svp_simple_022/_mt_svp_simple_022_001_result/_cs_svp_simple_022_001_global_var1_wwr_mt_svp_simple_022_001.c line 482 function main thread 0
----------------------------------------------------
  __cs_pc[1l]=3 (011)

State 82 file /home/dell/zyworkspace/nichecker/Experiment/remarks2.1_LA_PPR/svp_simple_022/_mt_svp_simple_022_001_result/_cs_svp_simple_022_001_global_var1_wwr_mt_svp_simple_022_001.c line 488 function main thread 0
----------------------------------------------------
  __cs_tmp_t2_r0=1 (1)

State 84 file /home/dell/zyworkspace/nichecker/Experiment/remarks2.1_LA_PPR/svp_simple_022/_mt_svp_simple_022_001_result/_cs_svp_simple_022_001_global_var1_wwr_mt_svp_simple_022_001.c line 493 function main thread 0
----------------------------------------------------
  __cs_thread_index=2 (10)

State 85 file /home/dell/zyworkspace/nichecker/Experiment/remarks2.1_LA_PPR/svp_simple_022/_mt_svp_simple_022_001_result/_cs_svp_simple_022_001_global_var1_wwr_mt_svp_simple_022_001.c line 495 function main thread 0
----------------------------------------------------
  __cs_pc_cs[2l]=1 (001)

State 90 file /home/dell/zyworkspace/nichecker/Experiment/remarks2.1_LA_PPR/svp_simple_022/_mt_svp_simple_022_001_result/_cs_svp_simple_022_001_global_var1_wwr_mt_svp_simple_022_001.c line 501 function main thread 0
----------------------------------------------------
  __cs_param_svp_simple_022_001_isr_1_arg=NULL (0000000000000000000000000000000000000000000000000000000000000000)

State 92 file /home/dell/zyworkspace/nichecker/Experiment/remarks2.1_LA_PPR/svp_simple_022/_mt_svp_simple_022_001_result/_cs_svp_simple_022_001_global_var1_wwr_mt_svp_simple_022_001.c line 193 function svp_simple_022_001_isr_1_0 thread 0
----------------------------------------------------
  svp_simple_022_001_global_var1=8 (00000000000000000000000000001000)

State 96 file /home/dell/zyworkspace/nichecker/Experiment/remarks2.1_LA_PPR/svp_simple_022/_mt_svp_simple_022_001_result/_cs_svp_simple_022_001_global_var1_wwr_mt_svp_simple_022_001.c line 204 function svp_simple_022_001_isr_1_0 thread 0
----------------------------------------------------
  __cs_value_ptr=NULL (0000000000000000000000000000000000000000000000000000000000000000)

State 101 file /home/dell/zyworkspace/nichecker/Experiment/remarks2.1_LA_PPR/svp_simple_022/_mt_svp_simple_022_001_result/_cs_svp_simple_022_001_global_var1_wwr_mt_svp_simple_022_001.c line 503 function main thread 0
----------------------------------------------------
  __cs_pc[2l]=1 (001)

State 102 file /home/dell/zyworkspace/nichecker/Experiment/remarks2.1_LA_PPR/svp_simple_022/_mt_svp_simple_022_001_result/_cs_svp_simple_022_001_global_var1_wwr_mt_svp_simple_022_001.c line 513 function main thread 0
----------------------------------------------------
  __cs_tmp_t1_r1=7 (111)

State 104 file /home/dell/zyworkspace/nichecker/Experiment/remarks2.1_LA_PPR/svp_simple_022/_mt_svp_simple_022_001_result/_cs_svp_simple_022_001_global_var1_wwr_mt_svp_simple_022_001.c line 518 function main thread 0
----------------------------------------------------
  __cs_thread_index=1 (01)

State 105 file /home/dell/zyworkspace/nichecker/Experiment/remarks2.1_LA_PPR/svp_simple_022/_mt_svp_simple_022_001_result/_cs_svp_simple_022_001_global_var1_wwr_mt_svp_simple_022_001.c line 520 function main thread 0
----------------------------------------------------
  __cs_pc_cs[1l]=7 (111)

State 110 file /home/dell/zyworkspace/nichecker/Experiment/remarks2.1_LA_PPR/svp_simple_022/_mt_svp_simple_022_001_result/_cs_svp_simple_022_001_global_var1_wwr_mt_svp_simple_022_001.c line 526 function main thread 0
----------------------------------------------------
  __cs_param_main_task_arg=NULL (0000000000000000000000000000000000000000000000000000000000000000)

State 115 file /home/dell/zyworkspace/nichecker/Experiment/remarks2.1_LA_PPR/svp_simple_022/_mt_svp_simple_022_001_result/_cs_svp_simple_022_001_global_var1_wwr_mt_svp_simple_022_001.c line 255 function main_task_0 thread 0
----------------------------------------------------
  __cs_local_main_task___cs_tmp_if_cond_0=FALSE (00000000)

State 116 file /home/dell/zyworkspace/nichecker/Experiment/remarks2.1_LA_PPR/svp_simple_022/_mt_svp_simple_022_001_result/_cs_svp_simple_022_001_global_var1_wwr_mt_svp_simple_022_001.c line 257 function main_task_0 thread 0
----------------------------------------------------
  wwr_r1=8 (00000000000000000000000000001000)

Violated property:
  file /home/dell/zyworkspace/nichecker/Experiment/remarks2.1_LA_PPR/svp_simple_022/_mt_svp_simple_022_001_result/_cs_svp_simple_022_001_global_var1_wwr_mt_svp_simple_022_001.c line 259 function main_task_0
  assertion wwr_r1 == wwr_w_tmp1
  wwr_r1 == wwr_w_tmp1


Trace for main_task_0.assertion.2:

State 47 file /home/dell/zyworkspace/nichecker/Experiment/remarks2.1_LA_PPR/svp_simple_022/_mt_svp_simple_022_001_result/_cs_svp_simple_022_001_global_var1_wwr_mt_svp_simple_022_001.c line 468 function main thread 0
----------------------------------------------------
  __cs_tmp_t1_r0=5 (101)

State 49 file /home/dell/zyworkspace/nichecker/Experiment/remarks2.1_LA_PPR/svp_simple_022/_mt_svp_simple_022_001_result/_cs_svp_simple_022_001_global_var1_wwr_mt_svp_simple_022_001.c line 472 function main thread 0
----------------------------------------------------
  __cs_thread_index=1 (01)

State 50 file /home/dell/zyworkspace/nichecker/Experiment/remarks2.1_LA_PPR/svp_simple_022/_mt_svp_simple_022_001_result/_cs_svp_simple_022_001_global_var1_wwr_mt_svp_simple_022_001.c line 474 function main thread 0
----------------------------------------------------
  __cs_pc_cs[1l]=5 (101)

State 55 file /home/dell/zyworkspace/nichecker/Experiment/remarks2.1_LA_PPR/svp_simple_022/_mt_svp_simple_022_001_result/_cs_svp_simple_022_001_global_var1_wwr_mt_svp_simple_022_001.c line 480 function main thread 0
----------------------------------------------------
  __cs_param_main_task_arg=NULL (0000000000000000000000000000000000000000000000000000000000000000)

State 57 file /home/dell/zyworkspace/nichecker/Experiment/remarks2.1_LA_PPR/svp_simple_022/_mt_svp_simple_022_001_result/_cs_svp_simple_022_001_global_var1_wwr_mt_svp_simple_022_001.c line 213 function main_task_0 thread 0
----------------------------------------------------
  svp_simple_022_001_global_var1=0 (00000000000000000000000000000000)

State 59 file /home/dell/zyworkspace/nichecker/Experiment/remarks2.1_LA_PPR/svp_simple_022/_mt_svp_simple_022_001_result/_cs_svp_simple_022_001_global_var1_wwr_mt_svp_simple_022_001.c line 218 function main_task_0 thread 0
----------------------------------------------------
  svp_simple_022_001_global_var2=0 (00000000000000000000000000000000)

State 60 file /home/dell/zyworkspace/nichecker/Experiment/remarks2.1_LA_PPR/svp_simple_022/_mt_svp_simple_022_001_result/_cs_svp_simple_022_001_global_var1_wwr_mt_svp_simple_022_001.c line 221 function main_task_0 thread 0
----------------------------------------------------
  svp_simple_022_001_global_var3=0 (00000000000000000000000000000000)

State 64 file /home/dell/zyworkspace/nichecker/Experiment/remarks2.1_LA_PPR/svp_simple_022/_mt_svp_simple_022_001_result/_cs_svp_simple_022_001_global_var1_wwr_mt_svp_simple_022_001.c line 227 function main_task_0 thread 0
----------------------------------------------------
  __cs_disable_thread[2l]=0 (0)

State 65 file /home/dell/zyworkspace/nichecker/Experiment/remarks2.1_LA_PPR/svp_simple_022/_mt_svp_simple_022_001_result/_cs_svp_simple_022_001_global_var1_wwr_mt_svp_simple_022_001.c line 230 function main_task_0 thread 0
----------------------------------------------------
  __cs_disable_thread[0l]=0 (0)

State 67 file /home/dell/zyworkspace/nichecker/Experiment/remarks2.1_LA_PPR/svp_simple_022/_mt_svp_simple_022_001_result/_cs_svp_simple_022_001_global_var1_wwr_mt_svp_simple_022_001.c line 242 function main_task_0 thread 0
----------------------------------------------------
  svp_simple_022_001_global_var1=0 (00000000000000000000000000000000)

State 68 file /home/dell/zyworkspace/nichecker/Experiment/remarks2.1_LA_PPR/svp_simple_022/_mt_svp_simple_022_001_result/_cs_svp_simple_022_001_global_var1_wwr_mt_svp_simple_022_001.c line 244 function main_task_0 thread 0
----------------------------------------------------
  wwr_w_tmp1_num=1 (00000000000000000000000000000001)

State 69 file /home/dell/zyworkspace/nichecker/Experiment/remarks2.1_LA_PPR/svp_simple_022/_mt_svp_simple_022_001_result/_cs_svp_simple_022_001_global_var1_wwr_mt_svp_simple_022_001.c line 245 function main_task_0 thread 0
----------------------------------------------------
  wwr_w_tmp1=0 (00000000000000000000000000000000)

State 71 file /home/dell/zyworkspace/nichecker/Experiment/remarks2.1_LA_PPR/svp_simple_022/_mt_svp_simple_022_001_result/_cs_svp_simple_022_001_global_var1_wwr_mt_svp_simple_022_001.c line 255 function main_task_0 thread 0
----------------------------------------------------
  __cs_local_main_task___cs_tmp_if_cond_0=FALSE (00000000)

State 72 file /home/dell/zyworkspace/nichecker/Experiment/remarks2.1_LA_PPR/svp_simple_022/_mt_svp_simple_022_001_result/_cs_svp_simple_022_001_global_var1_wwr_mt_svp_simple_022_001.c line 257 function main_task_0 thread 0
----------------------------------------------------
  wwr_r1=0 (00000000000000000000000000000000)

State 75 file /home/dell/zyworkspace/nichecker/Experiment/remarks2.1_LA_PPR/svp_simple_022/_mt_svp_simple_022_001_result/_cs_svp_simple_022_001_global_var1_wwr_mt_svp_simple_022_001.c line 260 function main_task_0 thread 0
----------------------------------------------------
  wwr_w_tmp1_num=0 (00000000000000000000000000000000)

State 78 file /home/dell/zyworkspace/nichecker/Experiment/remarks2.1_LA_PPR/svp_simple_022/_mt_svp_simple_022_001_result/_cs_svp_simple_022_001_global_var1_wwr_mt_svp_simple_022_001.c line 281 function main_task_0 thread 0
----------------------------------------------------
  svp_simple_022_001_global_var1=0 (00000000000000000000000000000000)

State 79 file /home/dell/zyworkspace/nichecker/Experiment/remarks2.1_LA_PPR/svp_simple_022/_mt_svp_simple_022_001_result/_cs_svp_simple_022_001_global_var1_wwr_mt_svp_simple_022_001.c line 283 function main_task_0 thread 0
----------------------------------------------------
  wwr_w_tmp1_num=1 (00000000000000000000000000000001)

State 80 file /home/dell/zyworkspace/nichecker/Experiment/remarks2.1_LA_PPR/svp_simple_022/_mt_svp_simple_022_001_result/_cs_svp_simple_022_001_global_var1_wwr_mt_svp_simple_022_001.c line 284 function main_task_0 thread 0
----------------------------------------------------
  wwr_w_tmp1=0 (00000000000000000000000000000000)

State 85 file /home/dell/zyworkspace/nichecker/Experiment/remarks2.1_LA_PPR/svp_simple_022/_mt_svp_simple_022_001_result/_cs_svp_simple_022_001_global_var1_wwr_mt_svp_simple_022_001.c line 456 function main_task_0 thread 0
----------------------------------------------------
  __cs_value_ptr=NULL (0000000000000000000000000000000000000000000000000000000000000000)

State 90 file /home/dell/zyworkspace/nichecker/Experiment/remarks2.1_LA_PPR/svp_simple_022/_mt_svp_simple_022_001_result/_cs_svp_simple_022_001_global_var1_wwr_mt_svp_simple_022_001.c line 482 function main thread 0
----------------------------------------------------
  __cs_pc[1l]=5 (101)

State 91 file /home/dell/zyworkspace/nichecker/Experiment/remarks2.1_LA_PPR/svp_simple_022/_mt_svp_simple_022_001_result/_cs_svp_simple_022_001_global_var1_wwr_mt_svp_simple_022_001.c line 488 function main thread 0
----------------------------------------------------
  __cs_tmp_t2_r0=1 (1)

State 93 file /home/dell/zyworkspace/nichecker/Experiment/remarks2.1_LA_PPR/svp_simple_022/_mt_svp_simple_022_001_result/_cs_svp_simple_022_001_global_var1_wwr_mt_svp_simple_022_001.c line 493 function main thread 0
----------------------------------------------------
  __cs_thread_index=2 (10)

State 94 file /home/dell/zyworkspace/nichecker/Experiment/remarks2.1_LA_PPR/svp_simple_022/_mt_svp_simple_022_001_result/_cs_svp_simple_022_001_global_var1_wwr_mt_svp_simple_022_001.c line 495 function main thread 0
----------------------------------------------------
  __cs_pc_cs[2l]=1 (001)

State 99 file /home/dell/zyworkspace/nichecker/Experiment/remarks2.1_LA_PPR/svp_simple_022/_mt_svp_simple_022_001_result/_cs_svp_simple_022_001_global_var1_wwr_mt_svp_simple_022_001.c line 501 function main thread 0
----------------------------------------------------
  __cs_param_svp_simple_022_001_isr_1_arg=NULL (0000000000000000000000000000000000000000000000000000000000000000)

State 101 file /home/dell/zyworkspace/nichecker/Experiment/remarks2.1_LA_PPR/svp_simple_022/_mt_svp_simple_022_001_result/_cs_svp_simple_022_001_global_var1_wwr_mt_svp_simple_022_001.c line 193 function svp_simple_022_001_isr_1_0 thread 0
----------------------------------------------------
  svp_simple_022_001_global_var1=-2147483648 (10000000000000000000000000000000)

State 105 file /home/dell/zyworkspace/nichecker/Experiment/remarks2.1_LA_PPR/svp_simple_022/_mt_svp_simple_022_001_result/_cs_svp_simple_022_001_global_var1_wwr_mt_svp_simple_022_001.c line 204 function svp_simple_022_001_isr_1_0 thread 0
----------------------------------------------------
  __cs_value_ptr=NULL (0000000000000000000000000000000000000000000000000000000000000000)

State 110 file /home/dell/zyworkspace/nichecker/Experiment/remarks2.1_LA_PPR/svp_simple_022/_mt_svp_simple_022_001_result/_cs_svp_simple_022_001_global_var1_wwr_mt_svp_simple_022_001.c line 503 function main thread 0
----------------------------------------------------
  __cs_pc[2l]=1 (001)

State 111 file /home/dell/zyworkspace/nichecker/Experiment/remarks2.1_LA_PPR/svp_simple_022/_mt_svp_simple_022_001_result/_cs_svp_simple_022_001_global_var1_wwr_mt_svp_simple_022_001.c line 513 function main thread 0
----------------------------------------------------
  __cs_tmp_t1_r1=7 (111)

State 113 file /home/dell/zyworkspace/nichecker/Experiment/remarks2.1_LA_PPR/svp_simple_022/_mt_svp_simple_022_001_result/_cs_svp_simple_022_001_global_var1_wwr_mt_svp_simple_022_001.c line 518 function main thread 0
----------------------------------------------------
  __cs_thread_index=1 (01)

State 114 file /home/dell/zyworkspace/nichecker/Experiment/remarks2.1_LA_PPR/svp_simple_022/_mt_svp_simple_022_001_result/_cs_svp_simple_022_001_global_var1_wwr_mt_svp_simple_022_001.c line 520 function main thread 0
----------------------------------------------------
  __cs_pc_cs[1l]=7 (111)

State 119 file /home/dell/zyworkspace/nichecker/Experiment/remarks2.1_LA_PPR/svp_simple_022/_mt_svp_simple_022_001_result/_cs_svp_simple_022_001_global_var1_wwr_mt_svp_simple_022_001.c line 526 function main thread 0
----------------------------------------------------
  __cs_param_main_task_arg=NULL (0000000000000000000000000000000000000000000000000000000000000000)

State 127 file /home/dell/zyworkspace/nichecker/Experiment/remarks2.1_LA_PPR/svp_simple_022/_mt_svp_simple_022_001_result/_cs_svp_simple_022_001_global_var1_wwr_mt_svp_simple_022_001.c line 303 function main_task_0 thread 0
----------------------------------------------------
  __cs_local_main_task_i=0 (00000000000000000000000000000000)

State 128 file /home/dell/zyworkspace/nichecker/Experiment/remarks2.1_LA_PPR/svp_simple_022/_mt_svp_simple_022_001_result/_cs_svp_simple_022_001_global_var1_wwr_mt_svp_simple_022_001.c line 311 function main_task_0 thread 0
----------------------------------------------------
  __cs_local_main_task_t_1=0 (00000000000000000000000000000000)

State 130 file /home/dell/zyworkspace/nichecker/Experiment/remarks2.1_LA_PPR/svp_simple_022/_mt_svp_simple_022_001_result/_cs_svp_simple_022_001_global_var1_wwr_mt_svp_simple_022_001.c line 329 function main_task_0 thread 0
----------------------------------------------------
  __cs_local_main_task_loop_1_IOVar1=0 (00000000000000000000000000000000)

State 131 file /home/dell/zyworkspace/nichecker/Experiment/remarks2.1_LA_PPR/svp_simple_022/_mt_svp_simple_022_001_result/_cs_svp_simple_022_001_global_var1_wwr_mt_svp_simple_022_001.c line 332 function main_task_0 thread 0
----------------------------------------------------
  __cs_local_main_task_loop_1_block_2=255 (00000000000000000000000011111111)

State 132 file /home/dell/zyworkspace/nichecker/Experiment/remarks2.1_LA_PPR/svp_simple_022/_mt_svp_simple_022_001_result/_cs_svp_simple_022_001_global_var1_wwr_mt_svp_simple_022_001.c line 335 function main_task_0 thread 0
----------------------------------------------------
  __cs_local_main_task_i=255 (00000000000000000000000011111111)

State 135 file /home/dell/zyworkspace/nichecker/Experiment/remarks2.1_LA_PPR/svp_simple_022/_mt_svp_simple_022_001_result/_cs_svp_simple_022_001_global_var1_wwr_mt_svp_simple_022_001.c line 343 function main_task_0 thread 0
----------------------------------------------------
  svp_simple_022_001_global_array[255l]=0 (00000000000000000000000000000000)

State 136 file /home/dell/zyworkspace/nichecker/Experiment/remarks2.1_LA_PPR/svp_simple_022/_mt_svp_simple_022_001_result/_cs_svp_simple_022_001_global_var1_wwr_mt_svp_simple_022_001.c line 349 function main_task_0 thread 0
----------------------------------------------------
  __cs_local_main_task_i=256 (00000000000000000000000100000000)

State 137 file /home/dell/zyworkspace/nichecker/Experiment/remarks2.1_LA_PPR/svp_simple_022/_mt_svp_simple_022_001_result/_cs_svp_simple_022_001_global_var1_wwr_mt_svp_simple_022_001.c line 355 function main_task_0 thread 0
----------------------------------------------------
  __cs_local_main_task_t_1=1 (00000000000000000000000000000001)

State 140 file /home/dell/zyworkspace/nichecker/Experiment/remarks2.1_LA_PPR/svp_simple_022/_mt_svp_simple_022_001_result/_cs_svp_simple_022_001_global_var1_wwr_mt_svp_simple_022_001.c line 363 function main_task_0 thread 0
----------------------------------------------------
  __cs_pc[1l]=6 (110)

State 145 file /home/dell/zyworkspace/nichecker/Experiment/remarks2.1_LA_PPR/svp_simple_022/_mt_svp_simple_022_001_result/_cs_svp_simple_022_001_global_var1_wwr_mt_svp_simple_022_001.c line 421 function main_task_0 thread 0
----------------------------------------------------
  svp_simple_022_001_global_var3=-2147483648 (10000000000000000000000000000000)

State 146 file /home/dell/zyworkspace/nichecker/Experiment/remarks2.1_LA_PPR/svp_simple_022/_mt_svp_simple_022_001_result/_cs_svp_simple_022_001_global_var1_wwr_mt_svp_simple_022_001.c line 423 function main_task_0 thread 0
----------------------------------------------------
  wwr_r2=-2147483648 (10000000000000000000000000000000)

Violated property:
  file /home/dell/zyworkspace/nichecker/Experiment/remarks2.1_LA_PPR/svp_simple_022/_mt_svp_simple_022_001_result/_cs_svp_simple_022_001_global_var1_wwr_mt_svp_simple_022_001.c line 425 function main_task_0
  assertion wwr_r2 == wwr_w_tmp1
  wwr_r2 == wwr_w_tmp1


** 2 of 3 failed (3 iterations)
VERIFICATION FAILED
