CBMC version 5.6 64-bit x86_64 linux
Parsing /home/dell/zyworkspace/nichecker/Experiment/remarks2.1_LA/svp_simple_019/_mt_svp_simple_019_001_result/_cs_svp_simple_019_001_global_var1_rwr_mt_svp_simple_019_001.c
<command-line>: warning: "__STDC_VERSION__" redefined
<built-in>: note: this is the location of the previous definition
Converting
Type-checking _cs_svp_simple_019_001_global_var1_rwr_mt_svp_simple_019_001
file /home/dell/zyworkspace/nichecker/Experiment/remarks2.1_LA/svp_simple_019/_mt_svp_simple_019_001_result/_cs_svp_simple_019_001_global_var1_rwr_mt_svp_simple_019_001.c line 218 function main_task_0: function `nondet_rand' is not declared
file /home/dell/zyworkspace/nichecker/Experiment/remarks2.1_LA/svp_simple_019/_mt_svp_simple_019_001_result/_cs_svp_simple_019_001_global_var1_rwr_mt_svp_simple_019_001.c line 278 function main_task_0: function `assert' is not declared
Generating GOTO Program
Adding CPROVER library (x86_64)
Removal of function pointers and virtual functions
Partial Inlining
Generic Property Instrumentation
Starting Bounded Model Checking
**** WARNING: no body for function enable_isr
**** WARNING: no body for function disable_isr
size of program expression: 1100 steps
simple slicing removed 65 assignments
Generated 8 VCC(s), 8 remaining after simplification
Passing problem to propositional reduction
converting SSA
Running propositional reduction
Post-processing
Solving with MiniSAT 2.2.1 with simplifier
14197 variables, 48237 clauses
SAT checker: instance is SATISFIABLE
Solving with MiniSAT 2.2.1 with simplifier
14197 variables, 23631 clauses
SAT checker: instance is UNSATISFIABLE
Runtime decision procedure: 0.084s

** Results:
[main_task_0.assertion.1] assertion rwr_r1 == rwr_tmp1: SUCCESS
[main_task_0.assertion.2] assertion rwr_r2 == rwr_tmp1: FAILURE
[main_task_0.assertion.3] assertion rwr_r3 == rwr_tmp1: SUCCESS

Trace for main_task_0.assertion.2:

State 71 file /home/dell/zyworkspace/nichecker/Experiment/remarks2.1_LA/svp_simple_019/_mt_svp_simple_019_001_result/_cs_svp_simple_019_001_global_var1_rwr_mt_svp_simple_019_001.c line 770 function main thread 0
----------------------------------------------------
  __cs_tmp_t1_r0=12 (01100)

State 73 file /home/dell/zyworkspace/nichecker/Experiment/remarks2.1_LA/svp_simple_019/_mt_svp_simple_019_001_result/_cs_svp_simple_019_001_global_var1_rwr_mt_svp_simple_019_001.c line 774 function main thread 0
----------------------------------------------------
  __cs_thread_index=1 (01)

State 74 file /home/dell/zyworkspace/nichecker/Experiment/remarks2.1_LA/svp_simple_019/_mt_svp_simple_019_001_result/_cs_svp_simple_019_001_global_var1_rwr_mt_svp_simple_019_001.c line 776 function main thread 0
----------------------------------------------------
  __cs_pc_cs[1l]=12 (01100)

State 79 file /home/dell/zyworkspace/nichecker/Experiment/remarks2.1_LA/svp_simple_019/_mt_svp_simple_019_001_result/_cs_svp_simple_019_001_global_var1_rwr_mt_svp_simple_019_001.c line 782 function main thread 0
----------------------------------------------------
  __cs_param_main_task_arg=NULL (0000000000000000000000000000000000000000000000000000000000000000)

State 84 file /home/dell/zyworkspace/nichecker/Experiment/remarks2.1_LA/svp_simple_019/_mt_svp_simple_019_001_result/_cs_svp_simple_019_001_global_var1_rwr_mt_svp_simple_019_001.c line 205 function main_task_0 thread 0
----------------------------------------------------
  __cs_disable_thread[2l]=0 (0)

State 85 file /home/dell/zyworkspace/nichecker/Experiment/remarks2.1_LA/svp_simple_019/_mt_svp_simple_019_001_result/_cs_svp_simple_019_001_global_var1_rwr_mt_svp_simple_019_001.c line 208 function main_task_0 thread 0
----------------------------------------------------
  __cs_disable_thread[0l]=0 (0)

State 89 file /home/dell/zyworkspace/nichecker/Experiment/remarks2.1_LA/svp_simple_019/_mt_svp_simple_019_001_result/_cs_svp_simple_019_001_global_var1_rwr_mt_svp_simple_019_001.c line 218 function main_task_0 thread 0
----------------------------------------------------
  svp_simple_019_001_global_para1=2 (00000000000000000000000000000010)

State 93 file /home/dell/zyworkspace/nichecker/Experiment/remarks2.1_LA/svp_simple_019/_mt_svp_simple_019_001_result/_cs_svp_simple_019_001_global_var1_rwr_mt_svp_simple_019_001.c line 223 function main_task_0 thread 0
----------------------------------------------------
  svp_simple_019_001_global_para2=3 (00000000000000000000000000000011)

State 97 file /home/dell/zyworkspace/nichecker/Experiment/remarks2.1_LA/svp_simple_019/_mt_svp_simple_019_001_result/_cs_svp_simple_019_001_global_var1_rwr_mt_svp_simple_019_001.c line 228 function main_task_0 thread 0
----------------------------------------------------
  svp_simple_019_001_global_para3=0 (00000000000000000000000000000000)

State 99 file /home/dell/zyworkspace/nichecker/Experiment/remarks2.1_LA/svp_simple_019/_mt_svp_simple_019_001_result/_cs_svp_simple_019_001_global_var1_rwr_mt_svp_simple_019_001.c line 232 function main_task_0 thread 0
----------------------------------------------------
  svp_simple_019_001_global_var1=0 (00000000000000000000000000000000)

State 101 file /home/dell/zyworkspace/nichecker/Experiment/remarks2.1_LA/svp_simple_019/_mt_svp_simple_019_001_result/_cs_svp_simple_019_001_global_var1_rwr_mt_svp_simple_019_001.c line 239 function main_task_0 thread 0
----------------------------------------------------
  __cs_local_main_task___cs_tmp_if_cond_0=FALSE (00000000)

State 105 file /home/dell/zyworkspace/nichecker/Experiment/remarks2.1_LA/svp_simple_019/_mt_svp_simple_019_001_result/_cs_svp_simple_019_001_global_var1_rwr_mt_svp_simple_019_001.c line 258 function main_task_0 thread 0
----------------------------------------------------
  __cs_local_main_task_reader2=0 (00000000000000000000000000000000)

State 107 file /home/dell/zyworkspace/nichecker/Experiment/remarks2.1_LA/svp_simple_019/_mt_svp_simple_019_001_result/_cs_svp_simple_019_001_global_var1_rwr_mt_svp_simple_019_001.c line 265 function main_task_0 thread 0
----------------------------------------------------
  __cs_local_main_task___cs_tmp_if_cond_1=TRUE (00000001)

State 110 file /home/dell/zyworkspace/nichecker/Experiment/remarks2.1_LA/svp_simple_019/_mt_svp_simple_019_001_result/_cs_svp_simple_019_001_global_var1_rwr_mt_svp_simple_019_001.c line 274 function main_task_0 thread 0
----------------------------------------------------
  __cs_local_main_task_reader3=0 (00000000000000000000000000000000)

State 111 file /home/dell/zyworkspace/nichecker/Experiment/remarks2.1_LA/svp_simple_019/_mt_svp_simple_019_001_result/_cs_svp_simple_019_001_global_var1_rwr_mt_svp_simple_019_001.c line 276 function main_task_0 thread 0
----------------------------------------------------
  rwr_r1=0 (00000000000000000000000000000000)

State 113 file /home/dell/zyworkspace/nichecker/Experiment/remarks2.1_LA/svp_simple_019/_mt_svp_simple_019_001_result/_cs_svp_simple_019_001_global_var1_rwr_mt_svp_simple_019_001.c line 280 function main_task_0 thread 0
----------------------------------------------------
  rwr_tmp1_num=1 (00000000000000000000000000000001)

State 114 file /home/dell/zyworkspace/nichecker/Experiment/remarks2.1_LA/svp_simple_019/_mt_svp_simple_019_001_result/_cs_svp_simple_019_001_global_var1_rwr_mt_svp_simple_019_001.c line 281 function main_task_0 thread 0
----------------------------------------------------
  rwr_tmp1=0 (00000000000000000000000000000000)

State 116 file /home/dell/zyworkspace/nichecker/Experiment/remarks2.1_LA/svp_simple_019/_mt_svp_simple_019_001_result/_cs_svp_simple_019_001_global_var1_rwr_mt_svp_simple_019_001.c line 292 function main_task_0 thread 0
----------------------------------------------------
  __cs_local_main_task_i=0 (00000000000000000000000000000000)

State 117 file /home/dell/zyworkspace/nichecker/Experiment/remarks2.1_LA/svp_simple_019/_mt_svp_simple_019_001_result/_cs_svp_simple_019_001_global_var1_rwr_mt_svp_simple_019_001.c line 295 function main_task_0 thread 0
----------------------------------------------------
  __cs_local_main_task_i=0 (00000000000000000000000000000000)

State 118 file /home/dell/zyworkspace/nichecker/Experiment/remarks2.1_LA/svp_simple_019/_mt_svp_simple_019_001_result/_cs_svp_simple_019_001_global_var1_rwr_mt_svp_simple_019_001.c line 303 function main_task_0 thread 0
----------------------------------------------------
  __cs_local_main_task_t_1=0 (00000000000000000000000000000000)

State 120 file /home/dell/zyworkspace/nichecker/Experiment/remarks2.1_LA/svp_simple_019/_mt_svp_simple_019_001_result/_cs_svp_simple_019_001_global_var1_rwr_mt_svp_simple_019_001.c line 321 function main_task_0 thread 0
----------------------------------------------------
  __cs_local_main_task_loop_1_IOVar1=0 (00000000000000000000000000000000)

State 121 file /home/dell/zyworkspace/nichecker/Experiment/remarks2.1_LA/svp_simple_019/_mt_svp_simple_019_001_result/_cs_svp_simple_019_001_global_var1_rwr_mt_svp_simple_019_001.c line 324 function main_task_0 thread 0
----------------------------------------------------
  __cs_local_main_task_loop_1_block_1=100 (00000000000000000000000001100100)

State 122 file /home/dell/zyworkspace/nichecker/Experiment/remarks2.1_LA/svp_simple_019/_mt_svp_simple_019_001_result/_cs_svp_simple_019_001_global_var1_rwr_mt_svp_simple_019_001.c line 327 function main_task_0 thread 0
----------------------------------------------------
  __cs_local_main_task_i=100 (00000000000000000000000001100100)

State 125 file /home/dell/zyworkspace/nichecker/Experiment/remarks2.1_LA/svp_simple_019/_mt_svp_simple_019_001_result/_cs_svp_simple_019_001_global_var1_rwr_mt_svp_simple_019_001.c line 338 function main_task_0 thread 0
----------------------------------------------------
  __cs_local_main_task_i=101 (00000000000000000000000001100101)

State 126 file /home/dell/zyworkspace/nichecker/Experiment/remarks2.1_LA/svp_simple_019/_mt_svp_simple_019_001_result/_cs_svp_simple_019_001_global_var1_rwr_mt_svp_simple_019_001.c line 344 function main_task_0 thread 0
----------------------------------------------------
  __cs_local_main_task_t_1=1 (00000000000000000000000000000001)

State 129 file /home/dell/zyworkspace/nichecker/Experiment/remarks2.1_LA/svp_simple_019/_mt_svp_simple_019_001_result/_cs_svp_simple_019_001_global_var1_rwr_mt_svp_simple_019_001.c line 352 function main_task_0 thread 0
----------------------------------------------------
  __cs_pc[1l]=10 (01010)

State 137 file /home/dell/zyworkspace/nichecker/Experiment/remarks2.1_LA/svp_simple_019/_mt_svp_simple_019_001_result/_cs_svp_simple_019_001_global_var1_rwr_mt_svp_simple_019_001.c line 410 function main_task_0 thread 0
----------------------------------------------------
  __cs_disable_thread[2l]=1 (1)

State 139 file /home/dell/zyworkspace/nichecker/Experiment/remarks2.1_LA/svp_simple_019/_mt_svp_simple_019_001_result/_cs_svp_simple_019_001_global_var1_rwr_mt_svp_simple_019_001.c line 419 function main_task_0 thread 0
----------------------------------------------------
  __cs_local_main_task___cs_tmp_if_cond_2=TRUE (00000001)

State 144 file /home/dell/zyworkspace/nichecker/Experiment/remarks2.1_LA/svp_simple_019/_mt_svp_simple_019_001_result/_cs_svp_simple_019_001_global_var1_rwr_mt_svp_simple_019_001.c line 428 function main_task_0 thread 0
----------------------------------------------------
  __cs_disable_thread[2l]=0 (0)

State 151 file /home/dell/zyworkspace/nichecker/Experiment/remarks2.1_LA/svp_simple_019/_mt_svp_simple_019_001_result/_cs_svp_simple_019_001_global_var1_rwr_mt_svp_simple_019_001.c line 621 function main_task_0 thread 0
----------------------------------------------------
  __cs_value_ptr=NULL (0000000000000000000000000000000000000000000000000000000000000000)

State 156 file /home/dell/zyworkspace/nichecker/Experiment/remarks2.1_LA/svp_simple_019/_mt_svp_simple_019_001_result/_cs_svp_simple_019_001_global_var1_rwr_mt_svp_simple_019_001.c line 784 function main thread 0
----------------------------------------------------
  __cs_pc[1l]=12 (01100)

State 157 file /home/dell/zyworkspace/nichecker/Experiment/remarks2.1_LA/svp_simple_019/_mt_svp_simple_019_001_result/_cs_svp_simple_019_001_global_var1_rwr_mt_svp_simple_019_001.c line 790 function main thread 0
----------------------------------------------------
  __cs_tmp_t2_r0=1 (1)

State 159 file /home/dell/zyworkspace/nichecker/Experiment/remarks2.1_LA/svp_simple_019/_mt_svp_simple_019_001_result/_cs_svp_simple_019_001_global_var1_rwr_mt_svp_simple_019_001.c line 795 function main thread 0
----------------------------------------------------
  __cs_thread_index=2 (10)

State 160 file /home/dell/zyworkspace/nichecker/Experiment/remarks2.1_LA/svp_simple_019/_mt_svp_simple_019_001_result/_cs_svp_simple_019_001_global_var1_rwr_mt_svp_simple_019_001.c line 797 function main thread 0
----------------------------------------------------
  __cs_pc_cs[2l]=1 (00001)

State 165 file /home/dell/zyworkspace/nichecker/Experiment/remarks2.1_LA/svp_simple_019/_mt_svp_simple_019_001_result/_cs_svp_simple_019_001_global_var1_rwr_mt_svp_simple_019_001.c line 803 function main thread 0
----------------------------------------------------
  __cs_param_svp_simple_019_001_isr_1_arg=NULL (0000000000000000000000000000000000000000000000000000000000000000)

State 167 file /home/dell/zyworkspace/nichecker/Experiment/remarks2.1_LA/svp_simple_019/_mt_svp_simple_019_001_result/_cs_svp_simple_019_001_global_var1_rwr_mt_svp_simple_019_001.c line 634 function svp_simple_019_001_isr_1_0 thread 0
----------------------------------------------------
  __cs_local_svp_simple_019_001_isr_1_i=0 (00000000000000000000000000000000)

State 168 file /home/dell/zyworkspace/nichecker/Experiment/remarks2.1_LA/svp_simple_019/_mt_svp_simple_019_001_result/_cs_svp_simple_019_001_global_var1_rwr_mt_svp_simple_019_001.c line 636 function svp_simple_019_001_isr_1_0 thread 0
----------------------------------------------------
  __cs_local_svp_simple_019_001_isr_1_i=0 (00000000000000000000000000000000)

State 169 file /home/dell/zyworkspace/nichecker/Experiment/remarks2.1_LA/svp_simple_019/_mt_svp_simple_019_001_result/_cs_svp_simple_019_001_global_var1_rwr_mt_svp_simple_019_001.c line 643 function svp_simple_019_001_isr_1_0 thread 0
----------------------------------------------------
  __cs_local_svp_simple_019_001_isr_1_t_3=0 (00000000000000000000000000000000)

State 171 file /home/dell/zyworkspace/nichecker/Experiment/remarks2.1_LA/svp_simple_019/_mt_svp_simple_019_001_result/_cs_svp_simple_019_001_global_var1_rwr_mt_svp_simple_019_001.c line 658 function svp_simple_019_001_isr_1_0 thread 0
----------------------------------------------------
  __cs_local_svp_simple_019_001_isr_1_loop_3_IOVar1=0 (00000000000000000000000000000000)

State 172 file /home/dell/zyworkspace/nichecker/Experiment/remarks2.1_LA/svp_simple_019/_mt_svp_simple_019_001_result/_cs_svp_simple_019_001_global_var1_rwr_mt_svp_simple_019_001.c line 660 function svp_simple_019_001_isr_1_0 thread 0
----------------------------------------------------
  __cs_local_svp_simple_019_001_isr_1_loop_3_block_1=100 (00000000000000000000000001100100)

State 173 file /home/dell/zyworkspace/nichecker/Experiment/remarks2.1_LA/svp_simple_019/_mt_svp_simple_019_001_result/_cs_svp_simple_019_001_global_var1_rwr_mt_svp_simple_019_001.c line 662 function svp_simple_019_001_isr_1_0 thread 0
----------------------------------------------------
  __cs_local_svp_simple_019_001_isr_1_i=100 (00000000000000000000000001100100)

State 176 file /home/dell/zyworkspace/nichecker/Experiment/remarks2.1_LA/svp_simple_019/_mt_svp_simple_019_001_result/_cs_svp_simple_019_001_global_var1_rwr_mt_svp_simple_019_001.c line 673 function svp_simple_019_001_isr_1_0 thread 0
----------------------------------------------------
  __cs_local_svp_simple_019_001_isr_1_i=101 (00000000000000000000000001100101)

State 177 file /home/dell/zyworkspace/nichecker/Experiment/remarks2.1_LA/svp_simple_019/_mt_svp_simple_019_001_result/_cs_svp_simple_019_001_global_var1_rwr_mt_svp_simple_019_001.c line 678 function svp_simple_019_001_isr_1_0 thread 0
----------------------------------------------------
  __cs_local_svp_simple_019_001_isr_1_t_3=1 (00000000000000000000000000000001)

State 182 file /home/dell/zyworkspace/nichecker/Experiment/remarks2.1_LA/svp_simple_019/_mt_svp_simple_019_001_result/_cs_svp_simple_019_001_global_var1_rwr_mt_svp_simple_019_001.c line 734 function svp_simple_019_001_isr_1_0 thread 0
----------------------------------------------------
  __cs_local_svp_simple_019_001_isr_1___cs_tmp_if_cond_4=TRUE (00000001)

State 184 file /home/dell/zyworkspace/nichecker/Experiment/remarks2.1_LA/svp_simple_019/_mt_svp_simple_019_001_result/_cs_svp_simple_019_001_global_var1_rwr_mt_svp_simple_019_001.c line 740 function svp_simple_019_001_isr_1_0 thread 0
----------------------------------------------------
  svp_simple_019_001_global_var2=85 (00000000000000000000000001010101)

State 185 file /home/dell/zyworkspace/nichecker/Experiment/remarks2.1_LA/svp_simple_019/_mt_svp_simple_019_001_result/_cs_svp_simple_019_001_global_var1_rwr_mt_svp_simple_019_001.c line 746 function svp_simple_019_001_isr_1_0 thread 0
----------------------------------------------------
  svp_simple_019_001_global_condition3=1 (00000000000000000000000000000001)

State 186 file /home/dell/zyworkspace/nichecker/Experiment/remarks2.1_LA/svp_simple_019/_mt_svp_simple_019_001_result/_cs_svp_simple_019_001_global_var1_rwr_mt_svp_simple_019_001.c line 747 function svp_simple_019_001_isr_1_0 thread 0
----------------------------------------------------
  svp_simple_019_001_global_var1=1 (00000000000000000000000000000001)

State 190 file /home/dell/zyworkspace/nichecker/Experiment/remarks2.1_LA/svp_simple_019/_mt_svp_simple_019_001_result/_cs_svp_simple_019_001_global_var1_rwr_mt_svp_simple_019_001.c line 758 function svp_simple_019_001_isr_1_0 thread 0
----------------------------------------------------
  __cs_value_ptr=NULL (0000000000000000000000000000000000000000000000000000000000000000)

State 195 file /home/dell/zyworkspace/nichecker/Experiment/remarks2.1_LA/svp_simple_019/_mt_svp_simple_019_001_result/_cs_svp_simple_019_001_global_var1_rwr_mt_svp_simple_019_001.c line 805 function main thread 0
----------------------------------------------------
  __cs_pc[2l]=1 (00001)

State 196 file /home/dell/zyworkspace/nichecker/Experiment/remarks2.1_LA/svp_simple_019/_mt_svp_simple_019_001_result/_cs_svp_simple_019_001_global_var1_rwr_mt_svp_simple_019_001.c line 815 function main thread 0
----------------------------------------------------
  __cs_tmp_t1_r1=12 (01100)

State 198 file /home/dell/zyworkspace/nichecker/Experiment/remarks2.1_LA/svp_simple_019/_mt_svp_simple_019_001_result/_cs_svp_simple_019_001_global_var1_rwr_mt_svp_simple_019_001.c line 820 function main thread 0
----------------------------------------------------
  __cs_thread_index=1 (01)

State 199 file /home/dell/zyworkspace/nichecker/Experiment/remarks2.1_LA/svp_simple_019/_mt_svp_simple_019_001_result/_cs_svp_simple_019_001_global_var1_rwr_mt_svp_simple_019_001.c line 822 function main thread 0
----------------------------------------------------
  __cs_pc_cs[1l]=12 (01100)

State 204 file /home/dell/zyworkspace/nichecker/Experiment/remarks2.1_LA/svp_simple_019/_mt_svp_simple_019_001_result/_cs_svp_simple_019_001_global_var1_rwr_mt_svp_simple_019_001.c line 828 function main thread 0
----------------------------------------------------
  __cs_param_main_task_arg=NULL (0000000000000000000000000000000000000000000000000000000000000000)

State 223 file /home/dell/zyworkspace/nichecker/Experiment/remarks2.1_LA/svp_simple_019/_mt_svp_simple_019_001_result/_cs_svp_simple_019_001_global_var1_rwr_mt_svp_simple_019_001.c line 621 function main_task_0 thread 0
----------------------------------------------------
  __cs_value_ptr=NULL (0000000000000000000000000000000000000000000000000000000000000000)

State 228 file /home/dell/zyworkspace/nichecker/Experiment/remarks2.1_LA/svp_simple_019/_mt_svp_simple_019_001_result/_cs_svp_simple_019_001_global_var1_rwr_mt_svp_simple_019_001.c line 830 function main thread 0
----------------------------------------------------
  __cs_pc[1l]=12 (01100)

State 229 file /home/dell/zyworkspace/nichecker/Experiment/remarks2.1_LA/svp_simple_019/_mt_svp_simple_019_001_result/_cs_svp_simple_019_001_global_var1_rwr_mt_svp_simple_019_001.c line 836 function main thread 0
----------------------------------------------------
  __cs_tmp_t2_r1=1 (1)

State 231 file /home/dell/zyworkspace/nichecker/Experiment/remarks2.1_LA/svp_simple_019/_mt_svp_simple_019_001_result/_cs_svp_simple_019_001_global_var1_rwr_mt_svp_simple_019_001.c line 841 function main thread 0
----------------------------------------------------
  __cs_thread_index=2 (10)

State 232 file /home/dell/zyworkspace/nichecker/Experiment/remarks2.1_LA/svp_simple_019/_mt_svp_simple_019_001_result/_cs_svp_simple_019_001_global_var1_rwr_mt_svp_simple_019_001.c line 843 function main thread 0
----------------------------------------------------
  __cs_pc_cs[2l]=1 (00001)

State 237 file /home/dell/zyworkspace/nichecker/Experiment/remarks2.1_LA/svp_simple_019/_mt_svp_simple_019_001_result/_cs_svp_simple_019_001_global_var1_rwr_mt_svp_simple_019_001.c line 849 function main thread 0
----------------------------------------------------
  __cs_param_svp_simple_019_001_isr_1_arg=NULL (0000000000000000000000000000000000000000000000000000000000000000)

State 241 file /home/dell/zyworkspace/nichecker/Experiment/remarks2.1_LA/svp_simple_019/_mt_svp_simple_019_001_result/_cs_svp_simple_019_001_global_var1_rwr_mt_svp_simple_019_001.c line 758 function svp_simple_019_001_isr_1_0 thread 0
----------------------------------------------------
  __cs_value_ptr=NULL (0000000000000000000000000000000000000000000000000000000000000000)

State 246 file /home/dell/zyworkspace/nichecker/Experiment/remarks2.1_LA/svp_simple_019/_mt_svp_simple_019_001_result/_cs_svp_simple_019_001_global_var1_rwr_mt_svp_simple_019_001.c line 851 function main thread 0
----------------------------------------------------
  __cs_pc[2l]=1 (00001)

State 247 file /home/dell/zyworkspace/nichecker/Experiment/remarks2.1_LA/svp_simple_019/_mt_svp_simple_019_001_result/_cs_svp_simple_019_001_global_var1_rwr_mt_svp_simple_019_001.c line 855 function main thread 0
----------------------------------------------------
  __cs_tmp_t1_r2=16u (00000000000000000000000000010000)

State 249 file /home/dell/zyworkspace/nichecker/Experiment/remarks2.1_LA/svp_simple_019/_mt_svp_simple_019_001_result/_cs_svp_simple_019_001_global_var1_rwr_mt_svp_simple_019_001.c line 860 function main thread 0
----------------------------------------------------
  __cs_thread_index=1 (01)

State 250 file /home/dell/zyworkspace/nichecker/Experiment/remarks2.1_LA/svp_simple_019/_mt_svp_simple_019_001_result/_cs_svp_simple_019_001_global_var1_rwr_mt_svp_simple_019_001.c line 862 function main thread 0
----------------------------------------------------
  __cs_pc_cs[1l]=16 (10000)

State 255 file /home/dell/zyworkspace/nichecker/Experiment/remarks2.1_LA/svp_simple_019/_mt_svp_simple_019_001_result/_cs_svp_simple_019_001_global_var1_rwr_mt_svp_simple_019_001.c line 868 function main thread 0
----------------------------------------------------
  __cs_param_main_task_arg=NULL (0000000000000000000000000000000000000000000000000000000000000000)

State 269 file /home/dell/zyworkspace/nichecker/Experiment/remarks2.1_LA/svp_simple_019/_mt_svp_simple_019_001_result/_cs_svp_simple_019_001_global_var1_rwr_mt_svp_simple_019_001.c line 435 function main_task_0 thread 0
----------------------------------------------------
  __cs_local_main_task_reader4=1 (00000000000000000000000000000001)

State 270 file /home/dell/zyworkspace/nichecker/Experiment/remarks2.1_LA/svp_simple_019/_mt_svp_simple_019_001_result/_cs_svp_simple_019_001_global_var1_rwr_mt_svp_simple_019_001.c line 437 function main_task_0 thread 0
----------------------------------------------------
  rwr_r2=1 (00000000000000000000000000000001)

Violated property:
  file /home/dell/zyworkspace/nichecker/Experiment/remarks2.1_LA/svp_simple_019/_mt_svp_simple_019_001_result/_cs_svp_simple_019_001_global_var1_rwr_mt_svp_simple_019_001.c line 439 function main_task_0
  assertion rwr_r2 == rwr_tmp1
  rwr_r2 == rwr_tmp1


** 1 of 3 failed (2 iterations)
VERIFICATION FAILED
