2023-10-16 17:09:30
SVPCheck: True	LoopAbstraction: True	LabelReduction: False	Slice: False	

SVPCheck var: svp_simple_019_001_global_var1	pattern: rwr
--------------------------Run start-------------------------------
inliner
slice
LoopAbstraction
unroller
insertLabel
lazyseq
feeder  0.306
[91mUNSAFE[0m, counterexample: 1, time: 2.013 s, memory: 34.21 MB
--------------------------Run end---------------------------------
SVPCheck var: svp_simple_019_001_global_var2	pattern: rwr
--------------------------Run start-------------------------------
inliner
slice
LoopAbstraction
unroller
insertLabel
lazyseq
feeder  0.328
[92mSAFE[0m, counterexample: 0, time: 2.033 s, memory: 34.11 MB
--------------------------Run end---------------------------------
SVPCheck var: svp_simple_019_001_global_condition3	pattern: rwr
--------------------------Run start-------------------------------
inliner
slice
LoopAbstraction
unroller
insertLabel
lazyseq
feeder  0.294
[92mSAFE[0m, counterexample: 0, time: 2.150 s, memory: 34.29 MB
--------------------------Run end---------------------------------
cbmcTimeSum: 0.928
modulesTimeSum: 6.196
