CBMC version 5.6 64-bit x86_64 linux
Parsing /home/dell/zyworkspace/nichecker/Experiment/remarks2.1_LA_Slicing_PPR/svp_simple_023/_mt_svp_simple_023_001_result/_cs_svp_simple_023_001_global_var_rwr_mt_svp_simple_023_001.c
<command-line>: warning: "__STDC_VERSION__" redefined
<built-in>: note: this is the location of the previous definition
Converting
Type-checking _cs_svp_simple_023_001_global_var_rwr_mt_svp_simple_023_001
file /home/dell/zyworkspace/nichecker/Experiment/remarks2.1_LA_Slicing_PPR/svp_simple_023/_mt_svp_simple_023_001_result/_cs_svp_simple_023_001_global_var_rwr_mt_svp_simple_023_001.c line 181 function svp_simple_023_001_isr_1_0: function `nondet_rand' is not declared
file /home/dell/zyworkspace/nichecker/Experiment/remarks2.1_LA_Slicing_PPR/svp_simple_023/_mt_svp_simple_023_001_result/_cs_svp_simple_023_001_global_var_rwr_mt_svp_simple_023_001.c line 229 function main_task_0: function `assert' is not declared
Generating GOTO Program
Adding CPROVER library (x86_64)
Removal of function pointers and virtual functions
Partial Inlining
Generic Property Instrumentation
Starting Bounded Model Checking
**** WARNING: no body for function enable_isr
size of program expression: 407 steps
simple slicing removed 41 assignments
Generated 5 VCC(s), 5 remaining after simplification
Passing problem to propositional reduction
converting SSA
Running propositional reduction
Post-processing
Solving with MiniSAT 2.2.1 with simplifier
2420 variables, 7421 clauses
SAT checker: instance is SATISFIABLE
Solving with MiniSAT 2.2.1 with simplifier
2420 variables, 3531 clauses
SAT checker: instance is UNSATISFIABLE
Runtime decision procedure: 0.016s

** Results:
[main_task_0.assertion.1] assertion rwr_r1 == rwr_tmp1: SUCCESS
[main_task_0.assertion.2] assertion rwr_r2 == rwr_tmp1: FAILURE

Trace for main_task_0.assertion.2:

State 41 file /home/dell/zyworkspace/nichecker/Experiment/remarks2.1_LA_Slicing_PPR/svp_simple_023/_mt_svp_simple_023_001_result/_cs_svp_simple_023_001_global_var_rwr_mt_svp_simple_023_001.c line 298 function main thread 0
----------------------------------------------------
  __cs_tmp_t1_r0=2 (010)

State 43 file /home/dell/zyworkspace/nichecker/Experiment/remarks2.1_LA_Slicing_PPR/svp_simple_023/_mt_svp_simple_023_001_result/_cs_svp_simple_023_001_global_var_rwr_mt_svp_simple_023_001.c line 302 function main thread 0
----------------------------------------------------
  __cs_thread_index=1 (01)

State 44 file /home/dell/zyworkspace/nichecker/Experiment/remarks2.1_LA_Slicing_PPR/svp_simple_023/_mt_svp_simple_023_001_result/_cs_svp_simple_023_001_global_var_rwr_mt_svp_simple_023_001.c line 304 function main thread 0
----------------------------------------------------
  __cs_pc_cs[1l]=2 (010)

State 49 file /home/dell/zyworkspace/nichecker/Experiment/remarks2.1_LA_Slicing_PPR/svp_simple_023/_mt_svp_simple_023_001_result/_cs_svp_simple_023_001_global_var_rwr_mt_svp_simple_023_001.c line 310 function main thread 0
----------------------------------------------------
  __cs_param_main_task_arg=NULL (0000000000000000000000000000000000000000000000000000000000000000)

State 51 file /home/dell/zyworkspace/nichecker/Experiment/remarks2.1_LA_Slicing_PPR/svp_simple_023/_mt_svp_simple_023_001_result/_cs_svp_simple_023_001_global_var_rwr_mt_svp_simple_023_001.c line 201 function main_task_0 thread 0
----------------------------------------------------
  svp_simple_023_001_global_var=11 (00000000000000000000000000001011)

State 55 file /home/dell/zyworkspace/nichecker/Experiment/remarks2.1_LA_Slicing_PPR/svp_simple_023/_mt_svp_simple_023_001_result/_cs_svp_simple_023_001_global_var_rwr_mt_svp_simple_023_001.c line 207 function main_task_0 thread 0
----------------------------------------------------
  __cs_disable_thread[2l]=0 (0)

State 56 file /home/dell/zyworkspace/nichecker/Experiment/remarks2.1_LA_Slicing_PPR/svp_simple_023/_mt_svp_simple_023_001_result/_cs_svp_simple_023_001_global_var_rwr_mt_svp_simple_023_001.c line 210 function main_task_0 thread 0
----------------------------------------------------
  __cs_disable_thread[0l]=0 (0)

State 58 file /home/dell/zyworkspace/nichecker/Experiment/remarks2.1_LA_Slicing_PPR/svp_simple_023/_mt_svp_simple_023_001_result/_cs_svp_simple_023_001_global_var_rwr_mt_svp_simple_023_001.c line 225 function main_task_0 thread 0
----------------------------------------------------
  __cs_local_main_task_var=11 (00000000000000000000000000001011)

State 59 file /home/dell/zyworkspace/nichecker/Experiment/remarks2.1_LA_Slicing_PPR/svp_simple_023/_mt_svp_simple_023_001_result/_cs_svp_simple_023_001_global_var_rwr_mt_svp_simple_023_001.c line 227 function main_task_0 thread 0
----------------------------------------------------
  rwr_r1=11 (00000000000000000000000000001011)

State 61 file /home/dell/zyworkspace/nichecker/Experiment/remarks2.1_LA_Slicing_PPR/svp_simple_023/_mt_svp_simple_023_001_result/_cs_svp_simple_023_001_global_var_rwr_mt_svp_simple_023_001.c line 231 function main_task_0 thread 0
----------------------------------------------------
  rwr_tmp1_num=1 (00000000000000000000000000000001)

State 62 file /home/dell/zyworkspace/nichecker/Experiment/remarks2.1_LA_Slicing_PPR/svp_simple_023/_mt_svp_simple_023_001_result/_cs_svp_simple_023_001_global_var_rwr_mt_svp_simple_023_001.c line 232 function main_task_0 thread 0
----------------------------------------------------
  rwr_tmp1=11 (00000000000000000000000000001011)

State 67 file /home/dell/zyworkspace/nichecker/Experiment/remarks2.1_LA_Slicing_PPR/svp_simple_023/_mt_svp_simple_023_001_result/_cs_svp_simple_023_001_global_var_rwr_mt_svp_simple_023_001.c line 286 function main_task_0 thread 0
----------------------------------------------------
  __cs_value_ptr=NULL (0000000000000000000000000000000000000000000000000000000000000000)

State 72 file /home/dell/zyworkspace/nichecker/Experiment/remarks2.1_LA_Slicing_PPR/svp_simple_023/_mt_svp_simple_023_001_result/_cs_svp_simple_023_001_global_var_rwr_mt_svp_simple_023_001.c line 312 function main thread 0
----------------------------------------------------
  __cs_pc[1l]=2 (010)

State 73 file /home/dell/zyworkspace/nichecker/Experiment/remarks2.1_LA_Slicing_PPR/svp_simple_023/_mt_svp_simple_023_001_result/_cs_svp_simple_023_001_global_var_rwr_mt_svp_simple_023_001.c line 318 function main thread 0
----------------------------------------------------
  __cs_tmp_t2_r0=1 (1)

State 75 file /home/dell/zyworkspace/nichecker/Experiment/remarks2.1_LA_Slicing_PPR/svp_simple_023/_mt_svp_simple_023_001_result/_cs_svp_simple_023_001_global_var_rwr_mt_svp_simple_023_001.c line 323 function main thread 0
----------------------------------------------------
  __cs_thread_index=2 (10)

State 76 file /home/dell/zyworkspace/nichecker/Experiment/remarks2.1_LA_Slicing_PPR/svp_simple_023/_mt_svp_simple_023_001_result/_cs_svp_simple_023_001_global_var_rwr_mt_svp_simple_023_001.c line 325 function main thread 0
----------------------------------------------------
  __cs_pc_cs[2l]=1 (001)

State 81 file /home/dell/zyworkspace/nichecker/Experiment/remarks2.1_LA_Slicing_PPR/svp_simple_023/_mt_svp_simple_023_001_result/_cs_svp_simple_023_001_global_var_rwr_mt_svp_simple_023_001.c line 331 function main thread 0
----------------------------------------------------
  __cs_param_svp_simple_023_001_isr_1_arg=NULL (0000000000000000000000000000000000000000000000000000000000000000)

State 83 file /home/dell/zyworkspace/nichecker/Experiment/remarks2.1_LA_Slicing_PPR/svp_simple_023/_mt_svp_simple_023_001_result/_cs_svp_simple_023_001_global_var_rwr_mt_svp_simple_023_001.c line 181 function svp_simple_023_001_isr_1_0 thread 0
----------------------------------------------------
  svp_simple_023_001_global_var=4194315 (00000000010000000000000000001011)

State 87 file /home/dell/zyworkspace/nichecker/Experiment/remarks2.1_LA_Slicing_PPR/svp_simple_023/_mt_svp_simple_023_001_result/_cs_svp_simple_023_001_global_var_rwr_mt_svp_simple_023_001.c line 192 function svp_simple_023_001_isr_1_0 thread 0
----------------------------------------------------
  __cs_value_ptr=NULL (0000000000000000000000000000000000000000000000000000000000000000)

State 92 file /home/dell/zyworkspace/nichecker/Experiment/remarks2.1_LA_Slicing_PPR/svp_simple_023/_mt_svp_simple_023_001_result/_cs_svp_simple_023_001_global_var_rwr_mt_svp_simple_023_001.c line 333 function main thread 0
----------------------------------------------------
  __cs_pc[2l]=1 (001)

State 93 file /home/dell/zyworkspace/nichecker/Experiment/remarks2.1_LA_Slicing_PPR/svp_simple_023/_mt_svp_simple_023_001_result/_cs_svp_simple_023_001_global_var_rwr_mt_svp_simple_023_001.c line 343 function main thread 0
----------------------------------------------------
  __cs_tmp_t1_r1=3 (011)

State 95 file /home/dell/zyworkspace/nichecker/Experiment/remarks2.1_LA_Slicing_PPR/svp_simple_023/_mt_svp_simple_023_001_result/_cs_svp_simple_023_001_global_var_rwr_mt_svp_simple_023_001.c line 348 function main thread 0
----------------------------------------------------
  __cs_thread_index=1 (01)

State 96 file /home/dell/zyworkspace/nichecker/Experiment/remarks2.1_LA_Slicing_PPR/svp_simple_023/_mt_svp_simple_023_001_result/_cs_svp_simple_023_001_global_var_rwr_mt_svp_simple_023_001.c line 350 function main thread 0
----------------------------------------------------
  __cs_pc_cs[1l]=3 (011)

State 101 file /home/dell/zyworkspace/nichecker/Experiment/remarks2.1_LA_Slicing_PPR/svp_simple_023/_mt_svp_simple_023_001_result/_cs_svp_simple_023_001_global_var_rwr_mt_svp_simple_023_001.c line 356 function main thread 0
----------------------------------------------------
  __cs_param_main_task_arg=NULL (0000000000000000000000000000000000000000000000000000000000000000)

State 105 file /home/dell/zyworkspace/nichecker/Experiment/remarks2.1_LA_Slicing_PPR/svp_simple_023/_mt_svp_simple_023_001_result/_cs_svp_simple_023_001_global_var_rwr_mt_svp_simple_023_001.c line 240 function main_task_0 thread 0
----------------------------------------------------
  __cs_local_main_task___cs_tmp_if_cond_0=TRUE (00000001)

State 107 file /home/dell/zyworkspace/nichecker/Experiment/remarks2.1_LA_Slicing_PPR/svp_simple_023/_mt_svp_simple_023_001_result/_cs_svp_simple_023_001_global_var_rwr_mt_svp_simple_023_001.c line 248 function main_task_0 thread 0
----------------------------------------------------
  __cs_temporary_0=0 (00000000000000000000000000000000)

State 108 file /home/dell/zyworkspace/nichecker/Experiment/remarks2.1_LA_Slicing_PPR/svp_simple_023/_mt_svp_simple_023_001_result/_cs_svp_simple_023_001_global_var_rwr_mt_svp_simple_023_001.c line 251 function main_task_0 thread 0
----------------------------------------------------
  __cs_temporary_0=4194316 (00000000010000000000000000001100)

State 109 file /home/dell/zyworkspace/nichecker/Experiment/remarks2.1_LA_Slicing_PPR/svp_simple_023/_mt_svp_simple_023_001_result/_cs_svp_simple_023_001_global_var_rwr_mt_svp_simple_023_001.c line 253 function main_task_0 thread 0
----------------------------------------------------
  rwr_r2=4194315 (00000000010000000000000000001011)

Violated property:
  file /home/dell/zyworkspace/nichecker/Experiment/remarks2.1_LA_Slicing_PPR/svp_simple_023/_mt_svp_simple_023_001_result/_cs_svp_simple_023_001_global_var_rwr_mt_svp_simple_023_001.c line 255 function main_task_0
  assertion rwr_r2 == rwr_tmp1
  rwr_r2 == rwr_tmp1


** 1 of 2 failed (2 iterations)
VERIFICATION FAILED
