2024-06-03 21:08:34
SVPCheck: True	LoopAbstraction: True	LabelReduction: True	Slice: True	

SVPCheck var: svp_simple_006_001_global_var1	pattern: rwr
--------------------------Run start-------------------------------
inliner
slice
LoopAbstraction
unroller
insertLabel
lazyseq
feeder  2.430
[91mUNSAFE[0m, counterexample: 2, time: 6.689 s, memory: 40.71 MB
--------------------------Run end---------------------------------
SVPCheck var: svp_simple_006_001_global_var2	pattern: wrw
--------------------------Run start-------------------------------
inliner
slice
LoopAbstraction
unroller
insertLabel
lazyseq
feeder  0.448
[92mSAFE[0m, counterexample: 0, time: 4.749 s, memory: 37.75 MB
--------------------------Run end---------------------------------
cbmcTimeSum: 2.878
modulesTimeSum: 11.438
