CBMC version 5.6 64-bit x86_64 linux
Parsing /home/dell/zyworkspace/nichecker/Experiment/remarks2.1_LA_Slicing/svp_simple_028/_mt_svp_simple_028_001_result/_cs_svp_simple_028_001_gloable_var_rww_mt_svp_simple_028_001.c
<command-line>: warning: "__STDC_VERSION__" redefined
<built-in>: note: this is the location of the previous definition
Converting
Type-checking _cs_svp_simple_028_001_gloable_var_rww_mt_svp_simple_028_001
file /home/dell/zyworkspace/nichecker/Experiment/remarks2.1_LA_Slicing/svp_simple_028/_mt_svp_simple_028_001_result/_cs_svp_simple_028_001_gloable_var_rww_mt_svp_simple_028_001.c line 204 function main_task_0: function `nondet_rand' is not declared
file /home/dell/zyworkspace/nichecker/Experiment/remarks2.1_LA_Slicing/svp_simple_028/_mt_svp_simple_028_001_result/_cs_svp_simple_028_001_gloable_var_rww_mt_svp_simple_028_001.c line 257 function main_task_0: function `assert' is not declared
Generating GOTO Program
Adding CPROVER library (x86_64)
Removal of function pointers and virtual functions
Partial Inlining
Generic Property Instrumentation
Starting Bounded Model Checking
**** WARNING: no body for function disable_isr
**** WARNING: no body for function enable_isr
size of program expression: 879 steps
simple slicing removed 39 assignments
Generated 7 VCC(s), 7 remaining after simplification
Passing problem to propositional reduction
converting SSA
Running propositional reduction
Post-processing
Solving with MiniSAT 2.2.1 with simplifier
6357 variables, 19491 clauses
SAT checker: instance is SATISFIABLE
Solving with MiniSAT 2.2.1 with simplifier
6357 variables, 6980 clauses
SAT checker: instance is UNSATISFIABLE
Runtime decision procedure: 0.044s

** Results:
[main_task_0.assertion.1] assertion rww_w1 == rww_r_tmp1: FAILURE
[svp_simple_028_001_isr_1_0.assertion.1] assertion rww_w2 == rww_r_tmp2: SUCCESS
[svp_simple_028_001_isr_2_0.assertion.1] assertion rww_w3 == rww_r_tmp3: SUCCESS

Trace for main_task_0.assertion.1:

State 49 file /home/dell/zyworkspace/nichecker/Experiment/remarks2.1_LA_Slicing/svp_simple_028/_mt_svp_simple_028_001_result/_cs_svp_simple_028_001_gloable_var_rww_mt_svp_simple_028_001.c line 426 function main thread 0
----------------------------------------------------
  __cs_tmp_t1_r0=4 (100)

State 51 file /home/dell/zyworkspace/nichecker/Experiment/remarks2.1_LA_Slicing/svp_simple_028/_mt_svp_simple_028_001_result/_cs_svp_simple_028_001_gloable_var_rww_mt_svp_simple_028_001.c line 430 function main thread 0
----------------------------------------------------
  __cs_thread_index=1 (001)

State 52 file /home/dell/zyworkspace/nichecker/Experiment/remarks2.1_LA_Slicing/svp_simple_028/_mt_svp_simple_028_001_result/_cs_svp_simple_028_001_gloable_var_rww_mt_svp_simple_028_001.c line 432 function main thread 0
----------------------------------------------------
  __cs_pc_cs[1l]=4 (100)

State 57 file /home/dell/zyworkspace/nichecker/Experiment/remarks2.1_LA_Slicing/svp_simple_028/_mt_svp_simple_028_001_result/_cs_svp_simple_028_001_gloable_var_rww_mt_svp_simple_028_001.c line 438 function main thread 0
----------------------------------------------------
  __cs_param_main_task_arg=NULL (0000000000000000000000000000000000000000000000000000000000000000)

State 62 file /home/dell/zyworkspace/nichecker/Experiment/remarks2.1_LA_Slicing/svp_simple_028/_mt_svp_simple_028_001_result/_cs_svp_simple_028_001_gloable_var_rww_mt_svp_simple_028_001.c line 188 function main_task_0 thread 0
----------------------------------------------------
  __cs_disable_thread[3l]=1 (1)

State 63 file /home/dell/zyworkspace/nichecker/Experiment/remarks2.1_LA_Slicing/svp_simple_028/_mt_svp_simple_028_001_result/_cs_svp_simple_028_001_gloable_var_rww_mt_svp_simple_028_001.c line 191 function main_task_0 thread 0
----------------------------------------------------
  __cs_disable_thread[4l]=1 (1)

State 64 file /home/dell/zyworkspace/nichecker/Experiment/remarks2.1_LA_Slicing/svp_simple_028/_mt_svp_simple_028_001_result/_cs_svp_simple_028_001_gloable_var_rww_mt_svp_simple_028_001.c line 194 function main_task_0 thread 0
----------------------------------------------------
  __cs_disable_thread[2l]=1 (1)

State 65 file /home/dell/zyworkspace/nichecker/Experiment/remarks2.1_LA_Slicing/svp_simple_028/_mt_svp_simple_028_001_result/_cs_svp_simple_028_001_gloable_var_rww_mt_svp_simple_028_001.c line 197 function main_task_0 thread 0
----------------------------------------------------
  __cs_disable_thread[0l]=1 (1)

State 67 file /home/dell/zyworkspace/nichecker/Experiment/remarks2.1_LA_Slicing/svp_simple_028/_mt_svp_simple_028_001_result/_cs_svp_simple_028_001_gloable_var_rww_mt_svp_simple_028_001.c line 204 function main_task_0 thread 0
----------------------------------------------------
  svp_simple_028_001_gloable_var=644874237 (00100110011011111111111111111101)

State 69 file /home/dell/zyworkspace/nichecker/Experiment/remarks2.1_LA_Slicing/svp_simple_028/_mt_svp_simple_028_001_result/_cs_svp_simple_028_001_gloable_var_rww_mt_svp_simple_028_001.c line 209 function main_task_0 thread 0
----------------------------------------------------
  svp_simple_028_001_isr_1_flag=0 (00000000000000000000000000000000)

State 73 file /home/dell/zyworkspace/nichecker/Experiment/remarks2.1_LA_Slicing/svp_simple_028/_mt_svp_simple_028_001_result/_cs_svp_simple_028_001_gloable_var_rww_mt_svp_simple_028_001.c line 217 function main_task_0 thread 0
----------------------------------------------------
  __cs_disable_thread[3l]=1 (1)

State 74 file /home/dell/zyworkspace/nichecker/Experiment/remarks2.1_LA_Slicing/svp_simple_028/_mt_svp_simple_028_001_result/_cs_svp_simple_028_001_gloable_var_rww_mt_svp_simple_028_001.c line 220 function main_task_0 thread 0
----------------------------------------------------
  __cs_disable_thread[4l]=1 (1)

State 75 file /home/dell/zyworkspace/nichecker/Experiment/remarks2.1_LA_Slicing/svp_simple_028/_mt_svp_simple_028_001_result/_cs_svp_simple_028_001_gloable_var_rww_mt_svp_simple_028_001.c line 223 function main_task_0 thread 0
----------------------------------------------------
  __cs_disable_thread[2l]=1 (1)

State 76 file /home/dell/zyworkspace/nichecker/Experiment/remarks2.1_LA_Slicing/svp_simple_028/_mt_svp_simple_028_001_result/_cs_svp_simple_028_001_gloable_var_rww_mt_svp_simple_028_001.c line 226 function main_task_0 thread 0
----------------------------------------------------
  __cs_disable_thread[0l]=1 (1)

State 80 file /home/dell/zyworkspace/nichecker/Experiment/remarks2.1_LA_Slicing/svp_simple_028/_mt_svp_simple_028_001_result/_cs_svp_simple_028_001_gloable_var_rww_mt_svp_simple_028_001.c line 233 function main_task_0 thread 0
----------------------------------------------------
  __cs_disable_thread[2l]=0 (0)

State 82 file /home/dell/zyworkspace/nichecker/Experiment/remarks2.1_LA_Slicing/svp_simple_028/_mt_svp_simple_028_001_result/_cs_svp_simple_028_001_gloable_var_rww_mt_svp_simple_028_001.c line 242 function main_task_0 thread 0
----------------------------------------------------
  __cs_local_main_task___cs_tmp_if_cond_0=TRUE (00000001)

State 83 file /home/dell/zyworkspace/nichecker/Experiment/remarks2.1_LA_Slicing/svp_simple_028/_mt_svp_simple_028_001_result/_cs_svp_simple_028_001_gloable_var_rww_mt_svp_simple_028_001.c line 244 function main_task_0 thread 0
----------------------------------------------------
  rww_r_tmp1_num=1 (00000000000000000000000000000001)

State 84 file /home/dell/zyworkspace/nichecker/Experiment/remarks2.1_LA_Slicing/svp_simple_028/_mt_svp_simple_028_001_result/_cs_svp_simple_028_001_gloable_var_rww_mt_svp_simple_028_001.c line 245 function main_task_0 thread 0
----------------------------------------------------
  rww_r_tmp1=644874237 (00100110011011111111111111111101)

State 89 file /home/dell/zyworkspace/nichecker/Experiment/remarks2.1_LA_Slicing/svp_simple_028/_mt_svp_simple_028_001_result/_cs_svp_simple_028_001_gloable_var_rww_mt_svp_simple_028_001.c line 284 function main_task_0 thread 0
----------------------------------------------------
  __cs_value_ptr=NULL (0000000000000000000000000000000000000000000000000000000000000000)

State 94 file /home/dell/zyworkspace/nichecker/Experiment/remarks2.1_LA_Slicing/svp_simple_028/_mt_svp_simple_028_001_result/_cs_svp_simple_028_001_gloable_var_rww_mt_svp_simple_028_001.c line 440 function main thread 0
----------------------------------------------------
  __cs_pc[1l]=4 (100)

State 95 file /home/dell/zyworkspace/nichecker/Experiment/remarks2.1_LA_Slicing/svp_simple_028/_mt_svp_simple_028_001_result/_cs_svp_simple_028_001_gloable_var_rww_mt_svp_simple_028_001.c line 446 function main thread 0
----------------------------------------------------
  __cs_tmp_t2_r0=4 (100)

State 102 file /home/dell/zyworkspace/nichecker/Experiment/remarks2.1_LA_Slicing/svp_simple_028/_mt_svp_simple_028_001_result/_cs_svp_simple_028_001_gloable_var_rww_mt_svp_simple_028_001.c line 451 function main thread 0
----------------------------------------------------
  __cs_thread_index=2 (010)

State 103 file /home/dell/zyworkspace/nichecker/Experiment/remarks2.1_LA_Slicing/svp_simple_028/_mt_svp_simple_028_001_result/_cs_svp_simple_028_001_gloable_var_rww_mt_svp_simple_028_001.c line 453 function main thread 0
----------------------------------------------------
  __cs_pc_cs[2l]=4 (100)

State 108 file /home/dell/zyworkspace/nichecker/Experiment/remarks2.1_LA_Slicing/svp_simple_028/_mt_svp_simple_028_001_result/_cs_svp_simple_028_001_gloable_var_rww_mt_svp_simple_028_001.c line 459 function main thread 0
----------------------------------------------------
  __cs_param_svp_simple_028_001_isr_1_arg=NULL (0000000000000000000000000000000000000000000000000000000000000000)

State 110 file /home/dell/zyworkspace/nichecker/Experiment/remarks2.1_LA_Slicing/svp_simple_028/_mt_svp_simple_028_001_result/_cs_svp_simple_028_001_gloable_var_rww_mt_svp_simple_028_001.c line 295 function svp_simple_028_001_isr_1_0 thread 0
----------------------------------------------------
  __cs_temporary_0=0 (00000000000000000000000000000000)

State 112 file /home/dell/zyworkspace/nichecker/Experiment/remarks2.1_LA_Slicing/svp_simple_028/_mt_svp_simple_028_001_result/_cs_svp_simple_028_001_gloable_var_rww_mt_svp_simple_028_001.c line 299 function svp_simple_028_001_isr_1_0 thread 0
----------------------------------------------------
  __cs_temporary_0=644874238 (00100110011011111111111111111110)

State 113 file /home/dell/zyworkspace/nichecker/Experiment/remarks2.1_LA_Slicing/svp_simple_028/_mt_svp_simple_028_001_result/_cs_svp_simple_028_001_gloable_var_rww_mt_svp_simple_028_001.c line 301 function svp_simple_028_001_isr_1_0 thread 0
----------------------------------------------------
  rww_r_tmp2_num=1 (00000000000000000000000000000001)

State 114 file /home/dell/zyworkspace/nichecker/Experiment/remarks2.1_LA_Slicing/svp_simple_028/_mt_svp_simple_028_001_result/_cs_svp_simple_028_001_gloable_var_rww_mt_svp_simple_028_001.c line 302 function svp_simple_028_001_isr_1_0 thread 0
----------------------------------------------------
  rww_r_tmp2=644874237 (00100110011011111111111111111101)

State 116 file /home/dell/zyworkspace/nichecker/Experiment/remarks2.1_LA_Slicing/svp_simple_028/_mt_svp_simple_028_001_result/_cs_svp_simple_028_001_gloable_var_rww_mt_svp_simple_028_001.c line 307 function svp_simple_028_001_isr_1_0 thread 0
----------------------------------------------------
  rww_w2=644874237 (00100110011011111111111111111101)

State 119 file /home/dell/zyworkspace/nichecker/Experiment/remarks2.1_LA_Slicing/svp_simple_028/_mt_svp_simple_028_001_result/_cs_svp_simple_028_001_gloable_var_rww_mt_svp_simple_028_001.c line 310 function svp_simple_028_001_isr_1_0 thread 0
----------------------------------------------------
  rww_r_tmp2_num=0 (00000000000000000000000000000000)

State 120 file /home/dell/zyworkspace/nichecker/Experiment/remarks2.1_LA_Slicing/svp_simple_028/_mt_svp_simple_028_001_result/_cs_svp_simple_028_001_gloable_var_rww_mt_svp_simple_028_001.c line 313 function svp_simple_028_001_isr_1_0 thread 0
----------------------------------------------------
  svp_simple_028_001_gloable_var=644874238 (00100110011011111111111111111110)

State 122 file /home/dell/zyworkspace/nichecker/Experiment/remarks2.1_LA_Slicing/svp_simple_028/_mt_svp_simple_028_001_result/_cs_svp_simple_028_001_gloable_var_rww_mt_svp_simple_028_001.c line 317 function svp_simple_028_001_isr_1_0 thread 0
----------------------------------------------------
  svp_simple_028_001_isr_1_flag=0 (00000000000000000000000000000000)

State 126 file /home/dell/zyworkspace/nichecker/Experiment/remarks2.1_LA_Slicing/svp_simple_028/_mt_svp_simple_028_001_result/_cs_svp_simple_028_001_gloable_var_rww_mt_svp_simple_028_001.c line 321 function svp_simple_028_001_isr_1_0 thread 0
----------------------------------------------------
  __cs_disable_thread[3l]=0 (0)

State 130 file /home/dell/zyworkspace/nichecker/Experiment/remarks2.1_LA_Slicing/svp_simple_028/_mt_svp_simple_028_001_result/_cs_svp_simple_028_001_gloable_var_rww_mt_svp_simple_028_001.c line 334 function svp_simple_028_001_isr_1_0 thread 0
----------------------------------------------------
  __cs_value_ptr=NULL (0000000000000000000000000000000000000000000000000000000000000000)

State 135 file /home/dell/zyworkspace/nichecker/Experiment/remarks2.1_LA_Slicing/svp_simple_028/_mt_svp_simple_028_001_result/_cs_svp_simple_028_001_gloable_var_rww_mt_svp_simple_028_001.c line 461 function main thread 0
----------------------------------------------------
  __cs_pc[2l]=4 (100)

State 136 file /home/dell/zyworkspace/nichecker/Experiment/remarks2.1_LA_Slicing/svp_simple_028/_mt_svp_simple_028_001_result/_cs_svp_simple_028_001_gloable_var_rww_mt_svp_simple_028_001.c line 467 function main thread 0
----------------------------------------------------
  __cs_tmp_t3_r0=4 (100)

State 138 file /home/dell/zyworkspace/nichecker/Experiment/remarks2.1_LA_Slicing/svp_simple_028/_mt_svp_simple_028_001_result/_cs_svp_simple_028_001_gloable_var_rww_mt_svp_simple_028_001.c line 472 function main thread 0
----------------------------------------------------
  __cs_thread_index=3 (011)

State 139 file /home/dell/zyworkspace/nichecker/Experiment/remarks2.1_LA_Slicing/svp_simple_028/_mt_svp_simple_028_001_result/_cs_svp_simple_028_001_gloable_var_rww_mt_svp_simple_028_001.c line 474 function main thread 0
----------------------------------------------------
  __cs_pc_cs[3l]=4 (100)

State 144 file /home/dell/zyworkspace/nichecker/Experiment/remarks2.1_LA_Slicing/svp_simple_028/_mt_svp_simple_028_001_result/_cs_svp_simple_028_001_gloable_var_rww_mt_svp_simple_028_001.c line 480 function main thread 0
----------------------------------------------------
  __cs_param_svp_simple_028_001_isr_2_arg=NULL (0000000000000000000000000000000000000000000000000000000000000000)

State 147 file /home/dell/zyworkspace/nichecker/Experiment/remarks2.1_LA_Slicing/svp_simple_028/_mt_svp_simple_028_001_result/_cs_svp_simple_028_001_gloable_var_rww_mt_svp_simple_028_001.c line 348 function svp_simple_028_001_isr_2_0 thread 0
----------------------------------------------------
  __cs_local_svp_simple_028_001_isr_2___cs_tmp_if_cond_1=FALSE (00000000)

State 153 file /home/dell/zyworkspace/nichecker/Experiment/remarks2.1_LA_Slicing/svp_simple_028/_mt_svp_simple_028_001_result/_cs_svp_simple_028_001_gloable_var_rww_mt_svp_simple_028_001.c line 389 function svp_simple_028_001_isr_2_0 thread 0
----------------------------------------------------
  __cs_value_ptr=NULL (0000000000000000000000000000000000000000000000000000000000000000)

State 158 file /home/dell/zyworkspace/nichecker/Experiment/remarks2.1_LA_Slicing/svp_simple_028/_mt_svp_simple_028_001_result/_cs_svp_simple_028_001_gloable_var_rww_mt_svp_simple_028_001.c line 482 function main thread 0
----------------------------------------------------
  __cs_pc[3l]=4 (100)

State 159 file /home/dell/zyworkspace/nichecker/Experiment/remarks2.1_LA_Slicing/svp_simple_028/_mt_svp_simple_028_001_result/_cs_svp_simple_028_001_gloable_var_rww_mt_svp_simple_028_001.c line 488 function main thread 0
----------------------------------------------------
  __cs_tmp_t4_r0=0 (0)

State 161 file /home/dell/zyworkspace/nichecker/Experiment/remarks2.1_LA_Slicing/svp_simple_028/_mt_svp_simple_028_001_result/_cs_svp_simple_028_001_gloable_var_rww_mt_svp_simple_028_001.c line 513 function main thread 0
----------------------------------------------------
  __cs_tmp_t1_r1=4 (100)

State 171 file /home/dell/zyworkspace/nichecker/Experiment/remarks2.1_LA_Slicing/svp_simple_028/_mt_svp_simple_028_001_result/_cs_svp_simple_028_001_gloable_var_rww_mt_svp_simple_028_001.c line 518 function main thread 0
----------------------------------------------------
  __cs_thread_index=1 (001)

State 172 file /home/dell/zyworkspace/nichecker/Experiment/remarks2.1_LA_Slicing/svp_simple_028/_mt_svp_simple_028_001_result/_cs_svp_simple_028_001_gloable_var_rww_mt_svp_simple_028_001.c line 520 function main thread 0
----------------------------------------------------
  __cs_pc_cs[1l]=4 (100)

State 177 file /home/dell/zyworkspace/nichecker/Experiment/remarks2.1_LA_Slicing/svp_simple_028/_mt_svp_simple_028_001_result/_cs_svp_simple_028_001_gloable_var_rww_mt_svp_simple_028_001.c line 526 function main thread 0
----------------------------------------------------
  __cs_param_main_task_arg=NULL (0000000000000000000000000000000000000000000000000000000000000000)

State 185 file /home/dell/zyworkspace/nichecker/Experiment/remarks2.1_LA_Slicing/svp_simple_028/_mt_svp_simple_028_001_result/_cs_svp_simple_028_001_gloable_var_rww_mt_svp_simple_028_001.c line 284 function main_task_0 thread 0
----------------------------------------------------
  __cs_value_ptr=NULL (0000000000000000000000000000000000000000000000000000000000000000)

State 190 file /home/dell/zyworkspace/nichecker/Experiment/remarks2.1_LA_Slicing/svp_simple_028/_mt_svp_simple_028_001_result/_cs_svp_simple_028_001_gloable_var_rww_mt_svp_simple_028_001.c line 528 function main thread 0
----------------------------------------------------
  __cs_pc[1l]=4 (100)

State 191 file /home/dell/zyworkspace/nichecker/Experiment/remarks2.1_LA_Slicing/svp_simple_028/_mt_svp_simple_028_001_result/_cs_svp_simple_028_001_gloable_var_rww_mt_svp_simple_028_001.c line 534 function main thread 0
----------------------------------------------------
  __cs_tmp_t2_r1=4 (100)

State 197 file /home/dell/zyworkspace/nichecker/Experiment/remarks2.1_LA_Slicing/svp_simple_028/_mt_svp_simple_028_001_result/_cs_svp_simple_028_001_gloable_var_rww_mt_svp_simple_028_001.c line 539 function main thread 0
----------------------------------------------------
  __cs_thread_index=2 (010)

State 198 file /home/dell/zyworkspace/nichecker/Experiment/remarks2.1_LA_Slicing/svp_simple_028/_mt_svp_simple_028_001_result/_cs_svp_simple_028_001_gloable_var_rww_mt_svp_simple_028_001.c line 541 function main thread 0
----------------------------------------------------
  __cs_pc_cs[2l]=4 (100)

State 203 file /home/dell/zyworkspace/nichecker/Experiment/remarks2.1_LA_Slicing/svp_simple_028/_mt_svp_simple_028_001_result/_cs_svp_simple_028_001_gloable_var_rww_mt_svp_simple_028_001.c line 547 function main thread 0
----------------------------------------------------
  __cs_param_svp_simple_028_001_isr_1_arg=NULL (0000000000000000000000000000000000000000000000000000000000000000)

State 210 file /home/dell/zyworkspace/nichecker/Experiment/remarks2.1_LA_Slicing/svp_simple_028/_mt_svp_simple_028_001_result/_cs_svp_simple_028_001_gloable_var_rww_mt_svp_simple_028_001.c line 334 function svp_simple_028_001_isr_1_0 thread 0
----------------------------------------------------
  __cs_value_ptr=NULL (0000000000000000000000000000000000000000000000000000000000000000)

State 215 file /home/dell/zyworkspace/nichecker/Experiment/remarks2.1_LA_Slicing/svp_simple_028/_mt_svp_simple_028_001_result/_cs_svp_simple_028_001_gloable_var_rww_mt_svp_simple_028_001.c line 549 function main thread 0
----------------------------------------------------
  __cs_pc[2l]=4 (100)

State 216 file /home/dell/zyworkspace/nichecker/Experiment/remarks2.1_LA_Slicing/svp_simple_028/_mt_svp_simple_028_001_result/_cs_svp_simple_028_001_gloable_var_rww_mt_svp_simple_028_001.c line 555 function main thread 0
----------------------------------------------------
  __cs_tmp_t3_r1=4 (100)

State 218 file /home/dell/zyworkspace/nichecker/Experiment/remarks2.1_LA_Slicing/svp_simple_028/_mt_svp_simple_028_001_result/_cs_svp_simple_028_001_gloable_var_rww_mt_svp_simple_028_001.c line 560 function main thread 0
----------------------------------------------------
  __cs_thread_index=3 (011)

State 219 file /home/dell/zyworkspace/nichecker/Experiment/remarks2.1_LA_Slicing/svp_simple_028/_mt_svp_simple_028_001_result/_cs_svp_simple_028_001_gloable_var_rww_mt_svp_simple_028_001.c line 562 function main thread 0
----------------------------------------------------
  __cs_pc_cs[3l]=4 (100)

State 224 file /home/dell/zyworkspace/nichecker/Experiment/remarks2.1_LA_Slicing/svp_simple_028/_mt_svp_simple_028_001_result/_cs_svp_simple_028_001_gloable_var_rww_mt_svp_simple_028_001.c line 568 function main thread 0
----------------------------------------------------
  __cs_param_svp_simple_028_001_isr_2_arg=NULL (0000000000000000000000000000000000000000000000000000000000000000)

State 231 file /home/dell/zyworkspace/nichecker/Experiment/remarks2.1_LA_Slicing/svp_simple_028/_mt_svp_simple_028_001_result/_cs_svp_simple_028_001_gloable_var_rww_mt_svp_simple_028_001.c line 389 function svp_simple_028_001_isr_2_0 thread 0
----------------------------------------------------
  __cs_value_ptr=NULL (0000000000000000000000000000000000000000000000000000000000000000)

State 236 file /home/dell/zyworkspace/nichecker/Experiment/remarks2.1_LA_Slicing/svp_simple_028/_mt_svp_simple_028_001_result/_cs_svp_simple_028_001_gloable_var_rww_mt_svp_simple_028_001.c line 570 function main thread 0
----------------------------------------------------
  __cs_pc[3l]=4 (100)

State 237 file /home/dell/zyworkspace/nichecker/Experiment/remarks2.1_LA_Slicing/svp_simple_028/_mt_svp_simple_028_001_result/_cs_svp_simple_028_001_gloable_var_rww_mt_svp_simple_028_001.c line 576 function main thread 0
----------------------------------------------------
  __cs_tmp_t4_r1=0 (0)

State 239 file /home/dell/zyworkspace/nichecker/Experiment/remarks2.1_LA_Slicing/svp_simple_028/_mt_svp_simple_028_001_result/_cs_svp_simple_028_001_gloable_var_rww_mt_svp_simple_028_001.c line 595 function main thread 0
----------------------------------------------------
  __cs_tmp_t1_r2=5u (00000000000000000000000000000101)

State 241 file /home/dell/zyworkspace/nichecker/Experiment/remarks2.1_LA_Slicing/svp_simple_028/_mt_svp_simple_028_001_result/_cs_svp_simple_028_001_gloable_var_rww_mt_svp_simple_028_001.c line 600 function main thread 0
----------------------------------------------------
  __cs_thread_index=1 (001)

State 242 file /home/dell/zyworkspace/nichecker/Experiment/remarks2.1_LA_Slicing/svp_simple_028/_mt_svp_simple_028_001_result/_cs_svp_simple_028_001_gloable_var_rww_mt_svp_simple_028_001.c line 602 function main thread 0
----------------------------------------------------
  __cs_pc_cs[1l]=5 (101)

State 247 file /home/dell/zyworkspace/nichecker/Experiment/remarks2.1_LA_Slicing/svp_simple_028/_mt_svp_simple_028_001_result/_cs_svp_simple_028_001_gloable_var_rww_mt_svp_simple_028_001.c line 608 function main thread 0
----------------------------------------------------
  __cs_param_main_task_arg=NULL (0000000000000000000000000000000000000000000000000000000000000000)

State 253 file /home/dell/zyworkspace/nichecker/Experiment/remarks2.1_LA_Slicing/svp_simple_028/_mt_svp_simple_028_001_result/_cs_svp_simple_028_001_gloable_var_rww_mt_svp_simple_028_001.c line 255 function main_task_0 thread 0
----------------------------------------------------
  rww_w1=644874238 (00100110011011111111111111111110)

Violated property:
  file /home/dell/zyworkspace/nichecker/Experiment/remarks2.1_LA_Slicing/svp_simple_028/_mt_svp_simple_028_001_result/_cs_svp_simple_028_001_gloable_var_rww_mt_svp_simple_028_001.c line 257 function main_task_0
  assertion rww_w1 == rww_r_tmp1
  rww_w1 == rww_r_tmp1


** 1 of 3 failed (2 iterations)
VERIFICATION FAILED
