2023-10-15 16:52:20
SVPCheck: True	LoopAbstraction: False	LabelReduction: False	Slice: False	

SVPCheck var: svp_simple_014_001_global_var1	pattern: rwr
--------------------------Run start-------------------------------
inliner
slice
LoopAbstraction
unroller
insertLabel
lazyseq
feeder  0.212
[92mSAFE[0m, counterexample: 0, time: 1.713 s, memory: 30.16 MB
--------------------------Run end---------------------------------
SVPCheck var: svp_simple_014_001_global_var2	pattern: rwr
--------------------------Run start-------------------------------
inliner
slice
LoopAbstraction
unroller
insertLabel
lazyseq
feeder  0.211
[92mSAFE[0m, counterexample: 0, time: 1.740 s, memory: 30.18 MB
--------------------------Run end---------------------------------
cbmcTimeSum: 0.423
modulesTimeSum: 3.453
