CBMC version 5.6 64-bit x86_64 linux
Parsing /home/dell/zyworkspace/nichecker/Experiment/remarks2.1/svp_simple_018/_mt_svp_simple_018_001_result/_cs_svp_simple_018_001_para2_rwr_mt_svp_simple_018_001.c
<command-line>: warning: "__STDC_VERSION__" redefined
<built-in>: note: this is the location of the previous definition
Converting
Type-checking _cs_svp_simple_018_001_para2_rwr_mt_svp_simple_018_001
file /home/dell/zyworkspace/nichecker/Experiment/remarks2.1/svp_simple_018/_mt_svp_simple_018_001_result/_cs_svp_simple_018_001_para2_rwr_mt_svp_simple_018_001.c line 225 function main_task_0: function `enable_isr' is not declared
file /home/dell/zyworkspace/nichecker/Experiment/remarks2.1/svp_simple_018/_mt_svp_simple_018_001_result/_cs_svp_simple_018_001_para2_rwr_mt_svp_simple_018_001.c line 252 function main_task_0: function `__cs_init_scalar' is not declared
file /home/dell/zyworkspace/nichecker/Experiment/remarks2.1/svp_simple_018/_mt_svp_simple_018_001_result/_cs_svp_simple_018_001_para2_rwr_mt_svp_simple_018_001.c line 263 function main_task_0: function `assert' is not declared
Generating GOTO Program
Adding CPROVER library (x86_64)
Removal of function pointers and virtual functions
Partial Inlining
Generic Property Instrumentation
Starting Bounded Model Checking
**** WARNING: no body for function enable_isr
**** WARNING: no body for function __cs_init_scalar
size of program expression: 552 steps
simple slicing removed 26 assignments
Generated 8 VCC(s), 6 remaining after simplification
Passing problem to propositional reduction
converting SSA
Running propositional reduction
Post-processing
Solving with MiniSAT 2.2.1 with simplifier
6114 variables, 21343 clauses
SAT checker: instance is SATISFIABLE
Solving with MiniSAT 2.2.1 with simplifier
6114 variables, 572 clauses
SAT checker: instance is SATISFIABLE
Solving with MiniSAT 2.2.1 with simplifier
6114 variables, 571 clauses
SAT checker inconsistent: instance is UNSATISFIABLE
Runtime decision procedure: 0.049s

** Results:
[main_task_0.assertion.1] assertion IEEE_FLOAT_EQUAL(rwr_r1, rwr_tmp1): SUCCESS
[main_task_0.assertion.2] assertion IEEE_FLOAT_EQUAL(rwr_r2, rwr_tmp1): FAILURE
[main_task_0.assertion.3] assertion IEEE_FLOAT_EQUAL(rwr_r3, rwr_tmp1): FAILURE

Trace for main_task_0.assertion.2:

State 52 file /home/dell/zyworkspace/nichecker/Experiment/remarks2.1/svp_simple_018/_mt_svp_simple_018_001_result/_cs_svp_simple_018_001_para2_rwr_mt_svp_simple_018_001.c line 340 function main thread 0
----------------------------------------------------
  __cs_tmp_t1_r0=2 (010)

State 54 file /home/dell/zyworkspace/nichecker/Experiment/remarks2.1/svp_simple_018/_mt_svp_simple_018_001_result/_cs_svp_simple_018_001_para2_rwr_mt_svp_simple_018_001.c line 344 function main thread 0
----------------------------------------------------
  __cs_thread_index=1 (001)

State 55 file /home/dell/zyworkspace/nichecker/Experiment/remarks2.1/svp_simple_018/_mt_svp_simple_018_001_result/_cs_svp_simple_018_001_para2_rwr_mt_svp_simple_018_001.c line 346 function main thread 0
----------------------------------------------------
  __cs_pc_cs[1l]=2 (010)

State 60 file /home/dell/zyworkspace/nichecker/Experiment/remarks2.1/svp_simple_018/_mt_svp_simple_018_001_result/_cs_svp_simple_018_001_para2_rwr_mt_svp_simple_018_001.c line 352 function main thread 0
----------------------------------------------------
  __cs_param_main_task_arg=NULL (0000000000000000000000000000000000000000000000000000000000000000)

State 65 file /home/dell/zyworkspace/nichecker/Experiment/remarks2.1/svp_simple_018/_mt_svp_simple_018_001_result/_cs_svp_simple_018_001_para2_rwr_mt_svp_simple_018_001.c line 227 function main_task_0 thread 0
----------------------------------------------------
  __cs_disable_thread[3l]=0 (0)

State 66 file /home/dell/zyworkspace/nichecker/Experiment/remarks2.1/svp_simple_018/_mt_svp_simple_018_001_result/_cs_svp_simple_018_001_para2_rwr_mt_svp_simple_018_001.c line 230 function main_task_0 thread 0
----------------------------------------------------
  __cs_disable_thread[2l]=0 (0)

State 67 file /home/dell/zyworkspace/nichecker/Experiment/remarks2.1/svp_simple_018/_mt_svp_simple_018_001_result/_cs_svp_simple_018_001_para2_rwr_mt_svp_simple_018_001.c line 233 function main_task_0 thread 0
----------------------------------------------------
  __cs_disable_thread[0l]=0 (0)

State 69 file /home/dell/zyworkspace/nichecker/Experiment/remarks2.1/svp_simple_018/_mt_svp_simple_018_001_result/_cs_svp_simple_018_001_para2_rwr_mt_svp_simple_018_001.c line 244 function main_task_0 thread 0
----------------------------------------------------
  __cs_local_main_task_svp_simple_018_001_perimete=0.000000f (00000000000000000000000000000000)

State 70 file /home/dell/zyworkspace/nichecker/Experiment/remarks2.1/svp_simple_018/_mt_svp_simple_018_001_result/_cs_svp_simple_018_001_para2_rwr_mt_svp_simple_018_001.c line 248 function main_task_0 thread 0
----------------------------------------------------
  __cs_local_main_task_svp_simple_018_001_area=0.000000f (00000000000000000000000000000000)

State 74 file /home/dell/zyworkspace/nichecker/Experiment/remarks2.1/svp_simple_018/_mt_svp_simple_018_001_result/_cs_svp_simple_018_001_para2_rwr_mt_svp_simple_018_001.c line 256 function main_task_0 thread 0
----------------------------------------------------
  __cs_local_main_task_perimete=0.000000f (00000000000000000000000000000000)

State 75 file /home/dell/zyworkspace/nichecker/Experiment/remarks2.1/svp_simple_018/_mt_svp_simple_018_001_result/_cs_svp_simple_018_001_para2_rwr_mt_svp_simple_018_001.c line 259 function main_task_0 thread 0
----------------------------------------------------
  __cs_local_main_task_perimete=0.000000f (00000000000000000000000000000000)

State 76 file /home/dell/zyworkspace/nichecker/Experiment/remarks2.1/svp_simple_018/_mt_svp_simple_018_001_result/_cs_svp_simple_018_001_para2_rwr_mt_svp_simple_018_001.c line 261 function main_task_0 thread 0
----------------------------------------------------
  rwr_r1=0.000000f (00000000000000000000000000000000)

State 78 file /home/dell/zyworkspace/nichecker/Experiment/remarks2.1/svp_simple_018/_mt_svp_simple_018_001_result/_cs_svp_simple_018_001_para2_rwr_mt_svp_simple_018_001.c line 265 function main_task_0 thread 0
----------------------------------------------------
  rwr_tmp1_num=1 (00000000000000000000000000000001)

State 79 file /home/dell/zyworkspace/nichecker/Experiment/remarks2.1/svp_simple_018/_mt_svp_simple_018_001_result/_cs_svp_simple_018_001_para2_rwr_mt_svp_simple_018_001.c line 266 function main_task_0 thread 0
----------------------------------------------------
  rwr_tmp1=0.000000f (00000000000000000000000000000000)

State 85 file /home/dell/zyworkspace/nichecker/Experiment/remarks2.1/svp_simple_018/_mt_svp_simple_018_001_result/_cs_svp_simple_018_001_para2_rwr_mt_svp_simple_018_001.c line 328 function main_task_0 thread 0
----------------------------------------------------
  __cs_value_ptr=NULL (0000000000000000000000000000000000000000000000000000000000000000)

State 90 file /home/dell/zyworkspace/nichecker/Experiment/remarks2.1/svp_simple_018/_mt_svp_simple_018_001_result/_cs_svp_simple_018_001_para2_rwr_mt_svp_simple_018_001.c line 354 function main thread 0
----------------------------------------------------
  __cs_pc[1l]=2 (010)

State 91 file /home/dell/zyworkspace/nichecker/Experiment/remarks2.1/svp_simple_018/_mt_svp_simple_018_001_result/_cs_svp_simple_018_001_para2_rwr_mt_svp_simple_018_001.c line 360 function main thread 0
----------------------------------------------------
  __cs_tmp_t2_r0=1 (1)

State 93 file /home/dell/zyworkspace/nichecker/Experiment/remarks2.1/svp_simple_018/_mt_svp_simple_018_001_result/_cs_svp_simple_018_001_para2_rwr_mt_svp_simple_018_001.c line 365 function main thread 0
----------------------------------------------------
  __cs_thread_index=2 (010)

State 94 file /home/dell/zyworkspace/nichecker/Experiment/remarks2.1/svp_simple_018/_mt_svp_simple_018_001_result/_cs_svp_simple_018_001_para2_rwr_mt_svp_simple_018_001.c line 367 function main thread 0
----------------------------------------------------
  __cs_pc_cs[2l]=1 (001)

State 99 file /home/dell/zyworkspace/nichecker/Experiment/remarks2.1/svp_simple_018/_mt_svp_simple_018_001_result/_cs_svp_simple_018_001_para2_rwr_mt_svp_simple_018_001.c line 373 function main thread 0
----------------------------------------------------
  __cs_param_svp_simple_018_001_isr_1_arg=NULL (0000000000000000000000000000000000000000000000000000000000000000)

State 101 file /home/dell/zyworkspace/nichecker/Experiment/remarks2.1/svp_simple_018/_mt_svp_simple_018_001_result/_cs_svp_simple_018_001_para2_rwr_mt_svp_simple_018_001.c line 199 function svp_simple_018_001_isr_1_0 thread 0
----------------------------------------------------
  __cs_local_svp_simple_018_001_isr_1_i=0 (00000000000000000000000000000000)

State 102 file /home/dell/zyworkspace/nichecker/Experiment/remarks2.1/svp_simple_018/_mt_svp_simple_018_001_result/_cs_svp_simple_018_001_para2_rwr_mt_svp_simple_018_001.c line 204 function svp_simple_018_001_isr_1_0 thread 0
----------------------------------------------------
  svp_simple_018_001_para1=2.000000f (01000000000000000000000000000000)

State 106 file /home/dell/zyworkspace/nichecker/Experiment/remarks2.1/svp_simple_018/_mt_svp_simple_018_001_result/_cs_svp_simple_018_001_para2_rwr_mt_svp_simple_018_001.c line 215 function svp_simple_018_001_isr_1_0 thread 0
----------------------------------------------------
  __cs_value_ptr=NULL (0000000000000000000000000000000000000000000000000000000000000000)

State 111 file /home/dell/zyworkspace/nichecker/Experiment/remarks2.1/svp_simple_018/_mt_svp_simple_018_001_result/_cs_svp_simple_018_001_para2_rwr_mt_svp_simple_018_001.c line 375 function main thread 0
----------------------------------------------------
  __cs_pc[2l]=1 (001)

State 112 file /home/dell/zyworkspace/nichecker/Experiment/remarks2.1/svp_simple_018/_mt_svp_simple_018_001_result/_cs_svp_simple_018_001_para2_rwr_mt_svp_simple_018_001.c line 381 function main thread 0
----------------------------------------------------
  __cs_tmp_t3_r0=1 (1)

State 114 file /home/dell/zyworkspace/nichecker/Experiment/remarks2.1/svp_simple_018/_mt_svp_simple_018_001_result/_cs_svp_simple_018_001_para2_rwr_mt_svp_simple_018_001.c line 386 function main thread 0
----------------------------------------------------
  __cs_thread_index=3 (011)

State 115 file /home/dell/zyworkspace/nichecker/Experiment/remarks2.1/svp_simple_018/_mt_svp_simple_018_001_result/_cs_svp_simple_018_001_para2_rwr_mt_svp_simple_018_001.c line 388 function main thread 0
----------------------------------------------------
  __cs_pc_cs[3l]=1 (001)

State 120 file /home/dell/zyworkspace/nichecker/Experiment/remarks2.1/svp_simple_018/_mt_svp_simple_018_001_result/_cs_svp_simple_018_001_para2_rwr_mt_svp_simple_018_001.c line 394 function main thread 0
----------------------------------------------------
  __cs_param_svp_simple_018_001_isr_2_arg=NULL (0000000000000000000000000000000000000000000000000000000000000000)

State 122 file /home/dell/zyworkspace/nichecker/Experiment/remarks2.1/svp_simple_018/_mt_svp_simple_018_001_result/_cs_svp_simple_018_001_para2_rwr_mt_svp_simple_018_001.c line 166 function svp_simple_018_001_isr_2_0 thread 0
----------------------------------------------------
  __cs_local_svp_simple_018_001_isr_2_i=0 (00000000000000000000000000000000)

State 123 file /home/dell/zyworkspace/nichecker/Experiment/remarks2.1/svp_simple_018/_mt_svp_simple_018_001_result/_cs_svp_simple_018_001_para2_rwr_mt_svp_simple_018_001.c line 172 function svp_simple_018_001_isr_2_0 thread 0
----------------------------------------------------
  svp_simple_018_001_para2=1.000000f (00111111100000000000000000000000)

State 127 file /home/dell/zyworkspace/nichecker/Experiment/remarks2.1/svp_simple_018/_mt_svp_simple_018_001_result/_cs_svp_simple_018_001_para2_rwr_mt_svp_simple_018_001.c line 186 function svp_simple_018_001_isr_2_0 thread 0
----------------------------------------------------
  __cs_value_ptr=NULL (0000000000000000000000000000000000000000000000000000000000000000)

State 132 file /home/dell/zyworkspace/nichecker/Experiment/remarks2.1/svp_simple_018/_mt_svp_simple_018_001_result/_cs_svp_simple_018_001_para2_rwr_mt_svp_simple_018_001.c line 396 function main thread 0
----------------------------------------------------
  __cs_pc[3l]=1 (001)

State 133 file /home/dell/zyworkspace/nichecker/Experiment/remarks2.1/svp_simple_018/_mt_svp_simple_018_001_result/_cs_svp_simple_018_001_para2_rwr_mt_svp_simple_018_001.c line 406 function main thread 0
----------------------------------------------------
  __cs_tmp_t1_r1=3 (011)

State 139 file /home/dell/zyworkspace/nichecker/Experiment/remarks2.1/svp_simple_018/_mt_svp_simple_018_001_result/_cs_svp_simple_018_001_para2_rwr_mt_svp_simple_018_001.c line 411 function main thread 0
----------------------------------------------------
  __cs_thread_index=1 (001)

State 140 file /home/dell/zyworkspace/nichecker/Experiment/remarks2.1/svp_simple_018/_mt_svp_simple_018_001_result/_cs_svp_simple_018_001_para2_rwr_mt_svp_simple_018_001.c line 413 function main thread 0
----------------------------------------------------
  __cs_pc_cs[1l]=3 (011)

State 145 file /home/dell/zyworkspace/nichecker/Experiment/remarks2.1/svp_simple_018/_mt_svp_simple_018_001_result/_cs_svp_simple_018_001_para2_rwr_mt_svp_simple_018_001.c line 419 function main thread 0
----------------------------------------------------
  __cs_param_main_task_arg=NULL (0000000000000000000000000000000000000000000000000000000000000000)

State 152 file /home/dell/zyworkspace/nichecker/Experiment/remarks2.1/svp_simple_018/_mt_svp_simple_018_001_result/_cs_svp_simple_018_001_para2_rwr_mt_svp_simple_018_001.c line 280 function main_task_0 thread 0
----------------------------------------------------
  __cs_local_main_task_area=0.000000f (00000000000000000000000000000000)

State 153 file /home/dell/zyworkspace/nichecker/Experiment/remarks2.1/svp_simple_018/_mt_svp_simple_018_001_result/_cs_svp_simple_018_001_para2_rwr_mt_svp_simple_018_001.c line 285 function main_task_0 thread 0
----------------------------------------------------
  __cs_temporary_0=1.000000f (00111111100000000000000000000000)

State 154 file /home/dell/zyworkspace/nichecker/Experiment/remarks2.1/svp_simple_018/_mt_svp_simple_018_001_result/_cs_svp_simple_018_001_para2_rwr_mt_svp_simple_018_001.c line 287 function main_task_0 thread 0
----------------------------------------------------
  rwr_r2=1.000000f (00111111100000000000000000000000)

Violated property:
  file /home/dell/zyworkspace/nichecker/Experiment/remarks2.1/svp_simple_018/_mt_svp_simple_018_001_result/_cs_svp_simple_018_001_para2_rwr_mt_svp_simple_018_001.c line 289 function main_task_0
  assertion IEEE_FLOAT_EQUAL(rwr_r2, rwr_tmp1)
  IEEE_FLOAT_EQUAL(rwr_r2, rwr_tmp1)


Trace for main_task_0.assertion.3:

State 52 file /home/dell/zyworkspace/nichecker/Experiment/remarks2.1/svp_simple_018/_mt_svp_simple_018_001_result/_cs_svp_simple_018_001_para2_rwr_mt_svp_simple_018_001.c line 340 function main thread 0
----------------------------------------------------
  __cs_tmp_t1_r0=2 (010)

State 54 file /home/dell/zyworkspace/nichecker/Experiment/remarks2.1/svp_simple_018/_mt_svp_simple_018_001_result/_cs_svp_simple_018_001_para2_rwr_mt_svp_simple_018_001.c line 344 function main thread 0
----------------------------------------------------
  __cs_thread_index=1 (001)

State 55 file /home/dell/zyworkspace/nichecker/Experiment/remarks2.1/svp_simple_018/_mt_svp_simple_018_001_result/_cs_svp_simple_018_001_para2_rwr_mt_svp_simple_018_001.c line 346 function main thread 0
----------------------------------------------------
  __cs_pc_cs[1l]=2 (010)

State 60 file /home/dell/zyworkspace/nichecker/Experiment/remarks2.1/svp_simple_018/_mt_svp_simple_018_001_result/_cs_svp_simple_018_001_para2_rwr_mt_svp_simple_018_001.c line 352 function main thread 0
----------------------------------------------------
  __cs_param_main_task_arg=NULL (0000000000000000000000000000000000000000000000000000000000000000)

State 65 file /home/dell/zyworkspace/nichecker/Experiment/remarks2.1/svp_simple_018/_mt_svp_simple_018_001_result/_cs_svp_simple_018_001_para2_rwr_mt_svp_simple_018_001.c line 227 function main_task_0 thread 0
----------------------------------------------------
  __cs_disable_thread[3l]=0 (0)

State 66 file /home/dell/zyworkspace/nichecker/Experiment/remarks2.1/svp_simple_018/_mt_svp_simple_018_001_result/_cs_svp_simple_018_001_para2_rwr_mt_svp_simple_018_001.c line 230 function main_task_0 thread 0
----------------------------------------------------
  __cs_disable_thread[2l]=0 (0)

State 67 file /home/dell/zyworkspace/nichecker/Experiment/remarks2.1/svp_simple_018/_mt_svp_simple_018_001_result/_cs_svp_simple_018_001_para2_rwr_mt_svp_simple_018_001.c line 233 function main_task_0 thread 0
----------------------------------------------------
  __cs_disable_thread[0l]=0 (0)

State 69 file /home/dell/zyworkspace/nichecker/Experiment/remarks2.1/svp_simple_018/_mt_svp_simple_018_001_result/_cs_svp_simple_018_001_para2_rwr_mt_svp_simple_018_001.c line 244 function main_task_0 thread 0
----------------------------------------------------
  __cs_local_main_task_svp_simple_018_001_perimete=0.000000f (00000000000000000000000000000000)

State 70 file /home/dell/zyworkspace/nichecker/Experiment/remarks2.1/svp_simple_018/_mt_svp_simple_018_001_result/_cs_svp_simple_018_001_para2_rwr_mt_svp_simple_018_001.c line 248 function main_task_0 thread 0
----------------------------------------------------
  __cs_local_main_task_svp_simple_018_001_area=0.000000f (00000000000000000000000000000000)

State 74 file /home/dell/zyworkspace/nichecker/Experiment/remarks2.1/svp_simple_018/_mt_svp_simple_018_001_result/_cs_svp_simple_018_001_para2_rwr_mt_svp_simple_018_001.c line 256 function main_task_0 thread 0
----------------------------------------------------
  __cs_local_main_task_perimete=0.000000f (00000000000000000000000000000000)

State 75 file /home/dell/zyworkspace/nichecker/Experiment/remarks2.1/svp_simple_018/_mt_svp_simple_018_001_result/_cs_svp_simple_018_001_para2_rwr_mt_svp_simple_018_001.c line 259 function main_task_0 thread 0
----------------------------------------------------
  __cs_local_main_task_perimete=0.000000f (00000000000000000000000000000000)

State 76 file /home/dell/zyworkspace/nichecker/Experiment/remarks2.1/svp_simple_018/_mt_svp_simple_018_001_result/_cs_svp_simple_018_001_para2_rwr_mt_svp_simple_018_001.c line 261 function main_task_0 thread 0
----------------------------------------------------
  rwr_r1=0.000000f (00000000000000000000000000000000)

State 78 file /home/dell/zyworkspace/nichecker/Experiment/remarks2.1/svp_simple_018/_mt_svp_simple_018_001_result/_cs_svp_simple_018_001_para2_rwr_mt_svp_simple_018_001.c line 265 function main_task_0 thread 0
----------------------------------------------------
  rwr_tmp1_num=1 (00000000000000000000000000000001)

State 79 file /home/dell/zyworkspace/nichecker/Experiment/remarks2.1/svp_simple_018/_mt_svp_simple_018_001_result/_cs_svp_simple_018_001_para2_rwr_mt_svp_simple_018_001.c line 266 function main_task_0 thread 0
----------------------------------------------------
  rwr_tmp1=0.000000f (00000000000000000000000000000000)

State 85 file /home/dell/zyworkspace/nichecker/Experiment/remarks2.1/svp_simple_018/_mt_svp_simple_018_001_result/_cs_svp_simple_018_001_para2_rwr_mt_svp_simple_018_001.c line 328 function main_task_0 thread 0
----------------------------------------------------
  __cs_value_ptr=NULL (0000000000000000000000000000000000000000000000000000000000000000)

State 90 file /home/dell/zyworkspace/nichecker/Experiment/remarks2.1/svp_simple_018/_mt_svp_simple_018_001_result/_cs_svp_simple_018_001_para2_rwr_mt_svp_simple_018_001.c line 354 function main thread 0
----------------------------------------------------
  __cs_pc[1l]=2 (010)

State 91 file /home/dell/zyworkspace/nichecker/Experiment/remarks2.1/svp_simple_018/_mt_svp_simple_018_001_result/_cs_svp_simple_018_001_para2_rwr_mt_svp_simple_018_001.c line 360 function main thread 0
----------------------------------------------------
  __cs_tmp_t2_r0=1 (1)

State 93 file /home/dell/zyworkspace/nichecker/Experiment/remarks2.1/svp_simple_018/_mt_svp_simple_018_001_result/_cs_svp_simple_018_001_para2_rwr_mt_svp_simple_018_001.c line 365 function main thread 0
----------------------------------------------------
  __cs_thread_index=2 (010)

State 94 file /home/dell/zyworkspace/nichecker/Experiment/remarks2.1/svp_simple_018/_mt_svp_simple_018_001_result/_cs_svp_simple_018_001_para2_rwr_mt_svp_simple_018_001.c line 367 function main thread 0
----------------------------------------------------
  __cs_pc_cs[2l]=1 (001)

State 99 file /home/dell/zyworkspace/nichecker/Experiment/remarks2.1/svp_simple_018/_mt_svp_simple_018_001_result/_cs_svp_simple_018_001_para2_rwr_mt_svp_simple_018_001.c line 373 function main thread 0
----------------------------------------------------
  __cs_param_svp_simple_018_001_isr_1_arg=NULL (0000000000000000000000000000000000000000000000000000000000000000)

State 101 file /home/dell/zyworkspace/nichecker/Experiment/remarks2.1/svp_simple_018/_mt_svp_simple_018_001_result/_cs_svp_simple_018_001_para2_rwr_mt_svp_simple_018_001.c line 199 function svp_simple_018_001_isr_1_0 thread 0
----------------------------------------------------
  __cs_local_svp_simple_018_001_isr_1_i=0 (00000000000000000000000000000000)

State 102 file /home/dell/zyworkspace/nichecker/Experiment/remarks2.1/svp_simple_018/_mt_svp_simple_018_001_result/_cs_svp_simple_018_001_para2_rwr_mt_svp_simple_018_001.c line 204 function svp_simple_018_001_isr_1_0 thread 0
----------------------------------------------------
  svp_simple_018_001_para1=2.000000f (01000000000000000000000000000000)

State 106 file /home/dell/zyworkspace/nichecker/Experiment/remarks2.1/svp_simple_018/_mt_svp_simple_018_001_result/_cs_svp_simple_018_001_para2_rwr_mt_svp_simple_018_001.c line 215 function svp_simple_018_001_isr_1_0 thread 0
----------------------------------------------------
  __cs_value_ptr=NULL (0000000000000000000000000000000000000000000000000000000000000000)

State 111 file /home/dell/zyworkspace/nichecker/Experiment/remarks2.1/svp_simple_018/_mt_svp_simple_018_001_result/_cs_svp_simple_018_001_para2_rwr_mt_svp_simple_018_001.c line 375 function main thread 0
----------------------------------------------------
  __cs_pc[2l]=1 (001)

State 112 file /home/dell/zyworkspace/nichecker/Experiment/remarks2.1/svp_simple_018/_mt_svp_simple_018_001_result/_cs_svp_simple_018_001_para2_rwr_mt_svp_simple_018_001.c line 381 function main thread 0
----------------------------------------------------
  __cs_tmp_t3_r0=0 (0)

State 114 file /home/dell/zyworkspace/nichecker/Experiment/remarks2.1/svp_simple_018/_mt_svp_simple_018_001_result/_cs_svp_simple_018_001_para2_rwr_mt_svp_simple_018_001.c line 386 function main thread 0
----------------------------------------------------
  __cs_thread_index=3 (011)

State 115 file /home/dell/zyworkspace/nichecker/Experiment/remarks2.1/svp_simple_018/_mt_svp_simple_018_001_result/_cs_svp_simple_018_001_para2_rwr_mt_svp_simple_018_001.c line 388 function main thread 0
----------------------------------------------------
  __cs_pc_cs[3l]=0 (000)

State 120 file /home/dell/zyworkspace/nichecker/Experiment/remarks2.1/svp_simple_018/_mt_svp_simple_018_001_result/_cs_svp_simple_018_001_para2_rwr_mt_svp_simple_018_001.c line 394 function main thread 0
----------------------------------------------------
  __cs_param_svp_simple_018_001_isr_2_arg=NULL (0000000000000000000000000000000000000000000000000000000000000000)

State 124 file /home/dell/zyworkspace/nichecker/Experiment/remarks2.1/svp_simple_018/_mt_svp_simple_018_001_result/_cs_svp_simple_018_001_para2_rwr_mt_svp_simple_018_001.c line 186 function svp_simple_018_001_isr_2_0 thread 0
----------------------------------------------------
  __cs_value_ptr=NULL (0000000000000000000000000000000000000000000000000000000000000000)

State 129 file /home/dell/zyworkspace/nichecker/Experiment/remarks2.1/svp_simple_018/_mt_svp_simple_018_001_result/_cs_svp_simple_018_001_para2_rwr_mt_svp_simple_018_001.c line 396 function main thread 0
----------------------------------------------------
  __cs_pc[3l]=0 (000)

State 130 file /home/dell/zyworkspace/nichecker/Experiment/remarks2.1/svp_simple_018/_mt_svp_simple_018_001_result/_cs_svp_simple_018_001_para2_rwr_mt_svp_simple_018_001.c line 406 function main thread 0
----------------------------------------------------
  __cs_tmp_t1_r1=3 (011)

State 136 file /home/dell/zyworkspace/nichecker/Experiment/remarks2.1/svp_simple_018/_mt_svp_simple_018_001_result/_cs_svp_simple_018_001_para2_rwr_mt_svp_simple_018_001.c line 411 function main thread 0
----------------------------------------------------
  __cs_thread_index=1 (001)

State 137 file /home/dell/zyworkspace/nichecker/Experiment/remarks2.1/svp_simple_018/_mt_svp_simple_018_001_result/_cs_svp_simple_018_001_para2_rwr_mt_svp_simple_018_001.c line 413 function main thread 0
----------------------------------------------------
  __cs_pc_cs[1l]=3 (011)

State 142 file /home/dell/zyworkspace/nichecker/Experiment/remarks2.1/svp_simple_018/_mt_svp_simple_018_001_result/_cs_svp_simple_018_001_para2_rwr_mt_svp_simple_018_001.c line 419 function main thread 0
----------------------------------------------------
  __cs_param_main_task_arg=NULL (0000000000000000000000000000000000000000000000000000000000000000)

State 149 file /home/dell/zyworkspace/nichecker/Experiment/remarks2.1/svp_simple_018/_mt_svp_simple_018_001_result/_cs_svp_simple_018_001_para2_rwr_mt_svp_simple_018_001.c line 280 function main_task_0 thread 0
----------------------------------------------------
  __cs_local_main_task_area=0.000000f (00000000000000000000000000000000)

State 150 file /home/dell/zyworkspace/nichecker/Experiment/remarks2.1/svp_simple_018/_mt_svp_simple_018_001_result/_cs_svp_simple_018_001_para2_rwr_mt_svp_simple_018_001.c line 285 function main_task_0 thread 0
----------------------------------------------------
  __cs_temporary_0=0.000000f (00000000000000000000000000000000)

State 151 file /home/dell/zyworkspace/nichecker/Experiment/remarks2.1/svp_simple_018/_mt_svp_simple_018_001_result/_cs_svp_simple_018_001_para2_rwr_mt_svp_simple_018_001.c line 287 function main_task_0 thread 0
----------------------------------------------------
  rwr_r2=0.000000f (00000000000000000000000000000000)

State 154 file /home/dell/zyworkspace/nichecker/Experiment/remarks2.1/svp_simple_018/_mt_svp_simple_018_001_result/_cs_svp_simple_018_001_para2_rwr_mt_svp_simple_018_001.c line 291 function main_task_0 thread 0
----------------------------------------------------
  rwr_tmp1_num=2 (00000000000000000000000000000010)

State 155 file /home/dell/zyworkspace/nichecker/Experiment/remarks2.1/svp_simple_018/_mt_svp_simple_018_001_result/_cs_svp_simple_018_001_para2_rwr_mt_svp_simple_018_001.c line 292 function main_task_0 thread 0
----------------------------------------------------
  rwr_tmp1=0.000000f (00000000000000000000000000000000)

State 160 file /home/dell/zyworkspace/nichecker/Experiment/remarks2.1/svp_simple_018/_mt_svp_simple_018_001_result/_cs_svp_simple_018_001_para2_rwr_mt_svp_simple_018_001.c line 328 function main_task_0 thread 0
----------------------------------------------------
  __cs_value_ptr=NULL (0000000000000000000000000000000000000000000000000000000000000000)

State 165 file /home/dell/zyworkspace/nichecker/Experiment/remarks2.1/svp_simple_018/_mt_svp_simple_018_001_result/_cs_svp_simple_018_001_para2_rwr_mt_svp_simple_018_001.c line 421 function main thread 0
----------------------------------------------------
  __cs_pc[1l]=3 (011)

State 166 file /home/dell/zyworkspace/nichecker/Experiment/remarks2.1/svp_simple_018/_mt_svp_simple_018_001_result/_cs_svp_simple_018_001_para2_rwr_mt_svp_simple_018_001.c line 427 function main thread 0
----------------------------------------------------
  __cs_tmp_t2_r1=1 (1)

State 168 file /home/dell/zyworkspace/nichecker/Experiment/remarks2.1/svp_simple_018/_mt_svp_simple_018_001_result/_cs_svp_simple_018_001_para2_rwr_mt_svp_simple_018_001.c line 432 function main thread 0
----------------------------------------------------
  __cs_thread_index=2 (010)

State 169 file /home/dell/zyworkspace/nichecker/Experiment/remarks2.1/svp_simple_018/_mt_svp_simple_018_001_result/_cs_svp_simple_018_001_para2_rwr_mt_svp_simple_018_001.c line 434 function main thread 0
----------------------------------------------------
  __cs_pc_cs[2l]=1 (001)

State 174 file /home/dell/zyworkspace/nichecker/Experiment/remarks2.1/svp_simple_018/_mt_svp_simple_018_001_result/_cs_svp_simple_018_001_para2_rwr_mt_svp_simple_018_001.c line 440 function main thread 0
----------------------------------------------------
  __cs_param_svp_simple_018_001_isr_1_arg=NULL (0000000000000000000000000000000000000000000000000000000000000000)

State 178 file /home/dell/zyworkspace/nichecker/Experiment/remarks2.1/svp_simple_018/_mt_svp_simple_018_001_result/_cs_svp_simple_018_001_para2_rwr_mt_svp_simple_018_001.c line 215 function svp_simple_018_001_isr_1_0 thread 0
----------------------------------------------------
  __cs_value_ptr=NULL (0000000000000000000000000000000000000000000000000000000000000000)

State 183 file /home/dell/zyworkspace/nichecker/Experiment/remarks2.1/svp_simple_018/_mt_svp_simple_018_001_result/_cs_svp_simple_018_001_para2_rwr_mt_svp_simple_018_001.c line 442 function main thread 0
----------------------------------------------------
  __cs_pc[2l]=1 (001)

State 184 file /home/dell/zyworkspace/nichecker/Experiment/remarks2.1/svp_simple_018/_mt_svp_simple_018_001_result/_cs_svp_simple_018_001_para2_rwr_mt_svp_simple_018_001.c line 448 function main thread 0
----------------------------------------------------
  __cs_tmp_t3_r1=1 (1)

State 186 file /home/dell/zyworkspace/nichecker/Experiment/remarks2.1/svp_simple_018/_mt_svp_simple_018_001_result/_cs_svp_simple_018_001_para2_rwr_mt_svp_simple_018_001.c line 453 function main thread 0
----------------------------------------------------
  __cs_thread_index=3 (011)

State 187 file /home/dell/zyworkspace/nichecker/Experiment/remarks2.1/svp_simple_018/_mt_svp_simple_018_001_result/_cs_svp_simple_018_001_para2_rwr_mt_svp_simple_018_001.c line 455 function main thread 0
----------------------------------------------------
  __cs_pc_cs[3l]=1 (001)

State 192 file /home/dell/zyworkspace/nichecker/Experiment/remarks2.1/svp_simple_018/_mt_svp_simple_018_001_result/_cs_svp_simple_018_001_para2_rwr_mt_svp_simple_018_001.c line 461 function main thread 0
----------------------------------------------------
  __cs_param_svp_simple_018_001_isr_2_arg=NULL (0000000000000000000000000000000000000000000000000000000000000000)

State 194 file /home/dell/zyworkspace/nichecker/Experiment/remarks2.1/svp_simple_018/_mt_svp_simple_018_001_result/_cs_svp_simple_018_001_para2_rwr_mt_svp_simple_018_001.c line 166 function svp_simple_018_001_isr_2_0 thread 0
----------------------------------------------------
  __cs_local_svp_simple_018_001_isr_2_i=0 (00000000000000000000000000000000)

State 195 file /home/dell/zyworkspace/nichecker/Experiment/remarks2.1/svp_simple_018/_mt_svp_simple_018_001_result/_cs_svp_simple_018_001_para2_rwr_mt_svp_simple_018_001.c line 172 function svp_simple_018_001_isr_2_0 thread 0
----------------------------------------------------
  svp_simple_018_001_para2=1.000000f (00111111100000000000000000000000)

State 199 file /home/dell/zyworkspace/nichecker/Experiment/remarks2.1/svp_simple_018/_mt_svp_simple_018_001_result/_cs_svp_simple_018_001_para2_rwr_mt_svp_simple_018_001.c line 186 function svp_simple_018_001_isr_2_0 thread 0
----------------------------------------------------
  __cs_value_ptr=NULL (0000000000000000000000000000000000000000000000000000000000000000)

State 204 file /home/dell/zyworkspace/nichecker/Experiment/remarks2.1/svp_simple_018/_mt_svp_simple_018_001_result/_cs_svp_simple_018_001_para2_rwr_mt_svp_simple_018_001.c line 463 function main thread 0
----------------------------------------------------
  __cs_pc[3l]=1 (001)

State 205 file /home/dell/zyworkspace/nichecker/Experiment/remarks2.1/svp_simple_018/_mt_svp_simple_018_001_result/_cs_svp_simple_018_001_para2_rwr_mt_svp_simple_018_001.c line 467 function main thread 0
----------------------------------------------------
  __cs_tmp_t1_r2=4u (00000000000000000000000000000100)

State 207 file /home/dell/zyworkspace/nichecker/Experiment/remarks2.1/svp_simple_018/_mt_svp_simple_018_001_result/_cs_svp_simple_018_001_para2_rwr_mt_svp_simple_018_001.c line 472 function main thread 0
----------------------------------------------------
  __cs_thread_index=1 (001)

State 208 file /home/dell/zyworkspace/nichecker/Experiment/remarks2.1/svp_simple_018/_mt_svp_simple_018_001_result/_cs_svp_simple_018_001_para2_rwr_mt_svp_simple_018_001.c line 474 function main thread 0
----------------------------------------------------
  __cs_pc_cs[1l]=4 (100)

State 213 file /home/dell/zyworkspace/nichecker/Experiment/remarks2.1/svp_simple_018/_mt_svp_simple_018_001_result/_cs_svp_simple_018_001_para2_rwr_mt_svp_simple_018_001.c line 480 function main thread 0
----------------------------------------------------
  __cs_param_main_task_arg=NULL (0000000000000000000000000000000000000000000000000000000000000000)

State 218 file /home/dell/zyworkspace/nichecker/Experiment/remarks2.1/svp_simple_018/_mt_svp_simple_018_001_result/_cs_svp_simple_018_001_para2_rwr_mt_svp_simple_018_001.c line 300 function main_task_0 thread 0
----------------------------------------------------
  __cs_temporary_1=1.000000f (00111111100000000000000000000000)

State 219 file /home/dell/zyworkspace/nichecker/Experiment/remarks2.1/svp_simple_018/_mt_svp_simple_018_001_result/_cs_svp_simple_018_001_para2_rwr_mt_svp_simple_018_001.c line 302 function main_task_0 thread 0
----------------------------------------------------
  rwr_r3=1.000000f (00111111100000000000000000000000)

Violated property:
  file /home/dell/zyworkspace/nichecker/Experiment/remarks2.1/svp_simple_018/_mt_svp_simple_018_001_result/_cs_svp_simple_018_001_para2_rwr_mt_svp_simple_018_001.c line 304 function main_task_0
  assertion IEEE_FLOAT_EQUAL(rwr_r3, rwr_tmp1)
  IEEE_FLOAT_EQUAL(rwr_r3, rwr_tmp1)


** 2 of 3 failed (3 iterations)
VERIFICATION FAILED
