2023-10-04 12:13:28
SVPCheck: True	LoopAbstraction: True	LabelReduction: True	Slice: True	

SVPCheck var: svp_simple_018_001_para1	pattern: rwr
--------------------------Run start-------------------------------
inliner
slice
LoopAbstraction
unroller
insertLabel
lazyseq
feeder  0.231
[91mUNSAFE[0m, counterexample: 1, time: 3.374 s, memory: 31.20 MB
--------------------------Run end---------------------------------
SVPCheck var: svp_simple_018_001_para2	pattern: rwr
--------------------------Run start-------------------------------
inliner
slice
LoopAbstraction
unroller
insertLabel
lazyseq
feeder  0.237
[91mUNSAFE[0m, counterexample: 2, time: 3.444 s, memory: 31.12 MB
--------------------------Run end---------------------------------
cbmcTimeSum: 0.468
modulesTimeSum: 6.818
