CBMC version 5.6 64-bit x86_64 linux
Parsing /home/dell/zyworkspace/nichecker/Experiment/remarks2.1_basic/svp_simple_024/_mt_svp_simple_024_001_result/_cs_svp_simple_024_001_global_array[1]_rwr_mt_svp_simple_024_001.c
<command-line>: warning: "__STDC_VERSION__" redefined
<built-in>: note: this is the location of the previous definition
Converting
Type-checking _cs_svp_simple_024_001_global_array[1]_rwr_mt_svp_simple_024_001
file /home/dell/zyworkspace/nichecker/Experiment/remarks2.1_basic/svp_simple_024/_mt_svp_simple_024_001_result/_cs_svp_simple_024_001_global_array[1]_rwr_mt_svp_simple_024_001.c line 199 function main_task_0: function `nondet_rand' is not declared
file /home/dell/zyworkspace/nichecker/Experiment/remarks2.1_basic/svp_simple_024/_mt_svp_simple_024_001_result/_cs_svp_simple_024_001_global_array[1]_rwr_mt_svp_simple_024_001.c line 230 function main_task_0: function `assert' is not declared
Generating GOTO Program
Adding CPROVER library (x86_64)
Removal of function pointers and virtual functions
Partial Inlining
Generic Property Instrumentation
Starting Bounded Model Checking
**** WARNING: no body for function enable_isr
size of program expression: 752 steps
simple slicing removed 129 assignments
Generated 5 VCC(s), 4 remaining after simplification
Passing problem to propositional reduction
converting SSA
Running propositional reduction
Post-processing
Solving with MiniSAT 2.2.1 with simplifier
955 variables, 1909 clauses
SAT checker: instance is UNSATISFIABLE
Runtime decision procedure: 0.006s

** Results:
[main_task_0.assertion.1] assertion rwr_r1 == rwr_tmp1: SUCCESS
[main_task_0.assertion.2] assertion rwr_r2 == rwr_tmp1: SUCCESS

** 0 of 2 failed (1 iteration)
VERIFICATION SUCCESSFUL
