CBMC version 5.6 64-bit x86_64 linux
Parsing /home/dell/zyworkspace/nichecker/Experiment/remarks2.1_basic/svp_simple_025/_mt_svp_simple_025_001_result/_cs_svp_simple_025_001_global_var_rww_mt_svp_simple_025_001.c
<command-line>: warning: "__STDC_VERSION__" redefined
<built-in>: note: this is the location of the previous definition
Converting
Type-checking _cs_svp_simple_025_001_global_var_rww_mt_svp_simple_025_001
file /home/dell/zyworkspace/nichecker/Experiment/remarks2.1_basic/svp_simple_025/_mt_svp_simple_025_001_result/_cs_svp_simple_025_001_global_var_rww_mt_svp_simple_025_001.c line 183 function main_task_0: function `nondet_rand' is not declared
file /home/dell/zyworkspace/nichecker/Experiment/remarks2.1_basic/svp_simple_025/_mt_svp_simple_025_001_result/_cs_svp_simple_025_001_global_var_rww_mt_svp_simple_025_001.c line 227 function main_task_0: function `assert' is not declared
Generating GOTO Program
Adding CPROVER library (x86_64)
Removal of function pointers and virtual functions
Partial Inlining
Generic Property Instrumentation
Starting Bounded Model Checking
**** WARNING: no body for function enable_isr
size of program expression: 329 steps
simple slicing removed 21 assignments
Generated 3 VCC(s), 3 remaining after simplification
Passing problem to propositional reduction
converting SSA
Running propositional reduction
Post-processing
Solving with MiniSAT 2.2.1 with simplifier
1468 variables, 3683 clauses
SAT checker: instance is SATISFIABLE
Runtime decision procedure: 0.01s

** Results:
[main_task_0.assertion.1] assertion rww_w1 == rww_r_tmp1: FAILURE

Trace for main_task_0.assertion.1:

State 40 file /home/dell/zyworkspace/nichecker/Experiment/remarks2.1_basic/svp_simple_025/_mt_svp_simple_025_001_result/_cs_svp_simple_025_001_global_var_rww_mt_svp_simple_025_001.c line 278 function main thread 0
----------------------------------------------------
  __cs_tmp_t1_r0=3 (011)

State 42 file /home/dell/zyworkspace/nichecker/Experiment/remarks2.1_basic/svp_simple_025/_mt_svp_simple_025_001_result/_cs_svp_simple_025_001_global_var_rww_mt_svp_simple_025_001.c line 282 function main thread 0
----------------------------------------------------
  __cs_thread_index=1 (01)

State 43 file /home/dell/zyworkspace/nichecker/Experiment/remarks2.1_basic/svp_simple_025/_mt_svp_simple_025_001_result/_cs_svp_simple_025_001_global_var_rww_mt_svp_simple_025_001.c line 284 function main thread 0
----------------------------------------------------
  __cs_pc_cs[1l]=3 (011)

State 48 file /home/dell/zyworkspace/nichecker/Experiment/remarks2.1_basic/svp_simple_025/_mt_svp_simple_025_001_result/_cs_svp_simple_025_001_global_var_rww_mt_svp_simple_025_001.c line 290 function main thread 0
----------------------------------------------------
  __cs_param_main_task_arg=NULL (0000000000000000000000000000000000000000000000000000000000000000)

State 50 file /home/dell/zyworkspace/nichecker/Experiment/remarks2.1_basic/svp_simple_025/_mt_svp_simple_025_001_result/_cs_svp_simple_025_001_global_var_rww_mt_svp_simple_025_001.c line 183 function main_task_0 thread 0
----------------------------------------------------
  svp_simple_025_001_global_var=0 (00000000000000000000000000000000)

State 54 file /home/dell/zyworkspace/nichecker/Experiment/remarks2.1_basic/svp_simple_025/_mt_svp_simple_025_001_result/_cs_svp_simple_025_001_global_var_rww_mt_svp_simple_025_001.c line 189 function main_task_0 thread 0
----------------------------------------------------
  __cs_disable_thread[2l]=0 (0)

State 55 file /home/dell/zyworkspace/nichecker/Experiment/remarks2.1_basic/svp_simple_025/_mt_svp_simple_025_001_result/_cs_svp_simple_025_001_global_var_rww_mt_svp_simple_025_001.c line 192 function main_task_0 thread 0
----------------------------------------------------
  __cs_disable_thread[0l]=0 (0)

State 57 file /home/dell/zyworkspace/nichecker/Experiment/remarks2.1_basic/svp_simple_025/_mt_svp_simple_025_001_result/_cs_svp_simple_025_001_global_var_rww_mt_svp_simple_025_001.c line 207 function main_task_0 thread 0
----------------------------------------------------
  __cs_local_main_task_ptr_var=&svp_simple_025_001_global_var (0000001000000000000000000000000000000000000000000000000000000000)

State 58 file /home/dell/zyworkspace/nichecker/Experiment/remarks2.1_basic/svp_simple_025/_mt_svp_simple_025_001_result/_cs_svp_simple_025_001_global_var_rww_mt_svp_simple_025_001.c line 211 function main_task_0 thread 0
----------------------------------------------------
  __cs_temporary_0=0 (00000000000000000000000000000000)

State 60 file /home/dell/zyworkspace/nichecker/Experiment/remarks2.1_basic/svp_simple_025/_mt_svp_simple_025_001_result/_cs_svp_simple_025_001_global_var_rww_mt_svp_simple_025_001.c line 216 function main_task_0 thread 0
----------------------------------------------------
  __cs_temporary_0=1 (00000000000000000000000000000001)

State 61 file /home/dell/zyworkspace/nichecker/Experiment/remarks2.1_basic/svp_simple_025/_mt_svp_simple_025_001_result/_cs_svp_simple_025_001_global_var_rww_mt_svp_simple_025_001.c line 218 function main_task_0 thread 0
----------------------------------------------------
  rww_r_tmp1_num=1 (00000000000000000000000000000001)

State 62 file /home/dell/zyworkspace/nichecker/Experiment/remarks2.1_basic/svp_simple_025/_mt_svp_simple_025_001_result/_cs_svp_simple_025_001_global_var_rww_mt_svp_simple_025_001.c line 219 function main_task_0 thread 0
----------------------------------------------------
  rww_r_tmp1=0 (00000000000000000000000000000000)

State 66 file /home/dell/zyworkspace/nichecker/Experiment/remarks2.1_basic/svp_simple_025/_mt_svp_simple_025_001_result/_cs_svp_simple_025_001_global_var_rww_mt_svp_simple_025_001.c line 246 function main_task_0 thread 0
----------------------------------------------------
  __cs_value_ptr=NULL (0000000000000000000000000000000000000000000000000000000000000000)

State 71 file /home/dell/zyworkspace/nichecker/Experiment/remarks2.1_basic/svp_simple_025/_mt_svp_simple_025_001_result/_cs_svp_simple_025_001_global_var_rww_mt_svp_simple_025_001.c line 292 function main thread 0
----------------------------------------------------
  __cs_pc[1l]=3 (011)

State 72 file /home/dell/zyworkspace/nichecker/Experiment/remarks2.1_basic/svp_simple_025/_mt_svp_simple_025_001_result/_cs_svp_simple_025_001_global_var_rww_mt_svp_simple_025_001.c line 298 function main thread 0
----------------------------------------------------
  __cs_tmp_t2_r0=1 (1)

State 74 file /home/dell/zyworkspace/nichecker/Experiment/remarks2.1_basic/svp_simple_025/_mt_svp_simple_025_001_result/_cs_svp_simple_025_001_global_var_rww_mt_svp_simple_025_001.c line 303 function main thread 0
----------------------------------------------------
  __cs_thread_index=2 (10)

State 75 file /home/dell/zyworkspace/nichecker/Experiment/remarks2.1_basic/svp_simple_025/_mt_svp_simple_025_001_result/_cs_svp_simple_025_001_global_var_rww_mt_svp_simple_025_001.c line 305 function main thread 0
----------------------------------------------------
  __cs_pc_cs[2l]=1 (001)

State 80 file /home/dell/zyworkspace/nichecker/Experiment/remarks2.1_basic/svp_simple_025/_mt_svp_simple_025_001_result/_cs_svp_simple_025_001_global_var_rww_mt_svp_simple_025_001.c line 311 function main thread 0
----------------------------------------------------
  __cs_param_svp_simple_025_001_isr_1_arg=NULL (0000000000000000000000000000000000000000000000000000000000000000)

State 82 file /home/dell/zyworkspace/nichecker/Experiment/remarks2.1_basic/svp_simple_025/_mt_svp_simple_025_001_result/_cs_svp_simple_025_001_global_var_rww_mt_svp_simple_025_001.c line 255 function svp_simple_025_001_isr_1_0 thread 0
----------------------------------------------------
  svp_simple_025_001_global_var=1 (00000000000000000000000000000001)

State 86 file /home/dell/zyworkspace/nichecker/Experiment/remarks2.1_basic/svp_simple_025/_mt_svp_simple_025_001_result/_cs_svp_simple_025_001_global_var_rww_mt_svp_simple_025_001.c line 266 function svp_simple_025_001_isr_1_0 thread 0
----------------------------------------------------
  __cs_value_ptr=NULL (0000000000000000000000000000000000000000000000000000000000000000)

State 91 file /home/dell/zyworkspace/nichecker/Experiment/remarks2.1_basic/svp_simple_025/_mt_svp_simple_025_001_result/_cs_svp_simple_025_001_global_var_rww_mt_svp_simple_025_001.c line 313 function main thread 0
----------------------------------------------------
  __cs_pc[2l]=1 (001)

State 92 file /home/dell/zyworkspace/nichecker/Experiment/remarks2.1_basic/svp_simple_025/_mt_svp_simple_025_001_result/_cs_svp_simple_025_001_global_var_rww_mt_svp_simple_025_001.c line 323 function main thread 0
----------------------------------------------------
  __cs_tmp_t1_r1=3 (011)

State 94 file /home/dell/zyworkspace/nichecker/Experiment/remarks2.1_basic/svp_simple_025/_mt_svp_simple_025_001_result/_cs_svp_simple_025_001_global_var_rww_mt_svp_simple_025_001.c line 328 function main thread 0
----------------------------------------------------
  __cs_thread_index=1 (01)

State 95 file /home/dell/zyworkspace/nichecker/Experiment/remarks2.1_basic/svp_simple_025/_mt_svp_simple_025_001_result/_cs_svp_simple_025_001_global_var_rww_mt_svp_simple_025_001.c line 330 function main thread 0
----------------------------------------------------
  __cs_pc_cs[1l]=3 (011)

State 100 file /home/dell/zyworkspace/nichecker/Experiment/remarks2.1_basic/svp_simple_025/_mt_svp_simple_025_001_result/_cs_svp_simple_025_001_global_var_rww_mt_svp_simple_025_001.c line 336 function main thread 0
----------------------------------------------------
  __cs_param_main_task_arg=NULL (0000000000000000000000000000000000000000000000000000000000000000)

State 107 file /home/dell/zyworkspace/nichecker/Experiment/remarks2.1_basic/svp_simple_025/_mt_svp_simple_025_001_result/_cs_svp_simple_025_001_global_var_rww_mt_svp_simple_025_001.c line 246 function main_task_0 thread 0
----------------------------------------------------
  __cs_value_ptr=NULL (0000000000000000000000000000000000000000000000000000000000000000)

State 112 file /home/dell/zyworkspace/nichecker/Experiment/remarks2.1_basic/svp_simple_025/_mt_svp_simple_025_001_result/_cs_svp_simple_025_001_global_var_rww_mt_svp_simple_025_001.c line 338 function main thread 0
----------------------------------------------------
  __cs_pc[1l]=3 (011)

State 113 file /home/dell/zyworkspace/nichecker/Experiment/remarks2.1_basic/svp_simple_025/_mt_svp_simple_025_001_result/_cs_svp_simple_025_001_global_var_rww_mt_svp_simple_025_001.c line 344 function main thread 0
----------------------------------------------------
  __cs_tmp_t2_r1=1 (1)

State 115 file /home/dell/zyworkspace/nichecker/Experiment/remarks2.1_basic/svp_simple_025/_mt_svp_simple_025_001_result/_cs_svp_simple_025_001_global_var_rww_mt_svp_simple_025_001.c line 349 function main thread 0
----------------------------------------------------
  __cs_thread_index=2 (10)

State 116 file /home/dell/zyworkspace/nichecker/Experiment/remarks2.1_basic/svp_simple_025/_mt_svp_simple_025_001_result/_cs_svp_simple_025_001_global_var_rww_mt_svp_simple_025_001.c line 351 function main thread 0
----------------------------------------------------
  __cs_pc_cs[2l]=1 (001)

State 121 file /home/dell/zyworkspace/nichecker/Experiment/remarks2.1_basic/svp_simple_025/_mt_svp_simple_025_001_result/_cs_svp_simple_025_001_global_var_rww_mt_svp_simple_025_001.c line 357 function main thread 0
----------------------------------------------------
  __cs_param_svp_simple_025_001_isr_1_arg=NULL (0000000000000000000000000000000000000000000000000000000000000000)

State 125 file /home/dell/zyworkspace/nichecker/Experiment/remarks2.1_basic/svp_simple_025/_mt_svp_simple_025_001_result/_cs_svp_simple_025_001_global_var_rww_mt_svp_simple_025_001.c line 266 function svp_simple_025_001_isr_1_0 thread 0
----------------------------------------------------
  __cs_value_ptr=NULL (0000000000000000000000000000000000000000000000000000000000000000)

State 130 file /home/dell/zyworkspace/nichecker/Experiment/remarks2.1_basic/svp_simple_025/_mt_svp_simple_025_001_result/_cs_svp_simple_025_001_global_var_rww_mt_svp_simple_025_001.c line 359 function main thread 0
----------------------------------------------------
  __cs_pc[2l]=1 (001)

State 131 file /home/dell/zyworkspace/nichecker/Experiment/remarks2.1_basic/svp_simple_025/_mt_svp_simple_025_001_result/_cs_svp_simple_025_001_global_var_rww_mt_svp_simple_025_001.c line 363 function main thread 0
----------------------------------------------------
  __cs_tmp_t1_r2=4u (00000000000000000000000000000100)

State 133 file /home/dell/zyworkspace/nichecker/Experiment/remarks2.1_basic/svp_simple_025/_mt_svp_simple_025_001_result/_cs_svp_simple_025_001_global_var_rww_mt_svp_simple_025_001.c line 368 function main thread 0
----------------------------------------------------
  __cs_thread_index=1 (01)

State 134 file /home/dell/zyworkspace/nichecker/Experiment/remarks2.1_basic/svp_simple_025/_mt_svp_simple_025_001_result/_cs_svp_simple_025_001_global_var_rww_mt_svp_simple_025_001.c line 370 function main thread 0
----------------------------------------------------
  __cs_pc_cs[1l]=4 (100)

State 139 file /home/dell/zyworkspace/nichecker/Experiment/remarks2.1_basic/svp_simple_025/_mt_svp_simple_025_001_result/_cs_svp_simple_025_001_global_var_rww_mt_svp_simple_025_001.c line 376 function main thread 0
----------------------------------------------------
  __cs_param_main_task_arg=NULL (0000000000000000000000000000000000000000000000000000000000000000)

State 144 file /home/dell/zyworkspace/nichecker/Experiment/remarks2.1_basic/svp_simple_025/_mt_svp_simple_025_001_result/_cs_svp_simple_025_001_global_var_rww_mt_svp_simple_025_001.c line 225 function main_task_0 thread 0
----------------------------------------------------
  rww_w1=1 (00000000000000000000000000000001)

Violated property:
  file /home/dell/zyworkspace/nichecker/Experiment/remarks2.1_basic/svp_simple_025/_mt_svp_simple_025_001_result/_cs_svp_simple_025_001_global_var_rww_mt_svp_simple_025_001.c line 227 function main_task_0
  assertion rww_w1 == rww_r_tmp1
  rww_w1 == rww_r_tmp1


** 1 of 1 failed (1 iteration)
VERIFICATION FAILED
