2023-10-15 16:24:10
SVPCheck: True	LoopAbstraction: True	LabelReduction: False	Slice: True	

SVPCheck var: svp_simple_026_001_gloable_var	pattern: rww
--------------------------Run start-------------------------------
inliner
slice
LoopAbstraction
unroller
insertLabel
lazyseq
feeder  0.217
[91mUNSAFE[0m, counterexample: 2, time: 2.634 s, memory: 30.19 MB
--------------------------Run end---------------------------------
SVPCheck var: svp_simple_026_001_gloable_var	pattern: wwr
--------------------------Run start-------------------------------
inliner
slice
LoopAbstraction
unroller
insertLabel
lazyseq
feeder  0.187
[92mSAFE[0m, counterexample: 0, time: 2.539 s, memory: 28.64 MB
--------------------------Run end---------------------------------
cbmcTimeSum: 0.404
modulesTimeSum: 5.173
