CBMC version 5.6 64-bit x86_64 linux
Parsing /home/dell/zyworkspace/nichecker/Experiment/remarks2.1_LA_PPR/svp_simple_014/_mt_svp_simple_014_001_result/_cs_svp_simple_014_001_global_var1_rwr_mt_svp_simple_014_001.c
<command-line>: warning: "__STDC_VERSION__" redefined
<built-in>: note: this is the location of the previous definition
Converting
Type-checking _cs_svp_simple_014_001_global_var1_rwr_mt_svp_simple_014_001
file /home/dell/zyworkspace/nichecker/Experiment/remarks2.1_LA_PPR/svp_simple_014/_mt_svp_simple_014_001_result/_cs_svp_simple_014_001_global_var1_rwr_mt_svp_simple_014_001.c line 458 function svp_simple_014_001_isr_1_0: function `assert' is not declared
Generating GOTO Program
Adding CPROVER library (x86_64)
Removal of function pointers and virtual functions
Partial Inlining
Generic Property Instrumentation
Starting Bounded Model Checking
**** WARNING: no body for function enable_isr
**** WARNING: no body for function disable_isr
size of program expression: 1149 steps
simple slicing removed 288 assignments
Generated 5 VCC(s), 5 remaining after simplification
Passing problem to propositional reduction
converting SSA
Running propositional reduction
Post-processing
Solving with MiniSAT 2.2.1 with simplifier
4804 variables, 14792 clauses
SAT checker: instance is SATISFIABLE
Solving with MiniSAT 2.2.1 with simplifier
4804 variables, 6395 clauses
SAT checker: instance is UNSATISFIABLE
Runtime decision procedure: 0.031s

** Results:
[svp_simple_014_001_isr_1_0.assertion.1] assertion rwr_r1 == rwr_tmp2: SUCCESS
[svp_simple_014_001_isr_1_0.assertion.2] assertion rwr_r2 == rwr_tmp2: SUCCESS
[svp_simple_014_001_isr_1_0.assertion.3] assertion rwr_r3 == rwr_tmp2: FAILURE

Trace for svp_simple_014_001_isr_1_0.assertion.3:

State 68 file /home/dell/zyworkspace/nichecker/Experiment/remarks2.1_LA_PPR/svp_simple_014/_mt_svp_simple_014_001_result/_cs_svp_simple_014_001_global_var1_rwr_mt_svp_simple_014_001.c line 744 function main thread 0
----------------------------------------------------
  __cs_tmp_t1_r0=1 (01)

State 70 file /home/dell/zyworkspace/nichecker/Experiment/remarks2.1_LA_PPR/svp_simple_014/_mt_svp_simple_014_001_result/_cs_svp_simple_014_001_global_var1_rwr_mt_svp_simple_014_001.c line 748 function main thread 0
----------------------------------------------------
  __cs_thread_index=1 (001)

State 71 file /home/dell/zyworkspace/nichecker/Experiment/remarks2.1_LA_PPR/svp_simple_014/_mt_svp_simple_014_001_result/_cs_svp_simple_014_001_global_var1_rwr_mt_svp_simple_014_001.c line 750 function main thread 0
----------------------------------------------------
  __cs_pc_cs[1l]=1 (001)

State 76 file /home/dell/zyworkspace/nichecker/Experiment/remarks2.1_LA_PPR/svp_simple_014/_mt_svp_simple_014_001_result/_cs_svp_simple_014_001_global_var1_rwr_mt_svp_simple_014_001.c line 756 function main thread 0
----------------------------------------------------
  __cs_param_main_task_arg=NULL (0000000000000000000000000000000000000000000000000000000000000000)

State 81 file /home/dell/zyworkspace/nichecker/Experiment/remarks2.1_LA_PPR/svp_simple_014/_mt_svp_simple_014_001_result/_cs_svp_simple_014_001_global_var1_rwr_mt_svp_simple_014_001.c line 235 function main_task_0 thread 0
----------------------------------------------------
  __cs_disable_thread[2l]=0 (0)

State 82 file /home/dell/zyworkspace/nichecker/Experiment/remarks2.1_LA_PPR/svp_simple_014/_mt_svp_simple_014_001_result/_cs_svp_simple_014_001_global_var1_rwr_mt_svp_simple_014_001.c line 238 function main_task_0 thread 0
----------------------------------------------------
  __cs_disable_thread[3l]=0 (0)

State 83 file /home/dell/zyworkspace/nichecker/Experiment/remarks2.1_LA_PPR/svp_simple_014/_mt_svp_simple_014_001_result/_cs_svp_simple_014_001_global_var1_rwr_mt_svp_simple_014_001.c line 241 function main_task_0 thread 0
----------------------------------------------------
  __cs_disable_thread[4l]=0 (0)

State 84 file /home/dell/zyworkspace/nichecker/Experiment/remarks2.1_LA_PPR/svp_simple_014/_mt_svp_simple_014_001_result/_cs_svp_simple_014_001_global_var1_rwr_mt_svp_simple_014_001.c line 244 function main_task_0 thread 0
----------------------------------------------------
  __cs_disable_thread[0l]=0 (0)

State 89 file /home/dell/zyworkspace/nichecker/Experiment/remarks2.1_LA_PPR/svp_simple_014/_mt_svp_simple_014_001_result/_cs_svp_simple_014_001_global_var1_rwr_mt_svp_simple_014_001.c line 381 function main_task_0 thread 0
----------------------------------------------------
  __cs_value_ptr=NULL (0000000000000000000000000000000000000000000000000000000000000000)

State 94 file /home/dell/zyworkspace/nichecker/Experiment/remarks2.1_LA_PPR/svp_simple_014/_mt_svp_simple_014_001_result/_cs_svp_simple_014_001_global_var1_rwr_mt_svp_simple_014_001.c line 758 function main thread 0
----------------------------------------------------
  __cs_pc[1l]=1 (001)

State 95 file /home/dell/zyworkspace/nichecker/Experiment/remarks2.1_LA_PPR/svp_simple_014/_mt_svp_simple_014_001_result/_cs_svp_simple_014_001_global_var1_rwr_mt_svp_simple_014_001.c line 764 function main thread 0
----------------------------------------------------
  __cs_tmp_t2_r0=3 (011)

State 102 file /home/dell/zyworkspace/nichecker/Experiment/remarks2.1_LA_PPR/svp_simple_014/_mt_svp_simple_014_001_result/_cs_svp_simple_014_001_global_var1_rwr_mt_svp_simple_014_001.c line 769 function main thread 0
----------------------------------------------------
  __cs_thread_index=2 (010)

State 103 file /home/dell/zyworkspace/nichecker/Experiment/remarks2.1_LA_PPR/svp_simple_014/_mt_svp_simple_014_001_result/_cs_svp_simple_014_001_global_var1_rwr_mt_svp_simple_014_001.c line 771 function main thread 0
----------------------------------------------------
  __cs_pc_cs[2l]=3 (011)

State 108 file /home/dell/zyworkspace/nichecker/Experiment/remarks2.1_LA_PPR/svp_simple_014/_mt_svp_simple_014_001_result/_cs_svp_simple_014_001_global_var1_rwr_mt_svp_simple_014_001.c line 777 function main thread 0
----------------------------------------------------
  __cs_param_svp_simple_014_001_isr_1_arg=NULL (0000000000000000000000000000000000000000000000000000000000000000)

State 113 file /home/dell/zyworkspace/nichecker/Experiment/remarks2.1_LA_PPR/svp_simple_014/_mt_svp_simple_014_001_result/_cs_svp_simple_014_001_global_var1_rwr_mt_svp_simple_014_001.c line 393 function svp_simple_014_001_isr_1_0 thread 0
----------------------------------------------------
  __cs_disable_thread[4l]=1 (1)

State 114 file /home/dell/zyworkspace/nichecker/Experiment/remarks2.1_LA_PPR/svp_simple_014/_mt_svp_simple_014_001_result/_cs_svp_simple_014_001_global_var1_rwr_mt_svp_simple_014_001.c line 409 function svp_simple_014_001_isr_1_0 thread 0
----------------------------------------------------
  __cs_local_svp_simple_014_001_isr_1_i=0 (00000000000000000000000000000000)

State 115 file /home/dell/zyworkspace/nichecker/Experiment/remarks2.1_LA_PPR/svp_simple_014/_mt_svp_simple_014_001_result/_cs_svp_simple_014_001_global_var1_rwr_mt_svp_simple_014_001.c line 416 function svp_simple_014_001_isr_1_0 thread 0
----------------------------------------------------
  __cs_local_svp_simple_014_001_isr_1_t_2=0 (00000000000000000000000000000000)

State 117 file /home/dell/zyworkspace/nichecker/Experiment/remarks2.1_LA_PPR/svp_simple_014/_mt_svp_simple_014_001_result/_cs_svp_simple_014_001_global_var1_rwr_mt_svp_simple_014_001.c line 434 function svp_simple_014_001_isr_1_0 thread 0
----------------------------------------------------
  __cs_local_svp_simple_014_001_isr_1_loop_2_IOVar1=0 (00000000000000000000000000000000)

State 118 file /home/dell/zyworkspace/nichecker/Experiment/remarks2.1_LA_PPR/svp_simple_014/_mt_svp_simple_014_001_result/_cs_svp_simple_014_001_global_var1_rwr_mt_svp_simple_014_001.c line 436 function svp_simple_014_001_isr_1_0 thread 0
----------------------------------------------------
  __cs_local_svp_simple_014_001_isr_1_loop_2_block_2=97 (00000000000000000000000001100001)

State 119 file /home/dell/zyworkspace/nichecker/Experiment/remarks2.1_LA_PPR/svp_simple_014/_mt_svp_simple_014_001_result/_cs_svp_simple_014_001_global_var1_rwr_mt_svp_simple_014_001.c line 438 function svp_simple_014_001_isr_1_0 thread 0
----------------------------------------------------
  __cs_local_svp_simple_014_001_isr_1_i=97 (00000000000000000000000001100001)

State 122 file /home/dell/zyworkspace/nichecker/Experiment/remarks2.1_LA_PPR/svp_simple_014/_mt_svp_simple_014_001_result/_cs_svp_simple_014_001_global_var1_rwr_mt_svp_simple_014_001.c line 448 function svp_simple_014_001_isr_1_0 thread 0
----------------------------------------------------
  __cs_local_svp_simple_014_001_isr_1___cs_tmp_if_cond_0=FALSE (00000000)

State 125 file /home/dell/zyworkspace/nichecker/Experiment/remarks2.1_LA_PPR/svp_simple_014/_mt_svp_simple_014_001_result/_cs_svp_simple_014_001_global_var1_rwr_mt_svp_simple_014_001.c line 474 function svp_simple_014_001_isr_1_0 thread 0
----------------------------------------------------
  __cs_local_svp_simple_014_001_isr_1_i=98 (00000000000000000000000001100010)

State 126 file /home/dell/zyworkspace/nichecker/Experiment/remarks2.1_LA_PPR/svp_simple_014/_mt_svp_simple_014_001_result/_cs_svp_simple_014_001_global_var1_rwr_mt_svp_simple_014_001.c line 479 function svp_simple_014_001_isr_1_0 thread 0
----------------------------------------------------
  __cs_local_svp_simple_014_001_isr_1_t_2=1 (00000000000000000000000000000001)

State 128 file /home/dell/zyworkspace/nichecker/Experiment/remarks2.1_LA_PPR/svp_simple_014/_mt_svp_simple_014_001_result/_cs_svp_simple_014_001_global_var1_rwr_mt_svp_simple_014_001.c line 497 function svp_simple_014_001_isr_1_0 thread 0
----------------------------------------------------
  __cs_local_svp_simple_014_001_isr_1_loop_2_IOVar1=98 (00000000000000000000000001100010)

State 129 file /home/dell/zyworkspace/nichecker/Experiment/remarks2.1_LA_PPR/svp_simple_014/_mt_svp_simple_014_001_result/_cs_svp_simple_014_001_global_var1_rwr_mt_svp_simple_014_001.c line 499 function svp_simple_014_001_isr_1_0 thread 0
----------------------------------------------------
  __cs_local_svp_simple_014_001_isr_1_loop_2_block_2=1 (00000000000000000000000000000001)

State 130 file /home/dell/zyworkspace/nichecker/Experiment/remarks2.1_LA_PPR/svp_simple_014/_mt_svp_simple_014_001_result/_cs_svp_simple_014_001_global_var1_rwr_mt_svp_simple_014_001.c line 501 function svp_simple_014_001_isr_1_0 thread 0
----------------------------------------------------
  __cs_local_svp_simple_014_001_isr_1_i=99 (00000000000000000000000001100011)

State 133 file /home/dell/zyworkspace/nichecker/Experiment/remarks2.1_LA_PPR/svp_simple_014/_mt_svp_simple_014_001_result/_cs_svp_simple_014_001_global_var1_rwr_mt_svp_simple_014_001.c line 511 function svp_simple_014_001_isr_1_0 thread 0
----------------------------------------------------
  __cs_local_svp_simple_014_001_isr_1___cs_tmp_if_cond_0=TRUE (00000001)

State 135 file /home/dell/zyworkspace/nichecker/Experiment/remarks2.1_LA_PPR/svp_simple_014/_mt_svp_simple_014_001_result/_cs_svp_simple_014_001_global_var1_rwr_mt_svp_simple_014_001.c line 517 function svp_simple_014_001_isr_1_0 thread 0
----------------------------------------------------
  __cs_local_svp_simple_014_001_isr_1_reader1=1 (00000000000000000000000000000001)

State 136 file /home/dell/zyworkspace/nichecker/Experiment/remarks2.1_LA_PPR/svp_simple_014/_mt_svp_simple_014_001_result/_cs_svp_simple_014_001_global_var1_rwr_mt_svp_simple_014_001.c line 519 function svp_simple_014_001_isr_1_0 thread 0
----------------------------------------------------
  rwr_r2=1 (00000000000000000000000000000001)

State 138 file /home/dell/zyworkspace/nichecker/Experiment/remarks2.1_LA_PPR/svp_simple_014/_mt_svp_simple_014_001_result/_cs_svp_simple_014_001_global_var1_rwr_mt_svp_simple_014_001.c line 523 function svp_simple_014_001_isr_1_0 thread 0
----------------------------------------------------
  rwr_tmp2_num=1 (00000000000000000000000000000001)

State 139 file /home/dell/zyworkspace/nichecker/Experiment/remarks2.1_LA_PPR/svp_simple_014/_mt_svp_simple_014_001_result/_cs_svp_simple_014_001_global_var1_rwr_mt_svp_simple_014_001.c line 524 function svp_simple_014_001_isr_1_0 thread 0
----------------------------------------------------
  rwr_tmp2=1 (00000000000000000000000000000001)

State 142 file /home/dell/zyworkspace/nichecker/Experiment/remarks2.1_LA_PPR/svp_simple_014/_mt_svp_simple_014_001_result/_cs_svp_simple_014_001_global_var1_rwr_mt_svp_simple_014_001.c line 537 function svp_simple_014_001_isr_1_0 thread 0
----------------------------------------------------
  __cs_local_svp_simple_014_001_isr_1_i=100 (00000000000000000000000001100100)

State 143 file /home/dell/zyworkspace/nichecker/Experiment/remarks2.1_LA_PPR/svp_simple_014/_mt_svp_simple_014_001_result/_cs_svp_simple_014_001_global_var1_rwr_mt_svp_simple_014_001.c line 542 function svp_simple_014_001_isr_1_0 thread 0
----------------------------------------------------
  __cs_local_svp_simple_014_001_isr_1_t_2=2 (00000000000000000000000000000010)

State 144 file /home/dell/zyworkspace/nichecker/Experiment/remarks2.1_LA_PPR/svp_simple_014/_mt_svp_simple_014_001_result/_cs_svp_simple_014_001_global_var1_rwr_mt_svp_simple_014_001.c line 545 function svp_simple_014_001_isr_1_0 thread 0
----------------------------------------------------
  __cs_loop_2=FALSE (00000000)

State 149 file /home/dell/zyworkspace/nichecker/Experiment/remarks2.1_LA_PPR/svp_simple_014/_mt_svp_simple_014_001_result/_cs_svp_simple_014_001_global_var1_rwr_mt_svp_simple_014_001.c line 588 function svp_simple_014_001_isr_1_0 thread 0
----------------------------------------------------
  __cs_value_ptr=NULL (0000000000000000000000000000000000000000000000000000000000000000)

State 154 file /home/dell/zyworkspace/nichecker/Experiment/remarks2.1_LA_PPR/svp_simple_014/_mt_svp_simple_014_001_result/_cs_svp_simple_014_001_global_var1_rwr_mt_svp_simple_014_001.c line 779 function main thread 0
----------------------------------------------------
  __cs_pc[2l]=3 (011)

State 155 file /home/dell/zyworkspace/nichecker/Experiment/remarks2.1_LA_PPR/svp_simple_014/_mt_svp_simple_014_001_result/_cs_svp_simple_014_001_global_var1_rwr_mt_svp_simple_014_001.c line 785 function main thread 0
----------------------------------------------------
  __cs_tmp_t3_r0=5 (101)

State 157 file /home/dell/zyworkspace/nichecker/Experiment/remarks2.1_LA_PPR/svp_simple_014/_mt_svp_simple_014_001_result/_cs_svp_simple_014_001_global_var1_rwr_mt_svp_simple_014_001.c line 790 function main thread 0
----------------------------------------------------
  __cs_thread_index=3 (011)

State 158 file /home/dell/zyworkspace/nichecker/Experiment/remarks2.1_LA_PPR/svp_simple_014/_mt_svp_simple_014_001_result/_cs_svp_simple_014_001_global_var1_rwr_mt_svp_simple_014_001.c line 792 function main thread 0
----------------------------------------------------
  __cs_pc_cs[3l]=5 (101)

State 163 file /home/dell/zyworkspace/nichecker/Experiment/remarks2.1_LA_PPR/svp_simple_014/_mt_svp_simple_014_001_result/_cs_svp_simple_014_001_global_var1_rwr_mt_svp_simple_014_001.c line 798 function main thread 0
----------------------------------------------------
  __cs_param_svp_simple_014_001_isr_2_arg=NULL (0000000000000000000000000000000000000000000000000000000000000000)

State 165 file /home/dell/zyworkspace/nichecker/Experiment/remarks2.1_LA_PPR/svp_simple_014/_mt_svp_simple_014_001_result/_cs_svp_simple_014_001_global_var1_rwr_mt_svp_simple_014_001.c line 598 function svp_simple_014_001_isr_2_0 thread 0
----------------------------------------------------
  svp_simple_014_001_global_flag1=1 (00000000000000000000000000000001)

State 167 file /home/dell/zyworkspace/nichecker/Experiment/remarks2.1_LA_PPR/svp_simple_014/_mt_svp_simple_014_001_result/_cs_svp_simple_014_001_global_var1_rwr_mt_svp_simple_014_001.c line 602 function svp_simple_014_001_isr_2_0 thread 0
----------------------------------------------------
  svp_simple_014_001_global_flag2=0 (00000000000000000000000000000000)

State 172 file /home/dell/zyworkspace/nichecker/Experiment/remarks2.1_LA_PPR/svp_simple_014/_mt_svp_simple_014_001_result/_cs_svp_simple_014_001_global_var1_rwr_mt_svp_simple_014_001.c line 608 function svp_simple_014_001_isr_2_0 thread 0
----------------------------------------------------
  __cs_disable_thread[4l]=0 (0)

State 174 file /home/dell/zyworkspace/nichecker/Experiment/remarks2.1_LA_PPR/svp_simple_014/_mt_svp_simple_014_001_result/_cs_svp_simple_014_001_global_var1_rwr_mt_svp_simple_014_001.c line 617 function svp_simple_014_001_isr_2_0 thread 0
----------------------------------------------------
  __cs_local_svp_simple_014_001_isr_2_i=0 (00000000000000000000000000000000)

State 175 file /home/dell/zyworkspace/nichecker/Experiment/remarks2.1_LA_PPR/svp_simple_014/_mt_svp_simple_014_001_result/_cs_svp_simple_014_001_global_var1_rwr_mt_svp_simple_014_001.c line 619 function svp_simple_014_001_isr_2_0 thread 0
----------------------------------------------------
  __cs_local_svp_simple_014_001_isr_2_i=0 (00000000000000000000000000000000)

State 176 file /home/dell/zyworkspace/nichecker/Experiment/remarks2.1_LA_PPR/svp_simple_014/_mt_svp_simple_014_001_result/_cs_svp_simple_014_001_global_var1_rwr_mt_svp_simple_014_001.c line 626 function svp_simple_014_001_isr_2_0 thread 0
----------------------------------------------------
  __cs_local_svp_simple_014_001_isr_2_t_3=0 (00000000000000000000000000000000)

State 178 file /home/dell/zyworkspace/nichecker/Experiment/remarks2.1_LA_PPR/svp_simple_014/_mt_svp_simple_014_001_result/_cs_svp_simple_014_001_global_var1_rwr_mt_svp_simple_014_001.c line 644 function svp_simple_014_001_isr_2_0 thread 0
----------------------------------------------------
  __cs_local_svp_simple_014_001_isr_2_loop_3_IOVar1=0 (00000000000000000000000000000000)

State 179 file /home/dell/zyworkspace/nichecker/Experiment/remarks2.1_LA_PPR/svp_simple_014/_mt_svp_simple_014_001_result/_cs_svp_simple_014_001_global_var1_rwr_mt_svp_simple_014_001.c line 646 function svp_simple_014_001_isr_2_0 thread 0
----------------------------------------------------
  __cs_local_svp_simple_014_001_isr_2_loop_3_block_1=100 (00000000000000000000000001100100)

State 180 file /home/dell/zyworkspace/nichecker/Experiment/remarks2.1_LA_PPR/svp_simple_014/_mt_svp_simple_014_001_result/_cs_svp_simple_014_001_global_var1_rwr_mt_svp_simple_014_001.c line 648 function svp_simple_014_001_isr_2_0 thread 0
----------------------------------------------------
  __cs_local_svp_simple_014_001_isr_2_i=100 (00000000000000000000000001100100)

State 183 file /home/dell/zyworkspace/nichecker/Experiment/remarks2.1_LA_PPR/svp_simple_014/_mt_svp_simple_014_001_result/_cs_svp_simple_014_001_global_var1_rwr_mt_svp_simple_014_001.c line 659 function svp_simple_014_001_isr_2_0 thread 0
----------------------------------------------------
  __cs_local_svp_simple_014_001_isr_2_i=101 (00000000000000000000000001100101)

State 184 file /home/dell/zyworkspace/nichecker/Experiment/remarks2.1_LA_PPR/svp_simple_014/_mt_svp_simple_014_001_result/_cs_svp_simple_014_001_global_var1_rwr_mt_svp_simple_014_001.c line 664 function svp_simple_014_001_isr_2_0 thread 0
----------------------------------------------------
  __cs_local_svp_simple_014_001_isr_2_t_3=1 (00000000000000000000000000000001)

State 187 file /home/dell/zyworkspace/nichecker/Experiment/remarks2.1_LA_PPR/svp_simple_014/_mt_svp_simple_014_001_result/_cs_svp_simple_014_001_global_var1_rwr_mt_svp_simple_014_001.c line 671 function svp_simple_014_001_isr_2_0 thread 0
----------------------------------------------------
  __cs_pc[3l]=4 (100)

State 195 file /home/dell/zyworkspace/nichecker/Experiment/remarks2.1_LA_PPR/svp_simple_014/_mt_svp_simple_014_001_result/_cs_svp_simple_014_001_global_var1_rwr_mt_svp_simple_014_001.c line 732 function svp_simple_014_001_isr_2_0 thread 0
----------------------------------------------------
  __cs_value_ptr=NULL (0000000000000000000000000000000000000000000000000000000000000000)

State 200 file /home/dell/zyworkspace/nichecker/Experiment/remarks2.1_LA_PPR/svp_simple_014/_mt_svp_simple_014_001_result/_cs_svp_simple_014_001_global_var1_rwr_mt_svp_simple_014_001.c line 800 function main thread 0
----------------------------------------------------
  __cs_pc[3l]=5 (101)

State 201 file /home/dell/zyworkspace/nichecker/Experiment/remarks2.1_LA_PPR/svp_simple_014/_mt_svp_simple_014_001_result/_cs_svp_simple_014_001_global_var1_rwr_mt_svp_simple_014_001.c line 806 function main thread 0
----------------------------------------------------
  __cs_tmp_t4_r0=1 (1)

State 203 file /home/dell/zyworkspace/nichecker/Experiment/remarks2.1_LA_PPR/svp_simple_014/_mt_svp_simple_014_001_result/_cs_svp_simple_014_001_global_var1_rwr_mt_svp_simple_014_001.c line 811 function main thread 0
----------------------------------------------------
  __cs_thread_index=4 (100)

State 204 file /home/dell/zyworkspace/nichecker/Experiment/remarks2.1_LA_PPR/svp_simple_014/_mt_svp_simple_014_001_result/_cs_svp_simple_014_001_global_var1_rwr_mt_svp_simple_014_001.c line 813 function main thread 0
----------------------------------------------------
  __cs_pc_cs[4l]=1 (001)

State 209 file /home/dell/zyworkspace/nichecker/Experiment/remarks2.1_LA_PPR/svp_simple_014/_mt_svp_simple_014_001_result/_cs_svp_simple_014_001_global_var1_rwr_mt_svp_simple_014_001.c line 819 function main thread 0
----------------------------------------------------
  __cs_param_svp_simple_014_001_isr_3_arg=NULL (0000000000000000000000000000000000000000000000000000000000000000)

State 211 file /home/dell/zyworkspace/nichecker/Experiment/remarks2.1_LA_PPR/svp_simple_014/_mt_svp_simple_014_001_result/_cs_svp_simple_014_001_global_var1_rwr_mt_svp_simple_014_001.c line 189 function svp_simple_014_001_isr_3_0 thread 0
----------------------------------------------------
  __cs_local_svp_simple_014_001_isr_3___cs_tmp_if_cond_1=TRUE (00000001)

State 213 file /home/dell/zyworkspace/nichecker/Experiment/remarks2.1_LA_PPR/svp_simple_014/_mt_svp_simple_014_001_result/_cs_svp_simple_014_001_global_var1_rwr_mt_svp_simple_014_001.c line 194 function svp_simple_014_001_isr_3_0 thread 0
----------------------------------------------------
  svp_simple_014_001_global_var1=9 (00000000000000000000000000001001)

State 214 file /home/dell/zyworkspace/nichecker/Experiment/remarks2.1_LA_PPR/svp_simple_014/_mt_svp_simple_014_001_result/_cs_svp_simple_014_001_global_var1_rwr_mt_svp_simple_014_001.c line 202 function svp_simple_014_001_isr_3_0 thread 0
----------------------------------------------------
  __cs_local_svp_simple_014_001_isr_3___cs_tmp_if_cond_2=FALSE (00000000)

State 219 file /home/dell/zyworkspace/nichecker/Experiment/remarks2.1_LA_PPR/svp_simple_014/_mt_svp_simple_014_001_result/_cs_svp_simple_014_001_global_var1_rwr_mt_svp_simple_014_001.c line 223 function svp_simple_014_001_isr_3_0 thread 0
----------------------------------------------------
  __cs_value_ptr=NULL (0000000000000000000000000000000000000000000000000000000000000000)

State 224 file /home/dell/zyworkspace/nichecker/Experiment/remarks2.1_LA_PPR/svp_simple_014/_mt_svp_simple_014_001_result/_cs_svp_simple_014_001_global_var1_rwr_mt_svp_simple_014_001.c line 821 function main thread 0
----------------------------------------------------
  __cs_pc[4l]=1 (001)

State 225 file /home/dell/zyworkspace/nichecker/Experiment/remarks2.1_LA_PPR/svp_simple_014/_mt_svp_simple_014_001_result/_cs_svp_simple_014_001_global_var1_rwr_mt_svp_simple_014_001.c line 831 function main thread 0
----------------------------------------------------
  __cs_tmp_t1_r1=2 (10)

State 231 file /home/dell/zyworkspace/nichecker/Experiment/remarks2.1_LA_PPR/svp_simple_014/_mt_svp_simple_014_001_result/_cs_svp_simple_014_001_global_var1_rwr_mt_svp_simple_014_001.c line 852 function main thread 0
----------------------------------------------------
  __cs_tmp_t2_r1=4 (100)

State 237 file /home/dell/zyworkspace/nichecker/Experiment/remarks2.1_LA_PPR/svp_simple_014/_mt_svp_simple_014_001_result/_cs_svp_simple_014_001_global_var1_rwr_mt_svp_simple_014_001.c line 857 function main thread 0
----------------------------------------------------
  __cs_thread_index=2 (010)

State 238 file /home/dell/zyworkspace/nichecker/Experiment/remarks2.1_LA_PPR/svp_simple_014/_mt_svp_simple_014_001_result/_cs_svp_simple_014_001_global_var1_rwr_mt_svp_simple_014_001.c line 859 function main thread 0
----------------------------------------------------
  __cs_pc_cs[2l]=4 (100)

State 243 file /home/dell/zyworkspace/nichecker/Experiment/remarks2.1_LA_PPR/svp_simple_014/_mt_svp_simple_014_001_result/_cs_svp_simple_014_001_global_var1_rwr_mt_svp_simple_014_001.c line 865 function main thread 0
----------------------------------------------------
  __cs_param_svp_simple_014_001_isr_1_arg=NULL (0000000000000000000000000000000000000000000000000000000000000000)

State 251 file /home/dell/zyworkspace/nichecker/Experiment/remarks2.1_LA_PPR/svp_simple_014/_mt_svp_simple_014_001_result/_cs_svp_simple_014_001_global_var1_rwr_mt_svp_simple_014_001.c line 563 function svp_simple_014_001_isr_1_0 thread 0
----------------------------------------------------
  __cs_local_svp_simple_014_001_isr_1_reader2=9 (00000000000000000000000000001001)

State 252 file /home/dell/zyworkspace/nichecker/Experiment/remarks2.1_LA_PPR/svp_simple_014/_mt_svp_simple_014_001_result/_cs_svp_simple_014_001_global_var1_rwr_mt_svp_simple_014_001.c line 565 function svp_simple_014_001_isr_1_0 thread 0
----------------------------------------------------
  rwr_r3=9 (00000000000000000000000000001001)

Violated property:
  file /home/dell/zyworkspace/nichecker/Experiment/remarks2.1_LA_PPR/svp_simple_014/_mt_svp_simple_014_001_result/_cs_svp_simple_014_001_global_var1_rwr_mt_svp_simple_014_001.c line 567 function svp_simple_014_001_isr_1_0
  assertion rwr_r3 == rwr_tmp2
  rwr_r3 == rwr_tmp2


** 1 of 3 failed (2 iterations)
VERIFICATION FAILED
