CBMC version 5.6 64-bit x86_64 linux
Parsing /home/dell/zyworkspace/nichecker/Experiment/remarks2.1_LA_Slicing/svp_simple_010/_mt_svp_simple_010_001_result/_cs_svp_simple_010_001_global_union_wrw_mt_svp_simple_010_001.c
<command-line>: warning: "__STDC_VERSION__" redefined
<built-in>: note: this is the location of the previous definition
Converting
Type-checking _cs_svp_simple_010_001_global_union_wrw_mt_svp_simple_010_001
file /home/dell/zyworkspace/nichecker/Experiment/remarks2.1_LA_Slicing/svp_simple_010/_mt_svp_simple_010_001_result/_cs_svp_simple_010_001_global_union_wrw_mt_svp_simple_010_001.c line 225 function main_task_0: function `assert' is not declared
Generating GOTO Program
Adding CPROVER library (x86_64)
Removal of function pointers and virtual functions
Partial Inlining
Generic Property Instrumentation
Starting Bounded Model Checking
**** WARNING: no body for function enable_isr
size of program expression: 357 steps
simple slicing removed 20 assignments
Generated 5 VCC(s), 4 remaining after simplification
Passing problem to propositional reduction
converting SSA
Running propositional reduction
Post-processing
Solving with MiniSAT 2.2.1 with simplifier
595 variables, 739 clauses
SAT checker: instance is SATISFIABLE
Solving with MiniSAT 2.2.1 with simplifier
595 variables, 0 clauses
SAT checker inconsistent: instance is UNSATISFIABLE
Runtime decision procedure: 0.003s

** Results:
[main_task_0.assertion.1] assertion wrw_a_1 == 0: SUCCESS
[main_task_0.assertion.2] assertion wrw_a_1 == 0: FAILURE

Trace for main_task_0.assertion.2:

State 42 file /home/dell/zyworkspace/nichecker/Experiment/remarks2.1_LA_Slicing/svp_simple_010/_mt_svp_simple_010_001_result/_cs_svp_simple_010_001_global_union_wrw_mt_svp_simple_010_001.c line 302 function main thread 0
----------------------------------------------------
  __cs_tmp_t1_r0=2 (10)

State 44 file /home/dell/zyworkspace/nichecker/Experiment/remarks2.1_LA_Slicing/svp_simple_010/_mt_svp_simple_010_001_result/_cs_svp_simple_010_001_global_union_wrw_mt_svp_simple_010_001.c line 306 function main thread 0
----------------------------------------------------
  __cs_thread_index=1 (01)

State 45 file /home/dell/zyworkspace/nichecker/Experiment/remarks2.1_LA_Slicing/svp_simple_010/_mt_svp_simple_010_001_result/_cs_svp_simple_010_001_global_union_wrw_mt_svp_simple_010_001.c line 308 function main thread 0
----------------------------------------------------
  __cs_pc_cs[1l]=2 (10)

State 50 file /home/dell/zyworkspace/nichecker/Experiment/remarks2.1_LA_Slicing/svp_simple_010/_mt_svp_simple_010_001_result/_cs_svp_simple_010_001_global_union_wrw_mt_svp_simple_010_001.c line 314 function main thread 0
----------------------------------------------------
  __cs_param_main_task_arg=NULL (0000000000000000000000000000000000000000000000000000000000000000)

State 55 file /home/dell/zyworkspace/nichecker/Experiment/remarks2.1_LA_Slicing/svp_simple_010/_mt_svp_simple_010_001_result/_cs_svp_simple_010_001_global_union_wrw_mt_svp_simple_010_001.c line 193 function main_task_0 thread 0
----------------------------------------------------
  __cs_disable_thread[2l]=0 (0)

State 56 file /home/dell/zyworkspace/nichecker/Experiment/remarks2.1_LA_Slicing/svp_simple_010/_mt_svp_simple_010_001_result/_cs_svp_simple_010_001_global_union_wrw_mt_svp_simple_010_001.c line 196 function main_task_0 thread 0
----------------------------------------------------
  __cs_disable_thread[0l]=0 (0)

State 57 file /home/dell/zyworkspace/nichecker/Experiment/remarks2.1_LA_Slicing/svp_simple_010/_mt_svp_simple_010_001_result/_cs_svp_simple_010_001_global_union_wrw_mt_svp_simple_010_001.c line 205 function main_task_0 thread 0
----------------------------------------------------
  __cs_local_main_task_svp_simple_010_001_local_var1=1 (00000000000000000000000000000001)

State 58 file /home/dell/zyworkspace/nichecker/Experiment/remarks2.1_LA_Slicing/svp_simple_010/_mt_svp_simple_010_001_result/_cs_svp_simple_010_001_global_union_wrw_mt_svp_simple_010_001.c line 209 function main_task_0 thread 0
----------------------------------------------------
  __cs_local_main_task_svp_simple_010_001_local_var2=2 (00000000000000000000000000000010)

State 59 file /home/dell/zyworkspace/nichecker/Experiment/remarks2.1_LA_Slicing/svp_simple_010/_mt_svp_simple_010_001_result/_cs_svp_simple_010_001_global_union_wrw_mt_svp_simple_010_001.c line 213 function main_task_0 thread 0
----------------------------------------------------
  __cs_local_main_task_svp_simple_010_001_local_var3=3 (00000000000000000000000000000011)

State 60 file /home/dell/zyworkspace/nichecker/Experiment/remarks2.1_LA_Slicing/svp_simple_010/_mt_svp_simple_010_001_result/_cs_svp_simple_010_001_global_union_wrw_mt_svp_simple_010_001.c line 217 function main_task_0 thread 0
----------------------------------------------------
  __cs_local_main_task_svp_simple_010_001_local_var4=4 (00000000000000000000000000000100)

State 62 file /home/dell/zyworkspace/nichecker/Experiment/remarks2.1_LA_Slicing/svp_simple_010/_mt_svp_simple_010_001_result/_cs_svp_simple_010_001_global_union_wrw_mt_svp_simple_010_001.c line 222 function main_task_0 thread 0
----------------------------------------------------
  svp_simple_010_001_global_union.header=1 (00000001)

State 64 file /home/dell/zyworkspace/nichecker/Experiment/remarks2.1_LA_Slicing/svp_simple_010/_mt_svp_simple_010_001_result/_cs_svp_simple_010_001_global_union_wrw_mt_svp_simple_010_001.c line 227 function main_task_0 thread 0
----------------------------------------------------
  wrw_a_1_num=1 (00000000000000000000000000000001)

State 65 file /home/dell/zyworkspace/nichecker/Experiment/remarks2.1_LA_Slicing/svp_simple_010/_mt_svp_simple_010_001_result/_cs_svp_simple_010_001_global_union_wrw_mt_svp_simple_010_001.c line 228 function main_task_0 thread 0
----------------------------------------------------
  wrw_a_1=0 (00000000000000000000000000000000)

State 69 file /home/dell/zyworkspace/nichecker/Experiment/remarks2.1_LA_Slicing/svp_simple_010/_mt_svp_simple_010_001_result/_cs_svp_simple_010_001_global_union_wrw_mt_svp_simple_010_001.c line 253 function main_task_0 thread 0
----------------------------------------------------
  __cs_value_ptr=NULL (0000000000000000000000000000000000000000000000000000000000000000)

State 74 file /home/dell/zyworkspace/nichecker/Experiment/remarks2.1_LA_Slicing/svp_simple_010/_mt_svp_simple_010_001_result/_cs_svp_simple_010_001_global_union_wrw_mt_svp_simple_010_001.c line 316 function main thread 0
----------------------------------------------------
  __cs_pc[1l]=2 (10)

State 75 file /home/dell/zyworkspace/nichecker/Experiment/remarks2.1_LA_Slicing/svp_simple_010/_mt_svp_simple_010_001_result/_cs_svp_simple_010_001_global_union_wrw_mt_svp_simple_010_001.c line 322 function main thread 0
----------------------------------------------------
  __cs_tmp_t2_r0=1 (1)

State 77 file /home/dell/zyworkspace/nichecker/Experiment/remarks2.1_LA_Slicing/svp_simple_010/_mt_svp_simple_010_001_result/_cs_svp_simple_010_001_global_union_wrw_mt_svp_simple_010_001.c line 327 function main thread 0
----------------------------------------------------
  __cs_thread_index=2 (10)

State 78 file /home/dell/zyworkspace/nichecker/Experiment/remarks2.1_LA_Slicing/svp_simple_010/_mt_svp_simple_010_001_result/_cs_svp_simple_010_001_global_union_wrw_mt_svp_simple_010_001.c line 329 function main thread 0
----------------------------------------------------
  __cs_pc_cs[2l]=1 (01)

State 83 file /home/dell/zyworkspace/nichecker/Experiment/remarks2.1_LA_Slicing/svp_simple_010/_mt_svp_simple_010_001_result/_cs_svp_simple_010_001_global_union_wrw_mt_svp_simple_010_001.c line 335 function main thread 0
----------------------------------------------------
  __cs_param_svp_simple_010_001_isr_1_arg=NULL (0000000000000000000000000000000000000000000000000000000000000000)

State 85 file /home/dell/zyworkspace/nichecker/Experiment/remarks2.1_LA_Slicing/svp_simple_010/_mt_svp_simple_010_001_result/_cs_svp_simple_010_001_global_union_wrw_mt_svp_simple_010_001.c line 266 function svp_simple_010_001_isr_1_0 thread 0
----------------------------------------------------
  __cs_local_svp_simple_010_001_isr_1_i=0 (00000000000000000000000000000000)

State 86 file /home/dell/zyworkspace/nichecker/Experiment/remarks2.1_LA_Slicing/svp_simple_010/_mt_svp_simple_010_001_result/_cs_svp_simple_010_001_global_union_wrw_mt_svp_simple_010_001.c line 274 function svp_simple_010_001_isr_1_0 thread 0
----------------------------------------------------
  __cs_local_svp_simple_010_001_isr_1_reader2=0 (00000000000000000000000000000000)

State 87 file /home/dell/zyworkspace/nichecker/Experiment/remarks2.1_LA_Slicing/svp_simple_010/_mt_svp_simple_010_001_result/_cs_svp_simple_010_001_global_union_wrw_mt_svp_simple_010_001.c line 276 function svp_simple_010_001_isr_1_0 thread 0
----------------------------------------------------
  __cs_local_svp_simple_010_001_isr_1_reader1=1 (00000000000000000000000000000001)

State 88 file /home/dell/zyworkspace/nichecker/Experiment/remarks2.1_LA_Slicing/svp_simple_010/_mt_svp_simple_010_001_result/_cs_svp_simple_010_001_global_union_wrw_mt_svp_simple_010_001.c line 278 function svp_simple_010_001_isr_1_0 thread 0
----------------------------------------------------
  wrw_a_1=1 (00000000000000000000000000000001)

State 92 file /home/dell/zyworkspace/nichecker/Experiment/remarks2.1_LA_Slicing/svp_simple_010/_mt_svp_simple_010_001_result/_cs_svp_simple_010_001_global_union_wrw_mt_svp_simple_010_001.c line 290 function svp_simple_010_001_isr_1_0 thread 0
----------------------------------------------------
  __cs_value_ptr=NULL (0000000000000000000000000000000000000000000000000000000000000000)

State 97 file /home/dell/zyworkspace/nichecker/Experiment/remarks2.1_LA_Slicing/svp_simple_010/_mt_svp_simple_010_001_result/_cs_svp_simple_010_001_global_union_wrw_mt_svp_simple_010_001.c line 337 function main thread 0
----------------------------------------------------
  __cs_pc[2l]=1 (01)

State 98 file /home/dell/zyworkspace/nichecker/Experiment/remarks2.1_LA_Slicing/svp_simple_010/_mt_svp_simple_010_001_result/_cs_svp_simple_010_001_global_union_wrw_mt_svp_simple_010_001.c line 347 function main thread 0
----------------------------------------------------
  __cs_tmp_t1_r1=3 (11)

State 100 file /home/dell/zyworkspace/nichecker/Experiment/remarks2.1_LA_Slicing/svp_simple_010/_mt_svp_simple_010_001_result/_cs_svp_simple_010_001_global_union_wrw_mt_svp_simple_010_001.c line 352 function main thread 0
----------------------------------------------------
  __cs_thread_index=1 (01)

State 101 file /home/dell/zyworkspace/nichecker/Experiment/remarks2.1_LA_Slicing/svp_simple_010/_mt_svp_simple_010_001_result/_cs_svp_simple_010_001_global_union_wrw_mt_svp_simple_010_001.c line 354 function main thread 0
----------------------------------------------------
  __cs_pc_cs[1l]=3 (11)

State 106 file /home/dell/zyworkspace/nichecker/Experiment/remarks2.1_LA_Slicing/svp_simple_010/_mt_svp_simple_010_001_result/_cs_svp_simple_010_001_global_union_wrw_mt_svp_simple_010_001.c line 360 function main thread 0
----------------------------------------------------
  __cs_param_main_task_arg=NULL (0000000000000000000000000000000000000000000000000000000000000000)

State 110 file /home/dell/zyworkspace/nichecker/Experiment/remarks2.1_LA_Slicing/svp_simple_010/_mt_svp_simple_010_001_result/_cs_svp_simple_010_001_global_union_wrw_mt_svp_simple_010_001.c line 234 function main_task_0 thread 0
----------------------------------------------------
  svp_simple_010_001_global_union.data=2u (00000000000000000000000000000010)

Violated property:
  file /home/dell/zyworkspace/nichecker/Experiment/remarks2.1_LA_Slicing/svp_simple_010/_mt_svp_simple_010_001_result/_cs_svp_simple_010_001_global_union_wrw_mt_svp_simple_010_001.c line 237 function main_task_0
  assertion wrw_a_1 == 0
  wrw_a_1 == 0


** 1 of 2 failed (2 iterations)
VERIFICATION FAILED
