CBMC version 5.6 64-bit x86_64 linux
Parsing /home/dell/zyworkspace/nichecker/Experiment/remarks2.1_basic/svp_simple_020/_mt_svp_simple_020_001_result/_cs_svp_simple_020_001_global_para_rwr_mt_svp_simple_020_001.c
<command-line>: warning: "__STDC_VERSION__" redefined
<built-in>: note: this is the location of the previous definition
Converting
Type-checking _cs_svp_simple_020_001_global_para_rwr_mt_svp_simple_020_001
file /home/dell/zyworkspace/nichecker/Experiment/remarks2.1_basic/svp_simple_020/_mt_svp_simple_020_001_result/_cs_svp_simple_020_001_global_para_rwr_mt_svp_simple_020_001.c line 216 function main_task_0: function `nondet_rand' is not declared
file /home/dell/zyworkspace/nichecker/Experiment/remarks2.1_basic/svp_simple_020/_mt_svp_simple_020_001_result/_cs_svp_simple_020_001_global_para_rwr_mt_svp_simple_020_001.c line 230 function main_task_0: function `assert' is not declared
Generating GOTO Program
Adding CPROVER library (x86_64)
Removal of function pointers and virtual functions
Partial Inlining
Generic Property Instrumentation
Starting Bounded Model Checking
**** WARNING: no body for function enable_isr
**** WARNING: no body for function disable_isr
size of program expression: 658 steps
simple slicing removed 52 assignments
Generated 5 VCC(s), 4 remaining after simplification
Passing problem to propositional reduction
converting SSA
Running propositional reduction
Post-processing
Solving with MiniSAT 2.2.1 with simplifier
2504 variables, 6586 clauses
SAT checker: instance is SATISFIABLE
Solving with MiniSAT 2.2.1 with simplifier
2504 variables, 2848 clauses
SAT checker: instance is UNSATISFIABLE
Runtime decision procedure: 0.016s

** Results:
[main_task_0.assertion.1] assertion rwr_r1 == rwr_tmp1: SUCCESS
[main_task_0.assertion.2] assertion rwr_r2 == rwr_tmp1: FAILURE

Trace for main_task_0.assertion.2:

State 49 file /home/dell/zyworkspace/nichecker/Experiment/remarks2.1_basic/svp_simple_020/_mt_svp_simple_020_001_result/_cs_svp_simple_020_001_global_para_rwr_mt_svp_simple_020_001.c line 366 function main thread 0
----------------------------------------------------
  __cs_tmp_t1_r0=2 (010)

State 51 file /home/dell/zyworkspace/nichecker/Experiment/remarks2.1_basic/svp_simple_020/_mt_svp_simple_020_001_result/_cs_svp_simple_020_001_global_para_rwr_mt_svp_simple_020_001.c line 370 function main thread 0
----------------------------------------------------
  __cs_thread_index=1 (001)

State 52 file /home/dell/zyworkspace/nichecker/Experiment/remarks2.1_basic/svp_simple_020/_mt_svp_simple_020_001_result/_cs_svp_simple_020_001_global_para_rwr_mt_svp_simple_020_001.c line 372 function main thread 0
----------------------------------------------------
  __cs_pc_cs[1l]=2 (010)

State 57 file /home/dell/zyworkspace/nichecker/Experiment/remarks2.1_basic/svp_simple_020/_mt_svp_simple_020_001_result/_cs_svp_simple_020_001_global_para_rwr_mt_svp_simple_020_001.c line 378 function main thread 0
----------------------------------------------------
  __cs_param_main_task_arg=NULL (0000000000000000000000000000000000000000000000000000000000000000)

State 62 file /home/dell/zyworkspace/nichecker/Experiment/remarks2.1_basic/svp_simple_020/_mt_svp_simple_020_001_result/_cs_svp_simple_020_001_global_para_rwr_mt_svp_simple_020_001.c line 187 function main_task_0 thread 0
----------------------------------------------------
  __cs_disable_thread[3l]=0 (0)

State 63 file /home/dell/zyworkspace/nichecker/Experiment/remarks2.1_basic/svp_simple_020/_mt_svp_simple_020_001_result/_cs_svp_simple_020_001_global_para_rwr_mt_svp_simple_020_001.c line 190 function main_task_0 thread 0
----------------------------------------------------
  __cs_disable_thread[2l]=0 (0)

State 64 file /home/dell/zyworkspace/nichecker/Experiment/remarks2.1_basic/svp_simple_020/_mt_svp_simple_020_001_result/_cs_svp_simple_020_001_global_para_rwr_mt_svp_simple_020_001.c line 193 function main_task_0 thread 0
----------------------------------------------------
  __cs_disable_thread[0l]=0 (0)

State 68 file /home/dell/zyworkspace/nichecker/Experiment/remarks2.1_basic/svp_simple_020/_mt_svp_simple_020_001_result/_cs_svp_simple_020_001_global_para_rwr_mt_svp_simple_020_001.c line 203 function main_task_0 thread 0
----------------------------------------------------
  __cs_disable_thread[3l]=1 (1)

State 69 file /home/dell/zyworkspace/nichecker/Experiment/remarks2.1_basic/svp_simple_020/_mt_svp_simple_020_001_result/_cs_svp_simple_020_001_global_para_rwr_mt_svp_simple_020_001.c line 216 function main_task_0 thread 0
----------------------------------------------------
  __cs_local_main_task_svp_simple_020_001_local_var1=15 (00000000000000000000000000001111)

State 70 file /home/dell/zyworkspace/nichecker/Experiment/remarks2.1_basic/svp_simple_020/_mt_svp_simple_020_001_result/_cs_svp_simple_020_001_global_para_rwr_mt_svp_simple_020_001.c line 219 function main_task_0 thread 0
----------------------------------------------------
  __cs_local_main_task_svp_simple_020_001_local_var2=0 (00000000000000000000000000000000)

State 72 file /home/dell/zyworkspace/nichecker/Experiment/remarks2.1_basic/svp_simple_020/_mt_svp_simple_020_001_result/_cs_svp_simple_020_001_global_para_rwr_mt_svp_simple_020_001.c line 226 function main_task_0 thread 0
----------------------------------------------------
  __cs_local_main_task___cs_tmp_if_cond_0=TRUE (00000001)

State 73 file /home/dell/zyworkspace/nichecker/Experiment/remarks2.1_basic/svp_simple_020/_mt_svp_simple_020_001_result/_cs_svp_simple_020_001_global_para_rwr_mt_svp_simple_020_001.c line 228 function main_task_0 thread 0
----------------------------------------------------
  rwr_r1=0 (00000000000000000000000000000000)

State 75 file /home/dell/zyworkspace/nichecker/Experiment/remarks2.1_basic/svp_simple_020/_mt_svp_simple_020_001_result/_cs_svp_simple_020_001_global_para_rwr_mt_svp_simple_020_001.c line 232 function main_task_0 thread 0
----------------------------------------------------
  rwr_tmp1_num=1 (00000000000000000000000000000001)

State 76 file /home/dell/zyworkspace/nichecker/Experiment/remarks2.1_basic/svp_simple_020/_mt_svp_simple_020_001_result/_cs_svp_simple_020_001_global_para_rwr_mt_svp_simple_020_001.c line 233 function main_task_0 thread 0
----------------------------------------------------
  rwr_tmp1=0 (00000000000000000000000000000000)

State 83 file /home/dell/zyworkspace/nichecker/Experiment/remarks2.1_basic/svp_simple_020/_mt_svp_simple_020_001_result/_cs_svp_simple_020_001_global_para_rwr_mt_svp_simple_020_001.c line 289 function main_task_0 thread 0
----------------------------------------------------
  __cs_value_ptr=NULL (0000000000000000000000000000000000000000000000000000000000000000)

State 88 file /home/dell/zyworkspace/nichecker/Experiment/remarks2.1_basic/svp_simple_020/_mt_svp_simple_020_001_result/_cs_svp_simple_020_001_global_para_rwr_mt_svp_simple_020_001.c line 380 function main thread 0
----------------------------------------------------
  __cs_pc[1l]=2 (010)

State 89 file /home/dell/zyworkspace/nichecker/Experiment/remarks2.1_basic/svp_simple_020/_mt_svp_simple_020_001_result/_cs_svp_simple_020_001_global_para_rwr_mt_svp_simple_020_001.c line 386 function main thread 0
----------------------------------------------------
  __cs_tmp_t2_r0=2 (10)

State 91 file /home/dell/zyworkspace/nichecker/Experiment/remarks2.1_basic/svp_simple_020/_mt_svp_simple_020_001_result/_cs_svp_simple_020_001_global_para_rwr_mt_svp_simple_020_001.c line 391 function main thread 0
----------------------------------------------------
  __cs_thread_index=2 (010)

State 92 file /home/dell/zyworkspace/nichecker/Experiment/remarks2.1_basic/svp_simple_020/_mt_svp_simple_020_001_result/_cs_svp_simple_020_001_global_para_rwr_mt_svp_simple_020_001.c line 393 function main thread 0
----------------------------------------------------
  __cs_pc_cs[2l]=2 (010)

State 97 file /home/dell/zyworkspace/nichecker/Experiment/remarks2.1_basic/svp_simple_020/_mt_svp_simple_020_001_result/_cs_svp_simple_020_001_global_para_rwr_mt_svp_simple_020_001.c line 399 function main thread 0
----------------------------------------------------
  __cs_param_svp_simple_020_001_isr_1_arg=NULL (0000000000000000000000000000000000000000000000000000000000000000)

State 99 file /home/dell/zyworkspace/nichecker/Experiment/remarks2.1_basic/svp_simple_020/_mt_svp_simple_020_001_result/_cs_svp_simple_020_001_global_para_rwr_mt_svp_simple_020_001.c line 299 function svp_simple_020_001_isr_1_0 thread 0
----------------------------------------------------
  svp_simple_020_001_global_var=1 (00000000000000000000000000000001)

State 101 file /home/dell/zyworkspace/nichecker/Experiment/remarks2.1_basic/svp_simple_020/_mt_svp_simple_020_001_result/_cs_svp_simple_020_001_global_para_rwr_mt_svp_simple_020_001.c line 303 function svp_simple_020_001_isr_1_0 thread 0
----------------------------------------------------
  svp_simple_020_001_global_flag=1 (00000000000000000000000000000001)

State 105 file /home/dell/zyworkspace/nichecker/Experiment/remarks2.1_basic/svp_simple_020/_mt_svp_simple_020_001_result/_cs_svp_simple_020_001_global_para_rwr_mt_svp_simple_020_001.c line 307 function svp_simple_020_001_isr_1_0 thread 0
----------------------------------------------------
  __cs_disable_thread[3l]=0 (0)

State 109 file /home/dell/zyworkspace/nichecker/Experiment/remarks2.1_basic/svp_simple_020/_mt_svp_simple_020_001_result/_cs_svp_simple_020_001_global_para_rwr_mt_svp_simple_020_001.c line 320 function svp_simple_020_001_isr_1_0 thread 0
----------------------------------------------------
  __cs_value_ptr=NULL (0000000000000000000000000000000000000000000000000000000000000000)

State 114 file /home/dell/zyworkspace/nichecker/Experiment/remarks2.1_basic/svp_simple_020/_mt_svp_simple_020_001_result/_cs_svp_simple_020_001_global_para_rwr_mt_svp_simple_020_001.c line 401 function main thread 0
----------------------------------------------------
  __cs_pc[2l]=2 (010)

State 115 file /home/dell/zyworkspace/nichecker/Experiment/remarks2.1_basic/svp_simple_020/_mt_svp_simple_020_001_result/_cs_svp_simple_020_001_global_para_rwr_mt_svp_simple_020_001.c line 407 function main thread 0
----------------------------------------------------
  __cs_tmp_t3_r0=1 (1)

State 117 file /home/dell/zyworkspace/nichecker/Experiment/remarks2.1_basic/svp_simple_020/_mt_svp_simple_020_001_result/_cs_svp_simple_020_001_global_para_rwr_mt_svp_simple_020_001.c line 412 function main thread 0
----------------------------------------------------
  __cs_thread_index=3 (011)

State 118 file /home/dell/zyworkspace/nichecker/Experiment/remarks2.1_basic/svp_simple_020/_mt_svp_simple_020_001_result/_cs_svp_simple_020_001_global_para_rwr_mt_svp_simple_020_001.c line 414 function main thread 0
----------------------------------------------------
  __cs_pc_cs[3l]=1 (001)

State 123 file /home/dell/zyworkspace/nichecker/Experiment/remarks2.1_basic/svp_simple_020/_mt_svp_simple_020_001_result/_cs_svp_simple_020_001_global_para_rwr_mt_svp_simple_020_001.c line 420 function main thread 0
----------------------------------------------------
  __cs_param_svp_simple_020_001_isr_2_arg=NULL (0000000000000000000000000000000000000000000000000000000000000000)

State 125 file /home/dell/zyworkspace/nichecker/Experiment/remarks2.1_basic/svp_simple_020/_mt_svp_simple_020_001_result/_cs_svp_simple_020_001_global_para_rwr_mt_svp_simple_020_001.c line 332 function svp_simple_020_001_isr_2_0 thread 0
----------------------------------------------------
  __cs_local_svp_simple_020_001_isr_2___cs_tmp_if_cond_2=TRUE (00000001)

State 127 file /home/dell/zyworkspace/nichecker/Experiment/remarks2.1_basic/svp_simple_020/_mt_svp_simple_020_001_result/_cs_svp_simple_020_001_global_para_rwr_mt_svp_simple_020_001.c line 337 function svp_simple_020_001_isr_2_0 thread 0
----------------------------------------------------
  svp_simple_020_001_global_para=11 (00000000000000000000000000001011)

State 128 file /home/dell/zyworkspace/nichecker/Experiment/remarks2.1_basic/svp_simple_020/_mt_svp_simple_020_001_result/_cs_svp_simple_020_001_global_para_rwr_mt_svp_simple_020_001.c line 339 function svp_simple_020_001_isr_2_0 thread 0
----------------------------------------------------
  svp_simple_020_001_global_var=5 (00000000000000000000000000000101)

State 132 file /home/dell/zyworkspace/nichecker/Experiment/remarks2.1_basic/svp_simple_020/_mt_svp_simple_020_001_result/_cs_svp_simple_020_001_global_para_rwr_mt_svp_simple_020_001.c line 354 function svp_simple_020_001_isr_2_0 thread 0
----------------------------------------------------
  __cs_value_ptr=NULL (0000000000000000000000000000000000000000000000000000000000000000)

State 137 file /home/dell/zyworkspace/nichecker/Experiment/remarks2.1_basic/svp_simple_020/_mt_svp_simple_020_001_result/_cs_svp_simple_020_001_global_para_rwr_mt_svp_simple_020_001.c line 422 function main thread 0
----------------------------------------------------
  __cs_pc[3l]=1 (001)

State 138 file /home/dell/zyworkspace/nichecker/Experiment/remarks2.1_basic/svp_simple_020/_mt_svp_simple_020_001_result/_cs_svp_simple_020_001_global_para_rwr_mt_svp_simple_020_001.c line 432 function main thread 0
----------------------------------------------------
  __cs_tmp_t1_r1=5 (101)

State 144 file /home/dell/zyworkspace/nichecker/Experiment/remarks2.1_basic/svp_simple_020/_mt_svp_simple_020_001_result/_cs_svp_simple_020_001_global_para_rwr_mt_svp_simple_020_001.c line 437 function main thread 0
----------------------------------------------------
  __cs_thread_index=1 (001)

State 145 file /home/dell/zyworkspace/nichecker/Experiment/remarks2.1_basic/svp_simple_020/_mt_svp_simple_020_001_result/_cs_svp_simple_020_001_global_para_rwr_mt_svp_simple_020_001.c line 439 function main thread 0
----------------------------------------------------
  __cs_pc_cs[1l]=5 (101)

State 150 file /home/dell/zyworkspace/nichecker/Experiment/remarks2.1_basic/svp_simple_020/_mt_svp_simple_020_001_result/_cs_svp_simple_020_001_global_para_rwr_mt_svp_simple_020_001.c line 445 function main thread 0
----------------------------------------------------
  __cs_param_main_task_arg=NULL (0000000000000000000000000000000000000000000000000000000000000000)

State 154 file /home/dell/zyworkspace/nichecker/Experiment/remarks2.1_basic/svp_simple_020/_mt_svp_simple_020_001_result/_cs_svp_simple_020_001_global_para_rwr_mt_svp_simple_020_001.c line 243 function main_task_0 thread 0
----------------------------------------------------
  __cs_local_main_task_reader1=5 (00000000000000000000000000000101)

State 157 file /home/dell/zyworkspace/nichecker/Experiment/remarks2.1_basic/svp_simple_020/_mt_svp_simple_020_001_result/_cs_svp_simple_020_001_global_para_rwr_mt_svp_simple_020_001.c line 255 function main_task_0 thread 0
----------------------------------------------------
  __cs_local_main_task___cs_tmp_if_cond_1=FALSE (00000000)

State 158 file /home/dell/zyworkspace/nichecker/Experiment/remarks2.1_basic/svp_simple_020/_mt_svp_simple_020_001_result/_cs_svp_simple_020_001_global_para_rwr_mt_svp_simple_020_001.c line 257 function main_task_0 thread 0
----------------------------------------------------
  rwr_r2=11 (00000000000000000000000000001011)

Violated property:
  file /home/dell/zyworkspace/nichecker/Experiment/remarks2.1_basic/svp_simple_020/_mt_svp_simple_020_001_result/_cs_svp_simple_020_001_global_para_rwr_mt_svp_simple_020_001.c line 259 function main_task_0
  assertion rwr_r2 == rwr_tmp1
  rwr_r2 == rwr_tmp1


** 1 of 2 failed (2 iterations)
VERIFICATION FAILED
