CBMC version 5.6 64-bit x86_64 linux
Parsing /home/dell/zyworkspace/nichecker/Experiment/remarks2.1_LA_PPR/svp_simple_024/_mt_svp_simple_024_001_result/_cs_svp_simple_024_001_global_array[1]_rwr_mt_svp_simple_024_001.c
<command-line>: warning: "__STDC_VERSION__" redefined
<built-in>: note: this is the location of the previous definition
Converting
Type-checking _cs_svp_simple_024_001_global_array[1]_rwr_mt_svp_simple_024_001
file /home/dell/zyworkspace/nichecker/Experiment/remarks2.1_LA_PPR/svp_simple_024/_mt_svp_simple_024_001_result/_cs_svp_simple_024_001_global_array[1]_rwr_mt_svp_simple_024_001.c line 196 function main_task_0: function `nondet_rand' is not declared
file /home/dell/zyworkspace/nichecker/Experiment/remarks2.1_LA_PPR/svp_simple_024/_mt_svp_simple_024_001_result/_cs_svp_simple_024_001_global_array[1]_rwr_mt_svp_simple_024_001.c line 227 function main_task_0: function `assert' is not declared
Generating GOTO Program
Adding CPROVER library (x86_64)
Removal of function pointers and virtual functions
Partial Inlining
Generic Property Instrumentation
Starting Bounded Model Checking
**** WARNING: no body for function enable_isr
size of program expression: 622 steps
simple slicing removed 67 assignments
Generated 5 VCC(s), 4 remaining after simplification
Passing problem to propositional reduction
converting SSA
Running propositional reduction
Post-processing
Solving with MiniSAT 2.2.1 with simplifier
3887 variables, 24024 clauses
SAT checker: instance is SATISFIABLE
Solving with MiniSAT 2.2.1 with simplifier
3887 variables, 3103 clauses
SAT checker inconsistent: instance is UNSATISFIABLE
Runtime decision procedure: 0.036s

** Results:
[main_task_0.assertion.1] assertion rwr_r1 == rwr_tmp1: SUCCESS
[main_task_0.assertion.2] assertion rwr_r2 == rwr_tmp1: FAILURE

Trace for main_task_0.assertion.2:

State 55 file /home/dell/zyworkspace/nichecker/Experiment/remarks2.1_LA_PPR/svp_simple_024/_mt_svp_simple_024_001_result/_cs_svp_simple_024_001_global_array[1]_rwr_mt_svp_simple_024_001.c line 513 function main thread 0
----------------------------------------------------
  __cs_tmp_t1_r0=1 (001)

State 57 file /home/dell/zyworkspace/nichecker/Experiment/remarks2.1_LA_PPR/svp_simple_024/_mt_svp_simple_024_001_result/_cs_svp_simple_024_001_global_array[1]_rwr_mt_svp_simple_024_001.c line 517 function main thread 0
----------------------------------------------------
  __cs_thread_index=1 (01)

State 58 file /home/dell/zyworkspace/nichecker/Experiment/remarks2.1_LA_PPR/svp_simple_024/_mt_svp_simple_024_001_result/_cs_svp_simple_024_001_global_array[1]_rwr_mt_svp_simple_024_001.c line 519 function main thread 0
----------------------------------------------------
  __cs_pc_cs[1l]=1 (001)

State 63 file /home/dell/zyworkspace/nichecker/Experiment/remarks2.1_LA_PPR/svp_simple_024/_mt_svp_simple_024_001_result/_cs_svp_simple_024_001_global_array[1]_rwr_mt_svp_simple_024_001.c line 525 function main thread 0
----------------------------------------------------
  __cs_param_main_task_arg=NULL (0000000000000000000000000000000000000000000000000000000000000000)

State 65 file /home/dell/zyworkspace/nichecker/Experiment/remarks2.1_LA_PPR/svp_simple_024/_mt_svp_simple_024_001_result/_cs_svp_simple_024_001_global_array[1]_rwr_mt_svp_simple_024_001.c line 196 function main_task_0 thread 0
----------------------------------------------------
  svp_simple_024_001_global_var=0 (00000000000000000000000000000000)

State 69 file /home/dell/zyworkspace/nichecker/Experiment/remarks2.1_LA_PPR/svp_simple_024/_mt_svp_simple_024_001_result/_cs_svp_simple_024_001_global_array[1]_rwr_mt_svp_simple_024_001.c line 202 function main_task_0 thread 0
----------------------------------------------------
  __cs_disable_thread[2l]=0 (0)

State 70 file /home/dell/zyworkspace/nichecker/Experiment/remarks2.1_LA_PPR/svp_simple_024/_mt_svp_simple_024_001_result/_cs_svp_simple_024_001_global_array[1]_rwr_mt_svp_simple_024_001.c line 205 function main_task_0 thread 0
----------------------------------------------------
  __cs_disable_thread[0l]=0 (0)

State 78 file /home/dell/zyworkspace/nichecker/Experiment/remarks2.1_LA_PPR/svp_simple_024/_mt_svp_simple_024_001_result/_cs_svp_simple_024_001_global_array[1]_rwr_mt_svp_simple_024_001.c line 378 function main_task_0 thread 0
----------------------------------------------------
  __cs_value_ptr=NULL (0000000000000000000000000000000000000000000000000000000000000000)

State 83 file /home/dell/zyworkspace/nichecker/Experiment/remarks2.1_LA_PPR/svp_simple_024/_mt_svp_simple_024_001_result/_cs_svp_simple_024_001_global_array[1]_rwr_mt_svp_simple_024_001.c line 527 function main thread 0
----------------------------------------------------
  __cs_pc[1l]=1 (001)

State 84 file /home/dell/zyworkspace/nichecker/Experiment/remarks2.1_LA_PPR/svp_simple_024/_mt_svp_simple_024_001_result/_cs_svp_simple_024_001_global_array[1]_rwr_mt_svp_simple_024_001.c line 533 function main thread 0
----------------------------------------------------
  __cs_tmp_t2_r0=0 (0)

State 86 file /home/dell/zyworkspace/nichecker/Experiment/remarks2.1_LA_PPR/svp_simple_024/_mt_svp_simple_024_001_result/_cs_svp_simple_024_001_global_array[1]_rwr_mt_svp_simple_024_001.c line 538 function main thread 0
----------------------------------------------------
  __cs_thread_index=2 (10)

State 87 file /home/dell/zyworkspace/nichecker/Experiment/remarks2.1_LA_PPR/svp_simple_024/_mt_svp_simple_024_001_result/_cs_svp_simple_024_001_global_array[1]_rwr_mt_svp_simple_024_001.c line 540 function main thread 0
----------------------------------------------------
  __cs_pc_cs[2l]=0 (000)

State 92 file /home/dell/zyworkspace/nichecker/Experiment/remarks2.1_LA_PPR/svp_simple_024/_mt_svp_simple_024_001_result/_cs_svp_simple_024_001_global_array[1]_rwr_mt_svp_simple_024_001.c line 546 function main thread 0
----------------------------------------------------
  __cs_param_svp_simple_024_001_isr_1_arg=NULL (0000000000000000000000000000000000000000000000000000000000000000)

State 96 file /home/dell/zyworkspace/nichecker/Experiment/remarks2.1_LA_PPR/svp_simple_024/_mt_svp_simple_024_001_result/_cs_svp_simple_024_001_global_array[1]_rwr_mt_svp_simple_024_001.c line 501 function svp_simple_024_001_isr_1_0 thread 0
----------------------------------------------------
  __cs_value_ptr=NULL (0000000000000000000000000000000000000000000000000000000000000000)

State 101 file /home/dell/zyworkspace/nichecker/Experiment/remarks2.1_LA_PPR/svp_simple_024/_mt_svp_simple_024_001_result/_cs_svp_simple_024_001_global_array[1]_rwr_mt_svp_simple_024_001.c line 548 function main thread 0
----------------------------------------------------
  __cs_pc[2l]=0 (000)

State 102 file /home/dell/zyworkspace/nichecker/Experiment/remarks2.1_LA_PPR/svp_simple_024/_mt_svp_simple_024_001_result/_cs_svp_simple_024_001_global_array[1]_rwr_mt_svp_simple_024_001.c line 558 function main thread 0
----------------------------------------------------
  __cs_tmp_t1_r1=2 (010)

State 104 file /home/dell/zyworkspace/nichecker/Experiment/remarks2.1_LA_PPR/svp_simple_024/_mt_svp_simple_024_001_result/_cs_svp_simple_024_001_global_array[1]_rwr_mt_svp_simple_024_001.c line 563 function main thread 0
----------------------------------------------------
  __cs_thread_index=1 (01)

State 105 file /home/dell/zyworkspace/nichecker/Experiment/remarks2.1_LA_PPR/svp_simple_024/_mt_svp_simple_024_001_result/_cs_svp_simple_024_001_global_array[1]_rwr_mt_svp_simple_024_001.c line 565 function main thread 0
----------------------------------------------------
  __cs_pc_cs[1l]=2 (010)

State 110 file /home/dell/zyworkspace/nichecker/Experiment/remarks2.1_LA_PPR/svp_simple_024/_mt_svp_simple_024_001_result/_cs_svp_simple_024_001_global_array[1]_rwr_mt_svp_simple_024_001.c line 571 function main thread 0
----------------------------------------------------
  __cs_param_main_task_arg=NULL (0000000000000000000000000000000000000000000000000000000000000000)

State 113 file /home/dell/zyworkspace/nichecker/Experiment/remarks2.1_LA_PPR/svp_simple_024/_mt_svp_simple_024_001_result/_cs_svp_simple_024_001_global_array[1]_rwr_mt_svp_simple_024_001.c line 223 function main_task_0 thread 0
----------------------------------------------------
  __cs_local_main_task_svp_simple_024_001_local_r.bytedata[0l]=0 (00000000)

State 114 file /home/dell/zyworkspace/nichecker/Experiment/remarks2.1_LA_PPR/svp_simple_024/_mt_svp_simple_024_001_result/_cs_svp_simple_024_001_global_array[1]_rwr_mt_svp_simple_024_001.c line 225 function main_task_0 thread 0
----------------------------------------------------
  rwr_r1=0 (00000000000000000000000000000000)

State 116 file /home/dell/zyworkspace/nichecker/Experiment/remarks2.1_LA_PPR/svp_simple_024/_mt_svp_simple_024_001_result/_cs_svp_simple_024_001_global_array[1]_rwr_mt_svp_simple_024_001.c line 229 function main_task_0 thread 0
----------------------------------------------------
  rwr_tmp1_num=1 (00000000000000000000000000000001)

State 117 file /home/dell/zyworkspace/nichecker/Experiment/remarks2.1_LA_PPR/svp_simple_024/_mt_svp_simple_024_001_result/_cs_svp_simple_024_001_global_array[1]_rwr_mt_svp_simple_024_001.c line 230 function main_task_0 thread 0
----------------------------------------------------
  rwr_tmp1=0 (00000000000000000000000000000000)

State 124 file /home/dell/zyworkspace/nichecker/Experiment/remarks2.1_LA_PPR/svp_simple_024/_mt_svp_simple_024_001_result/_cs_svp_simple_024_001_global_array[1]_rwr_mt_svp_simple_024_001.c line 378 function main_task_0 thread 0
----------------------------------------------------
  __cs_value_ptr=NULL (0000000000000000000000000000000000000000000000000000000000000000)

State 129 file /home/dell/zyworkspace/nichecker/Experiment/remarks2.1_LA_PPR/svp_simple_024/_mt_svp_simple_024_001_result/_cs_svp_simple_024_001_global_array[1]_rwr_mt_svp_simple_024_001.c line 573 function main thread 0
----------------------------------------------------
  __cs_pc[1l]=2 (010)

State 130 file /home/dell/zyworkspace/nichecker/Experiment/remarks2.1_LA_PPR/svp_simple_024/_mt_svp_simple_024_001_result/_cs_svp_simple_024_001_global_array[1]_rwr_mt_svp_simple_024_001.c line 579 function main thread 0
----------------------------------------------------
  __cs_tmp_t2_r1=1 (1)

State 132 file /home/dell/zyworkspace/nichecker/Experiment/remarks2.1_LA_PPR/svp_simple_024/_mt_svp_simple_024_001_result/_cs_svp_simple_024_001_global_array[1]_rwr_mt_svp_simple_024_001.c line 584 function main thread 0
----------------------------------------------------
  __cs_thread_index=2 (10)

State 133 file /home/dell/zyworkspace/nichecker/Experiment/remarks2.1_LA_PPR/svp_simple_024/_mt_svp_simple_024_001_result/_cs_svp_simple_024_001_global_array[1]_rwr_mt_svp_simple_024_001.c line 586 function main thread 0
----------------------------------------------------
  __cs_pc_cs[2l]=1 (001)

State 138 file /home/dell/zyworkspace/nichecker/Experiment/remarks2.1_LA_PPR/svp_simple_024/_mt_svp_simple_024_001_result/_cs_svp_simple_024_001_global_array[1]_rwr_mt_svp_simple_024_001.c line 592 function main thread 0
----------------------------------------------------
  __cs_param_svp_simple_024_001_isr_1_arg=NULL (0000000000000000000000000000000000000000000000000000000000000000)

State 140 file /home/dell/zyworkspace/nichecker/Experiment/remarks2.1_LA_PPR/svp_simple_024/_mt_svp_simple_024_001_result/_cs_svp_simple_024_001_global_array[1]_rwr_mt_svp_simple_024_001.c line 392 function svp_simple_024_001_isr_1_0 thread 0
----------------------------------------------------
  __cs_local_svp_simple_024_001_isr_1_i=0 (00000000000000000000000000000000)

State 141 file /home/dell/zyworkspace/nichecker/Experiment/remarks2.1_LA_PPR/svp_simple_024/_mt_svp_simple_024_001_result/_cs_svp_simple_024_001_global_array[1]_rwr_mt_svp_simple_024_001.c line 399 function svp_simple_024_001_isr_1_0 thread 0
----------------------------------------------------
  __cs_local_svp_simple_024_001_isr_1_t_1=0 (00000000000000000000000000000000)

State 143 file /home/dell/zyworkspace/nichecker/Experiment/remarks2.1_LA_PPR/svp_simple_024/_mt_svp_simple_024_001_result/_cs_svp_simple_024_001_global_array[1]_rwr_mt_svp_simple_024_001.c line 414 function svp_simple_024_001_isr_1_0 thread 0
----------------------------------------------------
  __cs_local_svp_simple_024_001_isr_1_loop_1_IOVar1=0 (00000000000000000000000000000000)

State 144 file /home/dell/zyworkspace/nichecker/Experiment/remarks2.1_LA_PPR/svp_simple_024/_mt_svp_simple_024_001_result/_cs_svp_simple_024_001_global_array[1]_rwr_mt_svp_simple_024_001.c line 416 function svp_simple_024_001_isr_1_0 thread 0
----------------------------------------------------
  __cs_local_svp_simple_024_001_isr_1_loop_1_block_1=1 (00000000000000000000000000000001)

State 145 file /home/dell/zyworkspace/nichecker/Experiment/remarks2.1_LA_PPR/svp_simple_024/_mt_svp_simple_024_001_result/_cs_svp_simple_024_001_global_array[1]_rwr_mt_svp_simple_024_001.c line 418 function svp_simple_024_001_isr_1_0 thread 0
----------------------------------------------------
  __cs_local_svp_simple_024_001_isr_1_i=1 (00000000000000000000000000000001)

State 148 file /home/dell/zyworkspace/nichecker/Experiment/remarks2.1_LA_PPR/svp_simple_024/_mt_svp_simple_024_001_result/_cs_svp_simple_024_001_global_array[1]_rwr_mt_svp_simple_024_001.c line 426 function svp_simple_024_001_isr_1_0 thread 0
----------------------------------------------------
  svp_simple_024_001_global_array[1l]=((signed int *)NULL) + 10 (0000000000000000000000000000000000000000000000000000000000001010)

State 149 file /home/dell/zyworkspace/nichecker/Experiment/remarks2.1_LA_PPR/svp_simple_024/_mt_svp_simple_024_001_result/_cs_svp_simple_024_001_global_array[1]_rwr_mt_svp_simple_024_001.c line 431 function svp_simple_024_001_isr_1_0 thread 0
----------------------------------------------------
  __cs_local_svp_simple_024_001_isr_1_i=2 (00000000000000000000000000000010)

State 150 file /home/dell/zyworkspace/nichecker/Experiment/remarks2.1_LA_PPR/svp_simple_024/_mt_svp_simple_024_001_result/_cs_svp_simple_024_001_global_array[1]_rwr_mt_svp_simple_024_001.c line 436 function svp_simple_024_001_isr_1_0 thread 0
----------------------------------------------------
  __cs_local_svp_simple_024_001_isr_1_t_1=1 (00000000000000000000000000000001)

State 152 file /home/dell/zyworkspace/nichecker/Experiment/remarks2.1_LA_PPR/svp_simple_024/_mt_svp_simple_024_001_result/_cs_svp_simple_024_001_global_array[1]_rwr_mt_svp_simple_024_001.c line 451 function svp_simple_024_001_isr_1_0 thread 0
----------------------------------------------------
  __cs_local_svp_simple_024_001_isr_1_loop_1_IOVar1=2 (00000000000000000000000000000010)

State 153 file /home/dell/zyworkspace/nichecker/Experiment/remarks2.1_LA_PPR/svp_simple_024/_mt_svp_simple_024_001_result/_cs_svp_simple_024_001_global_array[1]_rwr_mt_svp_simple_024_001.c line 453 function svp_simple_024_001_isr_1_0 thread 0
----------------------------------------------------
  __cs_local_svp_simple_024_001_isr_1_loop_1_block_1=97 (00000000000000000000000001100001)

State 154 file /home/dell/zyworkspace/nichecker/Experiment/remarks2.1_LA_PPR/svp_simple_024/_mt_svp_simple_024_001_result/_cs_svp_simple_024_001_global_array[1]_rwr_mt_svp_simple_024_001.c line 455 function svp_simple_024_001_isr_1_0 thread 0
----------------------------------------------------
  __cs_local_svp_simple_024_001_isr_1_i=99 (00000000000000000000000001100011)

State 157 file /home/dell/zyworkspace/nichecker/Experiment/remarks2.1_LA_PPR/svp_simple_024/_mt_svp_simple_024_001_result/_cs_svp_simple_024_001_global_array[1]_rwr_mt_svp_simple_024_001.c line 463 function svp_simple_024_001_isr_1_0 thread 0
----------------------------------------------------
  svp_simple_024_001_global_array[99l]=((signed int *)NULL) + 10 (0000000000000000000000000000000000000000000000000000000000001010)

State 158 file /home/dell/zyworkspace/nichecker/Experiment/remarks2.1_LA_PPR/svp_simple_024/_mt_svp_simple_024_001_result/_cs_svp_simple_024_001_global_array[1]_rwr_mt_svp_simple_024_001.c line 468 function svp_simple_024_001_isr_1_0 thread 0
----------------------------------------------------
  __cs_local_svp_simple_024_001_isr_1_i=100 (00000000000000000000000001100100)

State 159 file /home/dell/zyworkspace/nichecker/Experiment/remarks2.1_LA_PPR/svp_simple_024/_mt_svp_simple_024_001_result/_cs_svp_simple_024_001_global_array[1]_rwr_mt_svp_simple_024_001.c line 473 function svp_simple_024_001_isr_1_0 thread 0
----------------------------------------------------
  __cs_local_svp_simple_024_001_isr_1_t_1=2 (00000000000000000000000000000010)

State 160 file /home/dell/zyworkspace/nichecker/Experiment/remarks2.1_LA_PPR/svp_simple_024/_mt_svp_simple_024_001_result/_cs_svp_simple_024_001_global_array[1]_rwr_mt_svp_simple_024_001.c line 476 function svp_simple_024_001_isr_1_0 thread 0
----------------------------------------------------
  __cs_loop_1=FALSE (00000000)

State 166 file /home/dell/zyworkspace/nichecker/Experiment/remarks2.1_LA_PPR/svp_simple_024/_mt_svp_simple_024_001_result/_cs_svp_simple_024_001_global_array[1]_rwr_mt_svp_simple_024_001.c line 501 function svp_simple_024_001_isr_1_0 thread 0
----------------------------------------------------
  __cs_value_ptr=NULL (0000000000000000000000000000000000000000000000000000000000000000)

State 171 file /home/dell/zyworkspace/nichecker/Experiment/remarks2.1_LA_PPR/svp_simple_024/_mt_svp_simple_024_001_result/_cs_svp_simple_024_001_global_array[1]_rwr_mt_svp_simple_024_001.c line 594 function main thread 0
----------------------------------------------------
  __cs_pc[2l]=1 (001)

State 172 file /home/dell/zyworkspace/nichecker/Experiment/remarks2.1_LA_PPR/svp_simple_024/_mt_svp_simple_024_001_result/_cs_svp_simple_024_001_global_array[1]_rwr_mt_svp_simple_024_001.c line 598 function main thread 0
----------------------------------------------------
  __cs_tmp_t1_r2=5u (00000000000000000000000000000101)

State 174 file /home/dell/zyworkspace/nichecker/Experiment/remarks2.1_LA_PPR/svp_simple_024/_mt_svp_simple_024_001_result/_cs_svp_simple_024_001_global_array[1]_rwr_mt_svp_simple_024_001.c line 603 function main thread 0
----------------------------------------------------
  __cs_thread_index=1 (01)

State 175 file /home/dell/zyworkspace/nichecker/Experiment/remarks2.1_LA_PPR/svp_simple_024/_mt_svp_simple_024_001_result/_cs_svp_simple_024_001_global_array[1]_rwr_mt_svp_simple_024_001.c line 605 function main thread 0
----------------------------------------------------
  __cs_pc_cs[1l]=5 (101)

State 180 file /home/dell/zyworkspace/nichecker/Experiment/remarks2.1_LA_PPR/svp_simple_024/_mt_svp_simple_024_001_result/_cs_svp_simple_024_001_global_array[1]_rwr_mt_svp_simple_024_001.c line 611 function main thread 0
----------------------------------------------------
  __cs_param_main_task_arg=NULL (0000000000000000000000000000000000000000000000000000000000000000)

State 184 file /home/dell/zyworkspace/nichecker/Experiment/remarks2.1_LA_PPR/svp_simple_024/_mt_svp_simple_024_001_result/_cs_svp_simple_024_001_global_array[1]_rwr_mt_svp_simple_024_001.c line 236 function main_task_0 thread 0
----------------------------------------------------
  __cs_local_main_task_svp_simple_024_001_local_r.bytedata[1l]=0 (00000000)

State 186 file /home/dell/zyworkspace/nichecker/Experiment/remarks2.1_LA_PPR/svp_simple_024/_mt_svp_simple_024_001_result/_cs_svp_simple_024_001_global_array[1]_rwr_mt_svp_simple_024_001.c line 241 function main_task_0 thread 0
----------------------------------------------------
  __cs_local_main_task___cs_retval__svp_simple_024_001_RTData_0=0u (00000000000000000000000000000000)

State 187 file /home/dell/zyworkspace/nichecker/Experiment/remarks2.1_LA_PPR/svp_simple_024/_mt_svp_simple_024_001_result/_cs_svp_simple_024_001_global_array[1]_rwr_mt_svp_simple_024_001.c line 247 function main_task_0 thread 0
----------------------------------------------------
  __cs_local_main_task_svp_simple_024_001_local_a.worddata=0u (00000000000000000000000000000000)

State 188 file /home/dell/zyworkspace/nichecker/Experiment/remarks2.1_LA_PPR/svp_simple_024/_mt_svp_simple_024_001_result/_cs_svp_simple_024_001_global_array[1]_rwr_mt_svp_simple_024_001.c line 255 function main_task_0 thread 0
----------------------------------------------------
  __cs_local_main_task_svp_simple_024_001_local_r.bytedata[0l]=0 (00000000)

State 190 file /home/dell/zyworkspace/nichecker/Experiment/remarks2.1_LA_PPR/svp_simple_024/_mt_svp_simple_024_001_result/_cs_svp_simple_024_001_global_array[1]_rwr_mt_svp_simple_024_001.c line 260 function main_task_0 thread 0
----------------------------------------------------
  __cs_local_main_task_svp_simple_024_001_local_r.bytedata[1l]=10 (00001010)

State 191 file /home/dell/zyworkspace/nichecker/Experiment/remarks2.1_LA_PPR/svp_simple_024/_mt_svp_simple_024_001_result/_cs_svp_simple_024_001_global_array[1]_rwr_mt_svp_simple_024_001.c line 262 function main_task_0 thread 0
----------------------------------------------------
  rwr_r2=10 (00000000000000000000000000001010)

Violated property:
  file /home/dell/zyworkspace/nichecker/Experiment/remarks2.1_LA_PPR/svp_simple_024/_mt_svp_simple_024_001_result/_cs_svp_simple_024_001_global_array[1]_rwr_mt_svp_simple_024_001.c line 264 function main_task_0
  assertion rwr_r2 == rwr_tmp1
  rwr_r2 == rwr_tmp1


** 1 of 2 failed (2 iterations)
VERIFICATION FAILED
