CBMC version 5.6 64-bit x86_64 linux
Parsing /home/dell/zyworkspace/nichecker/Experiment/remarks2.1_LA_Slicing_PPR/svp_simple_025/_mt_svp_simple_025_001_result/_cs_svp_simple_025_001_global_var_rww_mt_svp_simple_025_001.c
<command-line>: warning: "__STDC_VERSION__" redefined
<built-in>: note: this is the location of the previous definition
Converting
Type-checking _cs_svp_simple_025_001_global_var_rww_mt_svp_simple_025_001
file /home/dell/zyworkspace/nichecker/Experiment/remarks2.1_LA_Slicing_PPR/svp_simple_025/_mt_svp_simple_025_001_result/_cs_svp_simple_025_001_global_var_rww_mt_svp_simple_025_001.c line 182 function main_task_0: function `nondet_rand' is not declared
file /home/dell/zyworkspace/nichecker/Experiment/remarks2.1_LA_Slicing_PPR/svp_simple_025/_mt_svp_simple_025_001_result/_cs_svp_simple_025_001_global_var_rww_mt_svp_simple_025_001.c line 224 function main_task_0: function `assert' is not declared
Generating GOTO Program
Adding CPROVER library (x86_64)
Removal of function pointers and virtual functions
Partial Inlining
Generic Property Instrumentation
Starting Bounded Model Checking
**** WARNING: no body for function enable_isr
size of program expression: 320 steps
simple slicing removed 21 assignments
Generated 3 VCC(s), 3 remaining after simplification
Passing problem to propositional reduction
converting SSA
Running propositional reduction
Post-processing
Solving with MiniSAT 2.2.1 with simplifier
1347 variables, 3290 clauses
SAT checker: instance is SATISFIABLE
Runtime decision procedure: 0.008s

** Results:
[main_task_0.assertion.1] assertion rww_w1 == rww_r_tmp1: FAILURE

Trace for main_task_0.assertion.1:

State 40 file /home/dell/zyworkspace/nichecker/Experiment/remarks2.1_LA_Slicing_PPR/svp_simple_025/_mt_svp_simple_025_001_result/_cs_svp_simple_025_001_global_var_rww_mt_svp_simple_025_001.c line 275 function main thread 0
----------------------------------------------------
  __cs_tmp_t1_r0=2 (10)

State 42 file /home/dell/zyworkspace/nichecker/Experiment/remarks2.1_LA_Slicing_PPR/svp_simple_025/_mt_svp_simple_025_001_result/_cs_svp_simple_025_001_global_var_rww_mt_svp_simple_025_001.c line 279 function main thread 0
----------------------------------------------------
  __cs_thread_index=1 (01)

State 43 file /home/dell/zyworkspace/nichecker/Experiment/remarks2.1_LA_Slicing_PPR/svp_simple_025/_mt_svp_simple_025_001_result/_cs_svp_simple_025_001_global_var_rww_mt_svp_simple_025_001.c line 281 function main thread 0
----------------------------------------------------
  __cs_pc_cs[1l]=2 (10)

State 48 file /home/dell/zyworkspace/nichecker/Experiment/remarks2.1_LA_Slicing_PPR/svp_simple_025/_mt_svp_simple_025_001_result/_cs_svp_simple_025_001_global_var_rww_mt_svp_simple_025_001.c line 287 function main thread 0
----------------------------------------------------
  __cs_param_main_task_arg=NULL (0000000000000000000000000000000000000000000000000000000000000000)

State 50 file /home/dell/zyworkspace/nichecker/Experiment/remarks2.1_LA_Slicing_PPR/svp_simple_025/_mt_svp_simple_025_001_result/_cs_svp_simple_025_001_global_var_rww_mt_svp_simple_025_001.c line 182 function main_task_0 thread 0
----------------------------------------------------
  svp_simple_025_001_global_var=0 (00000000000000000000000000000000)

State 54 file /home/dell/zyworkspace/nichecker/Experiment/remarks2.1_LA_Slicing_PPR/svp_simple_025/_mt_svp_simple_025_001_result/_cs_svp_simple_025_001_global_var_rww_mt_svp_simple_025_001.c line 188 function main_task_0 thread 0
----------------------------------------------------
  __cs_disable_thread[2l]=0 (0)

State 55 file /home/dell/zyworkspace/nichecker/Experiment/remarks2.1_LA_Slicing_PPR/svp_simple_025/_mt_svp_simple_025_001_result/_cs_svp_simple_025_001_global_var_rww_mt_svp_simple_025_001.c line 191 function main_task_0 thread 0
----------------------------------------------------
  __cs_disable_thread[0l]=0 (0)

State 57 file /home/dell/zyworkspace/nichecker/Experiment/remarks2.1_LA_Slicing_PPR/svp_simple_025/_mt_svp_simple_025_001_result/_cs_svp_simple_025_001_global_var_rww_mt_svp_simple_025_001.c line 206 function main_task_0 thread 0
----------------------------------------------------
  __cs_local_main_task_ptr_var=&svp_simple_025_001_global_var (0000001000000000000000000000000000000000000000000000000000000000)

State 58 file /home/dell/zyworkspace/nichecker/Experiment/remarks2.1_LA_Slicing_PPR/svp_simple_025/_mt_svp_simple_025_001_result/_cs_svp_simple_025_001_global_var_rww_mt_svp_simple_025_001.c line 210 function main_task_0 thread 0
----------------------------------------------------
  __cs_temporary_0=0 (00000000000000000000000000000000)

State 59 file /home/dell/zyworkspace/nichecker/Experiment/remarks2.1_LA_Slicing_PPR/svp_simple_025/_mt_svp_simple_025_001_result/_cs_svp_simple_025_001_global_var_rww_mt_svp_simple_025_001.c line 213 function main_task_0 thread 0
----------------------------------------------------
  __cs_temporary_0=1 (00000000000000000000000000000001)

State 60 file /home/dell/zyworkspace/nichecker/Experiment/remarks2.1_LA_Slicing_PPR/svp_simple_025/_mt_svp_simple_025_001_result/_cs_svp_simple_025_001_global_var_rww_mt_svp_simple_025_001.c line 215 function main_task_0 thread 0
----------------------------------------------------
  rww_r_tmp1_num=1 (00000000000000000000000000000001)

State 61 file /home/dell/zyworkspace/nichecker/Experiment/remarks2.1_LA_Slicing_PPR/svp_simple_025/_mt_svp_simple_025_001_result/_cs_svp_simple_025_001_global_var_rww_mt_svp_simple_025_001.c line 216 function main_task_0 thread 0
----------------------------------------------------
  rww_r_tmp1=0 (00000000000000000000000000000000)

State 65 file /home/dell/zyworkspace/nichecker/Experiment/remarks2.1_LA_Slicing_PPR/svp_simple_025/_mt_svp_simple_025_001_result/_cs_svp_simple_025_001_global_var_rww_mt_svp_simple_025_001.c line 243 function main_task_0 thread 0
----------------------------------------------------
  __cs_value_ptr=NULL (0000000000000000000000000000000000000000000000000000000000000000)

State 70 file /home/dell/zyworkspace/nichecker/Experiment/remarks2.1_LA_Slicing_PPR/svp_simple_025/_mt_svp_simple_025_001_result/_cs_svp_simple_025_001_global_var_rww_mt_svp_simple_025_001.c line 289 function main thread 0
----------------------------------------------------
  __cs_pc[1l]=2 (10)

State 71 file /home/dell/zyworkspace/nichecker/Experiment/remarks2.1_LA_Slicing_PPR/svp_simple_025/_mt_svp_simple_025_001_result/_cs_svp_simple_025_001_global_var_rww_mt_svp_simple_025_001.c line 295 function main thread 0
----------------------------------------------------
  __cs_tmp_t2_r0=1 (1)

State 73 file /home/dell/zyworkspace/nichecker/Experiment/remarks2.1_LA_Slicing_PPR/svp_simple_025/_mt_svp_simple_025_001_result/_cs_svp_simple_025_001_global_var_rww_mt_svp_simple_025_001.c line 300 function main thread 0
----------------------------------------------------
  __cs_thread_index=2 (10)

State 74 file /home/dell/zyworkspace/nichecker/Experiment/remarks2.1_LA_Slicing_PPR/svp_simple_025/_mt_svp_simple_025_001_result/_cs_svp_simple_025_001_global_var_rww_mt_svp_simple_025_001.c line 302 function main thread 0
----------------------------------------------------
  __cs_pc_cs[2l]=1 (01)

State 79 file /home/dell/zyworkspace/nichecker/Experiment/remarks2.1_LA_Slicing_PPR/svp_simple_025/_mt_svp_simple_025_001_result/_cs_svp_simple_025_001_global_var_rww_mt_svp_simple_025_001.c line 308 function main thread 0
----------------------------------------------------
  __cs_param_svp_simple_025_001_isr_1_arg=NULL (0000000000000000000000000000000000000000000000000000000000000000)

State 81 file /home/dell/zyworkspace/nichecker/Experiment/remarks2.1_LA_Slicing_PPR/svp_simple_025/_mt_svp_simple_025_001_result/_cs_svp_simple_025_001_global_var_rww_mt_svp_simple_025_001.c line 252 function svp_simple_025_001_isr_1_0 thread 0
----------------------------------------------------
  svp_simple_025_001_global_var=1 (00000000000000000000000000000001)

State 85 file /home/dell/zyworkspace/nichecker/Experiment/remarks2.1_LA_Slicing_PPR/svp_simple_025/_mt_svp_simple_025_001_result/_cs_svp_simple_025_001_global_var_rww_mt_svp_simple_025_001.c line 263 function svp_simple_025_001_isr_1_0 thread 0
----------------------------------------------------
  __cs_value_ptr=NULL (0000000000000000000000000000000000000000000000000000000000000000)

State 90 file /home/dell/zyworkspace/nichecker/Experiment/remarks2.1_LA_Slicing_PPR/svp_simple_025/_mt_svp_simple_025_001_result/_cs_svp_simple_025_001_global_var_rww_mt_svp_simple_025_001.c line 310 function main thread 0
----------------------------------------------------
  __cs_pc[2l]=1 (01)

State 91 file /home/dell/zyworkspace/nichecker/Experiment/remarks2.1_LA_Slicing_PPR/svp_simple_025/_mt_svp_simple_025_001_result/_cs_svp_simple_025_001_global_var_rww_mt_svp_simple_025_001.c line 320 function main thread 0
----------------------------------------------------
  __cs_tmp_t1_r1=3 (11)

State 93 file /home/dell/zyworkspace/nichecker/Experiment/remarks2.1_LA_Slicing_PPR/svp_simple_025/_mt_svp_simple_025_001_result/_cs_svp_simple_025_001_global_var_rww_mt_svp_simple_025_001.c line 325 function main thread 0
----------------------------------------------------
  __cs_thread_index=1 (01)

State 94 file /home/dell/zyworkspace/nichecker/Experiment/remarks2.1_LA_Slicing_PPR/svp_simple_025/_mt_svp_simple_025_001_result/_cs_svp_simple_025_001_global_var_rww_mt_svp_simple_025_001.c line 327 function main thread 0
----------------------------------------------------
  __cs_pc_cs[1l]=3 (11)

State 99 file /home/dell/zyworkspace/nichecker/Experiment/remarks2.1_LA_Slicing_PPR/svp_simple_025/_mt_svp_simple_025_001_result/_cs_svp_simple_025_001_global_var_rww_mt_svp_simple_025_001.c line 333 function main thread 0
----------------------------------------------------
  __cs_param_main_task_arg=NULL (0000000000000000000000000000000000000000000000000000000000000000)

State 103 file /home/dell/zyworkspace/nichecker/Experiment/remarks2.1_LA_Slicing_PPR/svp_simple_025/_mt_svp_simple_025_001_result/_cs_svp_simple_025_001_global_var_rww_mt_svp_simple_025_001.c line 222 function main_task_0 thread 0
----------------------------------------------------
  rww_w1=1 (00000000000000000000000000000001)

Violated property:
  file /home/dell/zyworkspace/nichecker/Experiment/remarks2.1_LA_Slicing_PPR/svp_simple_025/_mt_svp_simple_025_001_result/_cs_svp_simple_025_001_global_var_rww_mt_svp_simple_025_001.c line 224 function main_task_0
  assertion rww_w1 == rww_r_tmp1
  rww_w1 == rww_r_tmp1


** 1 of 1 failed (1 iteration)
VERIFICATION FAILED
