CBMC version 5.4 64-bit x86_64 linux
Parsing /home/dell/zyworkspace/nichecker/Experiment/remarks2.1_LA/svp_simple_002/_cs__mt_svp_simple_002_001.c
Converting
Type-checking _cs__mt_svp_simple_002_001
Generating GOTO Program
Adding CPROVER library (x86_64)
Function Pointer Removal
Partial Inlining
Generic Property Instrumentation
Starting Bounded Model Checking
size of program expression: 2568 steps
simple slicing removed 102 assignments
Generated 6 VCC(s), 6 remaining after simplification
Passing problem to propositional reduction
converting SSA
Running propositional reduction
Post-processing
Solving with MiniSAT 2.2.1 with simplifier
20574 variables, 72778 clauses
Converting 0 assumptions
SAT checker: instance is SATISFIABLE
Runtime decision procedure: 0.84s
Building error trace

Counterexample:

State 60 file /home/dell/zyworkspace/nichecker/Experiment/remarks2.1_LA/svp_simple_002/_cs__mt_svp_simple_002_001.c line 682 function main thread 0
----------------------------------------------------
  __cs_tid={ 0, 2, 2, 3, 3, 2, 2 } ({ 00, 10, 10, 11, 11, 10, 10 })

State 61 file /home/dell/zyworkspace/nichecker/Experiment/remarks2.1_LA/svp_simple_002/_cs__mt_svp_simple_002_001.c line 684 function main thread 0
----------------------------------------------------
  __cs_cs={ 2, 5, 6, 0, 1, 7, 3 } ({ 010, 101, 110, 000, 001, 111, 011 })

State 62 file /home/dell/zyworkspace/nichecker/Experiment/remarks2.1_LA/svp_simple_002/_cs__mt_svp_simple_002_001.c line 686 function main thread 0
----------------------------------------------------
  k=0 (00000000000000000000000000000000)

State 63 file /home/dell/zyworkspace/nichecker/Experiment/remarks2.1_LA/svp_simple_002/_cs__mt_svp_simple_002_001.c line 688 function main thread 0
----------------------------------------------------
  __cs_tid[0]=0 (00)

State 64 file /home/dell/zyworkspace/nichecker/Experiment/remarks2.1_LA/svp_simple_002/_cs__mt_svp_simple_002_001.c line 692 function main thread 0
----------------------------------------------------
  k=0 (00000000000000000000000000000000)

State 67 file /home/dell/zyworkspace/nichecker/Experiment/remarks2.1_LA/svp_simple_002/_cs__mt_svp_simple_002_001.c line 698 function main thread 0
----------------------------------------------------
  __cs_pc_cs[1]=2 (0010)

State 70 file /home/dell/zyworkspace/nichecker/Experiment/remarks2.1_LA/svp_simple_002/_cs__mt_svp_simple_002_001.c line 700 function main thread 0
----------------------------------------------------
  __cs_param_main_task_arg=NULL (0000000000000000000000000000000000000000000000000000000000000000)

State 75 file /home/dell/zyworkspace/nichecker/Experiment/remarks2.1_LA/svp_simple_002/_cs__mt_svp_simple_002_001.c line 181 function main_task_0 thread 0
----------------------------------------------------
  __cs_disable_thread[3]=0 (0)

State 76 file /home/dell/zyworkspace/nichecker/Experiment/remarks2.1_LA/svp_simple_002/_cs__mt_svp_simple_002_001.c line 184 function main_task_0 thread 0
----------------------------------------------------
  __cs_disable_thread[2]=0 (0)

State 77 file /home/dell/zyworkspace/nichecker/Experiment/remarks2.1_LA/svp_simple_002/_cs__mt_svp_simple_002_001.c line 187 function main_task_0 thread 0
----------------------------------------------------
  __cs_disable_thread[0]=0 (0)

State 78 file /home/dell/zyworkspace/nichecker/Experiment/remarks2.1_LA/svp_simple_002/_cs__mt_svp_simple_002_001.c line 197 function main_task_0 thread 0
----------------------------------------------------
  __cs_local_main_task_i=0 (00000000000000000000000000000000)

State 79 file /home/dell/zyworkspace/nichecker/Experiment/remarks2.1_LA/svp_simple_002/_cs__mt_svp_simple_002_001.c line 200 function main_task_0 thread 0
----------------------------------------------------
  __cs_local_main_task_i=0 (00000000000000000000000000000000)

State 80 file /home/dell/zyworkspace/nichecker/Experiment/remarks2.1_LA/svp_simple_002/_cs__mt_svp_simple_002_001.c line 208 function main_task_0 thread 0
----------------------------------------------------
  __cs_local_main_task_t_1=0 (00000000000000000000000000000000)

State 82 file /home/dell/zyworkspace/nichecker/Experiment/remarks2.1_LA/svp_simple_002/_cs__mt_svp_simple_002_001.c line 226 function main_task_0 thread 0
----------------------------------------------------
  __cs_local_main_task_loop_1_IOVar1=0 (00000000000000000000000000000000)

State 83 file /home/dell/zyworkspace/nichecker/Experiment/remarks2.1_LA/svp_simple_002/_cs__mt_svp_simple_002_001.c line 229 function main_task_0 thread 0
----------------------------------------------------
  __cs_local_main_task_loop_1_block_1=100 (00000000000000000000000001100100)

State 84 file /home/dell/zyworkspace/nichecker/Experiment/remarks2.1_LA/svp_simple_002/_cs__mt_svp_simple_002_001.c line 232 function main_task_0 thread 0
----------------------------------------------------
  __cs_local_main_task_i=100 (00000000000000000000000001100100)

State 87 file /home/dell/zyworkspace/nichecker/Experiment/remarks2.1_LA/svp_simple_002/_cs__mt_svp_simple_002_001.c line 243 function main_task_0 thread 0
----------------------------------------------------
  __cs_local_main_task_i=101 (00000000000000000000000001100101)

State 88 file /home/dell/zyworkspace/nichecker/Experiment/remarks2.1_LA/svp_simple_002/_cs__mt_svp_simple_002_001.c line 249 function main_task_0 thread 0
----------------------------------------------------
  __cs_local_main_task_t_1=1 (00000000000000000000000000000001)

State 91 file /home/dell/zyworkspace/nichecker/Experiment/remarks2.1_LA/svp_simple_002/_cs__mt_svp_simple_002_001.c line 257 function main_task_0 thread 0
----------------------------------------------------
  __cs_pc[1]=1 (0001)

State 99 file /home/dell/zyworkspace/nichecker/Experiment/remarks2.1_LA/svp_simple_002/_cs__mt_svp_simple_002_001.c line 322 function main_task_0 thread 0
----------------------------------------------------
  __cs_value_ptr=NULL (0000000000000000000000000000000000000000000000000000000000000000)

State 104 file /home/dell/zyworkspace/nichecker/Experiment/remarks2.1_LA/svp_simple_002/_cs__mt_svp_simple_002_001.c line 702 function main thread 0
----------------------------------------------------
  __cs_pc[1]=2 (0010)

State 105 file /home/dell/zyworkspace/nichecker/Experiment/remarks2.1_LA/svp_simple_002/_cs__mt_svp_simple_002_001.c line 706 function main thread 0
----------------------------------------------------
  k=1 (00000000000000000000000000000001)

State 111 file /home/dell/zyworkspace/nichecker/Experiment/remarks2.1_LA/svp_simple_002/_cs__mt_svp_simple_002_001.c line 736 function main thread 0
----------------------------------------------------
  __cs_pc_cs[2]=5 (0101)

State 114 file /home/dell/zyworkspace/nichecker/Experiment/remarks2.1_LA/svp_simple_002/_cs__mt_svp_simple_002_001.c line 738 function main thread 0
----------------------------------------------------
  __cs_param_svp_simple_002_001_isr_1_arg=NULL (0000000000000000000000000000000000000000000000000000000000000000)

State 116 file /home/dell/zyworkspace/nichecker/Experiment/remarks2.1_LA/svp_simple_002/_cs__mt_svp_simple_002_001.c line 340 function svp_simple_002_001_isr_1_0 thread 0
----------------------------------------------------
  __cs_local_svp_simple_002_001_isr_1_i=0 (00000000000000000000000000000000)

State 117 file /home/dell/zyworkspace/nichecker/Experiment/remarks2.1_LA/svp_simple_002/_cs__mt_svp_simple_002_001.c line 347 function svp_simple_002_001_isr_1_0 thread 0
----------------------------------------------------
  __cs_local_svp_simple_002_001_isr_1_t_2=0 (00000000000000000000000000000000)

State 119 file /home/dell/zyworkspace/nichecker/Experiment/remarks2.1_LA/svp_simple_002/_cs__mt_svp_simple_002_001.c line 365 function svp_simple_002_001_isr_1_0 thread 0
----------------------------------------------------
  __cs_local_svp_simple_002_001_isr_1_loop_2_IOVar1=0 (00000000000000000000000000000000)

State 120 file /home/dell/zyworkspace/nichecker/Experiment/remarks2.1_LA/svp_simple_002/_cs__mt_svp_simple_002_001.c line 367 function svp_simple_002_001_isr_1_0 thread 0
----------------------------------------------------
  __cs_local_svp_simple_002_001_isr_1_loop_2_block_3=0 (00000000000000000000000000000000)

State 121 file /home/dell/zyworkspace/nichecker/Experiment/remarks2.1_LA/svp_simple_002/_cs__mt_svp_simple_002_001.c line 369 function svp_simple_002_001_isr_1_0 thread 0
----------------------------------------------------
  __cs_local_svp_simple_002_001_isr_1_i=0 (00000000000000000000000000000000)

State 124 file /home/dell/zyworkspace/nichecker/Experiment/remarks2.1_LA/svp_simple_002/_cs__mt_svp_simple_002_001.c line 379 function svp_simple_002_001_isr_1_0 thread 0
----------------------------------------------------
  __cs_local_svp_simple_002_001_isr_1___cs_tmp_if_cond_0=FALSE (00000000)

State 127 file /home/dell/zyworkspace/nichecker/Experiment/remarks2.1_LA/svp_simple_002/_cs__mt_svp_simple_002_001.c line 400 function svp_simple_002_001_isr_1_0 thread 0
----------------------------------------------------
  __cs_local_svp_simple_002_001_isr_1___cs_tmp_if_cond_1=FALSE (00000000)

State 130 file /home/dell/zyworkspace/nichecker/Experiment/remarks2.1_LA/svp_simple_002/_cs__mt_svp_simple_002_001.c line 422 function svp_simple_002_001_isr_1_0 thread 0
----------------------------------------------------
  __cs_local_svp_simple_002_001_isr_1_i=1 (00000000000000000000000000000001)

State 131 file /home/dell/zyworkspace/nichecker/Experiment/remarks2.1_LA/svp_simple_002/_cs__mt_svp_simple_002_001.c line 427 function svp_simple_002_001_isr_1_0 thread 0
----------------------------------------------------
  __cs_local_svp_simple_002_001_isr_1_t_2=1 (00000000000000000000000000000001)

State 133 file /home/dell/zyworkspace/nichecker/Experiment/remarks2.1_LA/svp_simple_002/_cs__mt_svp_simple_002_001.c line 445 function svp_simple_002_001_isr_1_0 thread 0
----------------------------------------------------
  __cs_local_svp_simple_002_001_isr_1_loop_2_IOVar1=1 (00000000000000000000000000000001)

State 134 file /home/dell/zyworkspace/nichecker/Experiment/remarks2.1_LA/svp_simple_002/_cs__mt_svp_simple_002_001.c line 447 function svp_simple_002_001_isr_1_0 thread 0
----------------------------------------------------
  __cs_local_svp_simple_002_001_isr_1_loop_2_block_3=9998 (00000000000000000010011100001110)

State 135 file /home/dell/zyworkspace/nichecker/Experiment/remarks2.1_LA/svp_simple_002/_cs__mt_svp_simple_002_001.c line 449 function svp_simple_002_001_isr_1_0 thread 0
----------------------------------------------------
  __cs_local_svp_simple_002_001_isr_1_i=9999 (00000000000000000010011100001111)

State 138 file /home/dell/zyworkspace/nichecker/Experiment/remarks2.1_LA/svp_simple_002/_cs__mt_svp_simple_002_001.c line 459 function svp_simple_002_001_isr_1_0 thread 0
----------------------------------------------------
  __cs_local_svp_simple_002_001_isr_1___cs_tmp_if_cond_0=TRUE (00000001)

State 141 file /home/dell/zyworkspace/nichecker/Experiment/remarks2.1_LA/svp_simple_002/_cs__mt_svp_simple_002_001.c line 467 function svp_simple_002_001_isr_1_0 thread 0
----------------------------------------------------
  svp_simple_002_001_global_array[9999]=1 (00000000000000000000000000000001)

State 142 file /home/dell/zyworkspace/nichecker/Experiment/remarks2.1_LA/svp_simple_002/_cs__mt_svp_simple_002_001.c line 469 function svp_simple_002_001_isr_1_0 thread 0
----------------------------------------------------
  wwr_w_tmp2_num=1 (00000000000000000000000000000001)

State 143 file /home/dell/zyworkspace/nichecker/Experiment/remarks2.1_LA/svp_simple_002/_cs__mt_svp_simple_002_001.c line 470 function svp_simple_002_001_isr_1_0 thread 0
----------------------------------------------------
  wwr_w_tmp2=1 (00000000000000000000000000000001)

State 145 file /home/dell/zyworkspace/nichecker/Experiment/remarks2.1_LA/svp_simple_002/_cs__mt_svp_simple_002_001.c line 480 function svp_simple_002_001_isr_1_0 thread 0
----------------------------------------------------
  __cs_local_svp_simple_002_001_isr_1___cs_tmp_if_cond_1=FALSE (00000000)

State 148 file /home/dell/zyworkspace/nichecker/Experiment/remarks2.1_LA/svp_simple_002/_cs__mt_svp_simple_002_001.c line 502 function svp_simple_002_001_isr_1_0 thread 0
----------------------------------------------------
  __cs_local_svp_simple_002_001_isr_1_i=10000 (00000000000000000010011100010000)

State 149 file /home/dell/zyworkspace/nichecker/Experiment/remarks2.1_LA/svp_simple_002/_cs__mt_svp_simple_002_001.c line 507 function svp_simple_002_001_isr_1_0 thread 0
----------------------------------------------------
  __cs_local_svp_simple_002_001_isr_1_t_2=2 (00000000000000000000000000000010)

State 150 file /home/dell/zyworkspace/nichecker/Experiment/remarks2.1_LA/svp_simple_002/_cs__mt_svp_simple_002_001.c line 510 function svp_simple_002_001_isr_1_0 thread 0
----------------------------------------------------
  __cs_loop_2=FALSE (00000000)

State 156 file /home/dell/zyworkspace/nichecker/Experiment/remarks2.1_LA/svp_simple_002/_cs__mt_svp_simple_002_001.c line 552 function svp_simple_002_001_isr_1_0 thread 0
----------------------------------------------------
  __cs_value_ptr=NULL (0000000000000000000000000000000000000000000000000000000000000000)

State 161 file /home/dell/zyworkspace/nichecker/Experiment/remarks2.1_LA/svp_simple_002/_cs__mt_svp_simple_002_001.c line 740 function main thread 0
----------------------------------------------------
  __cs_pc[2]=5 (0101)

State 163 file /home/dell/zyworkspace/nichecker/Experiment/remarks2.1_LA/svp_simple_002/_cs__mt_svp_simple_002_001.c line 768 function main thread 0
----------------------------------------------------
  k=2 (00000000000000000000000000000010)

State 169 file /home/dell/zyworkspace/nichecker/Experiment/remarks2.1_LA/svp_simple_002/_cs__mt_svp_simple_002_001.c line 800 function main thread 0
----------------------------------------------------
  __cs_pc_cs[2]=6 (0110)

State 172 file /home/dell/zyworkspace/nichecker/Experiment/remarks2.1_LA/svp_simple_002/_cs__mt_svp_simple_002_001.c line 802 function main thread 0
----------------------------------------------------
  __cs_param_svp_simple_002_001_isr_1_arg=NULL (0000000000000000000000000000000000000000000000000000000000000000)

State 186 file /home/dell/zyworkspace/nichecker/Experiment/remarks2.1_LA/svp_simple_002/_cs__mt_svp_simple_002_001.c line 552 function svp_simple_002_001_isr_1_0 thread 0
----------------------------------------------------
  __cs_value_ptr=NULL (0000000000000000000000000000000000000000000000000000000000000000)

State 191 file /home/dell/zyworkspace/nichecker/Experiment/remarks2.1_LA/svp_simple_002/_cs__mt_svp_simple_002_001.c line 804 function main thread 0
----------------------------------------------------
  __cs_pc[2]=6 (0110)

State 193 file /home/dell/zyworkspace/nichecker/Experiment/remarks2.1_LA/svp_simple_002/_cs__mt_svp_simple_002_001.c line 832 function main thread 0
----------------------------------------------------
  k=3 (00000000000000000000000000000011)

State 200 file /home/dell/zyworkspace/nichecker/Experiment/remarks2.1_LA/svp_simple_002/_cs__mt_svp_simple_002_001.c line 884 function main thread 0
----------------------------------------------------
  __cs_pc_cs[3]=0 (0000)

State 203 file /home/dell/zyworkspace/nichecker/Experiment/remarks2.1_LA/svp_simple_002/_cs__mt_svp_simple_002_001.c line 886 function main thread 0
----------------------------------------------------
  __cs_param_svp_simple_002_001_isr_2_arg=NULL (0000000000000000000000000000000000000000000000000000000000000000)

State 207 file /home/dell/zyworkspace/nichecker/Experiment/remarks2.1_LA/svp_simple_002/_cs__mt_svp_simple_002_001.c line 674 function svp_simple_002_001_isr_2_0 thread 0
----------------------------------------------------
  __cs_value_ptr=NULL (0000000000000000000000000000000000000000000000000000000000000000)

State 212 file /home/dell/zyworkspace/nichecker/Experiment/remarks2.1_LA/svp_simple_002/_cs__mt_svp_simple_002_001.c line 888 function main thread 0
----------------------------------------------------
  __cs_pc[3]=0 (0000)

State 213 file /home/dell/zyworkspace/nichecker/Experiment/remarks2.1_LA/svp_simple_002/_cs__mt_svp_simple_002_001.c line 896 function main thread 0
----------------------------------------------------
  k=4 (00000000000000000000000000000100)

State 220 file /home/dell/zyworkspace/nichecker/Experiment/remarks2.1_LA/svp_simple_002/_cs__mt_svp_simple_002_001.c line 948 function main thread 0
----------------------------------------------------
  __cs_pc_cs[3]=1 (0001)

State 223 file /home/dell/zyworkspace/nichecker/Experiment/remarks2.1_LA/svp_simple_002/_cs__mt_svp_simple_002_001.c line 950 function main thread 0
----------------------------------------------------
  __cs_param_svp_simple_002_001_isr_2_arg=NULL (0000000000000000000000000000000000000000000000000000000000000000)

State 225 file /home/dell/zyworkspace/nichecker/Experiment/remarks2.1_LA/svp_simple_002/_cs__mt_svp_simple_002_001.c line 565 function svp_simple_002_001_isr_2_0 thread 0
----------------------------------------------------
  __cs_local_svp_simple_002_001_isr_2_i=0 (00000000000000000000000000000000)

State 226 file /home/dell/zyworkspace/nichecker/Experiment/remarks2.1_LA/svp_simple_002/_cs__mt_svp_simple_002_001.c line 567 function svp_simple_002_001_isr_2_0 thread 0
----------------------------------------------------
  __cs_local_svp_simple_002_001_isr_2_i=0 (00000000000000000000000000000000)

State 227 file /home/dell/zyworkspace/nichecker/Experiment/remarks2.1_LA/svp_simple_002/_cs__mt_svp_simple_002_001.c line 574 function svp_simple_002_001_isr_2_0 thread 0
----------------------------------------------------
  __cs_local_svp_simple_002_001_isr_2_t_3=0 (00000000000000000000000000000000)

State 229 file /home/dell/zyworkspace/nichecker/Experiment/remarks2.1_LA/svp_simple_002/_cs__mt_svp_simple_002_001.c line 589 function svp_simple_002_001_isr_2_0 thread 0
----------------------------------------------------
  __cs_local_svp_simple_002_001_isr_2_loop_3_IOVar1=0 (00000000000000000000000000000000)

State 230 file /home/dell/zyworkspace/nichecker/Experiment/remarks2.1_LA/svp_simple_002/_cs__mt_svp_simple_002_001.c line 591 function svp_simple_002_001_isr_2_0 thread 0
----------------------------------------------------
  __cs_local_svp_simple_002_001_isr_2_loop_3_block_1=100 (00000000000000000000000001100100)

State 231 file /home/dell/zyworkspace/nichecker/Experiment/remarks2.1_LA/svp_simple_002/_cs__mt_svp_simple_002_001.c line 593 function svp_simple_002_001_isr_2_0 thread 0
----------------------------------------------------
  __cs_local_svp_simple_002_001_isr_2_i=100 (00000000000000000000000001100100)

State 234 file /home/dell/zyworkspace/nichecker/Experiment/remarks2.1_LA/svp_simple_002/_cs__mt_svp_simple_002_001.c line 604 function svp_simple_002_001_isr_2_0 thread 0
----------------------------------------------------
  __cs_local_svp_simple_002_001_isr_2_i=101 (00000000000000000000000001100101)

State 235 file /home/dell/zyworkspace/nichecker/Experiment/remarks2.1_LA/svp_simple_002/_cs__mt_svp_simple_002_001.c line 609 function svp_simple_002_001_isr_2_0 thread 0
----------------------------------------------------
  __cs_local_svp_simple_002_001_isr_2_t_3=1 (00000000000000000000000000000001)

State 240 file /home/dell/zyworkspace/nichecker/Experiment/remarks2.1_LA/svp_simple_002/_cs__mt_svp_simple_002_001.c line 663 function svp_simple_002_001_isr_2_0 thread 0
----------------------------------------------------
  svp_simple_002_001_global_array[9999]=999 (00000000000000000000001111100111)

State 244 file /home/dell/zyworkspace/nichecker/Experiment/remarks2.1_LA/svp_simple_002/_cs__mt_svp_simple_002_001.c line 674 function svp_simple_002_001_isr_2_0 thread 0
----------------------------------------------------
  __cs_value_ptr=NULL (0000000000000000000000000000000000000000000000000000000000000000)

State 249 file /home/dell/zyworkspace/nichecker/Experiment/remarks2.1_LA/svp_simple_002/_cs__mt_svp_simple_002_001.c line 952 function main thread 0
----------------------------------------------------
  __cs_pc[3]=1 (0001)

State 250 file /home/dell/zyworkspace/nichecker/Experiment/remarks2.1_LA/svp_simple_002/_cs__mt_svp_simple_002_001.c line 960 function main thread 0
----------------------------------------------------
  k=5 (00000000000000000000000000000101)

State 256 file /home/dell/zyworkspace/nichecker/Experiment/remarks2.1_LA/svp_simple_002/_cs__mt_svp_simple_002_001.c line 992 function main thread 0
----------------------------------------------------
  __cs_pc_cs[2]=7 (0111)

State 259 file /home/dell/zyworkspace/nichecker/Experiment/remarks2.1_LA/svp_simple_002/_cs__mt_svp_simple_002_001.c line 994 function main thread 0
----------------------------------------------------
  __cs_param_svp_simple_002_001_isr_1_arg=NULL (0000000000000000000000000000000000000000000000000000000000000000)

State 267 file /home/dell/zyworkspace/nichecker/Experiment/remarks2.1_LA/svp_simple_002/_cs__mt_svp_simple_002_001.c line 530 function svp_simple_002_001_isr_1_0 thread 0
----------------------------------------------------
  __cs_local_svp_simple_002_001_isr_1_mininum=989 (00000000000000000000001111011101)

State 268 file /home/dell/zyworkspace/nichecker/Experiment/remarks2.1_LA/svp_simple_002/_cs__mt_svp_simple_002_001.c line 532 function svp_simple_002_001_isr_1_0 thread 0
----------------------------------------------------
  wwr_r1=999 (00000000000000000000001111100111)

Violated property:
  file /home/dell/zyworkspace/nichecker/Experiment/remarks2.1_LA/svp_simple_002/_cs__mt_svp_simple_002_001.c line 534 function svp_simple_002_001_isr_1_0
  assertion wwr_r1 == wwr_w_tmp2
  wwr_r1 == wwr_w_tmp2

VERIFICATION FAILED
