CBMC version 5.4 64-bit x86_64 linux
Parsing /home/dell/zyworkspace/nichecker/Experiment/remarks2.1_LA/svp_simple_002/_cs__mt_svp_simple_002_001.c
Converting
Type-checking _cs__mt_svp_simple_002_001
Generating GOTO Program
Adding CPROVER library (x86_64)
Function Pointer Removal
Partial Inlining
Generic Property Instrumentation
Starting Bounded Model Checking
size of program expression: 1766 steps
simple slicing removed 102 assignments
Generated 4 VCC(s), 4 remaining after simplification
Passing problem to propositional reduction
converting SSA
Running propositional reduction
Post-processing
Solving with MiniSAT 2.2.1 with simplifier
Assuming 316 = 1
Assuming 318 = 1
13024 variables, 45368 clauses
Converting 2 assumptions
SAT checker: instance is UNSATISFIABLE
Runtime decision procedure: 0.642s
VERIFICATION SUCCESSFUL
