CBMC version 5.4 64-bit x86_64 linux
Parsing /home/dell/zyworkspace/nichecker/Experiment/remarks2.1_LA/svp_simple_002/_cs__mt_svp_simple_002_001.c
Converting
Type-checking _cs__mt_svp_simple_002_001
Generating GOTO Program
Adding CPROVER library (x86_64)
Function Pointer Removal
Partial Inlining
Generic Property Instrumentation
Starting Bounded Model Checking
size of program expression: 1766 steps
simple slicing removed 102 assignments
Generated 4 VCC(s), 4 remaining after simplification
Passing problem to propositional reduction
converting SSA
Running propositional reduction
Post-processing
Solving with MiniSAT 2.2.1 with simplifier
Assuming 316 = 0
Assuming 318 = 0
13024 variables, 45368 clauses
Converting 2 assumptions
SAT checker: instance is SATISFIABLE
Runtime decision procedure: 0.641s
Building error trace

Counterexample:

State 60 file /home/dell/zyworkspace/nichecker/Experiment/remarks2.1_LA/svp_simple_002/_cs__mt_svp_simple_002_001.c line 682 function main thread 0
----------------------------------------------------
  __cs_tid={ 0, 0, 2, 3, 2 } ({ 00, 00, 10, 11, 10 })

State 61 file /home/dell/zyworkspace/nichecker/Experiment/remarks2.1_LA/svp_simple_002/_cs__mt_svp_simple_002_001.c line 684 function main thread 0
----------------------------------------------------
  __cs_cs={ 2, 3, 6, 1, 7 } ({ 010, 011, 110, 001, 111 })

State 62 file /home/dell/zyworkspace/nichecker/Experiment/remarks2.1_LA/svp_simple_002/_cs__mt_svp_simple_002_001.c line 686 function main thread 0
----------------------------------------------------
  k=0 (00000000000000000000000000000000)

State 63 file /home/dell/zyworkspace/nichecker/Experiment/remarks2.1_LA/svp_simple_002/_cs__mt_svp_simple_002_001.c line 688 function main thread 0
----------------------------------------------------
  __cs_tid[0]=0 (00)

State 64 file /home/dell/zyworkspace/nichecker/Experiment/remarks2.1_LA/svp_simple_002/_cs__mt_svp_simple_002_001.c line 692 function main thread 0
----------------------------------------------------
  k=0 (00000000000000000000000000000000)

State 67 file /home/dell/zyworkspace/nichecker/Experiment/remarks2.1_LA/svp_simple_002/_cs__mt_svp_simple_002_001.c line 698 function main thread 0
----------------------------------------------------
  __cs_pc_cs[1]=2 (0010)

State 70 file /home/dell/zyworkspace/nichecker/Experiment/remarks2.1_LA/svp_simple_002/_cs__mt_svp_simple_002_001.c line 700 function main thread 0
----------------------------------------------------
  __cs_param_main_task_arg=NULL (0000000000000000000000000000000000000000000000000000000000000000)

State 75 file /home/dell/zyworkspace/nichecker/Experiment/remarks2.1_LA/svp_simple_002/_cs__mt_svp_simple_002_001.c line 181 function main_task_0 thread 0
----------------------------------------------------
  __cs_disable_thread[3]=0 (0)

State 76 file /home/dell/zyworkspace/nichecker/Experiment/remarks2.1_LA/svp_simple_002/_cs__mt_svp_simple_002_001.c line 184 function main_task_0 thread 0
----------------------------------------------------
  __cs_disable_thread[2]=0 (0)

State 77 file /home/dell/zyworkspace/nichecker/Experiment/remarks2.1_LA/svp_simple_002/_cs__mt_svp_simple_002_001.c line 187 function main_task_0 thread 0
----------------------------------------------------
  __cs_disable_thread[0]=0 (0)

State 78 file /home/dell/zyworkspace/nichecker/Experiment/remarks2.1_LA/svp_simple_002/_cs__mt_svp_simple_002_001.c line 197 function main_task_0 thread 0
----------------------------------------------------
  __cs_local_main_task_i=0 (00000000000000000000000000000000)

State 79 file /home/dell/zyworkspace/nichecker/Experiment/remarks2.1_LA/svp_simple_002/_cs__mt_svp_simple_002_001.c line 200 function main_task_0 thread 0
----------------------------------------------------
  __cs_local_main_task_i=0 (00000000000000000000000000000000)

State 80 file /home/dell/zyworkspace/nichecker/Experiment/remarks2.1_LA/svp_simple_002/_cs__mt_svp_simple_002_001.c line 208 function main_task_0 thread 0
----------------------------------------------------
  __cs_local_main_task_t_1=0 (00000000000000000000000000000000)

State 82 file /home/dell/zyworkspace/nichecker/Experiment/remarks2.1_LA/svp_simple_002/_cs__mt_svp_simple_002_001.c line 226 function main_task_0 thread 0
----------------------------------------------------
  __cs_local_main_task_loop_1_IOVar1=0 (00000000000000000000000000000000)

State 83 file /home/dell/zyworkspace/nichecker/Experiment/remarks2.1_LA/svp_simple_002/_cs__mt_svp_simple_002_001.c line 229 function main_task_0 thread 0
----------------------------------------------------
  __cs_local_main_task_loop_1_block_1=100 (00000000000000000000000001100100)

State 84 file /home/dell/zyworkspace/nichecker/Experiment/remarks2.1_LA/svp_simple_002/_cs__mt_svp_simple_002_001.c line 232 function main_task_0 thread 0
----------------------------------------------------
  __cs_local_main_task_i=100 (00000000000000000000000001100100)

State 87 file /home/dell/zyworkspace/nichecker/Experiment/remarks2.1_LA/svp_simple_002/_cs__mt_svp_simple_002_001.c line 243 function main_task_0 thread 0
----------------------------------------------------
  __cs_local_main_task_i=101 (00000000000000000000000001100101)

State 88 file /home/dell/zyworkspace/nichecker/Experiment/remarks2.1_LA/svp_simple_002/_cs__mt_svp_simple_002_001.c line 249 function main_task_0 thread 0
----------------------------------------------------
  __cs_local_main_task_t_1=1 (00000000000000000000000000000001)

State 91 file /home/dell/zyworkspace/nichecker/Experiment/remarks2.1_LA/svp_simple_002/_cs__mt_svp_simple_002_001.c line 257 function main_task_0 thread 0
----------------------------------------------------
  __cs_pc[1]=1 (0001)

State 99 file /home/dell/zyworkspace/nichecker/Experiment/remarks2.1_LA/svp_simple_002/_cs__mt_svp_simple_002_001.c line 322 function main_task_0 thread 0
----------------------------------------------------
  __cs_value_ptr=NULL (0000000000000000000000000000000000000000000000000000000000000000)

State 104 file /home/dell/zyworkspace/nichecker/Experiment/remarks2.1_LA/svp_simple_002/_cs__mt_svp_simple_002_001.c line 702 function main thread 0
----------------------------------------------------
  __cs_pc[1]=2 (0010)

State 105 file /home/dell/zyworkspace/nichecker/Experiment/remarks2.1_LA/svp_simple_002/_cs__mt_svp_simple_002_001.c line 706 function main thread 0
----------------------------------------------------
  k=1 (00000000000000000000000000000001)

State 109 file /home/dell/zyworkspace/nichecker/Experiment/remarks2.1_LA/svp_simple_002/_cs__mt_svp_simple_002_001.c line 768 function main thread 0
----------------------------------------------------
  k=2 (00000000000000000000000000000010)

State 115 file /home/dell/zyworkspace/nichecker/Experiment/remarks2.1_LA/svp_simple_002/_cs__mt_svp_simple_002_001.c line 800 function main thread 0
----------------------------------------------------
  __cs_pc_cs[2]=6 (0110)

State 118 file /home/dell/zyworkspace/nichecker/Experiment/remarks2.1_LA/svp_simple_002/_cs__mt_svp_simple_002_001.c line 802 function main thread 0
----------------------------------------------------
  __cs_param_svp_simple_002_001_isr_1_arg=NULL (0000000000000000000000000000000000000000000000000000000000000000)

State 120 file /home/dell/zyworkspace/nichecker/Experiment/remarks2.1_LA/svp_simple_002/_cs__mt_svp_simple_002_001.c line 340 function svp_simple_002_001_isr_1_0 thread 0
----------------------------------------------------
  __cs_local_svp_simple_002_001_isr_1_i=0 (00000000000000000000000000000000)

State 121 file /home/dell/zyworkspace/nichecker/Experiment/remarks2.1_LA/svp_simple_002/_cs__mt_svp_simple_002_001.c line 347 function svp_simple_002_001_isr_1_0 thread 0
----------------------------------------------------
  __cs_local_svp_simple_002_001_isr_1_t_2=0 (00000000000000000000000000000000)

State 123 file /home/dell/zyworkspace/nichecker/Experiment/remarks2.1_LA/svp_simple_002/_cs__mt_svp_simple_002_001.c line 365 function svp_simple_002_001_isr_1_0 thread 0
----------------------------------------------------
  __cs_local_svp_simple_002_001_isr_1_loop_2_IOVar1=0 (00000000000000000000000000000000)

State 124 file /home/dell/zyworkspace/nichecker/Experiment/remarks2.1_LA/svp_simple_002/_cs__mt_svp_simple_002_001.c line 367 function svp_simple_002_001_isr_1_0 thread 0
----------------------------------------------------
  __cs_local_svp_simple_002_001_isr_1_loop_2_block_3=9999 (00000000000000000010011100001111)

State 125 file /home/dell/zyworkspace/nichecker/Experiment/remarks2.1_LA/svp_simple_002/_cs__mt_svp_simple_002_001.c line 369 function svp_simple_002_001_isr_1_0 thread 0
----------------------------------------------------
  __cs_local_svp_simple_002_001_isr_1_i=9999 (00000000000000000010011100001111)

State 128 file /home/dell/zyworkspace/nichecker/Experiment/remarks2.1_LA/svp_simple_002/_cs__mt_svp_simple_002_001.c line 379 function svp_simple_002_001_isr_1_0 thread 0
----------------------------------------------------
  __cs_local_svp_simple_002_001_isr_1___cs_tmp_if_cond_0=TRUE (00000001)

State 131 file /home/dell/zyworkspace/nichecker/Experiment/remarks2.1_LA/svp_simple_002/_cs__mt_svp_simple_002_001.c line 387 function svp_simple_002_001_isr_1_0 thread 0
----------------------------------------------------
  svp_simple_002_001_global_array[9999]=1 (00000000000000000000000000000001)

State 132 file /home/dell/zyworkspace/nichecker/Experiment/remarks2.1_LA/svp_simple_002/_cs__mt_svp_simple_002_001.c line 389 function svp_simple_002_001_isr_1_0 thread 0
----------------------------------------------------
  wwr_w_tmp2_num=1 (00000000000000000000000000000001)

State 133 file /home/dell/zyworkspace/nichecker/Experiment/remarks2.1_LA/svp_simple_002/_cs__mt_svp_simple_002_001.c line 390 function svp_simple_002_001_isr_1_0 thread 0
----------------------------------------------------
  wwr_w_tmp2=1 (00000000000000000000000000000001)

State 135 file /home/dell/zyworkspace/nichecker/Experiment/remarks2.1_LA/svp_simple_002/_cs__mt_svp_simple_002_001.c line 400 function svp_simple_002_001_isr_1_0 thread 0
----------------------------------------------------
  __cs_local_svp_simple_002_001_isr_1___cs_tmp_if_cond_1=FALSE (00000000)

State 138 file /home/dell/zyworkspace/nichecker/Experiment/remarks2.1_LA/svp_simple_002/_cs__mt_svp_simple_002_001.c line 422 function svp_simple_002_001_isr_1_0 thread 0
----------------------------------------------------
  __cs_local_svp_simple_002_001_isr_1_i=10000 (00000000000000000010011100010000)

State 139 file /home/dell/zyworkspace/nichecker/Experiment/remarks2.1_LA/svp_simple_002/_cs__mt_svp_simple_002_001.c line 427 function svp_simple_002_001_isr_1_0 thread 0
----------------------------------------------------
  __cs_local_svp_simple_002_001_isr_1_t_2=1 (00000000000000000000000000000001)

State 142 file /home/dell/zyworkspace/nichecker/Experiment/remarks2.1_LA/svp_simple_002/_cs__mt_svp_simple_002_001.c line 434 function svp_simple_002_001_isr_1_0 thread 0
----------------------------------------------------
  __cs_pc[2]=5 (0101)

State 154 file /home/dell/zyworkspace/nichecker/Experiment/remarks2.1_LA/svp_simple_002/_cs__mt_svp_simple_002_001.c line 552 function svp_simple_002_001_isr_1_0 thread 0
----------------------------------------------------
  __cs_value_ptr=NULL (0000000000000000000000000000000000000000000000000000000000000000)

State 159 file /home/dell/zyworkspace/nichecker/Experiment/remarks2.1_LA/svp_simple_002/_cs__mt_svp_simple_002_001.c line 804 function main thread 0
----------------------------------------------------
  __cs_pc[2]=6 (0110)

State 161 file /home/dell/zyworkspace/nichecker/Experiment/remarks2.1_LA/svp_simple_002/_cs__mt_svp_simple_002_001.c line 832 function main thread 0
----------------------------------------------------
  k=3 (00000000000000000000000000000011)

State 168 file /home/dell/zyworkspace/nichecker/Experiment/remarks2.1_LA/svp_simple_002/_cs__mt_svp_simple_002_001.c line 884 function main thread 0
----------------------------------------------------
  __cs_pc_cs[3]=1 (0001)

State 171 file /home/dell/zyworkspace/nichecker/Experiment/remarks2.1_LA/svp_simple_002/_cs__mt_svp_simple_002_001.c line 886 function main thread 0
----------------------------------------------------
  __cs_param_svp_simple_002_001_isr_2_arg=NULL (0000000000000000000000000000000000000000000000000000000000000000)

State 173 file /home/dell/zyworkspace/nichecker/Experiment/remarks2.1_LA/svp_simple_002/_cs__mt_svp_simple_002_001.c line 565 function svp_simple_002_001_isr_2_0 thread 0
----------------------------------------------------
  __cs_local_svp_simple_002_001_isr_2_i=0 (00000000000000000000000000000000)

State 174 file /home/dell/zyworkspace/nichecker/Experiment/remarks2.1_LA/svp_simple_002/_cs__mt_svp_simple_002_001.c line 567 function svp_simple_002_001_isr_2_0 thread 0
----------------------------------------------------
  __cs_local_svp_simple_002_001_isr_2_i=0 (00000000000000000000000000000000)

State 175 file /home/dell/zyworkspace/nichecker/Experiment/remarks2.1_LA/svp_simple_002/_cs__mt_svp_simple_002_001.c line 574 function svp_simple_002_001_isr_2_0 thread 0
----------------------------------------------------
  __cs_local_svp_simple_002_001_isr_2_t_3=0 (00000000000000000000000000000000)

State 177 file /home/dell/zyworkspace/nichecker/Experiment/remarks2.1_LA/svp_simple_002/_cs__mt_svp_simple_002_001.c line 589 function svp_simple_002_001_isr_2_0 thread 0
----------------------------------------------------
  __cs_local_svp_simple_002_001_isr_2_loop_3_IOVar1=0 (00000000000000000000000000000000)

State 178 file /home/dell/zyworkspace/nichecker/Experiment/remarks2.1_LA/svp_simple_002/_cs__mt_svp_simple_002_001.c line 591 function svp_simple_002_001_isr_2_0 thread 0
----------------------------------------------------
  __cs_local_svp_simple_002_001_isr_2_loop_3_block_1=100 (00000000000000000000000001100100)

State 179 file /home/dell/zyworkspace/nichecker/Experiment/remarks2.1_LA/svp_simple_002/_cs__mt_svp_simple_002_001.c line 593 function svp_simple_002_001_isr_2_0 thread 0
----------------------------------------------------
  __cs_local_svp_simple_002_001_isr_2_i=100 (00000000000000000000000001100100)

State 182 file /home/dell/zyworkspace/nichecker/Experiment/remarks2.1_LA/svp_simple_002/_cs__mt_svp_simple_002_001.c line 604 function svp_simple_002_001_isr_2_0 thread 0
----------------------------------------------------
  __cs_local_svp_simple_002_001_isr_2_i=101 (00000000000000000000000001100101)

State 183 file /home/dell/zyworkspace/nichecker/Experiment/remarks2.1_LA/svp_simple_002/_cs__mt_svp_simple_002_001.c line 609 function svp_simple_002_001_isr_2_0 thread 0
----------------------------------------------------
  __cs_local_svp_simple_002_001_isr_2_t_3=1 (00000000000000000000000000000001)

State 188 file /home/dell/zyworkspace/nichecker/Experiment/remarks2.1_LA/svp_simple_002/_cs__mt_svp_simple_002_001.c line 663 function svp_simple_002_001_isr_2_0 thread 0
----------------------------------------------------
  svp_simple_002_001_global_array[9999]=999 (00000000000000000000001111100111)

State 192 file /home/dell/zyworkspace/nichecker/Experiment/remarks2.1_LA/svp_simple_002/_cs__mt_svp_simple_002_001.c line 674 function svp_simple_002_001_isr_2_0 thread 0
----------------------------------------------------
  __cs_value_ptr=NULL (0000000000000000000000000000000000000000000000000000000000000000)

State 197 file /home/dell/zyworkspace/nichecker/Experiment/remarks2.1_LA/svp_simple_002/_cs__mt_svp_simple_002_001.c line 888 function main thread 0
----------------------------------------------------
  __cs_pc[3]=1 (0001)

State 198 file /home/dell/zyworkspace/nichecker/Experiment/remarks2.1_LA/svp_simple_002/_cs__mt_svp_simple_002_001.c line 896 function main thread 0
----------------------------------------------------
  k=4 (00000000000000000000000000000100)

State 204 file /home/dell/zyworkspace/nichecker/Experiment/remarks2.1_LA/svp_simple_002/_cs__mt_svp_simple_002_001.c line 928 function main thread 0
----------------------------------------------------
  __cs_pc_cs[2]=7 (0111)

State 207 file /home/dell/zyworkspace/nichecker/Experiment/remarks2.1_LA/svp_simple_002/_cs__mt_svp_simple_002_001.c line 930 function main thread 0
----------------------------------------------------
  __cs_param_svp_simple_002_001_isr_1_arg=NULL (0000000000000000000000000000000000000000000000000000000000000000)

State 215 file /home/dell/zyworkspace/nichecker/Experiment/remarks2.1_LA/svp_simple_002/_cs__mt_svp_simple_002_001.c line 530 function svp_simple_002_001_isr_1_0 thread 0
----------------------------------------------------
  __cs_local_svp_simple_002_001_isr_1_mininum=989 (00000000000000000000001111011101)

State 216 file /home/dell/zyworkspace/nichecker/Experiment/remarks2.1_LA/svp_simple_002/_cs__mt_svp_simple_002_001.c line 532 function svp_simple_002_001_isr_1_0 thread 0
----------------------------------------------------
  wwr_r1=999 (00000000000000000000001111100111)

Violated property:
  file /home/dell/zyworkspace/nichecker/Experiment/remarks2.1_LA/svp_simple_002/_cs__mt_svp_simple_002_001.c line 534 function svp_simple_002_001_isr_1_0
  assertion wwr_r1 == wwr_w_tmp2
  wwr_r1 == wwr_w_tmp2

VERIFICATION FAILED
