CBMC version 5.6 64-bit x86_64 linux
Parsing /home/dell/zyworkspace/nichecker/Experiment/remarks2.1/svp_simple_029/_mt_svp_simple_029_001_result/_cs_svp_simple_029_001_tm_blocks[36]_rww_mt_svp_simple_029_001.c
<command-line>: warning: "__STDC_VERSION__" redefined
<built-in>: note: this is the location of the previous definition
Converting
Type-checking _cs_svp_simple_029_001_tm_blocks[36]_rww_mt_svp_simple_029_001
file /home/dell/zyworkspace/nichecker/Experiment/remarks2.1/svp_simple_029/_mt_svp_simple_029_001_result/_cs_svp_simple_029_001_tm_blocks[36]_rww_mt_svp_simple_029_001.c line 375 function main_task_0: function `nondet_rand' is not declared
file /home/dell/zyworkspace/nichecker/Experiment/remarks2.1/svp_simple_029/_mt_svp_simple_029_001_result/_cs_svp_simple_029_001_tm_blocks[36]_rww_mt_svp_simple_029_001.c line 505 function main_task_0: function `__cs_init_scalar' is not declared
file /home/dell/zyworkspace/nichecker/Experiment/remarks2.1/svp_simple_029/_mt_svp_simple_029_001_result/_cs_svp_simple_029_001_tm_blocks[36]_rww_mt_svp_simple_029_001.c line 635 function main_task_0: function `assert' is not declared
Generating GOTO Program
Adding CPROVER library (x86_64)
Removal of function pointers and virtual functions
Partial Inlining
Generic Property Instrumentation
Starting Bounded Model Checking
**** WARNING: no body for function enable_isr
**** WARNING: no body for function __cs_init_scalar
size of program expression: 975 steps
simple slicing removed 65 assignments
Generated 3 VCC(s), 3 remaining after simplification
Passing problem to propositional reduction
converting SSA
Running propositional reduction
Post-processing
Solving with MiniSAT 2.2.1 with simplifier
422177 variables, 2330579 clauses
SAT checker: instance is SATISFIABLE
Runtime decision procedure: 2.333s

** Results:
[main_task_0.assertion.1] assertion rww_w1 == rww_r_tmp1: FAILURE

Trace for main_task_0.assertion.1:

State 71 file /home/dell/zyworkspace/nichecker/Experiment/remarks2.1/svp_simple_029/_mt_svp_simple_029_001_result/_cs_svp_simple_029_001_tm_blocks[36]_rww_mt_svp_simple_029_001.c line 685 function main thread 0
----------------------------------------------------
  __cs_tmp_t1_r0=1 (001)

State 73 file /home/dell/zyworkspace/nichecker/Experiment/remarks2.1/svp_simple_029/_mt_svp_simple_029_001_result/_cs_svp_simple_029_001_tm_blocks[36]_rww_mt_svp_simple_029_001.c line 689 function main thread 0
----------------------------------------------------
  __cs_thread_index=1 (01)

State 74 file /home/dell/zyworkspace/nichecker/Experiment/remarks2.1/svp_simple_029/_mt_svp_simple_029_001_result/_cs_svp_simple_029_001_tm_blocks[36]_rww_mt_svp_simple_029_001.c line 691 function main thread 0
----------------------------------------------------
  __cs_pc_cs[1l]=1 (001)

State 79 file /home/dell/zyworkspace/nichecker/Experiment/remarks2.1/svp_simple_029/_mt_svp_simple_029_001_result/_cs_svp_simple_029_001_tm_blocks[36]_rww_mt_svp_simple_029_001.c line 697 function main thread 0
----------------------------------------------------
  __cs_param_main_task_arg=NULL (0000000000000000000000000000000000000000000000000000000000000000)

State 81 file /home/dell/zyworkspace/nichecker/Experiment/remarks2.1/svp_simple_029/_mt_svp_simple_029_001_result/_cs_svp_simple_029_001_tm_blocks[36]_rww_mt_svp_simple_029_001.c line 331 function main_task_0 thread 0
----------------------------------------------------
  __cs_local_main_task_svp_simple_029_001_local_status=1 (00000001)

State 82 file /home/dell/zyworkspace/nichecker/Experiment/remarks2.1/svp_simple_029/_mt_svp_simple_029_001_result/_cs_svp_simple_029_001_tm_blocks[36]_rww_mt_svp_simple_029_001.c line 338 function main_task_0 thread 0
----------------------------------------------------
  __cs_local_main_task_i=0 (00000000000000000000000000000000)

State 83 file /home/dell/zyworkspace/nichecker/Experiment/remarks2.1/svp_simple_029/_mt_svp_simple_029_001_result/_cs_svp_simple_029_001_tm_blocks[36]_rww_mt_svp_simple_029_001.c line 346 function main_task_0 thread 0
----------------------------------------------------
  __cs_local_main_task_t=0 (00000000000000000000000000000000)

State 85 file /home/dell/zyworkspace/nichecker/Experiment/remarks2.1/svp_simple_029/_mt_svp_simple_029_001_result/_cs_svp_simple_029_001_tm_blocks[36]_rww_mt_svp_simple_029_001.c line 361 function main_task_0 thread 0
----------------------------------------------------
  __cs_local_main_task_loop_1_IOVar1=0 (00000000000000000000000000000000)

State 86 file /home/dell/zyworkspace/nichecker/Experiment/remarks2.1/svp_simple_029/_mt_svp_simple_029_001_result/_cs_svp_simple_029_001_tm_blocks[36]_rww_mt_svp_simple_029_001.c line 364 function main_task_0 thread 0
----------------------------------------------------
  __cs_local_main_task_loop_1_block_1=36 (00000000000000000000000000100100)

State 87 file /home/dell/zyworkspace/nichecker/Experiment/remarks2.1/svp_simple_029/_mt_svp_simple_029_001_result/_cs_svp_simple_029_001_tm_blocks[36]_rww_mt_svp_simple_029_001.c line 367 function main_task_0 thread 0
----------------------------------------------------
  __cs_local_main_task_i=36 (00000000000000000000000000100100)

State 92 file /home/dell/zyworkspace/nichecker/Experiment/remarks2.1/svp_simple_029/_mt_svp_simple_029_001_result/_cs_svp_simple_029_001_tm_blocks[36]_rww_mt_svp_simple_029_001.c line 375 function main_task_0 thread 0
----------------------------------------------------
  svp_simple_029_001_tm_blocks[36l]=128 (10000000)

State 93 file /home/dell/zyworkspace/nichecker/Experiment/remarks2.1/svp_simple_029/_mt_svp_simple_029_001_result/_cs_svp_simple_029_001_tm_blocks[36]_rww_mt_svp_simple_029_001.c line 381 function main_task_0 thread 0
----------------------------------------------------
  __cs_local_main_task_i=37 (00000000000000000000000000100101)

State 94 file /home/dell/zyworkspace/nichecker/Experiment/remarks2.1/svp_simple_029/_mt_svp_simple_029_001_result/_cs_svp_simple_029_001_tm_blocks[36]_rww_mt_svp_simple_029_001.c line 387 function main_task_0 thread 0
----------------------------------------------------
  __cs_local_main_task_t=1 (00000000000000000000000000000001)

State 96 file /home/dell/zyworkspace/nichecker/Experiment/remarks2.1/svp_simple_029/_mt_svp_simple_029_001_result/_cs_svp_simple_029_001_tm_blocks[36]_rww_mt_svp_simple_029_001.c line 402 function main_task_0 thread 0
----------------------------------------------------
  __cs_local_main_task_loop_1_IOVar1=37 (00000000000000000000000000100101)

State 97 file /home/dell/zyworkspace/nichecker/Experiment/remarks2.1/svp_simple_029/_mt_svp_simple_029_001_result/_cs_svp_simple_029_001_tm_blocks[36]_rww_mt_svp_simple_029_001.c line 405 function main_task_0 thread 0
----------------------------------------------------
  __cs_local_main_task_loop_1_block_1=4058 (00000000000000000000111111011010)

State 98 file /home/dell/zyworkspace/nichecker/Experiment/remarks2.1/svp_simple_029/_mt_svp_simple_029_001_result/_cs_svp_simple_029_001_tm_blocks[36]_rww_mt_svp_simple_029_001.c line 408 function main_task_0 thread 0
----------------------------------------------------
  __cs_local_main_task_i=4095 (00000000000000000000111111111111)

State 103 file /home/dell/zyworkspace/nichecker/Experiment/remarks2.1/svp_simple_029/_mt_svp_simple_029_001_result/_cs_svp_simple_029_001_tm_blocks[36]_rww_mt_svp_simple_029_001.c line 416 function main_task_0 thread 0
----------------------------------------------------
  svp_simple_029_001_tm_blocks[4095l]=0 (00000000)

State 104 file /home/dell/zyworkspace/nichecker/Experiment/remarks2.1/svp_simple_029/_mt_svp_simple_029_001_result/_cs_svp_simple_029_001_tm_blocks[36]_rww_mt_svp_simple_029_001.c line 422 function main_task_0 thread 0
----------------------------------------------------
  __cs_local_main_task_i=4096 (00000000000000000001000000000000)

State 105 file /home/dell/zyworkspace/nichecker/Experiment/remarks2.1/svp_simple_029/_mt_svp_simple_029_001_result/_cs_svp_simple_029_001_tm_blocks[36]_rww_mt_svp_simple_029_001.c line 428 function main_task_0 thread 0
----------------------------------------------------
  __cs_local_main_task_t=2 (00000000000000000000000000000010)

State 106 file /home/dell/zyworkspace/nichecker/Experiment/remarks2.1/svp_simple_029/_mt_svp_simple_029_001_result/_cs_svp_simple_029_001_tm_blocks[36]_rww_mt_svp_simple_029_001.c line 432 function main_task_0 thread 0
----------------------------------------------------
  __cs_loop_1=FALSE (00000000)

State 112 file /home/dell/zyworkspace/nichecker/Experiment/remarks2.1/svp_simple_029/_mt_svp_simple_029_001_result/_cs_svp_simple_029_001_tm_blocks[36]_rww_mt_svp_simple_029_001.c line 452 function main_task_0 thread 0
----------------------------------------------------
  __cs_disable_thread[2l]=0 (0)

State 113 file /home/dell/zyworkspace/nichecker/Experiment/remarks2.1/svp_simple_029/_mt_svp_simple_029_001_result/_cs_svp_simple_029_001_tm_blocks[36]_rww_mt_svp_simple_029_001.c line 455 function main_task_0 thread 0
----------------------------------------------------
  __cs_disable_thread[0l]=0 (0)

State 120 file /home/dell/zyworkspace/nichecker/Experiment/remarks2.1/svp_simple_029/_mt_svp_simple_029_001_result/_cs_svp_simple_029_001_tm_blocks[36]_rww_mt_svp_simple_029_001.c line 673 function main_task_0 thread 0
----------------------------------------------------
  __cs_value_ptr=NULL (0000000000000000000000000000000000000000000000000000000000000000)

State 125 file /home/dell/zyworkspace/nichecker/Experiment/remarks2.1/svp_simple_029/_mt_svp_simple_029_001_result/_cs_svp_simple_029_001_tm_blocks[36]_rww_mt_svp_simple_029_001.c line 699 function main thread 0
----------------------------------------------------
  __cs_pc[1l]=1 (001)

State 126 file /home/dell/zyworkspace/nichecker/Experiment/remarks2.1/svp_simple_029/_mt_svp_simple_029_001_result/_cs_svp_simple_029_001_tm_blocks[36]_rww_mt_svp_simple_029_001.c line 705 function main thread 0
----------------------------------------------------
  __cs_tmp_t2_r0=0 (0)

State 128 file /home/dell/zyworkspace/nichecker/Experiment/remarks2.1/svp_simple_029/_mt_svp_simple_029_001_result/_cs_svp_simple_029_001_tm_blocks[36]_rww_mt_svp_simple_029_001.c line 710 function main thread 0
----------------------------------------------------
  __cs_thread_index=2 (10)

State 129 file /home/dell/zyworkspace/nichecker/Experiment/remarks2.1/svp_simple_029/_mt_svp_simple_029_001_result/_cs_svp_simple_029_001_tm_blocks[36]_rww_mt_svp_simple_029_001.c line 712 function main thread 0
----------------------------------------------------
  __cs_pc_cs[2l]=0 (000)

State 134 file /home/dell/zyworkspace/nichecker/Experiment/remarks2.1/svp_simple_029/_mt_svp_simple_029_001_result/_cs_svp_simple_029_001_tm_blocks[36]_rww_mt_svp_simple_029_001.c line 718 function main thread 0
----------------------------------------------------
  __cs_param_svp_simple_029_001_isr_1_arg=NULL (0000000000000000000000000000000000000000000000000000000000000000)

State 138 file /home/dell/zyworkspace/nichecker/Experiment/remarks2.1/svp_simple_029/_mt_svp_simple_029_001_result/_cs_svp_simple_029_001_tm_blocks[36]_rww_mt_svp_simple_029_001.c line 321 function svp_simple_029_001_isr_1_0 thread 0
----------------------------------------------------
  __cs_value_ptr=NULL (0000000000000000000000000000000000000000000000000000000000000000)

State 143 file /home/dell/zyworkspace/nichecker/Experiment/remarks2.1/svp_simple_029/_mt_svp_simple_029_001_result/_cs_svp_simple_029_001_tm_blocks[36]_rww_mt_svp_simple_029_001.c line 720 function main thread 0
----------------------------------------------------
  __cs_pc[2l]=0 (000)

State 144 file /home/dell/zyworkspace/nichecker/Experiment/remarks2.1/svp_simple_029/_mt_svp_simple_029_001_result/_cs_svp_simple_029_001_tm_blocks[36]_rww_mt_svp_simple_029_001.c line 730 function main thread 0
----------------------------------------------------
  __cs_tmp_t1_r1=3 (011)

State 146 file /home/dell/zyworkspace/nichecker/Experiment/remarks2.1/svp_simple_029/_mt_svp_simple_029_001_result/_cs_svp_simple_029_001_tm_blocks[36]_rww_mt_svp_simple_029_001.c line 735 function main thread 0
----------------------------------------------------
  __cs_thread_index=1 (01)

State 147 file /home/dell/zyworkspace/nichecker/Experiment/remarks2.1/svp_simple_029/_mt_svp_simple_029_001_result/_cs_svp_simple_029_001_tm_blocks[36]_rww_mt_svp_simple_029_001.c line 737 function main thread 0
----------------------------------------------------
  __cs_pc_cs[1l]=3 (011)

State 152 file /home/dell/zyworkspace/nichecker/Experiment/remarks2.1/svp_simple_029/_mt_svp_simple_029_001_result/_cs_svp_simple_029_001_tm_blocks[36]_rww_mt_svp_simple_029_001.c line 743 function main thread 0
----------------------------------------------------
  __cs_param_main_task_arg=NULL (0000000000000000000000000000000000000000000000000000000000000000)

State 155 file /home/dell/zyworkspace/nichecker/Experiment/remarks2.1/svp_simple_029/_mt_svp_simple_029_001_result/_cs_svp_simple_029_001_tm_blocks[36]_rww_mt_svp_simple_029_001.c line 469 function main_task_0 thread 0
----------------------------------------------------
  svp_simple_029_001_ptr_SetTmData=svp_simple_029_001_SetTmData (0000001000000000000000000000000000000000000000000000000000000000)

State 157 file /home/dell/zyworkspace/nichecker/Experiment/remarks2.1/svp_simple_029/_mt_svp_simple_029_001_result/_cs_svp_simple_029_001_tm_blocks[36]_rww_mt_svp_simple_029_001.c line 474 function main_task_0 thread 0
----------------------------------------------------
  svp_simple_029_001_ptr_GetTmData=svp_simple_029_001_GetTmData (0000001100000000000000000000000000000000000000000000000000000000)

State 158 file /home/dell/zyworkspace/nichecker/Experiment/remarks2.1/svp_simple_029/_mt_svp_simple_029_001_result/_cs_svp_simple_029_001_tm_blocks[36]_rww_mt_svp_simple_029_001.c line 477 function main_task_0 thread 0
----------------------------------------------------
  svp_simple_029_001_ptr_SetSelfCtrlFlag=svp_simple_029_001_SetSelfCtrlFlag (0000010000000000000000000000000000000000000000000000000000000000)

State 159 file /home/dell/zyworkspace/nichecker/Experiment/remarks2.1/svp_simple_029/_mt_svp_simple_029_001_result/_cs_svp_simple_029_001_tm_blocks[36]_rww_mt_svp_simple_029_001.c line 485 function main_task_0 thread 0
----------------------------------------------------
  __cs_local_main_task___cs_tmp_if_cond_5=TRUE (00000001)

State 161 file /home/dell/zyworkspace/nichecker/Experiment/remarks2.1/svp_simple_029/_mt_svp_simple_029_001_result/_cs_svp_simple_029_001_tm_blocks[36]_rww_mt_svp_simple_029_001.c line 494 function main_task_0 thread 0
----------------------------------------------------
  __cs_local_main_task___cs_tmp_if_cond_6=TRUE (00000001)

State 166 file /home/dell/zyworkspace/nichecker/Experiment/remarks2.1/svp_simple_029/_mt_svp_simple_029_001_result/_cs_svp_simple_029_001_tm_blocks[36]_rww_mt_svp_simple_029_001.c line 511 function main_task_0 thread 0
----------------------------------------------------
  __cs_local_main_task___cs_tmp_if_cond_7=TRUE (00000001)

State 168 file /home/dell/zyworkspace/nichecker/Experiment/remarks2.1/svp_simple_029/_mt_svp_simple_029_001_result/_cs_svp_simple_029_001_tm_blocks[36]_rww_mt_svp_simple_029_001.c line 518 function main_task_0 thread 0
----------------------------------------------------
  __cs_local_main_task_tmp1=1 (00000001)

State 170 file /home/dell/zyworkspace/nichecker/Experiment/remarks2.1/svp_simple_029/_mt_svp_simple_029_001_result/_cs_svp_simple_029_001_tm_blocks[36]_rww_mt_svp_simple_029_001.c line 532 function main_task_0 thread 0
----------------------------------------------------
  __cs_local_main_task_tmp1=1 (00000001)

State 171 file /home/dell/zyworkspace/nichecker/Experiment/remarks2.1/svp_simple_029/_mt_svp_simple_029_001_result/_cs_svp_simple_029_001_tm_blocks[36]_rww_mt_svp_simple_029_001.c line 537 function main_task_0 thread 0
----------------------------------------------------
  __cs_local_main_task___cs_tmp_if_cond_8=TRUE (00000001)

State 173 file /home/dell/zyworkspace/nichecker/Experiment/remarks2.1/svp_simple_029/_mt_svp_simple_029_001_result/_cs_svp_simple_029_001_tm_blocks[36]_rww_mt_svp_simple_029_001.c line 548 function main_task_0 thread 0
----------------------------------------------------
  __cs_local_main_task_tm_name=36u (00000000000000000000000000100100)

State 174 file /home/dell/zyworkspace/nichecker/Experiment/remarks2.1/svp_simple_029/_mt_svp_simple_029_001_result/_cs_svp_simple_029_001_tm_blocks[36]_rww_mt_svp_simple_029_001.c line 551 function main_task_0 thread 0
----------------------------------------------------
  __cs_local_main_task___cs_retval__svp_simple_029_001_GetTmData_0=128 (10000000)

State 176 file /home/dell/zyworkspace/nichecker/Experiment/remarks2.1/svp_simple_029/_mt_svp_simple_029_001_result/_cs_svp_simple_029_001_tm_blocks[36]_rww_mt_svp_simple_029_001.c line 554 function main_task_0 thread 0
----------------------------------------------------
  rww_r_tmp1_num=1 (00000000000000000000000000000001)

State 177 file /home/dell/zyworkspace/nichecker/Experiment/remarks2.1/svp_simple_029/_mt_svp_simple_029_001_result/_cs_svp_simple_029_001_tm_blocks[36]_rww_mt_svp_simple_029_001.c line 555 function main_task_0 thread 0
----------------------------------------------------
  rww_r_tmp1=-128 (10000000)

State 182 file /home/dell/zyworkspace/nichecker/Experiment/remarks2.1/svp_simple_029/_mt_svp_simple_029_001_result/_cs_svp_simple_029_001_tm_blocks[36]_rww_mt_svp_simple_029_001.c line 673 function main_task_0 thread 0
----------------------------------------------------
  __cs_value_ptr=NULL (0000000000000000000000000000000000000000000000000000000000000000)

State 187 file /home/dell/zyworkspace/nichecker/Experiment/remarks2.1/svp_simple_029/_mt_svp_simple_029_001_result/_cs_svp_simple_029_001_tm_blocks[36]_rww_mt_svp_simple_029_001.c line 745 function main thread 0
----------------------------------------------------
  __cs_pc[1l]=3 (011)

State 188 file /home/dell/zyworkspace/nichecker/Experiment/remarks2.1/svp_simple_029/_mt_svp_simple_029_001_result/_cs_svp_simple_029_001_tm_blocks[36]_rww_mt_svp_simple_029_001.c line 751 function main thread 0
----------------------------------------------------
  __cs_tmp_t2_r1=1 (1)

State 190 file /home/dell/zyworkspace/nichecker/Experiment/remarks2.1/svp_simple_029/_mt_svp_simple_029_001_result/_cs_svp_simple_029_001_tm_blocks[36]_rww_mt_svp_simple_029_001.c line 756 function main thread 0
----------------------------------------------------
  __cs_thread_index=2 (10)

State 191 file /home/dell/zyworkspace/nichecker/Experiment/remarks2.1/svp_simple_029/_mt_svp_simple_029_001_result/_cs_svp_simple_029_001_tm_blocks[36]_rww_mt_svp_simple_029_001.c line 758 function main thread 0
----------------------------------------------------
  __cs_pc_cs[2l]=1 (001)

State 196 file /home/dell/zyworkspace/nichecker/Experiment/remarks2.1/svp_simple_029/_mt_svp_simple_029_001_result/_cs_svp_simple_029_001_tm_blocks[36]_rww_mt_svp_simple_029_001.c line 764 function main thread 0
----------------------------------------------------
  __cs_param_svp_simple_029_001_isr_1_arg=NULL (0000000000000000000000000000000000000000000000000000000000000000)

State 198 file /home/dell/zyworkspace/nichecker/Experiment/remarks2.1/svp_simple_029/_mt_svp_simple_029_001_result/_cs_svp_simple_029_001_tm_blocks[36]_rww_mt_svp_simple_029_001.c line 198 function svp_simple_029_001_isr_1_0 thread 0
----------------------------------------------------
  __cs_local_svp_simple_029_001_isr_1___cs_tmp_if_cond_0=FALSE (00000000)

State 200 file /home/dell/zyworkspace/nichecker/Experiment/remarks2.1/svp_simple_029/_mt_svp_simple_029_001_result/_cs_svp_simple_029_001_tm_blocks[36]_rww_mt_svp_simple_029_001.c line 258 function svp_simple_029_001_isr_1_0 thread 0
----------------------------------------------------
  svp_simple_029_001_average_adjust_count=0 (00000000)

State 201 file /home/dell/zyworkspace/nichecker/Experiment/remarks2.1/svp_simple_029/_mt_svp_simple_029_001_result/_cs_svp_simple_029_001_tm_blocks[36]_rww_mt_svp_simple_029_001.c line 262 function svp_simple_029_001_isr_1_0 thread 0
----------------------------------------------------
  __cs_local_svp_simple_029_001_isr_1___cs_tmp_if_cond_3=TRUE (00000001)

State 203 file /home/dell/zyworkspace/nichecker/Experiment/remarks2.1/svp_simple_029/_mt_svp_simple_029_001_result/_cs_svp_simple_029_001_tm_blocks[36]_rww_mt_svp_simple_029_001.c line 271 function svp_simple_029_001_isr_1_0 thread 0
----------------------------------------------------
  __cs_local_svp_simple_029_001_isr_1_tm_data=0 (00000000)

State 204 file /home/dell/zyworkspace/nichecker/Experiment/remarks2.1/svp_simple_029/_mt_svp_simple_029_001_result/_cs_svp_simple_029_001_tm_blocks[36]_rww_mt_svp_simple_029_001.c line 273 function svp_simple_029_001_isr_1_0 thread 0
----------------------------------------------------
  svp_simple_029_001_tm_blocks[36l]=0 (00000000)

State 209 file /home/dell/zyworkspace/nichecker/Experiment/remarks2.1/svp_simple_029/_mt_svp_simple_029_001_result/_cs_svp_simple_029_001_tm_blocks[36]_rww_mt_svp_simple_029_001.c line 321 function svp_simple_029_001_isr_1_0 thread 0
----------------------------------------------------
  __cs_value_ptr=NULL (0000000000000000000000000000000000000000000000000000000000000000)

State 214 file /home/dell/zyworkspace/nichecker/Experiment/remarks2.1/svp_simple_029/_mt_svp_simple_029_001_result/_cs_svp_simple_029_001_tm_blocks[36]_rww_mt_svp_simple_029_001.c line 766 function main thread 0
----------------------------------------------------
  __cs_pc[2l]=1 (001)

State 215 file /home/dell/zyworkspace/nichecker/Experiment/remarks2.1/svp_simple_029/_mt_svp_simple_029_001_result/_cs_svp_simple_029_001_tm_blocks[36]_rww_mt_svp_simple_029_001.c line 770 function main thread 0
----------------------------------------------------
  __cs_tmp_t1_r2=5u (00000000000000000000000000000101)

State 217 file /home/dell/zyworkspace/nichecker/Experiment/remarks2.1/svp_simple_029/_mt_svp_simple_029_001_result/_cs_svp_simple_029_001_tm_blocks[36]_rww_mt_svp_simple_029_001.c line 775 function main thread 0
----------------------------------------------------
  __cs_thread_index=1 (01)

State 218 file /home/dell/zyworkspace/nichecker/Experiment/remarks2.1/svp_simple_029/_mt_svp_simple_029_001_result/_cs_svp_simple_029_001_tm_blocks[36]_rww_mt_svp_simple_029_001.c line 777 function main thread 0
----------------------------------------------------
  __cs_pc_cs[1l]=5 (101)

State 223 file /home/dell/zyworkspace/nichecker/Experiment/remarks2.1/svp_simple_029/_mt_svp_simple_029_001_result/_cs_svp_simple_029_001_tm_blocks[36]_rww_mt_svp_simple_029_001.c line 783 function main thread 0
----------------------------------------------------
  __cs_param_main_task_arg=NULL (0000000000000000000000000000000000000000000000000000000000000000)

State 228 file /home/dell/zyworkspace/nichecker/Experiment/remarks2.1/svp_simple_029/_mt_svp_simple_029_001_result/_cs_svp_simple_029_001_tm_blocks[36]_rww_mt_svp_simple_029_001.c line 565 function main_task_0 thread 0
----------------------------------------------------
  __cs_local_main_task_ctrl_sts=128 (10000000)

State 230 file /home/dell/zyworkspace/nichecker/Experiment/remarks2.1/svp_simple_029/_mt_svp_simple_029_001_result/_cs_svp_simple_029_001_tm_blocks[36]_rww_mt_svp_simple_029_001.c line 575 function main_task_0 thread 0
----------------------------------------------------
  __cs_local_main_task___cs_tmp_if_cond_9=TRUE (00000001)

State 232 file /home/dell/zyworkspace/nichecker/Experiment/remarks2.1/svp_simple_029/_mt_svp_simple_029_001_result/_cs_svp_simple_029_001_tm_blocks[36]_rww_mt_svp_simple_029_001.c line 586 function main_task_0 thread 0
----------------------------------------------------
  __cs_local_main_task_tm_name=37u (00000000000000000000000000100101)

State 233 file /home/dell/zyworkspace/nichecker/Experiment/remarks2.1/svp_simple_029/_mt_svp_simple_029_001_result/_cs_svp_simple_029_001_tm_blocks[36]_rww_mt_svp_simple_029_001.c line 589 function main_task_0 thread 0
----------------------------------------------------
  __cs_local_main_task___cs_retval__svp_simple_029_001_GetTmData_1=0 (00000000)

State 236 file /home/dell/zyworkspace/nichecker/Experiment/remarks2.1/svp_simple_029/_mt_svp_simple_029_001_result/_cs_svp_simple_029_001_tm_blocks[36]_rww_mt_svp_simple_029_001.c line 603 function main_task_0 thread 0
----------------------------------------------------
  __cs_local_main_task_ctrl_sts=128 (10000000)

State 238 file /home/dell/zyworkspace/nichecker/Experiment/remarks2.1/svp_simple_029/_mt_svp_simple_029_001_result/_cs_svp_simple_029_001_tm_blocks[36]_rww_mt_svp_simple_029_001.c line 611 function main_task_0 thread 0
----------------------------------------------------
  __cs_local_main_task_ctrl_sts=129 (10000001)

State 239 file /home/dell/zyworkspace/nichecker/Experiment/remarks2.1/svp_simple_029/_mt_svp_simple_029_001_result/_cs_svp_simple_029_001_tm_blocks[36]_rww_mt_svp_simple_029_001.c line 616 function main_task_0 thread 0
----------------------------------------------------
  __cs_local_main_task___cs_tmp_if_cond_10=TRUE (00000001)

State 241 file /home/dell/zyworkspace/nichecker/Experiment/remarks2.1/svp_simple_029/_mt_svp_simple_029_001_result/_cs_svp_simple_029_001_tm_blocks[36]_rww_mt_svp_simple_029_001.c line 625 function main_task_0 thread 0
----------------------------------------------------
  __cs_local_main_task_tm_name=36u (00000000000000000000000000100100)

State 242 file /home/dell/zyworkspace/nichecker/Experiment/remarks2.1/svp_simple_029/_mt_svp_simple_029_001_result/_cs_svp_simple_029_001_tm_blocks[36]_rww_mt_svp_simple_029_001.c line 629 function main_task_0 thread 0
----------------------------------------------------
  __cs_local_main_task_tm_data=129 (10000001)

State 244 file /home/dell/zyworkspace/nichecker/Experiment/remarks2.1/svp_simple_029/_mt_svp_simple_029_001_result/_cs_svp_simple_029_001_tm_blocks[36]_rww_mt_svp_simple_029_001.c line 633 function main_task_0 thread 0
----------------------------------------------------
  rww_w1=0 (00000000)

Violated property:
  file /home/dell/zyworkspace/nichecker/Experiment/remarks2.1/svp_simple_029/_mt_svp_simple_029_001_result/_cs_svp_simple_029_001_tm_blocks[36]_rww_mt_svp_simple_029_001.c line 635 function main_task_0
  assertion rww_w1 == rww_r_tmp1
  rww_w1 == rww_r_tmp1


** 1 of 1 failed (1 iteration)
VERIFICATION FAILED
