CBMC version 5.6 64-bit x86_64 linux
Parsing /home/dell/zyworkspace/nichecker/Experiment/remarks2.1_LA_PPR/svp_simple_013/_mt_svp_simple_013_001_result/_cs_svp_simple_013_001_global_var1_rwr_mt_svp_simple_013_001.c
<command-line>: warning: "__STDC_VERSION__" redefined
<built-in>: note: this is the location of the previous definition
Converting
Type-checking _cs_svp_simple_013_001_global_var1_rwr_mt_svp_simple_013_001
file /home/dell/zyworkspace/nichecker/Experiment/remarks2.1_LA_PPR/svp_simple_013/_mt_svp_simple_013_001_result/_cs_svp_simple_013_001_global_var1_rwr_mt_svp_simple_013_001.c line 288 function main_task_0: function `assert' is not declared
Generating GOTO Program
Adding CPROVER library (x86_64)
Removal of function pointers and virtual functions
Partial Inlining
Generic Property Instrumentation
Starting Bounded Model Checking
**** WARNING: no body for function enable_isr
**** WARNING: no body for function disable_isr
size of program expression: 1522 steps
simple slicing removed 50 assignments
Generated 8 VCC(s), 6 remaining after simplification
Passing problem to propositional reduction
converting SSA
Running propositional reduction
Post-processing
Solving with MiniSAT 2.2.1 with simplifier
9040 variables, 28764 clauses
SAT checker: instance is SATISFIABLE
Solving with MiniSAT 2.2.1 with simplifier
9040 variables, 12249 clauses
SAT checker: instance is UNSATISFIABLE
Runtime decision procedure: 0.066s

** Results:
[main_task_0.assertion.1] assertion rwr_r1 == rwr_tmp1: SUCCESS
[main_task_0.assertion.2] assertion rwr_r2 == rwr_tmp1: SUCCESS
[main_task_0.assertion.3] assertion rwr_r3 == rwr_tmp1: FAILURE

Trace for main_task_0.assertion.3:

State 79 file /home/dell/zyworkspace/nichecker/Experiment/remarks2.1_LA_PPR/svp_simple_013/_mt_svp_simple_013_001_result/_cs_svp_simple_013_001_global_var1_rwr_mt_svp_simple_013_001.c line 986 function main thread 0
----------------------------------------------------
  __cs_tmp_t1_r0=4 (100)

State 81 file /home/dell/zyworkspace/nichecker/Experiment/remarks2.1_LA_PPR/svp_simple_013/_mt_svp_simple_013_001_result/_cs_svp_simple_013_001_global_var1_rwr_mt_svp_simple_013_001.c line 990 function main thread 0
----------------------------------------------------
  __cs_thread_index=1 (001)

State 82 file /home/dell/zyworkspace/nichecker/Experiment/remarks2.1_LA_PPR/svp_simple_013/_mt_svp_simple_013_001_result/_cs_svp_simple_013_001_global_var1_rwr_mt_svp_simple_013_001.c line 992 function main thread 0
----------------------------------------------------
  __cs_pc_cs[1l]=4 (100)

State 87 file /home/dell/zyworkspace/nichecker/Experiment/remarks2.1_LA_PPR/svp_simple_013/_mt_svp_simple_013_001_result/_cs_svp_simple_013_001_global_var1_rwr_mt_svp_simple_013_001.c line 998 function main thread 0
----------------------------------------------------
  __cs_param_main_task_arg=NULL (0000000000000000000000000000000000000000000000000000000000000000)

State 92 file /home/dell/zyworkspace/nichecker/Experiment/remarks2.1_LA_PPR/svp_simple_013/_mt_svp_simple_013_001_result/_cs_svp_simple_013_001_global_var1_rwr_mt_svp_simple_013_001.c line 191 function main_task_0 thread 0
----------------------------------------------------
  __cs_disable_thread[2l]=0 (0)

State 93 file /home/dell/zyworkspace/nichecker/Experiment/remarks2.1_LA_PPR/svp_simple_013/_mt_svp_simple_013_001_result/_cs_svp_simple_013_001_global_var1_rwr_mt_svp_simple_013_001.c line 194 function main_task_0 thread 0
----------------------------------------------------
  __cs_disable_thread[3l]=0 (0)

State 94 file /home/dell/zyworkspace/nichecker/Experiment/remarks2.1_LA_PPR/svp_simple_013/_mt_svp_simple_013_001_result/_cs_svp_simple_013_001_global_var1_rwr_mt_svp_simple_013_001.c line 197 function main_task_0 thread 0
----------------------------------------------------
  __cs_disable_thread[4l]=0 (0)

State 95 file /home/dell/zyworkspace/nichecker/Experiment/remarks2.1_LA_PPR/svp_simple_013/_mt_svp_simple_013_001_result/_cs_svp_simple_013_001_global_var1_rwr_mt_svp_simple_013_001.c line 200 function main_task_0 thread 0
----------------------------------------------------
  __cs_disable_thread[0l]=0 (0)

State 100 file /home/dell/zyworkspace/nichecker/Experiment/remarks2.1_LA_PPR/svp_simple_013/_mt_svp_simple_013_001_result/_cs_svp_simple_013_001_global_var1_rwr_mt_svp_simple_013_001.c line 212 function main_task_0 thread 0
----------------------------------------------------
  __cs_disable_thread[3l]=1 (1)

State 104 file /home/dell/zyworkspace/nichecker/Experiment/remarks2.1_LA_PPR/svp_simple_013/_mt_svp_simple_013_001_result/_cs_svp_simple_013_001_global_var1_rwr_mt_svp_simple_013_001.c line 219 function main_task_0 thread 0
----------------------------------------------------
  __cs_disable_thread[4l]=1 (1)

State 105 file /home/dell/zyworkspace/nichecker/Experiment/remarks2.1_LA_PPR/svp_simple_013/_mt_svp_simple_013_001_result/_cs_svp_simple_013_001_global_var1_rwr_mt_svp_simple_013_001.c line 235 function main_task_0 thread 0
----------------------------------------------------
  __cs_local_main_task_i=0 (00000000000000000000000000000000)

State 106 file /home/dell/zyworkspace/nichecker/Experiment/remarks2.1_LA_PPR/svp_simple_013/_mt_svp_simple_013_001_result/_cs_svp_simple_013_001_global_var1_rwr_mt_svp_simple_013_001.c line 243 function main_task_0 thread 0
----------------------------------------------------
  __cs_local_main_task_t_1=0 (00000000000000000000000000000000)

State 108 file /home/dell/zyworkspace/nichecker/Experiment/remarks2.1_LA_PPR/svp_simple_013/_mt_svp_simple_013_001_result/_cs_svp_simple_013_001_global_var1_rwr_mt_svp_simple_013_001.c line 261 function main_task_0 thread 0
----------------------------------------------------
  __cs_local_main_task_loop_1_IOVar1=0 (00000000000000000000000000000000)

State 109 file /home/dell/zyworkspace/nichecker/Experiment/remarks2.1_LA_PPR/svp_simple_013/_mt_svp_simple_013_001_result/_cs_svp_simple_013_001_global_var1_rwr_mt_svp_simple_013_001.c line 264 function main_task_0 thread 0
----------------------------------------------------
  __cs_local_main_task_loop_1_block_2=35 (00000000000000000000000000100011)

State 110 file /home/dell/zyworkspace/nichecker/Experiment/remarks2.1_LA_PPR/svp_simple_013/_mt_svp_simple_013_001_result/_cs_svp_simple_013_001_global_var1_rwr_mt_svp_simple_013_001.c line 267 function main_task_0 thread 0
----------------------------------------------------
  __cs_local_main_task_i=35 (00000000000000000000000000100011)

State 113 file /home/dell/zyworkspace/nichecker/Experiment/remarks2.1_LA_PPR/svp_simple_013/_mt_svp_simple_013_001_result/_cs_svp_simple_013_001_global_var1_rwr_mt_svp_simple_013_001.c line 277 function main_task_0 thread 0
----------------------------------------------------
  __cs_local_main_task___cs_tmp_if_cond_0=FALSE (00000000)

State 116 file /home/dell/zyworkspace/nichecker/Experiment/remarks2.1_LA_PPR/svp_simple_013/_mt_svp_simple_013_001_result/_cs_svp_simple_013_001_global_var1_rwr_mt_svp_simple_013_001.c line 305 function main_task_0 thread 0
----------------------------------------------------
  __cs_local_main_task_i=36 (00000000000000000000000000100100)

State 117 file /home/dell/zyworkspace/nichecker/Experiment/remarks2.1_LA_PPR/svp_simple_013/_mt_svp_simple_013_001_result/_cs_svp_simple_013_001_global_var1_rwr_mt_svp_simple_013_001.c line 311 function main_task_0 thread 0
----------------------------------------------------
  __cs_local_main_task_t_1=1 (00000000000000000000000000000001)

State 119 file /home/dell/zyworkspace/nichecker/Experiment/remarks2.1_LA_PPR/svp_simple_013/_mt_svp_simple_013_001_result/_cs_svp_simple_013_001_global_var1_rwr_mt_svp_simple_013_001.c line 329 function main_task_0 thread 0
----------------------------------------------------
  __cs_local_main_task_loop_1_IOVar1=36 (00000000000000000000000000100100)

State 120 file /home/dell/zyworkspace/nichecker/Experiment/remarks2.1_LA_PPR/svp_simple_013/_mt_svp_simple_013_001_result/_cs_svp_simple_013_001_global_var1_rwr_mt_svp_simple_013_001.c line 332 function main_task_0 thread 0
----------------------------------------------------
  __cs_local_main_task_loop_1_block_2=63 (00000000000000000000000000111111)

State 121 file /home/dell/zyworkspace/nichecker/Experiment/remarks2.1_LA_PPR/svp_simple_013/_mt_svp_simple_013_001_result/_cs_svp_simple_013_001_global_var1_rwr_mt_svp_simple_013_001.c line 335 function main_task_0 thread 0
----------------------------------------------------
  __cs_local_main_task_i=99 (00000000000000000000000001100011)

State 124 file /home/dell/zyworkspace/nichecker/Experiment/remarks2.1_LA_PPR/svp_simple_013/_mt_svp_simple_013_001_result/_cs_svp_simple_013_001_global_var1_rwr_mt_svp_simple_013_001.c line 345 function main_task_0 thread 0
----------------------------------------------------
  __cs_local_main_task___cs_tmp_if_cond_0=TRUE (00000001)

State 126 file /home/dell/zyworkspace/nichecker/Experiment/remarks2.1_LA_PPR/svp_simple_013/_mt_svp_simple_013_001_result/_cs_svp_simple_013_001_global_var1_rwr_mt_svp_simple_013_001.c line 352 function main_task_0 thread 0
----------------------------------------------------
  __cs_local_main_task_reader1=0 (00000000000000000000000000000000)

State 127 file /home/dell/zyworkspace/nichecker/Experiment/remarks2.1_LA_PPR/svp_simple_013/_mt_svp_simple_013_001_result/_cs_svp_simple_013_001_global_var1_rwr_mt_svp_simple_013_001.c line 354 function main_task_0 thread 0
----------------------------------------------------
  rwr_r2=0 (00000000000000000000000000000000)

State 129 file /home/dell/zyworkspace/nichecker/Experiment/remarks2.1_LA_PPR/svp_simple_013/_mt_svp_simple_013_001_result/_cs_svp_simple_013_001_global_var1_rwr_mt_svp_simple_013_001.c line 358 function main_task_0 thread 0
----------------------------------------------------
  rwr_tmp1_num=1 (00000000000000000000000000000001)

State 130 file /home/dell/zyworkspace/nichecker/Experiment/remarks2.1_LA_PPR/svp_simple_013/_mt_svp_simple_013_001_result/_cs_svp_simple_013_001_global_var1_rwr_mt_svp_simple_013_001.c line 359 function main_task_0 thread 0
----------------------------------------------------
  rwr_tmp1=0 (00000000000000000000000000000000)

State 133 file /home/dell/zyworkspace/nichecker/Experiment/remarks2.1_LA_PPR/svp_simple_013/_mt_svp_simple_013_001_result/_cs_svp_simple_013_001_global_var1_rwr_mt_svp_simple_013_001.c line 373 function main_task_0 thread 0
----------------------------------------------------
  __cs_local_main_task_i=100 (00000000000000000000000001100100)

State 134 file /home/dell/zyworkspace/nichecker/Experiment/remarks2.1_LA_PPR/svp_simple_013/_mt_svp_simple_013_001_result/_cs_svp_simple_013_001_global_var1_rwr_mt_svp_simple_013_001.c line 379 function main_task_0 thread 0
----------------------------------------------------
  __cs_local_main_task_t_1=2 (00000000000000000000000000000010)

State 135 file /home/dell/zyworkspace/nichecker/Experiment/remarks2.1_LA_PPR/svp_simple_013/_mt_svp_simple_013_001_result/_cs_svp_simple_013_001_global_var1_rwr_mt_svp_simple_013_001.c line 383 function main_task_0 thread 0
----------------------------------------------------
  __cs_loop_1=FALSE (00000000)

State 140 file /home/dell/zyworkspace/nichecker/Experiment/remarks2.1_LA_PPR/svp_simple_013/_mt_svp_simple_013_001_result/_cs_svp_simple_013_001_global_var1_rwr_mt_svp_simple_013_001.c line 430 function main_task_0 thread 0
----------------------------------------------------
  __cs_value_ptr=NULL (0000000000000000000000000000000000000000000000000000000000000000)

State 145 file /home/dell/zyworkspace/nichecker/Experiment/remarks2.1_LA_PPR/svp_simple_013/_mt_svp_simple_013_001_result/_cs_svp_simple_013_001_global_var1_rwr_mt_svp_simple_013_001.c line 1000 function main thread 0
----------------------------------------------------
  __cs_pc[1l]=4 (100)

State 146 file /home/dell/zyworkspace/nichecker/Experiment/remarks2.1_LA_PPR/svp_simple_013/_mt_svp_simple_013_001_result/_cs_svp_simple_013_001_global_var1_rwr_mt_svp_simple_013_001.c line 1006 function main thread 0
----------------------------------------------------
  __cs_tmp_t2_r0=4 (100)

State 153 file /home/dell/zyworkspace/nichecker/Experiment/remarks2.1_LA_PPR/svp_simple_013/_mt_svp_simple_013_001_result/_cs_svp_simple_013_001_global_var1_rwr_mt_svp_simple_013_001.c line 1011 function main thread 0
----------------------------------------------------
  __cs_thread_index=2 (010)

State 154 file /home/dell/zyworkspace/nichecker/Experiment/remarks2.1_LA_PPR/svp_simple_013/_mt_svp_simple_013_001_result/_cs_svp_simple_013_001_global_var1_rwr_mt_svp_simple_013_001.c line 1013 function main thread 0
----------------------------------------------------
  __cs_pc_cs[2l]=4 (100)

State 159 file /home/dell/zyworkspace/nichecker/Experiment/remarks2.1_LA_PPR/svp_simple_013/_mt_svp_simple_013_001_result/_cs_svp_simple_013_001_global_var1_rwr_mt_svp_simple_013_001.c line 1019 function main thread 0
----------------------------------------------------
  __cs_param_svp_simple_013_001_isr_1_arg=NULL (0000000000000000000000000000000000000000000000000000000000000000)

State 161 file /home/dell/zyworkspace/nichecker/Experiment/remarks2.1_LA_PPR/svp_simple_013/_mt_svp_simple_013_001_result/_cs_svp_simple_013_001_global_var1_rwr_mt_svp_simple_013_001.c line 443 function svp_simple_013_001_isr_1_0 thread 0
----------------------------------------------------
  __cs_local_svp_simple_013_001_isr_1_i=0 (00000000000000000000000000000000)

State 162 file /home/dell/zyworkspace/nichecker/Experiment/remarks2.1_LA_PPR/svp_simple_013/_mt_svp_simple_013_001_result/_cs_svp_simple_013_001_global_var1_rwr_mt_svp_simple_013_001.c line 445 function svp_simple_013_001_isr_1_0 thread 0
----------------------------------------------------
  __cs_local_svp_simple_013_001_isr_1_i=0 (00000000000000000000000000000000)

State 163 file /home/dell/zyworkspace/nichecker/Experiment/remarks2.1_LA_PPR/svp_simple_013/_mt_svp_simple_013_001_result/_cs_svp_simple_013_001_global_var1_rwr_mt_svp_simple_013_001.c line 452 function svp_simple_013_001_isr_1_0 thread 0
----------------------------------------------------
  __cs_local_svp_simple_013_001_isr_1_t_2=0 (00000000000000000000000000000000)

State 165 file /home/dell/zyworkspace/nichecker/Experiment/remarks2.1_LA_PPR/svp_simple_013/_mt_svp_simple_013_001_result/_cs_svp_simple_013_001_global_var1_rwr_mt_svp_simple_013_001.c line 470 function svp_simple_013_001_isr_1_0 thread 0
----------------------------------------------------
  __cs_local_svp_simple_013_001_isr_1_loop_2_IOVar1=0 (00000000000000000000000000000000)

State 166 file /home/dell/zyworkspace/nichecker/Experiment/remarks2.1_LA_PPR/svp_simple_013/_mt_svp_simple_013_001_result/_cs_svp_simple_013_001_global_var1_rwr_mt_svp_simple_013_001.c line 472 function svp_simple_013_001_isr_1_0 thread 0
----------------------------------------------------
  __cs_local_svp_simple_013_001_isr_1_loop_2_block_1=100 (00000000000000000000000001100100)

State 167 file /home/dell/zyworkspace/nichecker/Experiment/remarks2.1_LA_PPR/svp_simple_013/_mt_svp_simple_013_001_result/_cs_svp_simple_013_001_global_var1_rwr_mt_svp_simple_013_001.c line 474 function svp_simple_013_001_isr_1_0 thread 0
----------------------------------------------------
  __cs_local_svp_simple_013_001_isr_1_i=100 (00000000000000000000000001100100)

State 170 file /home/dell/zyworkspace/nichecker/Experiment/remarks2.1_LA_PPR/svp_simple_013/_mt_svp_simple_013_001_result/_cs_svp_simple_013_001_global_var1_rwr_mt_svp_simple_013_001.c line 485 function svp_simple_013_001_isr_1_0 thread 0
----------------------------------------------------
  __cs_local_svp_simple_013_001_isr_1_i=101 (00000000000000000000000001100101)

State 171 file /home/dell/zyworkspace/nichecker/Experiment/remarks2.1_LA_PPR/svp_simple_013/_mt_svp_simple_013_001_result/_cs_svp_simple_013_001_global_var1_rwr_mt_svp_simple_013_001.c line 490 function svp_simple_013_001_isr_1_0 thread 0
----------------------------------------------------
  __cs_local_svp_simple_013_001_isr_1_t_2=1 (00000000000000000000000000000001)

State 174 file /home/dell/zyworkspace/nichecker/Experiment/remarks2.1_LA_PPR/svp_simple_013/_mt_svp_simple_013_001_result/_cs_svp_simple_013_001_global_var1_rwr_mt_svp_simple_013_001.c line 497 function svp_simple_013_001_isr_1_0 thread 0
----------------------------------------------------
  __cs_pc[2l]=1 (001)

State 182 file /home/dell/zyworkspace/nichecker/Experiment/remarks2.1_LA_PPR/svp_simple_013/_mt_svp_simple_013_001_result/_cs_svp_simple_013_001_global_var1_rwr_mt_svp_simple_013_001.c line 551 function svp_simple_013_001_isr_1_0 thread 0
----------------------------------------------------
  __cs_disable_thread[3l]=0 (0)

State 184 file /home/dell/zyworkspace/nichecker/Experiment/remarks2.1_LA_PPR/svp_simple_013/_mt_svp_simple_013_001_result/_cs_svp_simple_013_001_global_var1_rwr_mt_svp_simple_013_001.c line 560 function svp_simple_013_001_isr_1_0 thread 0
----------------------------------------------------
  __cs_local_svp_simple_013_001_isr_1_i=0 (00000000000000000000000000000000)

State 185 file /home/dell/zyworkspace/nichecker/Experiment/remarks2.1_LA_PPR/svp_simple_013/_mt_svp_simple_013_001_result/_cs_svp_simple_013_001_global_var1_rwr_mt_svp_simple_013_001.c line 562 function svp_simple_013_001_isr_1_0 thread 0
----------------------------------------------------
  __cs_local_svp_simple_013_001_isr_1_i=0 (00000000000000000000000000000000)

State 186 file /home/dell/zyworkspace/nichecker/Experiment/remarks2.1_LA_PPR/svp_simple_013/_mt_svp_simple_013_001_result/_cs_svp_simple_013_001_global_var1_rwr_mt_svp_simple_013_001.c line 569 function svp_simple_013_001_isr_1_0 thread 0
----------------------------------------------------
  __cs_local_svp_simple_013_001_isr_1_t_3=0 (00000000000000000000000000000000)

State 188 file /home/dell/zyworkspace/nichecker/Experiment/remarks2.1_LA_PPR/svp_simple_013/_mt_svp_simple_013_001_result/_cs_svp_simple_013_001_global_var1_rwr_mt_svp_simple_013_001.c line 587 function svp_simple_013_001_isr_1_0 thread 0
----------------------------------------------------
  __cs_local_svp_simple_013_001_isr_1_loop_3_IOVar1=0 (00000000000000000000000000000000)

State 189 file /home/dell/zyworkspace/nichecker/Experiment/remarks2.1_LA_PPR/svp_simple_013/_mt_svp_simple_013_001_result/_cs_svp_simple_013_001_global_var1_rwr_mt_svp_simple_013_001.c line 589 function svp_simple_013_001_isr_1_0 thread 0
----------------------------------------------------
  __cs_local_svp_simple_013_001_isr_1_loop_3_block_1=100 (00000000000000000000000001100100)

State 190 file /home/dell/zyworkspace/nichecker/Experiment/remarks2.1_LA_PPR/svp_simple_013/_mt_svp_simple_013_001_result/_cs_svp_simple_013_001_global_var1_rwr_mt_svp_simple_013_001.c line 591 function svp_simple_013_001_isr_1_0 thread 0
----------------------------------------------------
  __cs_local_svp_simple_013_001_isr_1_i=100 (00000000000000000000000001100100)

State 193 file /home/dell/zyworkspace/nichecker/Experiment/remarks2.1_LA_PPR/svp_simple_013/_mt_svp_simple_013_001_result/_cs_svp_simple_013_001_global_var1_rwr_mt_svp_simple_013_001.c line 602 function svp_simple_013_001_isr_1_0 thread 0
----------------------------------------------------
  __cs_local_svp_simple_013_001_isr_1_i=101 (00000000000000000000000001100101)

State 194 file /home/dell/zyworkspace/nichecker/Experiment/remarks2.1_LA_PPR/svp_simple_013/_mt_svp_simple_013_001_result/_cs_svp_simple_013_001_global_var1_rwr_mt_svp_simple_013_001.c line 607 function svp_simple_013_001_isr_1_0 thread 0
----------------------------------------------------
  __cs_local_svp_simple_013_001_isr_1_t_3=1 (00000000000000000000000000000001)

State 197 file /home/dell/zyworkspace/nichecker/Experiment/remarks2.1_LA_PPR/svp_simple_013/_mt_svp_simple_013_001_result/_cs_svp_simple_013_001_global_var1_rwr_mt_svp_simple_013_001.c line 614 function svp_simple_013_001_isr_1_0 thread 0
----------------------------------------------------
  __cs_pc[2l]=3 (011)

State 205 file /home/dell/zyworkspace/nichecker/Experiment/remarks2.1_LA_PPR/svp_simple_013/_mt_svp_simple_013_001_result/_cs_svp_simple_013_001_global_var1_rwr_mt_svp_simple_013_001.c line 675 function svp_simple_013_001_isr_1_0 thread 0
----------------------------------------------------
  __cs_value_ptr=NULL (0000000000000000000000000000000000000000000000000000000000000000)

State 210 file /home/dell/zyworkspace/nichecker/Experiment/remarks2.1_LA_PPR/svp_simple_013/_mt_svp_simple_013_001_result/_cs_svp_simple_013_001_global_var1_rwr_mt_svp_simple_013_001.c line 1021 function main thread 0
----------------------------------------------------
  __cs_pc[2l]=4 (100)

State 211 file /home/dell/zyworkspace/nichecker/Experiment/remarks2.1_LA_PPR/svp_simple_013/_mt_svp_simple_013_001_result/_cs_svp_simple_013_001_global_var1_rwr_mt_svp_simple_013_001.c line 1027 function main thread 0
----------------------------------------------------
  __cs_tmp_t3_r0=6 (110)

State 213 file /home/dell/zyworkspace/nichecker/Experiment/remarks2.1_LA_PPR/svp_simple_013/_mt_svp_simple_013_001_result/_cs_svp_simple_013_001_global_var1_rwr_mt_svp_simple_013_001.c line 1032 function main thread 0
----------------------------------------------------
  __cs_thread_index=3 (011)

State 214 file /home/dell/zyworkspace/nichecker/Experiment/remarks2.1_LA_PPR/svp_simple_013/_mt_svp_simple_013_001_result/_cs_svp_simple_013_001_global_var1_rwr_mt_svp_simple_013_001.c line 1034 function main thread 0
----------------------------------------------------
  __cs_pc_cs[3l]=6 (110)

State 219 file /home/dell/zyworkspace/nichecker/Experiment/remarks2.1_LA_PPR/svp_simple_013/_mt_svp_simple_013_001_result/_cs_svp_simple_013_001_global_var1_rwr_mt_svp_simple_013_001.c line 1040 function main thread 0
----------------------------------------------------
  __cs_param_svp_simple_013_001_isr_2_arg=NULL (0000000000000000000000000000000000000000000000000000000000000000)

State 221 file /home/dell/zyworkspace/nichecker/Experiment/remarks2.1_LA_PPR/svp_simple_013/_mt_svp_simple_013_001_result/_cs_svp_simple_013_001_global_var1_rwr_mt_svp_simple_013_001.c line 734 function svp_simple_013_001_isr_2_0 thread 0
----------------------------------------------------
  __cs_local_svp_simple_013_001_isr_2_i=0 (00000000000000000000000000000000)

State 222 file /home/dell/zyworkspace/nichecker/Experiment/remarks2.1_LA_PPR/svp_simple_013/_mt_svp_simple_013_001_result/_cs_svp_simple_013_001_global_var1_rwr_mt_svp_simple_013_001.c line 736 function svp_simple_013_001_isr_2_0 thread 0
----------------------------------------------------
  __cs_local_svp_simple_013_001_isr_2_i=0 (00000000000000000000000000000000)

State 223 file /home/dell/zyworkspace/nichecker/Experiment/remarks2.1_LA_PPR/svp_simple_013/_mt_svp_simple_013_001_result/_cs_svp_simple_013_001_global_var1_rwr_mt_svp_simple_013_001.c line 743 function svp_simple_013_001_isr_2_0 thread 0
----------------------------------------------------
  __cs_local_svp_simple_013_001_isr_2_t_4=0 (00000000000000000000000000000000)

State 225 file /home/dell/zyworkspace/nichecker/Experiment/remarks2.1_LA_PPR/svp_simple_013/_mt_svp_simple_013_001_result/_cs_svp_simple_013_001_global_var1_rwr_mt_svp_simple_013_001.c line 761 function svp_simple_013_001_isr_2_0 thread 0
----------------------------------------------------
  __cs_local_svp_simple_013_001_isr_2_loop_4_IOVar1=0 (00000000000000000000000000000000)

State 226 file /home/dell/zyworkspace/nichecker/Experiment/remarks2.1_LA_PPR/svp_simple_013/_mt_svp_simple_013_001_result/_cs_svp_simple_013_001_global_var1_rwr_mt_svp_simple_013_001.c line 763 function svp_simple_013_001_isr_2_0 thread 0
----------------------------------------------------
  __cs_local_svp_simple_013_001_isr_2_loop_4_block_1=100 (00000000000000000000000001100100)

State 227 file /home/dell/zyworkspace/nichecker/Experiment/remarks2.1_LA_PPR/svp_simple_013/_mt_svp_simple_013_001_result/_cs_svp_simple_013_001_global_var1_rwr_mt_svp_simple_013_001.c line 765 function svp_simple_013_001_isr_2_0 thread 0
----------------------------------------------------
  __cs_local_svp_simple_013_001_isr_2_i=100 (00000000000000000000000001100100)

State 230 file /home/dell/zyworkspace/nichecker/Experiment/remarks2.1_LA_PPR/svp_simple_013/_mt_svp_simple_013_001_result/_cs_svp_simple_013_001_global_var1_rwr_mt_svp_simple_013_001.c line 776 function svp_simple_013_001_isr_2_0 thread 0
----------------------------------------------------
  __cs_local_svp_simple_013_001_isr_2_i=101 (00000000000000000000000001100101)

State 231 file /home/dell/zyworkspace/nichecker/Experiment/remarks2.1_LA_PPR/svp_simple_013/_mt_svp_simple_013_001_result/_cs_svp_simple_013_001_global_var1_rwr_mt_svp_simple_013_001.c line 781 function svp_simple_013_001_isr_2_0 thread 0
----------------------------------------------------
  __cs_local_svp_simple_013_001_isr_2_t_4=1 (00000000000000000000000000000001)

State 234 file /home/dell/zyworkspace/nichecker/Experiment/remarks2.1_LA_PPR/svp_simple_013/_mt_svp_simple_013_001_result/_cs_svp_simple_013_001_global_var1_rwr_mt_svp_simple_013_001.c line 788 function svp_simple_013_001_isr_2_0 thread 0
----------------------------------------------------
  __cs_pc[3l]=1 (001)

State 239 file /home/dell/zyworkspace/nichecker/Experiment/remarks2.1_LA_PPR/svp_simple_013/_mt_svp_simple_013_001_result/_cs_svp_simple_013_001_global_var1_rwr_mt_svp_simple_013_001.c line 840 function svp_simple_013_001_isr_2_0 thread 0
----------------------------------------------------
  svp_simple_013_001_global_flag1=1 (00000000000000000000000000000001)

State 241 file /home/dell/zyworkspace/nichecker/Experiment/remarks2.1_LA_PPR/svp_simple_013/_mt_svp_simple_013_001_result/_cs_svp_simple_013_001_global_var1_rwr_mt_svp_simple_013_001.c line 844 function svp_simple_013_001_isr_2_0 thread 0
----------------------------------------------------
  svp_simple_013_001_global_flag2=0 (00000000000000000000000000000000)

State 246 file /home/dell/zyworkspace/nichecker/Experiment/remarks2.1_LA_PPR/svp_simple_013/_mt_svp_simple_013_001_result/_cs_svp_simple_013_001_global_var1_rwr_mt_svp_simple_013_001.c line 850 function svp_simple_013_001_isr_2_0 thread 0
----------------------------------------------------
  __cs_disable_thread[4l]=0 (0)

State 248 file /home/dell/zyworkspace/nichecker/Experiment/remarks2.1_LA_PPR/svp_simple_013/_mt_svp_simple_013_001_result/_cs_svp_simple_013_001_global_var1_rwr_mt_svp_simple_013_001.c line 859 function svp_simple_013_001_isr_2_0 thread 0
----------------------------------------------------
  __cs_local_svp_simple_013_001_isr_2_i=0 (00000000000000000000000000000000)

State 249 file /home/dell/zyworkspace/nichecker/Experiment/remarks2.1_LA_PPR/svp_simple_013/_mt_svp_simple_013_001_result/_cs_svp_simple_013_001_global_var1_rwr_mt_svp_simple_013_001.c line 861 function svp_simple_013_001_isr_2_0 thread 0
----------------------------------------------------
  __cs_local_svp_simple_013_001_isr_2_i=0 (00000000000000000000000000000000)

State 250 file /home/dell/zyworkspace/nichecker/Experiment/remarks2.1_LA_PPR/svp_simple_013/_mt_svp_simple_013_001_result/_cs_svp_simple_013_001_global_var1_rwr_mt_svp_simple_013_001.c line 868 function svp_simple_013_001_isr_2_0 thread 0
----------------------------------------------------
  __cs_local_svp_simple_013_001_isr_2_t_5=0 (00000000000000000000000000000000)

State 252 file /home/dell/zyworkspace/nichecker/Experiment/remarks2.1_LA_PPR/svp_simple_013/_mt_svp_simple_013_001_result/_cs_svp_simple_013_001_global_var1_rwr_mt_svp_simple_013_001.c line 886 function svp_simple_013_001_isr_2_0 thread 0
----------------------------------------------------
  __cs_local_svp_simple_013_001_isr_2_loop_5_IOVar1=0 (00000000000000000000000000000000)

State 253 file /home/dell/zyworkspace/nichecker/Experiment/remarks2.1_LA_PPR/svp_simple_013/_mt_svp_simple_013_001_result/_cs_svp_simple_013_001_global_var1_rwr_mt_svp_simple_013_001.c line 888 function svp_simple_013_001_isr_2_0 thread 0
----------------------------------------------------
  __cs_local_svp_simple_013_001_isr_2_loop_5_block_1=100 (00000000000000000000000001100100)

State 254 file /home/dell/zyworkspace/nichecker/Experiment/remarks2.1_LA_PPR/svp_simple_013/_mt_svp_simple_013_001_result/_cs_svp_simple_013_001_global_var1_rwr_mt_svp_simple_013_001.c line 890 function svp_simple_013_001_isr_2_0 thread 0
----------------------------------------------------
  __cs_local_svp_simple_013_001_isr_2_i=100 (00000000000000000000000001100100)

State 257 file /home/dell/zyworkspace/nichecker/Experiment/remarks2.1_LA_PPR/svp_simple_013/_mt_svp_simple_013_001_result/_cs_svp_simple_013_001_global_var1_rwr_mt_svp_simple_013_001.c line 901 function svp_simple_013_001_isr_2_0 thread 0
----------------------------------------------------
  __cs_local_svp_simple_013_001_isr_2_i=101 (00000000000000000000000001100101)

State 258 file /home/dell/zyworkspace/nichecker/Experiment/remarks2.1_LA_PPR/svp_simple_013/_mt_svp_simple_013_001_result/_cs_svp_simple_013_001_global_var1_rwr_mt_svp_simple_013_001.c line 906 function svp_simple_013_001_isr_2_0 thread 0
----------------------------------------------------
  __cs_local_svp_simple_013_001_isr_2_t_5=1 (00000000000000000000000000000001)

State 261 file /home/dell/zyworkspace/nichecker/Experiment/remarks2.1_LA_PPR/svp_simple_013/_mt_svp_simple_013_001_result/_cs_svp_simple_013_001_global_var1_rwr_mt_svp_simple_013_001.c line 913 function svp_simple_013_001_isr_2_0 thread 0
----------------------------------------------------
  __cs_pc[3l]=5 (101)

State 269 file /home/dell/zyworkspace/nichecker/Experiment/remarks2.1_LA_PPR/svp_simple_013/_mt_svp_simple_013_001_result/_cs_svp_simple_013_001_global_var1_rwr_mt_svp_simple_013_001.c line 974 function svp_simple_013_001_isr_2_0 thread 0
----------------------------------------------------
  __cs_value_ptr=NULL (0000000000000000000000000000000000000000000000000000000000000000)

State 274 file /home/dell/zyworkspace/nichecker/Experiment/remarks2.1_LA_PPR/svp_simple_013/_mt_svp_simple_013_001_result/_cs_svp_simple_013_001_global_var1_rwr_mt_svp_simple_013_001.c line 1042 function main thread 0
----------------------------------------------------
  __cs_pc[3l]=6 (110)

State 275 file /home/dell/zyworkspace/nichecker/Experiment/remarks2.1_LA_PPR/svp_simple_013/_mt_svp_simple_013_001_result/_cs_svp_simple_013_001_global_var1_rwr_mt_svp_simple_013_001.c line 1048 function main thread 0
----------------------------------------------------
  __cs_tmp_t4_r0=1 (1)

State 277 file /home/dell/zyworkspace/nichecker/Experiment/remarks2.1_LA_PPR/svp_simple_013/_mt_svp_simple_013_001_result/_cs_svp_simple_013_001_global_var1_rwr_mt_svp_simple_013_001.c line 1053 function main thread 0
----------------------------------------------------
  __cs_thread_index=4 (100)

State 278 file /home/dell/zyworkspace/nichecker/Experiment/remarks2.1_LA_PPR/svp_simple_013/_mt_svp_simple_013_001_result/_cs_svp_simple_013_001_global_var1_rwr_mt_svp_simple_013_001.c line 1055 function main thread 0
----------------------------------------------------
  __cs_pc_cs[4l]=1 (001)

State 283 file /home/dell/zyworkspace/nichecker/Experiment/remarks2.1_LA_PPR/svp_simple_013/_mt_svp_simple_013_001_result/_cs_svp_simple_013_001_global_var1_rwr_mt_svp_simple_013_001.c line 1061 function main thread 0
----------------------------------------------------
  __cs_param_svp_simple_013_001_isr_3_arg=NULL (0000000000000000000000000000000000000000000000000000000000000000)

State 285 file /home/dell/zyworkspace/nichecker/Experiment/remarks2.1_LA_PPR/svp_simple_013/_mt_svp_simple_013_001_result/_cs_svp_simple_013_001_global_var1_rwr_mt_svp_simple_013_001.c line 687 function svp_simple_013_001_isr_3_0 thread 0
----------------------------------------------------
  __cs_local_svp_simple_013_001_isr_3___cs_tmp_if_cond_1=TRUE (00000001)

State 287 file /home/dell/zyworkspace/nichecker/Experiment/remarks2.1_LA_PPR/svp_simple_013/_mt_svp_simple_013_001_result/_cs_svp_simple_013_001_global_var1_rwr_mt_svp_simple_013_001.c line 692 function svp_simple_013_001_isr_3_0 thread 0
----------------------------------------------------
  svp_simple_013_001_global_var1=1 (00000000000000000000000000000001)

State 288 file /home/dell/zyworkspace/nichecker/Experiment/remarks2.1_LA_PPR/svp_simple_013/_mt_svp_simple_013_001_result/_cs_svp_simple_013_001_global_var1_rwr_mt_svp_simple_013_001.c line 700 function svp_simple_013_001_isr_3_0 thread 0
----------------------------------------------------
  __cs_local_svp_simple_013_001_isr_3___cs_tmp_if_cond_2=FALSE (00000000)

State 293 file /home/dell/zyworkspace/nichecker/Experiment/remarks2.1_LA_PPR/svp_simple_013/_mt_svp_simple_013_001_result/_cs_svp_simple_013_001_global_var1_rwr_mt_svp_simple_013_001.c line 721 function svp_simple_013_001_isr_3_0 thread 0
----------------------------------------------------
  __cs_value_ptr=NULL (0000000000000000000000000000000000000000000000000000000000000000)

State 298 file /home/dell/zyworkspace/nichecker/Experiment/remarks2.1_LA_PPR/svp_simple_013/_mt_svp_simple_013_001_result/_cs_svp_simple_013_001_global_var1_rwr_mt_svp_simple_013_001.c line 1063 function main thread 0
----------------------------------------------------
  __cs_pc[4l]=1 (001)

State 299 file /home/dell/zyworkspace/nichecker/Experiment/remarks2.1_LA_PPR/svp_simple_013/_mt_svp_simple_013_001_result/_cs_svp_simple_013_001_global_var1_rwr_mt_svp_simple_013_001.c line 1073 function main thread 0
----------------------------------------------------
  __cs_tmp_t1_r1=5 (101)

State 309 file /home/dell/zyworkspace/nichecker/Experiment/remarks2.1_LA_PPR/svp_simple_013/_mt_svp_simple_013_001_result/_cs_svp_simple_013_001_global_var1_rwr_mt_svp_simple_013_001.c line 1078 function main thread 0
----------------------------------------------------
  __cs_thread_index=1 (001)

State 310 file /home/dell/zyworkspace/nichecker/Experiment/remarks2.1_LA_PPR/svp_simple_013/_mt_svp_simple_013_001_result/_cs_svp_simple_013_001_global_var1_rwr_mt_svp_simple_013_001.c line 1080 function main thread 0
----------------------------------------------------
  __cs_pc_cs[1l]=5 (101)

State 315 file /home/dell/zyworkspace/nichecker/Experiment/remarks2.1_LA_PPR/svp_simple_013/_mt_svp_simple_013_001_result/_cs_svp_simple_013_001_global_var1_rwr_mt_svp_simple_013_001.c line 1086 function main thread 0
----------------------------------------------------
  __cs_param_main_task_arg=NULL (0000000000000000000000000000000000000000000000000000000000000000)

State 324 file /home/dell/zyworkspace/nichecker/Experiment/remarks2.1_LA_PPR/svp_simple_013/_mt_svp_simple_013_001_result/_cs_svp_simple_013_001_global_var1_rwr_mt_svp_simple_013_001.c line 402 function main_task_0 thread 0
----------------------------------------------------
  __cs_local_main_task_reader2=1 (00000000000000000000000000000001)

State 325 file /home/dell/zyworkspace/nichecker/Experiment/remarks2.1_LA_PPR/svp_simple_013/_mt_svp_simple_013_001_result/_cs_svp_simple_013_001_global_var1_rwr_mt_svp_simple_013_001.c line 404 function main_task_0 thread 0
----------------------------------------------------
  rwr_r3=1 (00000000000000000000000000000001)

Violated property:
  file /home/dell/zyworkspace/nichecker/Experiment/remarks2.1_LA_PPR/svp_simple_013/_mt_svp_simple_013_001_result/_cs_svp_simple_013_001_global_var1_rwr_mt_svp_simple_013_001.c line 406 function main_task_0
  assertion rwr_r3 == rwr_tmp1
  rwr_r3 == rwr_tmp1


** 1 of 3 failed (2 iterations)
VERIFICATION FAILED
