CBMC version 5.6 64-bit x86_64 linux
Parsing /home/dell/zyworkspace/nichecker/Experiment/remarks2.1_LA_Slicing/svp_simple_020/_mt_svp_simple_020_001_result/_cs_svp_simple_020_001_global_para_rwr_mt_svp_simple_020_001.c
<command-line>: warning: "__STDC_VERSION__" redefined
<built-in>: note: this is the location of the previous definition
Converting
Type-checking _cs_svp_simple_020_001_global_para_rwr_mt_svp_simple_020_001
file /home/dell/zyworkspace/nichecker/Experiment/remarks2.1_LA_Slicing/svp_simple_020/_mt_svp_simple_020_001_result/_cs_svp_simple_020_001_global_para_rwr_mt_svp_simple_020_001.c line 219 function main_task_0: function `nondet_rand' is not declared
file /home/dell/zyworkspace/nichecker/Experiment/remarks2.1_LA_Slicing/svp_simple_020/_mt_svp_simple_020_001_result/_cs_svp_simple_020_001_global_para_rwr_mt_svp_simple_020_001.c line 233 function main_task_0: function `assert' is not declared
Generating GOTO Program
Adding CPROVER library (x86_64)
Removal of function pointers and virtual functions
Partial Inlining
Generic Property Instrumentation
Starting Bounded Model Checking
**** WARNING: no body for function enable_isr
**** WARNING: no body for function disable_isr
size of program expression: 564 steps
simple slicing removed 37 assignments
Generated 5 VCC(s), 4 remaining after simplification
Passing problem to propositional reduction
converting SSA
Running propositional reduction
Post-processing
Solving with MiniSAT 2.2.1 with simplifier
2714 variables, 6525 clauses
SAT checker: instance is SATISFIABLE
Solving with MiniSAT 2.2.1 with simplifier
2714 variables, 196 clauses
SAT checker inconsistent: instance is UNSATISFIABLE
Runtime decision procedure: 0.014s

** Results:
[main_task_0.assertion.1] assertion rwr_r1 == rwr_tmp1: SUCCESS
[main_task_0.assertion.2] assertion rwr_r2 == rwr_tmp1: FAILURE

Trace for main_task_0.assertion.2:

State 49 file /home/dell/zyworkspace/nichecker/Experiment/remarks2.1_LA_Slicing/svp_simple_020/_mt_svp_simple_020_001_result/_cs_svp_simple_020_001_global_para_rwr_mt_svp_simple_020_001.c line 351 function main thread 0
----------------------------------------------------
  __cs_tmp_t1_r0=1 (01)

State 51 file /home/dell/zyworkspace/nichecker/Experiment/remarks2.1_LA_Slicing/svp_simple_020/_mt_svp_simple_020_001_result/_cs_svp_simple_020_001_global_para_rwr_mt_svp_simple_020_001.c line 355 function main thread 0
----------------------------------------------------
  __cs_thread_index=1 (001)

State 52 file /home/dell/zyworkspace/nichecker/Experiment/remarks2.1_LA_Slicing/svp_simple_020/_mt_svp_simple_020_001_result/_cs_svp_simple_020_001_global_para_rwr_mt_svp_simple_020_001.c line 357 function main thread 0
----------------------------------------------------
  __cs_pc_cs[1l]=1 (01)

State 57 file /home/dell/zyworkspace/nichecker/Experiment/remarks2.1_LA_Slicing/svp_simple_020/_mt_svp_simple_020_001_result/_cs_svp_simple_020_001_global_para_rwr_mt_svp_simple_020_001.c line 363 function main thread 0
----------------------------------------------------
  __cs_param_main_task_arg=NULL (0000000000000000000000000000000000000000000000000000000000000000)

State 62 file /home/dell/zyworkspace/nichecker/Experiment/remarks2.1_LA_Slicing/svp_simple_020/_mt_svp_simple_020_001_result/_cs_svp_simple_020_001_global_para_rwr_mt_svp_simple_020_001.c line 186 function main_task_0 thread 0
----------------------------------------------------
  __cs_disable_thread[3l]=0 (0)

State 63 file /home/dell/zyworkspace/nichecker/Experiment/remarks2.1_LA_Slicing/svp_simple_020/_mt_svp_simple_020_001_result/_cs_svp_simple_020_001_global_para_rwr_mt_svp_simple_020_001.c line 189 function main_task_0 thread 0
----------------------------------------------------
  __cs_disable_thread[2l]=0 (0)

State 64 file /home/dell/zyworkspace/nichecker/Experiment/remarks2.1_LA_Slicing/svp_simple_020/_mt_svp_simple_020_001_result/_cs_svp_simple_020_001_global_para_rwr_mt_svp_simple_020_001.c line 192 function main_task_0 thread 0
----------------------------------------------------
  __cs_disable_thread[0l]=0 (0)

State 68 file /home/dell/zyworkspace/nichecker/Experiment/remarks2.1_LA_Slicing/svp_simple_020/_mt_svp_simple_020_001_result/_cs_svp_simple_020_001_global_para_rwr_mt_svp_simple_020_001.c line 202 function main_task_0 thread 0
----------------------------------------------------
  __cs_disable_thread[3l]=1 (1)

State 69 file /home/dell/zyworkspace/nichecker/Experiment/remarks2.1_LA_Slicing/svp_simple_020/_mt_svp_simple_020_001_result/_cs_svp_simple_020_001_global_para_rwr_mt_svp_simple_020_001.c line 208 function main_task_0 thread 0
----------------------------------------------------
  __cs_local_main_task_reader1=0 (00000000000000000000000000000000)

State 70 file /home/dell/zyworkspace/nichecker/Experiment/remarks2.1_LA_Slicing/svp_simple_020/_mt_svp_simple_020_001_result/_cs_svp_simple_020_001_global_para_rwr_mt_svp_simple_020_001.c line 212 function main_task_0 thread 0
----------------------------------------------------
  __cs_local_main_task_reader2=0 (00000000000000000000000000000000)

State 71 file /home/dell/zyworkspace/nichecker/Experiment/remarks2.1_LA_Slicing/svp_simple_020/_mt_svp_simple_020_001_result/_cs_svp_simple_020_001_global_para_rwr_mt_svp_simple_020_001.c line 219 function main_task_0 thread 0
----------------------------------------------------
  __cs_local_main_task_svp_simple_020_001_local_var1=0 (00000000000000000000000000000000)

State 72 file /home/dell/zyworkspace/nichecker/Experiment/remarks2.1_LA_Slicing/svp_simple_020/_mt_svp_simple_020_001_result/_cs_svp_simple_020_001_global_para_rwr_mt_svp_simple_020_001.c line 222 function main_task_0 thread 0
----------------------------------------------------
  __cs_local_main_task_svp_simple_020_001_local_var2=0 (00000000000000000000000000000000)

State 77 file /home/dell/zyworkspace/nichecker/Experiment/remarks2.1_LA_Slicing/svp_simple_020/_mt_svp_simple_020_001_result/_cs_svp_simple_020_001_global_para_rwr_mt_svp_simple_020_001.c line 280 function main_task_0 thread 0
----------------------------------------------------
  __cs_value_ptr=NULL (0000000000000000000000000000000000000000000000000000000000000000)

State 82 file /home/dell/zyworkspace/nichecker/Experiment/remarks2.1_LA_Slicing/svp_simple_020/_mt_svp_simple_020_001_result/_cs_svp_simple_020_001_global_para_rwr_mt_svp_simple_020_001.c line 365 function main thread 0
----------------------------------------------------
  __cs_pc[1l]=1 (01)

State 83 file /home/dell/zyworkspace/nichecker/Experiment/remarks2.1_LA_Slicing/svp_simple_020/_mt_svp_simple_020_001_result/_cs_svp_simple_020_001_global_para_rwr_mt_svp_simple_020_001.c line 371 function main thread 0
----------------------------------------------------
  __cs_tmp_t2_r0=0 (0)

State 85 file /home/dell/zyworkspace/nichecker/Experiment/remarks2.1_LA_Slicing/svp_simple_020/_mt_svp_simple_020_001_result/_cs_svp_simple_020_001_global_para_rwr_mt_svp_simple_020_001.c line 376 function main thread 0
----------------------------------------------------
  __cs_thread_index=2 (010)

State 86 file /home/dell/zyworkspace/nichecker/Experiment/remarks2.1_LA_Slicing/svp_simple_020/_mt_svp_simple_020_001_result/_cs_svp_simple_020_001_global_para_rwr_mt_svp_simple_020_001.c line 378 function main thread 0
----------------------------------------------------
  __cs_pc_cs[2l]=0 (00)

State 91 file /home/dell/zyworkspace/nichecker/Experiment/remarks2.1_LA_Slicing/svp_simple_020/_mt_svp_simple_020_001_result/_cs_svp_simple_020_001_global_para_rwr_mt_svp_simple_020_001.c line 384 function main thread 0
----------------------------------------------------
  __cs_param_svp_simple_020_001_isr_1_arg=NULL (0000000000000000000000000000000000000000000000000000000000000000)

State 95 file /home/dell/zyworkspace/nichecker/Experiment/remarks2.1_LA_Slicing/svp_simple_020/_mt_svp_simple_020_001_result/_cs_svp_simple_020_001_global_para_rwr_mt_svp_simple_020_001.c line 339 function svp_simple_020_001_isr_1_0 thread 0
----------------------------------------------------
  __cs_value_ptr=NULL (0000000000000000000000000000000000000000000000000000000000000000)

State 100 file /home/dell/zyworkspace/nichecker/Experiment/remarks2.1_LA_Slicing/svp_simple_020/_mt_svp_simple_020_001_result/_cs_svp_simple_020_001_global_para_rwr_mt_svp_simple_020_001.c line 386 function main thread 0
----------------------------------------------------
  __cs_pc[2l]=0 (00)

State 101 file /home/dell/zyworkspace/nichecker/Experiment/remarks2.1_LA_Slicing/svp_simple_020/_mt_svp_simple_020_001_result/_cs_svp_simple_020_001_global_para_rwr_mt_svp_simple_020_001.c line 392 function main thread 0
----------------------------------------------------
  __cs_tmp_t3_r0=1 (1)

State 103 file /home/dell/zyworkspace/nichecker/Experiment/remarks2.1_LA_Slicing/svp_simple_020/_mt_svp_simple_020_001_result/_cs_svp_simple_020_001_global_para_rwr_mt_svp_simple_020_001.c line 417 function main thread 0
----------------------------------------------------
  __cs_tmp_t1_r1=2 (10)

State 110 file /home/dell/zyworkspace/nichecker/Experiment/remarks2.1_LA_Slicing/svp_simple_020/_mt_svp_simple_020_001_result/_cs_svp_simple_020_001_global_para_rwr_mt_svp_simple_020_001.c line 422 function main thread 0
----------------------------------------------------
  __cs_thread_index=1 (001)

State 111 file /home/dell/zyworkspace/nichecker/Experiment/remarks2.1_LA_Slicing/svp_simple_020/_mt_svp_simple_020_001_result/_cs_svp_simple_020_001_global_para_rwr_mt_svp_simple_020_001.c line 424 function main thread 0
----------------------------------------------------
  __cs_pc_cs[1l]=2 (10)

State 116 file /home/dell/zyworkspace/nichecker/Experiment/remarks2.1_LA_Slicing/svp_simple_020/_mt_svp_simple_020_001_result/_cs_svp_simple_020_001_global_para_rwr_mt_svp_simple_020_001.c line 430 function main thread 0
----------------------------------------------------
  __cs_param_main_task_arg=NULL (0000000000000000000000000000000000000000000000000000000000000000)

State 119 file /home/dell/zyworkspace/nichecker/Experiment/remarks2.1_LA_Slicing/svp_simple_020/_mt_svp_simple_020_001_result/_cs_svp_simple_020_001_global_para_rwr_mt_svp_simple_020_001.c line 229 function main_task_0 thread 0
----------------------------------------------------
  __cs_local_main_task___cs_tmp_if_cond_0=FALSE (00000000)

State 120 file /home/dell/zyworkspace/nichecker/Experiment/remarks2.1_LA_Slicing/svp_simple_020/_mt_svp_simple_020_001_result/_cs_svp_simple_020_001_global_para_rwr_mt_svp_simple_020_001.c line 231 function main_task_0 thread 0
----------------------------------------------------
  rwr_r1=0 (00000000000000000000000000000000)

State 122 file /home/dell/zyworkspace/nichecker/Experiment/remarks2.1_LA_Slicing/svp_simple_020/_mt_svp_simple_020_001_result/_cs_svp_simple_020_001_global_para_rwr_mt_svp_simple_020_001.c line 235 function main_task_0 thread 0
----------------------------------------------------
  rwr_tmp1_num=1 (00000000000000000000000000000001)

State 123 file /home/dell/zyworkspace/nichecker/Experiment/remarks2.1_LA_Slicing/svp_simple_020/_mt_svp_simple_020_001_result/_cs_svp_simple_020_001_global_para_rwr_mt_svp_simple_020_001.c line 236 function main_task_0 thread 0
----------------------------------------------------
  rwr_tmp1=0 (00000000000000000000000000000000)

State 128 file /home/dell/zyworkspace/nichecker/Experiment/remarks2.1_LA_Slicing/svp_simple_020/_mt_svp_simple_020_001_result/_cs_svp_simple_020_001_global_para_rwr_mt_svp_simple_020_001.c line 280 function main_task_0 thread 0
----------------------------------------------------
  __cs_value_ptr=NULL (0000000000000000000000000000000000000000000000000000000000000000)

State 133 file /home/dell/zyworkspace/nichecker/Experiment/remarks2.1_LA_Slicing/svp_simple_020/_mt_svp_simple_020_001_result/_cs_svp_simple_020_001_global_para_rwr_mt_svp_simple_020_001.c line 432 function main thread 0
----------------------------------------------------
  __cs_pc[1l]=2 (10)

State 134 file /home/dell/zyworkspace/nichecker/Experiment/remarks2.1_LA_Slicing/svp_simple_020/_mt_svp_simple_020_001_result/_cs_svp_simple_020_001_global_para_rwr_mt_svp_simple_020_001.c line 438 function main thread 0
----------------------------------------------------
  __cs_tmp_t2_r1=1 (1)

State 136 file /home/dell/zyworkspace/nichecker/Experiment/remarks2.1_LA_Slicing/svp_simple_020/_mt_svp_simple_020_001_result/_cs_svp_simple_020_001_global_para_rwr_mt_svp_simple_020_001.c line 443 function main thread 0
----------------------------------------------------
  __cs_thread_index=2 (010)

State 137 file /home/dell/zyworkspace/nichecker/Experiment/remarks2.1_LA_Slicing/svp_simple_020/_mt_svp_simple_020_001_result/_cs_svp_simple_020_001_global_para_rwr_mt_svp_simple_020_001.c line 445 function main thread 0
----------------------------------------------------
  __cs_pc_cs[2l]=1 (01)

State 142 file /home/dell/zyworkspace/nichecker/Experiment/remarks2.1_LA_Slicing/svp_simple_020/_mt_svp_simple_020_001_result/_cs_svp_simple_020_001_global_para_rwr_mt_svp_simple_020_001.c line 451 function main thread 0
----------------------------------------------------
  __cs_param_svp_simple_020_001_isr_1_arg=NULL (0000000000000000000000000000000000000000000000000000000000000000)

State 144 file /home/dell/zyworkspace/nichecker/Experiment/remarks2.1_LA_Slicing/svp_simple_020/_mt_svp_simple_020_001_result/_cs_svp_simple_020_001_global_para_rwr_mt_svp_simple_020_001.c line 322 function svp_simple_020_001_isr_1_0 thread 0
----------------------------------------------------
  svp_simple_020_001_global_flag=1 (00000000000000000000000000000001)

State 148 file /home/dell/zyworkspace/nichecker/Experiment/remarks2.1_LA_Slicing/svp_simple_020/_mt_svp_simple_020_001_result/_cs_svp_simple_020_001_global_para_rwr_mt_svp_simple_020_001.c line 326 function svp_simple_020_001_isr_1_0 thread 0
----------------------------------------------------
  __cs_disable_thread[3l]=0 (0)

State 152 file /home/dell/zyworkspace/nichecker/Experiment/remarks2.1_LA_Slicing/svp_simple_020/_mt_svp_simple_020_001_result/_cs_svp_simple_020_001_global_para_rwr_mt_svp_simple_020_001.c line 339 function svp_simple_020_001_isr_1_0 thread 0
----------------------------------------------------
  __cs_value_ptr=NULL (0000000000000000000000000000000000000000000000000000000000000000)

State 157 file /home/dell/zyworkspace/nichecker/Experiment/remarks2.1_LA_Slicing/svp_simple_020/_mt_svp_simple_020_001_result/_cs_svp_simple_020_001_global_para_rwr_mt_svp_simple_020_001.c line 453 function main thread 0
----------------------------------------------------
  __cs_pc[2l]=1 (01)

State 158 file /home/dell/zyworkspace/nichecker/Experiment/remarks2.1_LA_Slicing/svp_simple_020/_mt_svp_simple_020_001_result/_cs_svp_simple_020_001_global_para_rwr_mt_svp_simple_020_001.c line 459 function main thread 0
----------------------------------------------------
  __cs_tmp_t3_r1=1 (1)

State 160 file /home/dell/zyworkspace/nichecker/Experiment/remarks2.1_LA_Slicing/svp_simple_020/_mt_svp_simple_020_001_result/_cs_svp_simple_020_001_global_para_rwr_mt_svp_simple_020_001.c line 464 function main thread 0
----------------------------------------------------
  __cs_thread_index=3 (011)

State 161 file /home/dell/zyworkspace/nichecker/Experiment/remarks2.1_LA_Slicing/svp_simple_020/_mt_svp_simple_020_001_result/_cs_svp_simple_020_001_global_para_rwr_mt_svp_simple_020_001.c line 466 function main thread 0
----------------------------------------------------
  __cs_pc_cs[3l]=1 (01)

State 166 file /home/dell/zyworkspace/nichecker/Experiment/remarks2.1_LA_Slicing/svp_simple_020/_mt_svp_simple_020_001_result/_cs_svp_simple_020_001_global_para_rwr_mt_svp_simple_020_001.c line 472 function main thread 0
----------------------------------------------------
  __cs_param_svp_simple_020_001_isr_2_arg=NULL (0000000000000000000000000000000000000000000000000000000000000000)

State 168 file /home/dell/zyworkspace/nichecker/Experiment/remarks2.1_LA_Slicing/svp_simple_020/_mt_svp_simple_020_001_result/_cs_svp_simple_020_001_global_para_rwr_mt_svp_simple_020_001.c line 292 function svp_simple_020_001_isr_2_0 thread 0
----------------------------------------------------
  __cs_local_svp_simple_020_001_isr_2___cs_tmp_if_cond_2=TRUE (00000001)

State 170 file /home/dell/zyworkspace/nichecker/Experiment/remarks2.1_LA_Slicing/svp_simple_020/_mt_svp_simple_020_001_result/_cs_svp_simple_020_001_global_para_rwr_mt_svp_simple_020_001.c line 297 function svp_simple_020_001_isr_2_0 thread 0
----------------------------------------------------
  svp_simple_020_001_global_para=11 (00000000000000000000000000001011)

State 174 file /home/dell/zyworkspace/nichecker/Experiment/remarks2.1_LA_Slicing/svp_simple_020/_mt_svp_simple_020_001_result/_cs_svp_simple_020_001_global_para_rwr_mt_svp_simple_020_001.c line 312 function svp_simple_020_001_isr_2_0 thread 0
----------------------------------------------------
  __cs_value_ptr=NULL (0000000000000000000000000000000000000000000000000000000000000000)

State 179 file /home/dell/zyworkspace/nichecker/Experiment/remarks2.1_LA_Slicing/svp_simple_020/_mt_svp_simple_020_001_result/_cs_svp_simple_020_001_global_para_rwr_mt_svp_simple_020_001.c line 474 function main thread 0
----------------------------------------------------
  __cs_pc[3l]=1 (01)

State 180 file /home/dell/zyworkspace/nichecker/Experiment/remarks2.1_LA_Slicing/svp_simple_020/_mt_svp_simple_020_001_result/_cs_svp_simple_020_001_global_para_rwr_mt_svp_simple_020_001.c line 478 function main thread 0
----------------------------------------------------
  __cs_tmp_t1_r2=3u (00000000000000000000000000000011)

State 182 file /home/dell/zyworkspace/nichecker/Experiment/remarks2.1_LA_Slicing/svp_simple_020/_mt_svp_simple_020_001_result/_cs_svp_simple_020_001_global_para_rwr_mt_svp_simple_020_001.c line 483 function main thread 0
----------------------------------------------------
  __cs_thread_index=1 (001)

State 183 file /home/dell/zyworkspace/nichecker/Experiment/remarks2.1_LA_Slicing/svp_simple_020/_mt_svp_simple_020_001_result/_cs_svp_simple_020_001_global_para_rwr_mt_svp_simple_020_001.c line 485 function main thread 0
----------------------------------------------------
  __cs_pc_cs[1l]=3 (11)

State 188 file /home/dell/zyworkspace/nichecker/Experiment/remarks2.1_LA_Slicing/svp_simple_020/_mt_svp_simple_020_001_result/_cs_svp_simple_020_001_global_para_rwr_mt_svp_simple_020_001.c line 491 function main thread 0
----------------------------------------------------
  __cs_param_main_task_arg=NULL (0000000000000000000000000000000000000000000000000000000000000000)

State 192 file /home/dell/zyworkspace/nichecker/Experiment/remarks2.1_LA_Slicing/svp_simple_020/_mt_svp_simple_020_001_result/_cs_svp_simple_020_001_global_para_rwr_mt_svp_simple_020_001.c line 252 function main_task_0 thread 0
----------------------------------------------------
  __cs_local_main_task___cs_tmp_if_cond_1=TRUE (00000001)

State 193 file /home/dell/zyworkspace/nichecker/Experiment/remarks2.1_LA_Slicing/svp_simple_020/_mt_svp_simple_020_001_result/_cs_svp_simple_020_001_global_para_rwr_mt_svp_simple_020_001.c line 254 function main_task_0 thread 0
----------------------------------------------------
  rwr_r2=11 (00000000000000000000000000001011)

Violated property:
  file /home/dell/zyworkspace/nichecker/Experiment/remarks2.1_LA_Slicing/svp_simple_020/_mt_svp_simple_020_001_result/_cs_svp_simple_020_001_global_para_rwr_mt_svp_simple_020_001.c line 256 function main_task_0
  assertion rwr_r2 == rwr_tmp1
  rwr_r2 == rwr_tmp1


** 1 of 2 failed (2 iterations)
VERIFICATION FAILED
