CBMC version 5.6 64-bit x86_64 linux
Parsing /home/dell/zyworkspace/nichecker/Experiment/remarks2.1_LA_Slicing/svp_simple_020/_mt_svp_simple_020_001_result/_cs_svp_simple_020_001_global_var_rwr_mt_svp_simple_020_001.c
<command-line>: warning: "__STDC_VERSION__" redefined
<built-in>: note: this is the location of the previous definition
Converting
Type-checking _cs_svp_simple_020_001_global_var_rwr_mt_svp_simple_020_001
file /home/dell/zyworkspace/nichecker/Experiment/remarks2.1_LA_Slicing/svp_simple_020/_mt_svp_simple_020_001_result/_cs_svp_simple_020_001_global_var_rwr_mt_svp_simple_020_001.c line 215 function main_task_0: function `nondet_rand' is not declared
file /home/dell/zyworkspace/nichecker/Experiment/remarks2.1_LA_Slicing/svp_simple_020/_mt_svp_simple_020_001_result/_cs_svp_simple_020_001_global_var_rwr_mt_svp_simple_020_001.c line 238 function main_task_0: function `assert' is not declared
Generating GOTO Program
Adding CPROVER library (x86_64)
Removal of function pointers and virtual functions
Partial Inlining
Generic Property Instrumentation
Starting Bounded Model Checking
**** WARNING: no body for function enable_isr
**** WARNING: no body for function disable_isr
size of program expression: 648 steps
simple slicing removed 42 assignments
Generated 5 VCC(s), 4 remaining after simplification
Passing problem to propositional reduction
converting SSA
Running propositional reduction
Post-processing
Solving with MiniSAT 2.2.1 with simplifier
2469 variables, 6443 clauses
SAT checker: instance is SATISFIABLE
Solving with MiniSAT 2.2.1 with simplifier
2469 variables, 2919 clauses
SAT checker inconsistent: instance is UNSATISFIABLE
Runtime decision procedure: 0.014s

** Results:
[main_task_0.assertion.1] assertion rwr_r1 == rwr_tmp1: SUCCESS
[main_task_0.assertion.2] assertion rwr_r2 == rwr_tmp1: FAILURE

Trace for main_task_0.assertion.2:

State 49 file /home/dell/zyworkspace/nichecker/Experiment/remarks2.1_LA_Slicing/svp_simple_020/_mt_svp_simple_020_001_result/_cs_svp_simple_020_001_global_var_rwr_mt_svp_simple_020_001.c line 367 function main thread 0
----------------------------------------------------
  __cs_tmp_t1_r0=2 (010)

State 51 file /home/dell/zyworkspace/nichecker/Experiment/remarks2.1_LA_Slicing/svp_simple_020/_mt_svp_simple_020_001_result/_cs_svp_simple_020_001_global_var_rwr_mt_svp_simple_020_001.c line 371 function main thread 0
----------------------------------------------------
  __cs_thread_index=1 (001)

State 52 file /home/dell/zyworkspace/nichecker/Experiment/remarks2.1_LA_Slicing/svp_simple_020/_mt_svp_simple_020_001_result/_cs_svp_simple_020_001_global_var_rwr_mt_svp_simple_020_001.c line 373 function main thread 0
----------------------------------------------------
  __cs_pc_cs[1l]=2 (010)

State 57 file /home/dell/zyworkspace/nichecker/Experiment/remarks2.1_LA_Slicing/svp_simple_020/_mt_svp_simple_020_001_result/_cs_svp_simple_020_001_global_var_rwr_mt_svp_simple_020_001.c line 379 function main thread 0
----------------------------------------------------
  __cs_param_main_task_arg=NULL (0000000000000000000000000000000000000000000000000000000000000000)

State 62 file /home/dell/zyworkspace/nichecker/Experiment/remarks2.1_LA_Slicing/svp_simple_020/_mt_svp_simple_020_001_result/_cs_svp_simple_020_001_global_var_rwr_mt_svp_simple_020_001.c line 186 function main_task_0 thread 0
----------------------------------------------------
  __cs_disable_thread[3l]=0 (0)

State 63 file /home/dell/zyworkspace/nichecker/Experiment/remarks2.1_LA_Slicing/svp_simple_020/_mt_svp_simple_020_001_result/_cs_svp_simple_020_001_global_var_rwr_mt_svp_simple_020_001.c line 189 function main_task_0 thread 0
----------------------------------------------------
  __cs_disable_thread[2l]=0 (0)

State 64 file /home/dell/zyworkspace/nichecker/Experiment/remarks2.1_LA_Slicing/svp_simple_020/_mt_svp_simple_020_001_result/_cs_svp_simple_020_001_global_var_rwr_mt_svp_simple_020_001.c line 192 function main_task_0 thread 0
----------------------------------------------------
  __cs_disable_thread[0l]=0 (0)

State 68 file /home/dell/zyworkspace/nichecker/Experiment/remarks2.1_LA_Slicing/svp_simple_020/_mt_svp_simple_020_001_result/_cs_svp_simple_020_001_global_var_rwr_mt_svp_simple_020_001.c line 202 function main_task_0 thread 0
----------------------------------------------------
  __cs_disable_thread[3l]=1 (1)

State 69 file /home/dell/zyworkspace/nichecker/Experiment/remarks2.1_LA_Slicing/svp_simple_020/_mt_svp_simple_020_001_result/_cs_svp_simple_020_001_global_var_rwr_mt_svp_simple_020_001.c line 215 function main_task_0 thread 0
----------------------------------------------------
  __cs_local_main_task_svp_simple_020_001_local_var1=0 (00000000000000000000000000000000)

State 70 file /home/dell/zyworkspace/nichecker/Experiment/remarks2.1_LA_Slicing/svp_simple_020/_mt_svp_simple_020_001_result/_cs_svp_simple_020_001_global_var_rwr_mt_svp_simple_020_001.c line 218 function main_task_0 thread 0
----------------------------------------------------
  __cs_local_main_task_svp_simple_020_001_local_var2=9 (00000000000000000000000000001001)

State 72 file /home/dell/zyworkspace/nichecker/Experiment/remarks2.1_LA_Slicing/svp_simple_020/_mt_svp_simple_020_001_result/_cs_svp_simple_020_001_global_var_rwr_mt_svp_simple_020_001.c line 225 function main_task_0 thread 0
----------------------------------------------------
  __cs_local_main_task___cs_tmp_if_cond_0=TRUE (00000001)

State 79 file /home/dell/zyworkspace/nichecker/Experiment/remarks2.1_LA_Slicing/svp_simple_020/_mt_svp_simple_020_001_result/_cs_svp_simple_020_001_global_var_rwr_mt_svp_simple_020_001.c line 288 function main_task_0 thread 0
----------------------------------------------------
  __cs_value_ptr=NULL (0000000000000000000000000000000000000000000000000000000000000000)

State 84 file /home/dell/zyworkspace/nichecker/Experiment/remarks2.1_LA_Slicing/svp_simple_020/_mt_svp_simple_020_001_result/_cs_svp_simple_020_001_global_var_rwr_mt_svp_simple_020_001.c line 381 function main thread 0
----------------------------------------------------
  __cs_pc[1l]=2 (010)

State 85 file /home/dell/zyworkspace/nichecker/Experiment/remarks2.1_LA_Slicing/svp_simple_020/_mt_svp_simple_020_001_result/_cs_svp_simple_020_001_global_var_rwr_mt_svp_simple_020_001.c line 387 function main thread 0
----------------------------------------------------
  __cs_tmp_t2_r0=2 (10)

State 87 file /home/dell/zyworkspace/nichecker/Experiment/remarks2.1_LA_Slicing/svp_simple_020/_mt_svp_simple_020_001_result/_cs_svp_simple_020_001_global_var_rwr_mt_svp_simple_020_001.c line 392 function main thread 0
----------------------------------------------------
  __cs_thread_index=2 (010)

State 88 file /home/dell/zyworkspace/nichecker/Experiment/remarks2.1_LA_Slicing/svp_simple_020/_mt_svp_simple_020_001_result/_cs_svp_simple_020_001_global_var_rwr_mt_svp_simple_020_001.c line 394 function main thread 0
----------------------------------------------------
  __cs_pc_cs[2l]=2 (010)

State 93 file /home/dell/zyworkspace/nichecker/Experiment/remarks2.1_LA_Slicing/svp_simple_020/_mt_svp_simple_020_001_result/_cs_svp_simple_020_001_global_var_rwr_mt_svp_simple_020_001.c line 400 function main thread 0
----------------------------------------------------
  __cs_param_svp_simple_020_001_isr_1_arg=NULL (0000000000000000000000000000000000000000000000000000000000000000)

State 95 file /home/dell/zyworkspace/nichecker/Experiment/remarks2.1_LA_Slicing/svp_simple_020/_mt_svp_simple_020_001_result/_cs_svp_simple_020_001_global_var_rwr_mt_svp_simple_020_001.c line 331 function svp_simple_020_001_isr_1_0 thread 0
----------------------------------------------------
  svp_simple_020_001_global_var=1 (00000000000000000000000000000001)

State 96 file /home/dell/zyworkspace/nichecker/Experiment/remarks2.1_LA_Slicing/svp_simple_020/_mt_svp_simple_020_001_result/_cs_svp_simple_020_001_global_var_rwr_mt_svp_simple_020_001.c line 333 function svp_simple_020_001_isr_1_0 thread 0
----------------------------------------------------
  rwr_tmp2_num=0 (00000000000000000000000000000000)

State 98 file /home/dell/zyworkspace/nichecker/Experiment/remarks2.1_LA_Slicing/svp_simple_020/_mt_svp_simple_020_001_result/_cs_svp_simple_020_001_global_var_rwr_mt_svp_simple_020_001.c line 338 function svp_simple_020_001_isr_1_0 thread 0
----------------------------------------------------
  svp_simple_020_001_global_flag=1 (00000000000000000000000000000001)

State 102 file /home/dell/zyworkspace/nichecker/Experiment/remarks2.1_LA_Slicing/svp_simple_020/_mt_svp_simple_020_001_result/_cs_svp_simple_020_001_global_var_rwr_mt_svp_simple_020_001.c line 342 function svp_simple_020_001_isr_1_0 thread 0
----------------------------------------------------
  __cs_disable_thread[3l]=0 (0)

State 106 file /home/dell/zyworkspace/nichecker/Experiment/remarks2.1_LA_Slicing/svp_simple_020/_mt_svp_simple_020_001_result/_cs_svp_simple_020_001_global_var_rwr_mt_svp_simple_020_001.c line 355 function svp_simple_020_001_isr_1_0 thread 0
----------------------------------------------------
  __cs_value_ptr=NULL (0000000000000000000000000000000000000000000000000000000000000000)

State 111 file /home/dell/zyworkspace/nichecker/Experiment/remarks2.1_LA_Slicing/svp_simple_020/_mt_svp_simple_020_001_result/_cs_svp_simple_020_001_global_var_rwr_mt_svp_simple_020_001.c line 402 function main thread 0
----------------------------------------------------
  __cs_pc[2l]=2 (010)

State 112 file /home/dell/zyworkspace/nichecker/Experiment/remarks2.1_LA_Slicing/svp_simple_020/_mt_svp_simple_020_001_result/_cs_svp_simple_020_001_global_var_rwr_mt_svp_simple_020_001.c line 408 function main thread 0
----------------------------------------------------
  __cs_tmp_t3_r0=0 (0)

State 114 file /home/dell/zyworkspace/nichecker/Experiment/remarks2.1_LA_Slicing/svp_simple_020/_mt_svp_simple_020_001_result/_cs_svp_simple_020_001_global_var_rwr_mt_svp_simple_020_001.c line 413 function main thread 0
----------------------------------------------------
  __cs_thread_index=3 (011)

State 115 file /home/dell/zyworkspace/nichecker/Experiment/remarks2.1_LA_Slicing/svp_simple_020/_mt_svp_simple_020_001_result/_cs_svp_simple_020_001_global_var_rwr_mt_svp_simple_020_001.c line 415 function main thread 0
----------------------------------------------------
  __cs_pc_cs[3l]=0 (000)

State 120 file /home/dell/zyworkspace/nichecker/Experiment/remarks2.1_LA_Slicing/svp_simple_020/_mt_svp_simple_020_001_result/_cs_svp_simple_020_001_global_var_rwr_mt_svp_simple_020_001.c line 421 function main thread 0
----------------------------------------------------
  __cs_param_svp_simple_020_001_isr_2_arg=NULL (0000000000000000000000000000000000000000000000000000000000000000)

State 124 file /home/dell/zyworkspace/nichecker/Experiment/remarks2.1_LA_Slicing/svp_simple_020/_mt_svp_simple_020_001_result/_cs_svp_simple_020_001_global_var_rwr_mt_svp_simple_020_001.c line 322 function svp_simple_020_001_isr_2_0 thread 0
----------------------------------------------------
  __cs_value_ptr=NULL (0000000000000000000000000000000000000000000000000000000000000000)

State 129 file /home/dell/zyworkspace/nichecker/Experiment/remarks2.1_LA_Slicing/svp_simple_020/_mt_svp_simple_020_001_result/_cs_svp_simple_020_001_global_var_rwr_mt_svp_simple_020_001.c line 423 function main thread 0
----------------------------------------------------
  __cs_pc[3l]=0 (000)

State 130 file /home/dell/zyworkspace/nichecker/Experiment/remarks2.1_LA_Slicing/svp_simple_020/_mt_svp_simple_020_001_result/_cs_svp_simple_020_001_global_var_rwr_mt_svp_simple_020_001.c line 433 function main thread 0
----------------------------------------------------
  __cs_tmp_t1_r1=3 (011)

State 136 file /home/dell/zyworkspace/nichecker/Experiment/remarks2.1_LA_Slicing/svp_simple_020/_mt_svp_simple_020_001_result/_cs_svp_simple_020_001_global_var_rwr_mt_svp_simple_020_001.c line 438 function main thread 0
----------------------------------------------------
  __cs_thread_index=1 (001)

State 137 file /home/dell/zyworkspace/nichecker/Experiment/remarks2.1_LA_Slicing/svp_simple_020/_mt_svp_simple_020_001_result/_cs_svp_simple_020_001_global_var_rwr_mt_svp_simple_020_001.c line 440 function main thread 0
----------------------------------------------------
  __cs_pc_cs[1l]=3 (011)

State 142 file /home/dell/zyworkspace/nichecker/Experiment/remarks2.1_LA_Slicing/svp_simple_020/_mt_svp_simple_020_001_result/_cs_svp_simple_020_001_global_var_rwr_mt_svp_simple_020_001.c line 446 function main thread 0
----------------------------------------------------
  __cs_param_main_task_arg=NULL (0000000000000000000000000000000000000000000000000000000000000000)

State 146 file /home/dell/zyworkspace/nichecker/Experiment/remarks2.1_LA_Slicing/svp_simple_020/_mt_svp_simple_020_001_result/_cs_svp_simple_020_001_global_var_rwr_mt_svp_simple_020_001.c line 234 function main_task_0 thread 0
----------------------------------------------------
  __cs_local_main_task_reader1=1 (00000000000000000000000000000001)

State 147 file /home/dell/zyworkspace/nichecker/Experiment/remarks2.1_LA_Slicing/svp_simple_020/_mt_svp_simple_020_001_result/_cs_svp_simple_020_001_global_var_rwr_mt_svp_simple_020_001.c line 236 function main_task_0 thread 0
----------------------------------------------------
  rwr_r1=1 (00000000000000000000000000000001)

State 149 file /home/dell/zyworkspace/nichecker/Experiment/remarks2.1_LA_Slicing/svp_simple_020/_mt_svp_simple_020_001_result/_cs_svp_simple_020_001_global_var_rwr_mt_svp_simple_020_001.c line 240 function main_task_0 thread 0
----------------------------------------------------
  rwr_tmp1_num=1 (00000000000000000000000000000001)

State 150 file /home/dell/zyworkspace/nichecker/Experiment/remarks2.1_LA_Slicing/svp_simple_020/_mt_svp_simple_020_001_result/_cs_svp_simple_020_001_global_var_rwr_mt_svp_simple_020_001.c line 241 function main_task_0 thread 0
----------------------------------------------------
  rwr_tmp1=1 (00000000000000000000000000000001)

State 156 file /home/dell/zyworkspace/nichecker/Experiment/remarks2.1_LA_Slicing/svp_simple_020/_mt_svp_simple_020_001_result/_cs_svp_simple_020_001_global_var_rwr_mt_svp_simple_020_001.c line 288 function main_task_0 thread 0
----------------------------------------------------
  __cs_value_ptr=NULL (0000000000000000000000000000000000000000000000000000000000000000)

State 161 file /home/dell/zyworkspace/nichecker/Experiment/remarks2.1_LA_Slicing/svp_simple_020/_mt_svp_simple_020_001_result/_cs_svp_simple_020_001_global_var_rwr_mt_svp_simple_020_001.c line 448 function main thread 0
----------------------------------------------------
  __cs_pc[1l]=3 (011)

State 162 file /home/dell/zyworkspace/nichecker/Experiment/remarks2.1_LA_Slicing/svp_simple_020/_mt_svp_simple_020_001_result/_cs_svp_simple_020_001_global_var_rwr_mt_svp_simple_020_001.c line 454 function main thread 0
----------------------------------------------------
  __cs_tmp_t2_r1=2 (10)

State 164 file /home/dell/zyworkspace/nichecker/Experiment/remarks2.1_LA_Slicing/svp_simple_020/_mt_svp_simple_020_001_result/_cs_svp_simple_020_001_global_var_rwr_mt_svp_simple_020_001.c line 459 function main thread 0
----------------------------------------------------
  __cs_thread_index=2 (010)

State 165 file /home/dell/zyworkspace/nichecker/Experiment/remarks2.1_LA_Slicing/svp_simple_020/_mt_svp_simple_020_001_result/_cs_svp_simple_020_001_global_var_rwr_mt_svp_simple_020_001.c line 461 function main thread 0
----------------------------------------------------
  __cs_pc_cs[2l]=2 (010)

State 170 file /home/dell/zyworkspace/nichecker/Experiment/remarks2.1_LA_Slicing/svp_simple_020/_mt_svp_simple_020_001_result/_cs_svp_simple_020_001_global_var_rwr_mt_svp_simple_020_001.c line 467 function main thread 0
----------------------------------------------------
  __cs_param_svp_simple_020_001_isr_1_arg=NULL (0000000000000000000000000000000000000000000000000000000000000000)

State 175 file /home/dell/zyworkspace/nichecker/Experiment/remarks2.1_LA_Slicing/svp_simple_020/_mt_svp_simple_020_001_result/_cs_svp_simple_020_001_global_var_rwr_mt_svp_simple_020_001.c line 355 function svp_simple_020_001_isr_1_0 thread 0
----------------------------------------------------
  __cs_value_ptr=NULL (0000000000000000000000000000000000000000000000000000000000000000)

State 180 file /home/dell/zyworkspace/nichecker/Experiment/remarks2.1_LA_Slicing/svp_simple_020/_mt_svp_simple_020_001_result/_cs_svp_simple_020_001_global_var_rwr_mt_svp_simple_020_001.c line 469 function main thread 0
----------------------------------------------------
  __cs_pc[2l]=2 (010)

State 181 file /home/dell/zyworkspace/nichecker/Experiment/remarks2.1_LA_Slicing/svp_simple_020/_mt_svp_simple_020_001_result/_cs_svp_simple_020_001_global_var_rwr_mt_svp_simple_020_001.c line 475 function main thread 0
----------------------------------------------------
  __cs_tmp_t3_r1=1 (1)

State 183 file /home/dell/zyworkspace/nichecker/Experiment/remarks2.1_LA_Slicing/svp_simple_020/_mt_svp_simple_020_001_result/_cs_svp_simple_020_001_global_var_rwr_mt_svp_simple_020_001.c line 480 function main thread 0
----------------------------------------------------
  __cs_thread_index=3 (011)

State 184 file /home/dell/zyworkspace/nichecker/Experiment/remarks2.1_LA_Slicing/svp_simple_020/_mt_svp_simple_020_001_result/_cs_svp_simple_020_001_global_var_rwr_mt_svp_simple_020_001.c line 482 function main thread 0
----------------------------------------------------
  __cs_pc_cs[3l]=1 (001)

State 189 file /home/dell/zyworkspace/nichecker/Experiment/remarks2.1_LA_Slicing/svp_simple_020/_mt_svp_simple_020_001_result/_cs_svp_simple_020_001_global_var_rwr_mt_svp_simple_020_001.c line 488 function main thread 0
----------------------------------------------------
  __cs_param_svp_simple_020_001_isr_2_arg=NULL (0000000000000000000000000000000000000000000000000000000000000000)

State 191 file /home/dell/zyworkspace/nichecker/Experiment/remarks2.1_LA_Slicing/svp_simple_020/_mt_svp_simple_020_001_result/_cs_svp_simple_020_001_global_var_rwr_mt_svp_simple_020_001.c line 300 function svp_simple_020_001_isr_2_0 thread 0
----------------------------------------------------
  __cs_local_svp_simple_020_001_isr_2___cs_tmp_if_cond_2=TRUE (00000001)

State 193 file /home/dell/zyworkspace/nichecker/Experiment/remarks2.1_LA_Slicing/svp_simple_020/_mt_svp_simple_020_001_result/_cs_svp_simple_020_001_global_var_rwr_mt_svp_simple_020_001.c line 306 function svp_simple_020_001_isr_2_0 thread 0
----------------------------------------------------
  svp_simple_020_001_global_para=11 (00000000000000000000000000001011)

State 194 file /home/dell/zyworkspace/nichecker/Experiment/remarks2.1_LA_Slicing/svp_simple_020/_mt_svp_simple_020_001_result/_cs_svp_simple_020_001_global_var_rwr_mt_svp_simple_020_001.c line 307 function svp_simple_020_001_isr_2_0 thread 0
----------------------------------------------------
  svp_simple_020_001_global_var=5 (00000000000000000000000000000101)

State 198 file /home/dell/zyworkspace/nichecker/Experiment/remarks2.1_LA_Slicing/svp_simple_020/_mt_svp_simple_020_001_result/_cs_svp_simple_020_001_global_var_rwr_mt_svp_simple_020_001.c line 322 function svp_simple_020_001_isr_2_0 thread 0
----------------------------------------------------
  __cs_value_ptr=NULL (0000000000000000000000000000000000000000000000000000000000000000)

State 203 file /home/dell/zyworkspace/nichecker/Experiment/remarks2.1_LA_Slicing/svp_simple_020/_mt_svp_simple_020_001_result/_cs_svp_simple_020_001_global_var_rwr_mt_svp_simple_020_001.c line 490 function main thread 0
----------------------------------------------------
  __cs_pc[3l]=1 (001)

State 204 file /home/dell/zyworkspace/nichecker/Experiment/remarks2.1_LA_Slicing/svp_simple_020/_mt_svp_simple_020_001_result/_cs_svp_simple_020_001_global_var_rwr_mt_svp_simple_020_001.c line 494 function main thread 0
----------------------------------------------------
  __cs_tmp_t1_r2=5u (00000000000000000000000000000101)

State 206 file /home/dell/zyworkspace/nichecker/Experiment/remarks2.1_LA_Slicing/svp_simple_020/_mt_svp_simple_020_001_result/_cs_svp_simple_020_001_global_var_rwr_mt_svp_simple_020_001.c line 499 function main thread 0
----------------------------------------------------
  __cs_thread_index=1 (001)

State 207 file /home/dell/zyworkspace/nichecker/Experiment/remarks2.1_LA_Slicing/svp_simple_020/_mt_svp_simple_020_001_result/_cs_svp_simple_020_001_global_var_rwr_mt_svp_simple_020_001.c line 501 function main thread 0
----------------------------------------------------
  __cs_pc_cs[1l]=5 (101)

State 212 file /home/dell/zyworkspace/nichecker/Experiment/remarks2.1_LA_Slicing/svp_simple_020/_mt_svp_simple_020_001_result/_cs_svp_simple_020_001_global_var_rwr_mt_svp_simple_020_001.c line 507 function main thread 0
----------------------------------------------------
  __cs_param_main_task_arg=NULL (0000000000000000000000000000000000000000000000000000000000000000)

State 217 file /home/dell/zyworkspace/nichecker/Experiment/remarks2.1_LA_Slicing/svp_simple_020/_mt_svp_simple_020_001_result/_cs_svp_simple_020_001_global_var_rwr_mt_svp_simple_020_001.c line 254 function main_task_0 thread 0
----------------------------------------------------
  __cs_local_main_task___cs_tmp_if_cond_1=TRUE (00000001)

State 220 file /home/dell/zyworkspace/nichecker/Experiment/remarks2.1_LA_Slicing/svp_simple_020/_mt_svp_simple_020_001_result/_cs_svp_simple_020_001_global_var_rwr_mt_svp_simple_020_001.c line 263 function main_task_0 thread 0
----------------------------------------------------
  __cs_local_main_task_reader2=5 (00000000000000000000000000000101)

State 221 file /home/dell/zyworkspace/nichecker/Experiment/remarks2.1_LA_Slicing/svp_simple_020/_mt_svp_simple_020_001_result/_cs_svp_simple_020_001_global_var_rwr_mt_svp_simple_020_001.c line 265 function main_task_0 thread 0
----------------------------------------------------
  rwr_r2=5 (00000000000000000000000000000101)

Violated property:
  file /home/dell/zyworkspace/nichecker/Experiment/remarks2.1_LA_Slicing/svp_simple_020/_mt_svp_simple_020_001_result/_cs_svp_simple_020_001_global_var_rwr_mt_svp_simple_020_001.c line 267 function main_task_0
  assertion rwr_r2 == rwr_tmp1
  rwr_r2 == rwr_tmp1


** 1 of 2 failed (2 iterations)
VERIFICATION FAILED
