2024-06-03 20:38:06
SVPCheck: True	LoopAbstraction: True	LabelReduction: True	Slice: False	

SVPCheck var: svp_simple_027_001_gloable_var	pattern: rww
--------------------------Run start-------------------------------
inliner
slice
LoopAbstraction
unroller
insertLabel
lazyseq
feeder  0.223
[91mUNSAFE[0m, counterexample: 3, time: 2.710 s, memory: 30.05 MB
--------------------------Run end---------------------------------
SVPCheck var: svp_simple_027_001_gloable_var	pattern: wwr
--------------------------Run start-------------------------------
inliner
slice
LoopAbstraction
unroller
insertLabel
lazyseq
feeder  0.214
[91mUNSAFE[0m, counterexample: 1, time: 2.777 s, memory: 30.03 MB
--------------------------Run end---------------------------------
cbmcTimeSum: 0.437
modulesTimeSum: 5.487
