CBMC version 5.6 64-bit x86_64 linux
Parsing /home/dell/zyworkspace/nichecker/Experiment/remarks2.1_LA_Slicing_PPR/svp_simple_009/_mt_svp_simple_009_001_result/_cs_svp_simple_009_001_m_wwr_mt_svp_simple_009_001.c
<command-line>: warning: "__STDC_VERSION__" redefined
<built-in>: note: this is the location of the previous definition
Converting
Type-checking _cs_svp_simple_009_001_m_wwr_mt_svp_simple_009_001
file /home/dell/zyworkspace/nichecker/Experiment/remarks2.1_LA_Slicing_PPR/svp_simple_009/_mt_svp_simple_009_001_result/_cs_svp_simple_009_001_m_wwr_mt_svp_simple_009_001.c line 254 function main_task_0: function `assert' is not declared
Generating GOTO Program
Adding CPROVER library (x86_64)
Removal of function pointers and virtual functions
Partial Inlining
Generic Property Instrumentation
Starting Bounded Model Checking
**** WARNING: no body for function enable_isr
size of program expression: 429 steps
simple slicing removed 23 assignments
Generated 6 VCC(s), 6 remaining after simplification
Passing problem to propositional reduction
converting SSA
warning: ignoring array
  * type: array
      * size: constant
          * type: signedbv
              * width: 64
              * #c_type: signed_long_int
          * value: 0000000000000000000000000000000000000000000000000000000000000000
      * #source_location: 
        * file: /home/dell/zyworkspace/nichecker/Experiment/remarks2.1_LA_Slicing_PPR/svp_simple_009/_mt_svp_simple_009_001_result/_cs_svp_simple_009_001_m_wwr_mt_svp_simple_009_001.c
        * line: 108
        * working_directory: /home/dell/zyworkspace/nichecker/Cseq
      0: pointer
          * #source_location: 
            * file: /home/dell/zyworkspace/nichecker/Experiment/remarks2.1_LA_Slicing_PPR/svp_simple_009/_mt_svp_simple_009_001_result/_cs_svp_simple_009_001_m_wwr_mt_svp_simple_009_001.c
            * line: 108
            * working_directory: /home/dell/zyworkspace/nichecker/Cseq
          0: signedbv
              * width: 32
              * #c_type: signed_int
  * #source_location: 
    * file: /home/dell/zyworkspace/nichecker/Experiment/remarks2.1_LA_Slicing_PPR/svp_simple_009/_mt_svp_simple_009_001_result/_cs_svp_simple_009_001_m_wwr_mt_svp_simple_009_001.c
    * line: 108
    * working_directory: /home/dell/zyworkspace/nichecker/Cseq
Running propositional reduction
Post-processing
Solving with MiniSAT 2.2.1 with simplifier
1917 variables, 3883 clauses
SAT checker: instance is SATISFIABLE
Solving with MiniSAT 2.2.1 with simplifier
1917 variables, 222 clauses
SAT checker: instance is UNSATISFIABLE
Runtime decision procedure: 0.008s

** Results:
[main_task_0.assertion.1] assertion wwr_rsvp_simple_009_001_m_1 == wwr_w_tmpsvp_simple_009_001_m_1: FAILURE
[main_task_0.assertion.2] assertion wwr_rsvp_simple_009_001_m_1 == wwr_w_tmpsvp_simple_009_001_m_1: SUCCESS

Trace for main_task_0.assertion.1:

State 45 file /home/dell/zyworkspace/nichecker/Experiment/remarks2.1_LA_Slicing_PPR/svp_simple_009/_mt_svp_simple_009_001_result/_cs_svp_simple_009_001_m_wwr_mt_svp_simple_009_001.c line 295 function main thread 0
----------------------------------------------------
  __cs_tmp_t1_r0=2 (010)

State 47 file /home/dell/zyworkspace/nichecker/Experiment/remarks2.1_LA_Slicing_PPR/svp_simple_009/_mt_svp_simple_009_001_result/_cs_svp_simple_009_001_m_wwr_mt_svp_simple_009_001.c line 299 function main thread 0
----------------------------------------------------
  __cs_thread_index=1 (01)

State 48 file /home/dell/zyworkspace/nichecker/Experiment/remarks2.1_LA_Slicing_PPR/svp_simple_009/_mt_svp_simple_009_001_result/_cs_svp_simple_009_001_m_wwr_mt_svp_simple_009_001.c line 301 function main thread 0
----------------------------------------------------
  __cs_pc_cs[1l]=2 (010)

State 53 file /home/dell/zyworkspace/nichecker/Experiment/remarks2.1_LA_Slicing_PPR/svp_simple_009/_mt_svp_simple_009_001_result/_cs_svp_simple_009_001_m_wwr_mt_svp_simple_009_001.c line 307 function main thread 0
----------------------------------------------------
  __cs_param_main_task_arg=NULL (0000000000000000000000000000000000000000000000000000000000000000)

State 58 file /home/dell/zyworkspace/nichecker/Experiment/remarks2.1_LA_Slicing_PPR/svp_simple_009/_mt_svp_simple_009_001_result/_cs_svp_simple_009_001_m_wwr_mt_svp_simple_009_001.c line 221 function main_task_0 thread 0
----------------------------------------------------
  __cs_disable_thread[2l]=0 (0)

State 59 file /home/dell/zyworkspace/nichecker/Experiment/remarks2.1_LA_Slicing_PPR/svp_simple_009/_mt_svp_simple_009_001_result/_cs_svp_simple_009_001_m_wwr_mt_svp_simple_009_001.c line 224 function main_task_0 thread 0
----------------------------------------------------
  __cs_disable_thread[0l]=0 (0)

State 61 file /home/dell/zyworkspace/nichecker/Experiment/remarks2.1_LA_Slicing_PPR/svp_simple_009/_mt_svp_simple_009_001_result/_cs_svp_simple_009_001_m_wwr_mt_svp_simple_009_001.c line 235 function main_task_0 thread 0
----------------------------------------------------
  __cs_local_main_task_svp_simple_009_001_local_var1=1 (00000000000000000000000000000001)

State 62 file /home/dell/zyworkspace/nichecker/Experiment/remarks2.1_LA_Slicing_PPR/svp_simple_009/_mt_svp_simple_009_001_result/_cs_svp_simple_009_001_m_wwr_mt_svp_simple_009_001.c line 239 function main_task_0 thread 0
----------------------------------------------------
  __cs_local_main_task_svp_simple_009_001_local_var2=9 (00000000000000000000000000001001)

State 63 file /home/dell/zyworkspace/nichecker/Experiment/remarks2.1_LA_Slicing_PPR/svp_simple_009/_mt_svp_simple_009_001_result/_cs_svp_simple_009_001_m_wwr_mt_svp_simple_009_001.c line 241 function main_task_0 thread 0
----------------------------------------------------
  svp_simple_009_001_m=&__cs_local_main_task_svp_simple_009_001_local_var2 (0000001000000000000000000000000000000000000000000000000000000000)

State 64 file /home/dell/zyworkspace/nichecker/Experiment/remarks2.1_LA_Slicing_PPR/svp_simple_009/_mt_svp_simple_009_001_result/_cs_svp_simple_009_001_m_wwr_mt_svp_simple_009_001.c line 243 function main_task_0 thread 0
----------------------------------------------------
  wwr_w_tmpsvp_simple_009_001_m_1_num=1 (00000000000000000000000000000001)

State 65 file /home/dell/zyworkspace/nichecker/Experiment/remarks2.1_LA_Slicing_PPR/svp_simple_009/_mt_svp_simple_009_001_result/_cs_svp_simple_009_001_m_wwr_mt_svp_simple_009_001.c line 244 function main_task_0 thread 0
----------------------------------------------------
  wwr_w_tmpsvp_simple_009_001_m_1=&__cs_local_main_task_svp_simple_009_001_local_var2 (0000001000000000000000000000000000000000000000000000000000000000)

State 71 file /home/dell/zyworkspace/nichecker/Experiment/remarks2.1_LA_Slicing_PPR/svp_simple_009/_mt_svp_simple_009_001_result/_cs_svp_simple_009_001_m_wwr_mt_svp_simple_009_001.c line 283 function main_task_0 thread 0
----------------------------------------------------
  __cs_value_ptr=NULL (0000000000000000000000000000000000000000000000000000000000000000)

State 76 file /home/dell/zyworkspace/nichecker/Experiment/remarks2.1_LA_Slicing_PPR/svp_simple_009/_mt_svp_simple_009_001_result/_cs_svp_simple_009_001_m_wwr_mt_svp_simple_009_001.c line 309 function main thread 0
----------------------------------------------------
  __cs_pc[1l]=2 (010)

State 77 file /home/dell/zyworkspace/nichecker/Experiment/remarks2.1_LA_Slicing_PPR/svp_simple_009/_mt_svp_simple_009_001_result/_cs_svp_simple_009_001_m_wwr_mt_svp_simple_009_001.c line 315 function main thread 0
----------------------------------------------------
  __cs_tmp_t2_r0=1 (1)

State 79 file /home/dell/zyworkspace/nichecker/Experiment/remarks2.1_LA_Slicing_PPR/svp_simple_009/_mt_svp_simple_009_001_result/_cs_svp_simple_009_001_m_wwr_mt_svp_simple_009_001.c line 320 function main thread 0
----------------------------------------------------
  __cs_thread_index=2 (10)

State 80 file /home/dell/zyworkspace/nichecker/Experiment/remarks2.1_LA_Slicing_PPR/svp_simple_009/_mt_svp_simple_009_001_result/_cs_svp_simple_009_001_m_wwr_mt_svp_simple_009_001.c line 322 function main thread 0
----------------------------------------------------
  __cs_pc_cs[2l]=1 (001)

State 85 file /home/dell/zyworkspace/nichecker/Experiment/remarks2.1_LA_Slicing_PPR/svp_simple_009/_mt_svp_simple_009_001_result/_cs_svp_simple_009_001_m_wwr_mt_svp_simple_009_001.c line 328 function main thread 0
----------------------------------------------------
  __cs_param_svp_simple_009_001_isr_1_arg=NULL (0000000000000000000000000000000000000000000000000000000000000000)

State 87 file /home/dell/zyworkspace/nichecker/Experiment/remarks2.1_LA_Slicing_PPR/svp_simple_009/_mt_svp_simple_009_001_result/_cs_svp_simple_009_001_m_wwr_mt_svp_simple_009_001.c line 182 function svp_simple_009_001_isr_1_0 thread 0
----------------------------------------------------
  __cs_local_svp_simple_009_001_isr_1_reader1=0 (00000000000000000000000000000000)

State 88 file /home/dell/zyworkspace/nichecker/Experiment/remarks2.1_LA_Slicing_PPR/svp_simple_009/_mt_svp_simple_009_001_result/_cs_svp_simple_009_001_m_wwr_mt_svp_simple_009_001.c line 189 function svp_simple_009_001_isr_1_0 thread 0
----------------------------------------------------
  __cs_local_svp_simple_009_001_isr_1_i=0 (00000000000000000000000000000000)

State 89 file /home/dell/zyworkspace/nichecker/Experiment/remarks2.1_LA_Slicing_PPR/svp_simple_009/_mt_svp_simple_009_001_result/_cs_svp_simple_009_001_m_wwr_mt_svp_simple_009_001.c line 195 function svp_simple_009_001_isr_1_0 thread 0
----------------------------------------------------
  __cs_local_svp_simple_009_001_isr_1_svp_simple_009_001_local_var3=8 (00000000000000000000000000001000)

State 90 file /home/dell/zyworkspace/nichecker/Experiment/remarks2.1_LA_Slicing_PPR/svp_simple_009/_mt_svp_simple_009_001_result/_cs_svp_simple_009_001_m_wwr_mt_svp_simple_009_001.c line 196 function svp_simple_009_001_isr_1_0 thread 0
----------------------------------------------------
  svp_simple_009_001_m=&__cs_local_svp_simple_009_001_isr_1_svp_simple_009_001_local_var3 (0000001100000000000000000000000000000000000000000000000000000000)

State 91 file /home/dell/zyworkspace/nichecker/Experiment/remarks2.1_LA_Slicing_PPR/svp_simple_009/_mt_svp_simple_009_001_result/_cs_svp_simple_009_001_m_wwr_mt_svp_simple_009_001.c line 198 function svp_simple_009_001_isr_1_0 thread 0
----------------------------------------------------
  __cs_local_svp_simple_009_001_isr_1_reader2=8 (00000000000000000000000000001000)

State 95 file /home/dell/zyworkspace/nichecker/Experiment/remarks2.1_LA_Slicing_PPR/svp_simple_009/_mt_svp_simple_009_001_result/_cs_svp_simple_009_001_m_wwr_mt_svp_simple_009_001.c line 209 function svp_simple_009_001_isr_1_0 thread 0
----------------------------------------------------
  __cs_value_ptr=NULL (0000000000000000000000000000000000000000000000000000000000000000)

State 100 file /home/dell/zyworkspace/nichecker/Experiment/remarks2.1_LA_Slicing_PPR/svp_simple_009/_mt_svp_simple_009_001_result/_cs_svp_simple_009_001_m_wwr_mt_svp_simple_009_001.c line 330 function main thread 0
----------------------------------------------------
  __cs_pc[2l]=1 (001)

State 101 file /home/dell/zyworkspace/nichecker/Experiment/remarks2.1_LA_Slicing_PPR/svp_simple_009/_mt_svp_simple_009_001_result/_cs_svp_simple_009_001_m_wwr_mt_svp_simple_009_001.c line 340 function main thread 0
----------------------------------------------------
  __cs_tmp_t1_r1=4 (100)

State 103 file /home/dell/zyworkspace/nichecker/Experiment/remarks2.1_LA_Slicing_PPR/svp_simple_009/_mt_svp_simple_009_001_result/_cs_svp_simple_009_001_m_wwr_mt_svp_simple_009_001.c line 345 function main thread 0
----------------------------------------------------
  __cs_thread_index=1 (01)

State 104 file /home/dell/zyworkspace/nichecker/Experiment/remarks2.1_LA_Slicing_PPR/svp_simple_009/_mt_svp_simple_009_001_result/_cs_svp_simple_009_001_m_wwr_mt_svp_simple_009_001.c line 347 function main thread 0
----------------------------------------------------
  __cs_pc_cs[1l]=4 (100)

State 109 file /home/dell/zyworkspace/nichecker/Experiment/remarks2.1_LA_Slicing_PPR/svp_simple_009/_mt_svp_simple_009_001_result/_cs_svp_simple_009_001_m_wwr_mt_svp_simple_009_001.c line 353 function main thread 0
----------------------------------------------------
  __cs_param_main_task_arg=NULL (0000000000000000000000000000000000000000000000000000000000000000)

State 113 file /home/dell/zyworkspace/nichecker/Experiment/remarks2.1_LA_Slicing_PPR/svp_simple_009/_mt_svp_simple_009_001_result/_cs_svp_simple_009_001_m_wwr_mt_svp_simple_009_001.c line 250 function main_task_0 thread 0
----------------------------------------------------
  __cs_local_svp_simple_009_001_isr_1_svp_simple_009_001_local_var3=6 (00000000000000000000000000000110)

State 114 file /home/dell/zyworkspace/nichecker/Experiment/remarks2.1_LA_Slicing_PPR/svp_simple_009/_mt_svp_simple_009_001_result/_cs_svp_simple_009_001_m_wwr_mt_svp_simple_009_001.c line 252 function main_task_0 thread 0
----------------------------------------------------
  wwr_rsvp_simple_009_001_m_1=&__cs_local_svp_simple_009_001_isr_1_svp_simple_009_001_local_var3 (0000001100000000000000000000000000000000000000000000000000000000)

Violated property:
  file /home/dell/zyworkspace/nichecker/Experiment/remarks2.1_LA_Slicing_PPR/svp_simple_009/_mt_svp_simple_009_001_result/_cs_svp_simple_009_001_m_wwr_mt_svp_simple_009_001.c line 254 function main_task_0
  assertion wwr_rsvp_simple_009_001_m_1 == wwr_w_tmpsvp_simple_009_001_m_1
  wwr_rsvp_simple_009_001_m_1 == wwr_w_tmpsvp_simple_009_001_m_1


** 1 of 2 failed (2 iterations)
VERIFICATION FAILED
