CBMC version 5.6 64-bit x86_64 linux
Parsing /home/dell/zyworkspace/nichecker/Experiment/remarks2.1_LA_Slicing_PPR/svp_simple_009/_mt_svp_simple_009_001_result/_cs_svp_simple_009_001_m_rwr_mt_svp_simple_009_001.c
<command-line>: warning: "__STDC_VERSION__" redefined
<built-in>: note: this is the location of the previous definition
Converting
Type-checking _cs_svp_simple_009_001_m_rwr_mt_svp_simple_009_001
file /home/dell/zyworkspace/nichecker/Experiment/remarks2.1_LA_Slicing_PPR/svp_simple_009/_mt_svp_simple_009_001_result/_cs_svp_simple_009_001_m_rwr_mt_svp_simple_009_001.c line 251 function main_task_0: function `assert' is not declared
Generating GOTO Program
Adding CPROVER library (x86_64)
Removal of function pointers and virtual functions
Partial Inlining
Generic Property Instrumentation
Starting Bounded Model Checking
**** WARNING: no body for function enable_isr
size of program expression: 423 steps
simple slicing removed 25 assignments
Generated 5 VCC(s), 5 remaining after simplification
Passing problem to propositional reduction
converting SSA
warning: ignoring array
  * type: array
      * size: constant
          * type: signedbv
              * width: 64
              * #c_type: signed_long_int
          * value: 0000000000000000000000000000000000000000000000000000000000000000
      * #source_location: 
        * file: /home/dell/zyworkspace/nichecker/Experiment/remarks2.1_LA_Slicing_PPR/svp_simple_009/_mt_svp_simple_009_001_result/_cs_svp_simple_009_001_m_rwr_mt_svp_simple_009_001.c
        * line: 108
        * working_directory: /home/dell/zyworkspace/nichecker/Cseq
      0: pointer
          * #source_location: 
            * file: /home/dell/zyworkspace/nichecker/Experiment/remarks2.1_LA_Slicing_PPR/svp_simple_009/_mt_svp_simple_009_001_result/_cs_svp_simple_009_001_m_rwr_mt_svp_simple_009_001.c
            * line: 108
            * working_directory: /home/dell/zyworkspace/nichecker/Cseq
          0: signedbv
              * width: 32
              * #c_type: signed_int
  * #source_location: 
    * file: /home/dell/zyworkspace/nichecker/Experiment/remarks2.1_LA_Slicing_PPR/svp_simple_009/_mt_svp_simple_009_001_result/_cs_svp_simple_009_001_m_rwr_mt_svp_simple_009_001.c
    * line: 108
    * working_directory: /home/dell/zyworkspace/nichecker/Cseq
Running propositional reduction
Post-processing
Solving with MiniSAT 2.2.1 with simplifier
2543 variables, 5213 clauses
SAT checker: instance is SATISFIABLE
Solving with MiniSAT 2.2.1 with simplifier
2543 variables, 261 clauses
SAT checker: instance is UNSATISFIABLE
Runtime decision procedure: 0.009s

** Results:
[main_task_0.assertion.1] assertion rwr_rsvp_simple_009_001_m_1 == rwr_tmpsvp_simple_009_001_m_1: SUCCESS
[main_task_0.assertion.2] assertion rwr_rsvp_simple_009_001_m_2 == rwr_tmpsvp_simple_009_001_m_1: FAILURE

Trace for main_task_0.assertion.2:

State 46 file /home/dell/zyworkspace/nichecker/Experiment/remarks2.1_LA_Slicing_PPR/svp_simple_009/_mt_svp_simple_009_001_result/_cs_svp_simple_009_001_m_rwr_mt_svp_simple_009_001.c line 294 function main thread 0
----------------------------------------------------
  __cs_tmp_t1_r0=2 (010)

State 48 file /home/dell/zyworkspace/nichecker/Experiment/remarks2.1_LA_Slicing_PPR/svp_simple_009/_mt_svp_simple_009_001_result/_cs_svp_simple_009_001_m_rwr_mt_svp_simple_009_001.c line 298 function main thread 0
----------------------------------------------------
  __cs_thread_index=1 (01)

State 49 file /home/dell/zyworkspace/nichecker/Experiment/remarks2.1_LA_Slicing_PPR/svp_simple_009/_mt_svp_simple_009_001_result/_cs_svp_simple_009_001_m_rwr_mt_svp_simple_009_001.c line 300 function main thread 0
----------------------------------------------------
  __cs_pc_cs[1l]=2 (010)

State 54 file /home/dell/zyworkspace/nichecker/Experiment/remarks2.1_LA_Slicing_PPR/svp_simple_009/_mt_svp_simple_009_001_result/_cs_svp_simple_009_001_m_rwr_mt_svp_simple_009_001.c line 306 function main thread 0
----------------------------------------------------
  __cs_param_main_task_arg=NULL (0000000000000000000000000000000000000000000000000000000000000000)

State 59 file /home/dell/zyworkspace/nichecker/Experiment/remarks2.1_LA_Slicing_PPR/svp_simple_009/_mt_svp_simple_009_001_result/_cs_svp_simple_009_001_m_rwr_mt_svp_simple_009_001.c line 222 function main_task_0 thread 0
----------------------------------------------------
  __cs_disable_thread[2l]=0 (0)

State 60 file /home/dell/zyworkspace/nichecker/Experiment/remarks2.1_LA_Slicing_PPR/svp_simple_009/_mt_svp_simple_009_001_result/_cs_svp_simple_009_001_m_rwr_mt_svp_simple_009_001.c line 225 function main_task_0 thread 0
----------------------------------------------------
  __cs_disable_thread[0l]=0 (0)

State 62 file /home/dell/zyworkspace/nichecker/Experiment/remarks2.1_LA_Slicing_PPR/svp_simple_009/_mt_svp_simple_009_001_result/_cs_svp_simple_009_001_m_rwr_mt_svp_simple_009_001.c line 236 function main_task_0 thread 0
----------------------------------------------------
  __cs_local_main_task_svp_simple_009_001_local_var1=1 (00000000000000000000000000000001)

State 63 file /home/dell/zyworkspace/nichecker/Experiment/remarks2.1_LA_Slicing_PPR/svp_simple_009/_mt_svp_simple_009_001_result/_cs_svp_simple_009_001_m_rwr_mt_svp_simple_009_001.c line 240 function main_task_0 thread 0
----------------------------------------------------
  __cs_local_main_task_svp_simple_009_001_local_var2=9 (00000000000000000000000000001001)

State 64 file /home/dell/zyworkspace/nichecker/Experiment/remarks2.1_LA_Slicing_PPR/svp_simple_009/_mt_svp_simple_009_001_result/_cs_svp_simple_009_001_m_rwr_mt_svp_simple_009_001.c line 242 function main_task_0 thread 0
----------------------------------------------------
  svp_simple_009_001_m=&__cs_local_main_task_svp_simple_009_001_local_var2 (0000001000000000000000000000000000000000000000000000000000000000)

State 70 file /home/dell/zyworkspace/nichecker/Experiment/remarks2.1_LA_Slicing_PPR/svp_simple_009/_mt_svp_simple_009_001_result/_cs_svp_simple_009_001_m_rwr_mt_svp_simple_009_001.c line 282 function main_task_0 thread 0
----------------------------------------------------
  __cs_value_ptr=NULL (0000000000000000000000000000000000000000000000000000000000000000)

State 75 file /home/dell/zyworkspace/nichecker/Experiment/remarks2.1_LA_Slicing_PPR/svp_simple_009/_mt_svp_simple_009_001_result/_cs_svp_simple_009_001_m_rwr_mt_svp_simple_009_001.c line 308 function main thread 0
----------------------------------------------------
  __cs_pc[1l]=2 (010)

State 76 file /home/dell/zyworkspace/nichecker/Experiment/remarks2.1_LA_Slicing_PPR/svp_simple_009/_mt_svp_simple_009_001_result/_cs_svp_simple_009_001_m_rwr_mt_svp_simple_009_001.c line 314 function main thread 0
----------------------------------------------------
  __cs_tmp_t2_r0=0 (0)

State 78 file /home/dell/zyworkspace/nichecker/Experiment/remarks2.1_LA_Slicing_PPR/svp_simple_009/_mt_svp_simple_009_001_result/_cs_svp_simple_009_001_m_rwr_mt_svp_simple_009_001.c line 319 function main thread 0
----------------------------------------------------
  __cs_thread_index=2 (10)

State 79 file /home/dell/zyworkspace/nichecker/Experiment/remarks2.1_LA_Slicing_PPR/svp_simple_009/_mt_svp_simple_009_001_result/_cs_svp_simple_009_001_m_rwr_mt_svp_simple_009_001.c line 321 function main thread 0
----------------------------------------------------
  __cs_pc_cs[2l]=0 (000)

State 84 file /home/dell/zyworkspace/nichecker/Experiment/remarks2.1_LA_Slicing_PPR/svp_simple_009/_mt_svp_simple_009_001_result/_cs_svp_simple_009_001_m_rwr_mt_svp_simple_009_001.c line 327 function main thread 0
----------------------------------------------------
  __cs_param_svp_simple_009_001_isr_1_arg=NULL (0000000000000000000000000000000000000000000000000000000000000000)

State 88 file /home/dell/zyworkspace/nichecker/Experiment/remarks2.1_LA_Slicing_PPR/svp_simple_009/_mt_svp_simple_009_001_result/_cs_svp_simple_009_001_m_rwr_mt_svp_simple_009_001.c line 210 function svp_simple_009_001_isr_1_0 thread 0
----------------------------------------------------
  __cs_value_ptr=NULL (0000000000000000000000000000000000000000000000000000000000000000)

State 93 file /home/dell/zyworkspace/nichecker/Experiment/remarks2.1_LA_Slicing_PPR/svp_simple_009/_mt_svp_simple_009_001_result/_cs_svp_simple_009_001_m_rwr_mt_svp_simple_009_001.c line 329 function main thread 0
----------------------------------------------------
  __cs_pc[2l]=0 (000)

State 94 file /home/dell/zyworkspace/nichecker/Experiment/remarks2.1_LA_Slicing_PPR/svp_simple_009/_mt_svp_simple_009_001_result/_cs_svp_simple_009_001_m_rwr_mt_svp_simple_009_001.c line 339 function main thread 0
----------------------------------------------------
  __cs_tmp_t1_r1=3 (011)

State 96 file /home/dell/zyworkspace/nichecker/Experiment/remarks2.1_LA_Slicing_PPR/svp_simple_009/_mt_svp_simple_009_001_result/_cs_svp_simple_009_001_m_rwr_mt_svp_simple_009_001.c line 344 function main thread 0
----------------------------------------------------
  __cs_thread_index=1 (01)

State 97 file /home/dell/zyworkspace/nichecker/Experiment/remarks2.1_LA_Slicing_PPR/svp_simple_009/_mt_svp_simple_009_001_result/_cs_svp_simple_009_001_m_rwr_mt_svp_simple_009_001.c line 346 function main thread 0
----------------------------------------------------
  __cs_pc_cs[1l]=3 (011)

State 102 file /home/dell/zyworkspace/nichecker/Experiment/remarks2.1_LA_Slicing_PPR/svp_simple_009/_mt_svp_simple_009_001_result/_cs_svp_simple_009_001_m_rwr_mt_svp_simple_009_001.c line 352 function main thread 0
----------------------------------------------------
  __cs_param_main_task_arg=NULL (0000000000000000000000000000000000000000000000000000000000000000)

State 106 file /home/dell/zyworkspace/nichecker/Experiment/remarks2.1_LA_Slicing_PPR/svp_simple_009/_mt_svp_simple_009_001_result/_cs_svp_simple_009_001_m_rwr_mt_svp_simple_009_001.c line 247 function main_task_0 thread 0
----------------------------------------------------
  __cs_local_main_task_svp_simple_009_001_local_var2=6 (00000000000000000000000000000110)

State 107 file /home/dell/zyworkspace/nichecker/Experiment/remarks2.1_LA_Slicing_PPR/svp_simple_009/_mt_svp_simple_009_001_result/_cs_svp_simple_009_001_m_rwr_mt_svp_simple_009_001.c line 249 function main_task_0 thread 0
----------------------------------------------------
  rwr_rsvp_simple_009_001_m_1=&__cs_local_main_task_svp_simple_009_001_local_var2 (0000001000000000000000000000000000000000000000000000000000000000)

State 109 file /home/dell/zyworkspace/nichecker/Experiment/remarks2.1_LA_Slicing_PPR/svp_simple_009/_mt_svp_simple_009_001_result/_cs_svp_simple_009_001_m_rwr_mt_svp_simple_009_001.c line 253 function main_task_0 thread 0
----------------------------------------------------
  rwr_tmpsvp_simple_009_001_m_1_num=1 (00000000000000000000000000000001)

State 110 file /home/dell/zyworkspace/nichecker/Experiment/remarks2.1_LA_Slicing_PPR/svp_simple_009/_mt_svp_simple_009_001_result/_cs_svp_simple_009_001_m_rwr_mt_svp_simple_009_001.c line 254 function main_task_0 thread 0
----------------------------------------------------
  rwr_tmpsvp_simple_009_001_m_1=&__cs_local_main_task_svp_simple_009_001_local_var2 (0000001000000000000000000000000000000000000000000000000000000000)

State 115 file /home/dell/zyworkspace/nichecker/Experiment/remarks2.1_LA_Slicing_PPR/svp_simple_009/_mt_svp_simple_009_001_result/_cs_svp_simple_009_001_m_rwr_mt_svp_simple_009_001.c line 282 function main_task_0 thread 0
----------------------------------------------------
  __cs_value_ptr=NULL (0000000000000000000000000000000000000000000000000000000000000000)

State 120 file /home/dell/zyworkspace/nichecker/Experiment/remarks2.1_LA_Slicing_PPR/svp_simple_009/_mt_svp_simple_009_001_result/_cs_svp_simple_009_001_m_rwr_mt_svp_simple_009_001.c line 354 function main thread 0
----------------------------------------------------
  __cs_pc[1l]=3 (011)

State 121 file /home/dell/zyworkspace/nichecker/Experiment/remarks2.1_LA_Slicing_PPR/svp_simple_009/_mt_svp_simple_009_001_result/_cs_svp_simple_009_001_m_rwr_mt_svp_simple_009_001.c line 360 function main thread 0
----------------------------------------------------
  __cs_tmp_t2_r1=1 (1)

State 123 file /home/dell/zyworkspace/nichecker/Experiment/remarks2.1_LA_Slicing_PPR/svp_simple_009/_mt_svp_simple_009_001_result/_cs_svp_simple_009_001_m_rwr_mt_svp_simple_009_001.c line 365 function main thread 0
----------------------------------------------------
  __cs_thread_index=2 (10)

State 124 file /home/dell/zyworkspace/nichecker/Experiment/remarks2.1_LA_Slicing_PPR/svp_simple_009/_mt_svp_simple_009_001_result/_cs_svp_simple_009_001_m_rwr_mt_svp_simple_009_001.c line 367 function main thread 0
----------------------------------------------------
  __cs_pc_cs[2l]=1 (001)

State 129 file /home/dell/zyworkspace/nichecker/Experiment/remarks2.1_LA_Slicing_PPR/svp_simple_009/_mt_svp_simple_009_001_result/_cs_svp_simple_009_001_m_rwr_mt_svp_simple_009_001.c line 373 function main thread 0
----------------------------------------------------
  __cs_param_svp_simple_009_001_isr_1_arg=NULL (0000000000000000000000000000000000000000000000000000000000000000)

State 131 file /home/dell/zyworkspace/nichecker/Experiment/remarks2.1_LA_Slicing_PPR/svp_simple_009/_mt_svp_simple_009_001_result/_cs_svp_simple_009_001_m_rwr_mt_svp_simple_009_001.c line 183 function svp_simple_009_001_isr_1_0 thread 0
----------------------------------------------------
  __cs_local_svp_simple_009_001_isr_1_reader1=0 (00000000000000000000000000000000)

State 132 file /home/dell/zyworkspace/nichecker/Experiment/remarks2.1_LA_Slicing_PPR/svp_simple_009/_mt_svp_simple_009_001_result/_cs_svp_simple_009_001_m_rwr_mt_svp_simple_009_001.c line 190 function svp_simple_009_001_isr_1_0 thread 0
----------------------------------------------------
  __cs_local_svp_simple_009_001_isr_1_i=0 (00000000000000000000000000000000)

State 133 file /home/dell/zyworkspace/nichecker/Experiment/remarks2.1_LA_Slicing_PPR/svp_simple_009/_mt_svp_simple_009_001_result/_cs_svp_simple_009_001_m_rwr_mt_svp_simple_009_001.c line 196 function svp_simple_009_001_isr_1_0 thread 0
----------------------------------------------------
  __cs_local_svp_simple_009_001_isr_1_svp_simple_009_001_local_var3=8 (00000000000000000000000000001000)

State 134 file /home/dell/zyworkspace/nichecker/Experiment/remarks2.1_LA_Slicing_PPR/svp_simple_009/_mt_svp_simple_009_001_result/_cs_svp_simple_009_001_m_rwr_mt_svp_simple_009_001.c line 197 function svp_simple_009_001_isr_1_0 thread 0
----------------------------------------------------
  svp_simple_009_001_m=&__cs_local_svp_simple_009_001_isr_1_svp_simple_009_001_local_var3 (0000001100000000000000000000000000000000000000000000000000000000)

State 135 file /home/dell/zyworkspace/nichecker/Experiment/remarks2.1_LA_Slicing_PPR/svp_simple_009/_mt_svp_simple_009_001_result/_cs_svp_simple_009_001_m_rwr_mt_svp_simple_009_001.c line 199 function svp_simple_009_001_isr_1_0 thread 0
----------------------------------------------------
  __cs_local_svp_simple_009_001_isr_1_reader2=8 (00000000000000000000000000001000)

State 139 file /home/dell/zyworkspace/nichecker/Experiment/remarks2.1_LA_Slicing_PPR/svp_simple_009/_mt_svp_simple_009_001_result/_cs_svp_simple_009_001_m_rwr_mt_svp_simple_009_001.c line 210 function svp_simple_009_001_isr_1_0 thread 0
----------------------------------------------------
  __cs_value_ptr=NULL (0000000000000000000000000000000000000000000000000000000000000000)

State 144 file /home/dell/zyworkspace/nichecker/Experiment/remarks2.1_LA_Slicing_PPR/svp_simple_009/_mt_svp_simple_009_001_result/_cs_svp_simple_009_001_m_rwr_mt_svp_simple_009_001.c line 375 function main thread 0
----------------------------------------------------
  __cs_pc[2l]=1 (001)

State 145 file /home/dell/zyworkspace/nichecker/Experiment/remarks2.1_LA_Slicing_PPR/svp_simple_009/_mt_svp_simple_009_001_result/_cs_svp_simple_009_001_m_rwr_mt_svp_simple_009_001.c line 379 function main thread 0
----------------------------------------------------
  __cs_tmp_t1_r2=4u (00000000000000000000000000000100)

State 147 file /home/dell/zyworkspace/nichecker/Experiment/remarks2.1_LA_Slicing_PPR/svp_simple_009/_mt_svp_simple_009_001_result/_cs_svp_simple_009_001_m_rwr_mt_svp_simple_009_001.c line 384 function main thread 0
----------------------------------------------------
  __cs_thread_index=1 (01)

State 148 file /home/dell/zyworkspace/nichecker/Experiment/remarks2.1_LA_Slicing_PPR/svp_simple_009/_mt_svp_simple_009_001_result/_cs_svp_simple_009_001_m_rwr_mt_svp_simple_009_001.c line 386 function main thread 0
----------------------------------------------------
  __cs_pc_cs[1l]=4 (100)

State 153 file /home/dell/zyworkspace/nichecker/Experiment/remarks2.1_LA_Slicing_PPR/svp_simple_009/_mt_svp_simple_009_001_result/_cs_svp_simple_009_001_m_rwr_mt_svp_simple_009_001.c line 392 function main thread 0
----------------------------------------------------
  __cs_param_main_task_arg=NULL (0000000000000000000000000000000000000000000000000000000000000000)

State 158 file /home/dell/zyworkspace/nichecker/Experiment/remarks2.1_LA_Slicing_PPR/svp_simple_009/_mt_svp_simple_009_001_result/_cs_svp_simple_009_001_m_rwr_mt_svp_simple_009_001.c line 260 function main_task_0 thread 0
----------------------------------------------------
  __cs_local_svp_simple_009_001_isr_1_svp_simple_009_001_local_var3=6 (00000000000000000000000000000110)

State 159 file /home/dell/zyworkspace/nichecker/Experiment/remarks2.1_LA_Slicing_PPR/svp_simple_009/_mt_svp_simple_009_001_result/_cs_svp_simple_009_001_m_rwr_mt_svp_simple_009_001.c line 262 function main_task_0 thread 0
----------------------------------------------------
  rwr_rsvp_simple_009_001_m_2=&__cs_local_svp_simple_009_001_isr_1_svp_simple_009_001_local_var3 (0000001100000000000000000000000000000000000000000000000000000000)

Violated property:
  file /home/dell/zyworkspace/nichecker/Experiment/remarks2.1_LA_Slicing_PPR/svp_simple_009/_mt_svp_simple_009_001_result/_cs_svp_simple_009_001_m_rwr_mt_svp_simple_009_001.c line 264 function main_task_0
  assertion rwr_rsvp_simple_009_001_m_2 == rwr_tmpsvp_simple_009_001_m_1
  rwr_rsvp_simple_009_001_m_2 == rwr_tmpsvp_simple_009_001_m_1


** 1 of 2 failed (2 iterations)
VERIFICATION FAILED
