2024-06-03 21:08:54
SVPCheck: True	LoopAbstraction: True	LabelReduction: True	Slice: True	

SVPCheck var: svp_simple_009_001_p	pattern: wrw
--------------------------Run start-------------------------------
inliner
slice
LoopAbstraction
unroller
insertLabel
lazyseq
feeder  0.182
[92mSAFE[0m, counterexample: 1, time: 3.299 s, memory: 28.91 MB
--------------------------Run end---------------------------------
SVPCheck var: svp_simple_009_001_m	pattern: rwr
--------------------------Run start-------------------------------
inliner
slice
LoopAbstraction
unroller
insertLabel
lazyseq
feeder  0.187
[91mUNSAFE[0m, counterexample: 1, time: 3.185 s, memory: 29.34 MB
--------------------------Run end---------------------------------
SVPCheck var: svp_simple_009_001_m	pattern: wwr
--------------------------Run start-------------------------------
inliner
slice
LoopAbstraction
unroller
insertLabel
lazyseq
feeder  0.197
[91mUNSAFE[0m, counterexample: 1, time: 3.418 s, memory: 29.14 MB
--------------------------Run end---------------------------------
cbmcTimeSum: 0.566
modulesTimeSum: 9.902
