CBMC version 5.6 64-bit x86_64 linux
Parsing /home/dell/zyworkspace/nichecker/Experiment/remarks2.1_LA_PPR/svp_simple_018/_mt_svp_simple_018_001_result/_cs_svp_simple_018_001_para2_rwr_mt_svp_simple_018_001.c
<command-line>: warning: "__STDC_VERSION__" redefined
<built-in>: note: this is the location of the previous definition
Converting
Type-checking _cs_svp_simple_018_001_para2_rwr_mt_svp_simple_018_001
file /home/dell/zyworkspace/nichecker/Experiment/remarks2.1_LA_PPR/svp_simple_018/_mt_svp_simple_018_001_result/_cs_svp_simple_018_001_para2_rwr_mt_svp_simple_018_001.c line 419 function main_task_0: function `enable_isr' is not declared
file /home/dell/zyworkspace/nichecker/Experiment/remarks2.1_LA_PPR/svp_simple_018/_mt_svp_simple_018_001_result/_cs_svp_simple_018_001_para2_rwr_mt_svp_simple_018_001.c line 456 function main_task_0: function `assert' is not declared
Generating GOTO Program
Adding CPROVER library (x86_64)
Removal of function pointers and virtual functions
Partial Inlining
Generic Property Instrumentation
Starting Bounded Model Checking
**** WARNING: no body for function enable_isr
size of program expression: 696 steps
simple slicing removed 32 assignments
Generated 8 VCC(s), 6 remaining after simplification
Passing problem to propositional reduction
converting SSA
Running propositional reduction
Post-processing
Solving with MiniSAT 2.2.1 with simplifier
7560 variables, 26008 clauses
SAT checker: instance is SATISFIABLE
Solving with MiniSAT 2.2.1 with simplifier
7560 variables, 2550 clauses
SAT checker: instance is SATISFIABLE
Solving with MiniSAT 2.2.1 with simplifier
7560 variables, 2549 clauses
SAT checker: instance is UNSATISFIABLE
Runtime decision procedure: 0.055s

** Results:
[main_task_0.assertion.1] assertion IEEE_FLOAT_EQUAL(rwr_r1, rwr_tmp1): SUCCESS
[main_task_0.assertion.2] assertion IEEE_FLOAT_EQUAL(rwr_r2, rwr_tmp1): FAILURE
[main_task_0.assertion.3] assertion IEEE_FLOAT_EQUAL(rwr_r3, rwr_tmp1): FAILURE

Trace for main_task_0.assertion.2:

State 60 file /home/dell/zyworkspace/nichecker/Experiment/remarks2.1_LA_PPR/svp_simple_018/_mt_svp_simple_018_001_result/_cs_svp_simple_018_001_para2_rwr_mt_svp_simple_018_001.c line 544 function main thread 0
----------------------------------------------------
  __cs_tmp_t1_r0=2 (010)

State 62 file /home/dell/zyworkspace/nichecker/Experiment/remarks2.1_LA_PPR/svp_simple_018/_mt_svp_simple_018_001_result/_cs_svp_simple_018_001_para2_rwr_mt_svp_simple_018_001.c line 548 function main thread 0
----------------------------------------------------
  __cs_thread_index=1 (001)

State 63 file /home/dell/zyworkspace/nichecker/Experiment/remarks2.1_LA_PPR/svp_simple_018/_mt_svp_simple_018_001_result/_cs_svp_simple_018_001_para2_rwr_mt_svp_simple_018_001.c line 550 function main thread 0
----------------------------------------------------
  __cs_pc_cs[1l]=2 (010)

State 68 file /home/dell/zyworkspace/nichecker/Experiment/remarks2.1_LA_PPR/svp_simple_018/_mt_svp_simple_018_001_result/_cs_svp_simple_018_001_para2_rwr_mt_svp_simple_018_001.c line 556 function main thread 0
----------------------------------------------------
  __cs_param_main_task_arg=NULL (0000000000000000000000000000000000000000000000000000000000000000)

State 73 file /home/dell/zyworkspace/nichecker/Experiment/remarks2.1_LA_PPR/svp_simple_018/_mt_svp_simple_018_001_result/_cs_svp_simple_018_001_para2_rwr_mt_svp_simple_018_001.c line 421 function main_task_0 thread 0
----------------------------------------------------
  __cs_disable_thread[3l]=0 (0)

State 74 file /home/dell/zyworkspace/nichecker/Experiment/remarks2.1_LA_PPR/svp_simple_018/_mt_svp_simple_018_001_result/_cs_svp_simple_018_001_para2_rwr_mt_svp_simple_018_001.c line 424 function main_task_0 thread 0
----------------------------------------------------
  __cs_disable_thread[2l]=0 (0)

State 75 file /home/dell/zyworkspace/nichecker/Experiment/remarks2.1_LA_PPR/svp_simple_018/_mt_svp_simple_018_001_result/_cs_svp_simple_018_001_para2_rwr_mt_svp_simple_018_001.c line 427 function main_task_0 thread 0
----------------------------------------------------
  __cs_disable_thread[0l]=0 (0)

State 77 file /home/dell/zyworkspace/nichecker/Experiment/remarks2.1_LA_PPR/svp_simple_018/_mt_svp_simple_018_001_result/_cs_svp_simple_018_001_para2_rwr_mt_svp_simple_018_001.c line 438 function main_task_0 thread 0
----------------------------------------------------
  __cs_local_main_task_svp_simple_018_001_perimete=0.000000f (00000000000000000000000000000000)

State 78 file /home/dell/zyworkspace/nichecker/Experiment/remarks2.1_LA_PPR/svp_simple_018/_mt_svp_simple_018_001_result/_cs_svp_simple_018_001_para2_rwr_mt_svp_simple_018_001.c line 442 function main_task_0 thread 0
----------------------------------------------------
  __cs_local_main_task_svp_simple_018_001_area=0.000000f (00000000000000000000000000000000)

State 79 file /home/dell/zyworkspace/nichecker/Experiment/remarks2.1_LA_PPR/svp_simple_018/_mt_svp_simple_018_001_result/_cs_svp_simple_018_001_para2_rwr_mt_svp_simple_018_001.c line 449 function main_task_0 thread 0
----------------------------------------------------
  __cs_local_main_task_perimete=0.000000f (00000000000000000000000000000000)

State 80 file /home/dell/zyworkspace/nichecker/Experiment/remarks2.1_LA_PPR/svp_simple_018/_mt_svp_simple_018_001_result/_cs_svp_simple_018_001_para2_rwr_mt_svp_simple_018_001.c line 452 function main_task_0 thread 0
----------------------------------------------------
  __cs_local_main_task_perimete=0.000000f (00000000000000000000000000000000)

State 81 file /home/dell/zyworkspace/nichecker/Experiment/remarks2.1_LA_PPR/svp_simple_018/_mt_svp_simple_018_001_result/_cs_svp_simple_018_001_para2_rwr_mt_svp_simple_018_001.c line 454 function main_task_0 thread 0
----------------------------------------------------
  rwr_r1=0.000000f (00000000000000000000000000000000)

State 83 file /home/dell/zyworkspace/nichecker/Experiment/remarks2.1_LA_PPR/svp_simple_018/_mt_svp_simple_018_001_result/_cs_svp_simple_018_001_para2_rwr_mt_svp_simple_018_001.c line 458 function main_task_0 thread 0
----------------------------------------------------
  rwr_tmp1_num=1 (00000000000000000000000000000001)

State 84 file /home/dell/zyworkspace/nichecker/Experiment/remarks2.1_LA_PPR/svp_simple_018/_mt_svp_simple_018_001_result/_cs_svp_simple_018_001_para2_rwr_mt_svp_simple_018_001.c line 459 function main_task_0 thread 0
----------------------------------------------------
  rwr_tmp1=0.000000f (00000000000000000000000000000000)

State 90 file /home/dell/zyworkspace/nichecker/Experiment/remarks2.1_LA_PPR/svp_simple_018/_mt_svp_simple_018_001_result/_cs_svp_simple_018_001_para2_rwr_mt_svp_simple_018_001.c line 532 function main_task_0 thread 0
----------------------------------------------------
  __cs_value_ptr=NULL (0000000000000000000000000000000000000000000000000000000000000000)

State 95 file /home/dell/zyworkspace/nichecker/Experiment/remarks2.1_LA_PPR/svp_simple_018/_mt_svp_simple_018_001_result/_cs_svp_simple_018_001_para2_rwr_mt_svp_simple_018_001.c line 558 function main thread 0
----------------------------------------------------
  __cs_pc[1l]=2 (010)

State 96 file /home/dell/zyworkspace/nichecker/Experiment/remarks2.1_LA_PPR/svp_simple_018/_mt_svp_simple_018_001_result/_cs_svp_simple_018_001_para2_rwr_mt_svp_simple_018_001.c line 564 function main thread 0
----------------------------------------------------
  __cs_tmp_t2_r0=0 (00)

State 98 file /home/dell/zyworkspace/nichecker/Experiment/remarks2.1_LA_PPR/svp_simple_018/_mt_svp_simple_018_001_result/_cs_svp_simple_018_001_para2_rwr_mt_svp_simple_018_001.c line 569 function main thread 0
----------------------------------------------------
  __cs_thread_index=2 (010)

State 99 file /home/dell/zyworkspace/nichecker/Experiment/remarks2.1_LA_PPR/svp_simple_018/_mt_svp_simple_018_001_result/_cs_svp_simple_018_001_para2_rwr_mt_svp_simple_018_001.c line 571 function main thread 0
----------------------------------------------------
  __cs_pc_cs[2l]=0 (000)

State 104 file /home/dell/zyworkspace/nichecker/Experiment/remarks2.1_LA_PPR/svp_simple_018/_mt_svp_simple_018_001_result/_cs_svp_simple_018_001_para2_rwr_mt_svp_simple_018_001.c line 577 function main thread 0
----------------------------------------------------
  __cs_param_svp_simple_018_001_isr_1_arg=NULL (0000000000000000000000000000000000000000000000000000000000000000)

State 109 file /home/dell/zyworkspace/nichecker/Experiment/remarks2.1_LA_PPR/svp_simple_018/_mt_svp_simple_018_001_result/_cs_svp_simple_018_001_para2_rwr_mt_svp_simple_018_001.c line 409 function svp_simple_018_001_isr_1_0 thread 0
----------------------------------------------------
  __cs_value_ptr=NULL (0000000000000000000000000000000000000000000000000000000000000000)

State 114 file /home/dell/zyworkspace/nichecker/Experiment/remarks2.1_LA_PPR/svp_simple_018/_mt_svp_simple_018_001_result/_cs_svp_simple_018_001_para2_rwr_mt_svp_simple_018_001.c line 579 function main thread 0
----------------------------------------------------
  __cs_pc[2l]=0 (000)

State 115 file /home/dell/zyworkspace/nichecker/Experiment/remarks2.1_LA_PPR/svp_simple_018/_mt_svp_simple_018_001_result/_cs_svp_simple_018_001_para2_rwr_mt_svp_simple_018_001.c line 585 function main thread 0
----------------------------------------------------
  __cs_tmp_t3_r0=1 (1)

State 117 file /home/dell/zyworkspace/nichecker/Experiment/remarks2.1_LA_PPR/svp_simple_018/_mt_svp_simple_018_001_result/_cs_svp_simple_018_001_para2_rwr_mt_svp_simple_018_001.c line 590 function main thread 0
----------------------------------------------------
  __cs_thread_index=3 (011)

State 118 file /home/dell/zyworkspace/nichecker/Experiment/remarks2.1_LA_PPR/svp_simple_018/_mt_svp_simple_018_001_result/_cs_svp_simple_018_001_para2_rwr_mt_svp_simple_018_001.c line 592 function main thread 0
----------------------------------------------------
  __cs_pc_cs[3l]=1 (001)

State 123 file /home/dell/zyworkspace/nichecker/Experiment/remarks2.1_LA_PPR/svp_simple_018/_mt_svp_simple_018_001_result/_cs_svp_simple_018_001_para2_rwr_mt_svp_simple_018_001.c line 598 function main thread 0
----------------------------------------------------
  __cs_param_svp_simple_018_001_isr_2_arg=NULL (0000000000000000000000000000000000000000000000000000000000000000)

State 125 file /home/dell/zyworkspace/nichecker/Experiment/remarks2.1_LA_PPR/svp_simple_018/_mt_svp_simple_018_001_result/_cs_svp_simple_018_001_para2_rwr_mt_svp_simple_018_001.c line 166 function svp_simple_018_001_isr_2_0 thread 0
----------------------------------------------------
  __cs_local_svp_simple_018_001_isr_2_i=0 (00000000000000000000000000000000)

State 126 file /home/dell/zyworkspace/nichecker/Experiment/remarks2.1_LA_PPR/svp_simple_018/_mt_svp_simple_018_001_result/_cs_svp_simple_018_001_para2_rwr_mt_svp_simple_018_001.c line 168 function svp_simple_018_001_isr_2_0 thread 0
----------------------------------------------------
  __cs_local_svp_simple_018_001_isr_2_i=0 (00000000000000000000000000000000)

State 127 file /home/dell/zyworkspace/nichecker/Experiment/remarks2.1_LA_PPR/svp_simple_018/_mt_svp_simple_018_001_result/_cs_svp_simple_018_001_para2_rwr_mt_svp_simple_018_001.c line 175 function svp_simple_018_001_isr_2_0 thread 0
----------------------------------------------------
  __cs_local_svp_simple_018_001_isr_2_t_2=0 (00000000000000000000000000000000)

State 129 file /home/dell/zyworkspace/nichecker/Experiment/remarks2.1_LA_PPR/svp_simple_018/_mt_svp_simple_018_001_result/_cs_svp_simple_018_001_para2_rwr_mt_svp_simple_018_001.c line 190 function svp_simple_018_001_isr_2_0 thread 0
----------------------------------------------------
  __cs_local_svp_simple_018_001_isr_2_loop_2_IOVar1=0 (00000000000000000000000000000000)

State 130 file /home/dell/zyworkspace/nichecker/Experiment/remarks2.1_LA_PPR/svp_simple_018/_mt_svp_simple_018_001_result/_cs_svp_simple_018_001_para2_rwr_mt_svp_simple_018_001.c line 192 function svp_simple_018_001_isr_2_0 thread 0
----------------------------------------------------
  __cs_local_svp_simple_018_001_isr_2_loop_2_block_1=100 (00000000000000000000000001100100)

State 131 file /home/dell/zyworkspace/nichecker/Experiment/remarks2.1_LA_PPR/svp_simple_018/_mt_svp_simple_018_001_result/_cs_svp_simple_018_001_para2_rwr_mt_svp_simple_018_001.c line 194 function svp_simple_018_001_isr_2_0 thread 0
----------------------------------------------------
  __cs_local_svp_simple_018_001_isr_2_i=100 (00000000000000000000000001100100)

State 134 file /home/dell/zyworkspace/nichecker/Experiment/remarks2.1_LA_PPR/svp_simple_018/_mt_svp_simple_018_001_result/_cs_svp_simple_018_001_para2_rwr_mt_svp_simple_018_001.c line 205 function svp_simple_018_001_isr_2_0 thread 0
----------------------------------------------------
  __cs_local_svp_simple_018_001_isr_2_i=101 (00000000000000000000000001100101)

State 135 file /home/dell/zyworkspace/nichecker/Experiment/remarks2.1_LA_PPR/svp_simple_018/_mt_svp_simple_018_001_result/_cs_svp_simple_018_001_para2_rwr_mt_svp_simple_018_001.c line 210 function svp_simple_018_001_isr_2_0 thread 0
----------------------------------------------------
  __cs_local_svp_simple_018_001_isr_2_t_2=1 (00000000000000000000000000000001)

State 140 file /home/dell/zyworkspace/nichecker/Experiment/remarks2.1_LA_PPR/svp_simple_018/_mt_svp_simple_018_001_result/_cs_svp_simple_018_001_para2_rwr_mt_svp_simple_018_001.c line 265 function svp_simple_018_001_isr_2_0 thread 0
----------------------------------------------------
  svp_simple_018_001_para2=1.000000f (00111111100000000000000000000000)

State 144 file /home/dell/zyworkspace/nichecker/Experiment/remarks2.1_LA_PPR/svp_simple_018/_mt_svp_simple_018_001_result/_cs_svp_simple_018_001_para2_rwr_mt_svp_simple_018_001.c line 279 function svp_simple_018_001_isr_2_0 thread 0
----------------------------------------------------
  __cs_value_ptr=NULL (0000000000000000000000000000000000000000000000000000000000000000)

State 149 file /home/dell/zyworkspace/nichecker/Experiment/remarks2.1_LA_PPR/svp_simple_018/_mt_svp_simple_018_001_result/_cs_svp_simple_018_001_para2_rwr_mt_svp_simple_018_001.c line 600 function main thread 0
----------------------------------------------------
  __cs_pc[3l]=1 (001)

State 150 file /home/dell/zyworkspace/nichecker/Experiment/remarks2.1_LA_PPR/svp_simple_018/_mt_svp_simple_018_001_result/_cs_svp_simple_018_001_para2_rwr_mt_svp_simple_018_001.c line 610 function main thread 0
----------------------------------------------------
  __cs_tmp_t1_r1=3 (011)

State 157 file /home/dell/zyworkspace/nichecker/Experiment/remarks2.1_LA_PPR/svp_simple_018/_mt_svp_simple_018_001_result/_cs_svp_simple_018_001_para2_rwr_mt_svp_simple_018_001.c line 615 function main thread 0
----------------------------------------------------
  __cs_thread_index=1 (001)

State 158 file /home/dell/zyworkspace/nichecker/Experiment/remarks2.1_LA_PPR/svp_simple_018/_mt_svp_simple_018_001_result/_cs_svp_simple_018_001_para2_rwr_mt_svp_simple_018_001.c line 617 function main thread 0
----------------------------------------------------
  __cs_pc_cs[1l]=3 (011)

State 163 file /home/dell/zyworkspace/nichecker/Experiment/remarks2.1_LA_PPR/svp_simple_018/_mt_svp_simple_018_001_result/_cs_svp_simple_018_001_para2_rwr_mt_svp_simple_018_001.c line 623 function main thread 0
----------------------------------------------------
  __cs_param_main_task_arg=NULL (0000000000000000000000000000000000000000000000000000000000000000)

State 167 file /home/dell/zyworkspace/nichecker/Experiment/remarks2.1_LA_PPR/svp_simple_018/_mt_svp_simple_018_001_result/_cs_svp_simple_018_001_para2_rwr_mt_svp_simple_018_001.c line 465 function main_task_0 thread 0
----------------------------------------------------
  __cs_local_main_task___cs_retval__svp_simple_018_001_func1_0=0.000000f (00000000000000000000000000000000)

State 168 file /home/dell/zyworkspace/nichecker/Experiment/remarks2.1_LA_PPR/svp_simple_018/_mt_svp_simple_018_001_result/_cs_svp_simple_018_001_para2_rwr_mt_svp_simple_018_001.c line 471 function main_task_0 thread 0
----------------------------------------------------
  __cs_local_main_task_svp_simple_018_001_perimete=0.000000f (00000000000000000000000000000000)

State 169 file /home/dell/zyworkspace/nichecker/Experiment/remarks2.1_LA_PPR/svp_simple_018/_mt_svp_simple_018_001_result/_cs_svp_simple_018_001_para2_rwr_mt_svp_simple_018_001.c line 478 function main_task_0 thread 0
----------------------------------------------------
  __cs_local_main_task_area=0.000000f (00000000000000000000000000000000)

State 170 file /home/dell/zyworkspace/nichecker/Experiment/remarks2.1_LA_PPR/svp_simple_018/_mt_svp_simple_018_001_result/_cs_svp_simple_018_001_para2_rwr_mt_svp_simple_018_001.c line 483 function main_task_0 thread 0
----------------------------------------------------
  __cs_temporary_0=1.000000f (00111111100000000000000000000000)

State 171 file /home/dell/zyworkspace/nichecker/Experiment/remarks2.1_LA_PPR/svp_simple_018/_mt_svp_simple_018_001_result/_cs_svp_simple_018_001_para2_rwr_mt_svp_simple_018_001.c line 485 function main_task_0 thread 0
----------------------------------------------------
  rwr_r2=1.000000f (00111111100000000000000000000000)

Violated property:
  file /home/dell/zyworkspace/nichecker/Experiment/remarks2.1_LA_PPR/svp_simple_018/_mt_svp_simple_018_001_result/_cs_svp_simple_018_001_para2_rwr_mt_svp_simple_018_001.c line 487 function main_task_0
  assertion IEEE_FLOAT_EQUAL(rwr_r2, rwr_tmp1)
  IEEE_FLOAT_EQUAL(rwr_r2, rwr_tmp1)


Trace for main_task_0.assertion.3:

State 60 file /home/dell/zyworkspace/nichecker/Experiment/remarks2.1_LA_PPR/svp_simple_018/_mt_svp_simple_018_001_result/_cs_svp_simple_018_001_para2_rwr_mt_svp_simple_018_001.c line 544 function main thread 0
----------------------------------------------------
  __cs_tmp_t1_r0=3 (011)

State 62 file /home/dell/zyworkspace/nichecker/Experiment/remarks2.1_LA_PPR/svp_simple_018/_mt_svp_simple_018_001_result/_cs_svp_simple_018_001_para2_rwr_mt_svp_simple_018_001.c line 548 function main thread 0
----------------------------------------------------
  __cs_thread_index=1 (001)

State 63 file /home/dell/zyworkspace/nichecker/Experiment/remarks2.1_LA_PPR/svp_simple_018/_mt_svp_simple_018_001_result/_cs_svp_simple_018_001_para2_rwr_mt_svp_simple_018_001.c line 550 function main thread 0
----------------------------------------------------
  __cs_pc_cs[1l]=3 (011)

State 68 file /home/dell/zyworkspace/nichecker/Experiment/remarks2.1_LA_PPR/svp_simple_018/_mt_svp_simple_018_001_result/_cs_svp_simple_018_001_para2_rwr_mt_svp_simple_018_001.c line 556 function main thread 0
----------------------------------------------------
  __cs_param_main_task_arg=NULL (0000000000000000000000000000000000000000000000000000000000000000)

State 73 file /home/dell/zyworkspace/nichecker/Experiment/remarks2.1_LA_PPR/svp_simple_018/_mt_svp_simple_018_001_result/_cs_svp_simple_018_001_para2_rwr_mt_svp_simple_018_001.c line 421 function main_task_0 thread 0
----------------------------------------------------
  __cs_disable_thread[3l]=0 (0)

State 74 file /home/dell/zyworkspace/nichecker/Experiment/remarks2.1_LA_PPR/svp_simple_018/_mt_svp_simple_018_001_result/_cs_svp_simple_018_001_para2_rwr_mt_svp_simple_018_001.c line 424 function main_task_0 thread 0
----------------------------------------------------
  __cs_disable_thread[2l]=0 (0)

State 75 file /home/dell/zyworkspace/nichecker/Experiment/remarks2.1_LA_PPR/svp_simple_018/_mt_svp_simple_018_001_result/_cs_svp_simple_018_001_para2_rwr_mt_svp_simple_018_001.c line 427 function main_task_0 thread 0
----------------------------------------------------
  __cs_disable_thread[0l]=0 (0)

State 77 file /home/dell/zyworkspace/nichecker/Experiment/remarks2.1_LA_PPR/svp_simple_018/_mt_svp_simple_018_001_result/_cs_svp_simple_018_001_para2_rwr_mt_svp_simple_018_001.c line 438 function main_task_0 thread 0
----------------------------------------------------
  __cs_local_main_task_svp_simple_018_001_perimete=0.000000f (00000000000000000000000000000000)

State 78 file /home/dell/zyworkspace/nichecker/Experiment/remarks2.1_LA_PPR/svp_simple_018/_mt_svp_simple_018_001_result/_cs_svp_simple_018_001_para2_rwr_mt_svp_simple_018_001.c line 442 function main_task_0 thread 0
----------------------------------------------------
  __cs_local_main_task_svp_simple_018_001_area=0.000000f (00000000000000000000000000000000)

State 79 file /home/dell/zyworkspace/nichecker/Experiment/remarks2.1_LA_PPR/svp_simple_018/_mt_svp_simple_018_001_result/_cs_svp_simple_018_001_para2_rwr_mt_svp_simple_018_001.c line 449 function main_task_0 thread 0
----------------------------------------------------
  __cs_local_main_task_perimete=0.000000f (00000000000000000000000000000000)

State 80 file /home/dell/zyworkspace/nichecker/Experiment/remarks2.1_LA_PPR/svp_simple_018/_mt_svp_simple_018_001_result/_cs_svp_simple_018_001_para2_rwr_mt_svp_simple_018_001.c line 452 function main_task_0 thread 0
----------------------------------------------------
  __cs_local_main_task_perimete=0.000000f (00000000000000000000000000000000)

State 81 file /home/dell/zyworkspace/nichecker/Experiment/remarks2.1_LA_PPR/svp_simple_018/_mt_svp_simple_018_001_result/_cs_svp_simple_018_001_para2_rwr_mt_svp_simple_018_001.c line 454 function main_task_0 thread 0
----------------------------------------------------
  rwr_r1=0.000000f (00000000000000000000000000000000)

State 83 file /home/dell/zyworkspace/nichecker/Experiment/remarks2.1_LA_PPR/svp_simple_018/_mt_svp_simple_018_001_result/_cs_svp_simple_018_001_para2_rwr_mt_svp_simple_018_001.c line 458 function main_task_0 thread 0
----------------------------------------------------
  rwr_tmp1_num=1 (00000000000000000000000000000001)

State 84 file /home/dell/zyworkspace/nichecker/Experiment/remarks2.1_LA_PPR/svp_simple_018/_mt_svp_simple_018_001_result/_cs_svp_simple_018_001_para2_rwr_mt_svp_simple_018_001.c line 459 function main_task_0 thread 0
----------------------------------------------------
  rwr_tmp1=0.000000f (00000000000000000000000000000000)

State 86 file /home/dell/zyworkspace/nichecker/Experiment/remarks2.1_LA_PPR/svp_simple_018/_mt_svp_simple_018_001_result/_cs_svp_simple_018_001_para2_rwr_mt_svp_simple_018_001.c line 465 function main_task_0 thread 0
----------------------------------------------------
  __cs_local_main_task___cs_retval__svp_simple_018_001_func1_0=0.000000f (00000000000000000000000000000000)

State 87 file /home/dell/zyworkspace/nichecker/Experiment/remarks2.1_LA_PPR/svp_simple_018/_mt_svp_simple_018_001_result/_cs_svp_simple_018_001_para2_rwr_mt_svp_simple_018_001.c line 471 function main_task_0 thread 0
----------------------------------------------------
  __cs_local_main_task_svp_simple_018_001_perimete=0.000000f (00000000000000000000000000000000)

State 88 file /home/dell/zyworkspace/nichecker/Experiment/remarks2.1_LA_PPR/svp_simple_018/_mt_svp_simple_018_001_result/_cs_svp_simple_018_001_para2_rwr_mt_svp_simple_018_001.c line 478 function main_task_0 thread 0
----------------------------------------------------
  __cs_local_main_task_area=0.000000f (00000000000000000000000000000000)

State 89 file /home/dell/zyworkspace/nichecker/Experiment/remarks2.1_LA_PPR/svp_simple_018/_mt_svp_simple_018_001_result/_cs_svp_simple_018_001_para2_rwr_mt_svp_simple_018_001.c line 483 function main_task_0 thread 0
----------------------------------------------------
  __cs_temporary_0=0.000000f (00000000000000000000000000000000)

State 90 file /home/dell/zyworkspace/nichecker/Experiment/remarks2.1_LA_PPR/svp_simple_018/_mt_svp_simple_018_001_result/_cs_svp_simple_018_001_para2_rwr_mt_svp_simple_018_001.c line 485 function main_task_0 thread 0
----------------------------------------------------
  rwr_r2=0.000000f (00000000000000000000000000000000)

State 92 file /home/dell/zyworkspace/nichecker/Experiment/remarks2.1_LA_PPR/svp_simple_018/_mt_svp_simple_018_001_result/_cs_svp_simple_018_001_para2_rwr_mt_svp_simple_018_001.c line 489 function main_task_0 thread 0
----------------------------------------------------
  rwr_tmp1_num=2 (00000000000000000000000000000010)

State 93 file /home/dell/zyworkspace/nichecker/Experiment/remarks2.1_LA_PPR/svp_simple_018/_mt_svp_simple_018_001_result/_cs_svp_simple_018_001_para2_rwr_mt_svp_simple_018_001.c line 490 function main_task_0 thread 0
----------------------------------------------------
  rwr_tmp1=0.000000f (00000000000000000000000000000000)

State 98 file /home/dell/zyworkspace/nichecker/Experiment/remarks2.1_LA_PPR/svp_simple_018/_mt_svp_simple_018_001_result/_cs_svp_simple_018_001_para2_rwr_mt_svp_simple_018_001.c line 532 function main_task_0 thread 0
----------------------------------------------------
  __cs_value_ptr=NULL (0000000000000000000000000000000000000000000000000000000000000000)

State 103 file /home/dell/zyworkspace/nichecker/Experiment/remarks2.1_LA_PPR/svp_simple_018/_mt_svp_simple_018_001_result/_cs_svp_simple_018_001_para2_rwr_mt_svp_simple_018_001.c line 558 function main thread 0
----------------------------------------------------
  __cs_pc[1l]=3 (011)

State 104 file /home/dell/zyworkspace/nichecker/Experiment/remarks2.1_LA_PPR/svp_simple_018/_mt_svp_simple_018_001_result/_cs_svp_simple_018_001_para2_rwr_mt_svp_simple_018_001.c line 564 function main thread 0
----------------------------------------------------
  __cs_tmp_t2_r0=0 (00)

State 106 file /home/dell/zyworkspace/nichecker/Experiment/remarks2.1_LA_PPR/svp_simple_018/_mt_svp_simple_018_001_result/_cs_svp_simple_018_001_para2_rwr_mt_svp_simple_018_001.c line 569 function main thread 0
----------------------------------------------------
  __cs_thread_index=2 (010)

State 107 file /home/dell/zyworkspace/nichecker/Experiment/remarks2.1_LA_PPR/svp_simple_018/_mt_svp_simple_018_001_result/_cs_svp_simple_018_001_para2_rwr_mt_svp_simple_018_001.c line 571 function main thread 0
----------------------------------------------------
  __cs_pc_cs[2l]=0 (000)

State 112 file /home/dell/zyworkspace/nichecker/Experiment/remarks2.1_LA_PPR/svp_simple_018/_mt_svp_simple_018_001_result/_cs_svp_simple_018_001_para2_rwr_mt_svp_simple_018_001.c line 577 function main thread 0
----------------------------------------------------
  __cs_param_svp_simple_018_001_isr_1_arg=NULL (0000000000000000000000000000000000000000000000000000000000000000)

State 117 file /home/dell/zyworkspace/nichecker/Experiment/remarks2.1_LA_PPR/svp_simple_018/_mt_svp_simple_018_001_result/_cs_svp_simple_018_001_para2_rwr_mt_svp_simple_018_001.c line 409 function svp_simple_018_001_isr_1_0 thread 0
----------------------------------------------------
  __cs_value_ptr=NULL (0000000000000000000000000000000000000000000000000000000000000000)

State 122 file /home/dell/zyworkspace/nichecker/Experiment/remarks2.1_LA_PPR/svp_simple_018/_mt_svp_simple_018_001_result/_cs_svp_simple_018_001_para2_rwr_mt_svp_simple_018_001.c line 579 function main thread 0
----------------------------------------------------
  __cs_pc[2l]=0 (000)

State 123 file /home/dell/zyworkspace/nichecker/Experiment/remarks2.1_LA_PPR/svp_simple_018/_mt_svp_simple_018_001_result/_cs_svp_simple_018_001_para2_rwr_mt_svp_simple_018_001.c line 585 function main thread 0
----------------------------------------------------
  __cs_tmp_t3_r0=0 (0)

State 125 file /home/dell/zyworkspace/nichecker/Experiment/remarks2.1_LA_PPR/svp_simple_018/_mt_svp_simple_018_001_result/_cs_svp_simple_018_001_para2_rwr_mt_svp_simple_018_001.c line 590 function main thread 0
----------------------------------------------------
  __cs_thread_index=3 (011)

State 126 file /home/dell/zyworkspace/nichecker/Experiment/remarks2.1_LA_PPR/svp_simple_018/_mt_svp_simple_018_001_result/_cs_svp_simple_018_001_para2_rwr_mt_svp_simple_018_001.c line 592 function main thread 0
----------------------------------------------------
  __cs_pc_cs[3l]=0 (000)

State 131 file /home/dell/zyworkspace/nichecker/Experiment/remarks2.1_LA_PPR/svp_simple_018/_mt_svp_simple_018_001_result/_cs_svp_simple_018_001_para2_rwr_mt_svp_simple_018_001.c line 598 function main thread 0
----------------------------------------------------
  __cs_param_svp_simple_018_001_isr_2_arg=NULL (0000000000000000000000000000000000000000000000000000000000000000)

State 135 file /home/dell/zyworkspace/nichecker/Experiment/remarks2.1_LA_PPR/svp_simple_018/_mt_svp_simple_018_001_result/_cs_svp_simple_018_001_para2_rwr_mt_svp_simple_018_001.c line 279 function svp_simple_018_001_isr_2_0 thread 0
----------------------------------------------------
  __cs_value_ptr=NULL (0000000000000000000000000000000000000000000000000000000000000000)

State 140 file /home/dell/zyworkspace/nichecker/Experiment/remarks2.1_LA_PPR/svp_simple_018/_mt_svp_simple_018_001_result/_cs_svp_simple_018_001_para2_rwr_mt_svp_simple_018_001.c line 600 function main thread 0
----------------------------------------------------
  __cs_pc[3l]=0 (000)

State 141 file /home/dell/zyworkspace/nichecker/Experiment/remarks2.1_LA_PPR/svp_simple_018/_mt_svp_simple_018_001_result/_cs_svp_simple_018_001_para2_rwr_mt_svp_simple_018_001.c line 610 function main thread 0
----------------------------------------------------
  __cs_tmp_t1_r1=3 (011)

State 148 file /home/dell/zyworkspace/nichecker/Experiment/remarks2.1_LA_PPR/svp_simple_018/_mt_svp_simple_018_001_result/_cs_svp_simple_018_001_para2_rwr_mt_svp_simple_018_001.c line 615 function main thread 0
----------------------------------------------------
  __cs_thread_index=1 (001)

State 149 file /home/dell/zyworkspace/nichecker/Experiment/remarks2.1_LA_PPR/svp_simple_018/_mt_svp_simple_018_001_result/_cs_svp_simple_018_001_para2_rwr_mt_svp_simple_018_001.c line 617 function main thread 0
----------------------------------------------------
  __cs_pc_cs[1l]=3 (011)

State 154 file /home/dell/zyworkspace/nichecker/Experiment/remarks2.1_LA_PPR/svp_simple_018/_mt_svp_simple_018_001_result/_cs_svp_simple_018_001_para2_rwr_mt_svp_simple_018_001.c line 623 function main thread 0
----------------------------------------------------
  __cs_param_main_task_arg=NULL (0000000000000000000000000000000000000000000000000000000000000000)

State 162 file /home/dell/zyworkspace/nichecker/Experiment/remarks2.1_LA_PPR/svp_simple_018/_mt_svp_simple_018_001_result/_cs_svp_simple_018_001_para2_rwr_mt_svp_simple_018_001.c line 532 function main_task_0 thread 0
----------------------------------------------------
  __cs_value_ptr=NULL (0000000000000000000000000000000000000000000000000000000000000000)

State 167 file /home/dell/zyworkspace/nichecker/Experiment/remarks2.1_LA_PPR/svp_simple_018/_mt_svp_simple_018_001_result/_cs_svp_simple_018_001_para2_rwr_mt_svp_simple_018_001.c line 625 function main thread 0
----------------------------------------------------
  __cs_pc[1l]=3 (011)

State 168 file /home/dell/zyworkspace/nichecker/Experiment/remarks2.1_LA_PPR/svp_simple_018/_mt_svp_simple_018_001_result/_cs_svp_simple_018_001_para2_rwr_mt_svp_simple_018_001.c line 631 function main thread 0
----------------------------------------------------
  __cs_tmp_t2_r1=0 (00)

State 170 file /home/dell/zyworkspace/nichecker/Experiment/remarks2.1_LA_PPR/svp_simple_018/_mt_svp_simple_018_001_result/_cs_svp_simple_018_001_para2_rwr_mt_svp_simple_018_001.c line 636 function main thread 0
----------------------------------------------------
  __cs_thread_index=2 (010)

State 171 file /home/dell/zyworkspace/nichecker/Experiment/remarks2.1_LA_PPR/svp_simple_018/_mt_svp_simple_018_001_result/_cs_svp_simple_018_001_para2_rwr_mt_svp_simple_018_001.c line 638 function main thread 0
----------------------------------------------------
  __cs_pc_cs[2l]=0 (000)

State 176 file /home/dell/zyworkspace/nichecker/Experiment/remarks2.1_LA_PPR/svp_simple_018/_mt_svp_simple_018_001_result/_cs_svp_simple_018_001_para2_rwr_mt_svp_simple_018_001.c line 644 function main thread 0
----------------------------------------------------
  __cs_param_svp_simple_018_001_isr_1_arg=NULL (0000000000000000000000000000000000000000000000000000000000000000)

State 181 file /home/dell/zyworkspace/nichecker/Experiment/remarks2.1_LA_PPR/svp_simple_018/_mt_svp_simple_018_001_result/_cs_svp_simple_018_001_para2_rwr_mt_svp_simple_018_001.c line 409 function svp_simple_018_001_isr_1_0 thread 0
----------------------------------------------------
  __cs_value_ptr=NULL (0000000000000000000000000000000000000000000000000000000000000000)

State 186 file /home/dell/zyworkspace/nichecker/Experiment/remarks2.1_LA_PPR/svp_simple_018/_mt_svp_simple_018_001_result/_cs_svp_simple_018_001_para2_rwr_mt_svp_simple_018_001.c line 646 function main thread 0
----------------------------------------------------
  __cs_pc[2l]=0 (000)

State 187 file /home/dell/zyworkspace/nichecker/Experiment/remarks2.1_LA_PPR/svp_simple_018/_mt_svp_simple_018_001_result/_cs_svp_simple_018_001_para2_rwr_mt_svp_simple_018_001.c line 652 function main thread 0
----------------------------------------------------
  __cs_tmp_t3_r1=1 (1)

State 189 file /home/dell/zyworkspace/nichecker/Experiment/remarks2.1_LA_PPR/svp_simple_018/_mt_svp_simple_018_001_result/_cs_svp_simple_018_001_para2_rwr_mt_svp_simple_018_001.c line 657 function main thread 0
----------------------------------------------------
  __cs_thread_index=3 (011)

State 190 file /home/dell/zyworkspace/nichecker/Experiment/remarks2.1_LA_PPR/svp_simple_018/_mt_svp_simple_018_001_result/_cs_svp_simple_018_001_para2_rwr_mt_svp_simple_018_001.c line 659 function main thread 0
----------------------------------------------------
  __cs_pc_cs[3l]=1 (001)

State 195 file /home/dell/zyworkspace/nichecker/Experiment/remarks2.1_LA_PPR/svp_simple_018/_mt_svp_simple_018_001_result/_cs_svp_simple_018_001_para2_rwr_mt_svp_simple_018_001.c line 665 function main thread 0
----------------------------------------------------
  __cs_param_svp_simple_018_001_isr_2_arg=NULL (0000000000000000000000000000000000000000000000000000000000000000)

State 197 file /home/dell/zyworkspace/nichecker/Experiment/remarks2.1_LA_PPR/svp_simple_018/_mt_svp_simple_018_001_result/_cs_svp_simple_018_001_para2_rwr_mt_svp_simple_018_001.c line 166 function svp_simple_018_001_isr_2_0 thread 0
----------------------------------------------------
  __cs_local_svp_simple_018_001_isr_2_i=0 (00000000000000000000000000000000)

State 198 file /home/dell/zyworkspace/nichecker/Experiment/remarks2.1_LA_PPR/svp_simple_018/_mt_svp_simple_018_001_result/_cs_svp_simple_018_001_para2_rwr_mt_svp_simple_018_001.c line 168 function svp_simple_018_001_isr_2_0 thread 0
----------------------------------------------------
  __cs_local_svp_simple_018_001_isr_2_i=0 (00000000000000000000000000000000)

State 199 file /home/dell/zyworkspace/nichecker/Experiment/remarks2.1_LA_PPR/svp_simple_018/_mt_svp_simple_018_001_result/_cs_svp_simple_018_001_para2_rwr_mt_svp_simple_018_001.c line 175 function svp_simple_018_001_isr_2_0 thread 0
----------------------------------------------------
  __cs_local_svp_simple_018_001_isr_2_t_2=0 (00000000000000000000000000000000)

State 201 file /home/dell/zyworkspace/nichecker/Experiment/remarks2.1_LA_PPR/svp_simple_018/_mt_svp_simple_018_001_result/_cs_svp_simple_018_001_para2_rwr_mt_svp_simple_018_001.c line 190 function svp_simple_018_001_isr_2_0 thread 0
----------------------------------------------------
  __cs_local_svp_simple_018_001_isr_2_loop_2_IOVar1=0 (00000000000000000000000000000000)

State 202 file /home/dell/zyworkspace/nichecker/Experiment/remarks2.1_LA_PPR/svp_simple_018/_mt_svp_simple_018_001_result/_cs_svp_simple_018_001_para2_rwr_mt_svp_simple_018_001.c line 192 function svp_simple_018_001_isr_2_0 thread 0
----------------------------------------------------
  __cs_local_svp_simple_018_001_isr_2_loop_2_block_1=100 (00000000000000000000000001100100)

State 203 file /home/dell/zyworkspace/nichecker/Experiment/remarks2.1_LA_PPR/svp_simple_018/_mt_svp_simple_018_001_result/_cs_svp_simple_018_001_para2_rwr_mt_svp_simple_018_001.c line 194 function svp_simple_018_001_isr_2_0 thread 0
----------------------------------------------------
  __cs_local_svp_simple_018_001_isr_2_i=100 (00000000000000000000000001100100)

State 206 file /home/dell/zyworkspace/nichecker/Experiment/remarks2.1_LA_PPR/svp_simple_018/_mt_svp_simple_018_001_result/_cs_svp_simple_018_001_para2_rwr_mt_svp_simple_018_001.c line 205 function svp_simple_018_001_isr_2_0 thread 0
----------------------------------------------------
  __cs_local_svp_simple_018_001_isr_2_i=101 (00000000000000000000000001100101)

State 207 file /home/dell/zyworkspace/nichecker/Experiment/remarks2.1_LA_PPR/svp_simple_018/_mt_svp_simple_018_001_result/_cs_svp_simple_018_001_para2_rwr_mt_svp_simple_018_001.c line 210 function svp_simple_018_001_isr_2_0 thread 0
----------------------------------------------------
  __cs_local_svp_simple_018_001_isr_2_t_2=1 (00000000000000000000000000000001)

State 212 file /home/dell/zyworkspace/nichecker/Experiment/remarks2.1_LA_PPR/svp_simple_018/_mt_svp_simple_018_001_result/_cs_svp_simple_018_001_para2_rwr_mt_svp_simple_018_001.c line 265 function svp_simple_018_001_isr_2_0 thread 0
----------------------------------------------------
  svp_simple_018_001_para2=1.000000f (00111111100000000000000000000000)

State 216 file /home/dell/zyworkspace/nichecker/Experiment/remarks2.1_LA_PPR/svp_simple_018/_mt_svp_simple_018_001_result/_cs_svp_simple_018_001_para2_rwr_mt_svp_simple_018_001.c line 279 function svp_simple_018_001_isr_2_0 thread 0
----------------------------------------------------
  __cs_value_ptr=NULL (0000000000000000000000000000000000000000000000000000000000000000)

State 221 file /home/dell/zyworkspace/nichecker/Experiment/remarks2.1_LA_PPR/svp_simple_018/_mt_svp_simple_018_001_result/_cs_svp_simple_018_001_para2_rwr_mt_svp_simple_018_001.c line 667 function main thread 0
----------------------------------------------------
  __cs_pc[3l]=1 (001)

State 222 file /home/dell/zyworkspace/nichecker/Experiment/remarks2.1_LA_PPR/svp_simple_018/_mt_svp_simple_018_001_result/_cs_svp_simple_018_001_para2_rwr_mt_svp_simple_018_001.c line 671 function main thread 0
----------------------------------------------------
  __cs_tmp_t1_r2=4u (00000000000000000000000000000100)

State 224 file /home/dell/zyworkspace/nichecker/Experiment/remarks2.1_LA_PPR/svp_simple_018/_mt_svp_simple_018_001_result/_cs_svp_simple_018_001_para2_rwr_mt_svp_simple_018_001.c line 676 function main thread 0
----------------------------------------------------
  __cs_thread_index=1 (001)

State 225 file /home/dell/zyworkspace/nichecker/Experiment/remarks2.1_LA_PPR/svp_simple_018/_mt_svp_simple_018_001_result/_cs_svp_simple_018_001_para2_rwr_mt_svp_simple_018_001.c line 678 function main thread 0
----------------------------------------------------
  __cs_pc_cs[1l]=4 (100)

State 230 file /home/dell/zyworkspace/nichecker/Experiment/remarks2.1_LA_PPR/svp_simple_018/_mt_svp_simple_018_001_result/_cs_svp_simple_018_001_para2_rwr_mt_svp_simple_018_001.c line 684 function main thread 0
----------------------------------------------------
  __cs_param_main_task_arg=NULL (0000000000000000000000000000000000000000000000000000000000000000)

State 235 file /home/dell/zyworkspace/nichecker/Experiment/remarks2.1_LA_PPR/svp_simple_018/_mt_svp_simple_018_001_result/_cs_svp_simple_018_001_para2_rwr_mt_svp_simple_018_001.c line 498 function main_task_0 thread 0
----------------------------------------------------
  __cs_temporary_1=1.000000f (00111111100000000000000000000000)

State 236 file /home/dell/zyworkspace/nichecker/Experiment/remarks2.1_LA_PPR/svp_simple_018/_mt_svp_simple_018_001_result/_cs_svp_simple_018_001_para2_rwr_mt_svp_simple_018_001.c line 500 function main_task_0 thread 0
----------------------------------------------------
  rwr_r3=1.000000f (00111111100000000000000000000000)

Violated property:
  file /home/dell/zyworkspace/nichecker/Experiment/remarks2.1_LA_PPR/svp_simple_018/_mt_svp_simple_018_001_result/_cs_svp_simple_018_001_para2_rwr_mt_svp_simple_018_001.c line 502 function main_task_0
  assertion IEEE_FLOAT_EQUAL(rwr_r3, rwr_tmp1)
  IEEE_FLOAT_EQUAL(rwr_r3, rwr_tmp1)


** 2 of 3 failed (3 iterations)
VERIFICATION FAILED
