CBMC version 5.6 64-bit x86_64 linux
Parsing /home/dell/zyworkspace/nichecker/Experiment/remarks2.1_LA_PPR/svp_simple_018/_mt_svp_simple_018_001_result/_cs_svp_simple_018_001_para1_rwr_mt_svp_simple_018_001.c
<command-line>: warning: "__STDC_VERSION__" redefined
<built-in>: note: this is the location of the previous definition
Converting
Type-checking _cs_svp_simple_018_001_para1_rwr_mt_svp_simple_018_001
file /home/dell/zyworkspace/nichecker/Experiment/remarks2.1_LA_PPR/svp_simple_018/_mt_svp_simple_018_001_result/_cs_svp_simple_018_001_para1_rwr_mt_svp_simple_018_001.c line 418 function main_task_0: function `enable_isr' is not declared
file /home/dell/zyworkspace/nichecker/Experiment/remarks2.1_LA_PPR/svp_simple_018/_mt_svp_simple_018_001_result/_cs_svp_simple_018_001_para1_rwr_mt_svp_simple_018_001.c line 455 function main_task_0: function `assert' is not declared
Generating GOTO Program
Adding CPROVER library (x86_64)
Removal of function pointers and virtual functions
Partial Inlining
Generic Property Instrumentation
Starting Bounded Model Checking
**** WARNING: no body for function enable_isr
size of program expression: 640 steps
simple slicing removed 35 assignments
Generated 5 VCC(s), 4 remaining after simplification
Passing problem to propositional reduction
converting SSA
Running propositional reduction
Post-processing
Solving with MiniSAT 2.2.1 with simplifier
7144 variables, 24386 clauses
SAT checker: instance is SATISFIABLE
Solving with MiniSAT 2.2.1 with simplifier
7144 variables, 2107 clauses
SAT checker: instance is UNSATISFIABLE
Runtime decision procedure: 0.049s

** Results:
[main_task_0.assertion.1] assertion IEEE_FLOAT_EQUAL(rwr_r1, rwr_tmp1): SUCCESS
[main_task_0.assertion.2] assertion IEEE_FLOAT_EQUAL(rwr_r2, rwr_tmp1): FAILURE

Trace for main_task_0.assertion.2:

State 58 file /home/dell/zyworkspace/nichecker/Experiment/remarks2.1_LA_PPR/svp_simple_018/_mt_svp_simple_018_001_result/_cs_svp_simple_018_001_para1_rwr_mt_svp_simple_018_001.c line 528 function main thread 0
----------------------------------------------------
  __cs_tmp_t1_r0=2 (010)

State 60 file /home/dell/zyworkspace/nichecker/Experiment/remarks2.1_LA_PPR/svp_simple_018/_mt_svp_simple_018_001_result/_cs_svp_simple_018_001_para1_rwr_mt_svp_simple_018_001.c line 532 function main thread 0
----------------------------------------------------
  __cs_thread_index=1 (001)

State 61 file /home/dell/zyworkspace/nichecker/Experiment/remarks2.1_LA_PPR/svp_simple_018/_mt_svp_simple_018_001_result/_cs_svp_simple_018_001_para1_rwr_mt_svp_simple_018_001.c line 534 function main thread 0
----------------------------------------------------
  __cs_pc_cs[1l]=2 (010)

State 66 file /home/dell/zyworkspace/nichecker/Experiment/remarks2.1_LA_PPR/svp_simple_018/_mt_svp_simple_018_001_result/_cs_svp_simple_018_001_para1_rwr_mt_svp_simple_018_001.c line 540 function main thread 0
----------------------------------------------------
  __cs_param_main_task_arg=NULL (0000000000000000000000000000000000000000000000000000000000000000)

State 71 file /home/dell/zyworkspace/nichecker/Experiment/remarks2.1_LA_PPR/svp_simple_018/_mt_svp_simple_018_001_result/_cs_svp_simple_018_001_para1_rwr_mt_svp_simple_018_001.c line 420 function main_task_0 thread 0
----------------------------------------------------
  __cs_disable_thread[3l]=0 (0)

State 72 file /home/dell/zyworkspace/nichecker/Experiment/remarks2.1_LA_PPR/svp_simple_018/_mt_svp_simple_018_001_result/_cs_svp_simple_018_001_para1_rwr_mt_svp_simple_018_001.c line 423 function main_task_0 thread 0
----------------------------------------------------
  __cs_disable_thread[2l]=0 (0)

State 73 file /home/dell/zyworkspace/nichecker/Experiment/remarks2.1_LA_PPR/svp_simple_018/_mt_svp_simple_018_001_result/_cs_svp_simple_018_001_para1_rwr_mt_svp_simple_018_001.c line 426 function main_task_0 thread 0
----------------------------------------------------
  __cs_disable_thread[0l]=0 (0)

State 75 file /home/dell/zyworkspace/nichecker/Experiment/remarks2.1_LA_PPR/svp_simple_018/_mt_svp_simple_018_001_result/_cs_svp_simple_018_001_para1_rwr_mt_svp_simple_018_001.c line 437 function main_task_0 thread 0
----------------------------------------------------
  __cs_local_main_task_svp_simple_018_001_perimete=0.000000f (00000000000000000000000000000000)

State 76 file /home/dell/zyworkspace/nichecker/Experiment/remarks2.1_LA_PPR/svp_simple_018/_mt_svp_simple_018_001_result/_cs_svp_simple_018_001_para1_rwr_mt_svp_simple_018_001.c line 441 function main_task_0 thread 0
----------------------------------------------------
  __cs_local_main_task_svp_simple_018_001_area=0.000000f (00000000000000000000000000000000)

State 77 file /home/dell/zyworkspace/nichecker/Experiment/remarks2.1_LA_PPR/svp_simple_018/_mt_svp_simple_018_001_result/_cs_svp_simple_018_001_para1_rwr_mt_svp_simple_018_001.c line 448 function main_task_0 thread 0
----------------------------------------------------
  __cs_local_main_task_perimete=0.000000f (00000000000000000000000000000000)

State 78 file /home/dell/zyworkspace/nichecker/Experiment/remarks2.1_LA_PPR/svp_simple_018/_mt_svp_simple_018_001_result/_cs_svp_simple_018_001_para1_rwr_mt_svp_simple_018_001.c line 451 function main_task_0 thread 0
----------------------------------------------------
  __cs_local_main_task_perimete=0.000000f (00000000000000000000000000000000)

State 79 file /home/dell/zyworkspace/nichecker/Experiment/remarks2.1_LA_PPR/svp_simple_018/_mt_svp_simple_018_001_result/_cs_svp_simple_018_001_para1_rwr_mt_svp_simple_018_001.c line 453 function main_task_0 thread 0
----------------------------------------------------
  rwr_r1=0.000000f (00000000000000000000000000000000)

State 81 file /home/dell/zyworkspace/nichecker/Experiment/remarks2.1_LA_PPR/svp_simple_018/_mt_svp_simple_018_001_result/_cs_svp_simple_018_001_para1_rwr_mt_svp_simple_018_001.c line 457 function main_task_0 thread 0
----------------------------------------------------
  rwr_tmp1_num=1 (00000000000000000000000000000001)

State 82 file /home/dell/zyworkspace/nichecker/Experiment/remarks2.1_LA_PPR/svp_simple_018/_mt_svp_simple_018_001_result/_cs_svp_simple_018_001_para1_rwr_mt_svp_simple_018_001.c line 458 function main_task_0 thread 0
----------------------------------------------------
  rwr_tmp1=0.000000f (00000000000000000000000000000000)

State 87 file /home/dell/zyworkspace/nichecker/Experiment/remarks2.1_LA_PPR/svp_simple_018/_mt_svp_simple_018_001_result/_cs_svp_simple_018_001_para1_rwr_mt_svp_simple_018_001.c line 516 function main_task_0 thread 0
----------------------------------------------------
  __cs_value_ptr=NULL (0000000000000000000000000000000000000000000000000000000000000000)

State 92 file /home/dell/zyworkspace/nichecker/Experiment/remarks2.1_LA_PPR/svp_simple_018/_mt_svp_simple_018_001_result/_cs_svp_simple_018_001_para1_rwr_mt_svp_simple_018_001.c line 542 function main thread 0
----------------------------------------------------
  __cs_pc[1l]=2 (010)

State 93 file /home/dell/zyworkspace/nichecker/Experiment/remarks2.1_LA_PPR/svp_simple_018/_mt_svp_simple_018_001_result/_cs_svp_simple_018_001_para1_rwr_mt_svp_simple_018_001.c line 548 function main thread 0
----------------------------------------------------
  __cs_tmp_t2_r0=2 (10)

State 95 file /home/dell/zyworkspace/nichecker/Experiment/remarks2.1_LA_PPR/svp_simple_018/_mt_svp_simple_018_001_result/_cs_svp_simple_018_001_para1_rwr_mt_svp_simple_018_001.c line 553 function main thread 0
----------------------------------------------------
  __cs_thread_index=2 (010)

State 96 file /home/dell/zyworkspace/nichecker/Experiment/remarks2.1_LA_PPR/svp_simple_018/_mt_svp_simple_018_001_result/_cs_svp_simple_018_001_para1_rwr_mt_svp_simple_018_001.c line 555 function main thread 0
----------------------------------------------------
  __cs_pc_cs[2l]=2 (010)

State 101 file /home/dell/zyworkspace/nichecker/Experiment/remarks2.1_LA_PPR/svp_simple_018/_mt_svp_simple_018_001_result/_cs_svp_simple_018_001_para1_rwr_mt_svp_simple_018_001.c line 561 function main thread 0
----------------------------------------------------
  __cs_param_svp_simple_018_001_isr_1_arg=NULL (0000000000000000000000000000000000000000000000000000000000000000)

State 103 file /home/dell/zyworkspace/nichecker/Experiment/remarks2.1_LA_PPR/svp_simple_018/_mt_svp_simple_018_001_result/_cs_svp_simple_018_001_para1_rwr_mt_svp_simple_018_001.c line 292 function svp_simple_018_001_isr_1_0 thread 0
----------------------------------------------------
  __cs_local_svp_simple_018_001_isr_1_i=0 (00000000000000000000000000000000)

State 104 file /home/dell/zyworkspace/nichecker/Experiment/remarks2.1_LA_PPR/svp_simple_018/_mt_svp_simple_018_001_result/_cs_svp_simple_018_001_para1_rwr_mt_svp_simple_018_001.c line 294 function svp_simple_018_001_isr_1_0 thread 0
----------------------------------------------------
  __cs_local_svp_simple_018_001_isr_1_i=0 (00000000000000000000000000000000)

State 105 file /home/dell/zyworkspace/nichecker/Experiment/remarks2.1_LA_PPR/svp_simple_018/_mt_svp_simple_018_001_result/_cs_svp_simple_018_001_para1_rwr_mt_svp_simple_018_001.c line 301 function svp_simple_018_001_isr_1_0 thread 0
----------------------------------------------------
  __cs_local_svp_simple_018_001_isr_1_t_1=0 (00000000000000000000000000000000)

State 107 file /home/dell/zyworkspace/nichecker/Experiment/remarks2.1_LA_PPR/svp_simple_018/_mt_svp_simple_018_001_result/_cs_svp_simple_018_001_para1_rwr_mt_svp_simple_018_001.c line 319 function svp_simple_018_001_isr_1_0 thread 0
----------------------------------------------------
  __cs_local_svp_simple_018_001_isr_1_loop_1_IOVar1=0 (00000000000000000000000000000000)

State 108 file /home/dell/zyworkspace/nichecker/Experiment/remarks2.1_LA_PPR/svp_simple_018/_mt_svp_simple_018_001_result/_cs_svp_simple_018_001_para1_rwr_mt_svp_simple_018_001.c line 321 function svp_simple_018_001_isr_1_0 thread 0
----------------------------------------------------
  __cs_local_svp_simple_018_001_isr_1_loop_1_block_1=100 (00000000000000000000000001100100)

State 109 file /home/dell/zyworkspace/nichecker/Experiment/remarks2.1_LA_PPR/svp_simple_018/_mt_svp_simple_018_001_result/_cs_svp_simple_018_001_para1_rwr_mt_svp_simple_018_001.c line 323 function svp_simple_018_001_isr_1_0 thread 0
----------------------------------------------------
  __cs_local_svp_simple_018_001_isr_1_i=100 (00000000000000000000000001100100)

State 112 file /home/dell/zyworkspace/nichecker/Experiment/remarks2.1_LA_PPR/svp_simple_018/_mt_svp_simple_018_001_result/_cs_svp_simple_018_001_para1_rwr_mt_svp_simple_018_001.c line 334 function svp_simple_018_001_isr_1_0 thread 0
----------------------------------------------------
  __cs_local_svp_simple_018_001_isr_1_i=101 (00000000000000000000000001100101)

State 113 file /home/dell/zyworkspace/nichecker/Experiment/remarks2.1_LA_PPR/svp_simple_018/_mt_svp_simple_018_001_result/_cs_svp_simple_018_001_para1_rwr_mt_svp_simple_018_001.c line 339 function svp_simple_018_001_isr_1_0 thread 0
----------------------------------------------------
  __cs_local_svp_simple_018_001_isr_1_t_1=1 (00000000000000000000000000000001)

State 116 file /home/dell/zyworkspace/nichecker/Experiment/remarks2.1_LA_PPR/svp_simple_018/_mt_svp_simple_018_001_result/_cs_svp_simple_018_001_para1_rwr_mt_svp_simple_018_001.c line 346 function svp_simple_018_001_isr_1_0 thread 0
----------------------------------------------------
  __cs_pc[2l]=1 (001)

State 121 file /home/dell/zyworkspace/nichecker/Experiment/remarks2.1_LA_PPR/svp_simple_018/_mt_svp_simple_018_001_result/_cs_svp_simple_018_001_para1_rwr_mt_svp_simple_018_001.c line 397 function svp_simple_018_001_isr_1_0 thread 0
----------------------------------------------------
  svp_simple_018_001_para1=2.000000f (01000000000000000000000000000000)

State 125 file /home/dell/zyworkspace/nichecker/Experiment/remarks2.1_LA_PPR/svp_simple_018/_mt_svp_simple_018_001_result/_cs_svp_simple_018_001_para1_rwr_mt_svp_simple_018_001.c line 408 function svp_simple_018_001_isr_1_0 thread 0
----------------------------------------------------
  __cs_value_ptr=NULL (0000000000000000000000000000000000000000000000000000000000000000)

State 130 file /home/dell/zyworkspace/nichecker/Experiment/remarks2.1_LA_PPR/svp_simple_018/_mt_svp_simple_018_001_result/_cs_svp_simple_018_001_para1_rwr_mt_svp_simple_018_001.c line 563 function main thread 0
----------------------------------------------------
  __cs_pc[2l]=2 (010)

State 131 file /home/dell/zyworkspace/nichecker/Experiment/remarks2.1_LA_PPR/svp_simple_018/_mt_svp_simple_018_001_result/_cs_svp_simple_018_001_para1_rwr_mt_svp_simple_018_001.c line 569 function main thread 0
----------------------------------------------------
  __cs_tmp_t3_r0=0 (0)

State 133 file /home/dell/zyworkspace/nichecker/Experiment/remarks2.1_LA_PPR/svp_simple_018/_mt_svp_simple_018_001_result/_cs_svp_simple_018_001_para1_rwr_mt_svp_simple_018_001.c line 574 function main thread 0
----------------------------------------------------
  __cs_thread_index=3 (011)

State 134 file /home/dell/zyworkspace/nichecker/Experiment/remarks2.1_LA_PPR/svp_simple_018/_mt_svp_simple_018_001_result/_cs_svp_simple_018_001_para1_rwr_mt_svp_simple_018_001.c line 576 function main thread 0
----------------------------------------------------
  __cs_pc_cs[3l]=0 (000)

State 139 file /home/dell/zyworkspace/nichecker/Experiment/remarks2.1_LA_PPR/svp_simple_018/_mt_svp_simple_018_001_result/_cs_svp_simple_018_001_para1_rwr_mt_svp_simple_018_001.c line 582 function main thread 0
----------------------------------------------------
  __cs_param_svp_simple_018_001_isr_2_arg=NULL (0000000000000000000000000000000000000000000000000000000000000000)

State 143 file /home/dell/zyworkspace/nichecker/Experiment/remarks2.1_LA_PPR/svp_simple_018/_mt_svp_simple_018_001_result/_cs_svp_simple_018_001_para1_rwr_mt_svp_simple_018_001.c line 279 function svp_simple_018_001_isr_2_0 thread 0
----------------------------------------------------
  __cs_value_ptr=NULL (0000000000000000000000000000000000000000000000000000000000000000)

State 148 file /home/dell/zyworkspace/nichecker/Experiment/remarks2.1_LA_PPR/svp_simple_018/_mt_svp_simple_018_001_result/_cs_svp_simple_018_001_para1_rwr_mt_svp_simple_018_001.c line 584 function main thread 0
----------------------------------------------------
  __cs_pc[3l]=0 (000)

State 149 file /home/dell/zyworkspace/nichecker/Experiment/remarks2.1_LA_PPR/svp_simple_018/_mt_svp_simple_018_001_result/_cs_svp_simple_018_001_para1_rwr_mt_svp_simple_018_001.c line 594 function main thread 0
----------------------------------------------------
  __cs_tmp_t1_r1=4 (100)

State 155 file /home/dell/zyworkspace/nichecker/Experiment/remarks2.1_LA_PPR/svp_simple_018/_mt_svp_simple_018_001_result/_cs_svp_simple_018_001_para1_rwr_mt_svp_simple_018_001.c line 599 function main thread 0
----------------------------------------------------
  __cs_thread_index=1 (001)

State 156 file /home/dell/zyworkspace/nichecker/Experiment/remarks2.1_LA_PPR/svp_simple_018/_mt_svp_simple_018_001_result/_cs_svp_simple_018_001_para1_rwr_mt_svp_simple_018_001.c line 601 function main thread 0
----------------------------------------------------
  __cs_pc_cs[1l]=4 (100)

State 161 file /home/dell/zyworkspace/nichecker/Experiment/remarks2.1_LA_PPR/svp_simple_018/_mt_svp_simple_018_001_result/_cs_svp_simple_018_001_para1_rwr_mt_svp_simple_018_001.c line 607 function main thread 0
----------------------------------------------------
  __cs_param_main_task_arg=NULL (0000000000000000000000000000000000000000000000000000000000000000)

State 165 file /home/dell/zyworkspace/nichecker/Experiment/remarks2.1_LA_PPR/svp_simple_018/_mt_svp_simple_018_001_result/_cs_svp_simple_018_001_para1_rwr_mt_svp_simple_018_001.c line 464 function main_task_0 thread 0
----------------------------------------------------
  __cs_local_main_task___cs_retval__svp_simple_018_001_func1_0=0.000000f (00000000000000000000000000000000)

State 166 file /home/dell/zyworkspace/nichecker/Experiment/remarks2.1_LA_PPR/svp_simple_018/_mt_svp_simple_018_001_result/_cs_svp_simple_018_001_para1_rwr_mt_svp_simple_018_001.c line 470 function main_task_0 thread 0
----------------------------------------------------
  __cs_local_main_task_svp_simple_018_001_perimete=0.000000f (00000000000000000000000000000000)

State 167 file /home/dell/zyworkspace/nichecker/Experiment/remarks2.1_LA_PPR/svp_simple_018/_mt_svp_simple_018_001_result/_cs_svp_simple_018_001_para1_rwr_mt_svp_simple_018_001.c line 477 function main_task_0 thread 0
----------------------------------------------------
  __cs_local_main_task_area=0.000000f (00000000000000000000000000000000)

State 168 file /home/dell/zyworkspace/nichecker/Experiment/remarks2.1_LA_PPR/svp_simple_018/_mt_svp_simple_018_001_result/_cs_svp_simple_018_001_para1_rwr_mt_svp_simple_018_001.c line 482 function main_task_0 thread 0
----------------------------------------------------
  __cs_temporary_0=2.000000f (01000000000000000000000000000000)

State 169 file /home/dell/zyworkspace/nichecker/Experiment/remarks2.1_LA_PPR/svp_simple_018/_mt_svp_simple_018_001_result/_cs_svp_simple_018_001_para1_rwr_mt_svp_simple_018_001.c line 484 function main_task_0 thread 0
----------------------------------------------------
  rwr_r2=2.000000f (01000000000000000000000000000000)

Violated property:
  file /home/dell/zyworkspace/nichecker/Experiment/remarks2.1_LA_PPR/svp_simple_018/_mt_svp_simple_018_001_result/_cs_svp_simple_018_001_para1_rwr_mt_svp_simple_018_001.c line 486 function main_task_0
  assertion IEEE_FLOAT_EQUAL(rwr_r2, rwr_tmp1)
  IEEE_FLOAT_EQUAL(rwr_r2, rwr_tmp1)


** 1 of 2 failed (2 iterations)
VERIFICATION FAILED
