CBMC version 5.6 64-bit x86_64 linux
Parsing /home/dell/zyworkspace/nichecker/Experiment/remarks2.1/svp_simple_028/_mt_svp_simple_028_001_result/_cs_svp_simple_028_001_gloable_var_rww_mt_svp_simple_028_001.c
<command-line>: warning: "__STDC_VERSION__" redefined
<built-in>: note: this is the location of the previous definition
Converting
Type-checking _cs_svp_simple_028_001_gloable_var_rww_mt_svp_simple_028_001
file /home/dell/zyworkspace/nichecker/Experiment/remarks2.1/svp_simple_028/_mt_svp_simple_028_001_result/_cs_svp_simple_028_001_gloable_var_rww_mt_svp_simple_028_001.c line 202 function main_task_0: function `nondet_rand' is not declared
file /home/dell/zyworkspace/nichecker/Experiment/remarks2.1/svp_simple_028/_mt_svp_simple_028_001_result/_cs_svp_simple_028_001_gloable_var_rww_mt_svp_simple_028_001.c line 279 function main_task_0: function `assert' is not declared
Generating GOTO Program
Adding CPROVER library (x86_64)
Removal of function pointers and virtual functions
Partial Inlining
Generic Property Instrumentation
Starting Bounded Model Checking
**** WARNING: no body for function disable_isr
**** WARNING: no body for function enable_isr
size of program expression: 938 steps
simple slicing removed 40 assignments
Generated 7 VCC(s), 7 remaining after simplification
Passing problem to propositional reduction
converting SSA
Running propositional reduction
Post-processing
Solving with MiniSAT 2.2.1 with simplifier
6561 variables, 20228 clauses
SAT checker: instance is SATISFIABLE
Solving with MiniSAT 2.2.1 with simplifier
6561 variables, 7102 clauses
SAT checker: instance is SATISFIABLE
Solving with MiniSAT 2.2.1 with simplifier
6561 variables, 6866 clauses
SAT checker: instance is SATISFIABLE
Runtime decision procedure: 0.059s

** Results:
[main_task_0.assertion.1] assertion rww_w1 == rww_r_tmp1: FAILURE
[svp_simple_028_001_isr_2_0.assertion.1] assertion rww_w2 == rww_r_tmp3: FAILURE
[svp_simple_028_001_isr_1_0.assertion.1] assertion rww_w3 == rww_r_tmp2: FAILURE

Trace for main_task_0.assertion.1:

State 49 file /home/dell/zyworkspace/nichecker/Experiment/remarks2.1/svp_simple_028/_mt_svp_simple_028_001_result/_cs_svp_simple_028_001_gloable_var_rww_mt_svp_simple_028_001.c line 454 function main thread 0
----------------------------------------------------
  __cs_tmp_t1_r0=3 (011)

State 51 file /home/dell/zyworkspace/nichecker/Experiment/remarks2.1/svp_simple_028/_mt_svp_simple_028_001_result/_cs_svp_simple_028_001_gloable_var_rww_mt_svp_simple_028_001.c line 458 function main thread 0
----------------------------------------------------
  __cs_thread_index=1 (001)

State 52 file /home/dell/zyworkspace/nichecker/Experiment/remarks2.1/svp_simple_028/_mt_svp_simple_028_001_result/_cs_svp_simple_028_001_gloable_var_rww_mt_svp_simple_028_001.c line 460 function main thread 0
----------------------------------------------------
  __cs_pc_cs[1l]=3 (011)

State 57 file /home/dell/zyworkspace/nichecker/Experiment/remarks2.1/svp_simple_028/_mt_svp_simple_028_001_result/_cs_svp_simple_028_001_gloable_var_rww_mt_svp_simple_028_001.c line 466 function main thread 0
----------------------------------------------------
  __cs_param_main_task_arg=NULL (0000000000000000000000000000000000000000000000000000000000000000)

State 62 file /home/dell/zyworkspace/nichecker/Experiment/remarks2.1/svp_simple_028/_mt_svp_simple_028_001_result/_cs_svp_simple_028_001_gloable_var_rww_mt_svp_simple_028_001.c line 188 function main_task_0 thread 0
----------------------------------------------------
  __cs_disable_thread[3l]=1 (1)

State 63 file /home/dell/zyworkspace/nichecker/Experiment/remarks2.1/svp_simple_028/_mt_svp_simple_028_001_result/_cs_svp_simple_028_001_gloable_var_rww_mt_svp_simple_028_001.c line 191 function main_task_0 thread 0
----------------------------------------------------
  __cs_disable_thread[4l]=1 (1)

State 64 file /home/dell/zyworkspace/nichecker/Experiment/remarks2.1/svp_simple_028/_mt_svp_simple_028_001_result/_cs_svp_simple_028_001_gloable_var_rww_mt_svp_simple_028_001.c line 194 function main_task_0 thread 0
----------------------------------------------------
  __cs_disable_thread[2l]=1 (1)

State 65 file /home/dell/zyworkspace/nichecker/Experiment/remarks2.1/svp_simple_028/_mt_svp_simple_028_001_result/_cs_svp_simple_028_001_gloable_var_rww_mt_svp_simple_028_001.c line 197 function main_task_0 thread 0
----------------------------------------------------
  __cs_disable_thread[0l]=1 (1)

State 66 file /home/dell/zyworkspace/nichecker/Experiment/remarks2.1/svp_simple_028/_mt_svp_simple_028_001_result/_cs_svp_simple_028_001_gloable_var_rww_mt_svp_simple_028_001.c line 202 function main_task_0 thread 0
----------------------------------------------------
  svp_simple_028_001_gloable_var=1879039742 (01101111111111111101111011111110)

State 68 file /home/dell/zyworkspace/nichecker/Experiment/remarks2.1/svp_simple_028/_mt_svp_simple_028_001_result/_cs_svp_simple_028_001_gloable_var_rww_mt_svp_simple_028_001.c line 207 function main_task_0 thread 0
----------------------------------------------------
  svp_simple_028_001_isr_1_flag=0 (00000000000000000000000000000000)

State 73 file /home/dell/zyworkspace/nichecker/Experiment/remarks2.1/svp_simple_028/_mt_svp_simple_028_001_result/_cs_svp_simple_028_001_gloable_var_rww_mt_svp_simple_028_001.c line 215 function main_task_0 thread 0
----------------------------------------------------
  __cs_disable_thread[3l]=0 (0)

State 74 file /home/dell/zyworkspace/nichecker/Experiment/remarks2.1/svp_simple_028/_mt_svp_simple_028_001_result/_cs_svp_simple_028_001_gloable_var_rww_mt_svp_simple_028_001.c line 218 function main_task_0 thread 0
----------------------------------------------------
  __cs_disable_thread[4l]=0 (0)

State 75 file /home/dell/zyworkspace/nichecker/Experiment/remarks2.1/svp_simple_028/_mt_svp_simple_028_001_result/_cs_svp_simple_028_001_gloable_var_rww_mt_svp_simple_028_001.c line 221 function main_task_0 thread 0
----------------------------------------------------
  __cs_disable_thread[2l]=0 (0)

State 76 file /home/dell/zyworkspace/nichecker/Experiment/remarks2.1/svp_simple_028/_mt_svp_simple_028_001_result/_cs_svp_simple_028_001_gloable_var_rww_mt_svp_simple_028_001.c line 224 function main_task_0 thread 0
----------------------------------------------------
  __cs_disable_thread[0l]=0 (0)

State 83 file /home/dell/zyworkspace/nichecker/Experiment/remarks2.1/svp_simple_028/_mt_svp_simple_028_001_result/_cs_svp_simple_028_001_gloable_var_rww_mt_svp_simple_028_001.c line 308 function main_task_0 thread 0
----------------------------------------------------
  __cs_value_ptr=NULL (0000000000000000000000000000000000000000000000000000000000000000)

State 88 file /home/dell/zyworkspace/nichecker/Experiment/remarks2.1/svp_simple_028/_mt_svp_simple_028_001_result/_cs_svp_simple_028_001_gloable_var_rww_mt_svp_simple_028_001.c line 468 function main thread 0
----------------------------------------------------
  __cs_pc[1l]=3 (011)

State 89 file /home/dell/zyworkspace/nichecker/Experiment/remarks2.1/svp_simple_028/_mt_svp_simple_028_001_result/_cs_svp_simple_028_001_gloable_var_rww_mt_svp_simple_028_001.c line 474 function main thread 0
----------------------------------------------------
  __cs_tmp_t2_r0=0 (000)

State 96 file /home/dell/zyworkspace/nichecker/Experiment/remarks2.1/svp_simple_028/_mt_svp_simple_028_001_result/_cs_svp_simple_028_001_gloable_var_rww_mt_svp_simple_028_001.c line 479 function main thread 0
----------------------------------------------------
  __cs_thread_index=2 (010)

State 97 file /home/dell/zyworkspace/nichecker/Experiment/remarks2.1/svp_simple_028/_mt_svp_simple_028_001_result/_cs_svp_simple_028_001_gloable_var_rww_mt_svp_simple_028_001.c line 481 function main thread 0
----------------------------------------------------
  __cs_pc_cs[2l]=0 (000)

State 102 file /home/dell/zyworkspace/nichecker/Experiment/remarks2.1/svp_simple_028/_mt_svp_simple_028_001_result/_cs_svp_simple_028_001_gloable_var_rww_mt_svp_simple_028_001.c line 487 function main thread 0
----------------------------------------------------
  __cs_param_svp_simple_028_001_isr_1_arg=NULL (0000000000000000000000000000000000000000000000000000000000000000)

State 111 file /home/dell/zyworkspace/nichecker/Experiment/remarks2.1/svp_simple_028/_mt_svp_simple_028_001_result/_cs_svp_simple_028_001_gloable_var_rww_mt_svp_simple_028_001.c line 442 function svp_simple_028_001_isr_1_0 thread 0
----------------------------------------------------
  __cs_value_ptr=NULL (0000000000000000000000000000000000000000000000000000000000000000)

State 116 file /home/dell/zyworkspace/nichecker/Experiment/remarks2.1/svp_simple_028/_mt_svp_simple_028_001_result/_cs_svp_simple_028_001_gloable_var_rww_mt_svp_simple_028_001.c line 489 function main thread 0
----------------------------------------------------
  __cs_pc[2l]=0 (000)

State 117 file /home/dell/zyworkspace/nichecker/Experiment/remarks2.1/svp_simple_028/_mt_svp_simple_028_001_result/_cs_svp_simple_028_001_gloable_var_rww_mt_svp_simple_028_001.c line 495 function main thread 0
----------------------------------------------------
  __cs_tmp_t3_r0=0 (000)

State 119 file /home/dell/zyworkspace/nichecker/Experiment/remarks2.1/svp_simple_028/_mt_svp_simple_028_001_result/_cs_svp_simple_028_001_gloable_var_rww_mt_svp_simple_028_001.c line 500 function main thread 0
----------------------------------------------------
  __cs_thread_index=3 (011)

State 120 file /home/dell/zyworkspace/nichecker/Experiment/remarks2.1/svp_simple_028/_mt_svp_simple_028_001_result/_cs_svp_simple_028_001_gloable_var_rww_mt_svp_simple_028_001.c line 502 function main thread 0
----------------------------------------------------
  __cs_pc_cs[3l]=0 (000)

State 125 file /home/dell/zyworkspace/nichecker/Experiment/remarks2.1/svp_simple_028/_mt_svp_simple_028_001_result/_cs_svp_simple_028_001_gloable_var_rww_mt_svp_simple_028_001.c line 508 function main thread 0
----------------------------------------------------
  __cs_param_svp_simple_028_001_isr_2_arg=NULL (0000000000000000000000000000000000000000000000000000000000000000)

State 132 file /home/dell/zyworkspace/nichecker/Experiment/remarks2.1/svp_simple_028/_mt_svp_simple_028_001_result/_cs_svp_simple_028_001_gloable_var_rww_mt_svp_simple_028_001.c line 363 function svp_simple_028_001_isr_2_0 thread 0
----------------------------------------------------
  __cs_value_ptr=NULL (0000000000000000000000000000000000000000000000000000000000000000)

State 137 file /home/dell/zyworkspace/nichecker/Experiment/remarks2.1/svp_simple_028/_mt_svp_simple_028_001_result/_cs_svp_simple_028_001_gloable_var_rww_mt_svp_simple_028_001.c line 510 function main thread 0
----------------------------------------------------
  __cs_pc[3l]=0 (000)

State 138 file /home/dell/zyworkspace/nichecker/Experiment/remarks2.1/svp_simple_028/_mt_svp_simple_028_001_result/_cs_svp_simple_028_001_gloable_var_rww_mt_svp_simple_028_001.c line 516 function main thread 0
----------------------------------------------------
  __cs_tmp_t4_r0=1 (1)

State 140 file /home/dell/zyworkspace/nichecker/Experiment/remarks2.1/svp_simple_028/_mt_svp_simple_028_001_result/_cs_svp_simple_028_001_gloable_var_rww_mt_svp_simple_028_001.c line 521 function main thread 0
----------------------------------------------------
  __cs_thread_index=4 (100)

State 141 file /home/dell/zyworkspace/nichecker/Experiment/remarks2.1/svp_simple_028/_mt_svp_simple_028_001_result/_cs_svp_simple_028_001_gloable_var_rww_mt_svp_simple_028_001.c line 523 function main thread 0
----------------------------------------------------
  __cs_pc_cs[4l]=1 (001)

State 146 file /home/dell/zyworkspace/nichecker/Experiment/remarks2.1/svp_simple_028/_mt_svp_simple_028_001_result/_cs_svp_simple_028_001_gloable_var_rww_mt_svp_simple_028_001.c line 529 function main thread 0
----------------------------------------------------
  __cs_param_svp_simple_028_001_isr_3_arg=NULL (0000000000000000000000000000000000000000000000000000000000000000)

State 148 file /home/dell/zyworkspace/nichecker/Experiment/remarks2.1/svp_simple_028/_mt_svp_simple_028_001_result/_cs_svp_simple_028_001_gloable_var_rww_mt_svp_simple_028_001.c line 374 function svp_simple_028_001_isr_3_0 thread 0
----------------------------------------------------
  __cs_temporary_0=0 (00000000000000000000000000000000)

State 149 file /home/dell/zyworkspace/nichecker/Experiment/remarks2.1/svp_simple_028/_mt_svp_simple_028_001_result/_cs_svp_simple_028_001_gloable_var_rww_mt_svp_simple_028_001.c line 376 function svp_simple_028_001_isr_3_0 thread 0
----------------------------------------------------
  __cs_temporary_0=1879039743 (01101111111111111101111011111111)

State 150 file /home/dell/zyworkspace/nichecker/Experiment/remarks2.1/svp_simple_028/_mt_svp_simple_028_001_result/_cs_svp_simple_028_001_gloable_var_rww_mt_svp_simple_028_001.c line 377 function svp_simple_028_001_isr_3_0 thread 0
----------------------------------------------------
  svp_simple_028_001_gloable_var=1879039743 (01101111111111111101111011111111)

State 154 file /home/dell/zyworkspace/nichecker/Experiment/remarks2.1/svp_simple_028/_mt_svp_simple_028_001_result/_cs_svp_simple_028_001_gloable_var_rww_mt_svp_simple_028_001.c line 388 function svp_simple_028_001_isr_3_0 thread 0
----------------------------------------------------
  __cs_value_ptr=NULL (0000000000000000000000000000000000000000000000000000000000000000)

State 159 file /home/dell/zyworkspace/nichecker/Experiment/remarks2.1/svp_simple_028/_mt_svp_simple_028_001_result/_cs_svp_simple_028_001_gloable_var_rww_mt_svp_simple_028_001.c line 531 function main thread 0
----------------------------------------------------
  __cs_pc[4l]=1 (001)

State 160 file /home/dell/zyworkspace/nichecker/Experiment/remarks2.1/svp_simple_028/_mt_svp_simple_028_001_result/_cs_svp_simple_028_001_gloable_var_rww_mt_svp_simple_028_001.c line 541 function main thread 0
----------------------------------------------------
  __cs_tmp_t1_r1=5 (101)

State 172 file /home/dell/zyworkspace/nichecker/Experiment/remarks2.1/svp_simple_028/_mt_svp_simple_028_001_result/_cs_svp_simple_028_001_gloable_var_rww_mt_svp_simple_028_001.c line 546 function main thread 0
----------------------------------------------------
  __cs_thread_index=1 (001)

State 173 file /home/dell/zyworkspace/nichecker/Experiment/remarks2.1/svp_simple_028/_mt_svp_simple_028_001_result/_cs_svp_simple_028_001_gloable_var_rww_mt_svp_simple_028_001.c line 548 function main thread 0
----------------------------------------------------
  __cs_pc_cs[1l]=5 (101)

State 178 file /home/dell/zyworkspace/nichecker/Experiment/remarks2.1/svp_simple_028/_mt_svp_simple_028_001_result/_cs_svp_simple_028_001_gloable_var_rww_mt_svp_simple_028_001.c line 554 function main thread 0
----------------------------------------------------
  __cs_param_main_task_arg=NULL (0000000000000000000000000000000000000000000000000000000000000000)

State 186 file /home/dell/zyworkspace/nichecker/Experiment/remarks2.1/svp_simple_028/_mt_svp_simple_028_001_result/_cs_svp_simple_028_001_gloable_var_rww_mt_svp_simple_028_001.c line 239 function main_task_0 thread 0
----------------------------------------------------
  __cs_disable_thread[3l]=1 (1)

State 187 file /home/dell/zyworkspace/nichecker/Experiment/remarks2.1/svp_simple_028/_mt_svp_simple_028_001_result/_cs_svp_simple_028_001_gloable_var_rww_mt_svp_simple_028_001.c line 242 function main_task_0 thread 0
----------------------------------------------------
  __cs_disable_thread[4l]=1 (1)

State 188 file /home/dell/zyworkspace/nichecker/Experiment/remarks2.1/svp_simple_028/_mt_svp_simple_028_001_result/_cs_svp_simple_028_001_gloable_var_rww_mt_svp_simple_028_001.c line 245 function main_task_0 thread 0
----------------------------------------------------
  __cs_disable_thread[2l]=1 (1)

State 189 file /home/dell/zyworkspace/nichecker/Experiment/remarks2.1/svp_simple_028/_mt_svp_simple_028_001_result/_cs_svp_simple_028_001_gloable_var_rww_mt_svp_simple_028_001.c line 248 function main_task_0 thread 0
----------------------------------------------------
  __cs_disable_thread[0l]=1 (1)

State 193 file /home/dell/zyworkspace/nichecker/Experiment/remarks2.1/svp_simple_028/_mt_svp_simple_028_001_result/_cs_svp_simple_028_001_gloable_var_rww_mt_svp_simple_028_001.c line 255 function main_task_0 thread 0
----------------------------------------------------
  __cs_disable_thread[2l]=0 (0)

State 195 file /home/dell/zyworkspace/nichecker/Experiment/remarks2.1/svp_simple_028/_mt_svp_simple_028_001_result/_cs_svp_simple_028_001_gloable_var_rww_mt_svp_simple_028_001.c line 264 function main_task_0 thread 0
----------------------------------------------------
  __cs_local_main_task___cs_tmp_if_cond_0=TRUE (00000001)

State 196 file /home/dell/zyworkspace/nichecker/Experiment/remarks2.1/svp_simple_028/_mt_svp_simple_028_001_result/_cs_svp_simple_028_001_gloable_var_rww_mt_svp_simple_028_001.c line 266 function main_task_0 thread 0
----------------------------------------------------
  rww_r_tmp1_num=1 (00000000000000000000000000000001)

State 197 file /home/dell/zyworkspace/nichecker/Experiment/remarks2.1/svp_simple_028/_mt_svp_simple_028_001_result/_cs_svp_simple_028_001_gloable_var_rww_mt_svp_simple_028_001.c line 267 function main_task_0 thread 0
----------------------------------------------------
  rww_r_tmp1=1879039743 (01101111111111111101111011111111)

State 202 file /home/dell/zyworkspace/nichecker/Experiment/remarks2.1/svp_simple_028/_mt_svp_simple_028_001_result/_cs_svp_simple_028_001_gloable_var_rww_mt_svp_simple_028_001.c line 308 function main_task_0 thread 0
----------------------------------------------------
  __cs_value_ptr=NULL (0000000000000000000000000000000000000000000000000000000000000000)

State 207 file /home/dell/zyworkspace/nichecker/Experiment/remarks2.1/svp_simple_028/_mt_svp_simple_028_001_result/_cs_svp_simple_028_001_gloable_var_rww_mt_svp_simple_028_001.c line 556 function main thread 0
----------------------------------------------------
  __cs_pc[1l]=5 (101)

State 208 file /home/dell/zyworkspace/nichecker/Experiment/remarks2.1/svp_simple_028/_mt_svp_simple_028_001_result/_cs_svp_simple_028_001_gloable_var_rww_mt_svp_simple_028_001.c line 562 function main thread 0
----------------------------------------------------
  __cs_tmp_t2_r1=3 (011)

State 215 file /home/dell/zyworkspace/nichecker/Experiment/remarks2.1/svp_simple_028/_mt_svp_simple_028_001_result/_cs_svp_simple_028_001_gloable_var_rww_mt_svp_simple_028_001.c line 567 function main thread 0
----------------------------------------------------
  __cs_thread_index=2 (010)

State 216 file /home/dell/zyworkspace/nichecker/Experiment/remarks2.1/svp_simple_028/_mt_svp_simple_028_001_result/_cs_svp_simple_028_001_gloable_var_rww_mt_svp_simple_028_001.c line 569 function main thread 0
----------------------------------------------------
  __cs_pc_cs[2l]=3 (011)

State 221 file /home/dell/zyworkspace/nichecker/Experiment/remarks2.1/svp_simple_028/_mt_svp_simple_028_001_result/_cs_svp_simple_028_001_gloable_var_rww_mt_svp_simple_028_001.c line 575 function main thread 0
----------------------------------------------------
  __cs_param_svp_simple_028_001_isr_1_arg=NULL (0000000000000000000000000000000000000000000000000000000000000000)

State 223 file /home/dell/zyworkspace/nichecker/Experiment/remarks2.1/svp_simple_028/_mt_svp_simple_028_001_result/_cs_svp_simple_028_001_gloable_var_rww_mt_svp_simple_028_001.c line 399 function svp_simple_028_001_isr_1_0 thread 0
----------------------------------------------------
  __cs_temporary_0=0 (00000000000000000000000000000000)

State 225 file /home/dell/zyworkspace/nichecker/Experiment/remarks2.1/svp_simple_028/_mt_svp_simple_028_001_result/_cs_svp_simple_028_001_gloable_var_rww_mt_svp_simple_028_001.c line 403 function svp_simple_028_001_isr_1_0 thread 0
----------------------------------------------------
  __cs_temporary_0=1879039744 (01101111111111111101111100000000)

State 226 file /home/dell/zyworkspace/nichecker/Experiment/remarks2.1/svp_simple_028/_mt_svp_simple_028_001_result/_cs_svp_simple_028_001_gloable_var_rww_mt_svp_simple_028_001.c line 405 function svp_simple_028_001_isr_1_0 thread 0
----------------------------------------------------
  rww_r_tmp2_num=1 (00000000000000000000000000000001)

State 227 file /home/dell/zyworkspace/nichecker/Experiment/remarks2.1/svp_simple_028/_mt_svp_simple_028_001_result/_cs_svp_simple_028_001_gloable_var_rww_mt_svp_simple_028_001.c line 406 function svp_simple_028_001_isr_1_0 thread 0
----------------------------------------------------
  rww_r_tmp2=1879039743 (01101111111111111101111011111111)

State 229 file /home/dell/zyworkspace/nichecker/Experiment/remarks2.1/svp_simple_028/_mt_svp_simple_028_001_result/_cs_svp_simple_028_001_gloable_var_rww_mt_svp_simple_028_001.c line 411 function svp_simple_028_001_isr_1_0 thread 0
----------------------------------------------------
  rww_w3=1879039743 (01101111111111111101111011111111)

State 232 file /home/dell/zyworkspace/nichecker/Experiment/remarks2.1/svp_simple_028/_mt_svp_simple_028_001_result/_cs_svp_simple_028_001_gloable_var_rww_mt_svp_simple_028_001.c line 414 function svp_simple_028_001_isr_1_0 thread 0
----------------------------------------------------
  rww_r_tmp2_num=0 (00000000000000000000000000000000)

State 233 file /home/dell/zyworkspace/nichecker/Experiment/remarks2.1/svp_simple_028/_mt_svp_simple_028_001_result/_cs_svp_simple_028_001_gloable_var_rww_mt_svp_simple_028_001.c line 417 function svp_simple_028_001_isr_1_0 thread 0
----------------------------------------------------
  svp_simple_028_001_gloable_var=1879039744 (01101111111111111101111100000000)

State 239 file /home/dell/zyworkspace/nichecker/Experiment/remarks2.1/svp_simple_028/_mt_svp_simple_028_001_result/_cs_svp_simple_028_001_gloable_var_rww_mt_svp_simple_028_001.c line 442 function svp_simple_028_001_isr_1_0 thread 0
----------------------------------------------------
  __cs_value_ptr=NULL (0000000000000000000000000000000000000000000000000000000000000000)

State 244 file /home/dell/zyworkspace/nichecker/Experiment/remarks2.1/svp_simple_028/_mt_svp_simple_028_001_result/_cs_svp_simple_028_001_gloable_var_rww_mt_svp_simple_028_001.c line 577 function main thread 0
----------------------------------------------------
  __cs_pc[2l]=3 (011)

State 245 file /home/dell/zyworkspace/nichecker/Experiment/remarks2.1/svp_simple_028/_mt_svp_simple_028_001_result/_cs_svp_simple_028_001_gloable_var_rww_mt_svp_simple_028_001.c line 583 function main thread 0
----------------------------------------------------
  __cs_tmp_t3_r1=1 (001)

State 247 file /home/dell/zyworkspace/nichecker/Experiment/remarks2.1/svp_simple_028/_mt_svp_simple_028_001_result/_cs_svp_simple_028_001_gloable_var_rww_mt_svp_simple_028_001.c line 604 function main thread 0
----------------------------------------------------
  __cs_tmp_t4_r1=0 (0)

State 249 file /home/dell/zyworkspace/nichecker/Experiment/remarks2.1/svp_simple_028/_mt_svp_simple_028_001_result/_cs_svp_simple_028_001_gloable_var_rww_mt_svp_simple_028_001.c line 623 function main thread 0
----------------------------------------------------
  __cs_tmp_t1_r2=6u (00000000000000000000000000000110)

State 251 file /home/dell/zyworkspace/nichecker/Experiment/remarks2.1/svp_simple_028/_mt_svp_simple_028_001_result/_cs_svp_simple_028_001_gloable_var_rww_mt_svp_simple_028_001.c line 628 function main thread 0
----------------------------------------------------
  __cs_thread_index=1 (001)

State 252 file /home/dell/zyworkspace/nichecker/Experiment/remarks2.1/svp_simple_028/_mt_svp_simple_028_001_result/_cs_svp_simple_028_001_gloable_var_rww_mt_svp_simple_028_001.c line 630 function main thread 0
----------------------------------------------------
  __cs_pc_cs[1l]=6 (110)

State 257 file /home/dell/zyworkspace/nichecker/Experiment/remarks2.1/svp_simple_028/_mt_svp_simple_028_001_result/_cs_svp_simple_028_001_gloable_var_rww_mt_svp_simple_028_001.c line 636 function main thread 0
----------------------------------------------------
  __cs_param_main_task_arg=NULL (0000000000000000000000000000000000000000000000000000000000000000)

State 265 file /home/dell/zyworkspace/nichecker/Experiment/remarks2.1/svp_simple_028/_mt_svp_simple_028_001_result/_cs_svp_simple_028_001_gloable_var_rww_mt_svp_simple_028_001.c line 277 function main_task_0 thread 0
----------------------------------------------------
  rww_w1=1879039744 (01101111111111111101111100000000)

Violated property:
  file /home/dell/zyworkspace/nichecker/Experiment/remarks2.1/svp_simple_028/_mt_svp_simple_028_001_result/_cs_svp_simple_028_001_gloable_var_rww_mt_svp_simple_028_001.c line 279 function main_task_0
  assertion rww_w1 == rww_r_tmp1
  rww_w1 == rww_r_tmp1


Trace for svp_simple_028_001_isr_2_0.assertion.1:

State 49 file /home/dell/zyworkspace/nichecker/Experiment/remarks2.1/svp_simple_028/_mt_svp_simple_028_001_result/_cs_svp_simple_028_001_gloable_var_rww_mt_svp_simple_028_001.c line 454 function main thread 0
----------------------------------------------------
  __cs_tmp_t1_r0=3 (011)

State 51 file /home/dell/zyworkspace/nichecker/Experiment/remarks2.1/svp_simple_028/_mt_svp_simple_028_001_result/_cs_svp_simple_028_001_gloable_var_rww_mt_svp_simple_028_001.c line 458 function main thread 0
----------------------------------------------------
  __cs_thread_index=1 (001)

State 52 file /home/dell/zyworkspace/nichecker/Experiment/remarks2.1/svp_simple_028/_mt_svp_simple_028_001_result/_cs_svp_simple_028_001_gloable_var_rww_mt_svp_simple_028_001.c line 460 function main thread 0
----------------------------------------------------
  __cs_pc_cs[1l]=3 (011)

State 57 file /home/dell/zyworkspace/nichecker/Experiment/remarks2.1/svp_simple_028/_mt_svp_simple_028_001_result/_cs_svp_simple_028_001_gloable_var_rww_mt_svp_simple_028_001.c line 466 function main thread 0
----------------------------------------------------
  __cs_param_main_task_arg=NULL (0000000000000000000000000000000000000000000000000000000000000000)

State 62 file /home/dell/zyworkspace/nichecker/Experiment/remarks2.1/svp_simple_028/_mt_svp_simple_028_001_result/_cs_svp_simple_028_001_gloable_var_rww_mt_svp_simple_028_001.c line 188 function main_task_0 thread 0
----------------------------------------------------
  __cs_disable_thread[3l]=1 (1)

State 63 file /home/dell/zyworkspace/nichecker/Experiment/remarks2.1/svp_simple_028/_mt_svp_simple_028_001_result/_cs_svp_simple_028_001_gloable_var_rww_mt_svp_simple_028_001.c line 191 function main_task_0 thread 0
----------------------------------------------------
  __cs_disable_thread[4l]=1 (1)

State 64 file /home/dell/zyworkspace/nichecker/Experiment/remarks2.1/svp_simple_028/_mt_svp_simple_028_001_result/_cs_svp_simple_028_001_gloable_var_rww_mt_svp_simple_028_001.c line 194 function main_task_0 thread 0
----------------------------------------------------
  __cs_disable_thread[2l]=1 (1)

State 65 file /home/dell/zyworkspace/nichecker/Experiment/remarks2.1/svp_simple_028/_mt_svp_simple_028_001_result/_cs_svp_simple_028_001_gloable_var_rww_mt_svp_simple_028_001.c line 197 function main_task_0 thread 0
----------------------------------------------------
  __cs_disable_thread[0l]=1 (1)

State 66 file /home/dell/zyworkspace/nichecker/Experiment/remarks2.1/svp_simple_028/_mt_svp_simple_028_001_result/_cs_svp_simple_028_001_gloable_var_rww_mt_svp_simple_028_001.c line 202 function main_task_0 thread 0
----------------------------------------------------
  svp_simple_028_001_gloable_var=2097061374 (01111100111111101001110111111110)

State 68 file /home/dell/zyworkspace/nichecker/Experiment/remarks2.1/svp_simple_028/_mt_svp_simple_028_001_result/_cs_svp_simple_028_001_gloable_var_rww_mt_svp_simple_028_001.c line 207 function main_task_0 thread 0
----------------------------------------------------
  svp_simple_028_001_isr_1_flag=536870912 (00100000000000000000000000000000)

State 73 file /home/dell/zyworkspace/nichecker/Experiment/remarks2.1/svp_simple_028/_mt_svp_simple_028_001_result/_cs_svp_simple_028_001_gloable_var_rww_mt_svp_simple_028_001.c line 215 function main_task_0 thread 0
----------------------------------------------------
  __cs_disable_thread[3l]=0 (0)

State 74 file /home/dell/zyworkspace/nichecker/Experiment/remarks2.1/svp_simple_028/_mt_svp_simple_028_001_result/_cs_svp_simple_028_001_gloable_var_rww_mt_svp_simple_028_001.c line 218 function main_task_0 thread 0
----------------------------------------------------
  __cs_disable_thread[4l]=0 (0)

State 75 file /home/dell/zyworkspace/nichecker/Experiment/remarks2.1/svp_simple_028/_mt_svp_simple_028_001_result/_cs_svp_simple_028_001_gloable_var_rww_mt_svp_simple_028_001.c line 221 function main_task_0 thread 0
----------------------------------------------------
  __cs_disable_thread[2l]=0 (0)

State 76 file /home/dell/zyworkspace/nichecker/Experiment/remarks2.1/svp_simple_028/_mt_svp_simple_028_001_result/_cs_svp_simple_028_001_gloable_var_rww_mt_svp_simple_028_001.c line 224 function main_task_0 thread 0
----------------------------------------------------
  __cs_disable_thread[0l]=0 (0)

State 83 file /home/dell/zyworkspace/nichecker/Experiment/remarks2.1/svp_simple_028/_mt_svp_simple_028_001_result/_cs_svp_simple_028_001_gloable_var_rww_mt_svp_simple_028_001.c line 308 function main_task_0 thread 0
----------------------------------------------------
  __cs_value_ptr=NULL (0000000000000000000000000000000000000000000000000000000000000000)

State 88 file /home/dell/zyworkspace/nichecker/Experiment/remarks2.1/svp_simple_028/_mt_svp_simple_028_001_result/_cs_svp_simple_028_001_gloable_var_rww_mt_svp_simple_028_001.c line 468 function main thread 0
----------------------------------------------------
  __cs_pc[1l]=3 (011)

State 89 file /home/dell/zyworkspace/nichecker/Experiment/remarks2.1/svp_simple_028/_mt_svp_simple_028_001_result/_cs_svp_simple_028_001_gloable_var_rww_mt_svp_simple_028_001.c line 474 function main thread 0
----------------------------------------------------
  __cs_tmp_t2_r0=3 (011)

State 96 file /home/dell/zyworkspace/nichecker/Experiment/remarks2.1/svp_simple_028/_mt_svp_simple_028_001_result/_cs_svp_simple_028_001_gloable_var_rww_mt_svp_simple_028_001.c line 479 function main thread 0
----------------------------------------------------
  __cs_thread_index=2 (010)

State 97 file /home/dell/zyworkspace/nichecker/Experiment/remarks2.1/svp_simple_028/_mt_svp_simple_028_001_result/_cs_svp_simple_028_001_gloable_var_rww_mt_svp_simple_028_001.c line 481 function main thread 0
----------------------------------------------------
  __cs_pc_cs[2l]=3 (011)

State 102 file /home/dell/zyworkspace/nichecker/Experiment/remarks2.1/svp_simple_028/_mt_svp_simple_028_001_result/_cs_svp_simple_028_001_gloable_var_rww_mt_svp_simple_028_001.c line 487 function main thread 0
----------------------------------------------------
  __cs_param_svp_simple_028_001_isr_1_arg=NULL (0000000000000000000000000000000000000000000000000000000000000000)

State 104 file /home/dell/zyworkspace/nichecker/Experiment/remarks2.1/svp_simple_028/_mt_svp_simple_028_001_result/_cs_svp_simple_028_001_gloable_var_rww_mt_svp_simple_028_001.c line 399 function svp_simple_028_001_isr_1_0 thread 0
----------------------------------------------------
  __cs_temporary_0=0 (00000000000000000000000000000000)

State 106 file /home/dell/zyworkspace/nichecker/Experiment/remarks2.1/svp_simple_028/_mt_svp_simple_028_001_result/_cs_svp_simple_028_001_gloable_var_rww_mt_svp_simple_028_001.c line 403 function svp_simple_028_001_isr_1_0 thread 0
----------------------------------------------------
  __cs_temporary_0=2097061375 (01111100111111101001110111111111)

State 107 file /home/dell/zyworkspace/nichecker/Experiment/remarks2.1/svp_simple_028/_mt_svp_simple_028_001_result/_cs_svp_simple_028_001_gloable_var_rww_mt_svp_simple_028_001.c line 405 function svp_simple_028_001_isr_1_0 thread 0
----------------------------------------------------
  rww_r_tmp2_num=1 (00000000000000000000000000000001)

State 108 file /home/dell/zyworkspace/nichecker/Experiment/remarks2.1/svp_simple_028/_mt_svp_simple_028_001_result/_cs_svp_simple_028_001_gloable_var_rww_mt_svp_simple_028_001.c line 406 function svp_simple_028_001_isr_1_0 thread 0
----------------------------------------------------
  rww_r_tmp2=2097061374 (01111100111111101001110111111110)

State 110 file /home/dell/zyworkspace/nichecker/Experiment/remarks2.1/svp_simple_028/_mt_svp_simple_028_001_result/_cs_svp_simple_028_001_gloable_var_rww_mt_svp_simple_028_001.c line 411 function svp_simple_028_001_isr_1_0 thread 0
----------------------------------------------------
  rww_w3=2097061374 (01111100111111101001110111111110)

State 113 file /home/dell/zyworkspace/nichecker/Experiment/remarks2.1/svp_simple_028/_mt_svp_simple_028_001_result/_cs_svp_simple_028_001_gloable_var_rww_mt_svp_simple_028_001.c line 414 function svp_simple_028_001_isr_1_0 thread 0
----------------------------------------------------
  rww_r_tmp2_num=0 (00000000000000000000000000000000)

State 114 file /home/dell/zyworkspace/nichecker/Experiment/remarks2.1/svp_simple_028/_mt_svp_simple_028_001_result/_cs_svp_simple_028_001_gloable_var_rww_mt_svp_simple_028_001.c line 417 function svp_simple_028_001_isr_1_0 thread 0
----------------------------------------------------
  svp_simple_028_001_gloable_var=2097061375 (01111100111111101001110111111111)

State 120 file /home/dell/zyworkspace/nichecker/Experiment/remarks2.1/svp_simple_028/_mt_svp_simple_028_001_result/_cs_svp_simple_028_001_gloable_var_rww_mt_svp_simple_028_001.c line 442 function svp_simple_028_001_isr_1_0 thread 0
----------------------------------------------------
  __cs_value_ptr=NULL (0000000000000000000000000000000000000000000000000000000000000000)

State 125 file /home/dell/zyworkspace/nichecker/Experiment/remarks2.1/svp_simple_028/_mt_svp_simple_028_001_result/_cs_svp_simple_028_001_gloable_var_rww_mt_svp_simple_028_001.c line 489 function main thread 0
----------------------------------------------------
  __cs_pc[2l]=3 (011)

State 126 file /home/dell/zyworkspace/nichecker/Experiment/remarks2.1/svp_simple_028/_mt_svp_simple_028_001_result/_cs_svp_simple_028_001_gloable_var_rww_mt_svp_simple_028_001.c line 495 function main thread 0
----------------------------------------------------
  __cs_tmp_t3_r0=2 (010)

State 128 file /home/dell/zyworkspace/nichecker/Experiment/remarks2.1/svp_simple_028/_mt_svp_simple_028_001_result/_cs_svp_simple_028_001_gloable_var_rww_mt_svp_simple_028_001.c line 500 function main thread 0
----------------------------------------------------
  __cs_thread_index=3 (011)

State 129 file /home/dell/zyworkspace/nichecker/Experiment/remarks2.1/svp_simple_028/_mt_svp_simple_028_001_result/_cs_svp_simple_028_001_gloable_var_rww_mt_svp_simple_028_001.c line 502 function main thread 0
----------------------------------------------------
  __cs_pc_cs[3l]=2 (010)

State 134 file /home/dell/zyworkspace/nichecker/Experiment/remarks2.1/svp_simple_028/_mt_svp_simple_028_001_result/_cs_svp_simple_028_001_gloable_var_rww_mt_svp_simple_028_001.c line 508 function main thread 0
----------------------------------------------------
  __cs_param_svp_simple_028_001_isr_2_arg=NULL (0000000000000000000000000000000000000000000000000000000000000000)

State 136 file /home/dell/zyworkspace/nichecker/Experiment/remarks2.1/svp_simple_028/_mt_svp_simple_028_001_result/_cs_svp_simple_028_001_gloable_var_rww_mt_svp_simple_028_001.c line 320 function svp_simple_028_001_isr_2_0 thread 0
----------------------------------------------------
  __cs_local_svp_simple_028_001_isr_2___cs_tmp_if_cond_1=TRUE (00000001)

State 138 file /home/dell/zyworkspace/nichecker/Experiment/remarks2.1/svp_simple_028/_mt_svp_simple_028_001_result/_cs_svp_simple_028_001_gloable_var_rww_mt_svp_simple_028_001.c line 327 function svp_simple_028_001_isr_2_0 thread 0
----------------------------------------------------
  __cs_temporary_0=0 (00000000000000000000000000000000)

State 140 file /home/dell/zyworkspace/nichecker/Experiment/remarks2.1/svp_simple_028/_mt_svp_simple_028_001_result/_cs_svp_simple_028_001_gloable_var_rww_mt_svp_simple_028_001.c line 331 function svp_simple_028_001_isr_2_0 thread 0
----------------------------------------------------
  __cs_temporary_0=2097061376 (01111100111111101001111000000000)

State 141 file /home/dell/zyworkspace/nichecker/Experiment/remarks2.1/svp_simple_028/_mt_svp_simple_028_001_result/_cs_svp_simple_028_001_gloable_var_rww_mt_svp_simple_028_001.c line 333 function svp_simple_028_001_isr_2_0 thread 0
----------------------------------------------------
  rww_r_tmp3_num=1 (00000000000000000000000000000001)

State 142 file /home/dell/zyworkspace/nichecker/Experiment/remarks2.1/svp_simple_028/_mt_svp_simple_028_001_result/_cs_svp_simple_028_001_gloable_var_rww_mt_svp_simple_028_001.c line 334 function svp_simple_028_001_isr_2_0 thread 0
----------------------------------------------------
  rww_r_tmp3=2097061375 (01111100111111101001110111111111)

State 147 file /home/dell/zyworkspace/nichecker/Experiment/remarks2.1/svp_simple_028/_mt_svp_simple_028_001_result/_cs_svp_simple_028_001_gloable_var_rww_mt_svp_simple_028_001.c line 363 function svp_simple_028_001_isr_2_0 thread 0
----------------------------------------------------
  __cs_value_ptr=NULL (0000000000000000000000000000000000000000000000000000000000000000)

State 152 file /home/dell/zyworkspace/nichecker/Experiment/remarks2.1/svp_simple_028/_mt_svp_simple_028_001_result/_cs_svp_simple_028_001_gloable_var_rww_mt_svp_simple_028_001.c line 510 function main thread 0
----------------------------------------------------
  __cs_pc[3l]=2 (010)

State 153 file /home/dell/zyworkspace/nichecker/Experiment/remarks2.1/svp_simple_028/_mt_svp_simple_028_001_result/_cs_svp_simple_028_001_gloable_var_rww_mt_svp_simple_028_001.c line 516 function main thread 0
----------------------------------------------------
  __cs_tmp_t4_r0=1 (1)

State 155 file /home/dell/zyworkspace/nichecker/Experiment/remarks2.1/svp_simple_028/_mt_svp_simple_028_001_result/_cs_svp_simple_028_001_gloable_var_rww_mt_svp_simple_028_001.c line 521 function main thread 0
----------------------------------------------------
  __cs_thread_index=4 (100)

State 156 file /home/dell/zyworkspace/nichecker/Experiment/remarks2.1/svp_simple_028/_mt_svp_simple_028_001_result/_cs_svp_simple_028_001_gloable_var_rww_mt_svp_simple_028_001.c line 523 function main thread 0
----------------------------------------------------
  __cs_pc_cs[4l]=1 (001)

State 161 file /home/dell/zyworkspace/nichecker/Experiment/remarks2.1/svp_simple_028/_mt_svp_simple_028_001_result/_cs_svp_simple_028_001_gloable_var_rww_mt_svp_simple_028_001.c line 529 function main thread 0
----------------------------------------------------
  __cs_param_svp_simple_028_001_isr_3_arg=NULL (0000000000000000000000000000000000000000000000000000000000000000)

State 163 file /home/dell/zyworkspace/nichecker/Experiment/remarks2.1/svp_simple_028/_mt_svp_simple_028_001_result/_cs_svp_simple_028_001_gloable_var_rww_mt_svp_simple_028_001.c line 374 function svp_simple_028_001_isr_3_0 thread 0
----------------------------------------------------
  __cs_temporary_0=0 (00000000000000000000000000000000)

State 164 file /home/dell/zyworkspace/nichecker/Experiment/remarks2.1/svp_simple_028/_mt_svp_simple_028_001_result/_cs_svp_simple_028_001_gloable_var_rww_mt_svp_simple_028_001.c line 376 function svp_simple_028_001_isr_3_0 thread 0
----------------------------------------------------
  __cs_temporary_0=2097061376 (01111100111111101001111000000000)

State 165 file /home/dell/zyworkspace/nichecker/Experiment/remarks2.1/svp_simple_028/_mt_svp_simple_028_001_result/_cs_svp_simple_028_001_gloable_var_rww_mt_svp_simple_028_001.c line 377 function svp_simple_028_001_isr_3_0 thread 0
----------------------------------------------------
  svp_simple_028_001_gloable_var=2097061376 (01111100111111101001111000000000)

State 169 file /home/dell/zyworkspace/nichecker/Experiment/remarks2.1/svp_simple_028/_mt_svp_simple_028_001_result/_cs_svp_simple_028_001_gloable_var_rww_mt_svp_simple_028_001.c line 388 function svp_simple_028_001_isr_3_0 thread 0
----------------------------------------------------
  __cs_value_ptr=NULL (0000000000000000000000000000000000000000000000000000000000000000)

State 174 file /home/dell/zyworkspace/nichecker/Experiment/remarks2.1/svp_simple_028/_mt_svp_simple_028_001_result/_cs_svp_simple_028_001_gloable_var_rww_mt_svp_simple_028_001.c line 531 function main thread 0
----------------------------------------------------
  __cs_pc[4l]=1 (001)

State 175 file /home/dell/zyworkspace/nichecker/Experiment/remarks2.1/svp_simple_028/_mt_svp_simple_028_001_result/_cs_svp_simple_028_001_gloable_var_rww_mt_svp_simple_028_001.c line 541 function main thread 0
----------------------------------------------------
  __cs_tmp_t1_r1=3 (011)

State 181 file /home/dell/zyworkspace/nichecker/Experiment/remarks2.1/svp_simple_028/_mt_svp_simple_028_001_result/_cs_svp_simple_028_001_gloable_var_rww_mt_svp_simple_028_001.c line 562 function main thread 0
----------------------------------------------------
  __cs_tmp_t2_r1=3 (011)

State 187 file /home/dell/zyworkspace/nichecker/Experiment/remarks2.1/svp_simple_028/_mt_svp_simple_028_001_result/_cs_svp_simple_028_001_gloable_var_rww_mt_svp_simple_028_001.c line 583 function main thread 0
----------------------------------------------------
  __cs_tmp_t3_r1=3 (011)

State 189 file /home/dell/zyworkspace/nichecker/Experiment/remarks2.1/svp_simple_028/_mt_svp_simple_028_001_result/_cs_svp_simple_028_001_gloable_var_rww_mt_svp_simple_028_001.c line 588 function main thread 0
----------------------------------------------------
  __cs_thread_index=3 (011)

State 190 file /home/dell/zyworkspace/nichecker/Experiment/remarks2.1/svp_simple_028/_mt_svp_simple_028_001_result/_cs_svp_simple_028_001_gloable_var_rww_mt_svp_simple_028_001.c line 590 function main thread 0
----------------------------------------------------
  __cs_pc_cs[3l]=3 (011)

State 195 file /home/dell/zyworkspace/nichecker/Experiment/remarks2.1/svp_simple_028/_mt_svp_simple_028_001_result/_cs_svp_simple_028_001_gloable_var_rww_mt_svp_simple_028_001.c line 596 function main thread 0
----------------------------------------------------
  __cs_param_svp_simple_028_001_isr_2_arg=NULL (0000000000000000000000000000000000000000000000000000000000000000)

State 199 file /home/dell/zyworkspace/nichecker/Experiment/remarks2.1/svp_simple_028/_mt_svp_simple_028_001_result/_cs_svp_simple_028_001_gloable_var_rww_mt_svp_simple_028_001.c line 339 function svp_simple_028_001_isr_2_0 thread 0
----------------------------------------------------
  rww_w2=2097061376 (01111100111111101001111000000000)

Violated property:
  file /home/dell/zyworkspace/nichecker/Experiment/remarks2.1/svp_simple_028/_mt_svp_simple_028_001_result/_cs_svp_simple_028_001_gloable_var_rww_mt_svp_simple_028_001.c line 341 function svp_simple_028_001_isr_2_0
  assertion rww_w2 == rww_r_tmp3
  rww_w2 == rww_r_tmp3


Trace for svp_simple_028_001_isr_1_0.assertion.1:

State 49 file /home/dell/zyworkspace/nichecker/Experiment/remarks2.1/svp_simple_028/_mt_svp_simple_028_001_result/_cs_svp_simple_028_001_gloable_var_rww_mt_svp_simple_028_001.c line 454 function main thread 0
----------------------------------------------------
  __cs_tmp_t1_r0=3 (011)

State 51 file /home/dell/zyworkspace/nichecker/Experiment/remarks2.1/svp_simple_028/_mt_svp_simple_028_001_result/_cs_svp_simple_028_001_gloable_var_rww_mt_svp_simple_028_001.c line 458 function main thread 0
----------------------------------------------------
  __cs_thread_index=1 (001)

State 52 file /home/dell/zyworkspace/nichecker/Experiment/remarks2.1/svp_simple_028/_mt_svp_simple_028_001_result/_cs_svp_simple_028_001_gloable_var_rww_mt_svp_simple_028_001.c line 460 function main thread 0
----------------------------------------------------
  __cs_pc_cs[1l]=3 (011)

State 57 file /home/dell/zyworkspace/nichecker/Experiment/remarks2.1/svp_simple_028/_mt_svp_simple_028_001_result/_cs_svp_simple_028_001_gloable_var_rww_mt_svp_simple_028_001.c line 466 function main thread 0
----------------------------------------------------
  __cs_param_main_task_arg=NULL (0000000000000000000000000000000000000000000000000000000000000000)

State 62 file /home/dell/zyworkspace/nichecker/Experiment/remarks2.1/svp_simple_028/_mt_svp_simple_028_001_result/_cs_svp_simple_028_001_gloable_var_rww_mt_svp_simple_028_001.c line 188 function main_task_0 thread 0
----------------------------------------------------
  __cs_disable_thread[3l]=1 (1)

State 63 file /home/dell/zyworkspace/nichecker/Experiment/remarks2.1/svp_simple_028/_mt_svp_simple_028_001_result/_cs_svp_simple_028_001_gloable_var_rww_mt_svp_simple_028_001.c line 191 function main_task_0 thread 0
----------------------------------------------------
  __cs_disable_thread[4l]=1 (1)

State 64 file /home/dell/zyworkspace/nichecker/Experiment/remarks2.1/svp_simple_028/_mt_svp_simple_028_001_result/_cs_svp_simple_028_001_gloable_var_rww_mt_svp_simple_028_001.c line 194 function main_task_0 thread 0
----------------------------------------------------
  __cs_disable_thread[2l]=1 (1)

State 65 file /home/dell/zyworkspace/nichecker/Experiment/remarks2.1/svp_simple_028/_mt_svp_simple_028_001_result/_cs_svp_simple_028_001_gloable_var_rww_mt_svp_simple_028_001.c line 197 function main_task_0 thread 0
----------------------------------------------------
  __cs_disable_thread[0l]=1 (1)

State 66 file /home/dell/zyworkspace/nichecker/Experiment/remarks2.1/svp_simple_028/_mt_svp_simple_028_001_result/_cs_svp_simple_028_001_gloable_var_rww_mt_svp_simple_028_001.c line 202 function main_task_0 thread 0
----------------------------------------------------
  svp_simple_028_001_gloable_var=33554591 (00000010000000000000000010011111)

State 68 file /home/dell/zyworkspace/nichecker/Experiment/remarks2.1/svp_simple_028/_mt_svp_simple_028_001_result/_cs_svp_simple_028_001_gloable_var_rww_mt_svp_simple_028_001.c line 207 function main_task_0 thread 0
----------------------------------------------------
  svp_simple_028_001_isr_1_flag=0 (00000000000000000000000000000000)

State 73 file /home/dell/zyworkspace/nichecker/Experiment/remarks2.1/svp_simple_028/_mt_svp_simple_028_001_result/_cs_svp_simple_028_001_gloable_var_rww_mt_svp_simple_028_001.c line 215 function main_task_0 thread 0
----------------------------------------------------
  __cs_disable_thread[3l]=0 (0)

State 74 file /home/dell/zyworkspace/nichecker/Experiment/remarks2.1/svp_simple_028/_mt_svp_simple_028_001_result/_cs_svp_simple_028_001_gloable_var_rww_mt_svp_simple_028_001.c line 218 function main_task_0 thread 0
----------------------------------------------------
  __cs_disable_thread[4l]=0 (0)

State 75 file /home/dell/zyworkspace/nichecker/Experiment/remarks2.1/svp_simple_028/_mt_svp_simple_028_001_result/_cs_svp_simple_028_001_gloable_var_rww_mt_svp_simple_028_001.c line 221 function main_task_0 thread 0
----------------------------------------------------
  __cs_disable_thread[2l]=0 (0)

State 76 file /home/dell/zyworkspace/nichecker/Experiment/remarks2.1/svp_simple_028/_mt_svp_simple_028_001_result/_cs_svp_simple_028_001_gloable_var_rww_mt_svp_simple_028_001.c line 224 function main_task_0 thread 0
----------------------------------------------------
  __cs_disable_thread[0l]=0 (0)

State 83 file /home/dell/zyworkspace/nichecker/Experiment/remarks2.1/svp_simple_028/_mt_svp_simple_028_001_result/_cs_svp_simple_028_001_gloable_var_rww_mt_svp_simple_028_001.c line 308 function main_task_0 thread 0
----------------------------------------------------
  __cs_value_ptr=NULL (0000000000000000000000000000000000000000000000000000000000000000)

State 88 file /home/dell/zyworkspace/nichecker/Experiment/remarks2.1/svp_simple_028/_mt_svp_simple_028_001_result/_cs_svp_simple_028_001_gloable_var_rww_mt_svp_simple_028_001.c line 468 function main thread 0
----------------------------------------------------
  __cs_pc[1l]=3 (011)

State 89 file /home/dell/zyworkspace/nichecker/Experiment/remarks2.1/svp_simple_028/_mt_svp_simple_028_001_result/_cs_svp_simple_028_001_gloable_var_rww_mt_svp_simple_028_001.c line 474 function main thread 0
----------------------------------------------------
  __cs_tmp_t2_r0=2 (010)

State 96 file /home/dell/zyworkspace/nichecker/Experiment/remarks2.1/svp_simple_028/_mt_svp_simple_028_001_result/_cs_svp_simple_028_001_gloable_var_rww_mt_svp_simple_028_001.c line 479 function main thread 0
----------------------------------------------------
  __cs_thread_index=2 (010)

State 97 file /home/dell/zyworkspace/nichecker/Experiment/remarks2.1/svp_simple_028/_mt_svp_simple_028_001_result/_cs_svp_simple_028_001_gloable_var_rww_mt_svp_simple_028_001.c line 481 function main thread 0
----------------------------------------------------
  __cs_pc_cs[2l]=2 (010)

State 102 file /home/dell/zyworkspace/nichecker/Experiment/remarks2.1/svp_simple_028/_mt_svp_simple_028_001_result/_cs_svp_simple_028_001_gloable_var_rww_mt_svp_simple_028_001.c line 487 function main thread 0
----------------------------------------------------
  __cs_param_svp_simple_028_001_isr_1_arg=NULL (0000000000000000000000000000000000000000000000000000000000000000)

State 104 file /home/dell/zyworkspace/nichecker/Experiment/remarks2.1/svp_simple_028/_mt_svp_simple_028_001_result/_cs_svp_simple_028_001_gloable_var_rww_mt_svp_simple_028_001.c line 399 function svp_simple_028_001_isr_1_0 thread 0
----------------------------------------------------
  __cs_temporary_0=0 (00000000000000000000000000000000)

State 106 file /home/dell/zyworkspace/nichecker/Experiment/remarks2.1/svp_simple_028/_mt_svp_simple_028_001_result/_cs_svp_simple_028_001_gloable_var_rww_mt_svp_simple_028_001.c line 403 function svp_simple_028_001_isr_1_0 thread 0
----------------------------------------------------
  __cs_temporary_0=33554592 (00000010000000000000000010100000)

State 107 file /home/dell/zyworkspace/nichecker/Experiment/remarks2.1/svp_simple_028/_mt_svp_simple_028_001_result/_cs_svp_simple_028_001_gloable_var_rww_mt_svp_simple_028_001.c line 405 function svp_simple_028_001_isr_1_0 thread 0
----------------------------------------------------
  rww_r_tmp2_num=1 (00000000000000000000000000000001)

State 108 file /home/dell/zyworkspace/nichecker/Experiment/remarks2.1/svp_simple_028/_mt_svp_simple_028_001_result/_cs_svp_simple_028_001_gloable_var_rww_mt_svp_simple_028_001.c line 406 function svp_simple_028_001_isr_1_0 thread 0
----------------------------------------------------
  rww_r_tmp2=33554591 (00000010000000000000000010011111)

State 115 file /home/dell/zyworkspace/nichecker/Experiment/remarks2.1/svp_simple_028/_mt_svp_simple_028_001_result/_cs_svp_simple_028_001_gloable_var_rww_mt_svp_simple_028_001.c line 442 function svp_simple_028_001_isr_1_0 thread 0
----------------------------------------------------
  __cs_value_ptr=NULL (0000000000000000000000000000000000000000000000000000000000000000)

State 120 file /home/dell/zyworkspace/nichecker/Experiment/remarks2.1/svp_simple_028/_mt_svp_simple_028_001_result/_cs_svp_simple_028_001_gloable_var_rww_mt_svp_simple_028_001.c line 489 function main thread 0
----------------------------------------------------
  __cs_pc[2l]=2 (010)

State 121 file /home/dell/zyworkspace/nichecker/Experiment/remarks2.1/svp_simple_028/_mt_svp_simple_028_001_result/_cs_svp_simple_028_001_gloable_var_rww_mt_svp_simple_028_001.c line 495 function main thread 0
----------------------------------------------------
  __cs_tmp_t3_r0=0 (000)

State 123 file /home/dell/zyworkspace/nichecker/Experiment/remarks2.1/svp_simple_028/_mt_svp_simple_028_001_result/_cs_svp_simple_028_001_gloable_var_rww_mt_svp_simple_028_001.c line 500 function main thread 0
----------------------------------------------------
  __cs_thread_index=3 (011)

State 124 file /home/dell/zyworkspace/nichecker/Experiment/remarks2.1/svp_simple_028/_mt_svp_simple_028_001_result/_cs_svp_simple_028_001_gloable_var_rww_mt_svp_simple_028_001.c line 502 function main thread 0
----------------------------------------------------
  __cs_pc_cs[3l]=0 (000)

State 129 file /home/dell/zyworkspace/nichecker/Experiment/remarks2.1/svp_simple_028/_mt_svp_simple_028_001_result/_cs_svp_simple_028_001_gloable_var_rww_mt_svp_simple_028_001.c line 508 function main thread 0
----------------------------------------------------
  __cs_param_svp_simple_028_001_isr_2_arg=NULL (0000000000000000000000000000000000000000000000000000000000000000)

State 136 file /home/dell/zyworkspace/nichecker/Experiment/remarks2.1/svp_simple_028/_mt_svp_simple_028_001_result/_cs_svp_simple_028_001_gloable_var_rww_mt_svp_simple_028_001.c line 363 function svp_simple_028_001_isr_2_0 thread 0
----------------------------------------------------
  __cs_value_ptr=NULL (0000000000000000000000000000000000000000000000000000000000000000)

State 141 file /home/dell/zyworkspace/nichecker/Experiment/remarks2.1/svp_simple_028/_mt_svp_simple_028_001_result/_cs_svp_simple_028_001_gloable_var_rww_mt_svp_simple_028_001.c line 510 function main thread 0
----------------------------------------------------
  __cs_pc[3l]=0 (000)

State 142 file /home/dell/zyworkspace/nichecker/Experiment/remarks2.1/svp_simple_028/_mt_svp_simple_028_001_result/_cs_svp_simple_028_001_gloable_var_rww_mt_svp_simple_028_001.c line 516 function main thread 0
----------------------------------------------------
  __cs_tmp_t4_r0=1 (1)

State 144 file /home/dell/zyworkspace/nichecker/Experiment/remarks2.1/svp_simple_028/_mt_svp_simple_028_001_result/_cs_svp_simple_028_001_gloable_var_rww_mt_svp_simple_028_001.c line 521 function main thread 0
----------------------------------------------------
  __cs_thread_index=4 (100)

State 145 file /home/dell/zyworkspace/nichecker/Experiment/remarks2.1/svp_simple_028/_mt_svp_simple_028_001_result/_cs_svp_simple_028_001_gloable_var_rww_mt_svp_simple_028_001.c line 523 function main thread 0
----------------------------------------------------
  __cs_pc_cs[4l]=1 (001)

State 150 file /home/dell/zyworkspace/nichecker/Experiment/remarks2.1/svp_simple_028/_mt_svp_simple_028_001_result/_cs_svp_simple_028_001_gloable_var_rww_mt_svp_simple_028_001.c line 529 function main thread 0
----------------------------------------------------
  __cs_param_svp_simple_028_001_isr_3_arg=NULL (0000000000000000000000000000000000000000000000000000000000000000)

State 152 file /home/dell/zyworkspace/nichecker/Experiment/remarks2.1/svp_simple_028/_mt_svp_simple_028_001_result/_cs_svp_simple_028_001_gloable_var_rww_mt_svp_simple_028_001.c line 374 function svp_simple_028_001_isr_3_0 thread 0
----------------------------------------------------
  __cs_temporary_0=0 (00000000000000000000000000000000)

State 153 file /home/dell/zyworkspace/nichecker/Experiment/remarks2.1/svp_simple_028/_mt_svp_simple_028_001_result/_cs_svp_simple_028_001_gloable_var_rww_mt_svp_simple_028_001.c line 376 function svp_simple_028_001_isr_3_0 thread 0
----------------------------------------------------
  __cs_temporary_0=33554592 (00000010000000000000000010100000)

State 154 file /home/dell/zyworkspace/nichecker/Experiment/remarks2.1/svp_simple_028/_mt_svp_simple_028_001_result/_cs_svp_simple_028_001_gloable_var_rww_mt_svp_simple_028_001.c line 377 function svp_simple_028_001_isr_3_0 thread 0
----------------------------------------------------
  svp_simple_028_001_gloable_var=33554592 (00000010000000000000000010100000)

State 158 file /home/dell/zyworkspace/nichecker/Experiment/remarks2.1/svp_simple_028/_mt_svp_simple_028_001_result/_cs_svp_simple_028_001_gloable_var_rww_mt_svp_simple_028_001.c line 388 function svp_simple_028_001_isr_3_0 thread 0
----------------------------------------------------
  __cs_value_ptr=NULL (0000000000000000000000000000000000000000000000000000000000000000)

State 163 file /home/dell/zyworkspace/nichecker/Experiment/remarks2.1/svp_simple_028/_mt_svp_simple_028_001_result/_cs_svp_simple_028_001_gloable_var_rww_mt_svp_simple_028_001.c line 531 function main thread 0
----------------------------------------------------
  __cs_pc[4l]=1 (001)

State 164 file /home/dell/zyworkspace/nichecker/Experiment/remarks2.1/svp_simple_028/_mt_svp_simple_028_001_result/_cs_svp_simple_028_001_gloable_var_rww_mt_svp_simple_028_001.c line 541 function main thread 0
----------------------------------------------------
  __cs_tmp_t1_r1=5 (101)

State 170 file /home/dell/zyworkspace/nichecker/Experiment/remarks2.1/svp_simple_028/_mt_svp_simple_028_001_result/_cs_svp_simple_028_001_gloable_var_rww_mt_svp_simple_028_001.c line 562 function main thread 0
----------------------------------------------------
  __cs_tmp_t2_r1=3 (011)

State 177 file /home/dell/zyworkspace/nichecker/Experiment/remarks2.1/svp_simple_028/_mt_svp_simple_028_001_result/_cs_svp_simple_028_001_gloable_var_rww_mt_svp_simple_028_001.c line 567 function main thread 0
----------------------------------------------------
  __cs_thread_index=2 (010)

State 178 file /home/dell/zyworkspace/nichecker/Experiment/remarks2.1/svp_simple_028/_mt_svp_simple_028_001_result/_cs_svp_simple_028_001_gloable_var_rww_mt_svp_simple_028_001.c line 569 function main thread 0
----------------------------------------------------
  __cs_pc_cs[2l]=3 (011)

State 183 file /home/dell/zyworkspace/nichecker/Experiment/remarks2.1/svp_simple_028/_mt_svp_simple_028_001_result/_cs_svp_simple_028_001_gloable_var_rww_mt_svp_simple_028_001.c line 575 function main thread 0
----------------------------------------------------
  __cs_param_svp_simple_028_001_isr_1_arg=NULL (0000000000000000000000000000000000000000000000000000000000000000)

State 187 file /home/dell/zyworkspace/nichecker/Experiment/remarks2.1/svp_simple_028/_mt_svp_simple_028_001_result/_cs_svp_simple_028_001_gloable_var_rww_mt_svp_simple_028_001.c line 411 function svp_simple_028_001_isr_1_0 thread 0
----------------------------------------------------
  rww_w3=33554592 (00000010000000000000000010100000)

Violated property:
  file /home/dell/zyworkspace/nichecker/Experiment/remarks2.1/svp_simple_028/_mt_svp_simple_028_001_result/_cs_svp_simple_028_001_gloable_var_rww_mt_svp_simple_028_001.c line 413 function svp_simple_028_001_isr_1_0
  assertion rww_w3 == rww_r_tmp2
  rww_w3 == rww_r_tmp2


** 3 of 3 failed (3 iterations)
VERIFICATION FAILED
