2024-06-03 21:09:51
SVPCheck: True	LoopAbstraction: True	LabelReduction: True	Slice: True	

SVPCheck var: svp_simple_016_001_global_var1	pattern: rwr
--------------------------Run start-------------------------------
inliner
slice
LoopAbstraction
unroller
insertLabel
lazyseq
feeder  0.189
[91mUNSAFE[0m, counterexample: 2, time: 3.384 s, memory: 28.94 MB
--------------------------Run end---------------------------------
SVPCheck var: svp_simple_016_001_global_var1	pattern: wwr
--------------------------Run start-------------------------------
inliner
slice
LoopAbstraction
unroller
insertLabel
lazyseq
feeder  0.177
[91mUNSAFE[0m, counterexample: 1, time: 3.315 s, memory: 28.83 MB
--------------------------Run end---------------------------------
cbmcTimeSum: 0.366
modulesTimeSum: 6.699
