CBMC version 5.6 64-bit x86_64 linux
Parsing /home/dell/zyworkspace/nichecker/Experiment/remarks2.1_basic/svp_simple_029/_mt_svp_simple_029_001_result/_cs_svp_simple_029_001_tm_blocks[36]_rww_mt_svp_simple_029_001.c
<command-line>: warning: "__STDC_VERSION__" redefined
<built-in>: note: this is the location of the previous definition
Converting
Type-checking _cs_svp_simple_029_001_tm_blocks[36]_rww_mt_svp_simple_029_001
file /home/dell/zyworkspace/nichecker/Experiment/remarks2.1_basic/svp_simple_029/_mt_svp_simple_029_001_result/_cs_svp_simple_029_001_tm_blocks[36]_rww_mt_svp_simple_029_001.c line 210 function main_task_0: function `nondet_rand' is not declared
file /home/dell/zyworkspace/nichecker/Experiment/remarks2.1_basic/svp_simple_029/_mt_svp_simple_029_001_result/_cs_svp_simple_029_001_tm_blocks[36]_rww_mt_svp_simple_029_001.c line 463 function main_task_0: function `assert' is not declared
Generating GOTO Program
Adding CPROVER library (x86_64)
Removal of function pointers and virtual functions
Partial Inlining
Generic Property Instrumentation
Starting Bounded Model Checking
**** WARNING: no body for function enable_isr
size of program expression: 1202 steps
simple slicing removed 87 assignments
Generated 3 VCC(s), 3 remaining after simplification
Passing problem to propositional reduction
converting SSA
Running propositional reduction
Post-processing
Solving with MiniSAT 2.2.1 with simplifier
30131 variables, 237503 clauses
SAT checker: instance is UNSATISFIABLE
Runtime decision procedure: 0.441s

** Results:
[main_task_0.assertion.1] assertion rww_w1 == rww_r_tmp1: SUCCESS

** 0 of 1 failed (1 iteration)
VERIFICATION SUCCESSFUL
