CBMC version 5.6 64-bit x86_64 linux
Parsing /home/dell/zyworkspace/nichecker/Experiment/remarks2.1_LA_Slicing/svp_simple_011/_mt_svp_simple_011_001_result/_cs_svp_simple_011_001_global_var1_wrw_mt_svp_simple_011_001.c
<command-line>: warning: "__STDC_VERSION__" redefined
<built-in>: note: this is the location of the previous definition
Converting
Type-checking _cs_svp_simple_011_001_global_var1_wrw_mt_svp_simple_011_001
file /home/dell/zyworkspace/nichecker/Experiment/remarks2.1_LA_Slicing/svp_simple_011/_mt_svp_simple_011_001_result/_cs_svp_simple_011_001_global_var1_wrw_mt_svp_simple_011_001.c line 247 function main_task_0: function `assert' is not declared
Generating GOTO Program
Adding CPROVER library (x86_64)
Removal of function pointers and virtual functions
Partial Inlining
Generic Property Instrumentation
Starting Bounded Model Checking
**** WARNING: no body for function enable_isr
size of program expression: 397 steps
simple slicing removed 23 assignments
Generated 5 VCC(s), 4 remaining after simplification
Passing problem to propositional reduction
converting SSA
Running propositional reduction
Post-processing
Solving with MiniSAT 2.2.1 with simplifier
1792 variables, 3061 clauses
SAT checker: instance is SATISFIABLE
Solving with MiniSAT 2.2.1 with simplifier
1792 variables, 289 clauses
SAT checker: instance is UNSATISFIABLE
Runtime decision procedure: 0.007s

** Results:
[main_task_0.assertion.1] assertion wrw_a_1 == 0: SUCCESS
[main_task_0.assertion.2] assertion wrw_a_1 == 0: FAILURE

Trace for main_task_0.assertion.2:

State 43 file /home/dell/zyworkspace/nichecker/Experiment/remarks2.1_LA_Slicing/svp_simple_011/_mt_svp_simple_011_001_result/_cs_svp_simple_011_001_global_var1_wrw_mt_svp_simple_011_001.c line 292 function main thread 0
----------------------------------------------------
  __cs_tmp_t1_r0=4 (100)

State 45 file /home/dell/zyworkspace/nichecker/Experiment/remarks2.1_LA_Slicing/svp_simple_011/_mt_svp_simple_011_001_result/_cs_svp_simple_011_001_global_var1_wrw_mt_svp_simple_011_001.c line 296 function main thread 0
----------------------------------------------------
  __cs_thread_index=1 (01)

State 46 file /home/dell/zyworkspace/nichecker/Experiment/remarks2.1_LA_Slicing/svp_simple_011/_mt_svp_simple_011_001_result/_cs_svp_simple_011_001_global_var1_wrw_mt_svp_simple_011_001.c line 298 function main thread 0
----------------------------------------------------
  __cs_pc_cs[1l]=4 (100)

State 51 file /home/dell/zyworkspace/nichecker/Experiment/remarks2.1_LA_Slicing/svp_simple_011/_mt_svp_simple_011_001_result/_cs_svp_simple_011_001_global_var1_wrw_mt_svp_simple_011_001.c line 304 function main thread 0
----------------------------------------------------
  __cs_param_main_task_arg=NULL (0000000000000000000000000000000000000000000000000000000000000000)

State 56 file /home/dell/zyworkspace/nichecker/Experiment/remarks2.1_LA_Slicing/svp_simple_011/_mt_svp_simple_011_001_result/_cs_svp_simple_011_001_global_var1_wrw_mt_svp_simple_011_001.c line 218 function main_task_0 thread 0
----------------------------------------------------
  __cs_disable_thread[2l]=0 (0)

State 57 file /home/dell/zyworkspace/nichecker/Experiment/remarks2.1_LA_Slicing/svp_simple_011/_mt_svp_simple_011_001_result/_cs_svp_simple_011_001_global_var1_wrw_mt_svp_simple_011_001.c line 221 function main_task_0 thread 0
----------------------------------------------------
  __cs_disable_thread[0l]=0 (0)

State 59 file /home/dell/zyworkspace/nichecker/Experiment/remarks2.1_LA_Slicing/svp_simple_011/_mt_svp_simple_011_001_result/_cs_svp_simple_011_001_global_var1_wrw_mt_svp_simple_011_001.c line 232 function main_task_0 thread 0
----------------------------------------------------
  __cs_local_main_task_p=&svp_simple_011_001_global_var1 (0000001000000000000000000000000000000000000000000000000000000000)

State 61 file /home/dell/zyworkspace/nichecker/Experiment/remarks2.1_LA_Slicing/svp_simple_011/_mt_svp_simple_011_001_result/_cs_svp_simple_011_001_global_var1_wrw_mt_svp_simple_011_001.c line 238 function main_task_0 thread 0
----------------------------------------------------
  __cs_local_main_task_q=&svp_simple_011_001_global_var1 (0000001000000000000000000000000000000000000000000000000000000000)

State 63 file /home/dell/zyworkspace/nichecker/Experiment/remarks2.1_LA_Slicing/svp_simple_011/_mt_svp_simple_011_001_result/_cs_svp_simple_011_001_global_var1_wrw_mt_svp_simple_011_001.c line 243 function main_task_0 thread 0
----------------------------------------------------
  svp_simple_011_001_global_var1=1 (00000000000000000000000000000001)

State 66 file /home/dell/zyworkspace/nichecker/Experiment/remarks2.1_LA_Slicing/svp_simple_011/_mt_svp_simple_011_001_result/_cs_svp_simple_011_001_global_var1_wrw_mt_svp_simple_011_001.c line 249 function main_task_0 thread 0
----------------------------------------------------
  wrw_a_1_num=1 (00000000000000000000000000000001)

State 67 file /home/dell/zyworkspace/nichecker/Experiment/remarks2.1_LA_Slicing/svp_simple_011/_mt_svp_simple_011_001_result/_cs_svp_simple_011_001_global_var1_wrw_mt_svp_simple_011_001.c line 250 function main_task_0 thread 0
----------------------------------------------------
  wrw_a_1=0 (00000000000000000000000000000000)

State 71 file /home/dell/zyworkspace/nichecker/Experiment/remarks2.1_LA_Slicing/svp_simple_011/_mt_svp_simple_011_001_result/_cs_svp_simple_011_001_global_var1_wrw_mt_svp_simple_011_001.c line 280 function main_task_0 thread 0
----------------------------------------------------
  __cs_value_ptr=NULL (0000000000000000000000000000000000000000000000000000000000000000)

State 76 file /home/dell/zyworkspace/nichecker/Experiment/remarks2.1_LA_Slicing/svp_simple_011/_mt_svp_simple_011_001_result/_cs_svp_simple_011_001_global_var1_wrw_mt_svp_simple_011_001.c line 306 function main thread 0
----------------------------------------------------
  __cs_pc[1l]=4 (100)

State 77 file /home/dell/zyworkspace/nichecker/Experiment/remarks2.1_LA_Slicing/svp_simple_011/_mt_svp_simple_011_001_result/_cs_svp_simple_011_001_global_var1_wrw_mt_svp_simple_011_001.c line 312 function main thread 0
----------------------------------------------------
  __cs_tmp_t2_r0=1 (1)

State 79 file /home/dell/zyworkspace/nichecker/Experiment/remarks2.1_LA_Slicing/svp_simple_011/_mt_svp_simple_011_001_result/_cs_svp_simple_011_001_global_var1_wrw_mt_svp_simple_011_001.c line 317 function main thread 0
----------------------------------------------------
  __cs_thread_index=2 (10)

State 80 file /home/dell/zyworkspace/nichecker/Experiment/remarks2.1_LA_Slicing/svp_simple_011/_mt_svp_simple_011_001_result/_cs_svp_simple_011_001_global_var1_wrw_mt_svp_simple_011_001.c line 319 function main thread 0
----------------------------------------------------
  __cs_pc_cs[2l]=1 (001)

State 85 file /home/dell/zyworkspace/nichecker/Experiment/remarks2.1_LA_Slicing/svp_simple_011/_mt_svp_simple_011_001_result/_cs_svp_simple_011_001_global_var1_wrw_mt_svp_simple_011_001.c line 325 function main thread 0
----------------------------------------------------
  __cs_param_svp_simple_011_001_isr_1_arg=NULL (0000000000000000000000000000000000000000000000000000000000000000)

State 87 file /home/dell/zyworkspace/nichecker/Experiment/remarks2.1_LA_Slicing/svp_simple_011/_mt_svp_simple_011_001_result/_cs_svp_simple_011_001_global_var1_wrw_mt_svp_simple_011_001.c line 184 function svp_simple_011_001_isr_1_0 thread 0
----------------------------------------------------
  __cs_local_svp_simple_011_001_isr_1_reader2=0 (00000000000000000000000000000000)

State 88 file /home/dell/zyworkspace/nichecker/Experiment/remarks2.1_LA_Slicing/svp_simple_011/_mt_svp_simple_011_001_result/_cs_svp_simple_011_001_global_var1_wrw_mt_svp_simple_011_001.c line 187 function svp_simple_011_001_isr_1_0 thread 0
----------------------------------------------------
  __cs_local_svp_simple_011_001_isr_1_m=&svp_simple_011_001_global_var1 (0000001000000000000000000000000000000000000000000000000000000000)

State 89 file /home/dell/zyworkspace/nichecker/Experiment/remarks2.1_LA_Slicing/svp_simple_011/_mt_svp_simple_011_001_result/_cs_svp_simple_011_001_global_var1_wrw_mt_svp_simple_011_001.c line 189 function svp_simple_011_001_isr_1_0 thread 0
----------------------------------------------------
  __cs_local_svp_simple_011_001_isr_1_reader1=1 (00000000000000000000000000000001)

State 91 file /home/dell/zyworkspace/nichecker/Experiment/remarks2.1_LA_Slicing/svp_simple_011/_mt_svp_simple_011_001_result/_cs_svp_simple_011_001_global_var1_wrw_mt_svp_simple_011_001.c line 192 function svp_simple_011_001_isr_1_0 thread 0
----------------------------------------------------
  wrw_a_1=1 (00000000000000000000000000000001)

State 95 file /home/dell/zyworkspace/nichecker/Experiment/remarks2.1_LA_Slicing/svp_simple_011/_mt_svp_simple_011_001_result/_cs_svp_simple_011_001_global_var1_wrw_mt_svp_simple_011_001.c line 206 function svp_simple_011_001_isr_1_0 thread 0
----------------------------------------------------
  __cs_value_ptr=NULL (0000000000000000000000000000000000000000000000000000000000000000)

State 100 file /home/dell/zyworkspace/nichecker/Experiment/remarks2.1_LA_Slicing/svp_simple_011/_mt_svp_simple_011_001_result/_cs_svp_simple_011_001_global_var1_wrw_mt_svp_simple_011_001.c line 327 function main thread 0
----------------------------------------------------
  __cs_pc[2l]=1 (001)

State 101 file /home/dell/zyworkspace/nichecker/Experiment/remarks2.1_LA_Slicing/svp_simple_011/_mt_svp_simple_011_001_result/_cs_svp_simple_011_001_global_var1_wrw_mt_svp_simple_011_001.c line 337 function main thread 0
----------------------------------------------------
  __cs_tmp_t1_r1=5 (101)

State 103 file /home/dell/zyworkspace/nichecker/Experiment/remarks2.1_LA_Slicing/svp_simple_011/_mt_svp_simple_011_001_result/_cs_svp_simple_011_001_global_var1_wrw_mt_svp_simple_011_001.c line 342 function main thread 0
----------------------------------------------------
  __cs_thread_index=1 (01)

State 104 file /home/dell/zyworkspace/nichecker/Experiment/remarks2.1_LA_Slicing/svp_simple_011/_mt_svp_simple_011_001_result/_cs_svp_simple_011_001_global_var1_wrw_mt_svp_simple_011_001.c line 344 function main thread 0
----------------------------------------------------
  __cs_pc_cs[1l]=5 (101)

State 109 file /home/dell/zyworkspace/nichecker/Experiment/remarks2.1_LA_Slicing/svp_simple_011/_mt_svp_simple_011_001_result/_cs_svp_simple_011_001_global_var1_wrw_mt_svp_simple_011_001.c line 350 function main thread 0
----------------------------------------------------
  __cs_param_main_task_arg=NULL (0000000000000000000000000000000000000000000000000000000000000000)

State 115 file /home/dell/zyworkspace/nichecker/Experiment/remarks2.1_LA_Slicing/svp_simple_011/_mt_svp_simple_011_001_result/_cs_svp_simple_011_001_global_var1_wrw_mt_svp_simple_011_001.c line 258 function main_task_0 thread 0
----------------------------------------------------
  svp_simple_011_001_global_var1=2 (00000000000000000000000000000010)

Violated property:
  file /home/dell/zyworkspace/nichecker/Experiment/remarks2.1_LA_Slicing/svp_simple_011/_mt_svp_simple_011_001_result/_cs_svp_simple_011_001_global_var1_wrw_mt_svp_simple_011_001.c line 262 function main_task_0
  assertion wrw_a_1 == 0
  wrw_a_1 == 0


** 1 of 2 failed (2 iterations)
VERIFICATION FAILED
