CBMC version 5.6 64-bit x86_64 linux
Parsing /home/dell/zyworkspace/nichecker/Experiment/remarks2.1_LA_Slicing/svp_simple_011/_mt_svp_simple_011_001_result/_cs_svp_simple_011_001_u_wrw_mt_svp_simple_011_001.c
<command-line>: warning: "__STDC_VERSION__" redefined
<built-in>: note: this is the location of the previous definition
Converting
Type-checking _cs_svp_simple_011_001_u_wrw_mt_svp_simple_011_001
file /home/dell/zyworkspace/nichecker/Experiment/remarks2.1_LA_Slicing/svp_simple_011/_mt_svp_simple_011_001_result/_cs_svp_simple_011_001_u_wrw_mt_svp_simple_011_001.c line 252 function main_task_0: function `assert' is not declared
Generating GOTO Program
Adding CPROVER library (x86_64)
Removal of function pointers and virtual functions
Partial Inlining
Generic Property Instrumentation
Starting Bounded Model Checking
**** WARNING: no body for function enable_isr
size of program expression: 538 steps
simple slicing removed 55 assignments
Generated 12 VCC(s), 4 remaining after simplification
Passing problem to propositional reduction
converting SSA
Running propositional reduction
Post-processing
Solving with MiniSAT 2.2.1 with simplifier
1951 variables, 4074 clauses
SAT checker: instance is SATISFIABLE
Solving with MiniSAT 2.2.1 with simplifier
1951 variables, 97 clauses
SAT checker: instance is UNSATISFIABLE
Runtime decision procedure: 0.009s

** Results:
[main_task_0.assertion.1] assertion wrw_a_svp_simple_011_001_u_1 == 0: SUCCESS
[main_task_0.assertion.2] assertion wrw_a_svp_simple_011_001_global_var2_1 == 0: SUCCESS
[main_task_0.assertion.3] assertion wrw_a_svp_simple_011_001_u_1 == 0: FAILURE
[main_task_0.assertion.4] assertion wrw_a_svp_simple_011_001_global_var2_1 == 0: SUCCESS
[main_task_0.assertion.5] assertion wrw_a_svp_simple_011_001_global_var3_1 == 0: SUCCESS

Trace for main_task_0.assertion.3:

State 51 file /home/dell/zyworkspace/nichecker/Experiment/remarks2.1_LA_Slicing/svp_simple_011/_mt_svp_simple_011_001_result/_cs_svp_simple_011_001_u_wrw_mt_svp_simple_011_001.c line 331 function main thread 0
----------------------------------------------------
  __cs_tmp_t1_r0=4 (100)

State 53 file /home/dell/zyworkspace/nichecker/Experiment/remarks2.1_LA_Slicing/svp_simple_011/_mt_svp_simple_011_001_result/_cs_svp_simple_011_001_u_wrw_mt_svp_simple_011_001.c line 335 function main thread 0
----------------------------------------------------
  __cs_thread_index=1 (01)

State 54 file /home/dell/zyworkspace/nichecker/Experiment/remarks2.1_LA_Slicing/svp_simple_011/_mt_svp_simple_011_001_result/_cs_svp_simple_011_001_u_wrw_mt_svp_simple_011_001.c line 337 function main thread 0
----------------------------------------------------
  __cs_pc_cs[1l]=4 (100)

State 59 file /home/dell/zyworkspace/nichecker/Experiment/remarks2.1_LA_Slicing/svp_simple_011/_mt_svp_simple_011_001_result/_cs_svp_simple_011_001_u_wrw_mt_svp_simple_011_001.c line 343 function main thread 0
----------------------------------------------------
  __cs_param_main_task_arg=NULL (0000000000000000000000000000000000000000000000000000000000000000)

State 64 file /home/dell/zyworkspace/nichecker/Experiment/remarks2.1_LA_Slicing/svp_simple_011/_mt_svp_simple_011_001_result/_cs_svp_simple_011_001_u_wrw_mt_svp_simple_011_001.c line 225 function main_task_0 thread 0
----------------------------------------------------
  __cs_disable_thread[2l]=0 (0)

State 65 file /home/dell/zyworkspace/nichecker/Experiment/remarks2.1_LA_Slicing/svp_simple_011/_mt_svp_simple_011_001_result/_cs_svp_simple_011_001_u_wrw_mt_svp_simple_011_001.c line 228 function main_task_0 thread 0
----------------------------------------------------
  __cs_disable_thread[0l]=0 (0)

State 67 file /home/dell/zyworkspace/nichecker/Experiment/remarks2.1_LA_Slicing/svp_simple_011/_mt_svp_simple_011_001_result/_cs_svp_simple_011_001_u_wrw_mt_svp_simple_011_001.c line 239 function main_task_0 thread 0
----------------------------------------------------
  __cs_local_main_task_p=&svp_simple_011_001_global_var1 (0000010000000000000000000000000000000000000000000000000000000000)

State 69 file /home/dell/zyworkspace/nichecker/Experiment/remarks2.1_LA_Slicing/svp_simple_011/_mt_svp_simple_011_001_result/_cs_svp_simple_011_001_u_wrw_mt_svp_simple_011_001.c line 245 function main_task_0 thread 0
----------------------------------------------------
  __cs_local_main_task_q=&svp_simple_011_001_global_var1 (0000010000000000000000000000000000000000000000000000000000000000)

State 71 file /home/dell/zyworkspace/nichecker/Experiment/remarks2.1_LA_Slicing/svp_simple_011/_mt_svp_simple_011_001_result/_cs_svp_simple_011_001_u_wrw_mt_svp_simple_011_001.c line 249 function main_task_0 thread 0
----------------------------------------------------
  svp_simple_011_001_u=&svp_simple_011_001_global_var2 (0000001000000000000000000000000000000000000000000000000000000000)

State 73 file /home/dell/zyworkspace/nichecker/Experiment/remarks2.1_LA_Slicing/svp_simple_011/_mt_svp_simple_011_001_result/_cs_svp_simple_011_001_u_wrw_mt_svp_simple_011_001.c line 254 function main_task_0 thread 0
----------------------------------------------------
  wrw_a_svp_simple_011_001_u_1_num=1 (00000000000000000000000000000001)

State 74 file /home/dell/zyworkspace/nichecker/Experiment/remarks2.1_LA_Slicing/svp_simple_011/_mt_svp_simple_011_001_result/_cs_svp_simple_011_001_u_wrw_mt_svp_simple_011_001.c line 255 function main_task_0 thread 0
----------------------------------------------------
  wrw_a_svp_simple_011_001_u_1=0 (00000000000000000000000000000000)

State 80 file /home/dell/zyworkspace/nichecker/Experiment/remarks2.1_LA_Slicing/svp_simple_011/_mt_svp_simple_011_001_result/_cs_svp_simple_011_001_u_wrw_mt_svp_simple_011_001.c line 319 function main_task_0 thread 0
----------------------------------------------------
  __cs_value_ptr=NULL (0000000000000000000000000000000000000000000000000000000000000000)

State 85 file /home/dell/zyworkspace/nichecker/Experiment/remarks2.1_LA_Slicing/svp_simple_011/_mt_svp_simple_011_001_result/_cs_svp_simple_011_001_u_wrw_mt_svp_simple_011_001.c line 345 function main thread 0
----------------------------------------------------
  __cs_pc[1l]=4 (100)

State 86 file /home/dell/zyworkspace/nichecker/Experiment/remarks2.1_LA_Slicing/svp_simple_011/_mt_svp_simple_011_001_result/_cs_svp_simple_011_001_u_wrw_mt_svp_simple_011_001.c line 351 function main thread 0
----------------------------------------------------
  __cs_tmp_t2_r0=1 (1)

State 88 file /home/dell/zyworkspace/nichecker/Experiment/remarks2.1_LA_Slicing/svp_simple_011/_mt_svp_simple_011_001_result/_cs_svp_simple_011_001_u_wrw_mt_svp_simple_011_001.c line 356 function main thread 0
----------------------------------------------------
  __cs_thread_index=2 (10)

State 89 file /home/dell/zyworkspace/nichecker/Experiment/remarks2.1_LA_Slicing/svp_simple_011/_mt_svp_simple_011_001_result/_cs_svp_simple_011_001_u_wrw_mt_svp_simple_011_001.c line 358 function main thread 0
----------------------------------------------------
  __cs_pc_cs[2l]=1 (001)

State 94 file /home/dell/zyworkspace/nichecker/Experiment/remarks2.1_LA_Slicing/svp_simple_011/_mt_svp_simple_011_001_result/_cs_svp_simple_011_001_u_wrw_mt_svp_simple_011_001.c line 364 function main thread 0
----------------------------------------------------
  __cs_param_svp_simple_011_001_isr_1_arg=NULL (0000000000000000000000000000000000000000000000000000000000000000)

State 96 file /home/dell/zyworkspace/nichecker/Experiment/remarks2.1_LA_Slicing/svp_simple_011/_mt_svp_simple_011_001_result/_cs_svp_simple_011_001_u_wrw_mt_svp_simple_011_001.c line 192 function svp_simple_011_001_isr_1_0 thread 0
----------------------------------------------------
  __cs_local_svp_simple_011_001_isr_1_reader1=0 (00000000000000000000000000000000)

State 97 file /home/dell/zyworkspace/nichecker/Experiment/remarks2.1_LA_Slicing/svp_simple_011/_mt_svp_simple_011_001_result/_cs_svp_simple_011_001_u_wrw_mt_svp_simple_011_001.c line 197 function svp_simple_011_001_isr_1_0 thread 0
----------------------------------------------------
  __cs_local_svp_simple_011_001_isr_1_m=&svp_simple_011_001_global_var1 (0000010000000000000000000000000000000000000000000000000000000000)

State 98 file /home/dell/zyworkspace/nichecker/Experiment/remarks2.1_LA_Slicing/svp_simple_011/_mt_svp_simple_011_001_result/_cs_svp_simple_011_001_u_wrw_mt_svp_simple_011_001.c line 199 function svp_simple_011_001_isr_1_0 thread 0
----------------------------------------------------
  __cs_local_svp_simple_011_001_isr_1_reader2=0 (00000000000000000000000000000000)

State 99 file /home/dell/zyworkspace/nichecker/Experiment/remarks2.1_LA_Slicing/svp_simple_011/_mt_svp_simple_011_001_result/_cs_svp_simple_011_001_u_wrw_mt_svp_simple_011_001.c line 201 function svp_simple_011_001_isr_1_0 thread 0
----------------------------------------------------
  wrw_a_svp_simple_011_001_u_1=1 (00000000000000000000000000000001)

State 103 file /home/dell/zyworkspace/nichecker/Experiment/remarks2.1_LA_Slicing/svp_simple_011/_mt_svp_simple_011_001_result/_cs_svp_simple_011_001_u_wrw_mt_svp_simple_011_001.c line 213 function svp_simple_011_001_isr_1_0 thread 0
----------------------------------------------------
  __cs_value_ptr=NULL (0000000000000000000000000000000000000000000000000000000000000000)

State 108 file /home/dell/zyworkspace/nichecker/Experiment/remarks2.1_LA_Slicing/svp_simple_011/_mt_svp_simple_011_001_result/_cs_svp_simple_011_001_u_wrw_mt_svp_simple_011_001.c line 366 function main thread 0
----------------------------------------------------
  __cs_pc[2l]=1 (001)

State 109 file /home/dell/zyworkspace/nichecker/Experiment/remarks2.1_LA_Slicing/svp_simple_011/_mt_svp_simple_011_001_result/_cs_svp_simple_011_001_u_wrw_mt_svp_simple_011_001.c line 376 function main thread 0
----------------------------------------------------
  __cs_tmp_t1_r1=6 (110)

State 111 file /home/dell/zyworkspace/nichecker/Experiment/remarks2.1_LA_Slicing/svp_simple_011/_mt_svp_simple_011_001_result/_cs_svp_simple_011_001_u_wrw_mt_svp_simple_011_001.c line 381 function main thread 0
----------------------------------------------------
  __cs_thread_index=1 (01)

State 112 file /home/dell/zyworkspace/nichecker/Experiment/remarks2.1_LA_Slicing/svp_simple_011/_mt_svp_simple_011_001_result/_cs_svp_simple_011_001_u_wrw_mt_svp_simple_011_001.c line 383 function main thread 0
----------------------------------------------------
  __cs_pc_cs[1l]=6 (110)

State 117 file /home/dell/zyworkspace/nichecker/Experiment/remarks2.1_LA_Slicing/svp_simple_011/_mt_svp_simple_011_001_result/_cs_svp_simple_011_001_u_wrw_mt_svp_simple_011_001.c line 389 function main thread 0
----------------------------------------------------
  __cs_param_main_task_arg=NULL (0000000000000000000000000000000000000000000000000000000000000000)

State 123 file /home/dell/zyworkspace/nichecker/Experiment/remarks2.1_LA_Slicing/svp_simple_011/_mt_svp_simple_011_001_result/_cs_svp_simple_011_001_u_wrw_mt_svp_simple_011_001.c line 261 function main_task_0 thread 0
----------------------------------------------------
  svp_simple_011_001_global_var2=1 (00000000000000000000000000000001)

State 126 file /home/dell/zyworkspace/nichecker/Experiment/remarks2.1_LA_Slicing/svp_simple_011/_mt_svp_simple_011_001_result/_cs_svp_simple_011_001_u_wrw_mt_svp_simple_011_001.c line 275 function main_task_0 thread 0
----------------------------------------------------
  svp_simple_011_001_u=&svp_simple_011_001_global_var3 (0000001100000000000000000000000000000000000000000000000000000000)

Violated property:
  file /home/dell/zyworkspace/nichecker/Experiment/remarks2.1_LA_Slicing/svp_simple_011/_mt_svp_simple_011_001_result/_cs_svp_simple_011_001_u_wrw_mt_svp_simple_011_001.c line 278 function main_task_0
  assertion wrw_a_svp_simple_011_001_u_1 == 0
  wrw_a_svp_simple_011_001_u_1 == 0


** 1 of 5 failed (2 iterations)
VERIFICATION FAILED
