CBMC version 5.6 64-bit x86_64 linux
Parsing /home/dell/zyworkspace/nichecker/Experiment/remarks2.1_LA/svp_simple_021/_mt_svp_simple_021_001_result/_cs_svp_simple_021_001_tc_block_rcvd_bytes_ch1_rwr_mt_svp_simple_021_001.c
<command-line>: warning: "__STDC_VERSION__" redefined
<built-in>: note: this is the location of the previous definition
Converting
Type-checking _cs_svp_simple_021_001_tc_block_rcvd_bytes_ch1_rwr_mt_svp_simple_021_001
file /home/dell/zyworkspace/nichecker/Experiment/remarks2.1_LA/svp_simple_021/_mt_svp_simple_021_001_result/_cs_svp_simple_021_001_tc_block_rcvd_bytes_ch1_rwr_mt_svp_simple_021_001.c line 200 function main_task_0: function `nondet_rand' is not declared
file /home/dell/zyworkspace/nichecker/Experiment/remarks2.1_LA/svp_simple_021/_mt_svp_simple_021_001_result/_cs_svp_simple_021_001_tc_block_rcvd_bytes_ch1_rwr_mt_svp_simple_021_001.c line 239 function main_task_0: function `assert' is not declared
Generating GOTO Program
Adding CPROVER library (x86_64)
Removal of function pointers and virtual functions
Partial Inlining
Generic Property Instrumentation
Starting Bounded Model Checking
**** WARNING: no body for function enable_isr
size of program expression: 1511 steps
simple slicing removed 86 assignments
Generated 8 VCC(s), 8 remaining after simplification
Passing problem to propositional reduction
converting SSA
Running propositional reduction
Post-processing
Solving with MiniSAT 2.2.1 with simplifier
16764 variables, 103338 clauses
SAT checker: instance is SATISFIABLE
Solving with MiniSAT 2.2.1 with simplifier
16764 variables, 29255 clauses
SAT checker: instance is UNSATISFIABLE
Runtime decision procedure: 0.168s

** Results:
[main_task_0.assertion.1] assertion rwr_r1 == rwr_tmp1: SUCCESS
[main_task_0.assertion.2] assertion rwr_r2 == rwr_tmp1: FAILURE
[main_task_0.assertion.3] assertion rwr_r3 == rwr_tmp1: SUCCESS

Trace for main_task_0.assertion.2:

State 62 file /home/dell/zyworkspace/nichecker/Experiment/remarks2.1_LA/svp_simple_021/_mt_svp_simple_021_001_result/_cs_svp_simple_021_001_tc_block_rcvd_bytes_ch1_rwr_mt_svp_simple_021_001.c line 744 function main thread 0
----------------------------------------------------
  __cs_tmp_t1_r0=1 (000001)

State 64 file /home/dell/zyworkspace/nichecker/Experiment/remarks2.1_LA/svp_simple_021/_mt_svp_simple_021_001_result/_cs_svp_simple_021_001_tc_block_rcvd_bytes_ch1_rwr_mt_svp_simple_021_001.c line 748 function main thread 0
----------------------------------------------------
  __cs_thread_index=1 (01)

State 65 file /home/dell/zyworkspace/nichecker/Experiment/remarks2.1_LA/svp_simple_021/_mt_svp_simple_021_001_result/_cs_svp_simple_021_001_tc_block_rcvd_bytes_ch1_rwr_mt_svp_simple_021_001.c line 750 function main thread 0
----------------------------------------------------
  __cs_pc_cs[1l]=1 (000001)

State 70 file /home/dell/zyworkspace/nichecker/Experiment/remarks2.1_LA/svp_simple_021/_mt_svp_simple_021_001_result/_cs_svp_simple_021_001_tc_block_rcvd_bytes_ch1_rwr_mt_svp_simple_021_001.c line 756 function main thread 0
----------------------------------------------------
  __cs_param_main_task_arg=NULL (0000000000000000000000000000000000000000000000000000000000000000)

State 106 file /home/dell/zyworkspace/nichecker/Experiment/remarks2.1_LA/svp_simple_021/_mt_svp_simple_021_001_result/_cs_svp_simple_021_001_tc_block_rcvd_bytes_ch1_rwr_mt_svp_simple_021_001.c line 711 function main_task_0 thread 0
----------------------------------------------------
  __cs_value_ptr=NULL (0000000000000000000000000000000000000000000000000000000000000000)

State 111 file /home/dell/zyworkspace/nichecker/Experiment/remarks2.1_LA/svp_simple_021/_mt_svp_simple_021_001_result/_cs_svp_simple_021_001_tc_block_rcvd_bytes_ch1_rwr_mt_svp_simple_021_001.c line 758 function main thread 0
----------------------------------------------------
  __cs_pc[1l]=1 (000001)

State 112 file /home/dell/zyworkspace/nichecker/Experiment/remarks2.1_LA/svp_simple_021/_mt_svp_simple_021_001_result/_cs_svp_simple_021_001_tc_block_rcvd_bytes_ch1_rwr_mt_svp_simple_021_001.c line 764 function main thread 0
----------------------------------------------------
  __cs_tmp_t2_r0=0 (0)

State 114 file /home/dell/zyworkspace/nichecker/Experiment/remarks2.1_LA/svp_simple_021/_mt_svp_simple_021_001_result/_cs_svp_simple_021_001_tc_block_rcvd_bytes_ch1_rwr_mt_svp_simple_021_001.c line 769 function main thread 0
----------------------------------------------------
  __cs_thread_index=2 (10)

State 115 file /home/dell/zyworkspace/nichecker/Experiment/remarks2.1_LA/svp_simple_021/_mt_svp_simple_021_001_result/_cs_svp_simple_021_001_tc_block_rcvd_bytes_ch1_rwr_mt_svp_simple_021_001.c line 771 function main thread 0
----------------------------------------------------
  __cs_pc_cs[2l]=0 (000000)

State 120 file /home/dell/zyworkspace/nichecker/Experiment/remarks2.1_LA/svp_simple_021/_mt_svp_simple_021_001_result/_cs_svp_simple_021_001_tc_block_rcvd_bytes_ch1_rwr_mt_svp_simple_021_001.c line 777 function main thread 0
----------------------------------------------------
  __cs_param_svp_simple_021_001_isr_1_arg=NULL (0000000000000000000000000000000000000000000000000000000000000000)

State 124 file /home/dell/zyworkspace/nichecker/Experiment/remarks2.1_LA/svp_simple_021/_mt_svp_simple_021_001_result/_cs_svp_simple_021_001_tc_block_rcvd_bytes_ch1_rwr_mt_svp_simple_021_001.c line 732 function svp_simple_021_001_isr_1_0 thread 0
----------------------------------------------------
  __cs_value_ptr=NULL (0000000000000000000000000000000000000000000000000000000000000000)

State 129 file /home/dell/zyworkspace/nichecker/Experiment/remarks2.1_LA/svp_simple_021/_mt_svp_simple_021_001_result/_cs_svp_simple_021_001_tc_block_rcvd_bytes_ch1_rwr_mt_svp_simple_021_001.c line 779 function main thread 0
----------------------------------------------------
  __cs_pc[2l]=0 (000000)

State 130 file /home/dell/zyworkspace/nichecker/Experiment/remarks2.1_LA/svp_simple_021/_mt_svp_simple_021_001_result/_cs_svp_simple_021_001_tc_block_rcvd_bytes_ch1_rwr_mt_svp_simple_021_001.c line 789 function main thread 0
----------------------------------------------------
  __cs_tmp_t1_r1=12 (001100)

State 132 file /home/dell/zyworkspace/nichecker/Experiment/remarks2.1_LA/svp_simple_021/_mt_svp_simple_021_001_result/_cs_svp_simple_021_001_tc_block_rcvd_bytes_ch1_rwr_mt_svp_simple_021_001.c line 794 function main thread 0
----------------------------------------------------
  __cs_thread_index=1 (01)

State 133 file /home/dell/zyworkspace/nichecker/Experiment/remarks2.1_LA/svp_simple_021/_mt_svp_simple_021_001_result/_cs_svp_simple_021_001_tc_block_rcvd_bytes_ch1_rwr_mt_svp_simple_021_001.c line 796 function main thread 0
----------------------------------------------------
  __cs_pc_cs[1l]=12 (001100)

State 138 file /home/dell/zyworkspace/nichecker/Experiment/remarks2.1_LA/svp_simple_021/_mt_svp_simple_021_001_result/_cs_svp_simple_021_001_tc_block_rcvd_bytes_ch1_rwr_mt_svp_simple_021_001.c line 802 function main thread 0
----------------------------------------------------
  __cs_param_main_task_arg=NULL (0000000000000000000000000000000000000000000000000000000000000000)

State 143 file /home/dell/zyworkspace/nichecker/Experiment/remarks2.1_LA/svp_simple_021/_mt_svp_simple_021_001_result/_cs_svp_simple_021_001_tc_block_rcvd_bytes_ch1_rwr_mt_svp_simple_021_001.c line 200 function main_task_0 thread 0
----------------------------------------------------
  svp_simple_021_001_tc_block_rcvd_bytes_ch1=0 (0000000000000000)

State 147 file /home/dell/zyworkspace/nichecker/Experiment/remarks2.1_LA/svp_simple_021/_mt_svp_simple_021_001_result/_cs_svp_simple_021_001_tc_block_rcvd_bytes_ch1_rwr_mt_svp_simple_021_001.c line 205 function main_task_0 thread 0
----------------------------------------------------
  svp_simple_021_001_tc_block_rcvd_bytes_ch2=0 (0000000000000000)

State 151 file /home/dell/zyworkspace/nichecker/Experiment/remarks2.1_LA/svp_simple_021/_mt_svp_simple_021_001_result/_cs_svp_simple_021_001_tc_block_rcvd_bytes_ch1_rwr_mt_svp_simple_021_001.c line 211 function main_task_0 thread 0
----------------------------------------------------
  __cs_disable_thread[2l]=0 (0)

State 152 file /home/dell/zyworkspace/nichecker/Experiment/remarks2.1_LA/svp_simple_021/_mt_svp_simple_021_001_result/_cs_svp_simple_021_001_tc_block_rcvd_bytes_ch1_rwr_mt_svp_simple_021_001.c line 214 function main_task_0 thread 0
----------------------------------------------------
  __cs_disable_thread[0l]=0 (0)

State 153 file /home/dell/zyworkspace/nichecker/Experiment/remarks2.1_LA/svp_simple_021/_mt_svp_simple_021_001_result/_cs_svp_simple_021_001_tc_block_rcvd_bytes_ch1_rwr_mt_svp_simple_021_001.c line 228 function main_task_0 thread 0
----------------------------------------------------
  __cs_local_main_task_svp_simple_021_001_flag_chan1=0u (00000000000000000000000000000000)

State 155 file /home/dell/zyworkspace/nichecker/Experiment/remarks2.1_LA/svp_simple_021/_mt_svp_simple_021_001_result/_cs_svp_simple_021_001_tc_block_rcvd_bytes_ch1_rwr_mt_svp_simple_021_001.c line 235 function main_task_0 thread 0
----------------------------------------------------
  __cs_local_main_task___cs_tmp_if_cond_0=FALSE (00000000)

State 156 file /home/dell/zyworkspace/nichecker/Experiment/remarks2.1_LA/svp_simple_021/_mt_svp_simple_021_001_result/_cs_svp_simple_021_001_tc_block_rcvd_bytes_ch1_rwr_mt_svp_simple_021_001.c line 237 function main_task_0 thread 0
----------------------------------------------------
  rwr_r1=0 (0000000000000000)

State 158 file /home/dell/zyworkspace/nichecker/Experiment/remarks2.1_LA/svp_simple_021/_mt_svp_simple_021_001_result/_cs_svp_simple_021_001_tc_block_rcvd_bytes_ch1_rwr_mt_svp_simple_021_001.c line 241 function main_task_0 thread 0
----------------------------------------------------
  rwr_tmp1_num=1 (00000000000000000000000000000001)

State 159 file /home/dell/zyworkspace/nichecker/Experiment/remarks2.1_LA/svp_simple_021/_mt_svp_simple_021_001_result/_cs_svp_simple_021_001_tc_block_rcvd_bytes_ch1_rwr_mt_svp_simple_021_001.c line 242 function main_task_0 thread 0
----------------------------------------------------
  rwr_tmp1=0 (0000000000000000)

State 162 file /home/dell/zyworkspace/nichecker/Experiment/remarks2.1_LA/svp_simple_021/_mt_svp_simple_021_001_result/_cs_svp_simple_021_001_tc_block_rcvd_bytes_ch1_rwr_mt_svp_simple_021_001.c line 392 function main_task_0 thread 0
----------------------------------------------------
  __cs_local_main_task_ichan=0 (00000000000000000000000000000000)

State 163 file /home/dell/zyworkspace/nichecker/Experiment/remarks2.1_LA/svp_simple_021/_mt_svp_simple_021_001_result/_cs_svp_simple_021_001_tc_block_rcvd_bytes_ch1_rwr_mt_svp_simple_021_001.c line 404 function main_task_0 thread 0
----------------------------------------------------
  __cs_local_main_task_t_2=0 (00000000000000000000000000000000)

State 166 file /home/dell/zyworkspace/nichecker/Experiment/remarks2.1_LA/svp_simple_021/_mt_svp_simple_021_001_result/_cs_svp_simple_021_001_tc_block_rcvd_bytes_ch1_rwr_mt_svp_simple_021_001.c line 424 function main_task_0 thread 0
----------------------------------------------------
  __cs_local_main_task_loop_2_IOVar1=((unsigned char *)NULL) (0000000000000000000000000000000000000000000000000000000000000000)

State 167 file /home/dell/zyworkspace/nichecker/Experiment/remarks2.1_LA/svp_simple_021/_mt_svp_simple_021_001_result/_cs_svp_simple_021_001_tc_block_rcvd_bytes_ch1_rwr_mt_svp_simple_021_001.c line 427 function main_task_0 thread 0
----------------------------------------------------
  __cs_local_main_task_loop_2_IOVar2=0 (00000000000000000000000000000000)

State 168 file /home/dell/zyworkspace/nichecker/Experiment/remarks2.1_LA/svp_simple_021/_mt_svp_simple_021_001_result/_cs_svp_simple_021_001_tc_block_rcvd_bytes_ch1_rwr_mt_svp_simple_021_001.c line 430 function main_task_0 thread 0
----------------------------------------------------
  __cs_local_main_task_loop_2_block_4=0 (00000000000000000000000000000000)

State 170 file /home/dell/zyworkspace/nichecker/Experiment/remarks2.1_LA/svp_simple_021/_mt_svp_simple_021_001_result/_cs_svp_simple_021_001_tc_block_rcvd_bytes_ch1_rwr_mt_svp_simple_021_001.c line 437 function main_task_0 thread 0
----------------------------------------------------
  __cs_local_main_task_resetIOVar_1_list[0l]=((unsigned char *)NULL) (0000000000000000000000000000000000000000000000000000000000000000)

State 172 file /home/dell/zyworkspace/nichecker/Experiment/remarks2.1_LA/svp_simple_021/_mt_svp_simple_021_001_result/_cs_svp_simple_021_001_tc_block_rcvd_bytes_ch1_rwr_mt_svp_simple_021_001.c line 442 function main_task_0 thread 0
----------------------------------------------------
  __cs_local_main_task_resetIOVar_1_list[1l]=svp_simple_021_001_tc_chan1_buff (0000001000000000000000000000000000000000000000000000000000000000)

State 174 file /home/dell/zyworkspace/nichecker/Experiment/remarks2.1_LA/svp_simple_021/_mt_svp_simple_021_001_result/_cs_svp_simple_021_001_tc_block_rcvd_bytes_ch1_rwr_mt_svp_simple_021_001.c line 447 function main_task_0 thread 0
----------------------------------------------------
  __cs_local_main_task_resetIOVar_1_list[2l]=svp_simple_021_001_tc_chan2_buff (0000001100000000000000000000000000000000000000000000000000000000)

State 175 file /home/dell/zyworkspace/nichecker/Experiment/remarks2.1_LA/svp_simple_021/_mt_svp_simple_021_001_result/_cs_svp_simple_021_001_tc_block_rcvd_bytes_ch1_rwr_mt_svp_simple_021_001.c line 450 function main_task_0 thread 0
----------------------------------------------------
  __cs_local_main_task_loop_2_k1_1=1 (00000000000000000000000000000001)

State 201 file /home/dell/zyworkspace/nichecker/Experiment/remarks2.1_LA/svp_simple_021/_mt_svp_simple_021_001_result/_cs_svp_simple_021_001_tc_block_rcvd_bytes_ch1_rwr_mt_svp_simple_021_001.c line 711 function main_task_0 thread 0
----------------------------------------------------
  __cs_value_ptr=NULL (0000000000000000000000000000000000000000000000000000000000000000)

State 206 file /home/dell/zyworkspace/nichecker/Experiment/remarks2.1_LA/svp_simple_021/_mt_svp_simple_021_001_result/_cs_svp_simple_021_001_tc_block_rcvd_bytes_ch1_rwr_mt_svp_simple_021_001.c line 804 function main thread 0
----------------------------------------------------
  __cs_pc[1l]=12 (001100)

State 207 file /home/dell/zyworkspace/nichecker/Experiment/remarks2.1_LA/svp_simple_021/_mt_svp_simple_021_001_result/_cs_svp_simple_021_001_tc_block_rcvd_bytes_ch1_rwr_mt_svp_simple_021_001.c line 810 function main thread 0
----------------------------------------------------
  __cs_tmp_t2_r1=1 (1)

State 209 file /home/dell/zyworkspace/nichecker/Experiment/remarks2.1_LA/svp_simple_021/_mt_svp_simple_021_001_result/_cs_svp_simple_021_001_tc_block_rcvd_bytes_ch1_rwr_mt_svp_simple_021_001.c line 815 function main thread 0
----------------------------------------------------
  __cs_thread_index=2 (10)

State 210 file /home/dell/zyworkspace/nichecker/Experiment/remarks2.1_LA/svp_simple_021/_mt_svp_simple_021_001_result/_cs_svp_simple_021_001_tc_block_rcvd_bytes_ch1_rwr_mt_svp_simple_021_001.c line 817 function main thread 0
----------------------------------------------------
  __cs_pc_cs[2l]=1 (000001)

State 215 file /home/dell/zyworkspace/nichecker/Experiment/remarks2.1_LA/svp_simple_021/_mt_svp_simple_021_001_result/_cs_svp_simple_021_001_tc_block_rcvd_bytes_ch1_rwr_mt_svp_simple_021_001.c line 823 function main thread 0
----------------------------------------------------
  __cs_param_svp_simple_021_001_isr_1_arg=NULL (0000000000000000000000000000000000000000000000000000000000000000)

State 217 file /home/dell/zyworkspace/nichecker/Experiment/remarks2.1_LA/svp_simple_021/_mt_svp_simple_021_001_result/_cs_svp_simple_021_001_tc_block_rcvd_bytes_ch1_rwr_mt_svp_simple_021_001.c line 721 function svp_simple_021_001_isr_1_0 thread 0
----------------------------------------------------
  svp_simple_021_001_tc_block_rcvd_bytes_ch1=8 (0000000000001000)

State 221 file /home/dell/zyworkspace/nichecker/Experiment/remarks2.1_LA/svp_simple_021/_mt_svp_simple_021_001_result/_cs_svp_simple_021_001_tc_block_rcvd_bytes_ch1_rwr_mt_svp_simple_021_001.c line 732 function svp_simple_021_001_isr_1_0 thread 0
----------------------------------------------------
  __cs_value_ptr=NULL (0000000000000000000000000000000000000000000000000000000000000000)

State 226 file /home/dell/zyworkspace/nichecker/Experiment/remarks2.1_LA/svp_simple_021/_mt_svp_simple_021_001_result/_cs_svp_simple_021_001_tc_block_rcvd_bytes_ch1_rwr_mt_svp_simple_021_001.c line 825 function main thread 0
----------------------------------------------------
  __cs_pc[2l]=1 (000001)

State 227 file /home/dell/zyworkspace/nichecker/Experiment/remarks2.1_LA/svp_simple_021/_mt_svp_simple_021_001_result/_cs_svp_simple_021_001_tc_block_rcvd_bytes_ch1_rwr_mt_svp_simple_021_001.c line 829 function main thread 0
----------------------------------------------------
  __cs_tmp_t1_r2=23u (00000000000000000000000000010111)

State 229 file /home/dell/zyworkspace/nichecker/Experiment/remarks2.1_LA/svp_simple_021/_mt_svp_simple_021_001_result/_cs_svp_simple_021_001_tc_block_rcvd_bytes_ch1_rwr_mt_svp_simple_021_001.c line 834 function main thread 0
----------------------------------------------------
  __cs_thread_index=1 (01)

State 230 file /home/dell/zyworkspace/nichecker/Experiment/remarks2.1_LA/svp_simple_021/_mt_svp_simple_021_001_result/_cs_svp_simple_021_001_tc_block_rcvd_bytes_ch1_rwr_mt_svp_simple_021_001.c line 836 function main thread 0
----------------------------------------------------
  __cs_pc_cs[1l]=23 (010111)

State 235 file /home/dell/zyworkspace/nichecker/Experiment/remarks2.1_LA/svp_simple_021/_mt_svp_simple_021_001_result/_cs_svp_simple_021_001_tc_block_rcvd_bytes_ch1_rwr_mt_svp_simple_021_001.c line 842 function main thread 0
----------------------------------------------------
  __cs_param_main_task_arg=NULL (0000000000000000000000000000000000000000000000000000000000000000)

State 249 file /home/dell/zyworkspace/nichecker/Experiment/remarks2.1_LA/svp_simple_021/_mt_svp_simple_021_001_result/_cs_svp_simple_021_001_tc_block_rcvd_bytes_ch1_rwr_mt_svp_simple_021_001.c line 459 function main_task_0 thread 0
----------------------------------------------------
  svp_simple_021_001_tc_buff_p=svp_simple_021_001_tc_chan1_buff (0000001000000000000000000000000000000000000000000000000000000000)

State 250 file /home/dell/zyworkspace/nichecker/Experiment/remarks2.1_LA/svp_simple_021/_mt_svp_simple_021_001_result/_cs_svp_simple_021_001_tc_block_rcvd_bytes_ch1_rwr_mt_svp_simple_021_001.c line 462 function main_task_0 thread 0
----------------------------------------------------
  __cs_local_main_task_ichan=0 (00000000000000000000000000000000)

State 253 file /home/dell/zyworkspace/nichecker/Experiment/remarks2.1_LA/svp_simple_021/_mt_svp_simple_021_001_result/_cs_svp_simple_021_001_tc_block_rcvd_bytes_ch1_rwr_mt_svp_simple_021_001.c line 472 function main_task_0 thread 0
----------------------------------------------------
  __cs_local_main_task___cs_tmp_if_cond_1=TRUE (00000001)

State 256 file /home/dell/zyworkspace/nichecker/Experiment/remarks2.1_LA/svp_simple_021/_mt_svp_simple_021_001_result/_cs_svp_simple_021_001_tc_block_rcvd_bytes_ch1_rwr_mt_svp_simple_021_001.c line 481 function main_task_0 thread 0
----------------------------------------------------
  svp_simple_021_001_tc_buff_p=svp_simple_021_001_tc_chan1_buff (0000001000000000000000000000000000000000000000000000000000000000)

State 258 file /home/dell/zyworkspace/nichecker/Experiment/remarks2.1_LA/svp_simple_021/_mt_svp_simple_021_001_result/_cs_svp_simple_021_001_tc_block_rcvd_bytes_ch1_rwr_mt_svp_simple_021_001.c line 486 function main_task_0 thread 0
----------------------------------------------------
  svp_simple_021_001_tc_block_rcvd_bytes=8 (0000000000001000)

State 259 file /home/dell/zyworkspace/nichecker/Experiment/remarks2.1_LA/svp_simple_021/_mt_svp_simple_021_001_result/_cs_svp_simple_021_001_tc_block_rcvd_bytes_ch1_rwr_mt_svp_simple_021_001.c line 489 function main_task_0 thread 0
----------------------------------------------------
  rwr_r2=8 (0000000000001000)

Violated property:
  file /home/dell/zyworkspace/nichecker/Experiment/remarks2.1_LA/svp_simple_021/_mt_svp_simple_021_001_result/_cs_svp_simple_021_001_tc_block_rcvd_bytes_ch1_rwr_mt_svp_simple_021_001.c line 491 function main_task_0
  assertion rwr_r2 == rwr_tmp1
  rwr_r2 == rwr_tmp1


** 1 of 3 failed (2 iterations)
VERIFICATION FAILED
