CBMC version 5.6 64-bit x86_64 linux
Parsing /home/dell/zyworkspace/nichecker/Experiment/remarks2.1_LA/svp_simple_021/_mt_svp_simple_021_001_result/_cs_svp_simple_021_001_tc_block_rcvd_bytes_ch1_rww_mt_svp_simple_021_001.c
<command-line>: warning: "__STDC_VERSION__" redefined
<built-in>: note: this is the location of the previous definition
Converting
Type-checking _cs_svp_simple_021_001_tc_block_rcvd_bytes_ch1_rww_mt_svp_simple_021_001
file /home/dell/zyworkspace/nichecker/Experiment/remarks2.1_LA/svp_simple_021/_mt_svp_simple_021_001_result/_cs_svp_simple_021_001_tc_block_rcvd_bytes_ch1_rww_mt_svp_simple_021_001.c line 198 function main_task_0: function `nondet_rand' is not declared
file /home/dell/zyworkspace/nichecker/Experiment/remarks2.1_LA/svp_simple_021/_mt_svp_simple_021_001_result/_cs_svp_simple_021_001_tc_block_rcvd_bytes_ch1_rww_mt_svp_simple_021_001.c line 248 function main_task_0: function `assert' is not declared
Generating GOTO Program
Adding CPROVER library (x86_64)
Removal of function pointers and virtual functions
Partial Inlining
Generic Property Instrumentation
Starting Bounded Model Checking
**** WARNING: no body for function enable_isr
size of program expression: 1458 steps
simple slicing removed 373 assignments
Generated 3 VCC(s), 3 remaining after simplification
Passing problem to propositional reduction
converting SSA
Running propositional reduction
Post-processing
Solving with MiniSAT 2.2.1 with simplifier
11979 variables, 69872 clauses
SAT checker: instance is SATISFIABLE
Runtime decision procedure: 0.11s

** Results:
[main_task_0.assertion.1] assertion rww_w1 == rww_r_tmp1: FAILURE

Trace for main_task_0.assertion.1:

State 60 file /home/dell/zyworkspace/nichecker/Experiment/remarks2.1_LA/svp_simple_021/_mt_svp_simple_021_001_result/_cs_svp_simple_021_001_tc_block_rcvd_bytes_ch1_rww_mt_svp_simple_021_001.c line 734 function main thread 0
----------------------------------------------------
  __cs_tmp_t1_r0=4 (000100)

State 62 file /home/dell/zyworkspace/nichecker/Experiment/remarks2.1_LA/svp_simple_021/_mt_svp_simple_021_001_result/_cs_svp_simple_021_001_tc_block_rcvd_bytes_ch1_rww_mt_svp_simple_021_001.c line 738 function main thread 0
----------------------------------------------------
  __cs_thread_index=1 (01)

State 63 file /home/dell/zyworkspace/nichecker/Experiment/remarks2.1_LA/svp_simple_021/_mt_svp_simple_021_001_result/_cs_svp_simple_021_001_tc_block_rcvd_bytes_ch1_rww_mt_svp_simple_021_001.c line 740 function main thread 0
----------------------------------------------------
  __cs_pc_cs[1l]=4 (000100)

State 68 file /home/dell/zyworkspace/nichecker/Experiment/remarks2.1_LA/svp_simple_021/_mt_svp_simple_021_001_result/_cs_svp_simple_021_001_tc_block_rcvd_bytes_ch1_rww_mt_svp_simple_021_001.c line 746 function main thread 0
----------------------------------------------------
  __cs_param_main_task_arg=NULL (0000000000000000000000000000000000000000000000000000000000000000)

State 73 file /home/dell/zyworkspace/nichecker/Experiment/remarks2.1_LA/svp_simple_021/_mt_svp_simple_021_001_result/_cs_svp_simple_021_001_tc_block_rcvd_bytes_ch1_rww_mt_svp_simple_021_001.c line 198 function main_task_0 thread 0
----------------------------------------------------
  svp_simple_021_001_tc_block_rcvd_bytes_ch1=16 (0000000000010000)

State 77 file /home/dell/zyworkspace/nichecker/Experiment/remarks2.1_LA/svp_simple_021/_mt_svp_simple_021_001_result/_cs_svp_simple_021_001_tc_block_rcvd_bytes_ch1_rww_mt_svp_simple_021_001.c line 203 function main_task_0 thread 0
----------------------------------------------------
  svp_simple_021_001_tc_block_rcvd_bytes_ch2=0 (0000000000000000)

State 81 file /home/dell/zyworkspace/nichecker/Experiment/remarks2.1_LA/svp_simple_021/_mt_svp_simple_021_001_result/_cs_svp_simple_021_001_tc_block_rcvd_bytes_ch1_rww_mt_svp_simple_021_001.c line 209 function main_task_0 thread 0
----------------------------------------------------
  __cs_disable_thread[2l]=0 (0)

State 82 file /home/dell/zyworkspace/nichecker/Experiment/remarks2.1_LA/svp_simple_021/_mt_svp_simple_021_001_result/_cs_svp_simple_021_001_tc_block_rcvd_bytes_ch1_rww_mt_svp_simple_021_001.c line 212 function main_task_0 thread 0
----------------------------------------------------
  __cs_disable_thread[0l]=0 (0)

State 83 file /home/dell/zyworkspace/nichecker/Experiment/remarks2.1_LA/svp_simple_021/_mt_svp_simple_021_001_result/_cs_svp_simple_021_001_tc_block_rcvd_bytes_ch1_rww_mt_svp_simple_021_001.c line 226 function main_task_0 thread 0
----------------------------------------------------
  __cs_local_main_task_svp_simple_021_001_flag_chan1=0u (00000000000000000000000000000000)

State 85 file /home/dell/zyworkspace/nichecker/Experiment/remarks2.1_LA/svp_simple_021/_mt_svp_simple_021_001_result/_cs_svp_simple_021_001_tc_block_rcvd_bytes_ch1_rww_mt_svp_simple_021_001.c line 233 function main_task_0 thread 0
----------------------------------------------------
  __cs_local_main_task___cs_tmp_if_cond_0=TRUE (00000001)

State 86 file /home/dell/zyworkspace/nichecker/Experiment/remarks2.1_LA/svp_simple_021/_mt_svp_simple_021_001_result/_cs_svp_simple_021_001_tc_block_rcvd_bytes_ch1_rww_mt_svp_simple_021_001.c line 235 function main_task_0 thread 0
----------------------------------------------------
  rww_r_tmp1_num=1 (00000000000000000000000000000001)

State 87 file /home/dell/zyworkspace/nichecker/Experiment/remarks2.1_LA/svp_simple_021/_mt_svp_simple_021_001_result/_cs_svp_simple_021_001_tc_block_rcvd_bytes_ch1_rww_mt_svp_simple_021_001.c line 236 function main_task_0 thread 0
----------------------------------------------------
  rww_r_tmp1=16 (0000000000010000)

State 120 file /home/dell/zyworkspace/nichecker/Experiment/remarks2.1_LA/svp_simple_021/_mt_svp_simple_021_001_result/_cs_svp_simple_021_001_tc_block_rcvd_bytes_ch1_rww_mt_svp_simple_021_001.c line 701 function main_task_0 thread 0
----------------------------------------------------
  __cs_value_ptr=NULL (0000000000000000000000000000000000000000000000000000000000000000)

State 125 file /home/dell/zyworkspace/nichecker/Experiment/remarks2.1_LA/svp_simple_021/_mt_svp_simple_021_001_result/_cs_svp_simple_021_001_tc_block_rcvd_bytes_ch1_rww_mt_svp_simple_021_001.c line 748 function main thread 0
----------------------------------------------------
  __cs_pc[1l]=4 (000100)

State 126 file /home/dell/zyworkspace/nichecker/Experiment/remarks2.1_LA/svp_simple_021/_mt_svp_simple_021_001_result/_cs_svp_simple_021_001_tc_block_rcvd_bytes_ch1_rww_mt_svp_simple_021_001.c line 754 function main thread 0
----------------------------------------------------
  __cs_tmp_t2_r0=0 (0)

State 128 file /home/dell/zyworkspace/nichecker/Experiment/remarks2.1_LA/svp_simple_021/_mt_svp_simple_021_001_result/_cs_svp_simple_021_001_tc_block_rcvd_bytes_ch1_rww_mt_svp_simple_021_001.c line 759 function main thread 0
----------------------------------------------------
  __cs_thread_index=2 (10)

State 129 file /home/dell/zyworkspace/nichecker/Experiment/remarks2.1_LA/svp_simple_021/_mt_svp_simple_021_001_result/_cs_svp_simple_021_001_tc_block_rcvd_bytes_ch1_rww_mt_svp_simple_021_001.c line 761 function main thread 0
----------------------------------------------------
  __cs_pc_cs[2l]=0 (000000)

State 134 file /home/dell/zyworkspace/nichecker/Experiment/remarks2.1_LA/svp_simple_021/_mt_svp_simple_021_001_result/_cs_svp_simple_021_001_tc_block_rcvd_bytes_ch1_rww_mt_svp_simple_021_001.c line 767 function main thread 0
----------------------------------------------------
  __cs_param_svp_simple_021_001_isr_1_arg=NULL (0000000000000000000000000000000000000000000000000000000000000000)

State 138 file /home/dell/zyworkspace/nichecker/Experiment/remarks2.1_LA/svp_simple_021/_mt_svp_simple_021_001_result/_cs_svp_simple_021_001_tc_block_rcvd_bytes_ch1_rww_mt_svp_simple_021_001.c line 722 function svp_simple_021_001_isr_1_0 thread 0
----------------------------------------------------
  __cs_value_ptr=NULL (0000000000000000000000000000000000000000000000000000000000000000)

State 143 file /home/dell/zyworkspace/nichecker/Experiment/remarks2.1_LA/svp_simple_021/_mt_svp_simple_021_001_result/_cs_svp_simple_021_001_tc_block_rcvd_bytes_ch1_rww_mt_svp_simple_021_001.c line 769 function main thread 0
----------------------------------------------------
  __cs_pc[2l]=0 (000000)

State 144 file /home/dell/zyworkspace/nichecker/Experiment/remarks2.1_LA/svp_simple_021/_mt_svp_simple_021_001_result/_cs_svp_simple_021_001_tc_block_rcvd_bytes_ch1_rww_mt_svp_simple_021_001.c line 779 function main thread 0
----------------------------------------------------
  __cs_tmp_t1_r1=4 (000100)

State 146 file /home/dell/zyworkspace/nichecker/Experiment/remarks2.1_LA/svp_simple_021/_mt_svp_simple_021_001_result/_cs_svp_simple_021_001_tc_block_rcvd_bytes_ch1_rww_mt_svp_simple_021_001.c line 784 function main thread 0
----------------------------------------------------
  __cs_thread_index=1 (01)

State 147 file /home/dell/zyworkspace/nichecker/Experiment/remarks2.1_LA/svp_simple_021/_mt_svp_simple_021_001_result/_cs_svp_simple_021_001_tc_block_rcvd_bytes_ch1_rww_mt_svp_simple_021_001.c line 786 function main thread 0
----------------------------------------------------
  __cs_pc_cs[1l]=4 (000100)

State 152 file /home/dell/zyworkspace/nichecker/Experiment/remarks2.1_LA/svp_simple_021/_mt_svp_simple_021_001_result/_cs_svp_simple_021_001_tc_block_rcvd_bytes_ch1_rww_mt_svp_simple_021_001.c line 792 function main thread 0
----------------------------------------------------
  __cs_param_main_task_arg=NULL (0000000000000000000000000000000000000000000000000000000000000000)

State 188 file /home/dell/zyworkspace/nichecker/Experiment/remarks2.1_LA/svp_simple_021/_mt_svp_simple_021_001_result/_cs_svp_simple_021_001_tc_block_rcvd_bytes_ch1_rww_mt_svp_simple_021_001.c line 701 function main_task_0 thread 0
----------------------------------------------------
  __cs_value_ptr=NULL (0000000000000000000000000000000000000000000000000000000000000000)

State 193 file /home/dell/zyworkspace/nichecker/Experiment/remarks2.1_LA/svp_simple_021/_mt_svp_simple_021_001_result/_cs_svp_simple_021_001_tc_block_rcvd_bytes_ch1_rww_mt_svp_simple_021_001.c line 794 function main thread 0
----------------------------------------------------
  __cs_pc[1l]=4 (000100)

State 194 file /home/dell/zyworkspace/nichecker/Experiment/remarks2.1_LA/svp_simple_021/_mt_svp_simple_021_001_result/_cs_svp_simple_021_001_tc_block_rcvd_bytes_ch1_rww_mt_svp_simple_021_001.c line 800 function main thread 0
----------------------------------------------------
  __cs_tmp_t2_r1=1 (1)

State 196 file /home/dell/zyworkspace/nichecker/Experiment/remarks2.1_LA/svp_simple_021/_mt_svp_simple_021_001_result/_cs_svp_simple_021_001_tc_block_rcvd_bytes_ch1_rww_mt_svp_simple_021_001.c line 805 function main thread 0
----------------------------------------------------
  __cs_thread_index=2 (10)

State 197 file /home/dell/zyworkspace/nichecker/Experiment/remarks2.1_LA/svp_simple_021/_mt_svp_simple_021_001_result/_cs_svp_simple_021_001_tc_block_rcvd_bytes_ch1_rww_mt_svp_simple_021_001.c line 807 function main thread 0
----------------------------------------------------
  __cs_pc_cs[2l]=1 (000001)

State 202 file /home/dell/zyworkspace/nichecker/Experiment/remarks2.1_LA/svp_simple_021/_mt_svp_simple_021_001_result/_cs_svp_simple_021_001_tc_block_rcvd_bytes_ch1_rww_mt_svp_simple_021_001.c line 813 function main thread 0
----------------------------------------------------
  __cs_param_svp_simple_021_001_isr_1_arg=NULL (0000000000000000000000000000000000000000000000000000000000000000)

State 204 file /home/dell/zyworkspace/nichecker/Experiment/remarks2.1_LA/svp_simple_021/_mt_svp_simple_021_001_result/_cs_svp_simple_021_001_tc_block_rcvd_bytes_ch1_rww_mt_svp_simple_021_001.c line 711 function svp_simple_021_001_isr_1_0 thread 0
----------------------------------------------------
  svp_simple_021_001_tc_block_rcvd_bytes_ch1=0 (0000000000000000)

State 208 file /home/dell/zyworkspace/nichecker/Experiment/remarks2.1_LA/svp_simple_021/_mt_svp_simple_021_001_result/_cs_svp_simple_021_001_tc_block_rcvd_bytes_ch1_rww_mt_svp_simple_021_001.c line 722 function svp_simple_021_001_isr_1_0 thread 0
----------------------------------------------------
  __cs_value_ptr=NULL (0000000000000000000000000000000000000000000000000000000000000000)

State 213 file /home/dell/zyworkspace/nichecker/Experiment/remarks2.1_LA/svp_simple_021/_mt_svp_simple_021_001_result/_cs_svp_simple_021_001_tc_block_rcvd_bytes_ch1_rww_mt_svp_simple_021_001.c line 815 function main thread 0
----------------------------------------------------
  __cs_pc[2l]=1 (000001)

State 214 file /home/dell/zyworkspace/nichecker/Experiment/remarks2.1_LA/svp_simple_021/_mt_svp_simple_021_001_result/_cs_svp_simple_021_001_tc_block_rcvd_bytes_ch1_rww_mt_svp_simple_021_001.c line 819 function main thread 0
----------------------------------------------------
  __cs_tmp_t1_r2=5u (00000000000000000000000000000101)

State 216 file /home/dell/zyworkspace/nichecker/Experiment/remarks2.1_LA/svp_simple_021/_mt_svp_simple_021_001_result/_cs_svp_simple_021_001_tc_block_rcvd_bytes_ch1_rww_mt_svp_simple_021_001.c line 824 function main thread 0
----------------------------------------------------
  __cs_thread_index=1 (01)

State 217 file /home/dell/zyworkspace/nichecker/Experiment/remarks2.1_LA/svp_simple_021/_mt_svp_simple_021_001_result/_cs_svp_simple_021_001_tc_block_rcvd_bytes_ch1_rww_mt_svp_simple_021_001.c line 826 function main thread 0
----------------------------------------------------
  __cs_pc_cs[1l]=5 (000101)

State 222 file /home/dell/zyworkspace/nichecker/Experiment/remarks2.1_LA/svp_simple_021/_mt_svp_simple_021_001_result/_cs_svp_simple_021_001_tc_block_rcvd_bytes_ch1_rww_mt_svp_simple_021_001.c line 832 function main thread 0
----------------------------------------------------
  __cs_param_main_task_arg=NULL (0000000000000000000000000000000000000000000000000000000000000000)

State 228 file /home/dell/zyworkspace/nichecker/Experiment/remarks2.1_LA/svp_simple_021/_mt_svp_simple_021_001_result/_cs_svp_simple_021_001_tc_block_rcvd_bytes_ch1_rww_mt_svp_simple_021_001.c line 246 function main_task_0 thread 0
----------------------------------------------------
  rww_w1=0 (0000000000000000)

Violated property:
  file /home/dell/zyworkspace/nichecker/Experiment/remarks2.1_LA/svp_simple_021/_mt_svp_simple_021_001_result/_cs_svp_simple_021_001_tc_block_rcvd_bytes_ch1_rww_mt_svp_simple_021_001.c line 248 function main_task_0
  assertion rww_w1 == rww_r_tmp1
  rww_w1 == rww_r_tmp1


** 1 of 1 failed (1 iteration)
VERIFICATION FAILED
