CBMC version 5.6 64-bit x86_64 linux
Parsing /home/dell/zyworkspace/nichecker/Experiment/remarks2.1_LA/svp_simple_024/_mt_svp_simple_024_001_result/_cs_svp_simple_024_001_global_array[1]_rwr_mt_svp_simple_024_001.c
<command-line>: warning: "__STDC_VERSION__" redefined
<built-in>: note: this is the location of the previous definition
Converting
Type-checking _cs_svp_simple_024_001_global_array[1]_rwr_mt_svp_simple_024_001
file /home/dell/zyworkspace/nichecker/Experiment/remarks2.1_LA/svp_simple_024/_mt_svp_simple_024_001_result/_cs_svp_simple_024_001_global_array[1]_rwr_mt_svp_simple_024_001.c line 198 function main_task_0: function `nondet_rand' is not declared
file /home/dell/zyworkspace/nichecker/Experiment/remarks2.1_LA/svp_simple_024/_mt_svp_simple_024_001_result/_cs_svp_simple_024_001_global_array[1]_rwr_mt_svp_simple_024_001.c line 229 function main_task_0: function `assert' is not declared
Generating GOTO Program
Adding CPROVER library (x86_64)
Removal of function pointers and virtual functions
Partial Inlining
Generic Property Instrumentation
Starting Bounded Model Checking
**** WARNING: no body for function enable_isr
size of program expression: 828 steps
simple slicing removed 129 assignments
Generated 5 VCC(s), 4 remaining after simplification
Passing problem to propositional reduction
converting SSA
Running propositional reduction
Post-processing
Solving with MiniSAT 2.2.1 with simplifier
4072 variables, 24714 clauses
SAT checker: instance is SATISFIABLE
Solving with MiniSAT 2.2.1 with simplifier
4072 variables, 3343 clauses
SAT checker: instance is UNSATISFIABLE
Runtime decision procedure: 0.04s

** Results:
[main_task_0.assertion.1] assertion rwr_r1 == rwr_tmp1: SUCCESS
[main_task_0.assertion.2] assertion rwr_r2 == rwr_tmp1: FAILURE

Trace for main_task_0.assertion.2:

State 55 file /home/dell/zyworkspace/nichecker/Experiment/remarks2.1_LA/svp_simple_024/_mt_svp_simple_024_001_result/_cs_svp_simple_024_001_global_array[1]_rwr_mt_svp_simple_024_001.c line 520 function main thread 0
----------------------------------------------------
  __cs_tmp_t1_r0=3 (0011)

State 57 file /home/dell/zyworkspace/nichecker/Experiment/remarks2.1_LA/svp_simple_024/_mt_svp_simple_024_001_result/_cs_svp_simple_024_001_global_array[1]_rwr_mt_svp_simple_024_001.c line 524 function main thread 0
----------------------------------------------------
  __cs_thread_index=1 (01)

State 58 file /home/dell/zyworkspace/nichecker/Experiment/remarks2.1_LA/svp_simple_024/_mt_svp_simple_024_001_result/_cs_svp_simple_024_001_global_array[1]_rwr_mt_svp_simple_024_001.c line 526 function main thread 0
----------------------------------------------------
  __cs_pc_cs[1l]=3 (0011)

State 63 file /home/dell/zyworkspace/nichecker/Experiment/remarks2.1_LA/svp_simple_024/_mt_svp_simple_024_001_result/_cs_svp_simple_024_001_global_array[1]_rwr_mt_svp_simple_024_001.c line 532 function main thread 0
----------------------------------------------------
  __cs_param_main_task_arg=NULL (0000000000000000000000000000000000000000000000000000000000000000)

State 66 file /home/dell/zyworkspace/nichecker/Experiment/remarks2.1_LA/svp_simple_024/_mt_svp_simple_024_001_result/_cs_svp_simple_024_001_global_array[1]_rwr_mt_svp_simple_024_001.c line 198 function main_task_0 thread 0
----------------------------------------------------
  svp_simple_024_001_global_var=0 (00000000000000000000000000000000)

State 70 file /home/dell/zyworkspace/nichecker/Experiment/remarks2.1_LA/svp_simple_024/_mt_svp_simple_024_001_result/_cs_svp_simple_024_001_global_array[1]_rwr_mt_svp_simple_024_001.c line 204 function main_task_0 thread 0
----------------------------------------------------
  __cs_disable_thread[2l]=0 (0)

State 71 file /home/dell/zyworkspace/nichecker/Experiment/remarks2.1_LA/svp_simple_024/_mt_svp_simple_024_001_result/_cs_svp_simple_024_001_global_array[1]_rwr_mt_svp_simple_024_001.c line 207 function main_task_0 thread 0
----------------------------------------------------
  __cs_disable_thread[0l]=0 (0)

State 73 file /home/dell/zyworkspace/nichecker/Experiment/remarks2.1_LA/svp_simple_024/_mt_svp_simple_024_001_result/_cs_svp_simple_024_001_global_array[1]_rwr_mt_svp_simple_024_001.c line 225 function main_task_0 thread 0
----------------------------------------------------
  __cs_local_main_task_svp_simple_024_001_local_r.bytedata[0l]=0 (00000000)

State 74 file /home/dell/zyworkspace/nichecker/Experiment/remarks2.1_LA/svp_simple_024/_mt_svp_simple_024_001_result/_cs_svp_simple_024_001_global_array[1]_rwr_mt_svp_simple_024_001.c line 227 function main_task_0 thread 0
----------------------------------------------------
  rwr_r1=0 (00000000000000000000000000000000)

State 76 file /home/dell/zyworkspace/nichecker/Experiment/remarks2.1_LA/svp_simple_024/_mt_svp_simple_024_001_result/_cs_svp_simple_024_001_global_array[1]_rwr_mt_svp_simple_024_001.c line 231 function main_task_0 thread 0
----------------------------------------------------
  rwr_tmp1_num=1 (00000000000000000000000000000001)

State 77 file /home/dell/zyworkspace/nichecker/Experiment/remarks2.1_LA/svp_simple_024/_mt_svp_simple_024_001_result/_cs_svp_simple_024_001_global_array[1]_rwr_mt_svp_simple_024_001.c line 232 function main_task_0 thread 0
----------------------------------------------------
  rwr_tmp1=0 (00000000000000000000000000000000)

State 85 file /home/dell/zyworkspace/nichecker/Experiment/remarks2.1_LA/svp_simple_024/_mt_svp_simple_024_001_result/_cs_svp_simple_024_001_global_array[1]_rwr_mt_svp_simple_024_001.c line 385 function main_task_0 thread 0
----------------------------------------------------
  __cs_value_ptr=NULL (0000000000000000000000000000000000000000000000000000000000000000)

State 90 file /home/dell/zyworkspace/nichecker/Experiment/remarks2.1_LA/svp_simple_024/_mt_svp_simple_024_001_result/_cs_svp_simple_024_001_global_array[1]_rwr_mt_svp_simple_024_001.c line 534 function main thread 0
----------------------------------------------------
  __cs_pc[1l]=3 (0011)

State 91 file /home/dell/zyworkspace/nichecker/Experiment/remarks2.1_LA/svp_simple_024/_mt_svp_simple_024_001_result/_cs_svp_simple_024_001_global_array[1]_rwr_mt_svp_simple_024_001.c line 540 function main thread 0
----------------------------------------------------
  __cs_tmp_t2_r0=1 (1)

State 93 file /home/dell/zyworkspace/nichecker/Experiment/remarks2.1_LA/svp_simple_024/_mt_svp_simple_024_001_result/_cs_svp_simple_024_001_global_array[1]_rwr_mt_svp_simple_024_001.c line 545 function main thread 0
----------------------------------------------------
  __cs_thread_index=2 (10)

State 94 file /home/dell/zyworkspace/nichecker/Experiment/remarks2.1_LA/svp_simple_024/_mt_svp_simple_024_001_result/_cs_svp_simple_024_001_global_array[1]_rwr_mt_svp_simple_024_001.c line 547 function main thread 0
----------------------------------------------------
  __cs_pc_cs[2l]=1 (0001)

State 99 file /home/dell/zyworkspace/nichecker/Experiment/remarks2.1_LA/svp_simple_024/_mt_svp_simple_024_001_result/_cs_svp_simple_024_001_global_array[1]_rwr_mt_svp_simple_024_001.c line 553 function main thread 0
----------------------------------------------------
  __cs_param_svp_simple_024_001_isr_1_arg=NULL (0000000000000000000000000000000000000000000000000000000000000000)

State 101 file /home/dell/zyworkspace/nichecker/Experiment/remarks2.1_LA/svp_simple_024/_mt_svp_simple_024_001_result/_cs_svp_simple_024_001_global_array[1]_rwr_mt_svp_simple_024_001.c line 399 function svp_simple_024_001_isr_1_0 thread 0
----------------------------------------------------
  __cs_local_svp_simple_024_001_isr_1_i=0 (00000000000000000000000000000000)

State 102 file /home/dell/zyworkspace/nichecker/Experiment/remarks2.1_LA/svp_simple_024/_mt_svp_simple_024_001_result/_cs_svp_simple_024_001_global_array[1]_rwr_mt_svp_simple_024_001.c line 406 function svp_simple_024_001_isr_1_0 thread 0
----------------------------------------------------
  __cs_local_svp_simple_024_001_isr_1_t_1=0 (00000000000000000000000000000000)

State 104 file /home/dell/zyworkspace/nichecker/Experiment/remarks2.1_LA/svp_simple_024/_mt_svp_simple_024_001_result/_cs_svp_simple_024_001_global_array[1]_rwr_mt_svp_simple_024_001.c line 421 function svp_simple_024_001_isr_1_0 thread 0
----------------------------------------------------
  __cs_local_svp_simple_024_001_isr_1_loop_1_IOVar1=0 (00000000000000000000000000000000)

State 105 file /home/dell/zyworkspace/nichecker/Experiment/remarks2.1_LA/svp_simple_024/_mt_svp_simple_024_001_result/_cs_svp_simple_024_001_global_array[1]_rwr_mt_svp_simple_024_001.c line 423 function svp_simple_024_001_isr_1_0 thread 0
----------------------------------------------------
  __cs_local_svp_simple_024_001_isr_1_loop_1_block_1=1 (00000000000000000000000000000001)

State 106 file /home/dell/zyworkspace/nichecker/Experiment/remarks2.1_LA/svp_simple_024/_mt_svp_simple_024_001_result/_cs_svp_simple_024_001_global_array[1]_rwr_mt_svp_simple_024_001.c line 425 function svp_simple_024_001_isr_1_0 thread 0
----------------------------------------------------
  __cs_local_svp_simple_024_001_isr_1_i=1 (00000000000000000000000000000001)

State 109 file /home/dell/zyworkspace/nichecker/Experiment/remarks2.1_LA/svp_simple_024/_mt_svp_simple_024_001_result/_cs_svp_simple_024_001_global_array[1]_rwr_mt_svp_simple_024_001.c line 433 function svp_simple_024_001_isr_1_0 thread 0
----------------------------------------------------
  svp_simple_024_001_global_array[1l]=((signed int *)NULL) + 10 (0000000000000000000000000000000000000000000000000000000000001010)

State 110 file /home/dell/zyworkspace/nichecker/Experiment/remarks2.1_LA/svp_simple_024/_mt_svp_simple_024_001_result/_cs_svp_simple_024_001_global_array[1]_rwr_mt_svp_simple_024_001.c line 438 function svp_simple_024_001_isr_1_0 thread 0
----------------------------------------------------
  __cs_local_svp_simple_024_001_isr_1_i=2 (00000000000000000000000000000010)

State 111 file /home/dell/zyworkspace/nichecker/Experiment/remarks2.1_LA/svp_simple_024/_mt_svp_simple_024_001_result/_cs_svp_simple_024_001_global_array[1]_rwr_mt_svp_simple_024_001.c line 443 function svp_simple_024_001_isr_1_0 thread 0
----------------------------------------------------
  __cs_local_svp_simple_024_001_isr_1_t_1=1 (00000000000000000000000000000001)

State 113 file /home/dell/zyworkspace/nichecker/Experiment/remarks2.1_LA/svp_simple_024/_mt_svp_simple_024_001_result/_cs_svp_simple_024_001_global_array[1]_rwr_mt_svp_simple_024_001.c line 458 function svp_simple_024_001_isr_1_0 thread 0
----------------------------------------------------
  __cs_local_svp_simple_024_001_isr_1_loop_1_IOVar1=2 (00000000000000000000000000000010)

State 114 file /home/dell/zyworkspace/nichecker/Experiment/remarks2.1_LA/svp_simple_024/_mt_svp_simple_024_001_result/_cs_svp_simple_024_001_global_array[1]_rwr_mt_svp_simple_024_001.c line 460 function svp_simple_024_001_isr_1_0 thread 0
----------------------------------------------------
  __cs_local_svp_simple_024_001_isr_1_loop_1_block_1=97 (00000000000000000000000001100001)

State 115 file /home/dell/zyworkspace/nichecker/Experiment/remarks2.1_LA/svp_simple_024/_mt_svp_simple_024_001_result/_cs_svp_simple_024_001_global_array[1]_rwr_mt_svp_simple_024_001.c line 462 function svp_simple_024_001_isr_1_0 thread 0
----------------------------------------------------
  __cs_local_svp_simple_024_001_isr_1_i=99 (00000000000000000000000001100011)

State 118 file /home/dell/zyworkspace/nichecker/Experiment/remarks2.1_LA/svp_simple_024/_mt_svp_simple_024_001_result/_cs_svp_simple_024_001_global_array[1]_rwr_mt_svp_simple_024_001.c line 470 function svp_simple_024_001_isr_1_0 thread 0
----------------------------------------------------
  svp_simple_024_001_global_array[99l]=((signed int *)NULL) + 10 (0000000000000000000000000000000000000000000000000000000000001010)

State 119 file /home/dell/zyworkspace/nichecker/Experiment/remarks2.1_LA/svp_simple_024/_mt_svp_simple_024_001_result/_cs_svp_simple_024_001_global_array[1]_rwr_mt_svp_simple_024_001.c line 475 function svp_simple_024_001_isr_1_0 thread 0
----------------------------------------------------
  __cs_local_svp_simple_024_001_isr_1_i=100 (00000000000000000000000001100100)

State 120 file /home/dell/zyworkspace/nichecker/Experiment/remarks2.1_LA/svp_simple_024/_mt_svp_simple_024_001_result/_cs_svp_simple_024_001_global_array[1]_rwr_mt_svp_simple_024_001.c line 480 function svp_simple_024_001_isr_1_0 thread 0
----------------------------------------------------
  __cs_local_svp_simple_024_001_isr_1_t_1=2 (00000000000000000000000000000010)

State 121 file /home/dell/zyworkspace/nichecker/Experiment/remarks2.1_LA/svp_simple_024/_mt_svp_simple_024_001_result/_cs_svp_simple_024_001_global_array[1]_rwr_mt_svp_simple_024_001.c line 483 function svp_simple_024_001_isr_1_0 thread 0
----------------------------------------------------
  __cs_loop_1=FALSE (00000000)

State 127 file /home/dell/zyworkspace/nichecker/Experiment/remarks2.1_LA/svp_simple_024/_mt_svp_simple_024_001_result/_cs_svp_simple_024_001_global_array[1]_rwr_mt_svp_simple_024_001.c line 508 function svp_simple_024_001_isr_1_0 thread 0
----------------------------------------------------
  __cs_value_ptr=NULL (0000000000000000000000000000000000000000000000000000000000000000)

State 132 file /home/dell/zyworkspace/nichecker/Experiment/remarks2.1_LA/svp_simple_024/_mt_svp_simple_024_001_result/_cs_svp_simple_024_001_global_array[1]_rwr_mt_svp_simple_024_001.c line 555 function main thread 0
----------------------------------------------------
  __cs_pc[2l]=1 (0001)

State 133 file /home/dell/zyworkspace/nichecker/Experiment/remarks2.1_LA/svp_simple_024/_mt_svp_simple_024_001_result/_cs_svp_simple_024_001_global_array[1]_rwr_mt_svp_simple_024_001.c line 565 function main thread 0
----------------------------------------------------
  __cs_tmp_t1_r1=8 (1000)

State 135 file /home/dell/zyworkspace/nichecker/Experiment/remarks2.1_LA/svp_simple_024/_mt_svp_simple_024_001_result/_cs_svp_simple_024_001_global_array[1]_rwr_mt_svp_simple_024_001.c line 570 function main thread 0
----------------------------------------------------
  __cs_thread_index=1 (01)

State 136 file /home/dell/zyworkspace/nichecker/Experiment/remarks2.1_LA/svp_simple_024/_mt_svp_simple_024_001_result/_cs_svp_simple_024_001_global_array[1]_rwr_mt_svp_simple_024_001.c line 572 function main thread 0
----------------------------------------------------
  __cs_pc_cs[1l]=8 (1000)

State 141 file /home/dell/zyworkspace/nichecker/Experiment/remarks2.1_LA/svp_simple_024/_mt_svp_simple_024_001_result/_cs_svp_simple_024_001_global_array[1]_rwr_mt_svp_simple_024_001.c line 578 function main thread 0
----------------------------------------------------
  __cs_param_main_task_arg=NULL (0000000000000000000000000000000000000000000000000000000000000000)

State 146 file /home/dell/zyworkspace/nichecker/Experiment/remarks2.1_LA/svp_simple_024/_mt_svp_simple_024_001_result/_cs_svp_simple_024_001_global_array[1]_rwr_mt_svp_simple_024_001.c line 238 function main_task_0 thread 0
----------------------------------------------------
  __cs_local_main_task_svp_simple_024_001_local_r.bytedata[1l]=0 (00000000)

State 147 file /home/dell/zyworkspace/nichecker/Experiment/remarks2.1_LA/svp_simple_024/_mt_svp_simple_024_001_result/_cs_svp_simple_024_001_global_array[1]_rwr_mt_svp_simple_024_001.c line 241 function main_task_0 thread 0
----------------------------------------------------
  __cs_local_main_task___cs_retval__svp_simple_024_001_RTData_0=0u (00000000000000000000000000000000)

State 148 file /home/dell/zyworkspace/nichecker/Experiment/remarks2.1_LA/svp_simple_024/_mt_svp_simple_024_001_result/_cs_svp_simple_024_001_global_array[1]_rwr_mt_svp_simple_024_001.c line 247 function main_task_0 thread 0
----------------------------------------------------
  __cs_local_main_task_svp_simple_024_001_local_a.worddata=0u (00000000000000000000000000000000)

State 150 file /home/dell/zyworkspace/nichecker/Experiment/remarks2.1_LA/svp_simple_024/_mt_svp_simple_024_001_result/_cs_svp_simple_024_001_global_array[1]_rwr_mt_svp_simple_024_001.c line 257 function main_task_0 thread 0
----------------------------------------------------
  __cs_local_main_task_svp_simple_024_001_local_r.bytedata[0l]=0 (00000000)

State 152 file /home/dell/zyworkspace/nichecker/Experiment/remarks2.1_LA/svp_simple_024/_mt_svp_simple_024_001_result/_cs_svp_simple_024_001_global_array[1]_rwr_mt_svp_simple_024_001.c line 262 function main_task_0 thread 0
----------------------------------------------------
  __cs_local_main_task_svp_simple_024_001_local_r.bytedata[1l]=10 (00001010)

State 153 file /home/dell/zyworkspace/nichecker/Experiment/remarks2.1_LA/svp_simple_024/_mt_svp_simple_024_001_result/_cs_svp_simple_024_001_global_array[1]_rwr_mt_svp_simple_024_001.c line 264 function main_task_0 thread 0
----------------------------------------------------
  rwr_r2=10 (00000000000000000000000000001010)

Violated property:
  file /home/dell/zyworkspace/nichecker/Experiment/remarks2.1_LA/svp_simple_024/_mt_svp_simple_024_001_result/_cs_svp_simple_024_001_global_array[1]_rwr_mt_svp_simple_024_001.c line 266 function main_task_0
  assertion rwr_r2 == rwr_tmp1
  rwr_r2 == rwr_tmp1


** 1 of 2 failed (2 iterations)
VERIFICATION FAILED
