CBMC version 5.6 64-bit x86_64 linux
Parsing /home/dell/zyworkspace/nichecker/Experiment/remarks2.1_basic/svp_simple_005/_mt_svp_simple_005_001_result/_cs_svp_simple_005_001_global_var_wrw_mt_svp_simple_005_001.c
<command-line>: warning: "__STDC_VERSION__" redefined
<built-in>: note: this is the location of the previous definition
Converting
Type-checking _cs_svp_simple_005_001_global_var_wrw_mt_svp_simple_005_001
file /home/dell/zyworkspace/nichecker/Experiment/remarks2.1_basic/svp_simple_005/_mt_svp_simple_005_001_result/_cs_svp_simple_005_001_global_var_wrw_mt_svp_simple_005_001.c line 218 function main_task_0: function `assert' is not declared
Generating GOTO Program
Adding CPROVER library (x86_64)
Removal of function pointers and virtual functions
Partial Inlining
Generic Property Instrumentation
Starting Bounded Model Checking
**** WARNING: no body for function enable_isr
size of program expression: 880 steps
simple slicing removed 20 assignments
Generated 16 VCC(s), 12 remaining after simplification
Passing problem to propositional reduction
converting SSA
Running propositional reduction
Post-processing
Solving with MiniSAT 2.2.1 with simplifier
1730 variables, 5610 clauses
SAT checker: instance is UNSATISFIABLE
Runtime decision procedure: 0.015s

** Results:
[main_task_0.assertion.1] assertion wrw_a_1 == 0: SUCCESS
[main_task_0.assertion.2] assertion wrw_a_1 == 0: SUCCESS
[main_task_0.assertion.3] assertion wrw_a_1 == 0: SUCCESS
[main_task_0.assertion.4] assertion wrw_a_1 == 0: SUCCESS
[main_task_0.assertion.5] assertion wrw_a_1 == 0: SUCCESS
[main_task_0.assertion.6] assertion wrw_a_1 == 0: SUCCESS

** 0 of 6 failed (1 iteration)
VERIFICATION SUCCESSFUL
