CBMC version 5.6 64-bit x86_64 linux
Parsing /home/dell/zyworkspace/nichecker/Experiment/remarks2.1_LA_PPR/svp_simple_003/_mt_svp_simple_003_001_result/_cs_svp_simple_003_001_global_var1_rwr_mt_svp_simple_003_001.c
<command-line>: warning: "__STDC_VERSION__" redefined
<built-in>: note: this is the location of the previous definition
Converting
Type-checking _cs_svp_simple_003_001_global_var1_rwr_mt_svp_simple_003_001
file /home/dell/zyworkspace/nichecker/Experiment/remarks2.1_LA_PPR/svp_simple_003/_mt_svp_simple_003_001_result/_cs_svp_simple_003_001_global_var1_rwr_mt_svp_simple_003_001.c line 688 function main_task_0: function `assert' is not declared
Generating GOTO Program
Adding CPROVER library (x86_64)
Removal of function pointers and virtual functions
Partial Inlining
Generic Property Instrumentation
Starting Bounded Model Checking
**** WARNING: no body for function disable_isr
**** WARNING: no body for function enable_isr
size of program expression: 2076 steps
simple slicing removed 124 assignments
Generated 11 VCC(s), 8 remaining after simplification
Passing problem to propositional reduction
converting SSA
Running propositional reduction
Post-processing
Solving with MiniSAT 2.2.1 with simplifier
16600 variables, 59038 clauses
SAT checker: instance is SATISFIABLE
Solving with MiniSAT 2.2.1 with simplifier
16600 variables, 30492 clauses
SAT checker: instance is SATISFIABLE
Solving with MiniSAT 2.2.1 with simplifier
16600 variables, 30474 clauses
SAT checker: instance is UNSATISFIABLE
Runtime decision procedure: 0.132s

** Results:
[main_task_0.assertion.1] assertion rwr_r1 == rwr_tmp1: SUCCESS
[main_task_0.assertion.2] assertion rwr_r2 == rwr_tmp1: SUCCESS
[main_task_0.assertion.3] assertion rwr_r3 == rwr_tmp1: FAILURE
[main_task_0.assertion.4] assertion rwr_r4 == rwr_tmp1: FAILURE

Trace for main_task_0.assertion.3:

State 89 file /home/dell/zyworkspace/nichecker/Experiment/remarks2.1_LA_PPR/svp_simple_003/_mt_svp_simple_003_001_result/_cs_svp_simple_003_001_global_var1_rwr_mt_svp_simple_003_001.c line 1180 function main thread 0
----------------------------------------------------
  __cs_tmp_t1_r0=6 (0110)

State 91 file /home/dell/zyworkspace/nichecker/Experiment/remarks2.1_LA_PPR/svp_simple_003/_mt_svp_simple_003_001_result/_cs_svp_simple_003_001_global_var1_rwr_mt_svp_simple_003_001.c line 1184 function main thread 0
----------------------------------------------------
  __cs_thread_index=1 (001)

State 92 file /home/dell/zyworkspace/nichecker/Experiment/remarks2.1_LA_PPR/svp_simple_003/_mt_svp_simple_003_001_result/_cs_svp_simple_003_001_global_var1_rwr_mt_svp_simple_003_001.c line 1186 function main thread 0
----------------------------------------------------
  __cs_pc_cs[1l]=6 (0110)

State 97 file /home/dell/zyworkspace/nichecker/Experiment/remarks2.1_LA_PPR/svp_simple_003/_mt_svp_simple_003_001_result/_cs_svp_simple_003_001_global_var1_rwr_mt_svp_simple_003_001.c line 1192 function main thread 0
----------------------------------------------------
  __cs_param_main_task_arg=NULL (0000000000000000000000000000000000000000000000000000000000000000)

State 99 file /home/dell/zyworkspace/nichecker/Experiment/remarks2.1_LA_PPR/svp_simple_003/_mt_svp_simple_003_001_result/_cs_svp_simple_003_001_global_var1_rwr_mt_svp_simple_003_001.c line 197 function main_task_0 thread 0
----------------------------------------------------
  __cs_local_main_task_i=0 (00000000000000000000000000000000)

State 100 file /home/dell/zyworkspace/nichecker/Experiment/remarks2.1_LA_PPR/svp_simple_003/_mt_svp_simple_003_001_result/_cs_svp_simple_003_001_global_var1_rwr_mt_svp_simple_003_001.c line 200 function main_task_0 thread 0
----------------------------------------------------
  __cs_local_main_task_i=0 (00000000000000000000000000000000)

State 101 file /home/dell/zyworkspace/nichecker/Experiment/remarks2.1_LA_PPR/svp_simple_003/_mt_svp_simple_003_001_result/_cs_svp_simple_003_001_global_var1_rwr_mt_svp_simple_003_001.c line 208 function main_task_0 thread 0
----------------------------------------------------
  __cs_local_main_task_t_1=0 (00000000000000000000000000000000)

State 103 file /home/dell/zyworkspace/nichecker/Experiment/remarks2.1_LA_PPR/svp_simple_003/_mt_svp_simple_003_001_result/_cs_svp_simple_003_001_global_var1_rwr_mt_svp_simple_003_001.c line 226 function main_task_0 thread 0
----------------------------------------------------
  __cs_local_main_task_loop_1_IOVar1=0 (00000000000000000000000000000000)

State 104 file /home/dell/zyworkspace/nichecker/Experiment/remarks2.1_LA_PPR/svp_simple_003/_mt_svp_simple_003_001_result/_cs_svp_simple_003_001_global_var1_rwr_mt_svp_simple_003_001.c line 229 function main_task_0 thread 0
----------------------------------------------------
  __cs_local_main_task_loop_1_block_1=100 (00000000000000000000000001100100)

State 105 file /home/dell/zyworkspace/nichecker/Experiment/remarks2.1_LA_PPR/svp_simple_003/_mt_svp_simple_003_001_result/_cs_svp_simple_003_001_global_var1_rwr_mt_svp_simple_003_001.c line 232 function main_task_0 thread 0
----------------------------------------------------
  __cs_local_main_task_i=100 (00000000000000000000000001100100)

State 108 file /home/dell/zyworkspace/nichecker/Experiment/remarks2.1_LA_PPR/svp_simple_003/_mt_svp_simple_003_001_result/_cs_svp_simple_003_001_global_var1_rwr_mt_svp_simple_003_001.c line 243 function main_task_0 thread 0
----------------------------------------------------
  __cs_local_main_task_i=101 (00000000000000000000000001100101)

State 109 file /home/dell/zyworkspace/nichecker/Experiment/remarks2.1_LA_PPR/svp_simple_003/_mt_svp_simple_003_001_result/_cs_svp_simple_003_001_global_var1_rwr_mt_svp_simple_003_001.c line 249 function main_task_0 thread 0
----------------------------------------------------
  __cs_local_main_task_t_1=1 (00000000000000000000000000000001)

State 112 file /home/dell/zyworkspace/nichecker/Experiment/remarks2.1_LA_PPR/svp_simple_003/_mt_svp_simple_003_001_result/_cs_svp_simple_003_001_global_var1_rwr_mt_svp_simple_003_001.c line 257 function main_task_0 thread 0
----------------------------------------------------
  __cs_pc[1l]=1 (0001)

State 120 file /home/dell/zyworkspace/nichecker/Experiment/remarks2.1_LA_PPR/svp_simple_003/_mt_svp_simple_003_001_result/_cs_svp_simple_003_001_global_var1_rwr_mt_svp_simple_003_001.c line 315 function main_task_0 thread 0
----------------------------------------------------
  __cs_disable_thread[2l]=1 (1)

State 124 file /home/dell/zyworkspace/nichecker/Experiment/remarks2.1_LA_PPR/svp_simple_003/_mt_svp_simple_003_001_result/_cs_svp_simple_003_001_global_var1_rwr_mt_svp_simple_003_001.c line 322 function main_task_0 thread 0
----------------------------------------------------
  __cs_disable_thread[3l]=1 (1)

State 125 file /home/dell/zyworkspace/nichecker/Experiment/remarks2.1_LA_PPR/svp_simple_003/_mt_svp_simple_003_001_result/_cs_svp_simple_003_001_global_var1_rwr_mt_svp_simple_003_001.c line 330 function main_task_0 thread 0
----------------------------------------------------
  __cs_local_main_task_i=0 (00000000000000000000000000000000)

State 126 file /home/dell/zyworkspace/nichecker/Experiment/remarks2.1_LA_PPR/svp_simple_003/_mt_svp_simple_003_001_result/_cs_svp_simple_003_001_global_var1_rwr_mt_svp_simple_003_001.c line 338 function main_task_0 thread 0
----------------------------------------------------
  __cs_local_main_task_t_2=0 (00000000000000000000000000000000)

State 128 file /home/dell/zyworkspace/nichecker/Experiment/remarks2.1_LA_PPR/svp_simple_003/_mt_svp_simple_003_001_result/_cs_svp_simple_003_001_global_var1_rwr_mt_svp_simple_003_001.c line 356 function main_task_0 thread 0
----------------------------------------------------
  __cs_local_main_task_loop_2_IOVar1=0 (00000000000000000000000000000000)

State 129 file /home/dell/zyworkspace/nichecker/Experiment/remarks2.1_LA_PPR/svp_simple_003/_mt_svp_simple_003_001_result/_cs_svp_simple_003_001_global_var1_rwr_mt_svp_simple_003_001.c line 359 function main_task_0 thread 0
----------------------------------------------------
  __cs_local_main_task_loop_2_block_2=9999 (00000000000000000010011100001111)

State 130 file /home/dell/zyworkspace/nichecker/Experiment/remarks2.1_LA_PPR/svp_simple_003/_mt_svp_simple_003_001_result/_cs_svp_simple_003_001_global_var1_rwr_mt_svp_simple_003_001.c line 362 function main_task_0 thread 0
----------------------------------------------------
  __cs_local_main_task_i=9999 (00000000000000000010011100001111)

State 133 file /home/dell/zyworkspace/nichecker/Experiment/remarks2.1_LA_PPR/svp_simple_003/_mt_svp_simple_003_001_result/_cs_svp_simple_003_001_global_var1_rwr_mt_svp_simple_003_001.c line 372 function main_task_0 thread 0
----------------------------------------------------
  __cs_local_main_task___cs_tmp_if_cond_0=TRUE (00000001)

State 135 file /home/dell/zyworkspace/nichecker/Experiment/remarks2.1_LA_PPR/svp_simple_003/_mt_svp_simple_003_001_result/_cs_svp_simple_003_001_global_var1_rwr_mt_svp_simple_003_001.c line 379 function main_task_0 thread 0
----------------------------------------------------
  __cs_local_main_task_reader3=0 (00000000000000000000000000000000)

State 136 file /home/dell/zyworkspace/nichecker/Experiment/remarks2.1_LA_PPR/svp_simple_003/_mt_svp_simple_003_001_result/_cs_svp_simple_003_001_global_var1_rwr_mt_svp_simple_003_001.c line 389 function main_task_0 thread 0
----------------------------------------------------
  __cs_local_main_task_i=10000 (00000000000000000010011100010000)

State 137 file /home/dell/zyworkspace/nichecker/Experiment/remarks2.1_LA_PPR/svp_simple_003/_mt_svp_simple_003_001_result/_cs_svp_simple_003_001_global_var1_rwr_mt_svp_simple_003_001.c line 395 function main_task_0 thread 0
----------------------------------------------------
  __cs_local_main_task_t_2=1 (00000000000000000000000000000001)

State 140 file /home/dell/zyworkspace/nichecker/Experiment/remarks2.1_LA_PPR/svp_simple_003/_mt_svp_simple_003_001_result/_cs_svp_simple_003_001_global_var1_rwr_mt_svp_simple_003_001.c line 403 function main_task_0 thread 0
----------------------------------------------------
  __cs_pc[1l]=2 (0010)

State 145 file /home/dell/zyworkspace/nichecker/Experiment/remarks2.1_LA_PPR/svp_simple_003/_mt_svp_simple_003_001_result/_cs_svp_simple_003_001_global_var1_rwr_mt_svp_simple_003_001.c line 478 function main_task_0 thread 0
----------------------------------------------------
  __cs_local_main_task_j=10000 (00000000000000000010011100010000)

State 146 file /home/dell/zyworkspace/nichecker/Experiment/remarks2.1_LA_PPR/svp_simple_003/_mt_svp_simple_003_001_result/_cs_svp_simple_003_001_global_var1_rwr_mt_svp_simple_003_001.c line 486 function main_task_0 thread 0
----------------------------------------------------
  __cs_local_main_task_t_3=0 (00000000000000000000000000000000)

State 148 file /home/dell/zyworkspace/nichecker/Experiment/remarks2.1_LA_PPR/svp_simple_003/_mt_svp_simple_003_001_result/_cs_svp_simple_003_001_global_var1_rwr_mt_svp_simple_003_001.c line 504 function main_task_0 thread 0
----------------------------------------------------
  __cs_local_main_task_loop_3_IOVar1=10000 (00000000000000000010011100010000)

State 149 file /home/dell/zyworkspace/nichecker/Experiment/remarks2.1_LA_PPR/svp_simple_003/_mt_svp_simple_003_001_result/_cs_svp_simple_003_001_global_var1_rwr_mt_svp_simple_003_001.c line 507 function main_task_0 thread 0
----------------------------------------------------
  __cs_local_main_task_loop_3_block_2=9999 (00000000000000000010011100001111)

State 150 file /home/dell/zyworkspace/nichecker/Experiment/remarks2.1_LA_PPR/svp_simple_003/_mt_svp_simple_003_001_result/_cs_svp_simple_003_001_global_var1_rwr_mt_svp_simple_003_001.c line 510 function main_task_0 thread 0
----------------------------------------------------
  __cs_local_main_task_j=1 (00000000000000000000000000000001)

State 153 file /home/dell/zyworkspace/nichecker/Experiment/remarks2.1_LA_PPR/svp_simple_003/_mt_svp_simple_003_001_result/_cs_svp_simple_003_001_global_var1_rwr_mt_svp_simple_003_001.c line 520 function main_task_0 thread 0
----------------------------------------------------
  __cs_local_main_task___cs_tmp_if_cond_1=FALSE (00000000)

State 155 file /home/dell/zyworkspace/nichecker/Experiment/remarks2.1_LA_PPR/svp_simple_003/_mt_svp_simple_003_001_result/_cs_svp_simple_003_001_global_var1_rwr_mt_svp_simple_003_001.c line 537 function main_task_0 thread 0
----------------------------------------------------
  __cs_local_main_task_j=0 (00000000000000000000000000000000)

State 156 file /home/dell/zyworkspace/nichecker/Experiment/remarks2.1_LA_PPR/svp_simple_003/_mt_svp_simple_003_001_result/_cs_svp_simple_003_001_global_var1_rwr_mt_svp_simple_003_001.c line 543 function main_task_0 thread 0
----------------------------------------------------
  __cs_local_main_task_t_3=1 (00000000000000000000000000000001)

State 159 file /home/dell/zyworkspace/nichecker/Experiment/remarks2.1_LA_PPR/svp_simple_003/_mt_svp_simple_003_001_result/_cs_svp_simple_003_001_global_var1_rwr_mt_svp_simple_003_001.c line 551 function main_task_0 thread 0
----------------------------------------------------
  __cs_pc[1l]=3 (0011)

State 167 file /home/dell/zyworkspace/nichecker/Experiment/remarks2.1_LA_PPR/svp_simple_003/_mt_svp_simple_003_001_result/_cs_svp_simple_003_001_global_var1_rwr_mt_svp_simple_003_001.c line 625 function main_task_0 thread 0
----------------------------------------------------
  __cs_disable_thread[2l]=0 (0)

State 169 file /home/dell/zyworkspace/nichecker/Experiment/remarks2.1_LA_PPR/svp_simple_003/_mt_svp_simple_003_001_result/_cs_svp_simple_003_001_global_var1_rwr_mt_svp_simple_003_001.c line 635 function main_task_0 thread 0
----------------------------------------------------
  __cs_local_main_task_i=0 (00000000000000000000000000000000)

State 170 file /home/dell/zyworkspace/nichecker/Experiment/remarks2.1_LA_PPR/svp_simple_003/_mt_svp_simple_003_001_result/_cs_svp_simple_003_001_global_var1_rwr_mt_svp_simple_003_001.c line 643 function main_task_0 thread 0
----------------------------------------------------
  __cs_local_main_task_t_4=0 (00000000000000000000000000000000)

State 172 file /home/dell/zyworkspace/nichecker/Experiment/remarks2.1_LA_PPR/svp_simple_003/_mt_svp_simple_003_001_result/_cs_svp_simple_003_001_global_var1_rwr_mt_svp_simple_003_001.c line 661 function main_task_0 thread 0
----------------------------------------------------
  __cs_local_main_task_loop_4_IOVar1=0 (00000000000000000000000000000000)

State 173 file /home/dell/zyworkspace/nichecker/Experiment/remarks2.1_LA_PPR/svp_simple_003/_mt_svp_simple_003_001_result/_cs_svp_simple_003_001_global_var1_rwr_mt_svp_simple_003_001.c line 664 function main_task_0 thread 0
----------------------------------------------------
  __cs_local_main_task_loop_4_block_2=9996 (00000000000000000010011100001100)

State 174 file /home/dell/zyworkspace/nichecker/Experiment/remarks2.1_LA_PPR/svp_simple_003/_mt_svp_simple_003_001_result/_cs_svp_simple_003_001_global_var1_rwr_mt_svp_simple_003_001.c line 667 function main_task_0 thread 0
----------------------------------------------------
  __cs_local_main_task_i=9996 (00000000000000000010011100001100)

State 177 file /home/dell/zyworkspace/nichecker/Experiment/remarks2.1_LA_PPR/svp_simple_003/_mt_svp_simple_003_001_result/_cs_svp_simple_003_001_global_var1_rwr_mt_svp_simple_003_001.c line 677 function main_task_0 thread 0
----------------------------------------------------
  __cs_local_main_task___cs_tmp_if_cond_2=FALSE (00000000)

State 180 file /home/dell/zyworkspace/nichecker/Experiment/remarks2.1_LA_PPR/svp_simple_003/_mt_svp_simple_003_001_result/_cs_svp_simple_003_001_global_var1_rwr_mt_svp_simple_003_001.c line 705 function main_task_0 thread 0
----------------------------------------------------
  __cs_local_main_task_i=9997 (00000000000000000010011100001101)

State 181 file /home/dell/zyworkspace/nichecker/Experiment/remarks2.1_LA_PPR/svp_simple_003/_mt_svp_simple_003_001_result/_cs_svp_simple_003_001_global_var1_rwr_mt_svp_simple_003_001.c line 711 function main_task_0 thread 0
----------------------------------------------------
  __cs_local_main_task_t_4=1 (00000000000000000000000000000001)

State 183 file /home/dell/zyworkspace/nichecker/Experiment/remarks2.1_LA_PPR/svp_simple_003/_mt_svp_simple_003_001_result/_cs_svp_simple_003_001_global_var1_rwr_mt_svp_simple_003_001.c line 729 function main_task_0 thread 0
----------------------------------------------------
  __cs_local_main_task_loop_4_IOVar1=9997 (00000000000000000010011100001101)

State 184 file /home/dell/zyworkspace/nichecker/Experiment/remarks2.1_LA_PPR/svp_simple_003/_mt_svp_simple_003_001_result/_cs_svp_simple_003_001_global_var1_rwr_mt_svp_simple_003_001.c line 732 function main_task_0 thread 0
----------------------------------------------------
  __cs_local_main_task_loop_4_block_2=2 (00000000000000000000000000000010)

State 185 file /home/dell/zyworkspace/nichecker/Experiment/remarks2.1_LA_PPR/svp_simple_003/_mt_svp_simple_003_001_result/_cs_svp_simple_003_001_global_var1_rwr_mt_svp_simple_003_001.c line 735 function main_task_0 thread 0
----------------------------------------------------
  __cs_local_main_task_i=9999 (00000000000000000010011100001111)

State 188 file /home/dell/zyworkspace/nichecker/Experiment/remarks2.1_LA_PPR/svp_simple_003/_mt_svp_simple_003_001_result/_cs_svp_simple_003_001_global_var1_rwr_mt_svp_simple_003_001.c line 745 function main_task_0 thread 0
----------------------------------------------------
  __cs_local_main_task___cs_tmp_if_cond_2=TRUE (00000001)

State 190 file /home/dell/zyworkspace/nichecker/Experiment/remarks2.1_LA_PPR/svp_simple_003/_mt_svp_simple_003_001_result/_cs_svp_simple_003_001_global_var1_rwr_mt_svp_simple_003_001.c line 752 function main_task_0 thread 0
----------------------------------------------------
  __cs_local_main_task_reader1=0 (00000000000000000000000000000000)

State 191 file /home/dell/zyworkspace/nichecker/Experiment/remarks2.1_LA_PPR/svp_simple_003/_mt_svp_simple_003_001_result/_cs_svp_simple_003_001_global_var1_rwr_mt_svp_simple_003_001.c line 754 function main_task_0 thread 0
----------------------------------------------------
  rwr_r2=0 (00000000000000000000000000000000)

State 193 file /home/dell/zyworkspace/nichecker/Experiment/remarks2.1_LA_PPR/svp_simple_003/_mt_svp_simple_003_001_result/_cs_svp_simple_003_001_global_var1_rwr_mt_svp_simple_003_001.c line 758 function main_task_0 thread 0
----------------------------------------------------
  rwr_tmp1_num=1 (00000000000000000000000000000001)

State 194 file /home/dell/zyworkspace/nichecker/Experiment/remarks2.1_LA_PPR/svp_simple_003/_mt_svp_simple_003_001_result/_cs_svp_simple_003_001_global_var1_rwr_mt_svp_simple_003_001.c line 759 function main_task_0 thread 0
----------------------------------------------------
  rwr_tmp1=0 (00000000000000000000000000000000)

State 202 file /home/dell/zyworkspace/nichecker/Experiment/remarks2.1_LA_PPR/svp_simple_003/_mt_svp_simple_003_001_result/_cs_svp_simple_003_001_global_var1_rwr_mt_svp_simple_003_001.c line 981 function main_task_0 thread 0
----------------------------------------------------
  __cs_value_ptr=NULL (0000000000000000000000000000000000000000000000000000000000000000)

State 207 file /home/dell/zyworkspace/nichecker/Experiment/remarks2.1_LA_PPR/svp_simple_003/_mt_svp_simple_003_001_result/_cs_svp_simple_003_001_global_var1_rwr_mt_svp_simple_003_001.c line 1194 function main thread 0
----------------------------------------------------
  __cs_pc[1l]=6 (0110)

State 208 file /home/dell/zyworkspace/nichecker/Experiment/remarks2.1_LA_PPR/svp_simple_003/_mt_svp_simple_003_001_result/_cs_svp_simple_003_001_global_var1_rwr_mt_svp_simple_003_001.c line 1200 function main thread 0
----------------------------------------------------
  __cs_tmp_t2_r0=2 (10)

State 210 file /home/dell/zyworkspace/nichecker/Experiment/remarks2.1_LA_PPR/svp_simple_003/_mt_svp_simple_003_001_result/_cs_svp_simple_003_001_global_var1_rwr_mt_svp_simple_003_001.c line 1205 function main thread 0
----------------------------------------------------
  __cs_thread_index=2 (010)

State 211 file /home/dell/zyworkspace/nichecker/Experiment/remarks2.1_LA_PPR/svp_simple_003/_mt_svp_simple_003_001_result/_cs_svp_simple_003_001_global_var1_rwr_mt_svp_simple_003_001.c line 1207 function main thread 0
----------------------------------------------------
  __cs_pc_cs[2l]=2 (0010)

State 216 file /home/dell/zyworkspace/nichecker/Experiment/remarks2.1_LA_PPR/svp_simple_003/_mt_svp_simple_003_001_result/_cs_svp_simple_003_001_global_var1_rwr_mt_svp_simple_003_001.c line 1213 function main thread 0
----------------------------------------------------
  __cs_param_svp_simple_003_001_isr_1_arg=NULL (0000000000000000000000000000000000000000000000000000000000000000)

State 221 file /home/dell/zyworkspace/nichecker/Experiment/remarks2.1_LA_PPR/svp_simple_003/_mt_svp_simple_003_001_result/_cs_svp_simple_003_001_global_var1_rwr_mt_svp_simple_003_001.c line 993 function svp_simple_003_001_isr_1_0 thread 0
----------------------------------------------------
  __cs_disable_thread[3l]=0 (0)

State 223 file /home/dell/zyworkspace/nichecker/Experiment/remarks2.1_LA_PPR/svp_simple_003/_mt_svp_simple_003_001_result/_cs_svp_simple_003_001_global_var1_rwr_mt_svp_simple_003_001.c line 999 function svp_simple_003_001_isr_1_0 thread 0
----------------------------------------------------
  svp_simple_003_001_global_var2=999 (00000000000000000000001111100111)

State 224 file /home/dell/zyworkspace/nichecker/Experiment/remarks2.1_LA_PPR/svp_simple_003/_mt_svp_simple_003_001_result/_cs_svp_simple_003_001_global_var1_rwr_mt_svp_simple_003_001.c line 1003 function svp_simple_003_001_isr_1_0 thread 0
----------------------------------------------------
  __cs_local_svp_simple_003_001_isr_1___cs_tmp_if_cond_4=TRUE (00000001)

State 226 file /home/dell/zyworkspace/nichecker/Experiment/remarks2.1_LA_PPR/svp_simple_003/_mt_svp_simple_003_001_result/_cs_svp_simple_003_001_global_var1_rwr_mt_svp_simple_003_001.c line 1008 function svp_simple_003_001_isr_1_0 thread 0
----------------------------------------------------
  svp_simple_003_001_global_var1=999 (00000000000000000000001111100111)

State 227 file /home/dell/zyworkspace/nichecker/Experiment/remarks2.1_LA_PPR/svp_simple_003/_mt_svp_simple_003_001_result/_cs_svp_simple_003_001_global_var1_rwr_mt_svp_simple_003_001.c line 1010 function svp_simple_003_001_isr_1_0 thread 0
----------------------------------------------------
  rwr_tmp2_num=0 (00000000000000000000000000000000)

State 232 file /home/dell/zyworkspace/nichecker/Experiment/remarks2.1_LA_PPR/svp_simple_003/_mt_svp_simple_003_001_result/_cs_svp_simple_003_001_global_var1_rwr_mt_svp_simple_003_001.c line 1046 function svp_simple_003_001_isr_1_0 thread 0
----------------------------------------------------
  __cs_value_ptr=NULL (0000000000000000000000000000000000000000000000000000000000000000)

State 237 file /home/dell/zyworkspace/nichecker/Experiment/remarks2.1_LA_PPR/svp_simple_003/_mt_svp_simple_003_001_result/_cs_svp_simple_003_001_global_var1_rwr_mt_svp_simple_003_001.c line 1215 function main thread 0
----------------------------------------------------
  __cs_pc[2l]=2 (0010)

State 238 file /home/dell/zyworkspace/nichecker/Experiment/remarks2.1_LA_PPR/svp_simple_003/_mt_svp_simple_003_001_result/_cs_svp_simple_003_001_global_var1_rwr_mt_svp_simple_003_001.c line 1221 function main thread 0
----------------------------------------------------
  __cs_tmp_t3_r0=0 (0)

State 240 file /home/dell/zyworkspace/nichecker/Experiment/remarks2.1_LA_PPR/svp_simple_003/_mt_svp_simple_003_001_result/_cs_svp_simple_003_001_global_var1_rwr_mt_svp_simple_003_001.c line 1226 function main thread 0
----------------------------------------------------
  __cs_thread_index=3 (011)

State 241 file /home/dell/zyworkspace/nichecker/Experiment/remarks2.1_LA_PPR/svp_simple_003/_mt_svp_simple_003_001_result/_cs_svp_simple_003_001_global_var1_rwr_mt_svp_simple_003_001.c line 1228 function main thread 0
----------------------------------------------------
  __cs_pc_cs[3l]=0 (0000)

State 246 file /home/dell/zyworkspace/nichecker/Experiment/remarks2.1_LA_PPR/svp_simple_003/_mt_svp_simple_003_001_result/_cs_svp_simple_003_001_global_var1_rwr_mt_svp_simple_003_001.c line 1234 function main thread 0
----------------------------------------------------
  __cs_param_svp_simple_003_001_isr_2_arg=NULL (0000000000000000000000000000000000000000000000000000000000000000)

State 250 file /home/dell/zyworkspace/nichecker/Experiment/remarks2.1_LA_PPR/svp_simple_003/_mt_svp_simple_003_001_result/_cs_svp_simple_003_001_global_var1_rwr_mt_svp_simple_003_001.c line 1168 function svp_simple_003_001_isr_2_0 thread 0
----------------------------------------------------
  __cs_value_ptr=NULL (0000000000000000000000000000000000000000000000000000000000000000)

State 255 file /home/dell/zyworkspace/nichecker/Experiment/remarks2.1_LA_PPR/svp_simple_003/_mt_svp_simple_003_001_result/_cs_svp_simple_003_001_global_var1_rwr_mt_svp_simple_003_001.c line 1236 function main thread 0
----------------------------------------------------
  __cs_pc[3l]=0 (0000)

State 256 file /home/dell/zyworkspace/nichecker/Experiment/remarks2.1_LA_PPR/svp_simple_003/_mt_svp_simple_003_001_result/_cs_svp_simple_003_001_global_var1_rwr_mt_svp_simple_003_001.c line 1246 function main thread 0
----------------------------------------------------
  __cs_tmp_t1_r1=8 (1000)

State 262 file /home/dell/zyworkspace/nichecker/Experiment/remarks2.1_LA_PPR/svp_simple_003/_mt_svp_simple_003_001_result/_cs_svp_simple_003_001_global_var1_rwr_mt_svp_simple_003_001.c line 1251 function main thread 0
----------------------------------------------------
  __cs_thread_index=1 (001)

State 263 file /home/dell/zyworkspace/nichecker/Experiment/remarks2.1_LA_PPR/svp_simple_003/_mt_svp_simple_003_001_result/_cs_svp_simple_003_001_global_var1_rwr_mt_svp_simple_003_001.c line 1253 function main thread 0
----------------------------------------------------
  __cs_pc_cs[1l]=8 (1000)

State 268 file /home/dell/zyworkspace/nichecker/Experiment/remarks2.1_LA_PPR/svp_simple_003/_mt_svp_simple_003_001_result/_cs_svp_simple_003_001_global_var1_rwr_mt_svp_simple_003_001.c line 1259 function main thread 0
----------------------------------------------------
  __cs_param_main_task_arg=NULL (0000000000000000000000000000000000000000000000000000000000000000)

State 277 file /home/dell/zyworkspace/nichecker/Experiment/remarks2.1_LA_PPR/svp_simple_003/_mt_svp_simple_003_001_result/_cs_svp_simple_003_001_global_var1_rwr_mt_svp_simple_003_001.c line 773 function main_task_0 thread 0
----------------------------------------------------
  __cs_local_main_task_i=10000 (00000000000000000010011100010000)

State 278 file /home/dell/zyworkspace/nichecker/Experiment/remarks2.1_LA_PPR/svp_simple_003/_mt_svp_simple_003_001_result/_cs_svp_simple_003_001_global_var1_rwr_mt_svp_simple_003_001.c line 779 function main_task_0 thread 0
----------------------------------------------------
  __cs_local_main_task_t_4=2 (00000000000000000000000000000010)

State 279 file /home/dell/zyworkspace/nichecker/Experiment/remarks2.1_LA_PPR/svp_simple_003/_mt_svp_simple_003_001_result/_cs_svp_simple_003_001_global_var1_rwr_mt_svp_simple_003_001.c line 783 function main_task_0 thread 0
----------------------------------------------------
  __cs_loop_4=FALSE (00000000)

State 284 file /home/dell/zyworkspace/nichecker/Experiment/remarks2.1_LA_PPR/svp_simple_003/_mt_svp_simple_003_001_result/_cs_svp_simple_003_001_global_var1_rwr_mt_svp_simple_003_001.c line 805 function main_task_0 thread 0
----------------------------------------------------
  __cs_local_main_task_j=10000 (00000000000000000010011100010000)

State 285 file /home/dell/zyworkspace/nichecker/Experiment/remarks2.1_LA_PPR/svp_simple_003/_mt_svp_simple_003_001_result/_cs_svp_simple_003_001_global_var1_rwr_mt_svp_simple_003_001.c line 813 function main_task_0 thread 0
----------------------------------------------------
  __cs_local_main_task_t_5=0 (00000000000000000000000000000000)

State 287 file /home/dell/zyworkspace/nichecker/Experiment/remarks2.1_LA_PPR/svp_simple_003/_mt_svp_simple_003_001_result/_cs_svp_simple_003_001_global_var1_rwr_mt_svp_simple_003_001.c line 831 function main_task_0 thread 0
----------------------------------------------------
  __cs_local_main_task_loop_5_IOVar1=10000 (00000000000000000010011100010000)

State 288 file /home/dell/zyworkspace/nichecker/Experiment/remarks2.1_LA_PPR/svp_simple_003/_mt_svp_simple_003_001_result/_cs_svp_simple_003_001_global_var1_rwr_mt_svp_simple_003_001.c line 834 function main_task_0 thread 0
----------------------------------------------------
  __cs_local_main_task_loop_5_block_2=1 (00000000000000000000000000000001)

State 289 file /home/dell/zyworkspace/nichecker/Experiment/remarks2.1_LA_PPR/svp_simple_003/_mt_svp_simple_003_001_result/_cs_svp_simple_003_001_global_var1_rwr_mt_svp_simple_003_001.c line 837 function main_task_0 thread 0
----------------------------------------------------
  __cs_local_main_task_j=9999 (00000000000000000010011100001111)

State 292 file /home/dell/zyworkspace/nichecker/Experiment/remarks2.1_LA_PPR/svp_simple_003/_mt_svp_simple_003_001_result/_cs_svp_simple_003_001_global_var1_rwr_mt_svp_simple_003_001.c line 847 function main_task_0 thread 0
----------------------------------------------------
  __cs_local_main_task___cs_tmp_if_cond_3=TRUE (00000001)

State 294 file /home/dell/zyworkspace/nichecker/Experiment/remarks2.1_LA_PPR/svp_simple_003/_mt_svp_simple_003_001_result/_cs_svp_simple_003_001_global_var1_rwr_mt_svp_simple_003_001.c line 854 function main_task_0 thread 0
----------------------------------------------------
  __cs_local_main_task_reader2=999 (00000000000000000000001111100111)

State 295 file /home/dell/zyworkspace/nichecker/Experiment/remarks2.1_LA_PPR/svp_simple_003/_mt_svp_simple_003_001_result/_cs_svp_simple_003_001_global_var1_rwr_mt_svp_simple_003_001.c line 856 function main_task_0 thread 0
----------------------------------------------------
  rwr_r3=999 (00000000000000000000001111100111)

Violated property:
  file /home/dell/zyworkspace/nichecker/Experiment/remarks2.1_LA_PPR/svp_simple_003/_mt_svp_simple_003_001_result/_cs_svp_simple_003_001_global_var1_rwr_mt_svp_simple_003_001.c line 858 function main_task_0
  assertion rwr_r3 == rwr_tmp1
  rwr_r3 == rwr_tmp1


Trace for main_task_0.assertion.4:

State 89 file /home/dell/zyworkspace/nichecker/Experiment/remarks2.1_LA_PPR/svp_simple_003/_mt_svp_simple_003_001_result/_cs_svp_simple_003_001_global_var1_rwr_mt_svp_simple_003_001.c line 1180 function main thread 0
----------------------------------------------------
  __cs_tmp_t1_r0=4 (0100)

State 91 file /home/dell/zyworkspace/nichecker/Experiment/remarks2.1_LA_PPR/svp_simple_003/_mt_svp_simple_003_001_result/_cs_svp_simple_003_001_global_var1_rwr_mt_svp_simple_003_001.c line 1184 function main thread 0
----------------------------------------------------
  __cs_thread_index=1 (001)

State 92 file /home/dell/zyworkspace/nichecker/Experiment/remarks2.1_LA_PPR/svp_simple_003/_mt_svp_simple_003_001_result/_cs_svp_simple_003_001_global_var1_rwr_mt_svp_simple_003_001.c line 1186 function main thread 0
----------------------------------------------------
  __cs_pc_cs[1l]=4 (0100)

State 97 file /home/dell/zyworkspace/nichecker/Experiment/remarks2.1_LA_PPR/svp_simple_003/_mt_svp_simple_003_001_result/_cs_svp_simple_003_001_global_var1_rwr_mt_svp_simple_003_001.c line 1192 function main thread 0
----------------------------------------------------
  __cs_param_main_task_arg=NULL (0000000000000000000000000000000000000000000000000000000000000000)

State 99 file /home/dell/zyworkspace/nichecker/Experiment/remarks2.1_LA_PPR/svp_simple_003/_mt_svp_simple_003_001_result/_cs_svp_simple_003_001_global_var1_rwr_mt_svp_simple_003_001.c line 197 function main_task_0 thread 0
----------------------------------------------------
  __cs_local_main_task_i=0 (00000000000000000000000000000000)

State 100 file /home/dell/zyworkspace/nichecker/Experiment/remarks2.1_LA_PPR/svp_simple_003/_mt_svp_simple_003_001_result/_cs_svp_simple_003_001_global_var1_rwr_mt_svp_simple_003_001.c line 200 function main_task_0 thread 0
----------------------------------------------------
  __cs_local_main_task_i=0 (00000000000000000000000000000000)

State 101 file /home/dell/zyworkspace/nichecker/Experiment/remarks2.1_LA_PPR/svp_simple_003/_mt_svp_simple_003_001_result/_cs_svp_simple_003_001_global_var1_rwr_mt_svp_simple_003_001.c line 208 function main_task_0 thread 0
----------------------------------------------------
  __cs_local_main_task_t_1=0 (00000000000000000000000000000000)

State 103 file /home/dell/zyworkspace/nichecker/Experiment/remarks2.1_LA_PPR/svp_simple_003/_mt_svp_simple_003_001_result/_cs_svp_simple_003_001_global_var1_rwr_mt_svp_simple_003_001.c line 226 function main_task_0 thread 0
----------------------------------------------------
  __cs_local_main_task_loop_1_IOVar1=0 (00000000000000000000000000000000)

State 104 file /home/dell/zyworkspace/nichecker/Experiment/remarks2.1_LA_PPR/svp_simple_003/_mt_svp_simple_003_001_result/_cs_svp_simple_003_001_global_var1_rwr_mt_svp_simple_003_001.c line 229 function main_task_0 thread 0
----------------------------------------------------
  __cs_local_main_task_loop_1_block_1=100 (00000000000000000000000001100100)

State 105 file /home/dell/zyworkspace/nichecker/Experiment/remarks2.1_LA_PPR/svp_simple_003/_mt_svp_simple_003_001_result/_cs_svp_simple_003_001_global_var1_rwr_mt_svp_simple_003_001.c line 232 function main_task_0 thread 0
----------------------------------------------------
  __cs_local_main_task_i=100 (00000000000000000000000001100100)

State 108 file /home/dell/zyworkspace/nichecker/Experiment/remarks2.1_LA_PPR/svp_simple_003/_mt_svp_simple_003_001_result/_cs_svp_simple_003_001_global_var1_rwr_mt_svp_simple_003_001.c line 243 function main_task_0 thread 0
----------------------------------------------------
  __cs_local_main_task_i=101 (00000000000000000000000001100101)

State 109 file /home/dell/zyworkspace/nichecker/Experiment/remarks2.1_LA_PPR/svp_simple_003/_mt_svp_simple_003_001_result/_cs_svp_simple_003_001_global_var1_rwr_mt_svp_simple_003_001.c line 249 function main_task_0 thread 0
----------------------------------------------------
  __cs_local_main_task_t_1=1 (00000000000000000000000000000001)

State 112 file /home/dell/zyworkspace/nichecker/Experiment/remarks2.1_LA_PPR/svp_simple_003/_mt_svp_simple_003_001_result/_cs_svp_simple_003_001_global_var1_rwr_mt_svp_simple_003_001.c line 257 function main_task_0 thread 0
----------------------------------------------------
  __cs_pc[1l]=1 (0001)

State 120 file /home/dell/zyworkspace/nichecker/Experiment/remarks2.1_LA_PPR/svp_simple_003/_mt_svp_simple_003_001_result/_cs_svp_simple_003_001_global_var1_rwr_mt_svp_simple_003_001.c line 315 function main_task_0 thread 0
----------------------------------------------------
  __cs_disable_thread[2l]=1 (1)

State 124 file /home/dell/zyworkspace/nichecker/Experiment/remarks2.1_LA_PPR/svp_simple_003/_mt_svp_simple_003_001_result/_cs_svp_simple_003_001_global_var1_rwr_mt_svp_simple_003_001.c line 322 function main_task_0 thread 0
----------------------------------------------------
  __cs_disable_thread[3l]=1 (1)

State 125 file /home/dell/zyworkspace/nichecker/Experiment/remarks2.1_LA_PPR/svp_simple_003/_mt_svp_simple_003_001_result/_cs_svp_simple_003_001_global_var1_rwr_mt_svp_simple_003_001.c line 330 function main_task_0 thread 0
----------------------------------------------------
  __cs_local_main_task_i=0 (00000000000000000000000000000000)

State 126 file /home/dell/zyworkspace/nichecker/Experiment/remarks2.1_LA_PPR/svp_simple_003/_mt_svp_simple_003_001_result/_cs_svp_simple_003_001_global_var1_rwr_mt_svp_simple_003_001.c line 338 function main_task_0 thread 0
----------------------------------------------------
  __cs_local_main_task_t_2=0 (00000000000000000000000000000000)

State 128 file /home/dell/zyworkspace/nichecker/Experiment/remarks2.1_LA_PPR/svp_simple_003/_mt_svp_simple_003_001_result/_cs_svp_simple_003_001_global_var1_rwr_mt_svp_simple_003_001.c line 356 function main_task_0 thread 0
----------------------------------------------------
  __cs_local_main_task_loop_2_IOVar1=0 (00000000000000000000000000000000)

State 129 file /home/dell/zyworkspace/nichecker/Experiment/remarks2.1_LA_PPR/svp_simple_003/_mt_svp_simple_003_001_result/_cs_svp_simple_003_001_global_var1_rwr_mt_svp_simple_003_001.c line 359 function main_task_0 thread 0
----------------------------------------------------
  __cs_local_main_task_loop_2_block_2=9999 (00000000000000000010011100001111)

State 130 file /home/dell/zyworkspace/nichecker/Experiment/remarks2.1_LA_PPR/svp_simple_003/_mt_svp_simple_003_001_result/_cs_svp_simple_003_001_global_var1_rwr_mt_svp_simple_003_001.c line 362 function main_task_0 thread 0
----------------------------------------------------
  __cs_local_main_task_i=9999 (00000000000000000010011100001111)

State 133 file /home/dell/zyworkspace/nichecker/Experiment/remarks2.1_LA_PPR/svp_simple_003/_mt_svp_simple_003_001_result/_cs_svp_simple_003_001_global_var1_rwr_mt_svp_simple_003_001.c line 372 function main_task_0 thread 0
----------------------------------------------------
  __cs_local_main_task___cs_tmp_if_cond_0=TRUE (00000001)

State 135 file /home/dell/zyworkspace/nichecker/Experiment/remarks2.1_LA_PPR/svp_simple_003/_mt_svp_simple_003_001_result/_cs_svp_simple_003_001_global_var1_rwr_mt_svp_simple_003_001.c line 379 function main_task_0 thread 0
----------------------------------------------------
  __cs_local_main_task_reader3=0 (00000000000000000000000000000000)

State 136 file /home/dell/zyworkspace/nichecker/Experiment/remarks2.1_LA_PPR/svp_simple_003/_mt_svp_simple_003_001_result/_cs_svp_simple_003_001_global_var1_rwr_mt_svp_simple_003_001.c line 389 function main_task_0 thread 0
----------------------------------------------------
  __cs_local_main_task_i=10000 (00000000000000000010011100010000)

State 137 file /home/dell/zyworkspace/nichecker/Experiment/remarks2.1_LA_PPR/svp_simple_003/_mt_svp_simple_003_001_result/_cs_svp_simple_003_001_global_var1_rwr_mt_svp_simple_003_001.c line 395 function main_task_0 thread 0
----------------------------------------------------
  __cs_local_main_task_t_2=1 (00000000000000000000000000000001)

State 140 file /home/dell/zyworkspace/nichecker/Experiment/remarks2.1_LA_PPR/svp_simple_003/_mt_svp_simple_003_001_result/_cs_svp_simple_003_001_global_var1_rwr_mt_svp_simple_003_001.c line 403 function main_task_0 thread 0
----------------------------------------------------
  __cs_pc[1l]=2 (0010)

State 145 file /home/dell/zyworkspace/nichecker/Experiment/remarks2.1_LA_PPR/svp_simple_003/_mt_svp_simple_003_001_result/_cs_svp_simple_003_001_global_var1_rwr_mt_svp_simple_003_001.c line 478 function main_task_0 thread 0
----------------------------------------------------
  __cs_local_main_task_j=10000 (00000000000000000010011100010000)

State 146 file /home/dell/zyworkspace/nichecker/Experiment/remarks2.1_LA_PPR/svp_simple_003/_mt_svp_simple_003_001_result/_cs_svp_simple_003_001_global_var1_rwr_mt_svp_simple_003_001.c line 486 function main_task_0 thread 0
----------------------------------------------------
  __cs_local_main_task_t_3=0 (00000000000000000000000000000000)

State 148 file /home/dell/zyworkspace/nichecker/Experiment/remarks2.1_LA_PPR/svp_simple_003/_mt_svp_simple_003_001_result/_cs_svp_simple_003_001_global_var1_rwr_mt_svp_simple_003_001.c line 504 function main_task_0 thread 0
----------------------------------------------------
  __cs_local_main_task_loop_3_IOVar1=10000 (00000000000000000010011100010000)

State 149 file /home/dell/zyworkspace/nichecker/Experiment/remarks2.1_LA_PPR/svp_simple_003/_mt_svp_simple_003_001_result/_cs_svp_simple_003_001_global_var1_rwr_mt_svp_simple_003_001.c line 507 function main_task_0 thread 0
----------------------------------------------------
  __cs_local_main_task_loop_3_block_2=9997 (00000000000000000010011100001101)

State 150 file /home/dell/zyworkspace/nichecker/Experiment/remarks2.1_LA_PPR/svp_simple_003/_mt_svp_simple_003_001_result/_cs_svp_simple_003_001_global_var1_rwr_mt_svp_simple_003_001.c line 510 function main_task_0 thread 0
----------------------------------------------------
  __cs_local_main_task_j=3 (00000000000000000000000000000011)

State 153 file /home/dell/zyworkspace/nichecker/Experiment/remarks2.1_LA_PPR/svp_simple_003/_mt_svp_simple_003_001_result/_cs_svp_simple_003_001_global_var1_rwr_mt_svp_simple_003_001.c line 520 function main_task_0 thread 0
----------------------------------------------------
  __cs_local_main_task___cs_tmp_if_cond_1=FALSE (00000000)

State 155 file /home/dell/zyworkspace/nichecker/Experiment/remarks2.1_LA_PPR/svp_simple_003/_mt_svp_simple_003_001_result/_cs_svp_simple_003_001_global_var1_rwr_mt_svp_simple_003_001.c line 537 function main_task_0 thread 0
----------------------------------------------------
  __cs_local_main_task_j=2 (00000000000000000000000000000010)

State 156 file /home/dell/zyworkspace/nichecker/Experiment/remarks2.1_LA_PPR/svp_simple_003/_mt_svp_simple_003_001_result/_cs_svp_simple_003_001_global_var1_rwr_mt_svp_simple_003_001.c line 543 function main_task_0 thread 0
----------------------------------------------------
  __cs_local_main_task_t_3=1 (00000000000000000000000000000001)

State 158 file /home/dell/zyworkspace/nichecker/Experiment/remarks2.1_LA_PPR/svp_simple_003/_mt_svp_simple_003_001_result/_cs_svp_simple_003_001_global_var1_rwr_mt_svp_simple_003_001.c line 561 function main_task_0 thread 0
----------------------------------------------------
  __cs_local_main_task_loop_3_IOVar1=2 (00000000000000000000000000000010)

State 159 file /home/dell/zyworkspace/nichecker/Experiment/remarks2.1_LA_PPR/svp_simple_003/_mt_svp_simple_003_001_result/_cs_svp_simple_003_001_global_var1_rwr_mt_svp_simple_003_001.c line 564 function main_task_0 thread 0
----------------------------------------------------
  __cs_local_main_task_loop_3_block_2=1 (00000000000000000000000000000001)

State 160 file /home/dell/zyworkspace/nichecker/Experiment/remarks2.1_LA_PPR/svp_simple_003/_mt_svp_simple_003_001_result/_cs_svp_simple_003_001_global_var1_rwr_mt_svp_simple_003_001.c line 567 function main_task_0 thread 0
----------------------------------------------------
  __cs_local_main_task_j=1 (00000000000000000000000000000001)

State 163 file /home/dell/zyworkspace/nichecker/Experiment/remarks2.1_LA_PPR/svp_simple_003/_mt_svp_simple_003_001_result/_cs_svp_simple_003_001_global_var1_rwr_mt_svp_simple_003_001.c line 577 function main_task_0 thread 0
----------------------------------------------------
  __cs_local_main_task___cs_tmp_if_cond_1=FALSE (00000000)

State 165 file /home/dell/zyworkspace/nichecker/Experiment/remarks2.1_LA_PPR/svp_simple_003/_mt_svp_simple_003_001_result/_cs_svp_simple_003_001_global_var1_rwr_mt_svp_simple_003_001.c line 594 function main_task_0 thread 0
----------------------------------------------------
  __cs_local_main_task_j=0 (00000000000000000000000000000000)

State 166 file /home/dell/zyworkspace/nichecker/Experiment/remarks2.1_LA_PPR/svp_simple_003/_mt_svp_simple_003_001_result/_cs_svp_simple_003_001_global_var1_rwr_mt_svp_simple_003_001.c line 600 function main_task_0 thread 0
----------------------------------------------------
  __cs_local_main_task_t_3=2 (00000000000000000000000000000010)

State 167 file /home/dell/zyworkspace/nichecker/Experiment/remarks2.1_LA_PPR/svp_simple_003/_mt_svp_simple_003_001_result/_cs_svp_simple_003_001_global_var1_rwr_mt_svp_simple_003_001.c line 604 function main_task_0 thread 0
----------------------------------------------------
  __cs_loop_3=FALSE (00000000)

State 174 file /home/dell/zyworkspace/nichecker/Experiment/remarks2.1_LA_PPR/svp_simple_003/_mt_svp_simple_003_001_result/_cs_svp_simple_003_001_global_var1_rwr_mt_svp_simple_003_001.c line 625 function main_task_0 thread 0
----------------------------------------------------
  __cs_disable_thread[2l]=0 (0)

State 184 file /home/dell/zyworkspace/nichecker/Experiment/remarks2.1_LA_PPR/svp_simple_003/_mt_svp_simple_003_001_result/_cs_svp_simple_003_001_global_var1_rwr_mt_svp_simple_003_001.c line 981 function main_task_0 thread 0
----------------------------------------------------
  __cs_value_ptr=NULL (0000000000000000000000000000000000000000000000000000000000000000)

State 189 file /home/dell/zyworkspace/nichecker/Experiment/remarks2.1_LA_PPR/svp_simple_003/_mt_svp_simple_003_001_result/_cs_svp_simple_003_001_global_var1_rwr_mt_svp_simple_003_001.c line 1194 function main thread 0
----------------------------------------------------
  __cs_pc[1l]=4 (0100)

State 190 file /home/dell/zyworkspace/nichecker/Experiment/remarks2.1_LA_PPR/svp_simple_003/_mt_svp_simple_003_001_result/_cs_svp_simple_003_001_global_var1_rwr_mt_svp_simple_003_001.c line 1200 function main thread 0
----------------------------------------------------
  __cs_tmp_t2_r0=0 (00)

State 192 file /home/dell/zyworkspace/nichecker/Experiment/remarks2.1_LA_PPR/svp_simple_003/_mt_svp_simple_003_001_result/_cs_svp_simple_003_001_global_var1_rwr_mt_svp_simple_003_001.c line 1205 function main thread 0
----------------------------------------------------
  __cs_thread_index=2 (010)

State 193 file /home/dell/zyworkspace/nichecker/Experiment/remarks2.1_LA_PPR/svp_simple_003/_mt_svp_simple_003_001_result/_cs_svp_simple_003_001_global_var1_rwr_mt_svp_simple_003_001.c line 1207 function main thread 0
----------------------------------------------------
  __cs_pc_cs[2l]=0 (0000)

State 198 file /home/dell/zyworkspace/nichecker/Experiment/remarks2.1_LA_PPR/svp_simple_003/_mt_svp_simple_003_001_result/_cs_svp_simple_003_001_global_var1_rwr_mt_svp_simple_003_001.c line 1213 function main thread 0
----------------------------------------------------
  __cs_param_svp_simple_003_001_isr_1_arg=NULL (0000000000000000000000000000000000000000000000000000000000000000)

State 203 file /home/dell/zyworkspace/nichecker/Experiment/remarks2.1_LA_PPR/svp_simple_003/_mt_svp_simple_003_001_result/_cs_svp_simple_003_001_global_var1_rwr_mt_svp_simple_003_001.c line 1046 function svp_simple_003_001_isr_1_0 thread 0
----------------------------------------------------
  __cs_value_ptr=NULL (0000000000000000000000000000000000000000000000000000000000000000)

State 208 file /home/dell/zyworkspace/nichecker/Experiment/remarks2.1_LA_PPR/svp_simple_003/_mt_svp_simple_003_001_result/_cs_svp_simple_003_001_global_var1_rwr_mt_svp_simple_003_001.c line 1215 function main thread 0
----------------------------------------------------
  __cs_pc[2l]=0 (0000)

State 209 file /home/dell/zyworkspace/nichecker/Experiment/remarks2.1_LA_PPR/svp_simple_003/_mt_svp_simple_003_001_result/_cs_svp_simple_003_001_global_var1_rwr_mt_svp_simple_003_001.c line 1221 function main thread 0
----------------------------------------------------
  __cs_tmp_t3_r0=0 (0)

State 211 file /home/dell/zyworkspace/nichecker/Experiment/remarks2.1_LA_PPR/svp_simple_003/_mt_svp_simple_003_001_result/_cs_svp_simple_003_001_global_var1_rwr_mt_svp_simple_003_001.c line 1246 function main thread 0
----------------------------------------------------
  __cs_tmp_t1_r1=5 (0101)

State 218 file /home/dell/zyworkspace/nichecker/Experiment/remarks2.1_LA_PPR/svp_simple_003/_mt_svp_simple_003_001_result/_cs_svp_simple_003_001_global_var1_rwr_mt_svp_simple_003_001.c line 1251 function main thread 0
----------------------------------------------------
  __cs_thread_index=1 (001)

State 219 file /home/dell/zyworkspace/nichecker/Experiment/remarks2.1_LA_PPR/svp_simple_003/_mt_svp_simple_003_001_result/_cs_svp_simple_003_001_global_var1_rwr_mt_svp_simple_003_001.c line 1253 function main thread 0
----------------------------------------------------
  __cs_pc_cs[1l]=5 (0101)

State 224 file /home/dell/zyworkspace/nichecker/Experiment/remarks2.1_LA_PPR/svp_simple_003/_mt_svp_simple_003_001_result/_cs_svp_simple_003_001_global_var1_rwr_mt_svp_simple_003_001.c line 1259 function main thread 0
----------------------------------------------------
  __cs_param_main_task_arg=NULL (0000000000000000000000000000000000000000000000000000000000000000)

State 230 file /home/dell/zyworkspace/nichecker/Experiment/remarks2.1_LA_PPR/svp_simple_003/_mt_svp_simple_003_001_result/_cs_svp_simple_003_001_global_var1_rwr_mt_svp_simple_003_001.c line 635 function main_task_0 thread 0
----------------------------------------------------
  __cs_local_main_task_i=0 (00000000000000000000000000000000)

State 231 file /home/dell/zyworkspace/nichecker/Experiment/remarks2.1_LA_PPR/svp_simple_003/_mt_svp_simple_003_001_result/_cs_svp_simple_003_001_global_var1_rwr_mt_svp_simple_003_001.c line 643 function main_task_0 thread 0
----------------------------------------------------
  __cs_local_main_task_t_4=0 (00000000000000000000000000000000)

State 233 file /home/dell/zyworkspace/nichecker/Experiment/remarks2.1_LA_PPR/svp_simple_003/_mt_svp_simple_003_001_result/_cs_svp_simple_003_001_global_var1_rwr_mt_svp_simple_003_001.c line 661 function main_task_0 thread 0
----------------------------------------------------
  __cs_local_main_task_loop_4_IOVar1=0 (00000000000000000000000000000000)

State 234 file /home/dell/zyworkspace/nichecker/Experiment/remarks2.1_LA_PPR/svp_simple_003/_mt_svp_simple_003_001_result/_cs_svp_simple_003_001_global_var1_rwr_mt_svp_simple_003_001.c line 664 function main_task_0 thread 0
----------------------------------------------------
  __cs_local_main_task_loop_4_block_2=9999 (00000000000000000010011100001111)

State 235 file /home/dell/zyworkspace/nichecker/Experiment/remarks2.1_LA_PPR/svp_simple_003/_mt_svp_simple_003_001_result/_cs_svp_simple_003_001_global_var1_rwr_mt_svp_simple_003_001.c line 667 function main_task_0 thread 0
----------------------------------------------------
  __cs_local_main_task_i=9999 (00000000000000000010011100001111)

State 238 file /home/dell/zyworkspace/nichecker/Experiment/remarks2.1_LA_PPR/svp_simple_003/_mt_svp_simple_003_001_result/_cs_svp_simple_003_001_global_var1_rwr_mt_svp_simple_003_001.c line 677 function main_task_0 thread 0
----------------------------------------------------
  __cs_local_main_task___cs_tmp_if_cond_2=TRUE (00000001)

State 240 file /home/dell/zyworkspace/nichecker/Experiment/remarks2.1_LA_PPR/svp_simple_003/_mt_svp_simple_003_001_result/_cs_svp_simple_003_001_global_var1_rwr_mt_svp_simple_003_001.c line 684 function main_task_0 thread 0
----------------------------------------------------
  __cs_local_main_task_reader1=0 (00000000000000000000000000000000)

State 241 file /home/dell/zyworkspace/nichecker/Experiment/remarks2.1_LA_PPR/svp_simple_003/_mt_svp_simple_003_001_result/_cs_svp_simple_003_001_global_var1_rwr_mt_svp_simple_003_001.c line 686 function main_task_0 thread 0
----------------------------------------------------
  rwr_r1=0 (00000000000000000000000000000000)

State 243 file /home/dell/zyworkspace/nichecker/Experiment/remarks2.1_LA_PPR/svp_simple_003/_mt_svp_simple_003_001_result/_cs_svp_simple_003_001_global_var1_rwr_mt_svp_simple_003_001.c line 690 function main_task_0 thread 0
----------------------------------------------------
  rwr_tmp1_num=1 (00000000000000000000000000000001)

State 244 file /home/dell/zyworkspace/nichecker/Experiment/remarks2.1_LA_PPR/svp_simple_003/_mt_svp_simple_003_001_result/_cs_svp_simple_003_001_global_var1_rwr_mt_svp_simple_003_001.c line 691 function main_task_0 thread 0
----------------------------------------------------
  rwr_tmp1=0 (00000000000000000000000000000000)

State 253 file /home/dell/zyworkspace/nichecker/Experiment/remarks2.1_LA_PPR/svp_simple_003/_mt_svp_simple_003_001_result/_cs_svp_simple_003_001_global_var1_rwr_mt_svp_simple_003_001.c line 981 function main_task_0 thread 0
----------------------------------------------------
  __cs_value_ptr=NULL (0000000000000000000000000000000000000000000000000000000000000000)

State 258 file /home/dell/zyworkspace/nichecker/Experiment/remarks2.1_LA_PPR/svp_simple_003/_mt_svp_simple_003_001_result/_cs_svp_simple_003_001_global_var1_rwr_mt_svp_simple_003_001.c line 1261 function main thread 0
----------------------------------------------------
  __cs_pc[1l]=5 (0101)

State 259 file /home/dell/zyworkspace/nichecker/Experiment/remarks2.1_LA_PPR/svp_simple_003/_mt_svp_simple_003_001_result/_cs_svp_simple_003_001_global_var1_rwr_mt_svp_simple_003_001.c line 1267 function main thread 0
----------------------------------------------------
  __cs_tmp_t2_r1=2 (10)

State 261 file /home/dell/zyworkspace/nichecker/Experiment/remarks2.1_LA_PPR/svp_simple_003/_mt_svp_simple_003_001_result/_cs_svp_simple_003_001_global_var1_rwr_mt_svp_simple_003_001.c line 1272 function main thread 0
----------------------------------------------------
  __cs_thread_index=2 (010)

State 262 file /home/dell/zyworkspace/nichecker/Experiment/remarks2.1_LA_PPR/svp_simple_003/_mt_svp_simple_003_001_result/_cs_svp_simple_003_001_global_var1_rwr_mt_svp_simple_003_001.c line 1274 function main thread 0
----------------------------------------------------
  __cs_pc_cs[2l]=2 (0010)

State 267 file /home/dell/zyworkspace/nichecker/Experiment/remarks2.1_LA_PPR/svp_simple_003/_mt_svp_simple_003_001_result/_cs_svp_simple_003_001_global_var1_rwr_mt_svp_simple_003_001.c line 1280 function main thread 0
----------------------------------------------------
  __cs_param_svp_simple_003_001_isr_1_arg=NULL (0000000000000000000000000000000000000000000000000000000000000000)

State 272 file /home/dell/zyworkspace/nichecker/Experiment/remarks2.1_LA_PPR/svp_simple_003/_mt_svp_simple_003_001_result/_cs_svp_simple_003_001_global_var1_rwr_mt_svp_simple_003_001.c line 993 function svp_simple_003_001_isr_1_0 thread 0
----------------------------------------------------
  __cs_disable_thread[3l]=0 (0)

State 274 file /home/dell/zyworkspace/nichecker/Experiment/remarks2.1_LA_PPR/svp_simple_003/_mt_svp_simple_003_001_result/_cs_svp_simple_003_001_global_var1_rwr_mt_svp_simple_003_001.c line 999 function svp_simple_003_001_isr_1_0 thread 0
----------------------------------------------------
  svp_simple_003_001_global_var2=999 (00000000000000000000001111100111)

State 275 file /home/dell/zyworkspace/nichecker/Experiment/remarks2.1_LA_PPR/svp_simple_003/_mt_svp_simple_003_001_result/_cs_svp_simple_003_001_global_var1_rwr_mt_svp_simple_003_001.c line 1003 function svp_simple_003_001_isr_1_0 thread 0
----------------------------------------------------
  __cs_local_svp_simple_003_001_isr_1___cs_tmp_if_cond_4=TRUE (00000001)

State 277 file /home/dell/zyworkspace/nichecker/Experiment/remarks2.1_LA_PPR/svp_simple_003/_mt_svp_simple_003_001_result/_cs_svp_simple_003_001_global_var1_rwr_mt_svp_simple_003_001.c line 1008 function svp_simple_003_001_isr_1_0 thread 0
----------------------------------------------------
  svp_simple_003_001_global_var1=999 (00000000000000000000001111100111)

State 278 file /home/dell/zyworkspace/nichecker/Experiment/remarks2.1_LA_PPR/svp_simple_003/_mt_svp_simple_003_001_result/_cs_svp_simple_003_001_global_var1_rwr_mt_svp_simple_003_001.c line 1010 function svp_simple_003_001_isr_1_0 thread 0
----------------------------------------------------
  rwr_tmp2_num=0 (00000000000000000000000000000000)

State 283 file /home/dell/zyworkspace/nichecker/Experiment/remarks2.1_LA_PPR/svp_simple_003/_mt_svp_simple_003_001_result/_cs_svp_simple_003_001_global_var1_rwr_mt_svp_simple_003_001.c line 1046 function svp_simple_003_001_isr_1_0 thread 0
----------------------------------------------------
  __cs_value_ptr=NULL (0000000000000000000000000000000000000000000000000000000000000000)

State 288 file /home/dell/zyworkspace/nichecker/Experiment/remarks2.1_LA_PPR/svp_simple_003/_mt_svp_simple_003_001_result/_cs_svp_simple_003_001_global_var1_rwr_mt_svp_simple_003_001.c line 1282 function main thread 0
----------------------------------------------------
  __cs_pc[2l]=2 (0010)

State 289 file /home/dell/zyworkspace/nichecker/Experiment/remarks2.1_LA_PPR/svp_simple_003/_mt_svp_simple_003_001_result/_cs_svp_simple_003_001_global_var1_rwr_mt_svp_simple_003_001.c line 1288 function main thread 0
----------------------------------------------------
  __cs_tmp_t3_r1=0 (0)

State 291 file /home/dell/zyworkspace/nichecker/Experiment/remarks2.1_LA_PPR/svp_simple_003/_mt_svp_simple_003_001_result/_cs_svp_simple_003_001_global_var1_rwr_mt_svp_simple_003_001.c line 1293 function main thread 0
----------------------------------------------------
  __cs_thread_index=3 (011)

State 292 file /home/dell/zyworkspace/nichecker/Experiment/remarks2.1_LA_PPR/svp_simple_003/_mt_svp_simple_003_001_result/_cs_svp_simple_003_001_global_var1_rwr_mt_svp_simple_003_001.c line 1295 function main thread 0
----------------------------------------------------
  __cs_pc_cs[3l]=0 (0000)

State 297 file /home/dell/zyworkspace/nichecker/Experiment/remarks2.1_LA_PPR/svp_simple_003/_mt_svp_simple_003_001_result/_cs_svp_simple_003_001_global_var1_rwr_mt_svp_simple_003_001.c line 1301 function main thread 0
----------------------------------------------------
  __cs_param_svp_simple_003_001_isr_2_arg=NULL (0000000000000000000000000000000000000000000000000000000000000000)

State 301 file /home/dell/zyworkspace/nichecker/Experiment/remarks2.1_LA_PPR/svp_simple_003/_mt_svp_simple_003_001_result/_cs_svp_simple_003_001_global_var1_rwr_mt_svp_simple_003_001.c line 1168 function svp_simple_003_001_isr_2_0 thread 0
----------------------------------------------------
  __cs_value_ptr=NULL (0000000000000000000000000000000000000000000000000000000000000000)

State 306 file /home/dell/zyworkspace/nichecker/Experiment/remarks2.1_LA_PPR/svp_simple_003/_mt_svp_simple_003_001_result/_cs_svp_simple_003_001_global_var1_rwr_mt_svp_simple_003_001.c line 1303 function main thread 0
----------------------------------------------------
  __cs_pc[3l]=0 (0000)

State 307 file /home/dell/zyworkspace/nichecker/Experiment/remarks2.1_LA_PPR/svp_simple_003/_mt_svp_simple_003_001_result/_cs_svp_simple_003_001_global_var1_rwr_mt_svp_simple_003_001.c line 1307 function main thread 0
----------------------------------------------------
  __cs_tmp_t1_r2=9u (00000000000000000000000000001001)

State 309 file /home/dell/zyworkspace/nichecker/Experiment/remarks2.1_LA_PPR/svp_simple_003/_mt_svp_simple_003_001_result/_cs_svp_simple_003_001_global_var1_rwr_mt_svp_simple_003_001.c line 1312 function main thread 0
----------------------------------------------------
  __cs_thread_index=1 (001)

State 310 file /home/dell/zyworkspace/nichecker/Experiment/remarks2.1_LA_PPR/svp_simple_003/_mt_svp_simple_003_001_result/_cs_svp_simple_003_001_global_var1_rwr_mt_svp_simple_003_001.c line 1314 function main thread 0
----------------------------------------------------
  __cs_pc_cs[1l]=9 (1001)

State 315 file /home/dell/zyworkspace/nichecker/Experiment/remarks2.1_LA_PPR/svp_simple_003/_mt_svp_simple_003_001_result/_cs_svp_simple_003_001_global_var1_rwr_mt_svp_simple_003_001.c line 1320 function main thread 0
----------------------------------------------------
  __cs_param_main_task_arg=NULL (0000000000000000000000000000000000000000000000000000000000000000)

State 323 file /home/dell/zyworkspace/nichecker/Experiment/remarks2.1_LA_PPR/svp_simple_003/_mt_svp_simple_003_001_result/_cs_svp_simple_003_001_global_var1_rwr_mt_svp_simple_003_001.c line 705 function main_task_0 thread 0
----------------------------------------------------
  __cs_local_main_task_i=10000 (00000000000000000010011100010000)

State 324 file /home/dell/zyworkspace/nichecker/Experiment/remarks2.1_LA_PPR/svp_simple_003/_mt_svp_simple_003_001_result/_cs_svp_simple_003_001_global_var1_rwr_mt_svp_simple_003_001.c line 711 function main_task_0 thread 0
----------------------------------------------------
  __cs_local_main_task_t_4=1 (00000000000000000000000000000001)

State 327 file /home/dell/zyworkspace/nichecker/Experiment/remarks2.1_LA_PPR/svp_simple_003/_mt_svp_simple_003_001_result/_cs_svp_simple_003_001_global_var1_rwr_mt_svp_simple_003_001.c line 719 function main_task_0 thread 0
----------------------------------------------------
  __cs_pc[1l]=7 (0111)

State 334 file /home/dell/zyworkspace/nichecker/Experiment/remarks2.1_LA_PPR/svp_simple_003/_mt_svp_simple_003_001_result/_cs_svp_simple_003_001_global_var1_rwr_mt_svp_simple_003_001.c line 805 function main_task_0 thread 0
----------------------------------------------------
  __cs_local_main_task_j=10000 (00000000000000000010011100010000)

State 335 file /home/dell/zyworkspace/nichecker/Experiment/remarks2.1_LA_PPR/svp_simple_003/_mt_svp_simple_003_001_result/_cs_svp_simple_003_001_global_var1_rwr_mt_svp_simple_003_001.c line 813 function main_task_0 thread 0
----------------------------------------------------
  __cs_local_main_task_t_5=0 (00000000000000000000000000000000)

State 337 file /home/dell/zyworkspace/nichecker/Experiment/remarks2.1_LA_PPR/svp_simple_003/_mt_svp_simple_003_001_result/_cs_svp_simple_003_001_global_var1_rwr_mt_svp_simple_003_001.c line 831 function main_task_0 thread 0
----------------------------------------------------
  __cs_local_main_task_loop_5_IOVar1=10000 (00000000000000000010011100010000)

State 338 file /home/dell/zyworkspace/nichecker/Experiment/remarks2.1_LA_PPR/svp_simple_003/_mt_svp_simple_003_001_result/_cs_svp_simple_003_001_global_var1_rwr_mt_svp_simple_003_001.c line 834 function main_task_0 thread 0
----------------------------------------------------
  __cs_local_main_task_loop_5_block_2=0 (00000000000000000000000000000000)

State 339 file /home/dell/zyworkspace/nichecker/Experiment/remarks2.1_LA_PPR/svp_simple_003/_mt_svp_simple_003_001_result/_cs_svp_simple_003_001_global_var1_rwr_mt_svp_simple_003_001.c line 837 function main_task_0 thread 0
----------------------------------------------------
  __cs_local_main_task_j=10000 (00000000000000000010011100010000)

State 342 file /home/dell/zyworkspace/nichecker/Experiment/remarks2.1_LA_PPR/svp_simple_003/_mt_svp_simple_003_001_result/_cs_svp_simple_003_001_global_var1_rwr_mt_svp_simple_003_001.c line 847 function main_task_0 thread 0
----------------------------------------------------
  __cs_local_main_task___cs_tmp_if_cond_3=FALSE (00000000)

State 345 file /home/dell/zyworkspace/nichecker/Experiment/remarks2.1_LA_PPR/svp_simple_003/_mt_svp_simple_003_001_result/_cs_svp_simple_003_001_global_var1_rwr_mt_svp_simple_003_001.c line 875 function main_task_0 thread 0
----------------------------------------------------
  __cs_local_main_task_j=9999 (00000000000000000010011100001111)

State 346 file /home/dell/zyworkspace/nichecker/Experiment/remarks2.1_LA_PPR/svp_simple_003/_mt_svp_simple_003_001_result/_cs_svp_simple_003_001_global_var1_rwr_mt_svp_simple_003_001.c line 881 function main_task_0 thread 0
----------------------------------------------------
  __cs_local_main_task_t_5=1 (00000000000000000000000000000001)

State 348 file /home/dell/zyworkspace/nichecker/Experiment/remarks2.1_LA_PPR/svp_simple_003/_mt_svp_simple_003_001_result/_cs_svp_simple_003_001_global_var1_rwr_mt_svp_simple_003_001.c line 899 function main_task_0 thread 0
----------------------------------------------------
  __cs_local_main_task_loop_5_IOVar1=9999 (00000000000000000010011100001111)

State 349 file /home/dell/zyworkspace/nichecker/Experiment/remarks2.1_LA_PPR/svp_simple_003/_mt_svp_simple_003_001_result/_cs_svp_simple_003_001_global_var1_rwr_mt_svp_simple_003_001.c line 902 function main_task_0 thread 0
----------------------------------------------------
  __cs_local_main_task_loop_5_block_2=0 (00000000000000000000000000000000)

State 350 file /home/dell/zyworkspace/nichecker/Experiment/remarks2.1_LA_PPR/svp_simple_003/_mt_svp_simple_003_001_result/_cs_svp_simple_003_001_global_var1_rwr_mt_svp_simple_003_001.c line 905 function main_task_0 thread 0
----------------------------------------------------
  __cs_local_main_task_j=9999 (00000000000000000010011100001111)

State 353 file /home/dell/zyworkspace/nichecker/Experiment/remarks2.1_LA_PPR/svp_simple_003/_mt_svp_simple_003_001_result/_cs_svp_simple_003_001_global_var1_rwr_mt_svp_simple_003_001.c line 915 function main_task_0 thread 0
----------------------------------------------------
  __cs_local_main_task___cs_tmp_if_cond_3=TRUE (00000001)

State 355 file /home/dell/zyworkspace/nichecker/Experiment/remarks2.1_LA_PPR/svp_simple_003/_mt_svp_simple_003_001_result/_cs_svp_simple_003_001_global_var1_rwr_mt_svp_simple_003_001.c line 922 function main_task_0 thread 0
----------------------------------------------------
  __cs_local_main_task_reader2=999 (00000000000000000000001111100111)

State 356 file /home/dell/zyworkspace/nichecker/Experiment/remarks2.1_LA_PPR/svp_simple_003/_mt_svp_simple_003_001_result/_cs_svp_simple_003_001_global_var1_rwr_mt_svp_simple_003_001.c line 924 function main_task_0 thread 0
----------------------------------------------------
  rwr_r4=999 (00000000000000000000001111100111)

Violated property:
  file /home/dell/zyworkspace/nichecker/Experiment/remarks2.1_LA_PPR/svp_simple_003/_mt_svp_simple_003_001_result/_cs_svp_simple_003_001_global_var1_rwr_mt_svp_simple_003_001.c line 926 function main_task_0
  assertion rwr_r4 == rwr_tmp1
  rwr_r4 == rwr_tmp1


** 2 of 4 failed (3 iterations)
VERIFICATION FAILED
