2023-10-31 08:17:48
SVPCheck: True	LoopAbstraction: True	LabelReduction: True	Slice: False	

SVPCheck var: svp_simple_021_001_tc_block_rcvd_bytes_ch1	pattern: rww
--------------------------Run start-------------------------------
inliner
slice
LoopAbstraction
unroller
insertLabel
lazyseq
feeder  0.375
[91mUNSAFE[0m, counterexample: 1, time: 3.254 s, memory: 34.60 MB
--------------------------Run end---------------------------------
SVPCheck var: svp_simple_021_001_tc_block_rcvd_bytes_ch1	pattern: wwr
--------------------------Run start-------------------------------
inliner
slice
LoopAbstraction
unroller
insertLabel
lazyseq
feeder  0.321
[91mUNSAFE[0m, counterexample: 1, time: 3.144 s, memory: 35.05 MB
--------------------------Run end---------------------------------
SVPCheck var: svp_simple_021_001_tc_block_rcvd_bytes_ch1	pattern: rwr
--------------------------Run start-------------------------------
inliner
slice
LoopAbstraction
unroller
insertLabel
lazyseq
feeder  0.434
[91mUNSAFE[0m, counterexample: 1, time: 3.290 s, memory: 36.41 MB
--------------------------Run end---------------------------------
cbmcTimeSum: 1.13
modulesTimeSum: 9.688
