2023-10-04 12:12:18
SVPCheck: True	LoopAbstraction: True	LabelReduction: True	Slice: True	

SVPCheck var: svp_simple_009_001_p	pattern: wrw
--------------------------Run start-------------------------------
inliner
slice
LoopAbstraction
unroller
insertLabel
lazyseq
feeder  0.174
[92mSAFE[0m, counterexample: 0, time: 3.179 s, memory: 29.03 MB
--------------------------Run end---------------------------------
SVPCheck var: svp_simple_009_001_q	pattern: wrw
--------------------------Run start-------------------------------
inliner
slice
LoopAbstraction
unroller
insertLabel
lazyseq
feeder  0.176
[92mSAFE[0m, counterexample: 0, time: 3.277 s, memory: 28.45 MB
--------------------------Run end---------------------------------
SVPCheck var: svp_simple_009_001_m	pattern: wrw
--------------------------Run start-------------------------------
inliner
slice
LoopAbstraction
unroller
insertLabel
lazyseq
feeder  0.182
[92mSAFE[0m, counterexample: 0, time: 3.321 s, memory: 28.98 MB
--------------------------Run end---------------------------------
cbmcTimeSum: 0.532
modulesTimeSum: 9.777
