2023-10-31 08:54:04
SVPCheck: True	LoopAbstraction: True	LabelReduction: True	Slice: True	

SVPCheck var: svp_simple_019_001_global_var1	pattern: rwr
--------------------------Run start-------------------------------
inliner
slice
LoopAbstraction
unroller
insertLabel
lazyseq
feeder  0.198
[91mUNSAFE[0m, counterexample: 1, time: 3.494 s, memory: 29.83 MB
--------------------------Run end---------------------------------
SVPCheck var: svp_simple_019_001_global_var2	pattern: rwr
--------------------------Run start-------------------------------
inliner
slice
LoopAbstraction
unroller
insertLabel
lazyseq
feeder  0.244
[92mSAFE[0m, counterexample: 0, time: 3.622 s, memory: 32.38 MB
--------------------------Run end---------------------------------
SVPCheck var: svp_simple_019_001_global_condition3	pattern: rwr
--------------------------Run start-------------------------------
inliner
slice
LoopAbstraction
unroller
insertLabel
lazyseq
feeder  0.189
[92mSAFE[0m, counterexample: 0, time: 3.470 s, memory: 29.48 MB
--------------------------Run end---------------------------------
cbmcTimeSum: 0.631
modulesTimeSum: 10.586
