CBMC version 5.6 64-bit x86_64 linux
Parsing /home/dell/zyworkspace/nichecker/Experiment/remarks2.1_LA_Slicing_PPR/svp_simple_012/_mt_svp_simple_012_001_result/_cs_svp_simple_012_001_global_var_wrw_mt_svp_simple_012_001.c
<command-line>: warning: "__STDC_VERSION__" redefined
<built-in>: note: this is the location of the previous definition
Converting
Type-checking _cs_svp_simple_012_001_global_var_wrw_mt_svp_simple_012_001
file /home/dell/zyworkspace/nichecker/Experiment/remarks2.1_LA_Slicing_PPR/svp_simple_012/_mt_svp_simple_012_001_result/_cs_svp_simple_012_001_global_var_wrw_mt_svp_simple_012_001.c line 224 function main_task_0: function `assert' is not declared
Generating GOTO Program
Adding CPROVER library (x86_64)
Removal of function pointers and virtual functions
Partial Inlining
Generic Property Instrumentation
Starting Bounded Model Checking
**** WARNING: no body for function enable_isr
size of program expression: 331 steps
simple slicing removed 23 assignments
Generated 5 VCC(s), 4 remaining after simplification
Passing problem to propositional reduction
converting SSA
Running propositional reduction
Post-processing
Solving with MiniSAT 2.2.1 with simplifier
1002 variables, 1451 clauses
SAT checker: instance is SATISFIABLE
Solving with MiniSAT 2.2.1 with simplifier
1002 variables, 27 clauses
SAT checker inconsistent: instance is UNSATISFIABLE
Runtime decision procedure: 0.004s

** Results:
[main_task_0.assertion.1] assertion wrw_a_1 == 0: SUCCESS
[main_task_0.assertion.2] assertion wrw_a_1 == 0: FAILURE

Trace for main_task_0.assertion.2:

State 38 file /home/dell/zyworkspace/nichecker/Experiment/remarks2.1_LA_Slicing_PPR/svp_simple_012/_mt_svp_simple_012_001_result/_cs_svp_simple_012_001_global_var_wrw_mt_svp_simple_012_001.c line 267 function main thread 0
----------------------------------------------------
  __cs_tmp_t1_r0=1 (01)

State 40 file /home/dell/zyworkspace/nichecker/Experiment/remarks2.1_LA_Slicing_PPR/svp_simple_012/_mt_svp_simple_012_001_result/_cs_svp_simple_012_001_global_var_wrw_mt_svp_simple_012_001.c line 271 function main thread 0
----------------------------------------------------
  __cs_thread_index=1 (01)

State 41 file /home/dell/zyworkspace/nichecker/Experiment/remarks2.1_LA_Slicing_PPR/svp_simple_012/_mt_svp_simple_012_001_result/_cs_svp_simple_012_001_global_var_wrw_mt_svp_simple_012_001.c line 273 function main thread 0
----------------------------------------------------
  __cs_pc_cs[1l]=1 (01)

State 46 file /home/dell/zyworkspace/nichecker/Experiment/remarks2.1_LA_Slicing_PPR/svp_simple_012/_mt_svp_simple_012_001_result/_cs_svp_simple_012_001_global_var_wrw_mt_svp_simple_012_001.c line 279 function main thread 0
----------------------------------------------------
  __cs_param_main_task_arg=NULL (0000000000000000000000000000000000000000000000000000000000000000)

State 51 file /home/dell/zyworkspace/nichecker/Experiment/remarks2.1_LA_Slicing_PPR/svp_simple_012/_mt_svp_simple_012_001_result/_cs_svp_simple_012_001_global_var_wrw_mt_svp_simple_012_001.c line 205 function main_task_0 thread 0
----------------------------------------------------
  __cs_disable_thread[2l]=0 (0)

State 52 file /home/dell/zyworkspace/nichecker/Experiment/remarks2.1_LA_Slicing_PPR/svp_simple_012/_mt_svp_simple_012_001_result/_cs_svp_simple_012_001_global_var_wrw_mt_svp_simple_012_001.c line 208 function main_task_0 thread 0
----------------------------------------------------
  __cs_disable_thread[0l]=0 (0)

State 57 file /home/dell/zyworkspace/nichecker/Experiment/remarks2.1_LA_Slicing_PPR/svp_simple_012/_mt_svp_simple_012_001_result/_cs_svp_simple_012_001_global_var_wrw_mt_svp_simple_012_001.c line 255 function main_task_0 thread 0
----------------------------------------------------
  __cs_value_ptr=NULL (0000000000000000000000000000000000000000000000000000000000000000)

State 62 file /home/dell/zyworkspace/nichecker/Experiment/remarks2.1_LA_Slicing_PPR/svp_simple_012/_mt_svp_simple_012_001_result/_cs_svp_simple_012_001_global_var_wrw_mt_svp_simple_012_001.c line 281 function main thread 0
----------------------------------------------------
  __cs_pc[1l]=1 (01)

State 63 file /home/dell/zyworkspace/nichecker/Experiment/remarks2.1_LA_Slicing_PPR/svp_simple_012/_mt_svp_simple_012_001_result/_cs_svp_simple_012_001_global_var_wrw_mt_svp_simple_012_001.c line 287 function main thread 0
----------------------------------------------------
  __cs_tmp_t2_r0=0 (0)

State 65 file /home/dell/zyworkspace/nichecker/Experiment/remarks2.1_LA_Slicing_PPR/svp_simple_012/_mt_svp_simple_012_001_result/_cs_svp_simple_012_001_global_var_wrw_mt_svp_simple_012_001.c line 292 function main thread 0
----------------------------------------------------
  __cs_thread_index=2 (10)

State 66 file /home/dell/zyworkspace/nichecker/Experiment/remarks2.1_LA_Slicing_PPR/svp_simple_012/_mt_svp_simple_012_001_result/_cs_svp_simple_012_001_global_var_wrw_mt_svp_simple_012_001.c line 294 function main thread 0
----------------------------------------------------
  __cs_pc_cs[2l]=0 (00)

State 71 file /home/dell/zyworkspace/nichecker/Experiment/remarks2.1_LA_Slicing_PPR/svp_simple_012/_mt_svp_simple_012_001_result/_cs_svp_simple_012_001_global_var_wrw_mt_svp_simple_012_001.c line 300 function main thread 0
----------------------------------------------------
  __cs_param_svp_simple_012_001_isr_1_arg=NULL (0000000000000000000000000000000000000000000000000000000000000000)

State 75 file /home/dell/zyworkspace/nichecker/Experiment/remarks2.1_LA_Slicing_PPR/svp_simple_012/_mt_svp_simple_012_001_result/_cs_svp_simple_012_001_global_var_wrw_mt_svp_simple_012_001.c line 193 function svp_simple_012_001_isr_1_0 thread 0
----------------------------------------------------
  __cs_value_ptr=NULL (0000000000000000000000000000000000000000000000000000000000000000)

State 80 file /home/dell/zyworkspace/nichecker/Experiment/remarks2.1_LA_Slicing_PPR/svp_simple_012/_mt_svp_simple_012_001_result/_cs_svp_simple_012_001_global_var_wrw_mt_svp_simple_012_001.c line 302 function main thread 0
----------------------------------------------------
  __cs_pc[2l]=0 (00)

State 81 file /home/dell/zyworkspace/nichecker/Experiment/remarks2.1_LA_Slicing_PPR/svp_simple_012/_mt_svp_simple_012_001_result/_cs_svp_simple_012_001_global_var_wrw_mt_svp_simple_012_001.c line 312 function main thread 0
----------------------------------------------------
  __cs_tmp_t1_r1=2 (10)

State 83 file /home/dell/zyworkspace/nichecker/Experiment/remarks2.1_LA_Slicing_PPR/svp_simple_012/_mt_svp_simple_012_001_result/_cs_svp_simple_012_001_global_var_wrw_mt_svp_simple_012_001.c line 317 function main thread 0
----------------------------------------------------
  __cs_thread_index=1 (01)

State 84 file /home/dell/zyworkspace/nichecker/Experiment/remarks2.1_LA_Slicing_PPR/svp_simple_012/_mt_svp_simple_012_001_result/_cs_svp_simple_012_001_global_var_wrw_mt_svp_simple_012_001.c line 319 function main thread 0
----------------------------------------------------
  __cs_pc_cs[1l]=2 (10)

State 89 file /home/dell/zyworkspace/nichecker/Experiment/remarks2.1_LA_Slicing_PPR/svp_simple_012/_mt_svp_simple_012_001_result/_cs_svp_simple_012_001_global_var_wrw_mt_svp_simple_012_001.c line 325 function main thread 0
----------------------------------------------------
  __cs_param_main_task_arg=NULL (0000000000000000000000000000000000000000000000000000000000000000)

State 92 file /home/dell/zyworkspace/nichecker/Experiment/remarks2.1_LA_Slicing_PPR/svp_simple_012/_mt_svp_simple_012_001_result/_cs_svp_simple_012_001_global_var_wrw_mt_svp_simple_012_001.c line 219 function main_task_0 thread 0
----------------------------------------------------
  __cs_local_main_task_p=&svp_simple_012_001_global_var (0000001000000000000000000000000000000000000000000000000000000000)

State 93 file /home/dell/zyworkspace/nichecker/Experiment/remarks2.1_LA_Slicing_PPR/svp_simple_012/_mt_svp_simple_012_001_result/_cs_svp_simple_012_001_global_var_wrw_mt_svp_simple_012_001.c line 221 function main_task_0 thread 0
----------------------------------------------------
  svp_simple_012_001_global_var=1 (00000000000000000000000000000001)

State 95 file /home/dell/zyworkspace/nichecker/Experiment/remarks2.1_LA_Slicing_PPR/svp_simple_012/_mt_svp_simple_012_001_result/_cs_svp_simple_012_001_global_var_wrw_mt_svp_simple_012_001.c line 226 function main_task_0 thread 0
----------------------------------------------------
  wrw_a_1_num=1 (00000000000000000000000000000001)

State 96 file /home/dell/zyworkspace/nichecker/Experiment/remarks2.1_LA_Slicing_PPR/svp_simple_012/_mt_svp_simple_012_001_result/_cs_svp_simple_012_001_global_var_wrw_mt_svp_simple_012_001.c line 227 function main_task_0 thread 0
----------------------------------------------------
  wrw_a_1=0 (00000000000000000000000000000000)

State 100 file /home/dell/zyworkspace/nichecker/Experiment/remarks2.1_LA_Slicing_PPR/svp_simple_012/_mt_svp_simple_012_001_result/_cs_svp_simple_012_001_global_var_wrw_mt_svp_simple_012_001.c line 255 function main_task_0 thread 0
----------------------------------------------------
  __cs_value_ptr=NULL (0000000000000000000000000000000000000000000000000000000000000000)

State 105 file /home/dell/zyworkspace/nichecker/Experiment/remarks2.1_LA_Slicing_PPR/svp_simple_012/_mt_svp_simple_012_001_result/_cs_svp_simple_012_001_global_var_wrw_mt_svp_simple_012_001.c line 327 function main thread 0
----------------------------------------------------
  __cs_pc[1l]=2 (10)

State 106 file /home/dell/zyworkspace/nichecker/Experiment/remarks2.1_LA_Slicing_PPR/svp_simple_012/_mt_svp_simple_012_001_result/_cs_svp_simple_012_001_global_var_wrw_mt_svp_simple_012_001.c line 333 function main thread 0
----------------------------------------------------
  __cs_tmp_t2_r1=1 (1)

State 108 file /home/dell/zyworkspace/nichecker/Experiment/remarks2.1_LA_Slicing_PPR/svp_simple_012/_mt_svp_simple_012_001_result/_cs_svp_simple_012_001_global_var_wrw_mt_svp_simple_012_001.c line 338 function main thread 0
----------------------------------------------------
  __cs_thread_index=2 (10)

State 109 file /home/dell/zyworkspace/nichecker/Experiment/remarks2.1_LA_Slicing_PPR/svp_simple_012/_mt_svp_simple_012_001_result/_cs_svp_simple_012_001_global_var_wrw_mt_svp_simple_012_001.c line 340 function main thread 0
----------------------------------------------------
  __cs_pc_cs[2l]=1 (01)

State 114 file /home/dell/zyworkspace/nichecker/Experiment/remarks2.1_LA_Slicing_PPR/svp_simple_012/_mt_svp_simple_012_001_result/_cs_svp_simple_012_001_global_var_wrw_mt_svp_simple_012_001.c line 346 function main thread 0
----------------------------------------------------
  __cs_param_svp_simple_012_001_isr_1_arg=NULL (0000000000000000000000000000000000000000000000000000000000000000)

State 116 file /home/dell/zyworkspace/nichecker/Experiment/remarks2.1_LA_Slicing_PPR/svp_simple_012/_mt_svp_simple_012_001_result/_cs_svp_simple_012_001_global_var_wrw_mt_svp_simple_012_001.c line 179 function svp_simple_012_001_isr_1_0 thread 0
----------------------------------------------------
  __cs_local_svp_simple_012_001_isr_1_reader1=1 (00000000000000000000000000000001)

State 117 file /home/dell/zyworkspace/nichecker/Experiment/remarks2.1_LA_Slicing_PPR/svp_simple_012/_mt_svp_simple_012_001_result/_cs_svp_simple_012_001_global_var_wrw_mt_svp_simple_012_001.c line 181 function svp_simple_012_001_isr_1_0 thread 0
----------------------------------------------------
  wrw_a_1=1 (00000000000000000000000000000001)

State 121 file /home/dell/zyworkspace/nichecker/Experiment/remarks2.1_LA_Slicing_PPR/svp_simple_012/_mt_svp_simple_012_001_result/_cs_svp_simple_012_001_global_var_wrw_mt_svp_simple_012_001.c line 193 function svp_simple_012_001_isr_1_0 thread 0
----------------------------------------------------
  __cs_value_ptr=NULL (0000000000000000000000000000000000000000000000000000000000000000)

State 126 file /home/dell/zyworkspace/nichecker/Experiment/remarks2.1_LA_Slicing_PPR/svp_simple_012/_mt_svp_simple_012_001_result/_cs_svp_simple_012_001_global_var_wrw_mt_svp_simple_012_001.c line 348 function main thread 0
----------------------------------------------------
  __cs_pc[2l]=1 (01)

State 127 file /home/dell/zyworkspace/nichecker/Experiment/remarks2.1_LA_Slicing_PPR/svp_simple_012/_mt_svp_simple_012_001_result/_cs_svp_simple_012_001_global_var_wrw_mt_svp_simple_012_001.c line 352 function main thread 0
----------------------------------------------------
  __cs_tmp_t1_r2=3u (00000000000000000000000000000011)

State 129 file /home/dell/zyworkspace/nichecker/Experiment/remarks2.1_LA_Slicing_PPR/svp_simple_012/_mt_svp_simple_012_001_result/_cs_svp_simple_012_001_global_var_wrw_mt_svp_simple_012_001.c line 357 function main thread 0
----------------------------------------------------
  __cs_thread_index=1 (01)

State 130 file /home/dell/zyworkspace/nichecker/Experiment/remarks2.1_LA_Slicing_PPR/svp_simple_012/_mt_svp_simple_012_001_result/_cs_svp_simple_012_001_global_var_wrw_mt_svp_simple_012_001.c line 359 function main thread 0
----------------------------------------------------
  __cs_pc_cs[1l]=3 (11)

State 135 file /home/dell/zyworkspace/nichecker/Experiment/remarks2.1_LA_Slicing_PPR/svp_simple_012/_mt_svp_simple_012_001_result/_cs_svp_simple_012_001_global_var_wrw_mt_svp_simple_012_001.c line 365 function main thread 0
----------------------------------------------------
  __cs_param_main_task_arg=NULL (0000000000000000000000000000000000000000000000000000000000000000)

State 139 file /home/dell/zyworkspace/nichecker/Experiment/remarks2.1_LA_Slicing_PPR/svp_simple_012/_mt_svp_simple_012_001_result/_cs_svp_simple_012_001_global_var_wrw_mt_svp_simple_012_001.c line 233 function main_task_0 thread 0
----------------------------------------------------
  svp_simple_012_001_global_var=2 (00000000000000000000000000000010)

Violated property:
  file /home/dell/zyworkspace/nichecker/Experiment/remarks2.1_LA_Slicing_PPR/svp_simple_012/_mt_svp_simple_012_001_result/_cs_svp_simple_012_001_global_var_wrw_mt_svp_simple_012_001.c line 237 function main_task_0
  assertion wrw_a_1 == 0
  wrw_a_1 == 0


** 1 of 2 failed (2 iterations)
VERIFICATION FAILED
