CBMC version 5.6 64-bit x86_64 linux
Parsing /home/dell/zyworkspace/nichecker/Experiment/remarks2.1_LA/svp_simple_011/_mt_svp_simple_011_001_result/_cs_svp_simple_011_001_u_wrw_mt_svp_simple_011_001.c
<command-line>: warning: "__STDC_VERSION__" redefined
<built-in>: note: this is the location of the previous definition
Converting
Type-checking _cs_svp_simple_011_001_u_wrw_mt_svp_simple_011_001
file /home/dell/zyworkspace/nichecker/Experiment/remarks2.1_LA/svp_simple_011/_mt_svp_simple_011_001_result/_cs_svp_simple_011_001_u_wrw_mt_svp_simple_011_001.c line 230 function main_task_0: function `assert' is not declared
Generating GOTO Program
Adding CPROVER library (x86_64)
Removal of function pointers and virtual functions
Partial Inlining
Generic Property Instrumentation
Starting Bounded Model Checking
**** WARNING: no body for function enable_isr
size of program expression: 616 steps
simple slicing removed 26 assignments
Generated 12 VCC(s), 10 remaining after simplification
Passing problem to propositional reduction
converting SSA
Running propositional reduction
Post-processing
Solving with MiniSAT 2.2.1 with simplifier
3339 variables, 7040 clauses
SAT checker: instance is SATISFIABLE
Solving with MiniSAT 2.2.1 with simplifier
3339 variables, 512 clauses
SAT checker: instance is UNSATISFIABLE
Runtime decision procedure: 0.013s

** Results:
[main_task_0.assertion.1] assertion wrw_a_svp_simple_011_001_u_1 == 0: SUCCESS
[main_task_0.assertion.2] assertion wrw_a_svp_simple_011_001_global_var2_1 == 0: SUCCESS
[main_task_0.assertion.3] assertion wrw_a_svp_simple_011_001_u_1 == 0: FAILURE
[main_task_0.assertion.4] assertion wrw_a_svp_simple_011_001_global_var2_1 == 0: SUCCESS
[main_task_0.assertion.5] assertion wrw_a_svp_simple_011_001_global_var3_1 == 0: SUCCESS

Trace for main_task_0.assertion.3:

State 51 file /home/dell/zyworkspace/nichecker/Experiment/remarks2.1_LA/svp_simple_011/_mt_svp_simple_011_001_result/_cs_svp_simple_011_001_u_wrw_mt_svp_simple_011_001.c line 354 function main thread 0
----------------------------------------------------
  __cs_tmp_t1_r0=7 (0111)

State 53 file /home/dell/zyworkspace/nichecker/Experiment/remarks2.1_LA/svp_simple_011/_mt_svp_simple_011_001_result/_cs_svp_simple_011_001_u_wrw_mt_svp_simple_011_001.c line 358 function main thread 0
----------------------------------------------------
  __cs_thread_index=1 (01)

State 54 file /home/dell/zyworkspace/nichecker/Experiment/remarks2.1_LA/svp_simple_011/_mt_svp_simple_011_001_result/_cs_svp_simple_011_001_u_wrw_mt_svp_simple_011_001.c line 360 function main thread 0
----------------------------------------------------
  __cs_pc_cs[1l]=7 (0111)

State 59 file /home/dell/zyworkspace/nichecker/Experiment/remarks2.1_LA/svp_simple_011/_mt_svp_simple_011_001_result/_cs_svp_simple_011_001_u_wrw_mt_svp_simple_011_001.c line 366 function main thread 0
----------------------------------------------------
  __cs_param_main_task_arg=NULL (0000000000000000000000000000000000000000000000000000000000000000)

State 64 file /home/dell/zyworkspace/nichecker/Experiment/remarks2.1_LA/svp_simple_011/_mt_svp_simple_011_001_result/_cs_svp_simple_011_001_u_wrw_mt_svp_simple_011_001.c line 193 function main_task_0 thread 0
----------------------------------------------------
  __cs_disable_thread[2l]=0 (0)

State 65 file /home/dell/zyworkspace/nichecker/Experiment/remarks2.1_LA/svp_simple_011/_mt_svp_simple_011_001_result/_cs_svp_simple_011_001_u_wrw_mt_svp_simple_011_001.c line 196 function main_task_0 thread 0
----------------------------------------------------
  __cs_disable_thread[0l]=0 (0)

State 67 file /home/dell/zyworkspace/nichecker/Experiment/remarks2.1_LA/svp_simple_011/_mt_svp_simple_011_001_result/_cs_svp_simple_011_001_u_wrw_mt_svp_simple_011_001.c line 207 function main_task_0 thread 0
----------------------------------------------------
  __cs_local_main_task_p=&svp_simple_011_001_global_var1 (0000001000000000000000000000000000000000000000000000000000000000)

State 69 file /home/dell/zyworkspace/nichecker/Experiment/remarks2.1_LA/svp_simple_011/_mt_svp_simple_011_001_result/_cs_svp_simple_011_001_u_wrw_mt_svp_simple_011_001.c line 213 function main_task_0 thread 0
----------------------------------------------------
  __cs_local_main_task_q=&svp_simple_011_001_global_var1 (0000001000000000000000000000000000000000000000000000000000000000)

State 71 file /home/dell/zyworkspace/nichecker/Experiment/remarks2.1_LA/svp_simple_011/_mt_svp_simple_011_001_result/_cs_svp_simple_011_001_u_wrw_mt_svp_simple_011_001.c line 218 function main_task_0 thread 0
----------------------------------------------------
  svp_simple_011_001_global_var1=1 (00000000000000000000000000000001)

State 73 file /home/dell/zyworkspace/nichecker/Experiment/remarks2.1_LA/svp_simple_011/_mt_svp_simple_011_001_result/_cs_svp_simple_011_001_u_wrw_mt_svp_simple_011_001.c line 223 function main_task_0 thread 0
----------------------------------------------------
  svp_simple_011_001_global_var1=2 (00000000000000000000000000000010)

State 75 file /home/dell/zyworkspace/nichecker/Experiment/remarks2.1_LA/svp_simple_011/_mt_svp_simple_011_001_result/_cs_svp_simple_011_001_u_wrw_mt_svp_simple_011_001.c line 227 function main_task_0 thread 0
----------------------------------------------------
  svp_simple_011_001_u=&svp_simple_011_001_global_var2 (0000001100000000000000000000000000000000000000000000000000000000)

State 77 file /home/dell/zyworkspace/nichecker/Experiment/remarks2.1_LA/svp_simple_011/_mt_svp_simple_011_001_result/_cs_svp_simple_011_001_u_wrw_mt_svp_simple_011_001.c line 232 function main_task_0 thread 0
----------------------------------------------------
  wrw_a_svp_simple_011_001_u_1_num=1 (00000000000000000000000000000001)

State 78 file /home/dell/zyworkspace/nichecker/Experiment/remarks2.1_LA/svp_simple_011/_mt_svp_simple_011_001_result/_cs_svp_simple_011_001_u_wrw_mt_svp_simple_011_001.c line 233 function main_task_0 thread 0
----------------------------------------------------
  wrw_a_svp_simple_011_001_u_1=0 (00000000000000000000000000000000)

State 80 file /home/dell/zyworkspace/nichecker/Experiment/remarks2.1_LA/svp_simple_011/_mt_svp_simple_011_001_result/_cs_svp_simple_011_001_u_wrw_mt_svp_simple_011_001.c line 239 function main_task_0 thread 0
----------------------------------------------------
  svp_simple_011_001_global_var2=1 (00000000000000000000000000000001)

State 86 file /home/dell/zyworkspace/nichecker/Experiment/remarks2.1_LA/svp_simple_011/_mt_svp_simple_011_001_result/_cs_svp_simple_011_001_u_wrw_mt_svp_simple_011_001.c line 297 function main_task_0 thread 0
----------------------------------------------------
  __cs_value_ptr=NULL (0000000000000000000000000000000000000000000000000000000000000000)

State 91 file /home/dell/zyworkspace/nichecker/Experiment/remarks2.1_LA/svp_simple_011/_mt_svp_simple_011_001_result/_cs_svp_simple_011_001_u_wrw_mt_svp_simple_011_001.c line 368 function main thread 0
----------------------------------------------------
  __cs_pc[1l]=7 (0111)

State 92 file /home/dell/zyworkspace/nichecker/Experiment/remarks2.1_LA/svp_simple_011/_mt_svp_simple_011_001_result/_cs_svp_simple_011_001_u_wrw_mt_svp_simple_011_001.c line 374 function main thread 0
----------------------------------------------------
  __cs_tmp_t2_r0=1 (1)

State 94 file /home/dell/zyworkspace/nichecker/Experiment/remarks2.1_LA/svp_simple_011/_mt_svp_simple_011_001_result/_cs_svp_simple_011_001_u_wrw_mt_svp_simple_011_001.c line 379 function main thread 0
----------------------------------------------------
  __cs_thread_index=2 (10)

State 95 file /home/dell/zyworkspace/nichecker/Experiment/remarks2.1_LA/svp_simple_011/_mt_svp_simple_011_001_result/_cs_svp_simple_011_001_u_wrw_mt_svp_simple_011_001.c line 381 function main thread 0
----------------------------------------------------
  __cs_pc_cs[2l]=1 (0001)

State 100 file /home/dell/zyworkspace/nichecker/Experiment/remarks2.1_LA/svp_simple_011/_mt_svp_simple_011_001_result/_cs_svp_simple_011_001_u_wrw_mt_svp_simple_011_001.c line 387 function main thread 0
----------------------------------------------------
  __cs_param_svp_simple_011_001_isr_1_arg=NULL (0000000000000000000000000000000000000000000000000000000000000000)

State 102 file /home/dell/zyworkspace/nichecker/Experiment/remarks2.1_LA/svp_simple_011/_mt_svp_simple_011_001_result/_cs_svp_simple_011_001_u_wrw_mt_svp_simple_011_001.c line 312 function svp_simple_011_001_isr_1_0 thread 0
----------------------------------------------------
  __cs_local_svp_simple_011_001_isr_1_m=&svp_simple_011_001_global_var1 (0000001000000000000000000000000000000000000000000000000000000000)

State 103 file /home/dell/zyworkspace/nichecker/Experiment/remarks2.1_LA/svp_simple_011/_mt_svp_simple_011_001_result/_cs_svp_simple_011_001_u_wrw_mt_svp_simple_011_001.c line 314 function svp_simple_011_001_isr_1_0 thread 0
----------------------------------------------------
  __cs_local_svp_simple_011_001_isr_1_reader1=2 (00000000000000000000000000000010)

State 104 file /home/dell/zyworkspace/nichecker/Experiment/remarks2.1_LA/svp_simple_011/_mt_svp_simple_011_001_result/_cs_svp_simple_011_001_u_wrw_mt_svp_simple_011_001.c line 316 function svp_simple_011_001_isr_1_0 thread 0
----------------------------------------------------
  __cs_local_svp_simple_011_001_isr_1_reader2=1 (00000000000000000000000000000001)

State 107 file /home/dell/zyworkspace/nichecker/Experiment/remarks2.1_LA/svp_simple_011/_mt_svp_simple_011_001_result/_cs_svp_simple_011_001_u_wrw_mt_svp_simple_011_001.c line 330 function svp_simple_011_001_isr_1_0 thread 0
----------------------------------------------------
  wrw_a_svp_simple_011_001_u_1=1 (00000000000000000000000000000001)

State 111 file /home/dell/zyworkspace/nichecker/Experiment/remarks2.1_LA/svp_simple_011/_mt_svp_simple_011_001_result/_cs_svp_simple_011_001_u_wrw_mt_svp_simple_011_001.c line 342 function svp_simple_011_001_isr_1_0 thread 0
----------------------------------------------------
  __cs_value_ptr=NULL (0000000000000000000000000000000000000000000000000000000000000000)

State 116 file /home/dell/zyworkspace/nichecker/Experiment/remarks2.1_LA/svp_simple_011/_mt_svp_simple_011_001_result/_cs_svp_simple_011_001_u_wrw_mt_svp_simple_011_001.c line 389 function main thread 0
----------------------------------------------------
  __cs_pc[2l]=1 (0001)

State 117 file /home/dell/zyworkspace/nichecker/Experiment/remarks2.1_LA/svp_simple_011/_mt_svp_simple_011_001_result/_cs_svp_simple_011_001_u_wrw_mt_svp_simple_011_001.c line 399 function main thread 0
----------------------------------------------------
  __cs_tmp_t1_r1=7 (0111)

State 119 file /home/dell/zyworkspace/nichecker/Experiment/remarks2.1_LA/svp_simple_011/_mt_svp_simple_011_001_result/_cs_svp_simple_011_001_u_wrw_mt_svp_simple_011_001.c line 404 function main thread 0
----------------------------------------------------
  __cs_thread_index=1 (01)

State 120 file /home/dell/zyworkspace/nichecker/Experiment/remarks2.1_LA/svp_simple_011/_mt_svp_simple_011_001_result/_cs_svp_simple_011_001_u_wrw_mt_svp_simple_011_001.c line 406 function main thread 0
----------------------------------------------------
  __cs_pc_cs[1l]=7 (0111)

State 125 file /home/dell/zyworkspace/nichecker/Experiment/remarks2.1_LA/svp_simple_011/_mt_svp_simple_011_001_result/_cs_svp_simple_011_001_u_wrw_mt_svp_simple_011_001.c line 412 function main thread 0
----------------------------------------------------
  __cs_param_main_task_arg=NULL (0000000000000000000000000000000000000000000000000000000000000000)

State 137 file /home/dell/zyworkspace/nichecker/Experiment/remarks2.1_LA/svp_simple_011/_mt_svp_simple_011_001_result/_cs_svp_simple_011_001_u_wrw_mt_svp_simple_011_001.c line 297 function main_task_0 thread 0
----------------------------------------------------
  __cs_value_ptr=NULL (0000000000000000000000000000000000000000000000000000000000000000)

State 142 file /home/dell/zyworkspace/nichecker/Experiment/remarks2.1_LA/svp_simple_011/_mt_svp_simple_011_001_result/_cs_svp_simple_011_001_u_wrw_mt_svp_simple_011_001.c line 414 function main thread 0
----------------------------------------------------
  __cs_pc[1l]=7 (0111)

State 143 file /home/dell/zyworkspace/nichecker/Experiment/remarks2.1_LA/svp_simple_011/_mt_svp_simple_011_001_result/_cs_svp_simple_011_001_u_wrw_mt_svp_simple_011_001.c line 420 function main thread 0
----------------------------------------------------
  __cs_tmp_t2_r1=1 (1)

State 145 file /home/dell/zyworkspace/nichecker/Experiment/remarks2.1_LA/svp_simple_011/_mt_svp_simple_011_001_result/_cs_svp_simple_011_001_u_wrw_mt_svp_simple_011_001.c line 425 function main thread 0
----------------------------------------------------
  __cs_thread_index=2 (10)

State 146 file /home/dell/zyworkspace/nichecker/Experiment/remarks2.1_LA/svp_simple_011/_mt_svp_simple_011_001_result/_cs_svp_simple_011_001_u_wrw_mt_svp_simple_011_001.c line 427 function main thread 0
----------------------------------------------------
  __cs_pc_cs[2l]=1 (0001)

State 151 file /home/dell/zyworkspace/nichecker/Experiment/remarks2.1_LA/svp_simple_011/_mt_svp_simple_011_001_result/_cs_svp_simple_011_001_u_wrw_mt_svp_simple_011_001.c line 433 function main thread 0
----------------------------------------------------
  __cs_param_svp_simple_011_001_isr_1_arg=NULL (0000000000000000000000000000000000000000000000000000000000000000)

State 155 file /home/dell/zyworkspace/nichecker/Experiment/remarks2.1_LA/svp_simple_011/_mt_svp_simple_011_001_result/_cs_svp_simple_011_001_u_wrw_mt_svp_simple_011_001.c line 342 function svp_simple_011_001_isr_1_0 thread 0
----------------------------------------------------
  __cs_value_ptr=NULL (0000000000000000000000000000000000000000000000000000000000000000)

State 160 file /home/dell/zyworkspace/nichecker/Experiment/remarks2.1_LA/svp_simple_011/_mt_svp_simple_011_001_result/_cs_svp_simple_011_001_u_wrw_mt_svp_simple_011_001.c line 435 function main thread 0
----------------------------------------------------
  __cs_pc[2l]=1 (0001)

State 161 file /home/dell/zyworkspace/nichecker/Experiment/remarks2.1_LA/svp_simple_011/_mt_svp_simple_011_001_result/_cs_svp_simple_011_001_u_wrw_mt_svp_simple_011_001.c line 439 function main thread 0
----------------------------------------------------
  __cs_tmp_t1_r2=8u (00000000000000000000000000001000)

State 163 file /home/dell/zyworkspace/nichecker/Experiment/remarks2.1_LA/svp_simple_011/_mt_svp_simple_011_001_result/_cs_svp_simple_011_001_u_wrw_mt_svp_simple_011_001.c line 444 function main thread 0
----------------------------------------------------
  __cs_thread_index=1 (01)

State 164 file /home/dell/zyworkspace/nichecker/Experiment/remarks2.1_LA/svp_simple_011/_mt_svp_simple_011_001_result/_cs_svp_simple_011_001_u_wrw_mt_svp_simple_011_001.c line 446 function main thread 0
----------------------------------------------------
  __cs_pc_cs[1l]=8 (1000)

State 169 file /home/dell/zyworkspace/nichecker/Experiment/remarks2.1_LA/svp_simple_011/_mt_svp_simple_011_001_result/_cs_svp_simple_011_001_u_wrw_mt_svp_simple_011_001.c line 452 function main thread 0
----------------------------------------------------
  __cs_param_main_task_arg=NULL (0000000000000000000000000000000000000000000000000000000000000000)

State 178 file /home/dell/zyworkspace/nichecker/Experiment/remarks2.1_LA/svp_simple_011/_mt_svp_simple_011_001_result/_cs_svp_simple_011_001_u_wrw_mt_svp_simple_011_001.c line 253 function main_task_0 thread 0
----------------------------------------------------
  svp_simple_011_001_u=&svp_simple_011_001_global_var3 (0000010000000000000000000000000000000000000000000000000000000000)

Violated property:
  file /home/dell/zyworkspace/nichecker/Experiment/remarks2.1_LA/svp_simple_011/_mt_svp_simple_011_001_result/_cs_svp_simple_011_001_u_wrw_mt_svp_simple_011_001.c line 256 function main_task_0
  assertion wrw_a_svp_simple_011_001_u_1 == 0
  wrw_a_svp_simple_011_001_u_1 == 0


** 1 of 5 failed (2 iterations)
VERIFICATION FAILED
