2023-10-16 16:47:46
SVPCheck: True	LoopAbstraction: True	LabelReduction: False	Slice: False	

SVPCheck var: svp_simple_011_001_global_var1	pattern: wrw
--------------------------Run start-------------------------------
inliner
slice
LoopAbstraction
unroller
insertLabel
lazyseq
feeder  0.194
[91mUNSAFE[0m, counterexample: 1, time: 1.670 s, memory: 29.51 MB
--------------------------Run end---------------------------------
SVPCheck var: svp_simple_011_001_global_var2	pattern: wrw
--------------------------Run start-------------------------------
inliner
slice
LoopAbstraction
unroller
insertLabel
lazyseq
feeder  0.195
[92mSAFE[0m, counterexample: 0, time: 1.745 s, memory: 29.69 MB
--------------------------Run end---------------------------------
SVPCheck var: svp_simple_011_001_global_var3	pattern: wrw
--------------------------Run start-------------------------------
inliner
slice
LoopAbstraction
unroller
insertLabel
lazyseq
feeder  0.190
[92mSAFE[0m, counterexample: 0, time: 1.654 s, memory: 29.41 MB
--------------------------Run end---------------------------------
SVPCheck var: svp_simple_011_001_u	pattern: wrw
--------------------------Run start-------------------------------
inliner
slice
LoopAbstraction
unroller
insertLabel
lazyseq
feeder  0.197
[91mUNSAFE[0m, counterexample: 1, time: 1.614 s, memory: 29.84 MB
--------------------------Run end---------------------------------
cbmcTimeSum: 0.776
modulesTimeSum: 6.683
