CBMC version 5.6 64-bit x86_64 linux
Parsing /home/dell/zyworkspace/nichecker/Experiment/remarks2.1_LA/svp_simple_015/_mt_svp_simple_015_001_result/_cs_svp_simple_015_001_global_var2_rwr_mt_svp_simple_015_001.c
<command-line>: warning: "__STDC_VERSION__" redefined
<built-in>: note: this is the location of the previous definition
Converting
Type-checking _cs_svp_simple_015_001_global_var2_rwr_mt_svp_simple_015_001
file /home/dell/zyworkspace/nichecker/Experiment/remarks2.1_LA/svp_simple_015/_mt_svp_simple_015_001_result/_cs_svp_simple_015_001_global_var2_rwr_mt_svp_simple_015_001.c line 193 function main_task_0: function `nondet_rand' is not declared
file /home/dell/zyworkspace/nichecker/Experiment/remarks2.1_LA/svp_simple_015/_mt_svp_simple_015_001_result/_cs_svp_simple_015_001_global_var2_rwr_mt_svp_simple_015_001.c line 230 function main_task_0: function `assert' is not declared
Generating GOTO Program
Adding CPROVER library (x86_64)
Removal of function pointers and virtual functions
Partial Inlining
Generic Property Instrumentation
Starting Bounded Model Checking
**** WARNING: no body for function enable_isr
size of program expression: 403 steps
simple slicing removed 20 assignments
Generated 2 VCC(s), 2 remaining after simplification
Passing problem to propositional reduction
converting SSA
Running propositional reduction
Post-processing
Solving with MiniSAT 2.2.1 with simplifier
2144 variables, 6148 clauses
SAT checker: instance is UNSATISFIABLE
Runtime decision procedure: 0.008s

** Results:
[main_task_0.assertion.1] assertion rwr_r1 == rwr_tmp1: SUCCESS

** 0 of 1 failed (1 iteration)
VERIFICATION SUCCESSFUL
