CBMC version 5.6 64-bit x86_64 linux
Parsing /home/dell/zyworkspace/nichecker/Experiment/remarks2.1_LA/svp_simple_015/_mt_svp_simple_015_001_result/_cs_svp_simple_015_001_global_var1_rwr_mt_svp_simple_015_001.c
<command-line>: warning: "__STDC_VERSION__" redefined
<built-in>: note: this is the location of the previous definition
Converting
Type-checking _cs_svp_simple_015_001_global_var1_rwr_mt_svp_simple_015_001
file /home/dell/zyworkspace/nichecker/Experiment/remarks2.1_LA/svp_simple_015/_mt_svp_simple_015_001_result/_cs_svp_simple_015_001_global_var1_rwr_mt_svp_simple_015_001.c line 194 function main_task_0: function `nondet_rand' is not declared
file /home/dell/zyworkspace/nichecker/Experiment/remarks2.1_LA/svp_simple_015/_mt_svp_simple_015_001_result/_cs_svp_simple_015_001_global_var1_rwr_mt_svp_simple_015_001.c line 217 function main_task_0: function `assert' is not declared
Generating GOTO Program
Adding CPROVER library (x86_64)
Removal of function pointers and virtual functions
Partial Inlining
Generic Property Instrumentation
Starting Bounded Model Checking
**** WARNING: no body for function enable_isr
size of program expression: 468 steps
simple slicing removed 35 assignments
Generated 5 VCC(s), 4 remaining after simplification
Passing problem to propositional reduction
converting SSA
Running propositional reduction
Post-processing
Solving with MiniSAT 2.2.1 with simplifier
2034 variables, 5461 clauses
SAT checker: instance is SATISFIABLE
Solving with MiniSAT 2.2.1 with simplifier
2034 variables, 1097 clauses
SAT checker: instance is UNSATISFIABLE
Runtime decision procedure: 0.01s

** Results:
[main_task_0.assertion.1] assertion rwr_r1 == rwr_tmp1: SUCCESS
[main_task_0.assertion.2] assertion rwr_r2 == rwr_tmp1: FAILURE

Trace for main_task_0.assertion.2:

State 51 file /home/dell/zyworkspace/nichecker/Experiment/remarks2.1_LA/svp_simple_015/_mt_svp_simple_015_001_result/_cs_svp_simple_015_001_global_var1_rwr_mt_svp_simple_015_001.c line 401 function main thread 0
----------------------------------------------------
  __cs_tmp_t1_r0=2 (010)

State 53 file /home/dell/zyworkspace/nichecker/Experiment/remarks2.1_LA/svp_simple_015/_mt_svp_simple_015_001_result/_cs_svp_simple_015_001_global_var1_rwr_mt_svp_simple_015_001.c line 405 function main thread 0
----------------------------------------------------
  __cs_thread_index=1 (01)

State 54 file /home/dell/zyworkspace/nichecker/Experiment/remarks2.1_LA/svp_simple_015/_mt_svp_simple_015_001_result/_cs_svp_simple_015_001_global_var1_rwr_mt_svp_simple_015_001.c line 407 function main thread 0
----------------------------------------------------
  __cs_pc_cs[1l]=2 (010)

State 59 file /home/dell/zyworkspace/nichecker/Experiment/remarks2.1_LA/svp_simple_015/_mt_svp_simple_015_001_result/_cs_svp_simple_015_001_global_var1_rwr_mt_svp_simple_015_001.c line 413 function main thread 0
----------------------------------------------------
  __cs_param_main_task_arg=NULL (0000000000000000000000000000000000000000000000000000000000000000)

State 64 file /home/dell/zyworkspace/nichecker/Experiment/remarks2.1_LA/svp_simple_015/_mt_svp_simple_015_001_result/_cs_svp_simple_015_001_global_var1_rwr_mt_svp_simple_015_001.c line 182 function main_task_0 thread 0
----------------------------------------------------
  __cs_disable_thread[2l]=0 (0)

State 65 file /home/dell/zyworkspace/nichecker/Experiment/remarks2.1_LA/svp_simple_015/_mt_svp_simple_015_001_result/_cs_svp_simple_015_001_global_var1_rwr_mt_svp_simple_015_001.c line 185 function main_task_0 thread 0
----------------------------------------------------
  __cs_disable_thread[0l]=0 (0)

State 66 file /home/dell/zyworkspace/nichecker/Experiment/remarks2.1_LA/svp_simple_015/_mt_svp_simple_015_001_result/_cs_svp_simple_015_001_global_var1_rwr_mt_svp_simple_015_001.c line 194 function main_task_0 thread 0
----------------------------------------------------
  __cs_local_main_task_x=5 (00000000000000000000000000000101)

State 67 file /home/dell/zyworkspace/nichecker/Experiment/remarks2.1_LA/svp_simple_015/_mt_svp_simple_015_001_result/_cs_svp_simple_015_001_global_var1_rwr_mt_svp_simple_015_001.c line 198 function main_task_0 thread 0
----------------------------------------------------
  __cs_local_main_task_y=0 (00000000000000000000000000000000)

State 68 file /home/dell/zyworkspace/nichecker/Experiment/remarks2.1_LA/svp_simple_015/_mt_svp_simple_015_001_result/_cs_svp_simple_015_001_global_var1_rwr_mt_svp_simple_015_001.c line 204 function main_task_0 thread 0
----------------------------------------------------
  __cs_local_main_task_p=0 (00000000000000000000000000000000)

State 70 file /home/dell/zyworkspace/nichecker/Experiment/remarks2.1_LA/svp_simple_015/_mt_svp_simple_015_001_result/_cs_svp_simple_015_001_global_var1_rwr_mt_svp_simple_015_001.c line 213 function main_task_0 thread 0
----------------------------------------------------
  __cs_temporary_0=0 (00000000000000000000000000000000)

State 71 file /home/dell/zyworkspace/nichecker/Experiment/remarks2.1_LA/svp_simple_015/_mt_svp_simple_015_001_result/_cs_svp_simple_015_001_global_var1_rwr_mt_svp_simple_015_001.c line 215 function main_task_0 thread 0
----------------------------------------------------
  rwr_r1=0 (00000000000000000000000000000000)

State 73 file /home/dell/zyworkspace/nichecker/Experiment/remarks2.1_LA/svp_simple_015/_mt_svp_simple_015_001_result/_cs_svp_simple_015_001_global_var1_rwr_mt_svp_simple_015_001.c line 219 function main_task_0 thread 0
----------------------------------------------------
  rwr_tmp1_num=1 (00000000000000000000000000000001)

State 74 file /home/dell/zyworkspace/nichecker/Experiment/remarks2.1_LA/svp_simple_015/_mt_svp_simple_015_001_result/_cs_svp_simple_015_001_global_var1_rwr_mt_svp_simple_015_001.c line 220 function main_task_0 thread 0
----------------------------------------------------
  rwr_tmp1=0 (00000000000000000000000000000000)

State 79 file /home/dell/zyworkspace/nichecker/Experiment/remarks2.1_LA/svp_simple_015/_mt_svp_simple_015_001_result/_cs_svp_simple_015_001_global_var1_rwr_mt_svp_simple_015_001.c line 266 function main_task_0 thread 0
----------------------------------------------------
  __cs_value_ptr=NULL (0000000000000000000000000000000000000000000000000000000000000000)

State 84 file /home/dell/zyworkspace/nichecker/Experiment/remarks2.1_LA/svp_simple_015/_mt_svp_simple_015_001_result/_cs_svp_simple_015_001_global_var1_rwr_mt_svp_simple_015_001.c line 415 function main thread 0
----------------------------------------------------
  __cs_pc[1l]=2 (010)

State 85 file /home/dell/zyworkspace/nichecker/Experiment/remarks2.1_LA/svp_simple_015/_mt_svp_simple_015_001_result/_cs_svp_simple_015_001_global_var1_rwr_mt_svp_simple_015_001.c line 421 function main thread 0
----------------------------------------------------
  __cs_tmp_t2_r0=1 (1)

State 87 file /home/dell/zyworkspace/nichecker/Experiment/remarks2.1_LA/svp_simple_015/_mt_svp_simple_015_001_result/_cs_svp_simple_015_001_global_var1_rwr_mt_svp_simple_015_001.c line 426 function main thread 0
----------------------------------------------------
  __cs_thread_index=2 (10)

State 88 file /home/dell/zyworkspace/nichecker/Experiment/remarks2.1_LA/svp_simple_015/_mt_svp_simple_015_001_result/_cs_svp_simple_015_001_global_var1_rwr_mt_svp_simple_015_001.c line 428 function main thread 0
----------------------------------------------------
  __cs_pc_cs[2l]=1 (001)

State 93 file /home/dell/zyworkspace/nichecker/Experiment/remarks2.1_LA/svp_simple_015/_mt_svp_simple_015_001_result/_cs_svp_simple_015_001_global_var1_rwr_mt_svp_simple_015_001.c line 434 function main thread 0
----------------------------------------------------
  __cs_param_svp_simple_015_001_isr_1_arg=NULL (0000000000000000000000000000000000000000000000000000000000000000)

State 95 file /home/dell/zyworkspace/nichecker/Experiment/remarks2.1_LA/svp_simple_015/_mt_svp_simple_015_001_result/_cs_svp_simple_015_001_global_var1_rwr_mt_svp_simple_015_001.c line 279 function svp_simple_015_001_isr_1_0 thread 0
----------------------------------------------------
  __cs_local_svp_simple_015_001_isr_1_i=0 (00000000000000000000000000000000)

State 96 file /home/dell/zyworkspace/nichecker/Experiment/remarks2.1_LA/svp_simple_015/_mt_svp_simple_015_001_result/_cs_svp_simple_015_001_global_var1_rwr_mt_svp_simple_015_001.c line 281 function svp_simple_015_001_isr_1_0 thread 0
----------------------------------------------------
  __cs_local_svp_simple_015_001_isr_1_i=0 (00000000000000000000000000000000)

State 97 file /home/dell/zyworkspace/nichecker/Experiment/remarks2.1_LA/svp_simple_015/_mt_svp_simple_015_001_result/_cs_svp_simple_015_001_global_var1_rwr_mt_svp_simple_015_001.c line 288 function svp_simple_015_001_isr_1_0 thread 0
----------------------------------------------------
  __cs_local_svp_simple_015_001_isr_1_t_1=0 (00000000000000000000000000000000)

State 99 file /home/dell/zyworkspace/nichecker/Experiment/remarks2.1_LA/svp_simple_015/_mt_svp_simple_015_001_result/_cs_svp_simple_015_001_global_var1_rwr_mt_svp_simple_015_001.c line 303 function svp_simple_015_001_isr_1_0 thread 0
----------------------------------------------------
  __cs_local_svp_simple_015_001_isr_1_loop_1_IOVar1=0 (00000000000000000000000000000000)

State 100 file /home/dell/zyworkspace/nichecker/Experiment/remarks2.1_LA/svp_simple_015/_mt_svp_simple_015_001_result/_cs_svp_simple_015_001_global_var1_rwr_mt_svp_simple_015_001.c line 305 function svp_simple_015_001_isr_1_0 thread 0
----------------------------------------------------
  __cs_local_svp_simple_015_001_isr_1_loop_1_block_1=100 (00000000000000000000000001100100)

State 101 file /home/dell/zyworkspace/nichecker/Experiment/remarks2.1_LA/svp_simple_015/_mt_svp_simple_015_001_result/_cs_svp_simple_015_001_global_var1_rwr_mt_svp_simple_015_001.c line 307 function svp_simple_015_001_isr_1_0 thread 0
----------------------------------------------------
  __cs_local_svp_simple_015_001_isr_1_i=100 (00000000000000000000000001100100)

State 104 file /home/dell/zyworkspace/nichecker/Experiment/remarks2.1_LA/svp_simple_015/_mt_svp_simple_015_001_result/_cs_svp_simple_015_001_global_var1_rwr_mt_svp_simple_015_001.c line 318 function svp_simple_015_001_isr_1_0 thread 0
----------------------------------------------------
  __cs_local_svp_simple_015_001_isr_1_i=101 (00000000000000000000000001100101)

State 105 file /home/dell/zyworkspace/nichecker/Experiment/remarks2.1_LA/svp_simple_015/_mt_svp_simple_015_001_result/_cs_svp_simple_015_001_global_var1_rwr_mt_svp_simple_015_001.c line 323 function svp_simple_015_001_isr_1_0 thread 0
----------------------------------------------------
  __cs_local_svp_simple_015_001_isr_1_t_1=1 (00000000000000000000000000000001)

State 110 file /home/dell/zyworkspace/nichecker/Experiment/remarks2.1_LA/svp_simple_015/_mt_svp_simple_015_001_result/_cs_svp_simple_015_001_global_var1_rwr_mt_svp_simple_015_001.c line 376 function svp_simple_015_001_isr_1_0 thread 0
----------------------------------------------------
  svp_simple_015_001_global_var1=5 (00000000000000000000000000000101)

State 111 file /home/dell/zyworkspace/nichecker/Experiment/remarks2.1_LA/svp_simple_015/_mt_svp_simple_015_001_result/_cs_svp_simple_015_001_global_var1_rwr_mt_svp_simple_015_001.c line 378 function svp_simple_015_001_isr_1_0 thread 0
----------------------------------------------------
  svp_simple_015_001_global_var2=5 (00000000000000000000000000000101)

State 115 file /home/dell/zyworkspace/nichecker/Experiment/remarks2.1_LA/svp_simple_015/_mt_svp_simple_015_001_result/_cs_svp_simple_015_001_global_var1_rwr_mt_svp_simple_015_001.c line 389 function svp_simple_015_001_isr_1_0 thread 0
----------------------------------------------------
  __cs_value_ptr=NULL (0000000000000000000000000000000000000000000000000000000000000000)

State 120 file /home/dell/zyworkspace/nichecker/Experiment/remarks2.1_LA/svp_simple_015/_mt_svp_simple_015_001_result/_cs_svp_simple_015_001_global_var1_rwr_mt_svp_simple_015_001.c line 436 function main thread 0
----------------------------------------------------
  __cs_pc[2l]=1 (001)

State 121 file /home/dell/zyworkspace/nichecker/Experiment/remarks2.1_LA/svp_simple_015/_mt_svp_simple_015_001_result/_cs_svp_simple_015_001_global_var1_rwr_mt_svp_simple_015_001.c line 446 function main thread 0
----------------------------------------------------
  __cs_tmp_t1_r1=4 (100)

State 123 file /home/dell/zyworkspace/nichecker/Experiment/remarks2.1_LA/svp_simple_015/_mt_svp_simple_015_001_result/_cs_svp_simple_015_001_global_var1_rwr_mt_svp_simple_015_001.c line 451 function main thread 0
----------------------------------------------------
  __cs_thread_index=1 (01)

State 124 file /home/dell/zyworkspace/nichecker/Experiment/remarks2.1_LA/svp_simple_015/_mt_svp_simple_015_001_result/_cs_svp_simple_015_001_global_var1_rwr_mt_svp_simple_015_001.c line 453 function main thread 0
----------------------------------------------------
  __cs_pc_cs[1l]=4 (100)

State 129 file /home/dell/zyworkspace/nichecker/Experiment/remarks2.1_LA/svp_simple_015/_mt_svp_simple_015_001_result/_cs_svp_simple_015_001_global_var1_rwr_mt_svp_simple_015_001.c line 459 function main thread 0
----------------------------------------------------
  __cs_param_main_task_arg=NULL (0000000000000000000000000000000000000000000000000000000000000000)

State 133 file /home/dell/zyworkspace/nichecker/Experiment/remarks2.1_LA/svp_simple_015/_mt_svp_simple_015_001_result/_cs_svp_simple_015_001_global_var1_rwr_mt_svp_simple_015_001.c line 228 function main_task_0 thread 0
----------------------------------------------------
  __cs_temporary_1=5 (00000000000000000000000000000101)

State 134 file /home/dell/zyworkspace/nichecker/Experiment/remarks2.1_LA/svp_simple_015/_mt_svp_simple_015_001_result/_cs_svp_simple_015_001_global_var1_rwr_mt_svp_simple_015_001.c line 230 function main_task_0 thread 0
----------------------------------------------------
  rwr_r2=5 (00000000000000000000000000000101)

Violated property:
  file /home/dell/zyworkspace/nichecker/Experiment/remarks2.1_LA/svp_simple_015/_mt_svp_simple_015_001_result/_cs_svp_simple_015_001_global_var1_rwr_mt_svp_simple_015_001.c line 232 function main_task_0
  assertion rwr_r2 == rwr_tmp1
  rwr_r2 == rwr_tmp1


** 1 of 2 failed (2 iterations)
VERIFICATION FAILED
