CBMC version 5.6 64-bit x86_64 linux
Parsing /home/dell/zyworkspace/nichecker/Experiment/remarks2.1/svp_simple_017/_mt_svp_simple_017_001_result/_cs_svp_simple_017_001_global_var_rwr_mt_svp_simple_017_001.c
<command-line>: warning: "__STDC_VERSION__" redefined
<built-in>: note: this is the location of the previous definition
Converting
Type-checking _cs_svp_simple_017_001_global_var_rwr_mt_svp_simple_017_001
file /home/dell/zyworkspace/nichecker/Experiment/remarks2.1/svp_simple_017/_mt_svp_simple_017_001_result/_cs_svp_simple_017_001_global_var_rwr_mt_svp_simple_017_001.c line 230 function main_task_0: function `assert' is not declared
Generating GOTO Program
Adding CPROVER library (x86_64)
Removal of function pointers and virtual functions
Partial Inlining
Generic Property Instrumentation
Starting Bounded Model Checking
**** WARNING: no body for function enable_isr
size of program expression: 921 steps
simple slicing removed 52 assignments
Generated 20 VCC(s), 17 remaining after simplification
Passing problem to propositional reduction
converting SSA
Running propositional reduction
Post-processing
Solving with MiniSAT 2.2.1 with simplifier
10296 variables, 53092 clauses
SAT checker: instance is SATISFIABLE
Solving with MiniSAT 2.2.1 with simplifier
10296 variables, 12657 clauses
SAT checker: instance is SATISFIABLE
Solving with MiniSAT 2.2.1 with simplifier
10296 variables, 12657 clauses
SAT checker: instance is UNSATISFIABLE
Runtime decision procedure: 0.081s

** Results:
[main_task_0.assertion.1] assertion rwr_r1 == rwr_tmp1: SUCCESS
[main_task_0.assertion.2] assertion rwr_r2 == rwr_tmp1: SUCCESS
[main_task_0.assertion.3] assertion rwr_r3 == rwr_tmp1: SUCCESS
[main_task_0.assertion.4] assertion rwr_r4 == rwr_tmp1: FAILURE
[main_task_0.assertion.5] assertion rwr_r5 == rwr_tmp1: SUCCESS
[main_task_0.assertion.6] assertion rwr_r6 == rwr_tmp1: SUCCESS
[main_task_0.assertion.7] assertion rwr_r7 == rwr_tmp1: SUCCESS
[main_task_0.assertion.8] assertion rwr_r8 == rwr_tmp1: FAILURE
[main_task_0.assertion.9] assertion rwr_r9 == rwr_tmp1: SUCCESS

Trace for main_task_0.assertion.4:

State 54 file /home/dell/zyworkspace/nichecker/Experiment/remarks2.1/svp_simple_017/_mt_svp_simple_017_001_result/_cs_svp_simple_017_001_global_var_rwr_mt_svp_simple_017_001.c line 482 function main thread 0
----------------------------------------------------
  __cs_tmp_t1_r0=4 (0100)

State 56 file /home/dell/zyworkspace/nichecker/Experiment/remarks2.1/svp_simple_017/_mt_svp_simple_017_001_result/_cs_svp_simple_017_001_global_var_rwr_mt_svp_simple_017_001.c line 486 function main thread 0
----------------------------------------------------
  __cs_thread_index=1 (01)

State 57 file /home/dell/zyworkspace/nichecker/Experiment/remarks2.1/svp_simple_017/_mt_svp_simple_017_001_result/_cs_svp_simple_017_001_global_var_rwr_mt_svp_simple_017_001.c line 488 function main thread 0
----------------------------------------------------
  __cs_pc_cs[1l]=4 (0100)

State 62 file /home/dell/zyworkspace/nichecker/Experiment/remarks2.1/svp_simple_017/_mt_svp_simple_017_001_result/_cs_svp_simple_017_001_global_var_rwr_mt_svp_simple_017_001.c line 494 function main thread 0
----------------------------------------------------
  __cs_param_main_task_arg=NULL (0000000000000000000000000000000000000000000000000000000000000000)

State 67 file /home/dell/zyworkspace/nichecker/Experiment/remarks2.1/svp_simple_017/_mt_svp_simple_017_001_result/_cs_svp_simple_017_001_global_var_rwr_mt_svp_simple_017_001.c line 189 function main_task_0 thread 0
----------------------------------------------------
  __cs_disable_thread[2l]=0 (0)

State 68 file /home/dell/zyworkspace/nichecker/Experiment/remarks2.1/svp_simple_017/_mt_svp_simple_017_001_result/_cs_svp_simple_017_001_global_var_rwr_mt_svp_simple_017_001.c line 192 function main_task_0 thread 0
----------------------------------------------------
  __cs_disable_thread[0l]=0 (0)

State 70 file /home/dell/zyworkspace/nichecker/Experiment/remarks2.1/svp_simple_017/_mt_svp_simple_017_001_result/_cs_svp_simple_017_001_global_var_rwr_mt_svp_simple_017_001.c line 203 function main_task_0 thread 0
----------------------------------------------------
  __cs_local_main_task_i=0 (00000000000000000000000000000000)

State 71 file /home/dell/zyworkspace/nichecker/Experiment/remarks2.1/svp_simple_017/_mt_svp_simple_017_001_result/_cs_svp_simple_017_001_global_var_rwr_mt_svp_simple_017_001.c line 205 function main_task_0 thread 0
----------------------------------------------------
  svp_simple_017_001_global_var=0 (00000000000000000000000000000000)

State 72 file /home/dell/zyworkspace/nichecker/Experiment/remarks2.1/svp_simple_017/_mt_svp_simple_017_001_result/_cs_svp_simple_017_001_global_var_rwr_mt_svp_simple_017_001.c line 213 function main_task_0 thread 0
----------------------------------------------------
  __cs_local_main_task_t=0 (00000000000000000000000000000000)

State 74 file /home/dell/zyworkspace/nichecker/Experiment/remarks2.1/svp_simple_017/_mt_svp_simple_017_001_result/_cs_svp_simple_017_001_global_var_rwr_mt_svp_simple_017_001.c line 228 function main_task_0 thread 0
----------------------------------------------------
  rwr_r1=0 (00000000000000000000000000000000)

State 76 file /home/dell/zyworkspace/nichecker/Experiment/remarks2.1/svp_simple_017/_mt_svp_simple_017_001_result/_cs_svp_simple_017_001_global_var_rwr_mt_svp_simple_017_001.c line 232 function main_task_0 thread 0
----------------------------------------------------
  rwr_tmp1_num=1 (00000000000000000000000000000001)

State 77 file /home/dell/zyworkspace/nichecker/Experiment/remarks2.1/svp_simple_017/_mt_svp_simple_017_001_result/_cs_svp_simple_017_001_global_var_rwr_mt_svp_simple_017_001.c line 233 function main_task_0 thread 0
----------------------------------------------------
  rwr_tmp1=0 (00000000000000000000000000000000)

State 78 file /home/dell/zyworkspace/nichecker/Experiment/remarks2.1/svp_simple_017/_mt_svp_simple_017_001_result/_cs_svp_simple_017_001_global_var_rwr_mt_svp_simple_017_001.c line 239 function main_task_0 thread 0
----------------------------------------------------
  __cs_local_main_task_loop_1_IOVar1=0 (00000000000000000000000000000000)

State 79 file /home/dell/zyworkspace/nichecker/Experiment/remarks2.1/svp_simple_017/_mt_svp_simple_017_001_result/_cs_svp_simple_017_001_global_var_rwr_mt_svp_simple_017_001.c line 241 function main_task_0 thread 0
----------------------------------------------------
  rwr_r2=0 (00000000000000000000000000000000)

State 81 file /home/dell/zyworkspace/nichecker/Experiment/remarks2.1/svp_simple_017/_mt_svp_simple_017_001_result/_cs_svp_simple_017_001_global_var_rwr_mt_svp_simple_017_001.c line 245 function main_task_0 thread 0
----------------------------------------------------
  rwr_tmp1_num=2 (00000000000000000000000000000010)

State 82 file /home/dell/zyworkspace/nichecker/Experiment/remarks2.1/svp_simple_017/_mt_svp_simple_017_001_result/_cs_svp_simple_017_001_global_var_rwr_mt_svp_simple_017_001.c line 246 function main_task_0 thread 0
----------------------------------------------------
  rwr_tmp1=0 (00000000000000000000000000000000)

State 84 file /home/dell/zyworkspace/nichecker/Experiment/remarks2.1/svp_simple_017/_mt_svp_simple_017_001_result/_cs_svp_simple_017_001_global_var_rwr_mt_svp_simple_017_001.c line 252 function main_task_0 thread 0
----------------------------------------------------
  __cs_local_main_task_loop_1_block_2=0 (00000000000000000000000000000000)

State 85 file /home/dell/zyworkspace/nichecker/Experiment/remarks2.1/svp_simple_017/_mt_svp_simple_017_001_result/_cs_svp_simple_017_001_global_var_rwr_mt_svp_simple_017_001.c line 254 function main_task_0 thread 0
----------------------------------------------------
  svp_simple_017_001_global_var=0 (00000000000000000000000000000000)

State 86 file /home/dell/zyworkspace/nichecker/Experiment/remarks2.1/svp_simple_017/_mt_svp_simple_017_001_result/_cs_svp_simple_017_001_global_var_rwr_mt_svp_simple_017_001.c line 256 function main_task_0 thread 0
----------------------------------------------------
  rwr_tmp1_num=0 (00000000000000000000000000000000)

State 92 file /home/dell/zyworkspace/nichecker/Experiment/remarks2.1/svp_simple_017/_mt_svp_simple_017_001_result/_cs_svp_simple_017_001_global_var_rwr_mt_svp_simple_017_001.c line 267 function main_task_0 thread 0
----------------------------------------------------
  __cs_local_main_task_i=1 (00000000000000000000000000000001)

State 93 file /home/dell/zyworkspace/nichecker/Experiment/remarks2.1/svp_simple_017/_mt_svp_simple_017_001_result/_cs_svp_simple_017_001_global_var_rwr_mt_svp_simple_017_001.c line 267 function main_task_0 thread 0
----------------------------------------------------
  svp_simple_017_001_local_array[0l]=0 (00000000000000000000000000000000)

State 94 file /home/dell/zyworkspace/nichecker/Experiment/remarks2.1/svp_simple_017/_mt_svp_simple_017_001_result/_cs_svp_simple_017_001_global_var_rwr_mt_svp_simple_017_001.c line 269 function main_task_0 thread 0
----------------------------------------------------
  rwr_r3=0 (00000000000000000000000000000000)

State 96 file /home/dell/zyworkspace/nichecker/Experiment/remarks2.1/svp_simple_017/_mt_svp_simple_017_001_result/_cs_svp_simple_017_001_global_var_rwr_mt_svp_simple_017_001.c line 273 function main_task_0 thread 0
----------------------------------------------------
  rwr_tmp1_num=1 (00000000000000000000000000000001)

State 97 file /home/dell/zyworkspace/nichecker/Experiment/remarks2.1/svp_simple_017/_mt_svp_simple_017_001_result/_cs_svp_simple_017_001_global_var_rwr_mt_svp_simple_017_001.c line 274 function main_task_0 thread 0
----------------------------------------------------
  rwr_tmp1=0 (00000000000000000000000000000000)

State 108 file /home/dell/zyworkspace/nichecker/Experiment/remarks2.1/svp_simple_017/_mt_svp_simple_017_001_result/_cs_svp_simple_017_001_global_var_rwr_mt_svp_simple_017_001.c line 442 function main_task_0 thread 0
----------------------------------------------------
  __cs_value_ptr=NULL (0000000000000000000000000000000000000000000000000000000000000000)

State 113 file /home/dell/zyworkspace/nichecker/Experiment/remarks2.1/svp_simple_017/_mt_svp_simple_017_001_result/_cs_svp_simple_017_001_global_var_rwr_mt_svp_simple_017_001.c line 496 function main thread 0
----------------------------------------------------
  __cs_pc[1l]=4 (0100)

State 114 file /home/dell/zyworkspace/nichecker/Experiment/remarks2.1/svp_simple_017/_mt_svp_simple_017_001_result/_cs_svp_simple_017_001_global_var_rwr_mt_svp_simple_017_001.c line 502 function main thread 0
----------------------------------------------------
  __cs_tmp_t2_r0=1 (1)

State 116 file /home/dell/zyworkspace/nichecker/Experiment/remarks2.1/svp_simple_017/_mt_svp_simple_017_001_result/_cs_svp_simple_017_001_global_var_rwr_mt_svp_simple_017_001.c line 507 function main thread 0
----------------------------------------------------
  __cs_thread_index=2 (10)

State 117 file /home/dell/zyworkspace/nichecker/Experiment/remarks2.1/svp_simple_017/_mt_svp_simple_017_001_result/_cs_svp_simple_017_001_global_var_rwr_mt_svp_simple_017_001.c line 509 function main thread 0
----------------------------------------------------
  __cs_pc_cs[2l]=1 (0001)

State 122 file /home/dell/zyworkspace/nichecker/Experiment/remarks2.1/svp_simple_017/_mt_svp_simple_017_001_result/_cs_svp_simple_017_001_global_var_rwr_mt_svp_simple_017_001.c line 515 function main thread 0
----------------------------------------------------
  __cs_param_svp_simple_017_001_isr_1_arg=NULL (0000000000000000000000000000000000000000000000000000000000000000)

State 124 file /home/dell/zyworkspace/nichecker/Experiment/remarks2.1/svp_simple_017/_mt_svp_simple_017_001_result/_cs_svp_simple_017_001_global_var_rwr_mt_svp_simple_017_001.c line 455 function svp_simple_017_001_isr_1_0 thread 0
----------------------------------------------------
  __cs_local_svp_simple_017_001_isr_1_i=0 (00000000000000000000000000000000)

State 125 file /home/dell/zyworkspace/nichecker/Experiment/remarks2.1/svp_simple_017/_mt_svp_simple_017_001_result/_cs_svp_simple_017_001_global_var_rwr_mt_svp_simple_017_001.c line 459 function svp_simple_017_001_isr_1_0 thread 0
----------------------------------------------------
  svp_simple_017_001_global_var=50 (00000000000000000000000000110010)

State 129 file /home/dell/zyworkspace/nichecker/Experiment/remarks2.1/svp_simple_017/_mt_svp_simple_017_001_result/_cs_svp_simple_017_001_global_var_rwr_mt_svp_simple_017_001.c line 470 function svp_simple_017_001_isr_1_0 thread 0
----------------------------------------------------
  __cs_value_ptr=NULL (0000000000000000000000000000000000000000000000000000000000000000)

State 134 file /home/dell/zyworkspace/nichecker/Experiment/remarks2.1/svp_simple_017/_mt_svp_simple_017_001_result/_cs_svp_simple_017_001_global_var_rwr_mt_svp_simple_017_001.c line 517 function main thread 0
----------------------------------------------------
  __cs_pc[2l]=1 (0001)

State 135 file /home/dell/zyworkspace/nichecker/Experiment/remarks2.1/svp_simple_017/_mt_svp_simple_017_001_result/_cs_svp_simple_017_001_global_var_rwr_mt_svp_simple_017_001.c line 527 function main thread 0
----------------------------------------------------
  __cs_tmp_t1_r1=4 (0100)

State 137 file /home/dell/zyworkspace/nichecker/Experiment/remarks2.1/svp_simple_017/_mt_svp_simple_017_001_result/_cs_svp_simple_017_001_global_var_rwr_mt_svp_simple_017_001.c line 532 function main thread 0
----------------------------------------------------
  __cs_thread_index=1 (01)

State 138 file /home/dell/zyworkspace/nichecker/Experiment/remarks2.1/svp_simple_017/_mt_svp_simple_017_001_result/_cs_svp_simple_017_001_global_var_rwr_mt_svp_simple_017_001.c line 534 function main thread 0
----------------------------------------------------
  __cs_pc_cs[1l]=4 (0100)

State 143 file /home/dell/zyworkspace/nichecker/Experiment/remarks2.1/svp_simple_017/_mt_svp_simple_017_001_result/_cs_svp_simple_017_001_global_var_rwr_mt_svp_simple_017_001.c line 540 function main thread 0
----------------------------------------------------
  __cs_param_main_task_arg=NULL (0000000000000000000000000000000000000000000000000000000000000000)

State 158 file /home/dell/zyworkspace/nichecker/Experiment/remarks2.1/svp_simple_017/_mt_svp_simple_017_001_result/_cs_svp_simple_017_001_global_var_rwr_mt_svp_simple_017_001.c line 442 function main_task_0 thread 0
----------------------------------------------------
  __cs_value_ptr=NULL (0000000000000000000000000000000000000000000000000000000000000000)

State 163 file /home/dell/zyworkspace/nichecker/Experiment/remarks2.1/svp_simple_017/_mt_svp_simple_017_001_result/_cs_svp_simple_017_001_global_var_rwr_mt_svp_simple_017_001.c line 542 function main thread 0
----------------------------------------------------
  __cs_pc[1l]=4 (0100)

State 164 file /home/dell/zyworkspace/nichecker/Experiment/remarks2.1/svp_simple_017/_mt_svp_simple_017_001_result/_cs_svp_simple_017_001_global_var_rwr_mt_svp_simple_017_001.c line 548 function main thread 0
----------------------------------------------------
  __cs_tmp_t2_r1=1 (1)

State 166 file /home/dell/zyworkspace/nichecker/Experiment/remarks2.1/svp_simple_017/_mt_svp_simple_017_001_result/_cs_svp_simple_017_001_global_var_rwr_mt_svp_simple_017_001.c line 553 function main thread 0
----------------------------------------------------
  __cs_thread_index=2 (10)

State 167 file /home/dell/zyworkspace/nichecker/Experiment/remarks2.1/svp_simple_017/_mt_svp_simple_017_001_result/_cs_svp_simple_017_001_global_var_rwr_mt_svp_simple_017_001.c line 555 function main thread 0
----------------------------------------------------
  __cs_pc_cs[2l]=1 (0001)

State 172 file /home/dell/zyworkspace/nichecker/Experiment/remarks2.1/svp_simple_017/_mt_svp_simple_017_001_result/_cs_svp_simple_017_001_global_var_rwr_mt_svp_simple_017_001.c line 561 function main thread 0
----------------------------------------------------
  __cs_param_svp_simple_017_001_isr_1_arg=NULL (0000000000000000000000000000000000000000000000000000000000000000)

State 176 file /home/dell/zyworkspace/nichecker/Experiment/remarks2.1/svp_simple_017/_mt_svp_simple_017_001_result/_cs_svp_simple_017_001_global_var_rwr_mt_svp_simple_017_001.c line 470 function svp_simple_017_001_isr_1_0 thread 0
----------------------------------------------------
  __cs_value_ptr=NULL (0000000000000000000000000000000000000000000000000000000000000000)

State 181 file /home/dell/zyworkspace/nichecker/Experiment/remarks2.1/svp_simple_017/_mt_svp_simple_017_001_result/_cs_svp_simple_017_001_global_var_rwr_mt_svp_simple_017_001.c line 563 function main thread 0
----------------------------------------------------
  __cs_pc[2l]=1 (0001)

State 182 file /home/dell/zyworkspace/nichecker/Experiment/remarks2.1/svp_simple_017/_mt_svp_simple_017_001_result/_cs_svp_simple_017_001_global_var_rwr_mt_svp_simple_017_001.c line 567 function main thread 0
----------------------------------------------------
  __cs_tmp_t1_r2=8u (00000000000000000000000000001000)

State 184 file /home/dell/zyworkspace/nichecker/Experiment/remarks2.1/svp_simple_017/_mt_svp_simple_017_001_result/_cs_svp_simple_017_001_global_var_rwr_mt_svp_simple_017_001.c line 572 function main thread 0
----------------------------------------------------
  __cs_thread_index=1 (01)

State 185 file /home/dell/zyworkspace/nichecker/Experiment/remarks2.1/svp_simple_017/_mt_svp_simple_017_001_result/_cs_svp_simple_017_001_global_var_rwr_mt_svp_simple_017_001.c line 574 function main thread 0
----------------------------------------------------
  __cs_pc_cs[1l]=8 (1000)

State 190 file /home/dell/zyworkspace/nichecker/Experiment/remarks2.1/svp_simple_017/_mt_svp_simple_017_001_result/_cs_svp_simple_017_001_global_var_rwr_mt_svp_simple_017_001.c line 580 function main thread 0
----------------------------------------------------
  __cs_param_main_task_arg=NULL (0000000000000000000000000000000000000000000000000000000000000000)

State 196 file /home/dell/zyworkspace/nichecker/Experiment/remarks2.1/svp_simple_017/_mt_svp_simple_017_001_result/_cs_svp_simple_017_001_global_var_rwr_mt_svp_simple_017_001.c line 284 function main_task_0 thread 0
----------------------------------------------------
  __cs_temporary_0=0 (00000000000000000000000000000000)

State 197 file /home/dell/zyworkspace/nichecker/Experiment/remarks2.1/svp_simple_017/_mt_svp_simple_017_001_result/_cs_svp_simple_017_001_global_var_rwr_mt_svp_simple_017_001.c line 287 function main_task_0 thread 0
----------------------------------------------------
  __cs_temporary_0=51 (00000000000000000000000000110011)

State 198 file /home/dell/zyworkspace/nichecker/Experiment/remarks2.1/svp_simple_017/_mt_svp_simple_017_001_result/_cs_svp_simple_017_001_global_var_rwr_mt_svp_simple_017_001.c line 289 function main_task_0 thread 0
----------------------------------------------------
  rwr_r4=50 (00000000000000000000000000110010)

Violated property:
  file /home/dell/zyworkspace/nichecker/Experiment/remarks2.1/svp_simple_017/_mt_svp_simple_017_001_result/_cs_svp_simple_017_001_global_var_rwr_mt_svp_simple_017_001.c line 291 function main_task_0
  assertion rwr_r4 == rwr_tmp1
  rwr_r4 == rwr_tmp1


Trace for main_task_0.assertion.8:

State 54 file /home/dell/zyworkspace/nichecker/Experiment/remarks2.1/svp_simple_017/_mt_svp_simple_017_001_result/_cs_svp_simple_017_001_global_var_rwr_mt_svp_simple_017_001.c line 482 function main thread 0
----------------------------------------------------
  __cs_tmp_t1_r0=8 (1000)

State 56 file /home/dell/zyworkspace/nichecker/Experiment/remarks2.1/svp_simple_017/_mt_svp_simple_017_001_result/_cs_svp_simple_017_001_global_var_rwr_mt_svp_simple_017_001.c line 486 function main thread 0
----------------------------------------------------
  __cs_thread_index=1 (01)

State 57 file /home/dell/zyworkspace/nichecker/Experiment/remarks2.1/svp_simple_017/_mt_svp_simple_017_001_result/_cs_svp_simple_017_001_global_var_rwr_mt_svp_simple_017_001.c line 488 function main thread 0
----------------------------------------------------
  __cs_pc_cs[1l]=8 (1000)

State 62 file /home/dell/zyworkspace/nichecker/Experiment/remarks2.1/svp_simple_017/_mt_svp_simple_017_001_result/_cs_svp_simple_017_001_global_var_rwr_mt_svp_simple_017_001.c line 494 function main thread 0
----------------------------------------------------
  __cs_param_main_task_arg=NULL (0000000000000000000000000000000000000000000000000000000000000000)

State 67 file /home/dell/zyworkspace/nichecker/Experiment/remarks2.1/svp_simple_017/_mt_svp_simple_017_001_result/_cs_svp_simple_017_001_global_var_rwr_mt_svp_simple_017_001.c line 189 function main_task_0 thread 0
----------------------------------------------------
  __cs_disable_thread[2l]=0 (0)

State 68 file /home/dell/zyworkspace/nichecker/Experiment/remarks2.1/svp_simple_017/_mt_svp_simple_017_001_result/_cs_svp_simple_017_001_global_var_rwr_mt_svp_simple_017_001.c line 192 function main_task_0 thread 0
----------------------------------------------------
  __cs_disable_thread[0l]=0 (0)

State 70 file /home/dell/zyworkspace/nichecker/Experiment/remarks2.1/svp_simple_017/_mt_svp_simple_017_001_result/_cs_svp_simple_017_001_global_var_rwr_mt_svp_simple_017_001.c line 203 function main_task_0 thread 0
----------------------------------------------------
  __cs_local_main_task_i=0 (00000000000000000000000000000000)

State 71 file /home/dell/zyworkspace/nichecker/Experiment/remarks2.1/svp_simple_017/_mt_svp_simple_017_001_result/_cs_svp_simple_017_001_global_var_rwr_mt_svp_simple_017_001.c line 205 function main_task_0 thread 0
----------------------------------------------------
  svp_simple_017_001_global_var=0 (00000000000000000000000000000000)

State 72 file /home/dell/zyworkspace/nichecker/Experiment/remarks2.1/svp_simple_017/_mt_svp_simple_017_001_result/_cs_svp_simple_017_001_global_var_rwr_mt_svp_simple_017_001.c line 213 function main_task_0 thread 0
----------------------------------------------------
  __cs_local_main_task_t=0 (00000000000000000000000000000000)

State 74 file /home/dell/zyworkspace/nichecker/Experiment/remarks2.1/svp_simple_017/_mt_svp_simple_017_001_result/_cs_svp_simple_017_001_global_var_rwr_mt_svp_simple_017_001.c line 228 function main_task_0 thread 0
----------------------------------------------------
  rwr_r1=0 (00000000000000000000000000000000)

State 76 file /home/dell/zyworkspace/nichecker/Experiment/remarks2.1/svp_simple_017/_mt_svp_simple_017_001_result/_cs_svp_simple_017_001_global_var_rwr_mt_svp_simple_017_001.c line 232 function main_task_0 thread 0
----------------------------------------------------
  rwr_tmp1_num=1 (00000000000000000000000000000001)

State 77 file /home/dell/zyworkspace/nichecker/Experiment/remarks2.1/svp_simple_017/_mt_svp_simple_017_001_result/_cs_svp_simple_017_001_global_var_rwr_mt_svp_simple_017_001.c line 233 function main_task_0 thread 0
----------------------------------------------------
  rwr_tmp1=0 (00000000000000000000000000000000)

State 78 file /home/dell/zyworkspace/nichecker/Experiment/remarks2.1/svp_simple_017/_mt_svp_simple_017_001_result/_cs_svp_simple_017_001_global_var_rwr_mt_svp_simple_017_001.c line 239 function main_task_0 thread 0
----------------------------------------------------
  __cs_local_main_task_loop_1_IOVar1=0 (00000000000000000000000000000000)

State 79 file /home/dell/zyworkspace/nichecker/Experiment/remarks2.1/svp_simple_017/_mt_svp_simple_017_001_result/_cs_svp_simple_017_001_global_var_rwr_mt_svp_simple_017_001.c line 241 function main_task_0 thread 0
----------------------------------------------------
  rwr_r2=0 (00000000000000000000000000000000)

State 81 file /home/dell/zyworkspace/nichecker/Experiment/remarks2.1/svp_simple_017/_mt_svp_simple_017_001_result/_cs_svp_simple_017_001_global_var_rwr_mt_svp_simple_017_001.c line 245 function main_task_0 thread 0
----------------------------------------------------
  rwr_tmp1_num=2 (00000000000000000000000000000010)

State 82 file /home/dell/zyworkspace/nichecker/Experiment/remarks2.1/svp_simple_017/_mt_svp_simple_017_001_result/_cs_svp_simple_017_001_global_var_rwr_mt_svp_simple_017_001.c line 246 function main_task_0 thread 0
----------------------------------------------------
  rwr_tmp1=0 (00000000000000000000000000000000)

State 84 file /home/dell/zyworkspace/nichecker/Experiment/remarks2.1/svp_simple_017/_mt_svp_simple_017_001_result/_cs_svp_simple_017_001_global_var_rwr_mt_svp_simple_017_001.c line 252 function main_task_0 thread 0
----------------------------------------------------
  __cs_local_main_task_loop_1_block_2=85 (00000000000000000000000001010101)

State 85 file /home/dell/zyworkspace/nichecker/Experiment/remarks2.1/svp_simple_017/_mt_svp_simple_017_001_result/_cs_svp_simple_017_001_global_var_rwr_mt_svp_simple_017_001.c line 254 function main_task_0 thread 0
----------------------------------------------------
  svp_simple_017_001_global_var=85 (00000000000000000000000001010101)

State 86 file /home/dell/zyworkspace/nichecker/Experiment/remarks2.1/svp_simple_017/_mt_svp_simple_017_001_result/_cs_svp_simple_017_001_global_var_rwr_mt_svp_simple_017_001.c line 256 function main_task_0 thread 0
----------------------------------------------------
  rwr_tmp1_num=0 (00000000000000000000000000000000)

State 92 file /home/dell/zyworkspace/nichecker/Experiment/remarks2.1/svp_simple_017/_mt_svp_simple_017_001_result/_cs_svp_simple_017_001_global_var_rwr_mt_svp_simple_017_001.c line 267 function main_task_0 thread 0
----------------------------------------------------
  __cs_local_main_task_i=1 (00000000000000000000000000000001)

State 93 file /home/dell/zyworkspace/nichecker/Experiment/remarks2.1/svp_simple_017/_mt_svp_simple_017_001_result/_cs_svp_simple_017_001_global_var_rwr_mt_svp_simple_017_001.c line 267 function main_task_0 thread 0
----------------------------------------------------
  svp_simple_017_001_local_array[85l]=0 (00000000000000000000000000000000)

State 94 file /home/dell/zyworkspace/nichecker/Experiment/remarks2.1/svp_simple_017/_mt_svp_simple_017_001_result/_cs_svp_simple_017_001_global_var_rwr_mt_svp_simple_017_001.c line 269 function main_task_0 thread 0
----------------------------------------------------
  rwr_r3=85 (00000000000000000000000001010101)

State 96 file /home/dell/zyworkspace/nichecker/Experiment/remarks2.1/svp_simple_017/_mt_svp_simple_017_001_result/_cs_svp_simple_017_001_global_var_rwr_mt_svp_simple_017_001.c line 273 function main_task_0 thread 0
----------------------------------------------------
  rwr_tmp1_num=1 (00000000000000000000000000000001)

State 97 file /home/dell/zyworkspace/nichecker/Experiment/remarks2.1/svp_simple_017/_mt_svp_simple_017_001_result/_cs_svp_simple_017_001_global_var_rwr_mt_svp_simple_017_001.c line 274 function main_task_0 thread 0
----------------------------------------------------
  rwr_tmp1=85 (00000000000000000000000001010101)

State 99 file /home/dell/zyworkspace/nichecker/Experiment/remarks2.1/svp_simple_017/_mt_svp_simple_017_001_result/_cs_svp_simple_017_001_global_var_rwr_mt_svp_simple_017_001.c line 284 function main_task_0 thread 0
----------------------------------------------------
  __cs_temporary_0=0 (00000000000000000000000000000000)

State 100 file /home/dell/zyworkspace/nichecker/Experiment/remarks2.1/svp_simple_017/_mt_svp_simple_017_001_result/_cs_svp_simple_017_001_global_var_rwr_mt_svp_simple_017_001.c line 287 function main_task_0 thread 0
----------------------------------------------------
  __cs_temporary_0=86 (00000000000000000000000001010110)

State 101 file /home/dell/zyworkspace/nichecker/Experiment/remarks2.1/svp_simple_017/_mt_svp_simple_017_001_result/_cs_svp_simple_017_001_global_var_rwr_mt_svp_simple_017_001.c line 289 function main_task_0 thread 0
----------------------------------------------------
  rwr_r4=85 (00000000000000000000000001010101)

State 104 file /home/dell/zyworkspace/nichecker/Experiment/remarks2.1/svp_simple_017/_mt_svp_simple_017_001_result/_cs_svp_simple_017_001_global_var_rwr_mt_svp_simple_017_001.c line 293 function main_task_0 thread 0
----------------------------------------------------
  rwr_tmp1_num=2 (00000000000000000000000000000010)

State 105 file /home/dell/zyworkspace/nichecker/Experiment/remarks2.1/svp_simple_017/_mt_svp_simple_017_001_result/_cs_svp_simple_017_001_global_var_rwr_mt_svp_simple_017_001.c line 294 function main_task_0 thread 0
----------------------------------------------------
  rwr_tmp1=85 (00000000000000000000000001010101)

State 107 file /home/dell/zyworkspace/nichecker/Experiment/remarks2.1/svp_simple_017/_mt_svp_simple_017_001_result/_cs_svp_simple_017_001_global_var_rwr_mt_svp_simple_017_001.c line 299 function main_task_0 thread 0
----------------------------------------------------
  svp_simple_017_001_global_var=86 (00000000000000000000000001010110)

State 108 file /home/dell/zyworkspace/nichecker/Experiment/remarks2.1/svp_simple_017/_mt_svp_simple_017_001_result/_cs_svp_simple_017_001_global_var_rwr_mt_svp_simple_017_001.c line 301 function main_task_0 thread 0
----------------------------------------------------
  rwr_tmp1_num=0 (00000000000000000000000000000000)

State 109 file /home/dell/zyworkspace/nichecker/Experiment/remarks2.1/svp_simple_017/_mt_svp_simple_017_001_result/_cs_svp_simple_017_001_global_var_rwr_mt_svp_simple_017_001.c line 308 function main_task_0 thread 0
----------------------------------------------------
  __cs_local_main_task_t=1 (00000000000000000000000000000001)

State 111 file /home/dell/zyworkspace/nichecker/Experiment/remarks2.1/svp_simple_017/_mt_svp_simple_017_001_result/_cs_svp_simple_017_001_global_var_rwr_mt_svp_simple_017_001.c line 323 function main_task_0 thread 0
----------------------------------------------------
  rwr_r5=86 (00000000000000000000000001010110)

State 113 file /home/dell/zyworkspace/nichecker/Experiment/remarks2.1/svp_simple_017/_mt_svp_simple_017_001_result/_cs_svp_simple_017_001_global_var_rwr_mt_svp_simple_017_001.c line 327 function main_task_0 thread 0
----------------------------------------------------
  rwr_tmp1_num=1 (00000000000000000000000000000001)

State 114 file /home/dell/zyworkspace/nichecker/Experiment/remarks2.1/svp_simple_017/_mt_svp_simple_017_001_result/_cs_svp_simple_017_001_global_var_rwr_mt_svp_simple_017_001.c line 328 function main_task_0 thread 0
----------------------------------------------------
  rwr_tmp1=86 (00000000000000000000000001010110)

State 115 file /home/dell/zyworkspace/nichecker/Experiment/remarks2.1/svp_simple_017/_mt_svp_simple_017_001_result/_cs_svp_simple_017_001_global_var_rwr_mt_svp_simple_017_001.c line 334 function main_task_0 thread 0
----------------------------------------------------
  __cs_local_main_task_loop_1_IOVar1=86 (00000000000000000000000001010110)

State 116 file /home/dell/zyworkspace/nichecker/Experiment/remarks2.1/svp_simple_017/_mt_svp_simple_017_001_result/_cs_svp_simple_017_001_global_var_rwr_mt_svp_simple_017_001.c line 336 function main_task_0 thread 0
----------------------------------------------------
  rwr_r6=86 (00000000000000000000000001010110)

State 119 file /home/dell/zyworkspace/nichecker/Experiment/remarks2.1/svp_simple_017/_mt_svp_simple_017_001_result/_cs_svp_simple_017_001_global_var_rwr_mt_svp_simple_017_001.c line 340 function main_task_0 thread 0
----------------------------------------------------
  rwr_tmp1_num=2 (00000000000000000000000000000010)

State 120 file /home/dell/zyworkspace/nichecker/Experiment/remarks2.1/svp_simple_017/_mt_svp_simple_017_001_result/_cs_svp_simple_017_001_global_var_rwr_mt_svp_simple_017_001.c line 341 function main_task_0 thread 0
----------------------------------------------------
  rwr_tmp1=86 (00000000000000000000000001010110)

State 122 file /home/dell/zyworkspace/nichecker/Experiment/remarks2.1/svp_simple_017/_mt_svp_simple_017_001_result/_cs_svp_simple_017_001_global_var_rwr_mt_svp_simple_017_001.c line 347 function main_task_0 thread 0
----------------------------------------------------
  __cs_local_main_task_loop_1_block_2=10 (00000000000000000000000000001010)

State 123 file /home/dell/zyworkspace/nichecker/Experiment/remarks2.1/svp_simple_017/_mt_svp_simple_017_001_result/_cs_svp_simple_017_001_global_var_rwr_mt_svp_simple_017_001.c line 349 function main_task_0 thread 0
----------------------------------------------------
  svp_simple_017_001_global_var=96 (00000000000000000000000001100000)

State 124 file /home/dell/zyworkspace/nichecker/Experiment/remarks2.1/svp_simple_017/_mt_svp_simple_017_001_result/_cs_svp_simple_017_001_global_var_rwr_mt_svp_simple_017_001.c line 351 function main_task_0 thread 0
----------------------------------------------------
  rwr_tmp1_num=0 (00000000000000000000000000000000)

State 130 file /home/dell/zyworkspace/nichecker/Experiment/remarks2.1/svp_simple_017/_mt_svp_simple_017_001_result/_cs_svp_simple_017_001_global_var_rwr_mt_svp_simple_017_001.c line 362 function main_task_0 thread 0
----------------------------------------------------
  __cs_local_main_task_i=2 (00000000000000000000000000000010)

State 131 file /home/dell/zyworkspace/nichecker/Experiment/remarks2.1/svp_simple_017/_mt_svp_simple_017_001_result/_cs_svp_simple_017_001_global_var_rwr_mt_svp_simple_017_001.c line 362 function main_task_0 thread 0
----------------------------------------------------
  svp_simple_017_001_local_array[96l]=1 (00000000000000000000000000000001)

State 132 file /home/dell/zyworkspace/nichecker/Experiment/remarks2.1/svp_simple_017/_mt_svp_simple_017_001_result/_cs_svp_simple_017_001_global_var_rwr_mt_svp_simple_017_001.c line 364 function main_task_0 thread 0
----------------------------------------------------
  rwr_r7=96 (00000000000000000000000001100000)

State 134 file /home/dell/zyworkspace/nichecker/Experiment/remarks2.1/svp_simple_017/_mt_svp_simple_017_001_result/_cs_svp_simple_017_001_global_var_rwr_mt_svp_simple_017_001.c line 368 function main_task_0 thread 0
----------------------------------------------------
  rwr_tmp1_num=1 (00000000000000000000000000000001)

State 135 file /home/dell/zyworkspace/nichecker/Experiment/remarks2.1/svp_simple_017/_mt_svp_simple_017_001_result/_cs_svp_simple_017_001_global_var_rwr_mt_svp_simple_017_001.c line 369 function main_task_0 thread 0
----------------------------------------------------
  rwr_tmp1=96 (00000000000000000000000001100000)

State 142 file /home/dell/zyworkspace/nichecker/Experiment/remarks2.1/svp_simple_017/_mt_svp_simple_017_001_result/_cs_svp_simple_017_001_global_var_rwr_mt_svp_simple_017_001.c line 442 function main_task_0 thread 0
----------------------------------------------------
  __cs_value_ptr=NULL (0000000000000000000000000000000000000000000000000000000000000000)

State 147 file /home/dell/zyworkspace/nichecker/Experiment/remarks2.1/svp_simple_017/_mt_svp_simple_017_001_result/_cs_svp_simple_017_001_global_var_rwr_mt_svp_simple_017_001.c line 496 function main thread 0
----------------------------------------------------
  __cs_pc[1l]=8 (1000)

State 148 file /home/dell/zyworkspace/nichecker/Experiment/remarks2.1/svp_simple_017/_mt_svp_simple_017_001_result/_cs_svp_simple_017_001_global_var_rwr_mt_svp_simple_017_001.c line 502 function main thread 0
----------------------------------------------------
  __cs_tmp_t2_r0=1 (1)

State 150 file /home/dell/zyworkspace/nichecker/Experiment/remarks2.1/svp_simple_017/_mt_svp_simple_017_001_result/_cs_svp_simple_017_001_global_var_rwr_mt_svp_simple_017_001.c line 507 function main thread 0
----------------------------------------------------
  __cs_thread_index=2 (10)

State 151 file /home/dell/zyworkspace/nichecker/Experiment/remarks2.1/svp_simple_017/_mt_svp_simple_017_001_result/_cs_svp_simple_017_001_global_var_rwr_mt_svp_simple_017_001.c line 509 function main thread 0
----------------------------------------------------
  __cs_pc_cs[2l]=1 (0001)

State 156 file /home/dell/zyworkspace/nichecker/Experiment/remarks2.1/svp_simple_017/_mt_svp_simple_017_001_result/_cs_svp_simple_017_001_global_var_rwr_mt_svp_simple_017_001.c line 515 function main thread 0
----------------------------------------------------
  __cs_param_svp_simple_017_001_isr_1_arg=NULL (0000000000000000000000000000000000000000000000000000000000000000)

State 158 file /home/dell/zyworkspace/nichecker/Experiment/remarks2.1/svp_simple_017/_mt_svp_simple_017_001_result/_cs_svp_simple_017_001_global_var_rwr_mt_svp_simple_017_001.c line 455 function svp_simple_017_001_isr_1_0 thread 0
----------------------------------------------------
  __cs_local_svp_simple_017_001_isr_1_i=0 (00000000000000000000000000000000)

State 159 file /home/dell/zyworkspace/nichecker/Experiment/remarks2.1/svp_simple_017/_mt_svp_simple_017_001_result/_cs_svp_simple_017_001_global_var_rwr_mt_svp_simple_017_001.c line 459 function svp_simple_017_001_isr_1_0 thread 0
----------------------------------------------------
  svp_simple_017_001_global_var=50 (00000000000000000000000000110010)

State 163 file /home/dell/zyworkspace/nichecker/Experiment/remarks2.1/svp_simple_017/_mt_svp_simple_017_001_result/_cs_svp_simple_017_001_global_var_rwr_mt_svp_simple_017_001.c line 470 function svp_simple_017_001_isr_1_0 thread 0
----------------------------------------------------
  __cs_value_ptr=NULL (0000000000000000000000000000000000000000000000000000000000000000)

State 168 file /home/dell/zyworkspace/nichecker/Experiment/remarks2.1/svp_simple_017/_mt_svp_simple_017_001_result/_cs_svp_simple_017_001_global_var_rwr_mt_svp_simple_017_001.c line 517 function main thread 0
----------------------------------------------------
  __cs_pc[2l]=1 (0001)

State 169 file /home/dell/zyworkspace/nichecker/Experiment/remarks2.1/svp_simple_017/_mt_svp_simple_017_001_result/_cs_svp_simple_017_001_global_var_rwr_mt_svp_simple_017_001.c line 527 function main thread 0
----------------------------------------------------
  __cs_tmp_t1_r1=10 (1010)

State 171 file /home/dell/zyworkspace/nichecker/Experiment/remarks2.1/svp_simple_017/_mt_svp_simple_017_001_result/_cs_svp_simple_017_001_global_var_rwr_mt_svp_simple_017_001.c line 532 function main thread 0
----------------------------------------------------
  __cs_thread_index=1 (01)

State 172 file /home/dell/zyworkspace/nichecker/Experiment/remarks2.1/svp_simple_017/_mt_svp_simple_017_001_result/_cs_svp_simple_017_001_global_var_rwr_mt_svp_simple_017_001.c line 534 function main thread 0
----------------------------------------------------
  __cs_pc_cs[1l]=10 (1010)

State 177 file /home/dell/zyworkspace/nichecker/Experiment/remarks2.1/svp_simple_017/_mt_svp_simple_017_001_result/_cs_svp_simple_017_001_global_var_rwr_mt_svp_simple_017_001.c line 540 function main thread 0
----------------------------------------------------
  __cs_param_main_task_arg=NULL (0000000000000000000000000000000000000000000000000000000000000000)

State 187 file /home/dell/zyworkspace/nichecker/Experiment/remarks2.1/svp_simple_017/_mt_svp_simple_017_001_result/_cs_svp_simple_017_001_global_var_rwr_mt_svp_simple_017_001.c line 379 function main_task_0 thread 0
----------------------------------------------------
  __cs_temporary_1=0 (00000000000000000000000000000000)

State 188 file /home/dell/zyworkspace/nichecker/Experiment/remarks2.1/svp_simple_017/_mt_svp_simple_017_001_result/_cs_svp_simple_017_001_global_var_rwr_mt_svp_simple_017_001.c line 382 function main_task_0 thread 0
----------------------------------------------------
  __cs_temporary_1=51 (00000000000000000000000000110011)

State 189 file /home/dell/zyworkspace/nichecker/Experiment/remarks2.1/svp_simple_017/_mt_svp_simple_017_001_result/_cs_svp_simple_017_001_global_var_rwr_mt_svp_simple_017_001.c line 384 function main_task_0 thread 0
----------------------------------------------------
  rwr_r8=50 (00000000000000000000000000110010)

Violated property:
  file /home/dell/zyworkspace/nichecker/Experiment/remarks2.1/svp_simple_017/_mt_svp_simple_017_001_result/_cs_svp_simple_017_001_global_var_rwr_mt_svp_simple_017_001.c line 386 function main_task_0
  assertion rwr_r8 == rwr_tmp1
  rwr_r8 == rwr_tmp1


** 2 of 9 failed (3 iterations)
VERIFICATION FAILED
