CBMC version 5.6 64-bit x86_64 linux
Parsing /home/dell/zyworkspace/nichecker/Experiment/remarks2.1_LA/svp_simple_017/_mt_svp_simple_017_001_result/_cs_svp_simple_017_001_global_var_rww_mt_svp_simple_017_001.c
<command-line>: warning: "__STDC_VERSION__" redefined
<built-in>: note: this is the location of the previous definition
Converting
Type-checking _cs_svp_simple_017_001_global_var_rww_mt_svp_simple_017_001
file /home/dell/zyworkspace/nichecker/Experiment/remarks2.1_LA/svp_simple_017/_mt_svp_simple_017_001_result/_cs_svp_simple_017_001_global_var_rww_mt_svp_simple_017_001.c line 248 function main_task_0: function `assert' is not declared
Generating GOTO Program
Adding CPROVER library (x86_64)
Removal of function pointers and virtual functions
Partial Inlining
Generic Property Instrumentation
Starting Bounded Model Checking
**** WARNING: no body for function enable_isr
size of program expression: 986 steps
simple slicing removed 42 assignments
Generated 12 VCC(s), 11 remaining after simplification
Passing problem to propositional reduction
converting SSA
Running propositional reduction
Post-processing
Solving with MiniSAT 2.2.1 with simplifier
11753 variables, 58324 clauses
SAT checker: instance is SATISFIABLE
Solving with MiniSAT 2.2.1 with simplifier
11753 variables, 16941 clauses
SAT checker: instance is SATISFIABLE
Solving with MiniSAT 2.2.1 with simplifier
11753 variables, 16941 clauses
SAT checker: instance is SATISFIABLE
Solving with MiniSAT 2.2.1 with simplifier
11753 variables, 16940 clauses
SAT checker: instance is SATISFIABLE
Runtime decision procedure: 0.107s

** Results:
[main_task_0.assertion.1] assertion rww_w1 == rww_r_tmp1: FAILURE
[main_task_0.assertion.2] assertion rww_w2 == rww_r_tmp1: FAILURE
[main_task_0.assertion.3] assertion rww_w3 == rww_r_tmp1: FAILURE
[main_task_0.assertion.4] assertion rww_w4 == rww_r_tmp1: FAILURE

Trace for main_task_0.assertion.1:

State 53 file /home/dell/zyworkspace/nichecker/Experiment/remarks2.1_LA/svp_simple_017/_mt_svp_simple_017_001_result/_cs_svp_simple_017_001_global_var_rww_mt_svp_simple_017_001.c line 566 function main thread 0
----------------------------------------------------
  __cs_tmp_t1_r0=2 (00010)

State 55 file /home/dell/zyworkspace/nichecker/Experiment/remarks2.1_LA/svp_simple_017/_mt_svp_simple_017_001_result/_cs_svp_simple_017_001_global_var_rww_mt_svp_simple_017_001.c line 570 function main thread 0
----------------------------------------------------
  __cs_thread_index=1 (01)

State 56 file /home/dell/zyworkspace/nichecker/Experiment/remarks2.1_LA/svp_simple_017/_mt_svp_simple_017_001_result/_cs_svp_simple_017_001_global_var_rww_mt_svp_simple_017_001.c line 572 function main thread 0
----------------------------------------------------
  __cs_pc_cs[1l]=2 (00010)

State 61 file /home/dell/zyworkspace/nichecker/Experiment/remarks2.1_LA/svp_simple_017/_mt_svp_simple_017_001_result/_cs_svp_simple_017_001_global_var_rww_mt_svp_simple_017_001.c line 578 function main thread 0
----------------------------------------------------
  __cs_param_main_task_arg=NULL (0000000000000000000000000000000000000000000000000000000000000000)

State 66 file /home/dell/zyworkspace/nichecker/Experiment/remarks2.1_LA/svp_simple_017/_mt_svp_simple_017_001_result/_cs_svp_simple_017_001_global_var_rww_mt_svp_simple_017_001.c line 184 function main_task_0 thread 0
----------------------------------------------------
  __cs_disable_thread[2l]=0 (0)

State 67 file /home/dell/zyworkspace/nichecker/Experiment/remarks2.1_LA/svp_simple_017/_mt_svp_simple_017_001_result/_cs_svp_simple_017_001_global_var_rww_mt_svp_simple_017_001.c line 187 function main_task_0 thread 0
----------------------------------------------------
  __cs_disable_thread[0l]=0 (0)

State 68 file /home/dell/zyworkspace/nichecker/Experiment/remarks2.1_LA/svp_simple_017/_mt_svp_simple_017_001_result/_cs_svp_simple_017_001_global_var_rww_mt_svp_simple_017_001.c line 196 function main_task_0 thread 0
----------------------------------------------------
  __cs_local_main_task_i=0 (00000000000000000000000000000000)

State 70 file /home/dell/zyworkspace/nichecker/Experiment/remarks2.1_LA/svp_simple_017/_mt_svp_simple_017_001_result/_cs_svp_simple_017_001_global_var_rww_mt_svp_simple_017_001.c line 200 function main_task_0 thread 0
----------------------------------------------------
  svp_simple_017_001_global_var=0 (00000000000000000000000000000000)

State 71 file /home/dell/zyworkspace/nichecker/Experiment/remarks2.1_LA/svp_simple_017/_mt_svp_simple_017_001_result/_cs_svp_simple_017_001_global_var_rww_mt_svp_simple_017_001.c line 208 function main_task_0 thread 0
----------------------------------------------------
  __cs_local_main_task_t_1=0 (00000000000000000000000000000000)

State 91 file /home/dell/zyworkspace/nichecker/Experiment/remarks2.1_LA/svp_simple_017/_mt_svp_simple_017_001_result/_cs_svp_simple_017_001_global_var_rww_mt_svp_simple_017_001.c line 431 function main_task_0 thread 0
----------------------------------------------------
  __cs_value_ptr=NULL (0000000000000000000000000000000000000000000000000000000000000000)

State 96 file /home/dell/zyworkspace/nichecker/Experiment/remarks2.1_LA/svp_simple_017/_mt_svp_simple_017_001_result/_cs_svp_simple_017_001_global_var_rww_mt_svp_simple_017_001.c line 580 function main thread 0
----------------------------------------------------
  __cs_pc[1l]=2 (00010)

State 97 file /home/dell/zyworkspace/nichecker/Experiment/remarks2.1_LA/svp_simple_017/_mt_svp_simple_017_001_result/_cs_svp_simple_017_001_global_var_rww_mt_svp_simple_017_001.c line 586 function main thread 0
----------------------------------------------------
  __cs_tmp_t2_r0=0 (0)

State 99 file /home/dell/zyworkspace/nichecker/Experiment/remarks2.1_LA/svp_simple_017/_mt_svp_simple_017_001_result/_cs_svp_simple_017_001_global_var_rww_mt_svp_simple_017_001.c line 591 function main thread 0
----------------------------------------------------
  __cs_thread_index=2 (10)

State 100 file /home/dell/zyworkspace/nichecker/Experiment/remarks2.1_LA/svp_simple_017/_mt_svp_simple_017_001_result/_cs_svp_simple_017_001_global_var_rww_mt_svp_simple_017_001.c line 593 function main thread 0
----------------------------------------------------
  __cs_pc_cs[2l]=0 (00000)

State 105 file /home/dell/zyworkspace/nichecker/Experiment/remarks2.1_LA/svp_simple_017/_mt_svp_simple_017_001_result/_cs_svp_simple_017_001_global_var_rww_mt_svp_simple_017_001.c line 599 function main thread 0
----------------------------------------------------
  __cs_param_svp_simple_017_001_isr_1_arg=NULL (0000000000000000000000000000000000000000000000000000000000000000)

State 109 file /home/dell/zyworkspace/nichecker/Experiment/remarks2.1_LA/svp_simple_017/_mt_svp_simple_017_001_result/_cs_svp_simple_017_001_global_var_rww_mt_svp_simple_017_001.c line 554 function svp_simple_017_001_isr_1_0 thread 0
----------------------------------------------------
  __cs_value_ptr=NULL (0000000000000000000000000000000000000000000000000000000000000000)

State 114 file /home/dell/zyworkspace/nichecker/Experiment/remarks2.1_LA/svp_simple_017/_mt_svp_simple_017_001_result/_cs_svp_simple_017_001_global_var_rww_mt_svp_simple_017_001.c line 601 function main thread 0
----------------------------------------------------
  __cs_pc[2l]=0 (00000)

State 115 file /home/dell/zyworkspace/nichecker/Experiment/remarks2.1_LA/svp_simple_017/_mt_svp_simple_017_001_result/_cs_svp_simple_017_001_global_var_rww_mt_svp_simple_017_001.c line 611 function main thread 0
----------------------------------------------------
  __cs_tmp_t1_r1=4 (00100)

State 117 file /home/dell/zyworkspace/nichecker/Experiment/remarks2.1_LA/svp_simple_017/_mt_svp_simple_017_001_result/_cs_svp_simple_017_001_global_var_rww_mt_svp_simple_017_001.c line 616 function main thread 0
----------------------------------------------------
  __cs_thread_index=1 (01)

State 118 file /home/dell/zyworkspace/nichecker/Experiment/remarks2.1_LA/svp_simple_017/_mt_svp_simple_017_001_result/_cs_svp_simple_017_001_global_var_rww_mt_svp_simple_017_001.c line 618 function main thread 0
----------------------------------------------------
  __cs_pc_cs[1l]=4 (00100)

State 123 file /home/dell/zyworkspace/nichecker/Experiment/remarks2.1_LA/svp_simple_017/_mt_svp_simple_017_001_result/_cs_svp_simple_017_001_global_var_rww_mt_svp_simple_017_001.c line 624 function main thread 0
----------------------------------------------------
  __cs_param_main_task_arg=NULL (0000000000000000000000000000000000000000000000000000000000000000)

State 128 file /home/dell/zyworkspace/nichecker/Experiment/remarks2.1_LA/svp_simple_017/_mt_svp_simple_017_001_result/_cs_svp_simple_017_001_global_var_rww_mt_svp_simple_017_001.c line 225 function main_task_0 thread 0
----------------------------------------------------
  rww_r_tmp1_num=1 (00000000000000000000000000000001)

State 129 file /home/dell/zyworkspace/nichecker/Experiment/remarks2.1_LA/svp_simple_017/_mt_svp_simple_017_001_result/_cs_svp_simple_017_001_global_var_rww_mt_svp_simple_017_001.c line 226 function main_task_0 thread 0
----------------------------------------------------
  rww_r_tmp1=0 (00000000000000000000000000000000)

State 131 file /home/dell/zyworkspace/nichecker/Experiment/remarks2.1_LA/svp_simple_017/_mt_svp_simple_017_001_result/_cs_svp_simple_017_001_global_var_rww_mt_svp_simple_017_001.c line 234 function main_task_0 thread 0
----------------------------------------------------
  __cs_local_main_task_loop_1_IOVar1=0 (00000000000000000000000000000000)

State 132 file /home/dell/zyworkspace/nichecker/Experiment/remarks2.1_LA/svp_simple_017/_mt_svp_simple_017_001_result/_cs_svp_simple_017_001_global_var_rww_mt_svp_simple_017_001.c line 236 function main_task_0 thread 0
----------------------------------------------------
  rww_r_tmp1_num=2 (00000000000000000000000000000010)

State 133 file /home/dell/zyworkspace/nichecker/Experiment/remarks2.1_LA/svp_simple_017/_mt_svp_simple_017_001_result/_cs_svp_simple_017_001_global_var_rww_mt_svp_simple_017_001.c line 237 function main_task_0 thread 0
----------------------------------------------------
  rww_r_tmp1=0 (00000000000000000000000000000000)

State 134 file /home/dell/zyworkspace/nichecker/Experiment/remarks2.1_LA/svp_simple_017/_mt_svp_simple_017_001_result/_cs_svp_simple_017_001_global_var_rww_mt_svp_simple_017_001.c line 241 function main_task_0 thread 0
----------------------------------------------------
  __cs_local_main_task_loop_1_block_2=-2147483630 (10000000000000000000000000010010)

State 152 file /home/dell/zyworkspace/nichecker/Experiment/remarks2.1_LA/svp_simple_017/_mt_svp_simple_017_001_result/_cs_svp_simple_017_001_global_var_rww_mt_svp_simple_017_001.c line 431 function main_task_0 thread 0
----------------------------------------------------
  __cs_value_ptr=NULL (0000000000000000000000000000000000000000000000000000000000000000)

State 157 file /home/dell/zyworkspace/nichecker/Experiment/remarks2.1_LA/svp_simple_017/_mt_svp_simple_017_001_result/_cs_svp_simple_017_001_global_var_rww_mt_svp_simple_017_001.c line 626 function main thread 0
----------------------------------------------------
  __cs_pc[1l]=4 (00100)

State 158 file /home/dell/zyworkspace/nichecker/Experiment/remarks2.1_LA/svp_simple_017/_mt_svp_simple_017_001_result/_cs_svp_simple_017_001_global_var_rww_mt_svp_simple_017_001.c line 632 function main thread 0
----------------------------------------------------
  __cs_tmp_t2_r1=1 (1)

State 160 file /home/dell/zyworkspace/nichecker/Experiment/remarks2.1_LA/svp_simple_017/_mt_svp_simple_017_001_result/_cs_svp_simple_017_001_global_var_rww_mt_svp_simple_017_001.c line 637 function main thread 0
----------------------------------------------------
  __cs_thread_index=2 (10)

State 161 file /home/dell/zyworkspace/nichecker/Experiment/remarks2.1_LA/svp_simple_017/_mt_svp_simple_017_001_result/_cs_svp_simple_017_001_global_var_rww_mt_svp_simple_017_001.c line 639 function main thread 0
----------------------------------------------------
  __cs_pc_cs[2l]=1 (00001)

State 166 file /home/dell/zyworkspace/nichecker/Experiment/remarks2.1_LA/svp_simple_017/_mt_svp_simple_017_001_result/_cs_svp_simple_017_001_global_var_rww_mt_svp_simple_017_001.c line 645 function main thread 0
----------------------------------------------------
  __cs_param_svp_simple_017_001_isr_1_arg=NULL (0000000000000000000000000000000000000000000000000000000000000000)

State 168 file /home/dell/zyworkspace/nichecker/Experiment/remarks2.1_LA/svp_simple_017/_mt_svp_simple_017_001_result/_cs_svp_simple_017_001_global_var_rww_mt_svp_simple_017_001.c line 444 function svp_simple_017_001_isr_1_0 thread 0
----------------------------------------------------
  __cs_local_svp_simple_017_001_isr_1_i=0 (00000000000000000000000000000000)

State 169 file /home/dell/zyworkspace/nichecker/Experiment/remarks2.1_LA/svp_simple_017/_mt_svp_simple_017_001_result/_cs_svp_simple_017_001_global_var_rww_mt_svp_simple_017_001.c line 446 function svp_simple_017_001_isr_1_0 thread 0
----------------------------------------------------
  __cs_local_svp_simple_017_001_isr_1_i=0 (00000000000000000000000000000000)

State 170 file /home/dell/zyworkspace/nichecker/Experiment/remarks2.1_LA/svp_simple_017/_mt_svp_simple_017_001_result/_cs_svp_simple_017_001_global_var_rww_mt_svp_simple_017_001.c line 453 function svp_simple_017_001_isr_1_0 thread 0
----------------------------------------------------
  __cs_local_svp_simple_017_001_isr_1_t_2=0 (00000000000000000000000000000000)

State 172 file /home/dell/zyworkspace/nichecker/Experiment/remarks2.1_LA/svp_simple_017/_mt_svp_simple_017_001_result/_cs_svp_simple_017_001_global_var_rww_mt_svp_simple_017_001.c line 468 function svp_simple_017_001_isr_1_0 thread 0
----------------------------------------------------
  __cs_local_svp_simple_017_001_isr_1_loop_2_IOVar1=0 (00000000000000000000000000000000)

State 173 file /home/dell/zyworkspace/nichecker/Experiment/remarks2.1_LA/svp_simple_017/_mt_svp_simple_017_001_result/_cs_svp_simple_017_001_global_var_rww_mt_svp_simple_017_001.c line 470 function svp_simple_017_001_isr_1_0 thread 0
----------------------------------------------------
  __cs_local_svp_simple_017_001_isr_1_loop_2_block_1=100 (00000000000000000000000001100100)

State 174 file /home/dell/zyworkspace/nichecker/Experiment/remarks2.1_LA/svp_simple_017/_mt_svp_simple_017_001_result/_cs_svp_simple_017_001_global_var_rww_mt_svp_simple_017_001.c line 472 function svp_simple_017_001_isr_1_0 thread 0
----------------------------------------------------
  __cs_local_svp_simple_017_001_isr_1_i=100 (00000000000000000000000001100100)

State 177 file /home/dell/zyworkspace/nichecker/Experiment/remarks2.1_LA/svp_simple_017/_mt_svp_simple_017_001_result/_cs_svp_simple_017_001_global_var_rww_mt_svp_simple_017_001.c line 483 function svp_simple_017_001_isr_1_0 thread 0
----------------------------------------------------
  __cs_local_svp_simple_017_001_isr_1_i=101 (00000000000000000000000001100101)

State 178 file /home/dell/zyworkspace/nichecker/Experiment/remarks2.1_LA/svp_simple_017/_mt_svp_simple_017_001_result/_cs_svp_simple_017_001_global_var_rww_mt_svp_simple_017_001.c line 488 function svp_simple_017_001_isr_1_0 thread 0
----------------------------------------------------
  __cs_local_svp_simple_017_001_isr_1_t_2=1 (00000000000000000000000000000001)

State 183 file /home/dell/zyworkspace/nichecker/Experiment/remarks2.1_LA/svp_simple_017/_mt_svp_simple_017_001_result/_cs_svp_simple_017_001_global_var_rww_mt_svp_simple_017_001.c line 541 function svp_simple_017_001_isr_1_0 thread 0
----------------------------------------------------
  svp_simple_017_001_global_var=50 (00000000000000000000000000110010)

State 184 file /home/dell/zyworkspace/nichecker/Experiment/remarks2.1_LA/svp_simple_017/_mt_svp_simple_017_001_result/_cs_svp_simple_017_001_global_var_rww_mt_svp_simple_017_001.c line 543 function svp_simple_017_001_isr_1_0 thread 0
----------------------------------------------------
  svp_simple_017_001_local_array[50l]=0 (00000000000000000000000000000000)

State 188 file /home/dell/zyworkspace/nichecker/Experiment/remarks2.1_LA/svp_simple_017/_mt_svp_simple_017_001_result/_cs_svp_simple_017_001_global_var_rww_mt_svp_simple_017_001.c line 554 function svp_simple_017_001_isr_1_0 thread 0
----------------------------------------------------
  __cs_value_ptr=NULL (0000000000000000000000000000000000000000000000000000000000000000)

State 193 file /home/dell/zyworkspace/nichecker/Experiment/remarks2.1_LA/svp_simple_017/_mt_svp_simple_017_001_result/_cs_svp_simple_017_001_global_var_rww_mt_svp_simple_017_001.c line 647 function main thread 0
----------------------------------------------------
  __cs_pc[2l]=1 (00001)

State 194 file /home/dell/zyworkspace/nichecker/Experiment/remarks2.1_LA/svp_simple_017/_mt_svp_simple_017_001_result/_cs_svp_simple_017_001_global_var_rww_mt_svp_simple_017_001.c line 651 function main thread 0
----------------------------------------------------
  __cs_tmp_t1_r2=8u (00000000000000000000000000001000)

State 196 file /home/dell/zyworkspace/nichecker/Experiment/remarks2.1_LA/svp_simple_017/_mt_svp_simple_017_001_result/_cs_svp_simple_017_001_global_var_rww_mt_svp_simple_017_001.c line 656 function main thread 0
----------------------------------------------------
  __cs_thread_index=1 (01)

State 197 file /home/dell/zyworkspace/nichecker/Experiment/remarks2.1_LA/svp_simple_017/_mt_svp_simple_017_001_result/_cs_svp_simple_017_001_global_var_rww_mt_svp_simple_017_001.c line 658 function main thread 0
----------------------------------------------------
  __cs_pc_cs[1l]=8 (01000)

State 202 file /home/dell/zyworkspace/nichecker/Experiment/remarks2.1_LA/svp_simple_017/_mt_svp_simple_017_001_result/_cs_svp_simple_017_001_global_var_rww_mt_svp_simple_017_001.c line 664 function main thread 0
----------------------------------------------------
  __cs_param_main_task_arg=NULL (0000000000000000000000000000000000000000000000000000000000000000)

State 208 file /home/dell/zyworkspace/nichecker/Experiment/remarks2.1_LA/svp_simple_017/_mt_svp_simple_017_001_result/_cs_svp_simple_017_001_global_var_rww_mt_svp_simple_017_001.c line 246 function main_task_0 thread 0
----------------------------------------------------
  rww_w1=50 (00000000000000000000000000110010)

Violated property:
  file /home/dell/zyworkspace/nichecker/Experiment/remarks2.1_LA/svp_simple_017/_mt_svp_simple_017_001_result/_cs_svp_simple_017_001_global_var_rww_mt_svp_simple_017_001.c line 248 function main_task_0
  assertion rww_w1 == rww_r_tmp1
  rww_w1 == rww_r_tmp1


Trace for main_task_0.assertion.2:

State 53 file /home/dell/zyworkspace/nichecker/Experiment/remarks2.1_LA/svp_simple_017/_mt_svp_simple_017_001_result/_cs_svp_simple_017_001_global_var_rww_mt_svp_simple_017_001.c line 566 function main thread 0
----------------------------------------------------
  __cs_tmp_t1_r0=8 (01000)

State 55 file /home/dell/zyworkspace/nichecker/Experiment/remarks2.1_LA/svp_simple_017/_mt_svp_simple_017_001_result/_cs_svp_simple_017_001_global_var_rww_mt_svp_simple_017_001.c line 570 function main thread 0
----------------------------------------------------
  __cs_thread_index=1 (01)

State 56 file /home/dell/zyworkspace/nichecker/Experiment/remarks2.1_LA/svp_simple_017/_mt_svp_simple_017_001_result/_cs_svp_simple_017_001_global_var_rww_mt_svp_simple_017_001.c line 572 function main thread 0
----------------------------------------------------
  __cs_pc_cs[1l]=8 (01000)

State 61 file /home/dell/zyworkspace/nichecker/Experiment/remarks2.1_LA/svp_simple_017/_mt_svp_simple_017_001_result/_cs_svp_simple_017_001_global_var_rww_mt_svp_simple_017_001.c line 578 function main thread 0
----------------------------------------------------
  __cs_param_main_task_arg=NULL (0000000000000000000000000000000000000000000000000000000000000000)

State 66 file /home/dell/zyworkspace/nichecker/Experiment/remarks2.1_LA/svp_simple_017/_mt_svp_simple_017_001_result/_cs_svp_simple_017_001_global_var_rww_mt_svp_simple_017_001.c line 184 function main_task_0 thread 0
----------------------------------------------------
  __cs_disable_thread[2l]=0 (0)

State 67 file /home/dell/zyworkspace/nichecker/Experiment/remarks2.1_LA/svp_simple_017/_mt_svp_simple_017_001_result/_cs_svp_simple_017_001_global_var_rww_mt_svp_simple_017_001.c line 187 function main_task_0 thread 0
----------------------------------------------------
  __cs_disable_thread[0l]=0 (0)

State 68 file /home/dell/zyworkspace/nichecker/Experiment/remarks2.1_LA/svp_simple_017/_mt_svp_simple_017_001_result/_cs_svp_simple_017_001_global_var_rww_mt_svp_simple_017_001.c line 196 function main_task_0 thread 0
----------------------------------------------------
  __cs_local_main_task_i=0 (00000000000000000000000000000000)

State 70 file /home/dell/zyworkspace/nichecker/Experiment/remarks2.1_LA/svp_simple_017/_mt_svp_simple_017_001_result/_cs_svp_simple_017_001_global_var_rww_mt_svp_simple_017_001.c line 200 function main_task_0 thread 0
----------------------------------------------------
  svp_simple_017_001_global_var=0 (00000000000000000000000000000000)

State 71 file /home/dell/zyworkspace/nichecker/Experiment/remarks2.1_LA/svp_simple_017/_mt_svp_simple_017_001_result/_cs_svp_simple_017_001_global_var_rww_mt_svp_simple_017_001.c line 208 function main_task_0 thread 0
----------------------------------------------------
  __cs_local_main_task_t_1=0 (00000000000000000000000000000000)

State 74 file /home/dell/zyworkspace/nichecker/Experiment/remarks2.1_LA/svp_simple_017/_mt_svp_simple_017_001_result/_cs_svp_simple_017_001_global_var_rww_mt_svp_simple_017_001.c line 225 function main_task_0 thread 0
----------------------------------------------------
  rww_r_tmp1_num=1 (00000000000000000000000000000001)

State 75 file /home/dell/zyworkspace/nichecker/Experiment/remarks2.1_LA/svp_simple_017/_mt_svp_simple_017_001_result/_cs_svp_simple_017_001_global_var_rww_mt_svp_simple_017_001.c line 226 function main_task_0 thread 0
----------------------------------------------------
  rww_r_tmp1=0 (00000000000000000000000000000000)

State 77 file /home/dell/zyworkspace/nichecker/Experiment/remarks2.1_LA/svp_simple_017/_mt_svp_simple_017_001_result/_cs_svp_simple_017_001_global_var_rww_mt_svp_simple_017_001.c line 234 function main_task_0 thread 0
----------------------------------------------------
  __cs_local_main_task_loop_1_IOVar1=0 (00000000000000000000000000000000)

State 78 file /home/dell/zyworkspace/nichecker/Experiment/remarks2.1_LA/svp_simple_017/_mt_svp_simple_017_001_result/_cs_svp_simple_017_001_global_var_rww_mt_svp_simple_017_001.c line 236 function main_task_0 thread 0
----------------------------------------------------
  rww_r_tmp1_num=2 (00000000000000000000000000000010)

State 79 file /home/dell/zyworkspace/nichecker/Experiment/remarks2.1_LA/svp_simple_017/_mt_svp_simple_017_001_result/_cs_svp_simple_017_001_global_var_rww_mt_svp_simple_017_001.c line 237 function main_task_0 thread 0
----------------------------------------------------
  rww_r_tmp1=0 (00000000000000000000000000000000)

State 80 file /home/dell/zyworkspace/nichecker/Experiment/remarks2.1_LA/svp_simple_017/_mt_svp_simple_017_001_result/_cs_svp_simple_017_001_global_var_rww_mt_svp_simple_017_001.c line 241 function main_task_0 thread 0
----------------------------------------------------
  __cs_local_main_task_loop_1_block_2=18 (00000000000000000000000000010010)

State 82 file /home/dell/zyworkspace/nichecker/Experiment/remarks2.1_LA/svp_simple_017/_mt_svp_simple_017_001_result/_cs_svp_simple_017_001_global_var_rww_mt_svp_simple_017_001.c line 246 function main_task_0 thread 0
----------------------------------------------------
  rww_w1=0 (00000000000000000000000000000000)

State 84 file /home/dell/zyworkspace/nichecker/Experiment/remarks2.1_LA/svp_simple_017/_mt_svp_simple_017_001_result/_cs_svp_simple_017_001_global_var_rww_mt_svp_simple_017_001.c line 249 function main_task_0 thread 0
----------------------------------------------------
  rww_r_tmp1_num=0 (00000000000000000000000000000000)

State 85 file /home/dell/zyworkspace/nichecker/Experiment/remarks2.1_LA/svp_simple_017/_mt_svp_simple_017_001_result/_cs_svp_simple_017_001_global_var_rww_mt_svp_simple_017_001.c line 252 function main_task_0 thread 0
----------------------------------------------------
  svp_simple_017_001_global_var=18 (00000000000000000000000000010010)

State 92 file /home/dell/zyworkspace/nichecker/Experiment/remarks2.1_LA/svp_simple_017/_mt_svp_simple_017_001_result/_cs_svp_simple_017_001_global_var_rww_mt_svp_simple_017_001.c line 264 function main_task_0 thread 0
----------------------------------------------------
  __cs_local_main_task_i=1 (00000000000000000000000000000001)

State 93 file /home/dell/zyworkspace/nichecker/Experiment/remarks2.1_LA/svp_simple_017/_mt_svp_simple_017_001_result/_cs_svp_simple_017_001_global_var_rww_mt_svp_simple_017_001.c line 264 function main_task_0 thread 0
----------------------------------------------------
  svp_simple_017_001_local_array[18l]=0 (00000000000000000000000000000000)

State 94 file /home/dell/zyworkspace/nichecker/Experiment/remarks2.1_LA/svp_simple_017/_mt_svp_simple_017_001_result/_cs_svp_simple_017_001_global_var_rww_mt_svp_simple_017_001.c line 266 function main_task_0 thread 0
----------------------------------------------------
  rww_r_tmp1_num=1 (00000000000000000000000000000001)

State 95 file /home/dell/zyworkspace/nichecker/Experiment/remarks2.1_LA/svp_simple_017/_mt_svp_simple_017_001_result/_cs_svp_simple_017_001_global_var_rww_mt_svp_simple_017_001.c line 267 function main_task_0 thread 0
----------------------------------------------------
  rww_r_tmp1=18 (00000000000000000000000000010010)

State 96 file /home/dell/zyworkspace/nichecker/Experiment/remarks2.1_LA/svp_simple_017/_mt_svp_simple_017_001_result/_cs_svp_simple_017_001_global_var_rww_mt_svp_simple_017_001.c line 275 function main_task_0 thread 0
----------------------------------------------------
  __cs_temporary_0=0 (00000000000000000000000000000000)

State 98 file /home/dell/zyworkspace/nichecker/Experiment/remarks2.1_LA/svp_simple_017/_mt_svp_simple_017_001_result/_cs_svp_simple_017_001_global_var_rww_mt_svp_simple_017_001.c line 280 function main_task_0 thread 0
----------------------------------------------------
  __cs_temporary_0=19 (00000000000000000000000000010011)

State 99 file /home/dell/zyworkspace/nichecker/Experiment/remarks2.1_LA/svp_simple_017/_mt_svp_simple_017_001_result/_cs_svp_simple_017_001_global_var_rww_mt_svp_simple_017_001.c line 282 function main_task_0 thread 0
----------------------------------------------------
  rww_r_tmp1_num=2 (00000000000000000000000000000010)

State 100 file /home/dell/zyworkspace/nichecker/Experiment/remarks2.1_LA/svp_simple_017/_mt_svp_simple_017_001_result/_cs_svp_simple_017_001_global_var_rww_mt_svp_simple_017_001.c line 283 function main_task_0 thread 0
----------------------------------------------------
  rww_r_tmp1=18 (00000000000000000000000000010010)

State 114 file /home/dell/zyworkspace/nichecker/Experiment/remarks2.1_LA/svp_simple_017/_mt_svp_simple_017_001_result/_cs_svp_simple_017_001_global_var_rww_mt_svp_simple_017_001.c line 431 function main_task_0 thread 0
----------------------------------------------------
  __cs_value_ptr=NULL (0000000000000000000000000000000000000000000000000000000000000000)

State 119 file /home/dell/zyworkspace/nichecker/Experiment/remarks2.1_LA/svp_simple_017/_mt_svp_simple_017_001_result/_cs_svp_simple_017_001_global_var_rww_mt_svp_simple_017_001.c line 580 function main thread 0
----------------------------------------------------
  __cs_pc[1l]=8 (01000)

State 120 file /home/dell/zyworkspace/nichecker/Experiment/remarks2.1_LA/svp_simple_017/_mt_svp_simple_017_001_result/_cs_svp_simple_017_001_global_var_rww_mt_svp_simple_017_001.c line 586 function main thread 0
----------------------------------------------------
  __cs_tmp_t2_r0=1 (1)

State 122 file /home/dell/zyworkspace/nichecker/Experiment/remarks2.1_LA/svp_simple_017/_mt_svp_simple_017_001_result/_cs_svp_simple_017_001_global_var_rww_mt_svp_simple_017_001.c line 591 function main thread 0
----------------------------------------------------
  __cs_thread_index=2 (10)

State 123 file /home/dell/zyworkspace/nichecker/Experiment/remarks2.1_LA/svp_simple_017/_mt_svp_simple_017_001_result/_cs_svp_simple_017_001_global_var_rww_mt_svp_simple_017_001.c line 593 function main thread 0
----------------------------------------------------
  __cs_pc_cs[2l]=1 (00001)

State 128 file /home/dell/zyworkspace/nichecker/Experiment/remarks2.1_LA/svp_simple_017/_mt_svp_simple_017_001_result/_cs_svp_simple_017_001_global_var_rww_mt_svp_simple_017_001.c line 599 function main thread 0
----------------------------------------------------
  __cs_param_svp_simple_017_001_isr_1_arg=NULL (0000000000000000000000000000000000000000000000000000000000000000)

State 130 file /home/dell/zyworkspace/nichecker/Experiment/remarks2.1_LA/svp_simple_017/_mt_svp_simple_017_001_result/_cs_svp_simple_017_001_global_var_rww_mt_svp_simple_017_001.c line 444 function svp_simple_017_001_isr_1_0 thread 0
----------------------------------------------------
  __cs_local_svp_simple_017_001_isr_1_i=0 (00000000000000000000000000000000)

State 131 file /home/dell/zyworkspace/nichecker/Experiment/remarks2.1_LA/svp_simple_017/_mt_svp_simple_017_001_result/_cs_svp_simple_017_001_global_var_rww_mt_svp_simple_017_001.c line 446 function svp_simple_017_001_isr_1_0 thread 0
----------------------------------------------------
  __cs_local_svp_simple_017_001_isr_1_i=0 (00000000000000000000000000000000)

State 132 file /home/dell/zyworkspace/nichecker/Experiment/remarks2.1_LA/svp_simple_017/_mt_svp_simple_017_001_result/_cs_svp_simple_017_001_global_var_rww_mt_svp_simple_017_001.c line 453 function svp_simple_017_001_isr_1_0 thread 0
----------------------------------------------------
  __cs_local_svp_simple_017_001_isr_1_t_2=0 (00000000000000000000000000000000)

State 134 file /home/dell/zyworkspace/nichecker/Experiment/remarks2.1_LA/svp_simple_017/_mt_svp_simple_017_001_result/_cs_svp_simple_017_001_global_var_rww_mt_svp_simple_017_001.c line 468 function svp_simple_017_001_isr_1_0 thread 0
----------------------------------------------------
  __cs_local_svp_simple_017_001_isr_1_loop_2_IOVar1=0 (00000000000000000000000000000000)

State 135 file /home/dell/zyworkspace/nichecker/Experiment/remarks2.1_LA/svp_simple_017/_mt_svp_simple_017_001_result/_cs_svp_simple_017_001_global_var_rww_mt_svp_simple_017_001.c line 470 function svp_simple_017_001_isr_1_0 thread 0
----------------------------------------------------
  __cs_local_svp_simple_017_001_isr_1_loop_2_block_1=100 (00000000000000000000000001100100)

State 136 file /home/dell/zyworkspace/nichecker/Experiment/remarks2.1_LA/svp_simple_017/_mt_svp_simple_017_001_result/_cs_svp_simple_017_001_global_var_rww_mt_svp_simple_017_001.c line 472 function svp_simple_017_001_isr_1_0 thread 0
----------------------------------------------------
  __cs_local_svp_simple_017_001_isr_1_i=100 (00000000000000000000000001100100)

State 139 file /home/dell/zyworkspace/nichecker/Experiment/remarks2.1_LA/svp_simple_017/_mt_svp_simple_017_001_result/_cs_svp_simple_017_001_global_var_rww_mt_svp_simple_017_001.c line 483 function svp_simple_017_001_isr_1_0 thread 0
----------------------------------------------------
  __cs_local_svp_simple_017_001_isr_1_i=101 (00000000000000000000000001100101)

State 140 file /home/dell/zyworkspace/nichecker/Experiment/remarks2.1_LA/svp_simple_017/_mt_svp_simple_017_001_result/_cs_svp_simple_017_001_global_var_rww_mt_svp_simple_017_001.c line 488 function svp_simple_017_001_isr_1_0 thread 0
----------------------------------------------------
  __cs_local_svp_simple_017_001_isr_1_t_2=1 (00000000000000000000000000000001)

State 145 file /home/dell/zyworkspace/nichecker/Experiment/remarks2.1_LA/svp_simple_017/_mt_svp_simple_017_001_result/_cs_svp_simple_017_001_global_var_rww_mt_svp_simple_017_001.c line 541 function svp_simple_017_001_isr_1_0 thread 0
----------------------------------------------------
  svp_simple_017_001_global_var=50 (00000000000000000000000000110010)

State 146 file /home/dell/zyworkspace/nichecker/Experiment/remarks2.1_LA/svp_simple_017/_mt_svp_simple_017_001_result/_cs_svp_simple_017_001_global_var_rww_mt_svp_simple_017_001.c line 543 function svp_simple_017_001_isr_1_0 thread 0
----------------------------------------------------
  svp_simple_017_001_local_array[50l]=0 (00000000000000000000000000000000)

State 150 file /home/dell/zyworkspace/nichecker/Experiment/remarks2.1_LA/svp_simple_017/_mt_svp_simple_017_001_result/_cs_svp_simple_017_001_global_var_rww_mt_svp_simple_017_001.c line 554 function svp_simple_017_001_isr_1_0 thread 0
----------------------------------------------------
  __cs_value_ptr=NULL (0000000000000000000000000000000000000000000000000000000000000000)

State 155 file /home/dell/zyworkspace/nichecker/Experiment/remarks2.1_LA/svp_simple_017/_mt_svp_simple_017_001_result/_cs_svp_simple_017_001_global_var_rww_mt_svp_simple_017_001.c line 601 function main thread 0
----------------------------------------------------
  __cs_pc[2l]=1 (00001)

State 156 file /home/dell/zyworkspace/nichecker/Experiment/remarks2.1_LA/svp_simple_017/_mt_svp_simple_017_001_result/_cs_svp_simple_017_001_global_var_rww_mt_svp_simple_017_001.c line 611 function main thread 0
----------------------------------------------------
  __cs_tmp_t1_r1=9 (01001)

State 158 file /home/dell/zyworkspace/nichecker/Experiment/remarks2.1_LA/svp_simple_017/_mt_svp_simple_017_001_result/_cs_svp_simple_017_001_global_var_rww_mt_svp_simple_017_001.c line 616 function main thread 0
----------------------------------------------------
  __cs_thread_index=1 (01)

State 159 file /home/dell/zyworkspace/nichecker/Experiment/remarks2.1_LA/svp_simple_017/_mt_svp_simple_017_001_result/_cs_svp_simple_017_001_global_var_rww_mt_svp_simple_017_001.c line 618 function main thread 0
----------------------------------------------------
  __cs_pc_cs[1l]=9 (01001)

State 164 file /home/dell/zyworkspace/nichecker/Experiment/remarks2.1_LA/svp_simple_017/_mt_svp_simple_017_001_result/_cs_svp_simple_017_001_global_var_rww_mt_svp_simple_017_001.c line 624 function main thread 0
----------------------------------------------------
  __cs_param_main_task_arg=NULL (0000000000000000000000000000000000000000000000000000000000000000)

State 174 file /home/dell/zyworkspace/nichecker/Experiment/remarks2.1_LA/svp_simple_017/_mt_svp_simple_017_001_result/_cs_svp_simple_017_001_global_var_rww_mt_svp_simple_017_001.c line 289 function main_task_0 thread 0
----------------------------------------------------
  rww_w2=50 (00000000000000000000000000110010)

Violated property:
  file /home/dell/zyworkspace/nichecker/Experiment/remarks2.1_LA/svp_simple_017/_mt_svp_simple_017_001_result/_cs_svp_simple_017_001_global_var_rww_mt_svp_simple_017_001.c line 291 function main_task_0
  assertion rww_w2 == rww_r_tmp1
  rww_w2 == rww_r_tmp1


Trace for main_task_0.assertion.3:

State 53 file /home/dell/zyworkspace/nichecker/Experiment/remarks2.1_LA/svp_simple_017/_mt_svp_simple_017_001_result/_cs_svp_simple_017_001_global_var_rww_mt_svp_simple_017_001.c line 566 function main thread 0
----------------------------------------------------
  __cs_tmp_t1_r0=11 (01011)

State 55 file /home/dell/zyworkspace/nichecker/Experiment/remarks2.1_LA/svp_simple_017/_mt_svp_simple_017_001_result/_cs_svp_simple_017_001_global_var_rww_mt_svp_simple_017_001.c line 570 function main thread 0
----------------------------------------------------
  __cs_thread_index=1 (01)

State 56 file /home/dell/zyworkspace/nichecker/Experiment/remarks2.1_LA/svp_simple_017/_mt_svp_simple_017_001_result/_cs_svp_simple_017_001_global_var_rww_mt_svp_simple_017_001.c line 572 function main thread 0
----------------------------------------------------
  __cs_pc_cs[1l]=11 (01011)

State 61 file /home/dell/zyworkspace/nichecker/Experiment/remarks2.1_LA/svp_simple_017/_mt_svp_simple_017_001_result/_cs_svp_simple_017_001_global_var_rww_mt_svp_simple_017_001.c line 578 function main thread 0
----------------------------------------------------
  __cs_param_main_task_arg=NULL (0000000000000000000000000000000000000000000000000000000000000000)

State 66 file /home/dell/zyworkspace/nichecker/Experiment/remarks2.1_LA/svp_simple_017/_mt_svp_simple_017_001_result/_cs_svp_simple_017_001_global_var_rww_mt_svp_simple_017_001.c line 184 function main_task_0 thread 0
----------------------------------------------------
  __cs_disable_thread[2l]=0 (0)

State 67 file /home/dell/zyworkspace/nichecker/Experiment/remarks2.1_LA/svp_simple_017/_mt_svp_simple_017_001_result/_cs_svp_simple_017_001_global_var_rww_mt_svp_simple_017_001.c line 187 function main_task_0 thread 0
----------------------------------------------------
  __cs_disable_thread[0l]=0 (0)

State 68 file /home/dell/zyworkspace/nichecker/Experiment/remarks2.1_LA/svp_simple_017/_mt_svp_simple_017_001_result/_cs_svp_simple_017_001_global_var_rww_mt_svp_simple_017_001.c line 196 function main_task_0 thread 0
----------------------------------------------------
  __cs_local_main_task_i=0 (00000000000000000000000000000000)

State 70 file /home/dell/zyworkspace/nichecker/Experiment/remarks2.1_LA/svp_simple_017/_mt_svp_simple_017_001_result/_cs_svp_simple_017_001_global_var_rww_mt_svp_simple_017_001.c line 200 function main_task_0 thread 0
----------------------------------------------------
  svp_simple_017_001_global_var=0 (00000000000000000000000000000000)

State 71 file /home/dell/zyworkspace/nichecker/Experiment/remarks2.1_LA/svp_simple_017/_mt_svp_simple_017_001_result/_cs_svp_simple_017_001_global_var_rww_mt_svp_simple_017_001.c line 208 function main_task_0 thread 0
----------------------------------------------------
  __cs_local_main_task_t_1=0 (00000000000000000000000000000000)

State 74 file /home/dell/zyworkspace/nichecker/Experiment/remarks2.1_LA/svp_simple_017/_mt_svp_simple_017_001_result/_cs_svp_simple_017_001_global_var_rww_mt_svp_simple_017_001.c line 225 function main_task_0 thread 0
----------------------------------------------------
  rww_r_tmp1_num=1 (00000000000000000000000000000001)

State 75 file /home/dell/zyworkspace/nichecker/Experiment/remarks2.1_LA/svp_simple_017/_mt_svp_simple_017_001_result/_cs_svp_simple_017_001_global_var_rww_mt_svp_simple_017_001.c line 226 function main_task_0 thread 0
----------------------------------------------------
  rww_r_tmp1=0 (00000000000000000000000000000000)

State 77 file /home/dell/zyworkspace/nichecker/Experiment/remarks2.1_LA/svp_simple_017/_mt_svp_simple_017_001_result/_cs_svp_simple_017_001_global_var_rww_mt_svp_simple_017_001.c line 234 function main_task_0 thread 0
----------------------------------------------------
  __cs_local_main_task_loop_1_IOVar1=0 (00000000000000000000000000000000)

State 78 file /home/dell/zyworkspace/nichecker/Experiment/remarks2.1_LA/svp_simple_017/_mt_svp_simple_017_001_result/_cs_svp_simple_017_001_global_var_rww_mt_svp_simple_017_001.c line 236 function main_task_0 thread 0
----------------------------------------------------
  rww_r_tmp1_num=2 (00000000000000000000000000000010)

State 79 file /home/dell/zyworkspace/nichecker/Experiment/remarks2.1_LA/svp_simple_017/_mt_svp_simple_017_001_result/_cs_svp_simple_017_001_global_var_rww_mt_svp_simple_017_001.c line 237 function main_task_0 thread 0
----------------------------------------------------
  rww_r_tmp1=0 (00000000000000000000000000000000)

State 80 file /home/dell/zyworkspace/nichecker/Experiment/remarks2.1_LA/svp_simple_017/_mt_svp_simple_017_001_result/_cs_svp_simple_017_001_global_var_rww_mt_svp_simple_017_001.c line 241 function main_task_0 thread 0
----------------------------------------------------
  __cs_local_main_task_loop_1_block_2=31 (00000000000000000000000000011111)

State 82 file /home/dell/zyworkspace/nichecker/Experiment/remarks2.1_LA/svp_simple_017/_mt_svp_simple_017_001_result/_cs_svp_simple_017_001_global_var_rww_mt_svp_simple_017_001.c line 246 function main_task_0 thread 0
----------------------------------------------------
  rww_w1=0 (00000000000000000000000000000000)

State 84 file /home/dell/zyworkspace/nichecker/Experiment/remarks2.1_LA/svp_simple_017/_mt_svp_simple_017_001_result/_cs_svp_simple_017_001_global_var_rww_mt_svp_simple_017_001.c line 249 function main_task_0 thread 0
----------------------------------------------------
  rww_r_tmp1_num=0 (00000000000000000000000000000000)

State 85 file /home/dell/zyworkspace/nichecker/Experiment/remarks2.1_LA/svp_simple_017/_mt_svp_simple_017_001_result/_cs_svp_simple_017_001_global_var_rww_mt_svp_simple_017_001.c line 252 function main_task_0 thread 0
----------------------------------------------------
  svp_simple_017_001_global_var=31 (00000000000000000000000000011111)

State 92 file /home/dell/zyworkspace/nichecker/Experiment/remarks2.1_LA/svp_simple_017/_mt_svp_simple_017_001_result/_cs_svp_simple_017_001_global_var_rww_mt_svp_simple_017_001.c line 264 function main_task_0 thread 0
----------------------------------------------------
  __cs_local_main_task_i=1 (00000000000000000000000000000001)

State 93 file /home/dell/zyworkspace/nichecker/Experiment/remarks2.1_LA/svp_simple_017/_mt_svp_simple_017_001_result/_cs_svp_simple_017_001_global_var_rww_mt_svp_simple_017_001.c line 264 function main_task_0 thread 0
----------------------------------------------------
  svp_simple_017_001_local_array[31l]=0 (00000000000000000000000000000000)

State 94 file /home/dell/zyworkspace/nichecker/Experiment/remarks2.1_LA/svp_simple_017/_mt_svp_simple_017_001_result/_cs_svp_simple_017_001_global_var_rww_mt_svp_simple_017_001.c line 266 function main_task_0 thread 0
----------------------------------------------------
  rww_r_tmp1_num=1 (00000000000000000000000000000001)

State 95 file /home/dell/zyworkspace/nichecker/Experiment/remarks2.1_LA/svp_simple_017/_mt_svp_simple_017_001_result/_cs_svp_simple_017_001_global_var_rww_mt_svp_simple_017_001.c line 267 function main_task_0 thread 0
----------------------------------------------------
  rww_r_tmp1=31 (00000000000000000000000000011111)

State 96 file /home/dell/zyworkspace/nichecker/Experiment/remarks2.1_LA/svp_simple_017/_mt_svp_simple_017_001_result/_cs_svp_simple_017_001_global_var_rww_mt_svp_simple_017_001.c line 275 function main_task_0 thread 0
----------------------------------------------------
  __cs_temporary_0=0 (00000000000000000000000000000000)

State 98 file /home/dell/zyworkspace/nichecker/Experiment/remarks2.1_LA/svp_simple_017/_mt_svp_simple_017_001_result/_cs_svp_simple_017_001_global_var_rww_mt_svp_simple_017_001.c line 280 function main_task_0 thread 0
----------------------------------------------------
  __cs_temporary_0=32 (00000000000000000000000000100000)

State 99 file /home/dell/zyworkspace/nichecker/Experiment/remarks2.1_LA/svp_simple_017/_mt_svp_simple_017_001_result/_cs_svp_simple_017_001_global_var_rww_mt_svp_simple_017_001.c line 282 function main_task_0 thread 0
----------------------------------------------------
  rww_r_tmp1_num=2 (00000000000000000000000000000010)

State 100 file /home/dell/zyworkspace/nichecker/Experiment/remarks2.1_LA/svp_simple_017/_mt_svp_simple_017_001_result/_cs_svp_simple_017_001_global_var_rww_mt_svp_simple_017_001.c line 283 function main_task_0 thread 0
----------------------------------------------------
  rww_r_tmp1=31 (00000000000000000000000000011111)

State 102 file /home/dell/zyworkspace/nichecker/Experiment/remarks2.1_LA/svp_simple_017/_mt_svp_simple_017_001_result/_cs_svp_simple_017_001_global_var_rww_mt_svp_simple_017_001.c line 289 function main_task_0 thread 0
----------------------------------------------------
  rww_w2=31 (00000000000000000000000000011111)

State 105 file /home/dell/zyworkspace/nichecker/Experiment/remarks2.1_LA/svp_simple_017/_mt_svp_simple_017_001_result/_cs_svp_simple_017_001_global_var_rww_mt_svp_simple_017_001.c line 292 function main_task_0 thread 0
----------------------------------------------------
  rww_r_tmp1_num=0 (00000000000000000000000000000000)

State 106 file /home/dell/zyworkspace/nichecker/Experiment/remarks2.1_LA/svp_simple_017/_mt_svp_simple_017_001_result/_cs_svp_simple_017_001_global_var_rww_mt_svp_simple_017_001.c line 295 function main_task_0 thread 0
----------------------------------------------------
  svp_simple_017_001_global_var=32 (00000000000000000000000000100000)

State 107 file /home/dell/zyworkspace/nichecker/Experiment/remarks2.1_LA/svp_simple_017/_mt_svp_simple_017_001_result/_cs_svp_simple_017_001_global_var_rww_mt_svp_simple_017_001.c line 301 function main_task_0 thread 0
----------------------------------------------------
  __cs_local_main_task_t_1=1 (00000000000000000000000000000001)

State 110 file /home/dell/zyworkspace/nichecker/Experiment/remarks2.1_LA/svp_simple_017/_mt_svp_simple_017_001_result/_cs_svp_simple_017_001_global_var_rww_mt_svp_simple_017_001.c line 318 function main_task_0 thread 0
----------------------------------------------------
  rww_r_tmp1_num=1 (00000000000000000000000000000001)

State 111 file /home/dell/zyworkspace/nichecker/Experiment/remarks2.1_LA/svp_simple_017/_mt_svp_simple_017_001_result/_cs_svp_simple_017_001_global_var_rww_mt_svp_simple_017_001.c line 319 function main_task_0 thread 0
----------------------------------------------------
  rww_r_tmp1=32 (00000000000000000000000000100000)

State 113 file /home/dell/zyworkspace/nichecker/Experiment/remarks2.1_LA/svp_simple_017/_mt_svp_simple_017_001_result/_cs_svp_simple_017_001_global_var_rww_mt_svp_simple_017_001.c line 327 function main_task_0 thread 0
----------------------------------------------------
  __cs_local_main_task_loop_1_IOVar1=32 (00000000000000000000000000100000)

State 114 file /home/dell/zyworkspace/nichecker/Experiment/remarks2.1_LA/svp_simple_017/_mt_svp_simple_017_001_result/_cs_svp_simple_017_001_global_var_rww_mt_svp_simple_017_001.c line 329 function main_task_0 thread 0
----------------------------------------------------
  rww_r_tmp1_num=2 (00000000000000000000000000000010)

State 115 file /home/dell/zyworkspace/nichecker/Experiment/remarks2.1_LA/svp_simple_017/_mt_svp_simple_017_001_result/_cs_svp_simple_017_001_global_var_rww_mt_svp_simple_017_001.c line 330 function main_task_0 thread 0
----------------------------------------------------
  rww_r_tmp1=32 (00000000000000000000000000100000)

State 116 file /home/dell/zyworkspace/nichecker/Experiment/remarks2.1_LA/svp_simple_017/_mt_svp_simple_017_001_result/_cs_svp_simple_017_001_global_var_rww_mt_svp_simple_017_001.c line 334 function main_task_0 thread 0
----------------------------------------------------
  __cs_local_main_task_loop_1_block_2=268435388 (00001111111111111111111110111100)

State 127 file /home/dell/zyworkspace/nichecker/Experiment/remarks2.1_LA/svp_simple_017/_mt_svp_simple_017_001_result/_cs_svp_simple_017_001_global_var_rww_mt_svp_simple_017_001.c line 431 function main_task_0 thread 0
----------------------------------------------------
  __cs_value_ptr=NULL (0000000000000000000000000000000000000000000000000000000000000000)

State 132 file /home/dell/zyworkspace/nichecker/Experiment/remarks2.1_LA/svp_simple_017/_mt_svp_simple_017_001_result/_cs_svp_simple_017_001_global_var_rww_mt_svp_simple_017_001.c line 580 function main thread 0
----------------------------------------------------
  __cs_pc[1l]=11 (01011)

State 133 file /home/dell/zyworkspace/nichecker/Experiment/remarks2.1_LA/svp_simple_017/_mt_svp_simple_017_001_result/_cs_svp_simple_017_001_global_var_rww_mt_svp_simple_017_001.c line 586 function main thread 0
----------------------------------------------------
  __cs_tmp_t2_r0=1 (1)

State 135 file /home/dell/zyworkspace/nichecker/Experiment/remarks2.1_LA/svp_simple_017/_mt_svp_simple_017_001_result/_cs_svp_simple_017_001_global_var_rww_mt_svp_simple_017_001.c line 591 function main thread 0
----------------------------------------------------
  __cs_thread_index=2 (10)

State 136 file /home/dell/zyworkspace/nichecker/Experiment/remarks2.1_LA/svp_simple_017/_mt_svp_simple_017_001_result/_cs_svp_simple_017_001_global_var_rww_mt_svp_simple_017_001.c line 593 function main thread 0
----------------------------------------------------
  __cs_pc_cs[2l]=1 (00001)

State 141 file /home/dell/zyworkspace/nichecker/Experiment/remarks2.1_LA/svp_simple_017/_mt_svp_simple_017_001_result/_cs_svp_simple_017_001_global_var_rww_mt_svp_simple_017_001.c line 599 function main thread 0
----------------------------------------------------
  __cs_param_svp_simple_017_001_isr_1_arg=NULL (0000000000000000000000000000000000000000000000000000000000000000)

State 143 file /home/dell/zyworkspace/nichecker/Experiment/remarks2.1_LA/svp_simple_017/_mt_svp_simple_017_001_result/_cs_svp_simple_017_001_global_var_rww_mt_svp_simple_017_001.c line 444 function svp_simple_017_001_isr_1_0 thread 0
----------------------------------------------------
  __cs_local_svp_simple_017_001_isr_1_i=0 (00000000000000000000000000000000)

State 144 file /home/dell/zyworkspace/nichecker/Experiment/remarks2.1_LA/svp_simple_017/_mt_svp_simple_017_001_result/_cs_svp_simple_017_001_global_var_rww_mt_svp_simple_017_001.c line 446 function svp_simple_017_001_isr_1_0 thread 0
----------------------------------------------------
  __cs_local_svp_simple_017_001_isr_1_i=0 (00000000000000000000000000000000)

State 145 file /home/dell/zyworkspace/nichecker/Experiment/remarks2.1_LA/svp_simple_017/_mt_svp_simple_017_001_result/_cs_svp_simple_017_001_global_var_rww_mt_svp_simple_017_001.c line 453 function svp_simple_017_001_isr_1_0 thread 0
----------------------------------------------------
  __cs_local_svp_simple_017_001_isr_1_t_2=0 (00000000000000000000000000000000)

State 147 file /home/dell/zyworkspace/nichecker/Experiment/remarks2.1_LA/svp_simple_017/_mt_svp_simple_017_001_result/_cs_svp_simple_017_001_global_var_rww_mt_svp_simple_017_001.c line 468 function svp_simple_017_001_isr_1_0 thread 0
----------------------------------------------------
  __cs_local_svp_simple_017_001_isr_1_loop_2_IOVar1=0 (00000000000000000000000000000000)

State 148 file /home/dell/zyworkspace/nichecker/Experiment/remarks2.1_LA/svp_simple_017/_mt_svp_simple_017_001_result/_cs_svp_simple_017_001_global_var_rww_mt_svp_simple_017_001.c line 470 function svp_simple_017_001_isr_1_0 thread 0
----------------------------------------------------
  __cs_local_svp_simple_017_001_isr_1_loop_2_block_1=100 (00000000000000000000000001100100)

State 149 file /home/dell/zyworkspace/nichecker/Experiment/remarks2.1_LA/svp_simple_017/_mt_svp_simple_017_001_result/_cs_svp_simple_017_001_global_var_rww_mt_svp_simple_017_001.c line 472 function svp_simple_017_001_isr_1_0 thread 0
----------------------------------------------------
  __cs_local_svp_simple_017_001_isr_1_i=100 (00000000000000000000000001100100)

State 152 file /home/dell/zyworkspace/nichecker/Experiment/remarks2.1_LA/svp_simple_017/_mt_svp_simple_017_001_result/_cs_svp_simple_017_001_global_var_rww_mt_svp_simple_017_001.c line 483 function svp_simple_017_001_isr_1_0 thread 0
----------------------------------------------------
  __cs_local_svp_simple_017_001_isr_1_i=101 (00000000000000000000000001100101)

State 153 file /home/dell/zyworkspace/nichecker/Experiment/remarks2.1_LA/svp_simple_017/_mt_svp_simple_017_001_result/_cs_svp_simple_017_001_global_var_rww_mt_svp_simple_017_001.c line 488 function svp_simple_017_001_isr_1_0 thread 0
----------------------------------------------------
  __cs_local_svp_simple_017_001_isr_1_t_2=1 (00000000000000000000000000000001)

State 158 file /home/dell/zyworkspace/nichecker/Experiment/remarks2.1_LA/svp_simple_017/_mt_svp_simple_017_001_result/_cs_svp_simple_017_001_global_var_rww_mt_svp_simple_017_001.c line 541 function svp_simple_017_001_isr_1_0 thread 0
----------------------------------------------------
  svp_simple_017_001_global_var=50 (00000000000000000000000000110010)

State 159 file /home/dell/zyworkspace/nichecker/Experiment/remarks2.1_LA/svp_simple_017/_mt_svp_simple_017_001_result/_cs_svp_simple_017_001_global_var_rww_mt_svp_simple_017_001.c line 543 function svp_simple_017_001_isr_1_0 thread 0
----------------------------------------------------
  svp_simple_017_001_local_array[50l]=0 (00000000000000000000000000000000)

State 163 file /home/dell/zyworkspace/nichecker/Experiment/remarks2.1_LA/svp_simple_017/_mt_svp_simple_017_001_result/_cs_svp_simple_017_001_global_var_rww_mt_svp_simple_017_001.c line 554 function svp_simple_017_001_isr_1_0 thread 0
----------------------------------------------------
  __cs_value_ptr=NULL (0000000000000000000000000000000000000000000000000000000000000000)

State 168 file /home/dell/zyworkspace/nichecker/Experiment/remarks2.1_LA/svp_simple_017/_mt_svp_simple_017_001_result/_cs_svp_simple_017_001_global_var_rww_mt_svp_simple_017_001.c line 601 function main thread 0
----------------------------------------------------
  __cs_pc[2l]=1 (00001)

State 169 file /home/dell/zyworkspace/nichecker/Experiment/remarks2.1_LA/svp_simple_017/_mt_svp_simple_017_001_result/_cs_svp_simple_017_001_global_var_rww_mt_svp_simple_017_001.c line 611 function main thread 0
----------------------------------------------------
  __cs_tmp_t1_r1=11 (01011)

State 171 file /home/dell/zyworkspace/nichecker/Experiment/remarks2.1_LA/svp_simple_017/_mt_svp_simple_017_001_result/_cs_svp_simple_017_001_global_var_rww_mt_svp_simple_017_001.c line 616 function main thread 0
----------------------------------------------------
  __cs_thread_index=1 (01)

State 172 file /home/dell/zyworkspace/nichecker/Experiment/remarks2.1_LA/svp_simple_017/_mt_svp_simple_017_001_result/_cs_svp_simple_017_001_global_var_rww_mt_svp_simple_017_001.c line 618 function main thread 0
----------------------------------------------------
  __cs_pc_cs[1l]=11 (01011)

State 177 file /home/dell/zyworkspace/nichecker/Experiment/remarks2.1_LA/svp_simple_017/_mt_svp_simple_017_001_result/_cs_svp_simple_017_001_global_var_rww_mt_svp_simple_017_001.c line 624 function main thread 0
----------------------------------------------------
  __cs_param_main_task_arg=NULL (0000000000000000000000000000000000000000000000000000000000000000)

State 199 file /home/dell/zyworkspace/nichecker/Experiment/remarks2.1_LA/svp_simple_017/_mt_svp_simple_017_001_result/_cs_svp_simple_017_001_global_var_rww_mt_svp_simple_017_001.c line 431 function main_task_0 thread 0
----------------------------------------------------
  __cs_value_ptr=NULL (0000000000000000000000000000000000000000000000000000000000000000)

State 204 file /home/dell/zyworkspace/nichecker/Experiment/remarks2.1_LA/svp_simple_017/_mt_svp_simple_017_001_result/_cs_svp_simple_017_001_global_var_rww_mt_svp_simple_017_001.c line 626 function main thread 0
----------------------------------------------------
  __cs_pc[1l]=11 (01011)

State 205 file /home/dell/zyworkspace/nichecker/Experiment/remarks2.1_LA/svp_simple_017/_mt_svp_simple_017_001_result/_cs_svp_simple_017_001_global_var_rww_mt_svp_simple_017_001.c line 632 function main thread 0
----------------------------------------------------
  __cs_tmp_t2_r1=1 (1)

State 207 file /home/dell/zyworkspace/nichecker/Experiment/remarks2.1_LA/svp_simple_017/_mt_svp_simple_017_001_result/_cs_svp_simple_017_001_global_var_rww_mt_svp_simple_017_001.c line 637 function main thread 0
----------------------------------------------------
  __cs_thread_index=2 (10)

State 208 file /home/dell/zyworkspace/nichecker/Experiment/remarks2.1_LA/svp_simple_017/_mt_svp_simple_017_001_result/_cs_svp_simple_017_001_global_var_rww_mt_svp_simple_017_001.c line 639 function main thread 0
----------------------------------------------------
  __cs_pc_cs[2l]=1 (00001)

State 213 file /home/dell/zyworkspace/nichecker/Experiment/remarks2.1_LA/svp_simple_017/_mt_svp_simple_017_001_result/_cs_svp_simple_017_001_global_var_rww_mt_svp_simple_017_001.c line 645 function main thread 0
----------------------------------------------------
  __cs_param_svp_simple_017_001_isr_1_arg=NULL (0000000000000000000000000000000000000000000000000000000000000000)

State 217 file /home/dell/zyworkspace/nichecker/Experiment/remarks2.1_LA/svp_simple_017/_mt_svp_simple_017_001_result/_cs_svp_simple_017_001_global_var_rww_mt_svp_simple_017_001.c line 554 function svp_simple_017_001_isr_1_0 thread 0
----------------------------------------------------
  __cs_value_ptr=NULL (0000000000000000000000000000000000000000000000000000000000000000)

State 222 file /home/dell/zyworkspace/nichecker/Experiment/remarks2.1_LA/svp_simple_017/_mt_svp_simple_017_001_result/_cs_svp_simple_017_001_global_var_rww_mt_svp_simple_017_001.c line 647 function main thread 0
----------------------------------------------------
  __cs_pc[2l]=1 (00001)

State 223 file /home/dell/zyworkspace/nichecker/Experiment/remarks2.1_LA/svp_simple_017/_mt_svp_simple_017_001_result/_cs_svp_simple_017_001_global_var_rww_mt_svp_simple_017_001.c line 651 function main thread 0
----------------------------------------------------
  __cs_tmp_t1_r2=13u (00000000000000000000000000001101)

State 225 file /home/dell/zyworkspace/nichecker/Experiment/remarks2.1_LA/svp_simple_017/_mt_svp_simple_017_001_result/_cs_svp_simple_017_001_global_var_rww_mt_svp_simple_017_001.c line 656 function main thread 0
----------------------------------------------------
  __cs_thread_index=1 (01)

State 226 file /home/dell/zyworkspace/nichecker/Experiment/remarks2.1_LA/svp_simple_017/_mt_svp_simple_017_001_result/_cs_svp_simple_017_001_global_var_rww_mt_svp_simple_017_001.c line 658 function main thread 0
----------------------------------------------------
  __cs_pc_cs[1l]=13 (01101)

State 231 file /home/dell/zyworkspace/nichecker/Experiment/remarks2.1_LA/svp_simple_017/_mt_svp_simple_017_001_result/_cs_svp_simple_017_001_global_var_rww_mt_svp_simple_017_001.c line 664 function main thread 0
----------------------------------------------------
  __cs_param_main_task_arg=NULL (0000000000000000000000000000000000000000000000000000000000000000)

State 244 file /home/dell/zyworkspace/nichecker/Experiment/remarks2.1_LA/svp_simple_017/_mt_svp_simple_017_001_result/_cs_svp_simple_017_001_global_var_rww_mt_svp_simple_017_001.c line 339 function main_task_0 thread 0
----------------------------------------------------
  rww_w3=50 (00000000000000000000000000110010)

Violated property:
  file /home/dell/zyworkspace/nichecker/Experiment/remarks2.1_LA/svp_simple_017/_mt_svp_simple_017_001_result/_cs_svp_simple_017_001_global_var_rww_mt_svp_simple_017_001.c line 341 function main_task_0
  assertion rww_w3 == rww_r_tmp1
  rww_w3 == rww_r_tmp1


Trace for main_task_0.assertion.4:

State 53 file /home/dell/zyworkspace/nichecker/Experiment/remarks2.1_LA/svp_simple_017/_mt_svp_simple_017_001_result/_cs_svp_simple_017_001_global_var_rww_mt_svp_simple_017_001.c line 566 function main thread 0
----------------------------------------------------
  __cs_tmp_t1_r0=15 (01111)

State 55 file /home/dell/zyworkspace/nichecker/Experiment/remarks2.1_LA/svp_simple_017/_mt_svp_simple_017_001_result/_cs_svp_simple_017_001_global_var_rww_mt_svp_simple_017_001.c line 570 function main thread 0
----------------------------------------------------
  __cs_thread_index=1 (01)

State 56 file /home/dell/zyworkspace/nichecker/Experiment/remarks2.1_LA/svp_simple_017/_mt_svp_simple_017_001_result/_cs_svp_simple_017_001_global_var_rww_mt_svp_simple_017_001.c line 572 function main thread 0
----------------------------------------------------
  __cs_pc_cs[1l]=15 (01111)

State 61 file /home/dell/zyworkspace/nichecker/Experiment/remarks2.1_LA/svp_simple_017/_mt_svp_simple_017_001_result/_cs_svp_simple_017_001_global_var_rww_mt_svp_simple_017_001.c line 578 function main thread 0
----------------------------------------------------
  __cs_param_main_task_arg=NULL (0000000000000000000000000000000000000000000000000000000000000000)

State 66 file /home/dell/zyworkspace/nichecker/Experiment/remarks2.1_LA/svp_simple_017/_mt_svp_simple_017_001_result/_cs_svp_simple_017_001_global_var_rww_mt_svp_simple_017_001.c line 184 function main_task_0 thread 0
----------------------------------------------------
  __cs_disable_thread[2l]=0 (0)

State 67 file /home/dell/zyworkspace/nichecker/Experiment/remarks2.1_LA/svp_simple_017/_mt_svp_simple_017_001_result/_cs_svp_simple_017_001_global_var_rww_mt_svp_simple_017_001.c line 187 function main_task_0 thread 0
----------------------------------------------------
  __cs_disable_thread[0l]=0 (0)

State 68 file /home/dell/zyworkspace/nichecker/Experiment/remarks2.1_LA/svp_simple_017/_mt_svp_simple_017_001_result/_cs_svp_simple_017_001_global_var_rww_mt_svp_simple_017_001.c line 196 function main_task_0 thread 0
----------------------------------------------------
  __cs_local_main_task_i=0 (00000000000000000000000000000000)

State 70 file /home/dell/zyworkspace/nichecker/Experiment/remarks2.1_LA/svp_simple_017/_mt_svp_simple_017_001_result/_cs_svp_simple_017_001_global_var_rww_mt_svp_simple_017_001.c line 200 function main_task_0 thread 0
----------------------------------------------------
  svp_simple_017_001_global_var=0 (00000000000000000000000000000000)

State 71 file /home/dell/zyworkspace/nichecker/Experiment/remarks2.1_LA/svp_simple_017/_mt_svp_simple_017_001_result/_cs_svp_simple_017_001_global_var_rww_mt_svp_simple_017_001.c line 208 function main_task_0 thread 0
----------------------------------------------------
  __cs_local_main_task_t_1=0 (00000000000000000000000000000000)

State 74 file /home/dell/zyworkspace/nichecker/Experiment/remarks2.1_LA/svp_simple_017/_mt_svp_simple_017_001_result/_cs_svp_simple_017_001_global_var_rww_mt_svp_simple_017_001.c line 225 function main_task_0 thread 0
----------------------------------------------------
  rww_r_tmp1_num=1 (00000000000000000000000000000001)

State 75 file /home/dell/zyworkspace/nichecker/Experiment/remarks2.1_LA/svp_simple_017/_mt_svp_simple_017_001_result/_cs_svp_simple_017_001_global_var_rww_mt_svp_simple_017_001.c line 226 function main_task_0 thread 0
----------------------------------------------------
  rww_r_tmp1=0 (00000000000000000000000000000000)

State 77 file /home/dell/zyworkspace/nichecker/Experiment/remarks2.1_LA/svp_simple_017/_mt_svp_simple_017_001_result/_cs_svp_simple_017_001_global_var_rww_mt_svp_simple_017_001.c line 234 function main_task_0 thread 0
----------------------------------------------------
  __cs_local_main_task_loop_1_IOVar1=0 (00000000000000000000000000000000)

State 78 file /home/dell/zyworkspace/nichecker/Experiment/remarks2.1_LA/svp_simple_017/_mt_svp_simple_017_001_result/_cs_svp_simple_017_001_global_var_rww_mt_svp_simple_017_001.c line 236 function main_task_0 thread 0
----------------------------------------------------
  rww_r_tmp1_num=2 (00000000000000000000000000000010)

State 79 file /home/dell/zyworkspace/nichecker/Experiment/remarks2.1_LA/svp_simple_017/_mt_svp_simple_017_001_result/_cs_svp_simple_017_001_global_var_rww_mt_svp_simple_017_001.c line 237 function main_task_0 thread 0
----------------------------------------------------
  rww_r_tmp1=0 (00000000000000000000000000000000)

State 80 file /home/dell/zyworkspace/nichecker/Experiment/remarks2.1_LA/svp_simple_017/_mt_svp_simple_017_001_result/_cs_svp_simple_017_001_global_var_rww_mt_svp_simple_017_001.c line 241 function main_task_0 thread 0
----------------------------------------------------
  __cs_local_main_task_loop_1_block_2=53 (00000000000000000000000000110101)

State 82 file /home/dell/zyworkspace/nichecker/Experiment/remarks2.1_LA/svp_simple_017/_mt_svp_simple_017_001_result/_cs_svp_simple_017_001_global_var_rww_mt_svp_simple_017_001.c line 246 function main_task_0 thread 0
----------------------------------------------------
  rww_w1=0 (00000000000000000000000000000000)

State 84 file /home/dell/zyworkspace/nichecker/Experiment/remarks2.1_LA/svp_simple_017/_mt_svp_simple_017_001_result/_cs_svp_simple_017_001_global_var_rww_mt_svp_simple_017_001.c line 249 function main_task_0 thread 0
----------------------------------------------------
  rww_r_tmp1_num=0 (00000000000000000000000000000000)

State 85 file /home/dell/zyworkspace/nichecker/Experiment/remarks2.1_LA/svp_simple_017/_mt_svp_simple_017_001_result/_cs_svp_simple_017_001_global_var_rww_mt_svp_simple_017_001.c line 252 function main_task_0 thread 0
----------------------------------------------------
  svp_simple_017_001_global_var=53 (00000000000000000000000000110101)

State 92 file /home/dell/zyworkspace/nichecker/Experiment/remarks2.1_LA/svp_simple_017/_mt_svp_simple_017_001_result/_cs_svp_simple_017_001_global_var_rww_mt_svp_simple_017_001.c line 264 function main_task_0 thread 0
----------------------------------------------------
  __cs_local_main_task_i=1 (00000000000000000000000000000001)

State 93 file /home/dell/zyworkspace/nichecker/Experiment/remarks2.1_LA/svp_simple_017/_mt_svp_simple_017_001_result/_cs_svp_simple_017_001_global_var_rww_mt_svp_simple_017_001.c line 264 function main_task_0 thread 0
----------------------------------------------------
  svp_simple_017_001_local_array[53l]=0 (00000000000000000000000000000000)

State 94 file /home/dell/zyworkspace/nichecker/Experiment/remarks2.1_LA/svp_simple_017/_mt_svp_simple_017_001_result/_cs_svp_simple_017_001_global_var_rww_mt_svp_simple_017_001.c line 266 function main_task_0 thread 0
----------------------------------------------------
  rww_r_tmp1_num=1 (00000000000000000000000000000001)

State 95 file /home/dell/zyworkspace/nichecker/Experiment/remarks2.1_LA/svp_simple_017/_mt_svp_simple_017_001_result/_cs_svp_simple_017_001_global_var_rww_mt_svp_simple_017_001.c line 267 function main_task_0 thread 0
----------------------------------------------------
  rww_r_tmp1=53 (00000000000000000000000000110101)

State 96 file /home/dell/zyworkspace/nichecker/Experiment/remarks2.1_LA/svp_simple_017/_mt_svp_simple_017_001_result/_cs_svp_simple_017_001_global_var_rww_mt_svp_simple_017_001.c line 275 function main_task_0 thread 0
----------------------------------------------------
  __cs_temporary_0=0 (00000000000000000000000000000000)

State 98 file /home/dell/zyworkspace/nichecker/Experiment/remarks2.1_LA/svp_simple_017/_mt_svp_simple_017_001_result/_cs_svp_simple_017_001_global_var_rww_mt_svp_simple_017_001.c line 280 function main_task_0 thread 0
----------------------------------------------------
  __cs_temporary_0=54 (00000000000000000000000000110110)

State 99 file /home/dell/zyworkspace/nichecker/Experiment/remarks2.1_LA/svp_simple_017/_mt_svp_simple_017_001_result/_cs_svp_simple_017_001_global_var_rww_mt_svp_simple_017_001.c line 282 function main_task_0 thread 0
----------------------------------------------------
  rww_r_tmp1_num=2 (00000000000000000000000000000010)

State 100 file /home/dell/zyworkspace/nichecker/Experiment/remarks2.1_LA/svp_simple_017/_mt_svp_simple_017_001_result/_cs_svp_simple_017_001_global_var_rww_mt_svp_simple_017_001.c line 283 function main_task_0 thread 0
----------------------------------------------------
  rww_r_tmp1=53 (00000000000000000000000000110101)

State 102 file /home/dell/zyworkspace/nichecker/Experiment/remarks2.1_LA/svp_simple_017/_mt_svp_simple_017_001_result/_cs_svp_simple_017_001_global_var_rww_mt_svp_simple_017_001.c line 289 function main_task_0 thread 0
----------------------------------------------------
  rww_w2=53 (00000000000000000000000000110101)

State 105 file /home/dell/zyworkspace/nichecker/Experiment/remarks2.1_LA/svp_simple_017/_mt_svp_simple_017_001_result/_cs_svp_simple_017_001_global_var_rww_mt_svp_simple_017_001.c line 292 function main_task_0 thread 0
----------------------------------------------------
  rww_r_tmp1_num=0 (00000000000000000000000000000000)

State 106 file /home/dell/zyworkspace/nichecker/Experiment/remarks2.1_LA/svp_simple_017/_mt_svp_simple_017_001_result/_cs_svp_simple_017_001_global_var_rww_mt_svp_simple_017_001.c line 295 function main_task_0 thread 0
----------------------------------------------------
  svp_simple_017_001_global_var=54 (00000000000000000000000000110110)

State 107 file /home/dell/zyworkspace/nichecker/Experiment/remarks2.1_LA/svp_simple_017/_mt_svp_simple_017_001_result/_cs_svp_simple_017_001_global_var_rww_mt_svp_simple_017_001.c line 301 function main_task_0 thread 0
----------------------------------------------------
  __cs_local_main_task_t_1=1 (00000000000000000000000000000001)

State 110 file /home/dell/zyworkspace/nichecker/Experiment/remarks2.1_LA/svp_simple_017/_mt_svp_simple_017_001_result/_cs_svp_simple_017_001_global_var_rww_mt_svp_simple_017_001.c line 318 function main_task_0 thread 0
----------------------------------------------------
  rww_r_tmp1_num=1 (00000000000000000000000000000001)

State 111 file /home/dell/zyworkspace/nichecker/Experiment/remarks2.1_LA/svp_simple_017/_mt_svp_simple_017_001_result/_cs_svp_simple_017_001_global_var_rww_mt_svp_simple_017_001.c line 319 function main_task_0 thread 0
----------------------------------------------------
  rww_r_tmp1=54 (00000000000000000000000000110110)

State 113 file /home/dell/zyworkspace/nichecker/Experiment/remarks2.1_LA/svp_simple_017/_mt_svp_simple_017_001_result/_cs_svp_simple_017_001_global_var_rww_mt_svp_simple_017_001.c line 327 function main_task_0 thread 0
----------------------------------------------------
  __cs_local_main_task_loop_1_IOVar1=54 (00000000000000000000000000110110)

State 114 file /home/dell/zyworkspace/nichecker/Experiment/remarks2.1_LA/svp_simple_017/_mt_svp_simple_017_001_result/_cs_svp_simple_017_001_global_var_rww_mt_svp_simple_017_001.c line 329 function main_task_0 thread 0
----------------------------------------------------
  rww_r_tmp1_num=2 (00000000000000000000000000000010)

State 115 file /home/dell/zyworkspace/nichecker/Experiment/remarks2.1_LA/svp_simple_017/_mt_svp_simple_017_001_result/_cs_svp_simple_017_001_global_var_rww_mt_svp_simple_017_001.c line 330 function main_task_0 thread 0
----------------------------------------------------
  rww_r_tmp1=54 (00000000000000000000000000110110)

State 116 file /home/dell/zyworkspace/nichecker/Experiment/remarks2.1_LA/svp_simple_017/_mt_svp_simple_017_001_result/_cs_svp_simple_017_001_global_var_rww_mt_svp_simple_017_001.c line 334 function main_task_0 thread 0
----------------------------------------------------
  __cs_local_main_task_loop_1_block_2=2147483644 (01111111111111111111111111111100)

State 118 file /home/dell/zyworkspace/nichecker/Experiment/remarks2.1_LA/svp_simple_017/_mt_svp_simple_017_001_result/_cs_svp_simple_017_001_global_var_rww_mt_svp_simple_017_001.c line 339 function main_task_0 thread 0
----------------------------------------------------
  rww_w3=54 (00000000000000000000000000110110)

State 121 file /home/dell/zyworkspace/nichecker/Experiment/remarks2.1_LA/svp_simple_017/_mt_svp_simple_017_001_result/_cs_svp_simple_017_001_global_var_rww_mt_svp_simple_017_001.c line 342 function main_task_0 thread 0
----------------------------------------------------
  rww_r_tmp1_num=0 (00000000000000000000000000000000)

State 122 file /home/dell/zyworkspace/nichecker/Experiment/remarks2.1_LA/svp_simple_017/_mt_svp_simple_017_001_result/_cs_svp_simple_017_001_global_var_rww_mt_svp_simple_017_001.c line 345 function main_task_0 thread 0
----------------------------------------------------
  svp_simple_017_001_global_var=-2147483598 (10000000000000000000000000110010)

State 129 file /home/dell/zyworkspace/nichecker/Experiment/remarks2.1_LA/svp_simple_017/_mt_svp_simple_017_001_result/_cs_svp_simple_017_001_global_var_rww_mt_svp_simple_017_001.c line 357 function main_task_0 thread 0
----------------------------------------------------
  __cs_local_main_task_i=2 (00000000000000000000000000000010)

State 130 file /home/dell/zyworkspace/nichecker/Experiment/remarks2.1_LA/svp_simple_017/_mt_svp_simple_017_001_result/_cs_svp_simple_017_001_global_var_rww_mt_svp_simple_017_001.c line 357 function main_task_0 thread 0
----------------------------------------------------
  svp_simple_017_001_local_array[-2147483598l]={ 0, 0, 0, 0, 0, 0, 0, 0, 0, 0, 0, 0, 0, 0, 0, 0, 0, 0, 0, 0, 0, 0, 0, 0, 0, 0, 0, 0, 0, 0, 0, 0, 0, 0, 0, 0, 0, 0, 0, 0, 0, 0, 0, 0, 0, 0, 0, 0, 0, 0, 0, 0, 0, 0, 0, 0, 0, 0, 0, 0, 0, 0, 0, 0, 0, 0, 0, 0, 0, 0, 0, 0, 0, 0, 0, 0, 0, 0, 0, 0, 0, 0, 0, 0, 0, 0, 0, 0, 0, 0, 0, 0, 0, 0, 0, 0, 0, 0, 0, 0 }[-2147483598l] (?)

State 131 file /home/dell/zyworkspace/nichecker/Experiment/remarks2.1_LA/svp_simple_017/_mt_svp_simple_017_001_result/_cs_svp_simple_017_001_global_var_rww_mt_svp_simple_017_001.c line 359 function main_task_0 thread 0
----------------------------------------------------
  rww_r_tmp1_num=1 (00000000000000000000000000000001)

State 132 file /home/dell/zyworkspace/nichecker/Experiment/remarks2.1_LA/svp_simple_017/_mt_svp_simple_017_001_result/_cs_svp_simple_017_001_global_var_rww_mt_svp_simple_017_001.c line 360 function main_task_0 thread 0
----------------------------------------------------
  rww_r_tmp1=-2147483598 (10000000000000000000000000110010)

State 133 file /home/dell/zyworkspace/nichecker/Experiment/remarks2.1_LA/svp_simple_017/_mt_svp_simple_017_001_result/_cs_svp_simple_017_001_global_var_rww_mt_svp_simple_017_001.c line 368 function main_task_0 thread 0
----------------------------------------------------
  __cs_temporary_1=0 (00000000000000000000000000000000)

State 135 file /home/dell/zyworkspace/nichecker/Experiment/remarks2.1_LA/svp_simple_017/_mt_svp_simple_017_001_result/_cs_svp_simple_017_001_global_var_rww_mt_svp_simple_017_001.c line 373 function main_task_0 thread 0
----------------------------------------------------
  __cs_temporary_1=-2147483597 (10000000000000000000000000110011)

State 136 file /home/dell/zyworkspace/nichecker/Experiment/remarks2.1_LA/svp_simple_017/_mt_svp_simple_017_001_result/_cs_svp_simple_017_001_global_var_rww_mt_svp_simple_017_001.c line 375 function main_task_0 thread 0
----------------------------------------------------
  rww_r_tmp1_num=2 (00000000000000000000000000000010)

State 137 file /home/dell/zyworkspace/nichecker/Experiment/remarks2.1_LA/svp_simple_017/_mt_svp_simple_017_001_result/_cs_svp_simple_017_001_global_var_rww_mt_svp_simple_017_001.c line 376 function main_task_0 thread 0
----------------------------------------------------
  rww_r_tmp1=-2147483598 (10000000000000000000000000110010)

State 144 file /home/dell/zyworkspace/nichecker/Experiment/remarks2.1_LA/svp_simple_017/_mt_svp_simple_017_001_result/_cs_svp_simple_017_001_global_var_rww_mt_svp_simple_017_001.c line 431 function main_task_0 thread 0
----------------------------------------------------
  __cs_value_ptr=NULL (0000000000000000000000000000000000000000000000000000000000000000)

State 149 file /home/dell/zyworkspace/nichecker/Experiment/remarks2.1_LA/svp_simple_017/_mt_svp_simple_017_001_result/_cs_svp_simple_017_001_global_var_rww_mt_svp_simple_017_001.c line 580 function main thread 0
----------------------------------------------------
  __cs_pc[1l]=15 (01111)

State 150 file /home/dell/zyworkspace/nichecker/Experiment/remarks2.1_LA/svp_simple_017/_mt_svp_simple_017_001_result/_cs_svp_simple_017_001_global_var_rww_mt_svp_simple_017_001.c line 586 function main thread 0
----------------------------------------------------
  __cs_tmp_t2_r0=0 (0)

State 152 file /home/dell/zyworkspace/nichecker/Experiment/remarks2.1_LA/svp_simple_017/_mt_svp_simple_017_001_result/_cs_svp_simple_017_001_global_var_rww_mt_svp_simple_017_001.c line 591 function main thread 0
----------------------------------------------------
  __cs_thread_index=2 (10)

State 153 file /home/dell/zyworkspace/nichecker/Experiment/remarks2.1_LA/svp_simple_017/_mt_svp_simple_017_001_result/_cs_svp_simple_017_001_global_var_rww_mt_svp_simple_017_001.c line 593 function main thread 0
----------------------------------------------------
  __cs_pc_cs[2l]=0 (00000)

State 158 file /home/dell/zyworkspace/nichecker/Experiment/remarks2.1_LA/svp_simple_017/_mt_svp_simple_017_001_result/_cs_svp_simple_017_001_global_var_rww_mt_svp_simple_017_001.c line 599 function main thread 0
----------------------------------------------------
  __cs_param_svp_simple_017_001_isr_1_arg=NULL (0000000000000000000000000000000000000000000000000000000000000000)

State 162 file /home/dell/zyworkspace/nichecker/Experiment/remarks2.1_LA/svp_simple_017/_mt_svp_simple_017_001_result/_cs_svp_simple_017_001_global_var_rww_mt_svp_simple_017_001.c line 554 function svp_simple_017_001_isr_1_0 thread 0
----------------------------------------------------
  __cs_value_ptr=NULL (0000000000000000000000000000000000000000000000000000000000000000)

State 167 file /home/dell/zyworkspace/nichecker/Experiment/remarks2.1_LA/svp_simple_017/_mt_svp_simple_017_001_result/_cs_svp_simple_017_001_global_var_rww_mt_svp_simple_017_001.c line 601 function main thread 0
----------------------------------------------------
  __cs_pc[2l]=0 (00000)

State 168 file /home/dell/zyworkspace/nichecker/Experiment/remarks2.1_LA/svp_simple_017/_mt_svp_simple_017_001_result/_cs_svp_simple_017_001_global_var_rww_mt_svp_simple_017_001.c line 611 function main thread 0
----------------------------------------------------
  __cs_tmp_t1_r1=15 (01111)

State 170 file /home/dell/zyworkspace/nichecker/Experiment/remarks2.1_LA/svp_simple_017/_mt_svp_simple_017_001_result/_cs_svp_simple_017_001_global_var_rww_mt_svp_simple_017_001.c line 616 function main thread 0
----------------------------------------------------
  __cs_thread_index=1 (01)

State 171 file /home/dell/zyworkspace/nichecker/Experiment/remarks2.1_LA/svp_simple_017/_mt_svp_simple_017_001_result/_cs_svp_simple_017_001_global_var_rww_mt_svp_simple_017_001.c line 618 function main thread 0
----------------------------------------------------
  __cs_pc_cs[1l]=15 (01111)

State 176 file /home/dell/zyworkspace/nichecker/Experiment/remarks2.1_LA/svp_simple_017/_mt_svp_simple_017_001_result/_cs_svp_simple_017_001_global_var_rww_mt_svp_simple_017_001.c line 624 function main thread 0
----------------------------------------------------
  __cs_param_main_task_arg=NULL (0000000000000000000000000000000000000000000000000000000000000000)

State 198 file /home/dell/zyworkspace/nichecker/Experiment/remarks2.1_LA/svp_simple_017/_mt_svp_simple_017_001_result/_cs_svp_simple_017_001_global_var_rww_mt_svp_simple_017_001.c line 431 function main_task_0 thread 0
----------------------------------------------------
  __cs_value_ptr=NULL (0000000000000000000000000000000000000000000000000000000000000000)

State 203 file /home/dell/zyworkspace/nichecker/Experiment/remarks2.1_LA/svp_simple_017/_mt_svp_simple_017_001_result/_cs_svp_simple_017_001_global_var_rww_mt_svp_simple_017_001.c line 626 function main thread 0
----------------------------------------------------
  __cs_pc[1l]=15 (01111)

State 204 file /home/dell/zyworkspace/nichecker/Experiment/remarks2.1_LA/svp_simple_017/_mt_svp_simple_017_001_result/_cs_svp_simple_017_001_global_var_rww_mt_svp_simple_017_001.c line 632 function main thread 0
----------------------------------------------------
  __cs_tmp_t2_r1=1 (1)

State 206 file /home/dell/zyworkspace/nichecker/Experiment/remarks2.1_LA/svp_simple_017/_mt_svp_simple_017_001_result/_cs_svp_simple_017_001_global_var_rww_mt_svp_simple_017_001.c line 637 function main thread 0
----------------------------------------------------
  __cs_thread_index=2 (10)

State 207 file /home/dell/zyworkspace/nichecker/Experiment/remarks2.1_LA/svp_simple_017/_mt_svp_simple_017_001_result/_cs_svp_simple_017_001_global_var_rww_mt_svp_simple_017_001.c line 639 function main thread 0
----------------------------------------------------
  __cs_pc_cs[2l]=1 (00001)

State 212 file /home/dell/zyworkspace/nichecker/Experiment/remarks2.1_LA/svp_simple_017/_mt_svp_simple_017_001_result/_cs_svp_simple_017_001_global_var_rww_mt_svp_simple_017_001.c line 645 function main thread 0
----------------------------------------------------
  __cs_param_svp_simple_017_001_isr_1_arg=NULL (0000000000000000000000000000000000000000000000000000000000000000)

State 214 file /home/dell/zyworkspace/nichecker/Experiment/remarks2.1_LA/svp_simple_017/_mt_svp_simple_017_001_result/_cs_svp_simple_017_001_global_var_rww_mt_svp_simple_017_001.c line 444 function svp_simple_017_001_isr_1_0 thread 0
----------------------------------------------------
  __cs_local_svp_simple_017_001_isr_1_i=0 (00000000000000000000000000000000)

State 215 file /home/dell/zyworkspace/nichecker/Experiment/remarks2.1_LA/svp_simple_017/_mt_svp_simple_017_001_result/_cs_svp_simple_017_001_global_var_rww_mt_svp_simple_017_001.c line 446 function svp_simple_017_001_isr_1_0 thread 0
----------------------------------------------------
  __cs_local_svp_simple_017_001_isr_1_i=0 (00000000000000000000000000000000)

State 216 file /home/dell/zyworkspace/nichecker/Experiment/remarks2.1_LA/svp_simple_017/_mt_svp_simple_017_001_result/_cs_svp_simple_017_001_global_var_rww_mt_svp_simple_017_001.c line 453 function svp_simple_017_001_isr_1_0 thread 0
----------------------------------------------------
  __cs_local_svp_simple_017_001_isr_1_t_2=0 (00000000000000000000000000000000)

State 218 file /home/dell/zyworkspace/nichecker/Experiment/remarks2.1_LA/svp_simple_017/_mt_svp_simple_017_001_result/_cs_svp_simple_017_001_global_var_rww_mt_svp_simple_017_001.c line 468 function svp_simple_017_001_isr_1_0 thread 0
----------------------------------------------------
  __cs_local_svp_simple_017_001_isr_1_loop_2_IOVar1=0 (00000000000000000000000000000000)

State 219 file /home/dell/zyworkspace/nichecker/Experiment/remarks2.1_LA/svp_simple_017/_mt_svp_simple_017_001_result/_cs_svp_simple_017_001_global_var_rww_mt_svp_simple_017_001.c line 470 function svp_simple_017_001_isr_1_0 thread 0
----------------------------------------------------
  __cs_local_svp_simple_017_001_isr_1_loop_2_block_1=100 (00000000000000000000000001100100)

State 220 file /home/dell/zyworkspace/nichecker/Experiment/remarks2.1_LA/svp_simple_017/_mt_svp_simple_017_001_result/_cs_svp_simple_017_001_global_var_rww_mt_svp_simple_017_001.c line 472 function svp_simple_017_001_isr_1_0 thread 0
----------------------------------------------------
  __cs_local_svp_simple_017_001_isr_1_i=100 (00000000000000000000000001100100)

State 223 file /home/dell/zyworkspace/nichecker/Experiment/remarks2.1_LA/svp_simple_017/_mt_svp_simple_017_001_result/_cs_svp_simple_017_001_global_var_rww_mt_svp_simple_017_001.c line 483 function svp_simple_017_001_isr_1_0 thread 0
----------------------------------------------------
  __cs_local_svp_simple_017_001_isr_1_i=101 (00000000000000000000000001100101)

State 224 file /home/dell/zyworkspace/nichecker/Experiment/remarks2.1_LA/svp_simple_017/_mt_svp_simple_017_001_result/_cs_svp_simple_017_001_global_var_rww_mt_svp_simple_017_001.c line 488 function svp_simple_017_001_isr_1_0 thread 0
----------------------------------------------------
  __cs_local_svp_simple_017_001_isr_1_t_2=1 (00000000000000000000000000000001)

State 229 file /home/dell/zyworkspace/nichecker/Experiment/remarks2.1_LA/svp_simple_017/_mt_svp_simple_017_001_result/_cs_svp_simple_017_001_global_var_rww_mt_svp_simple_017_001.c line 541 function svp_simple_017_001_isr_1_0 thread 0
----------------------------------------------------
  svp_simple_017_001_global_var=50 (00000000000000000000000000110010)

State 230 file /home/dell/zyworkspace/nichecker/Experiment/remarks2.1_LA/svp_simple_017/_mt_svp_simple_017_001_result/_cs_svp_simple_017_001_global_var_rww_mt_svp_simple_017_001.c line 543 function svp_simple_017_001_isr_1_0 thread 0
----------------------------------------------------
  svp_simple_017_001_local_array[50l]=0 (00000000000000000000000000000000)

State 234 file /home/dell/zyworkspace/nichecker/Experiment/remarks2.1_LA/svp_simple_017/_mt_svp_simple_017_001_result/_cs_svp_simple_017_001_global_var_rww_mt_svp_simple_017_001.c line 554 function svp_simple_017_001_isr_1_0 thread 0
----------------------------------------------------
  __cs_value_ptr=NULL (0000000000000000000000000000000000000000000000000000000000000000)

State 239 file /home/dell/zyworkspace/nichecker/Experiment/remarks2.1_LA/svp_simple_017/_mt_svp_simple_017_001_result/_cs_svp_simple_017_001_global_var_rww_mt_svp_simple_017_001.c line 647 function main thread 0
----------------------------------------------------
  __cs_pc[2l]=1 (00001)

State 240 file /home/dell/zyworkspace/nichecker/Experiment/remarks2.1_LA/svp_simple_017/_mt_svp_simple_017_001_result/_cs_svp_simple_017_001_global_var_rww_mt_svp_simple_017_001.c line 651 function main thread 0
----------------------------------------------------
  __cs_tmp_t1_r2=17u (00000000000000000000000000010001)

State 242 file /home/dell/zyworkspace/nichecker/Experiment/remarks2.1_LA/svp_simple_017/_mt_svp_simple_017_001_result/_cs_svp_simple_017_001_global_var_rww_mt_svp_simple_017_001.c line 656 function main thread 0
----------------------------------------------------
  __cs_thread_index=1 (01)

State 243 file /home/dell/zyworkspace/nichecker/Experiment/remarks2.1_LA/svp_simple_017/_mt_svp_simple_017_001_result/_cs_svp_simple_017_001_global_var_rww_mt_svp_simple_017_001.c line 658 function main thread 0
----------------------------------------------------
  __cs_pc_cs[1l]=17 (10001)

State 248 file /home/dell/zyworkspace/nichecker/Experiment/remarks2.1_LA/svp_simple_017/_mt_svp_simple_017_001_result/_cs_svp_simple_017_001_global_var_rww_mt_svp_simple_017_001.c line 664 function main thread 0
----------------------------------------------------
  __cs_param_main_task_arg=NULL (0000000000000000000000000000000000000000000000000000000000000000)

State 265 file /home/dell/zyworkspace/nichecker/Experiment/remarks2.1_LA/svp_simple_017/_mt_svp_simple_017_001_result/_cs_svp_simple_017_001_global_var_rww_mt_svp_simple_017_001.c line 382 function main_task_0 thread 0
----------------------------------------------------
  rww_w4=50 (00000000000000000000000000110010)

Violated property:
  file /home/dell/zyworkspace/nichecker/Experiment/remarks2.1_LA/svp_simple_017/_mt_svp_simple_017_001_result/_cs_svp_simple_017_001_global_var_rww_mt_svp_simple_017_001.c line 384 function main_task_0
  assertion rww_w4 == rww_r_tmp1
  rww_w4 == rww_r_tmp1


** 4 of 4 failed (4 iterations)
VERIFICATION FAILED
