2023-10-15 16:23:24
SVPCheck: True	LoopAbstraction: True	LabelReduction: False	Slice: True	

SVPCheck var: svp_simple_018_001_para1	pattern: rwr
--------------------------Run start-------------------------------
inliner
slice
LoopAbstraction
unroller
insertLabel
lazyseq
feeder  0.229
[91mUNSAFE[0m, counterexample: 1, time: 2.576 s, memory: 31.25 MB
--------------------------Run end---------------------------------
SVPCheck var: svp_simple_018_001_para2	pattern: rwr
--------------------------Run start-------------------------------
inliner
slice
LoopAbstraction
unroller
insertLabel
lazyseq
feeder  0.238
[91mUNSAFE[0m, counterexample: 2, time: 2.706 s, memory: 31.05 MB
--------------------------Run end---------------------------------
cbmcTimeSum: 0.467
modulesTimeSum: 5.282
