2023-10-31 08:16:32
SVPCheck: True	LoopAbstraction: True	LabelReduction: True	Slice: False	

SVPCheck var: svp_simple_010_001_global_union	pattern: wrw
--------------------------Run start-------------------------------
inliner
slice
LoopAbstraction
unroller
insertLabel
lazyseq
feeder  0.184
[91mUNSAFE[0m, counterexample: 1, time: 2.699 s, memory: 29.40 MB
--------------------------Run end---------------------------------
SVPCheck var: svp_simple_010_001_global_struct	pattern: wrw
--------------------------Run start-------------------------------
inliner
slice
LoopAbstraction
unroller
insertLabel
lazyseq
feeder  0.191
[91mUNSAFE[0m, counterexample: 1, time: 2.689 s, memory: 29.38 MB
--------------------------Run end---------------------------------
cbmcTimeSum: 0.375
modulesTimeSum: 5.388
