2023-10-04 12:12:52
SVPCheck: True	LoopAbstraction: True	LabelReduction: True	Slice: True	

SVPCheck var: svp_simple_014_001_global_var1	pattern: rwr
--------------------------Run start-------------------------------
inliner
slice
LoopAbstraction
unroller
insertLabel
lazyseq
feeder  0.240
[91mUNSAFE[0m, counterexample: 1, time: 3.867 s, memory: 31.25 MB
--------------------------Run end---------------------------------
SVPCheck var: svp_simple_014_001_global_var2	pattern: rwr
--------------------------Run start-------------------------------
inliner
slice
LoopAbstraction
unroller
insertLabel
lazyseq
feeder  0.204
[92mSAFE[0m, counterexample: 0, time: 3.648 s, memory: 30.23 MB
--------------------------Run end---------------------------------
cbmcTimeSum: 0.444
modulesTimeSum: 7.515
