CBMC version 5.6 64-bit x86_64 linux
Parsing /home/dell/zyworkspace/nichecker/Experiment/remarks2.1_LA_Slicing/svp_simple_016/_mt_svp_simple_016_001_result/_cs_svp_simple_016_001_global_var1_wwr_mt_svp_simple_016_001.c
<command-line>: warning: "__STDC_VERSION__" redefined
<built-in>: note: this is the location of the previous definition
Converting
Type-checking _cs_svp_simple_016_001_global_var1_wwr_mt_svp_simple_016_001
file /home/dell/zyworkspace/nichecker/Experiment/remarks2.1_LA_Slicing/svp_simple_016/_mt_svp_simple_016_001_result/_cs_svp_simple_016_001_global_var1_wwr_mt_svp_simple_016_001.c line 208 function main_task_0: function `assert' is not declared
Generating GOTO Program
Adding CPROVER library (x86_64)
Removal of function pointers and virtual functions
Partial Inlining
Generic Property Instrumentation
Starting Bounded Model Checking
**** WARNING: no body for function enable_isr
size of program expression: 405 steps
simple slicing removed 22 assignments
Generated 9 VCC(s), 9 remaining after simplification
Passing problem to propositional reduction
converting SSA
Running propositional reduction
Post-processing
Solving with MiniSAT 2.2.1 with simplifier
633 variables, 1062 clauses
SAT checker: instance is SATISFIABLE
Solving with MiniSAT 2.2.1 with simplifier
633 variables, 295 clauses
SAT checker: instance is UNSATISFIABLE
Runtime decision procedure: 0.006s

** Results:
[main_task_0.assertion.1] assertion wwr_r1 == wwr_w_tmp1: FAILURE
[main_task_0.assertion.2] assertion wwr_r1 == wwr_w_tmp1: SUCCESS
[main_task_0.assertion.3] assertion wwr_r1 == wwr_w_tmp1: SUCCESS

Trace for main_task_0.assertion.1:

State 42 file /home/dell/zyworkspace/nichecker/Experiment/remarks2.1_LA_Slicing/svp_simple_016/_mt_svp_simple_016_001_result/_cs_svp_simple_016_001_global_var1_wwr_mt_svp_simple_016_001.c line 294 function main thread 0
----------------------------------------------------
  __cs_tmp_t1_r0=2 (010)

State 44 file /home/dell/zyworkspace/nichecker/Experiment/remarks2.1_LA_Slicing/svp_simple_016/_mt_svp_simple_016_001_result/_cs_svp_simple_016_001_global_var1_wwr_mt_svp_simple_016_001.c line 298 function main thread 0
----------------------------------------------------
  __cs_thread_index=1 (01)

State 45 file /home/dell/zyworkspace/nichecker/Experiment/remarks2.1_LA_Slicing/svp_simple_016/_mt_svp_simple_016_001_result/_cs_svp_simple_016_001_global_var1_wwr_mt_svp_simple_016_001.c line 300 function main thread 0
----------------------------------------------------
  __cs_pc_cs[1l]=2 (010)

State 50 file /home/dell/zyworkspace/nichecker/Experiment/remarks2.1_LA_Slicing/svp_simple_016/_mt_svp_simple_016_001_result/_cs_svp_simple_016_001_global_var1_wwr_mt_svp_simple_016_001.c line 306 function main thread 0
----------------------------------------------------
  __cs_param_main_task_arg=NULL (0000000000000000000000000000000000000000000000000000000000000000)

State 55 file /home/dell/zyworkspace/nichecker/Experiment/remarks2.1_LA_Slicing/svp_simple_016/_mt_svp_simple_016_001_result/_cs_svp_simple_016_001_global_var1_wwr_mt_svp_simple_016_001.c line 179 function main_task_0 thread 0
----------------------------------------------------
  __cs_disable_thread[2l]=0 (0)

State 56 file /home/dell/zyworkspace/nichecker/Experiment/remarks2.1_LA_Slicing/svp_simple_016/_mt_svp_simple_016_001_result/_cs_svp_simple_016_001_global_var1_wwr_mt_svp_simple_016_001.c line 182 function main_task_0 thread 0
----------------------------------------------------
  __cs_disable_thread[0l]=0 (0)

State 58 file /home/dell/zyworkspace/nichecker/Experiment/remarks2.1_LA_Slicing/svp_simple_016/_mt_svp_simple_016_001_result/_cs_svp_simple_016_001_global_var1_wwr_mt_svp_simple_016_001.c line 193 function main_task_0 thread 0
----------------------------------------------------
  svp_simple_016_001_global_var1=1 (00000000000000000000000000000001)

State 59 file /home/dell/zyworkspace/nichecker/Experiment/remarks2.1_LA_Slicing/svp_simple_016/_mt_svp_simple_016_001_result/_cs_svp_simple_016_001_global_var1_wwr_mt_svp_simple_016_001.c line 195 function main_task_0 thread 0
----------------------------------------------------
  wwr_w_tmp1_num=1 (00000000000000000000000000000001)

State 60 file /home/dell/zyworkspace/nichecker/Experiment/remarks2.1_LA_Slicing/svp_simple_016/_mt_svp_simple_016_001_result/_cs_svp_simple_016_001_global_var1_wwr_mt_svp_simple_016_001.c line 196 function main_task_0 thread 0
----------------------------------------------------
  wwr_w_tmp1=1 (00000000000000000000000000000001)

State 66 file /home/dell/zyworkspace/nichecker/Experiment/remarks2.1_LA_Slicing/svp_simple_016/_mt_svp_simple_016_001_result/_cs_svp_simple_016_001_global_var1_wwr_mt_svp_simple_016_001.c line 254 function main_task_0 thread 0
----------------------------------------------------
  __cs_value_ptr=NULL (0000000000000000000000000000000000000000000000000000000000000000)

State 71 file /home/dell/zyworkspace/nichecker/Experiment/remarks2.1_LA_Slicing/svp_simple_016/_mt_svp_simple_016_001_result/_cs_svp_simple_016_001_global_var1_wwr_mt_svp_simple_016_001.c line 308 function main thread 0
----------------------------------------------------
  __cs_pc[1l]=2 (010)

State 72 file /home/dell/zyworkspace/nichecker/Experiment/remarks2.1_LA_Slicing/svp_simple_016/_mt_svp_simple_016_001_result/_cs_svp_simple_016_001_global_var1_wwr_mt_svp_simple_016_001.c line 314 function main thread 0
----------------------------------------------------
  __cs_tmp_t2_r0=0 (0)

State 74 file /home/dell/zyworkspace/nichecker/Experiment/remarks2.1_LA_Slicing/svp_simple_016/_mt_svp_simple_016_001_result/_cs_svp_simple_016_001_global_var1_wwr_mt_svp_simple_016_001.c line 319 function main thread 0
----------------------------------------------------
  __cs_thread_index=2 (10)

State 75 file /home/dell/zyworkspace/nichecker/Experiment/remarks2.1_LA_Slicing/svp_simple_016/_mt_svp_simple_016_001_result/_cs_svp_simple_016_001_global_var1_wwr_mt_svp_simple_016_001.c line 321 function main thread 0
----------------------------------------------------
  __cs_pc_cs[2l]=0 (000)

State 80 file /home/dell/zyworkspace/nichecker/Experiment/remarks2.1_LA_Slicing/svp_simple_016/_mt_svp_simple_016_001_result/_cs_svp_simple_016_001_global_var1_wwr_mt_svp_simple_016_001.c line 327 function main thread 0
----------------------------------------------------
  __cs_param_svp_simple_016_001_isr_1_arg=NULL (0000000000000000000000000000000000000000000000000000000000000000)

State 84 file /home/dell/zyworkspace/nichecker/Experiment/remarks2.1_LA_Slicing/svp_simple_016/_mt_svp_simple_016_001_result/_cs_svp_simple_016_001_global_var1_wwr_mt_svp_simple_016_001.c line 282 function svp_simple_016_001_isr_1_0 thread 0
----------------------------------------------------
  __cs_value_ptr=NULL (0000000000000000000000000000000000000000000000000000000000000000)

State 89 file /home/dell/zyworkspace/nichecker/Experiment/remarks2.1_LA_Slicing/svp_simple_016/_mt_svp_simple_016_001_result/_cs_svp_simple_016_001_global_var1_wwr_mt_svp_simple_016_001.c line 329 function main thread 0
----------------------------------------------------
  __cs_pc[2l]=0 (000)

State 90 file /home/dell/zyworkspace/nichecker/Experiment/remarks2.1_LA_Slicing/svp_simple_016/_mt_svp_simple_016_001_result/_cs_svp_simple_016_001_global_var1_wwr_mt_svp_simple_016_001.c line 339 function main thread 0
----------------------------------------------------
  __cs_tmp_t1_r1=2 (010)

State 92 file /home/dell/zyworkspace/nichecker/Experiment/remarks2.1_LA_Slicing/svp_simple_016/_mt_svp_simple_016_001_result/_cs_svp_simple_016_001_global_var1_wwr_mt_svp_simple_016_001.c line 344 function main thread 0
----------------------------------------------------
  __cs_thread_index=1 (01)

State 93 file /home/dell/zyworkspace/nichecker/Experiment/remarks2.1_LA_Slicing/svp_simple_016/_mt_svp_simple_016_001_result/_cs_svp_simple_016_001_global_var1_wwr_mt_svp_simple_016_001.c line 346 function main thread 0
----------------------------------------------------
  __cs_pc_cs[1l]=2 (010)

State 98 file /home/dell/zyworkspace/nichecker/Experiment/remarks2.1_LA_Slicing/svp_simple_016/_mt_svp_simple_016_001_result/_cs_svp_simple_016_001_global_var1_wwr_mt_svp_simple_016_001.c line 352 function main thread 0
----------------------------------------------------
  __cs_param_main_task_arg=NULL (0000000000000000000000000000000000000000000000000000000000000000)

State 106 file /home/dell/zyworkspace/nichecker/Experiment/remarks2.1_LA_Slicing/svp_simple_016/_mt_svp_simple_016_001_result/_cs_svp_simple_016_001_global_var1_wwr_mt_svp_simple_016_001.c line 254 function main_task_0 thread 0
----------------------------------------------------
  __cs_value_ptr=NULL (0000000000000000000000000000000000000000000000000000000000000000)

State 111 file /home/dell/zyworkspace/nichecker/Experiment/remarks2.1_LA_Slicing/svp_simple_016/_mt_svp_simple_016_001_result/_cs_svp_simple_016_001_global_var1_wwr_mt_svp_simple_016_001.c line 354 function main thread 0
----------------------------------------------------
  __cs_pc[1l]=2 (010)

State 112 file /home/dell/zyworkspace/nichecker/Experiment/remarks2.1_LA_Slicing/svp_simple_016/_mt_svp_simple_016_001_result/_cs_svp_simple_016_001_global_var1_wwr_mt_svp_simple_016_001.c line 360 function main thread 0
----------------------------------------------------
  __cs_tmp_t2_r1=1 (1)

State 114 file /home/dell/zyworkspace/nichecker/Experiment/remarks2.1_LA_Slicing/svp_simple_016/_mt_svp_simple_016_001_result/_cs_svp_simple_016_001_global_var1_wwr_mt_svp_simple_016_001.c line 365 function main thread 0
----------------------------------------------------
  __cs_thread_index=2 (10)

State 115 file /home/dell/zyworkspace/nichecker/Experiment/remarks2.1_LA_Slicing/svp_simple_016/_mt_svp_simple_016_001_result/_cs_svp_simple_016_001_global_var1_wwr_mt_svp_simple_016_001.c line 367 function main thread 0
----------------------------------------------------
  __cs_pc_cs[2l]=1 (001)

State 120 file /home/dell/zyworkspace/nichecker/Experiment/remarks2.1_LA_Slicing/svp_simple_016/_mt_svp_simple_016_001_result/_cs_svp_simple_016_001_global_var1_wwr_mt_svp_simple_016_001.c line 373 function main thread 0
----------------------------------------------------
  __cs_param_svp_simple_016_001_isr_1_arg=NULL (0000000000000000000000000000000000000000000000000000000000000000)

State 122 file /home/dell/zyworkspace/nichecker/Experiment/remarks2.1_LA_Slicing/svp_simple_016/_mt_svp_simple_016_001_result/_cs_svp_simple_016_001_global_var1_wwr_mt_svp_simple_016_001.c line 267 function svp_simple_016_001_isr_1_0 thread 0
----------------------------------------------------
  __cs_local_svp_simple_016_001_isr_1_i=0 (00000000000000000000000000000000)

State 123 file /home/dell/zyworkspace/nichecker/Experiment/remarks2.1_LA_Slicing/svp_simple_016/_mt_svp_simple_016_001_result/_cs_svp_simple_016_001_global_var1_wwr_mt_svp_simple_016_001.c line 271 function svp_simple_016_001_isr_1_0 thread 0
----------------------------------------------------
  svp_simple_016_001_global_var1=9 (00000000000000000000000000001001)

State 127 file /home/dell/zyworkspace/nichecker/Experiment/remarks2.1_LA_Slicing/svp_simple_016/_mt_svp_simple_016_001_result/_cs_svp_simple_016_001_global_var1_wwr_mt_svp_simple_016_001.c line 282 function svp_simple_016_001_isr_1_0 thread 0
----------------------------------------------------
  __cs_value_ptr=NULL (0000000000000000000000000000000000000000000000000000000000000000)

State 132 file /home/dell/zyworkspace/nichecker/Experiment/remarks2.1_LA_Slicing/svp_simple_016/_mt_svp_simple_016_001_result/_cs_svp_simple_016_001_global_var1_wwr_mt_svp_simple_016_001.c line 375 function main thread 0
----------------------------------------------------
  __cs_pc[2l]=1 (001)

State 133 file /home/dell/zyworkspace/nichecker/Experiment/remarks2.1_LA_Slicing/svp_simple_016/_mt_svp_simple_016_001_result/_cs_svp_simple_016_001_global_var1_wwr_mt_svp_simple_016_001.c line 379 function main thread 0
----------------------------------------------------
  __cs_tmp_t1_r2=3u (00000000000000000000000000000011)

State 135 file /home/dell/zyworkspace/nichecker/Experiment/remarks2.1_LA_Slicing/svp_simple_016/_mt_svp_simple_016_001_result/_cs_svp_simple_016_001_global_var1_wwr_mt_svp_simple_016_001.c line 384 function main thread 0
----------------------------------------------------
  __cs_thread_index=1 (01)

State 136 file /home/dell/zyworkspace/nichecker/Experiment/remarks2.1_LA_Slicing/svp_simple_016/_mt_svp_simple_016_001_result/_cs_svp_simple_016_001_global_var1_wwr_mt_svp_simple_016_001.c line 386 function main thread 0
----------------------------------------------------
  __cs_pc_cs[1l]=3 (011)

State 141 file /home/dell/zyworkspace/nichecker/Experiment/remarks2.1_LA_Slicing/svp_simple_016/_mt_svp_simple_016_001_result/_cs_svp_simple_016_001_global_var1_wwr_mt_svp_simple_016_001.c line 392 function main thread 0
----------------------------------------------------
  __cs_param_main_task_arg=NULL (0000000000000000000000000000000000000000000000000000000000000000)

State 145 file /home/dell/zyworkspace/nichecker/Experiment/remarks2.1_LA_Slicing/svp_simple_016/_mt_svp_simple_016_001_result/_cs_svp_simple_016_001_global_var1_wwr_mt_svp_simple_016_001.c line 204 function main_task_0 thread 0
----------------------------------------------------
  __cs_temporary_0=9 (00000000000000000000000000001001)

State 146 file /home/dell/zyworkspace/nichecker/Experiment/remarks2.1_LA_Slicing/svp_simple_016/_mt_svp_simple_016_001_result/_cs_svp_simple_016_001_global_var1_wwr_mt_svp_simple_016_001.c line 206 function main_task_0 thread 0
----------------------------------------------------
  wwr_r1=9 (00000000000000000000000000001001)

Violated property:
  file /home/dell/zyworkspace/nichecker/Experiment/remarks2.1_LA_Slicing/svp_simple_016/_mt_svp_simple_016_001_result/_cs_svp_simple_016_001_global_var1_wwr_mt_svp_simple_016_001.c line 208 function main_task_0
  assertion wwr_r1 == wwr_w_tmp1
  wwr_r1 == wwr_w_tmp1


** 1 of 3 failed (2 iterations)
VERIFICATION FAILED
