CBMC version 5.6 64-bit x86_64 linux
Parsing /home/dell/zyworkspace/nichecker/Experiment/remarks2.1_basic/svp_simple_026/_mt_svp_simple_026_001_result/_cs_svp_simple_026_001_gloable_var_rww_mt_svp_simple_026_001.c
<command-line>: warning: "__STDC_VERSION__" redefined
<built-in>: note: this is the location of the previous definition
Converting
Type-checking _cs_svp_simple_026_001_gloable_var_rww_mt_svp_simple_026_001
file /home/dell/zyworkspace/nichecker/Experiment/remarks2.1_basic/svp_simple_026/_mt_svp_simple_026_001_result/_cs_svp_simple_026_001_gloable_var_rww_mt_svp_simple_026_001.c line 197 function main_task_0: function `nondet_rand' is not declared
file /home/dell/zyworkspace/nichecker/Experiment/remarks2.1_basic/svp_simple_026/_mt_svp_simple_026_001_result/_cs_svp_simple_026_001_gloable_var_rww_mt_svp_simple_026_001.c line 246 function main_task_0: function `assert' is not declared
Generating GOTO Program
Adding CPROVER library (x86_64)
Removal of function pointers and virtual functions
Partial Inlining
Generic Property Instrumentation
Starting Bounded Model Checking
**** WARNING: no body for function disable_isr
**** WARNING: no body for function enable_isr
size of program expression: 605 steps
simple slicing removed 44 assignments
Generated 5 VCC(s), 5 remaining after simplification
Passing problem to propositional reduction
converting SSA
Running propositional reduction
Post-processing
Solving with MiniSAT 2.2.1 with simplifier
3538 variables, 10400 clauses
SAT checker: instance is SATISFIABLE
Solving with MiniSAT 2.2.1 with simplifier
3538 variables, 4288 clauses
SAT checker: instance is SATISFIABLE
Runtime decision procedure: 0.028s

** Results:
[main_task_0.assertion.1] assertion rww_w1 == rww_r_tmp1: FAILURE
[svp_simple_026_001_isr_1_0.assertion.1] assertion rww_w2 == rww_r_tmp2: FAILURE

Trace for main_task_0.assertion.1:

State 43 file /home/dell/zyworkspace/nichecker/Experiment/remarks2.1_basic/svp_simple_026/_mt_svp_simple_026_001_result/_cs_svp_simple_026_001_gloable_var_rww_mt_svp_simple_026_001.c line 354 function main thread 0
----------------------------------------------------
  __cs_tmp_t1_r0=3 (011)

State 45 file /home/dell/zyworkspace/nichecker/Experiment/remarks2.1_basic/svp_simple_026/_mt_svp_simple_026_001_result/_cs_svp_simple_026_001_gloable_var_rww_mt_svp_simple_026_001.c line 358 function main thread 0
----------------------------------------------------
  __cs_thread_index=1 (001)

State 46 file /home/dell/zyworkspace/nichecker/Experiment/remarks2.1_basic/svp_simple_026/_mt_svp_simple_026_001_result/_cs_svp_simple_026_001_gloable_var_rww_mt_svp_simple_026_001.c line 360 function main thread 0
----------------------------------------------------
  __cs_pc_cs[1l]=3 (011)

State 51 file /home/dell/zyworkspace/nichecker/Experiment/remarks2.1_basic/svp_simple_026/_mt_svp_simple_026_001_result/_cs_svp_simple_026_001_gloable_var_rww_mt_svp_simple_026_001.c line 366 function main thread 0
----------------------------------------------------
  __cs_param_main_task_arg=NULL (0000000000000000000000000000000000000000000000000000000000000000)

State 56 file /home/dell/zyworkspace/nichecker/Experiment/remarks2.1_basic/svp_simple_026/_mt_svp_simple_026_001_result/_cs_svp_simple_026_001_gloable_var_rww_mt_svp_simple_026_001.c line 184 function main_task_0 thread 0
----------------------------------------------------
  __cs_disable_thread[3l]=1 (1)

State 57 file /home/dell/zyworkspace/nichecker/Experiment/remarks2.1_basic/svp_simple_026/_mt_svp_simple_026_001_result/_cs_svp_simple_026_001_gloable_var_rww_mt_svp_simple_026_001.c line 187 function main_task_0 thread 0
----------------------------------------------------
  __cs_disable_thread[2l]=1 (1)

State 58 file /home/dell/zyworkspace/nichecker/Experiment/remarks2.1_basic/svp_simple_026/_mt_svp_simple_026_001_result/_cs_svp_simple_026_001_gloable_var_rww_mt_svp_simple_026_001.c line 190 function main_task_0 thread 0
----------------------------------------------------
  __cs_disable_thread[0l]=1 (1)

State 60 file /home/dell/zyworkspace/nichecker/Experiment/remarks2.1_basic/svp_simple_026/_mt_svp_simple_026_001_result/_cs_svp_simple_026_001_gloable_var_rww_mt_svp_simple_026_001.c line 197 function main_task_0 thread 0
----------------------------------------------------
  svp_simple_026_001_gloable_var=14 (00000000000000000000000000001110)

State 64 file /home/dell/zyworkspace/nichecker/Experiment/remarks2.1_basic/svp_simple_026/_mt_svp_simple_026_001_result/_cs_svp_simple_026_001_gloable_var_rww_mt_svp_simple_026_001.c line 203 function main_task_0 thread 0
----------------------------------------------------
  __cs_disable_thread[3l]=0 (0)

State 65 file /home/dell/zyworkspace/nichecker/Experiment/remarks2.1_basic/svp_simple_026/_mt_svp_simple_026_001_result/_cs_svp_simple_026_001_gloable_var_rww_mt_svp_simple_026_001.c line 206 function main_task_0 thread 0
----------------------------------------------------
  __cs_disable_thread[2l]=0 (0)

State 66 file /home/dell/zyworkspace/nichecker/Experiment/remarks2.1_basic/svp_simple_026/_mt_svp_simple_026_001_result/_cs_svp_simple_026_001_gloable_var_rww_mt_svp_simple_026_001.c line 209 function main_task_0 thread 0
----------------------------------------------------
  __cs_disable_thread[0l]=0 (0)

State 70 file /home/dell/zyworkspace/nichecker/Experiment/remarks2.1_basic/svp_simple_026/_mt_svp_simple_026_001_result/_cs_svp_simple_026_001_gloable_var_rww_mt_svp_simple_026_001.c line 222 function main_task_0 thread 0
----------------------------------------------------
  __cs_disable_thread[2l]=1 (1)

State 72 file /home/dell/zyworkspace/nichecker/Experiment/remarks2.1_basic/svp_simple_026/_mt_svp_simple_026_001_result/_cs_svp_simple_026_001_gloable_var_rww_mt_svp_simple_026_001.c line 231 function main_task_0 thread 0
----------------------------------------------------
  __cs_local_main_task___cs_tmp_if_cond_0=TRUE (00000001)

State 73 file /home/dell/zyworkspace/nichecker/Experiment/remarks2.1_basic/svp_simple_026/_mt_svp_simple_026_001_result/_cs_svp_simple_026_001_gloable_var_rww_mt_svp_simple_026_001.c line 233 function main_task_0 thread 0
----------------------------------------------------
  rww_r_tmp1_num=1 (00000000000000000000000000000001)

State 74 file /home/dell/zyworkspace/nichecker/Experiment/remarks2.1_basic/svp_simple_026/_mt_svp_simple_026_001_result/_cs_svp_simple_026_001_gloable_var_rww_mt_svp_simple_026_001.c line 234 function main_task_0 thread 0
----------------------------------------------------
  rww_r_tmp1=14 (00000000000000000000000000001110)

State 79 file /home/dell/zyworkspace/nichecker/Experiment/remarks2.1_basic/svp_simple_026/_mt_svp_simple_026_001_result/_cs_svp_simple_026_001_gloable_var_rww_mt_svp_simple_026_001.c line 277 function main_task_0 thread 0
----------------------------------------------------
  __cs_value_ptr=NULL (0000000000000000000000000000000000000000000000000000000000000000)

State 84 file /home/dell/zyworkspace/nichecker/Experiment/remarks2.1_basic/svp_simple_026/_mt_svp_simple_026_001_result/_cs_svp_simple_026_001_gloable_var_rww_mt_svp_simple_026_001.c line 368 function main thread 0
----------------------------------------------------
  __cs_pc[1l]=3 (011)

State 85 file /home/dell/zyworkspace/nichecker/Experiment/remarks2.1_basic/svp_simple_026/_mt_svp_simple_026_001_result/_cs_svp_simple_026_001_gloable_var_rww_mt_svp_simple_026_001.c line 374 function main thread 0
----------------------------------------------------
  __cs_tmp_t2_r0=2 (10)

State 87 file /home/dell/zyworkspace/nichecker/Experiment/remarks2.1_basic/svp_simple_026/_mt_svp_simple_026_001_result/_cs_svp_simple_026_001_gloable_var_rww_mt_svp_simple_026_001.c line 395 function main thread 0
----------------------------------------------------
  __cs_tmp_t3_r0=0 (0)

State 89 file /home/dell/zyworkspace/nichecker/Experiment/remarks2.1_basic/svp_simple_026/_mt_svp_simple_026_001_result/_cs_svp_simple_026_001_gloable_var_rww_mt_svp_simple_026_001.c line 400 function main thread 0
----------------------------------------------------
  __cs_thread_index=3 (011)

State 90 file /home/dell/zyworkspace/nichecker/Experiment/remarks2.1_basic/svp_simple_026/_mt_svp_simple_026_001_result/_cs_svp_simple_026_001_gloable_var_rww_mt_svp_simple_026_001.c line 402 function main thread 0
----------------------------------------------------
  __cs_pc_cs[3l]=0 (000)

State 95 file /home/dell/zyworkspace/nichecker/Experiment/remarks2.1_basic/svp_simple_026/_mt_svp_simple_026_001_result/_cs_svp_simple_026_001_gloable_var_rww_mt_svp_simple_026_001.c line 408 function main thread 0
----------------------------------------------------
  __cs_param_svp_simple_026_001_isr_2_arg=NULL (0000000000000000000000000000000000000000000000000000000000000000)

State 99 file /home/dell/zyworkspace/nichecker/Experiment/remarks2.1_basic/svp_simple_026/_mt_svp_simple_026_001_result/_cs_svp_simple_026_001_gloable_var_rww_mt_svp_simple_026_001.c line 342 function svp_simple_026_001_isr_2_0 thread 0
----------------------------------------------------
  __cs_value_ptr=NULL (0000000000000000000000000000000000000000000000000000000000000000)

State 104 file /home/dell/zyworkspace/nichecker/Experiment/remarks2.1_basic/svp_simple_026/_mt_svp_simple_026_001_result/_cs_svp_simple_026_001_gloable_var_rww_mt_svp_simple_026_001.c line 410 function main thread 0
----------------------------------------------------
  __cs_pc[3l]=0 (000)

State 105 file /home/dell/zyworkspace/nichecker/Experiment/remarks2.1_basic/svp_simple_026/_mt_svp_simple_026_001_result/_cs_svp_simple_026_001_gloable_var_rww_mt_svp_simple_026_001.c line 420 function main thread 0
----------------------------------------------------
  __cs_tmp_t1_r1=3 (011)

State 112 file /home/dell/zyworkspace/nichecker/Experiment/remarks2.1_basic/svp_simple_026/_mt_svp_simple_026_001_result/_cs_svp_simple_026_001_gloable_var_rww_mt_svp_simple_026_001.c line 425 function main thread 0
----------------------------------------------------
  __cs_thread_index=1 (001)

State 113 file /home/dell/zyworkspace/nichecker/Experiment/remarks2.1_basic/svp_simple_026/_mt_svp_simple_026_001_result/_cs_svp_simple_026_001_gloable_var_rww_mt_svp_simple_026_001.c line 427 function main thread 0
----------------------------------------------------
  __cs_pc_cs[1l]=3 (011)

State 118 file /home/dell/zyworkspace/nichecker/Experiment/remarks2.1_basic/svp_simple_026/_mt_svp_simple_026_001_result/_cs_svp_simple_026_001_gloable_var_rww_mt_svp_simple_026_001.c line 433 function main thread 0
----------------------------------------------------
  __cs_param_main_task_arg=NULL (0000000000000000000000000000000000000000000000000000000000000000)

State 125 file /home/dell/zyworkspace/nichecker/Experiment/remarks2.1_basic/svp_simple_026/_mt_svp_simple_026_001_result/_cs_svp_simple_026_001_gloable_var_rww_mt_svp_simple_026_001.c line 277 function main_task_0 thread 0
----------------------------------------------------
  __cs_value_ptr=NULL (0000000000000000000000000000000000000000000000000000000000000000)

State 130 file /home/dell/zyworkspace/nichecker/Experiment/remarks2.1_basic/svp_simple_026/_mt_svp_simple_026_001_result/_cs_svp_simple_026_001_gloable_var_rww_mt_svp_simple_026_001.c line 435 function main thread 0
----------------------------------------------------
  __cs_pc[1l]=3 (011)

State 131 file /home/dell/zyworkspace/nichecker/Experiment/remarks2.1_basic/svp_simple_026/_mt_svp_simple_026_001_result/_cs_svp_simple_026_001_gloable_var_rww_mt_svp_simple_026_001.c line 441 function main thread 0
----------------------------------------------------
  __cs_tmp_t2_r1=3 (11)

State 133 file /home/dell/zyworkspace/nichecker/Experiment/remarks2.1_basic/svp_simple_026/_mt_svp_simple_026_001_result/_cs_svp_simple_026_001_gloable_var_rww_mt_svp_simple_026_001.c line 462 function main thread 0
----------------------------------------------------
  __cs_tmp_t3_r1=1 (1)

State 135 file /home/dell/zyworkspace/nichecker/Experiment/remarks2.1_basic/svp_simple_026/_mt_svp_simple_026_001_result/_cs_svp_simple_026_001_gloable_var_rww_mt_svp_simple_026_001.c line 467 function main thread 0
----------------------------------------------------
  __cs_thread_index=3 (011)

State 136 file /home/dell/zyworkspace/nichecker/Experiment/remarks2.1_basic/svp_simple_026/_mt_svp_simple_026_001_result/_cs_svp_simple_026_001_gloable_var_rww_mt_svp_simple_026_001.c line 469 function main thread 0
----------------------------------------------------
  __cs_pc_cs[3l]=1 (001)

State 141 file /home/dell/zyworkspace/nichecker/Experiment/remarks2.1_basic/svp_simple_026/_mt_svp_simple_026_001_result/_cs_svp_simple_026_001_gloable_var_rww_mt_svp_simple_026_001.c line 475 function main thread 0
----------------------------------------------------
  __cs_param_svp_simple_026_001_isr_2_arg=NULL (0000000000000000000000000000000000000000000000000000000000000000)

State 143 file /home/dell/zyworkspace/nichecker/Experiment/remarks2.1_basic/svp_simple_026/_mt_svp_simple_026_001_result/_cs_svp_simple_026_001_gloable_var_rww_mt_svp_simple_026_001.c line 328 function svp_simple_026_001_isr_2_0 thread 0
----------------------------------------------------
  __cs_temporary_0=0 (00000000000000000000000000000000)

State 144 file /home/dell/zyworkspace/nichecker/Experiment/remarks2.1_basic/svp_simple_026/_mt_svp_simple_026_001_result/_cs_svp_simple_026_001_gloable_var_rww_mt_svp_simple_026_001.c line 330 function svp_simple_026_001_isr_2_0 thread 0
----------------------------------------------------
  __cs_temporary_0=13 (00000000000000000000000000001101)

State 145 file /home/dell/zyworkspace/nichecker/Experiment/remarks2.1_basic/svp_simple_026/_mt_svp_simple_026_001_result/_cs_svp_simple_026_001_gloable_var_rww_mt_svp_simple_026_001.c line 331 function svp_simple_026_001_isr_2_0 thread 0
----------------------------------------------------
  svp_simple_026_001_gloable_var=13 (00000000000000000000000000001101)

State 149 file /home/dell/zyworkspace/nichecker/Experiment/remarks2.1_basic/svp_simple_026/_mt_svp_simple_026_001_result/_cs_svp_simple_026_001_gloable_var_rww_mt_svp_simple_026_001.c line 342 function svp_simple_026_001_isr_2_0 thread 0
----------------------------------------------------
  __cs_value_ptr=NULL (0000000000000000000000000000000000000000000000000000000000000000)

State 154 file /home/dell/zyworkspace/nichecker/Experiment/remarks2.1_basic/svp_simple_026/_mt_svp_simple_026_001_result/_cs_svp_simple_026_001_gloable_var_rww_mt_svp_simple_026_001.c line 477 function main thread 0
----------------------------------------------------
  __cs_pc[3l]=1 (001)

State 155 file /home/dell/zyworkspace/nichecker/Experiment/remarks2.1_basic/svp_simple_026/_mt_svp_simple_026_001_result/_cs_svp_simple_026_001_gloable_var_rww_mt_svp_simple_026_001.c line 481 function main thread 0
----------------------------------------------------
  __cs_tmp_t1_r2=4u (00000000000000000000000000000100)

State 157 file /home/dell/zyworkspace/nichecker/Experiment/remarks2.1_basic/svp_simple_026/_mt_svp_simple_026_001_result/_cs_svp_simple_026_001_gloable_var_rww_mt_svp_simple_026_001.c line 486 function main thread 0
----------------------------------------------------
  __cs_thread_index=1 (001)

State 158 file /home/dell/zyworkspace/nichecker/Experiment/remarks2.1_basic/svp_simple_026/_mt_svp_simple_026_001_result/_cs_svp_simple_026_001_gloable_var_rww_mt_svp_simple_026_001.c line 488 function main thread 0
----------------------------------------------------
  __cs_pc_cs[1l]=4 (100)

State 163 file /home/dell/zyworkspace/nichecker/Experiment/remarks2.1_basic/svp_simple_026/_mt_svp_simple_026_001_result/_cs_svp_simple_026_001_gloable_var_rww_mt_svp_simple_026_001.c line 494 function main thread 0
----------------------------------------------------
  __cs_param_main_task_arg=NULL (0000000000000000000000000000000000000000000000000000000000000000)

State 168 file /home/dell/zyworkspace/nichecker/Experiment/remarks2.1_basic/svp_simple_026/_mt_svp_simple_026_001_result/_cs_svp_simple_026_001_gloable_var_rww_mt_svp_simple_026_001.c line 244 function main_task_0 thread 0
----------------------------------------------------
  rww_w1=13 (00000000000000000000000000001101)

Violated property:
  file /home/dell/zyworkspace/nichecker/Experiment/remarks2.1_basic/svp_simple_026/_mt_svp_simple_026_001_result/_cs_svp_simple_026_001_gloable_var_rww_mt_svp_simple_026_001.c line 246 function main_task_0
  assertion rww_w1 == rww_r_tmp1
  rww_w1 == rww_r_tmp1


Trace for svp_simple_026_001_isr_1_0.assertion.1:

State 43 file /home/dell/zyworkspace/nichecker/Experiment/remarks2.1_basic/svp_simple_026/_mt_svp_simple_026_001_result/_cs_svp_simple_026_001_gloable_var_rww_mt_svp_simple_026_001.c line 354 function main thread 0
----------------------------------------------------
  __cs_tmp_t1_r0=4 (100)

State 45 file /home/dell/zyworkspace/nichecker/Experiment/remarks2.1_basic/svp_simple_026/_mt_svp_simple_026_001_result/_cs_svp_simple_026_001_gloable_var_rww_mt_svp_simple_026_001.c line 358 function main thread 0
----------------------------------------------------
  __cs_thread_index=1 (001)

State 46 file /home/dell/zyworkspace/nichecker/Experiment/remarks2.1_basic/svp_simple_026/_mt_svp_simple_026_001_result/_cs_svp_simple_026_001_gloable_var_rww_mt_svp_simple_026_001.c line 360 function main thread 0
----------------------------------------------------
  __cs_pc_cs[1l]=4 (100)

State 51 file /home/dell/zyworkspace/nichecker/Experiment/remarks2.1_basic/svp_simple_026/_mt_svp_simple_026_001_result/_cs_svp_simple_026_001_gloable_var_rww_mt_svp_simple_026_001.c line 366 function main thread 0
----------------------------------------------------
  __cs_param_main_task_arg=NULL (0000000000000000000000000000000000000000000000000000000000000000)

State 56 file /home/dell/zyworkspace/nichecker/Experiment/remarks2.1_basic/svp_simple_026/_mt_svp_simple_026_001_result/_cs_svp_simple_026_001_gloable_var_rww_mt_svp_simple_026_001.c line 184 function main_task_0 thread 0
----------------------------------------------------
  __cs_disable_thread[3l]=1 (1)

State 57 file /home/dell/zyworkspace/nichecker/Experiment/remarks2.1_basic/svp_simple_026/_mt_svp_simple_026_001_result/_cs_svp_simple_026_001_gloable_var_rww_mt_svp_simple_026_001.c line 187 function main_task_0 thread 0
----------------------------------------------------
  __cs_disable_thread[2l]=1 (1)

State 58 file /home/dell/zyworkspace/nichecker/Experiment/remarks2.1_basic/svp_simple_026/_mt_svp_simple_026_001_result/_cs_svp_simple_026_001_gloable_var_rww_mt_svp_simple_026_001.c line 190 function main_task_0 thread 0
----------------------------------------------------
  __cs_disable_thread[0l]=1 (1)

State 60 file /home/dell/zyworkspace/nichecker/Experiment/remarks2.1_basic/svp_simple_026/_mt_svp_simple_026_001_result/_cs_svp_simple_026_001_gloable_var_rww_mt_svp_simple_026_001.c line 197 function main_task_0 thread 0
----------------------------------------------------
  svp_simple_026_001_gloable_var=7 (00000000000000000000000000000111)

State 64 file /home/dell/zyworkspace/nichecker/Experiment/remarks2.1_basic/svp_simple_026/_mt_svp_simple_026_001_result/_cs_svp_simple_026_001_gloable_var_rww_mt_svp_simple_026_001.c line 203 function main_task_0 thread 0
----------------------------------------------------
  __cs_disable_thread[3l]=0 (0)

State 65 file /home/dell/zyworkspace/nichecker/Experiment/remarks2.1_basic/svp_simple_026/_mt_svp_simple_026_001_result/_cs_svp_simple_026_001_gloable_var_rww_mt_svp_simple_026_001.c line 206 function main_task_0 thread 0
----------------------------------------------------
  __cs_disable_thread[2l]=0 (0)

State 66 file /home/dell/zyworkspace/nichecker/Experiment/remarks2.1_basic/svp_simple_026/_mt_svp_simple_026_001_result/_cs_svp_simple_026_001_gloable_var_rww_mt_svp_simple_026_001.c line 209 function main_task_0 thread 0
----------------------------------------------------
  __cs_disable_thread[0l]=0 (0)

State 70 file /home/dell/zyworkspace/nichecker/Experiment/remarks2.1_basic/svp_simple_026/_mt_svp_simple_026_001_result/_cs_svp_simple_026_001_gloable_var_rww_mt_svp_simple_026_001.c line 222 function main_task_0 thread 0
----------------------------------------------------
  __cs_disable_thread[2l]=1 (1)

State 72 file /home/dell/zyworkspace/nichecker/Experiment/remarks2.1_basic/svp_simple_026/_mt_svp_simple_026_001_result/_cs_svp_simple_026_001_gloable_var_rww_mt_svp_simple_026_001.c line 231 function main_task_0 thread 0
----------------------------------------------------
  __cs_local_main_task___cs_tmp_if_cond_0=FALSE (00000000)

State 73 file /home/dell/zyworkspace/nichecker/Experiment/remarks2.1_basic/svp_simple_026/_mt_svp_simple_026_001_result/_cs_svp_simple_026_001_gloable_var_rww_mt_svp_simple_026_001.c line 233 function main_task_0 thread 0
----------------------------------------------------
  rww_r_tmp1_num=1 (00000000000000000000000000000001)

State 74 file /home/dell/zyworkspace/nichecker/Experiment/remarks2.1_basic/svp_simple_026/_mt_svp_simple_026_001_result/_cs_svp_simple_026_001_gloable_var_rww_mt_svp_simple_026_001.c line 234 function main_task_0 thread 0
----------------------------------------------------
  rww_r_tmp1=7 (00000000000000000000000000000111)

State 80 file /home/dell/zyworkspace/nichecker/Experiment/remarks2.1_basic/svp_simple_026/_mt_svp_simple_026_001_result/_cs_svp_simple_026_001_gloable_var_rww_mt_svp_simple_026_001.c line 260 function main_task_0 thread 0
----------------------------------------------------
  __cs_disable_thread[2l]=0 (0)

State 84 file /home/dell/zyworkspace/nichecker/Experiment/remarks2.1_basic/svp_simple_026/_mt_svp_simple_026_001_result/_cs_svp_simple_026_001_gloable_var_rww_mt_svp_simple_026_001.c line 277 function main_task_0 thread 0
----------------------------------------------------
  __cs_value_ptr=NULL (0000000000000000000000000000000000000000000000000000000000000000)

State 89 file /home/dell/zyworkspace/nichecker/Experiment/remarks2.1_basic/svp_simple_026/_mt_svp_simple_026_001_result/_cs_svp_simple_026_001_gloable_var_rww_mt_svp_simple_026_001.c line 368 function main thread 0
----------------------------------------------------
  __cs_pc[1l]=4 (100)

State 90 file /home/dell/zyworkspace/nichecker/Experiment/remarks2.1_basic/svp_simple_026/_mt_svp_simple_026_001_result/_cs_svp_simple_026_001_gloable_var_rww_mt_svp_simple_026_001.c line 374 function main thread 0
----------------------------------------------------
  __cs_tmp_t2_r0=2 (10)

State 92 file /home/dell/zyworkspace/nichecker/Experiment/remarks2.1_basic/svp_simple_026/_mt_svp_simple_026_001_result/_cs_svp_simple_026_001_gloable_var_rww_mt_svp_simple_026_001.c line 379 function main thread 0
----------------------------------------------------
  __cs_thread_index=2 (010)

State 93 file /home/dell/zyworkspace/nichecker/Experiment/remarks2.1_basic/svp_simple_026/_mt_svp_simple_026_001_result/_cs_svp_simple_026_001_gloable_var_rww_mt_svp_simple_026_001.c line 381 function main thread 0
----------------------------------------------------
  __cs_pc_cs[2l]=2 (010)

State 98 file /home/dell/zyworkspace/nichecker/Experiment/remarks2.1_basic/svp_simple_026/_mt_svp_simple_026_001_result/_cs_svp_simple_026_001_gloable_var_rww_mt_svp_simple_026_001.c line 387 function main thread 0
----------------------------------------------------
  __cs_param_svp_simple_026_001_isr_1_arg=NULL (0000000000000000000000000000000000000000000000000000000000000000)

State 100 file /home/dell/zyworkspace/nichecker/Experiment/remarks2.1_basic/svp_simple_026/_mt_svp_simple_026_001_result/_cs_svp_simple_026_001_gloable_var_rww_mt_svp_simple_026_001.c line 288 function svp_simple_026_001_isr_1_0 thread 0
----------------------------------------------------
  __cs_temporary_0=0 (00000000000000000000000000000000)

State 102 file /home/dell/zyworkspace/nichecker/Experiment/remarks2.1_basic/svp_simple_026/_mt_svp_simple_026_001_result/_cs_svp_simple_026_001_gloable_var_rww_mt_svp_simple_026_001.c line 292 function svp_simple_026_001_isr_1_0 thread 0
----------------------------------------------------
  __cs_temporary_0=8 (00000000000000000000000000001000)

State 103 file /home/dell/zyworkspace/nichecker/Experiment/remarks2.1_basic/svp_simple_026/_mt_svp_simple_026_001_result/_cs_svp_simple_026_001_gloable_var_rww_mt_svp_simple_026_001.c line 294 function svp_simple_026_001_isr_1_0 thread 0
----------------------------------------------------
  rww_r_tmp2_num=1 (00000000000000000000000000000001)

State 104 file /home/dell/zyworkspace/nichecker/Experiment/remarks2.1_basic/svp_simple_026/_mt_svp_simple_026_001_result/_cs_svp_simple_026_001_gloable_var_rww_mt_svp_simple_026_001.c line 295 function svp_simple_026_001_isr_1_0 thread 0
----------------------------------------------------
  rww_r_tmp2=7 (00000000000000000000000000000111)

State 108 file /home/dell/zyworkspace/nichecker/Experiment/remarks2.1_basic/svp_simple_026/_mt_svp_simple_026_001_result/_cs_svp_simple_026_001_gloable_var_rww_mt_svp_simple_026_001.c line 317 function svp_simple_026_001_isr_1_0 thread 0
----------------------------------------------------
  __cs_value_ptr=NULL (0000000000000000000000000000000000000000000000000000000000000000)

State 113 file /home/dell/zyworkspace/nichecker/Experiment/remarks2.1_basic/svp_simple_026/_mt_svp_simple_026_001_result/_cs_svp_simple_026_001_gloable_var_rww_mt_svp_simple_026_001.c line 389 function main thread 0
----------------------------------------------------
  __cs_pc[2l]=2 (010)

State 114 file /home/dell/zyworkspace/nichecker/Experiment/remarks2.1_basic/svp_simple_026/_mt_svp_simple_026_001_result/_cs_svp_simple_026_001_gloable_var_rww_mt_svp_simple_026_001.c line 395 function main thread 0
----------------------------------------------------
  __cs_tmp_t3_r0=1 (1)

State 116 file /home/dell/zyworkspace/nichecker/Experiment/remarks2.1_basic/svp_simple_026/_mt_svp_simple_026_001_result/_cs_svp_simple_026_001_gloable_var_rww_mt_svp_simple_026_001.c line 400 function main thread 0
----------------------------------------------------
  __cs_thread_index=3 (011)

State 117 file /home/dell/zyworkspace/nichecker/Experiment/remarks2.1_basic/svp_simple_026/_mt_svp_simple_026_001_result/_cs_svp_simple_026_001_gloable_var_rww_mt_svp_simple_026_001.c line 402 function main thread 0
----------------------------------------------------
  __cs_pc_cs[3l]=1 (001)

State 122 file /home/dell/zyworkspace/nichecker/Experiment/remarks2.1_basic/svp_simple_026/_mt_svp_simple_026_001_result/_cs_svp_simple_026_001_gloable_var_rww_mt_svp_simple_026_001.c line 408 function main thread 0
----------------------------------------------------
  __cs_param_svp_simple_026_001_isr_2_arg=NULL (0000000000000000000000000000000000000000000000000000000000000000)

State 124 file /home/dell/zyworkspace/nichecker/Experiment/remarks2.1_basic/svp_simple_026/_mt_svp_simple_026_001_result/_cs_svp_simple_026_001_gloable_var_rww_mt_svp_simple_026_001.c line 328 function svp_simple_026_001_isr_2_0 thread 0
----------------------------------------------------
  __cs_temporary_0=0 (00000000000000000000000000000000)

State 125 file /home/dell/zyworkspace/nichecker/Experiment/remarks2.1_basic/svp_simple_026/_mt_svp_simple_026_001_result/_cs_svp_simple_026_001_gloable_var_rww_mt_svp_simple_026_001.c line 330 function svp_simple_026_001_isr_2_0 thread 0
----------------------------------------------------
  __cs_temporary_0=6 (00000000000000000000000000000110)

State 126 file /home/dell/zyworkspace/nichecker/Experiment/remarks2.1_basic/svp_simple_026/_mt_svp_simple_026_001_result/_cs_svp_simple_026_001_gloable_var_rww_mt_svp_simple_026_001.c line 331 function svp_simple_026_001_isr_2_0 thread 0
----------------------------------------------------
  svp_simple_026_001_gloable_var=6 (00000000000000000000000000000110)

State 130 file /home/dell/zyworkspace/nichecker/Experiment/remarks2.1_basic/svp_simple_026/_mt_svp_simple_026_001_result/_cs_svp_simple_026_001_gloable_var_rww_mt_svp_simple_026_001.c line 342 function svp_simple_026_001_isr_2_0 thread 0
----------------------------------------------------
  __cs_value_ptr=NULL (0000000000000000000000000000000000000000000000000000000000000000)

State 135 file /home/dell/zyworkspace/nichecker/Experiment/remarks2.1_basic/svp_simple_026/_mt_svp_simple_026_001_result/_cs_svp_simple_026_001_gloable_var_rww_mt_svp_simple_026_001.c line 410 function main thread 0
----------------------------------------------------
  __cs_pc[3l]=1 (001)

State 136 file /home/dell/zyworkspace/nichecker/Experiment/remarks2.1_basic/svp_simple_026/_mt_svp_simple_026_001_result/_cs_svp_simple_026_001_gloable_var_rww_mt_svp_simple_026_001.c line 420 function main thread 0
----------------------------------------------------
  __cs_tmp_t1_r1=0 (000)

State 142 file /home/dell/zyworkspace/nichecker/Experiment/remarks2.1_basic/svp_simple_026/_mt_svp_simple_026_001_result/_cs_svp_simple_026_001_gloable_var_rww_mt_svp_simple_026_001.c line 441 function main thread 0
----------------------------------------------------
  __cs_tmp_t2_r1=3 (11)

State 144 file /home/dell/zyworkspace/nichecker/Experiment/remarks2.1_basic/svp_simple_026/_mt_svp_simple_026_001_result/_cs_svp_simple_026_001_gloable_var_rww_mt_svp_simple_026_001.c line 446 function main thread 0
----------------------------------------------------
  __cs_thread_index=2 (010)

State 145 file /home/dell/zyworkspace/nichecker/Experiment/remarks2.1_basic/svp_simple_026/_mt_svp_simple_026_001_result/_cs_svp_simple_026_001_gloable_var_rww_mt_svp_simple_026_001.c line 448 function main thread 0
----------------------------------------------------
  __cs_pc_cs[2l]=3 (011)

State 150 file /home/dell/zyworkspace/nichecker/Experiment/remarks2.1_basic/svp_simple_026/_mt_svp_simple_026_001_result/_cs_svp_simple_026_001_gloable_var_rww_mt_svp_simple_026_001.c line 454 function main thread 0
----------------------------------------------------
  __cs_param_svp_simple_026_001_isr_1_arg=NULL (0000000000000000000000000000000000000000000000000000000000000000)

State 154 file /home/dell/zyworkspace/nichecker/Experiment/remarks2.1_basic/svp_simple_026/_mt_svp_simple_026_001_result/_cs_svp_simple_026_001_gloable_var_rww_mt_svp_simple_026_001.c line 300 function svp_simple_026_001_isr_1_0 thread 0
----------------------------------------------------
  rww_w2=6 (00000000000000000000000000000110)

Violated property:
  file /home/dell/zyworkspace/nichecker/Experiment/remarks2.1_basic/svp_simple_026/_mt_svp_simple_026_001_result/_cs_svp_simple_026_001_gloable_var_rww_mt_svp_simple_026_001.c line 302 function svp_simple_026_001_isr_1_0
  assertion rww_w2 == rww_r_tmp2
  rww_w2 == rww_r_tmp2


** 2 of 2 failed (2 iterations)
VERIFICATION FAILED
