2023-10-15 16:22:56
SVPCheck: True	LoopAbstraction: True	LabelReduction: False	Slice: True	

SVPCheck var: svp_simple_014_001_global_var1	pattern: rwr
--------------------------Run start-------------------------------
inliner
slice
LoopAbstraction
unroller
insertLabel
lazyseq
feeder  0.237
[91mUNSAFE[0m, counterexample: 1, time: 2.790 s, memory: 31.12 MB
--------------------------Run end---------------------------------
SVPCheck var: svp_simple_014_001_global_var2	pattern: rwr
--------------------------Run start-------------------------------
inliner
slice
LoopAbstraction
unroller
insertLabel
lazyseq
feeder  0.201
[92mSAFE[0m, counterexample: 0, time: 2.769 s, memory: 30.16 MB
--------------------------Run end---------------------------------
cbmcTimeSum: 0.438
modulesTimeSum: 5.559
