2023-10-15 16:52:07
SVPCheck: True	LoopAbstraction: False	LabelReduction: False	Slice: False	

SVPCheck var: svp_simple_011_001_global_var1	pattern: wrw
--------------------------Run start-------------------------------
inliner
slice
LoopAbstraction
unroller
insertLabel
lazyseq
feeder  0.192
[91mUNSAFE[0m, counterexample: 1, time: 1.637 s, memory: 29.52 MB
--------------------------Run end---------------------------------
SVPCheck var: svp_simple_011_001_global_var2	pattern: wrw
--------------------------Run start-------------------------------
inliner
slice
LoopAbstraction
unroller
insertLabel
lazyseq
feeder  0.189
[92mSAFE[0m, counterexample: 0, time: 1.630 s, memory: 29.69 MB
--------------------------Run end---------------------------------
SVPCheck var: svp_simple_011_001_global_var3	pattern: wrw
--------------------------Run start-------------------------------
inliner
slice
LoopAbstraction
unroller
insertLabel
lazyseq
feeder  0.189
[92mSAFE[0m, counterexample: 0, time: 1.623 s, memory: 29.44 MB
--------------------------Run end---------------------------------
SVPCheck var: svp_simple_011_001_u	pattern: wrw
--------------------------Run start-------------------------------
inliner
slice
LoopAbstraction
unroller
insertLabel
lazyseq
feeder  0.202
[91mUNSAFE[0m, counterexample: 1, time: 1.648 s, memory: 29.81 MB
--------------------------Run end---------------------------------
cbmcTimeSum: 0.772
modulesTimeSum: 6.538
