CBMC version 5.6 64-bit x86_64 linux
Parsing /home/dell/zyworkspace/nichecker/Experiment/remarks2.1/svp_simple_012/_mt_svp_simple_012_001_result/_cs_svp_simple_012_001_global_var_wrw_mt_svp_simple_012_001.c
<command-line>: warning: "__STDC_VERSION__" redefined
<built-in>: note: this is the location of the previous definition
Converting
Type-checking _cs_svp_simple_012_001_global_var_wrw_mt_svp_simple_012_001
file /home/dell/zyworkspace/nichecker/Experiment/remarks2.1/svp_simple_012/_mt_svp_simple_012_001_result/_cs_svp_simple_012_001_global_var_wrw_mt_svp_simple_012_001.c line 224 function main_task_0: function `assert' is not declared
Generating GOTO Program
Adding CPROVER library (x86_64)
Removal of function pointers and virtual functions
Partial Inlining
Generic Property Instrumentation
Starting Bounded Model Checking
**** WARNING: no body for function enable_isr
size of program expression: 275 steps
simple slicing removed 23 assignments
Generated 2 VCC(s), 2 remaining after simplification
Passing problem to propositional reduction
converting SSA
Running propositional reduction
Post-processing
Solving with MiniSAT 2.2.1 with simplifier
405 variables, 309 clauses
SAT checker: instance is UNSATISFIABLE
Runtime decision procedure: 0.001s

** Results:
[main_task_0.assertion.1] assertion wrw_a_1 == 0: SUCCESS

** 0 of 1 failed (1 iteration)
VERIFICATION SUCCESSFUL
