CBMC version 5.6 64-bit x86_64 linux
Parsing /home/dell/zyworkspace/nichecker/Experiment/icbmc/i8xx_tco_2/_mt_main_n_result/_cs___mt_main_n.c
<command-line>: warning: "__STDC_VERSION__" redefined
<built-in>: note: this is the location of the previous definition
Converting
Type-checking _cs___mt_main_n
file /home/dell/zyworkspace/nichecker/Experiment/icbmc/i8xx_tco_2/_mt_main_n_result/_cs___mt_main_n.c line 422 function closer2_isr_0: function `tco_timer_stop' is not declared
file /home/dell/zyworkspace/nichecker/Experiment/icbmc/i8xx_tco_2/_mt_main_n_result/_cs___mt_main_n.c line 428 function closer2_isr_0: function `assert' is not declared
Generating GOTO Program
Adding CPROVER library (x86_64)
Removal of function pointers and virtual functions
Partial Inlining
Generic Property Instrumentation
Starting Bounded Model Checking
**** WARNING: no body for function tco_timer_stop
size of program expression: 1012 steps
simple slicing removed 210 assignments
Generated 2 VCC(s), 2 remaining after simplification
Passing problem to propositional reduction
converting SSA
Running propositional reduction
Post-processing
Solving with MiniSAT 2.2.1 with simplifier
2201 variables, 5109 clauses
SAT checker: instance is UNSATISFIABLE
Runtime decision procedure: 0.013s

** Results:
[closer2_isr_0.assertion.1] assertion 0: SUCCESS

** 0 of 1 failed (1 iteration)
VERIFICATION SUCCESSFUL
