CBMC version 5.6 64-bit x86_64 linux
Parsing /home/dell/zyworkspace/nichecker/Experiment/remarks2.1/svp_simple_004/_mt_svp_simple_004_001_result/_cs_svp_simple_004_001_global_var1_rwr_mt_svp_simple_004_001.c
<command-line>: warning: "__STDC_VERSION__" redefined
<built-in>: note: this is the location of the previous definition
Converting
Type-checking _cs_svp_simple_004_001_global_var1_rwr_mt_svp_simple_004_001
file /home/dell/zyworkspace/nichecker/Experiment/remarks2.1/svp_simple_004/_mt_svp_simple_004_001_result/_cs_svp_simple_004_001_global_var1_rwr_mt_svp_simple_004_001.c line 315 function main_task_0: function `assert' is not declared
Generating GOTO Program
Adding CPROVER library (x86_64)
Removal of function pointers and virtual functions
Partial Inlining
Generic Property Instrumentation
Starting Bounded Model Checking
**** WARNING: no body for function enable_isr
**** WARNING: no body for function disable_isr
size of program expression: 604 steps
simple slicing removed 41 assignments
Generated 5 VCC(s), 5 remaining after simplification
Passing problem to propositional reduction
converting SSA
Running propositional reduction
Post-processing
Solving with MiniSAT 2.2.1 with simplifier
2470 variables, 4891 clauses
SAT checker: instance is SATISFIABLE
Solving with MiniSAT 2.2.1 with simplifier
2470 variables, 430 clauses
SAT checker: instance is UNSATISFIABLE
Runtime decision procedure: 0.01s

** Results:
[main_task_0.assertion.1] assertion rwr_r1 == rwr_tmp1: SUCCESS
[main_task_0.assertion.2] assertion rwr_r2 == rwr_tmp1: FAILURE

Trace for main_task_0.assertion.2:

State 56 file /home/dell/zyworkspace/nichecker/Experiment/remarks2.1/svp_simple_004/_mt_svp_simple_004_001_result/_cs_svp_simple_004_001_global_var1_rwr_mt_svp_simple_004_001.c line 377 function main thread 0
----------------------------------------------------
  __cs_tmp_t1_r0=1 (001)

State 58 file /home/dell/zyworkspace/nichecker/Experiment/remarks2.1/svp_simple_004/_mt_svp_simple_004_001_result/_cs_svp_simple_004_001_global_var1_rwr_mt_svp_simple_004_001.c line 381 function main thread 0
----------------------------------------------------
  __cs_thread_index=1 (001)

State 59 file /home/dell/zyworkspace/nichecker/Experiment/remarks2.1/svp_simple_004/_mt_svp_simple_004_001_result/_cs_svp_simple_004_001_global_var1_rwr_mt_svp_simple_004_001.c line 383 function main thread 0
----------------------------------------------------
  __cs_pc_cs[1l]=1 (001)

State 64 file /home/dell/zyworkspace/nichecker/Experiment/remarks2.1/svp_simple_004/_mt_svp_simple_004_001_result/_cs_svp_simple_004_001_global_var1_rwr_mt_svp_simple_004_001.c line 389 function main thread 0
----------------------------------------------------
  __cs_param_main_task_arg=NULL (0000000000000000000000000000000000000000000000000000000000000000)

State 69 file /home/dell/zyworkspace/nichecker/Experiment/remarks2.1/svp_simple_004/_mt_svp_simple_004_001_result/_cs_svp_simple_004_001_global_var1_rwr_mt_svp_simple_004_001.c line 259 function main_task_0 thread 0
----------------------------------------------------
  __cs_disable_thread[3l]=0 (0)

State 70 file /home/dell/zyworkspace/nichecker/Experiment/remarks2.1/svp_simple_004/_mt_svp_simple_004_001_result/_cs_svp_simple_004_001_global_var1_rwr_mt_svp_simple_004_001.c line 262 function main_task_0 thread 0
----------------------------------------------------
  __cs_disable_thread[2l]=0 (0)

State 71 file /home/dell/zyworkspace/nichecker/Experiment/remarks2.1/svp_simple_004/_mt_svp_simple_004_001_result/_cs_svp_simple_004_001_global_var1_rwr_mt_svp_simple_004_001.c line 265 function main_task_0 thread 0
----------------------------------------------------
  __cs_disable_thread[0l]=0 (0)

State 77 file /home/dell/zyworkspace/nichecker/Experiment/remarks2.1/svp_simple_004/_mt_svp_simple_004_001_result/_cs_svp_simple_004_001_global_var1_rwr_mt_svp_simple_004_001.c line 365 function main_task_0 thread 0
----------------------------------------------------
  __cs_value_ptr=NULL (0000000000000000000000000000000000000000000000000000000000000000)

State 82 file /home/dell/zyworkspace/nichecker/Experiment/remarks2.1/svp_simple_004/_mt_svp_simple_004_001_result/_cs_svp_simple_004_001_global_var1_rwr_mt_svp_simple_004_001.c line 391 function main thread 0
----------------------------------------------------
  __cs_pc[1l]=1 (001)

State 83 file /home/dell/zyworkspace/nichecker/Experiment/remarks2.1/svp_simple_004/_mt_svp_simple_004_001_result/_cs_svp_simple_004_001_global_var1_rwr_mt_svp_simple_004_001.c line 397 function main thread 0
----------------------------------------------------
  __cs_tmp_t2_r0=0 (00)

State 85 file /home/dell/zyworkspace/nichecker/Experiment/remarks2.1/svp_simple_004/_mt_svp_simple_004_001_result/_cs_svp_simple_004_001_global_var1_rwr_mt_svp_simple_004_001.c line 402 function main thread 0
----------------------------------------------------
  __cs_thread_index=2 (010)

State 86 file /home/dell/zyworkspace/nichecker/Experiment/remarks2.1/svp_simple_004/_mt_svp_simple_004_001_result/_cs_svp_simple_004_001_global_var1_rwr_mt_svp_simple_004_001.c line 404 function main thread 0
----------------------------------------------------
  __cs_pc_cs[2l]=0 (000)

State 91 file /home/dell/zyworkspace/nichecker/Experiment/remarks2.1/svp_simple_004/_mt_svp_simple_004_001_result/_cs_svp_simple_004_001_global_var1_rwr_mt_svp_simple_004_001.c line 410 function main thread 0
----------------------------------------------------
  __cs_param_svp_simple_004_001_isr_1_arg=NULL (0000000000000000000000000000000000000000000000000000000000000000)

State 96 file /home/dell/zyworkspace/nichecker/Experiment/remarks2.1/svp_simple_004/_mt_svp_simple_004_001_result/_cs_svp_simple_004_001_global_var1_rwr_mt_svp_simple_004_001.c line 247 function svp_simple_004_001_isr_1_0 thread 0
----------------------------------------------------
  __cs_value_ptr=NULL (0000000000000000000000000000000000000000000000000000000000000000)

State 101 file /home/dell/zyworkspace/nichecker/Experiment/remarks2.1/svp_simple_004/_mt_svp_simple_004_001_result/_cs_svp_simple_004_001_global_var1_rwr_mt_svp_simple_004_001.c line 412 function main thread 0
----------------------------------------------------
  __cs_pc[2l]=0 (000)

State 102 file /home/dell/zyworkspace/nichecker/Experiment/remarks2.1/svp_simple_004/_mt_svp_simple_004_001_result/_cs_svp_simple_004_001_global_var1_rwr_mt_svp_simple_004_001.c line 418 function main thread 0
----------------------------------------------------
  __cs_tmp_t3_r0=0 (0)

State 104 file /home/dell/zyworkspace/nichecker/Experiment/remarks2.1/svp_simple_004/_mt_svp_simple_004_001_result/_cs_svp_simple_004_001_global_var1_rwr_mt_svp_simple_004_001.c line 423 function main thread 0
----------------------------------------------------
  __cs_thread_index=3 (011)

State 105 file /home/dell/zyworkspace/nichecker/Experiment/remarks2.1/svp_simple_004/_mt_svp_simple_004_001_result/_cs_svp_simple_004_001_global_var1_rwr_mt_svp_simple_004_001.c line 425 function main thread 0
----------------------------------------------------
  __cs_pc_cs[3l]=0 (000)

State 110 file /home/dell/zyworkspace/nichecker/Experiment/remarks2.1/svp_simple_004/_mt_svp_simple_004_001_result/_cs_svp_simple_004_001_global_var1_rwr_mt_svp_simple_004_001.c line 431 function main thread 0
----------------------------------------------------
  __cs_param_svp_simple_004_001_isr_2_arg=NULL (0000000000000000000000000000000000000000000000000000000000000000)

State 114 file /home/dell/zyworkspace/nichecker/Experiment/remarks2.1/svp_simple_004/_mt_svp_simple_004_001_result/_cs_svp_simple_004_001_global_var1_rwr_mt_svp_simple_004_001.c line 203 function svp_simple_004_001_isr_2_0 thread 0
----------------------------------------------------
  __cs_value_ptr=NULL (0000000000000000000000000000000000000000000000000000000000000000)

State 119 file /home/dell/zyworkspace/nichecker/Experiment/remarks2.1/svp_simple_004/_mt_svp_simple_004_001_result/_cs_svp_simple_004_001_global_var1_rwr_mt_svp_simple_004_001.c line 433 function main thread 0
----------------------------------------------------
  __cs_pc[3l]=0 (000)

State 120 file /home/dell/zyworkspace/nichecker/Experiment/remarks2.1/svp_simple_004/_mt_svp_simple_004_001_result/_cs_svp_simple_004_001_global_var1_rwr_mt_svp_simple_004_001.c line 443 function main thread 0
----------------------------------------------------
  __cs_tmp_t1_r1=2 (010)

State 127 file /home/dell/zyworkspace/nichecker/Experiment/remarks2.1/svp_simple_004/_mt_svp_simple_004_001_result/_cs_svp_simple_004_001_global_var1_rwr_mt_svp_simple_004_001.c line 448 function main thread 0
----------------------------------------------------
  __cs_thread_index=1 (001)

State 128 file /home/dell/zyworkspace/nichecker/Experiment/remarks2.1/svp_simple_004/_mt_svp_simple_004_001_result/_cs_svp_simple_004_001_global_var1_rwr_mt_svp_simple_004_001.c line 450 function main thread 0
----------------------------------------------------
  __cs_pc_cs[1l]=2 (010)

State 133 file /home/dell/zyworkspace/nichecker/Experiment/remarks2.1/svp_simple_004/_mt_svp_simple_004_001_result/_cs_svp_simple_004_001_global_var1_rwr_mt_svp_simple_004_001.c line 456 function main thread 0
----------------------------------------------------
  __cs_param_main_task_arg=NULL (0000000000000000000000000000000000000000000000000000000000000000)

State 136 file /home/dell/zyworkspace/nichecker/Experiment/remarks2.1/svp_simple_004/_mt_svp_simple_004_001_result/_cs_svp_simple_004_001_global_var1_rwr_mt_svp_simple_004_001.c line 280 function main_task_0 thread 0
----------------------------------------------------
  __cs_local_main_task_reader3=0 (00000000000000000000000000000000)

State 137 file /home/dell/zyworkspace/nichecker/Experiment/remarks2.1/svp_simple_004/_mt_svp_simple_004_001_result/_cs_svp_simple_004_001_global_var1_rwr_mt_svp_simple_004_001.c line 284 function main_task_0 thread 0
----------------------------------------------------
  __cs_local_main_task_reader4=0 (00000000000000000000000000000000)

State 138 file /home/dell/zyworkspace/nichecker/Experiment/remarks2.1/svp_simple_004/_mt_svp_simple_004_001_result/_cs_svp_simple_004_001_global_var1_rwr_mt_svp_simple_004_001.c line 288 function main_task_0 thread 0
----------------------------------------------------
  __cs_local_main_task_reader5=0 (00000000000000000000000000000000)

State 139 file /home/dell/zyworkspace/nichecker/Experiment/remarks2.1/svp_simple_004/_mt_svp_simple_004_001_result/_cs_svp_simple_004_001_global_var1_rwr_mt_svp_simple_004_001.c line 292 function main_task_0 thread 0
----------------------------------------------------
  __cs_local_main_task_reader6=0 (00000000000000000000000000000000)

State 143 file /home/dell/zyworkspace/nichecker/Experiment/remarks2.1/svp_simple_004/_mt_svp_simple_004_001_result/_cs_svp_simple_004_001_global_var1_rwr_mt_svp_simple_004_001.c line 297 function main_task_0 thread 0
----------------------------------------------------
  __cs_disable_thread[3l]=1 (1)

State 144 file /home/dell/zyworkspace/nichecker/Experiment/remarks2.1/svp_simple_004/_mt_svp_simple_004_001_result/_cs_svp_simple_004_001_global_var1_rwr_mt_svp_simple_004_001.c line 304 function main_task_0 thread 0
----------------------------------------------------
  __cs_local_main_task___cs_tmp_if_cond_0=TRUE (00000001)

State 146 file /home/dell/zyworkspace/nichecker/Experiment/remarks2.1/svp_simple_004/_mt_svp_simple_004_001_result/_cs_svp_simple_004_001_global_var1_rwr_mt_svp_simple_004_001.c line 311 function main_task_0 thread 0
----------------------------------------------------
  __cs_local_main_task_reader1=17 (00000000000000000000000000010001)

State 147 file /home/dell/zyworkspace/nichecker/Experiment/remarks2.1/svp_simple_004/_mt_svp_simple_004_001_result/_cs_svp_simple_004_001_global_var1_rwr_mt_svp_simple_004_001.c line 313 function main_task_0 thread 0
----------------------------------------------------
  rwr_r1=17 (00000000000000000000000000010001)

State 149 file /home/dell/zyworkspace/nichecker/Experiment/remarks2.1/svp_simple_004/_mt_svp_simple_004_001_result/_cs_svp_simple_004_001_global_var1_rwr_mt_svp_simple_004_001.c line 317 function main_task_0 thread 0
----------------------------------------------------
  rwr_tmp1_num=1 (00000000000000000000000000000001)

State 150 file /home/dell/zyworkspace/nichecker/Experiment/remarks2.1/svp_simple_004/_mt_svp_simple_004_001_result/_cs_svp_simple_004_001_global_var1_rwr_mt_svp_simple_004_001.c line 318 function main_task_0 thread 0
----------------------------------------------------
  rwr_tmp1=17 (00000000000000000000000000010001)

State 155 file /home/dell/zyworkspace/nichecker/Experiment/remarks2.1/svp_simple_004/_mt_svp_simple_004_001_result/_cs_svp_simple_004_001_global_var1_rwr_mt_svp_simple_004_001.c line 365 function main_task_0 thread 0
----------------------------------------------------
  __cs_value_ptr=NULL (0000000000000000000000000000000000000000000000000000000000000000)

State 160 file /home/dell/zyworkspace/nichecker/Experiment/remarks2.1/svp_simple_004/_mt_svp_simple_004_001_result/_cs_svp_simple_004_001_global_var1_rwr_mt_svp_simple_004_001.c line 458 function main thread 0
----------------------------------------------------
  __cs_pc[1l]=2 (010)

State 161 file /home/dell/zyworkspace/nichecker/Experiment/remarks2.1/svp_simple_004/_mt_svp_simple_004_001_result/_cs_svp_simple_004_001_global_var1_rwr_mt_svp_simple_004_001.c line 464 function main thread 0
----------------------------------------------------
  __cs_tmp_t2_r1=1 (01)

State 163 file /home/dell/zyworkspace/nichecker/Experiment/remarks2.1/svp_simple_004/_mt_svp_simple_004_001_result/_cs_svp_simple_004_001_global_var1_rwr_mt_svp_simple_004_001.c line 469 function main thread 0
----------------------------------------------------
  __cs_thread_index=2 (010)

State 164 file /home/dell/zyworkspace/nichecker/Experiment/remarks2.1/svp_simple_004/_mt_svp_simple_004_001_result/_cs_svp_simple_004_001_global_var1_rwr_mt_svp_simple_004_001.c line 471 function main thread 0
----------------------------------------------------
  __cs_pc_cs[2l]=1 (001)

State 169 file /home/dell/zyworkspace/nichecker/Experiment/remarks2.1/svp_simple_004/_mt_svp_simple_004_001_result/_cs_svp_simple_004_001_global_var1_rwr_mt_svp_simple_004_001.c line 477 function main thread 0
----------------------------------------------------
  __cs_param_svp_simple_004_001_isr_1_arg=NULL (0000000000000000000000000000000000000000000000000000000000000000)

State 171 file /home/dell/zyworkspace/nichecker/Experiment/remarks2.1/svp_simple_004/_mt_svp_simple_004_001_result/_cs_svp_simple_004_001_global_var1_rwr_mt_svp_simple_004_001.c line 215 function svp_simple_004_001_isr_1_0 thread 0
----------------------------------------------------
  __cs_local_svp_simple_004_001_isr_1___cs_tmp_if_cond_2=TRUE (00000001)

State 173 file /home/dell/zyworkspace/nichecker/Experiment/remarks2.1/svp_simple_004/_mt_svp_simple_004_001_result/_cs_svp_simple_004_001_global_var1_rwr_mt_svp_simple_004_001.c line 220 function svp_simple_004_001_isr_1_0 thread 0
----------------------------------------------------
  svp_simple_004_001_global_var1=170 (00000000000000000000000010101010)

State 177 file /home/dell/zyworkspace/nichecker/Experiment/remarks2.1/svp_simple_004/_mt_svp_simple_004_001_result/_cs_svp_simple_004_001_global_var1_rwr_mt_svp_simple_004_001.c line 232 function svp_simple_004_001_isr_1_0 thread 0
----------------------------------------------------
  __cs_disable_thread[3l]=0 (0)

State 181 file /home/dell/zyworkspace/nichecker/Experiment/remarks2.1/svp_simple_004/_mt_svp_simple_004_001_result/_cs_svp_simple_004_001_global_var1_rwr_mt_svp_simple_004_001.c line 247 function svp_simple_004_001_isr_1_0 thread 0
----------------------------------------------------
  __cs_value_ptr=NULL (0000000000000000000000000000000000000000000000000000000000000000)

State 186 file /home/dell/zyworkspace/nichecker/Experiment/remarks2.1/svp_simple_004/_mt_svp_simple_004_001_result/_cs_svp_simple_004_001_global_var1_rwr_mt_svp_simple_004_001.c line 479 function main thread 0
----------------------------------------------------
  __cs_pc[2l]=1 (001)

State 187 file /home/dell/zyworkspace/nichecker/Experiment/remarks2.1/svp_simple_004/_mt_svp_simple_004_001_result/_cs_svp_simple_004_001_global_var1_rwr_mt_svp_simple_004_001.c line 485 function main thread 0
----------------------------------------------------
  __cs_tmp_t3_r1=0 (0)

State 189 file /home/dell/zyworkspace/nichecker/Experiment/remarks2.1/svp_simple_004/_mt_svp_simple_004_001_result/_cs_svp_simple_004_001_global_var1_rwr_mt_svp_simple_004_001.c line 490 function main thread 0
----------------------------------------------------
  __cs_thread_index=3 (011)

State 190 file /home/dell/zyworkspace/nichecker/Experiment/remarks2.1/svp_simple_004/_mt_svp_simple_004_001_result/_cs_svp_simple_004_001_global_var1_rwr_mt_svp_simple_004_001.c line 492 function main thread 0
----------------------------------------------------
  __cs_pc_cs[3l]=0 (000)

State 195 file /home/dell/zyworkspace/nichecker/Experiment/remarks2.1/svp_simple_004/_mt_svp_simple_004_001_result/_cs_svp_simple_004_001_global_var1_rwr_mt_svp_simple_004_001.c line 498 function main thread 0
----------------------------------------------------
  __cs_param_svp_simple_004_001_isr_2_arg=NULL (0000000000000000000000000000000000000000000000000000000000000000)

State 199 file /home/dell/zyworkspace/nichecker/Experiment/remarks2.1/svp_simple_004/_mt_svp_simple_004_001_result/_cs_svp_simple_004_001_global_var1_rwr_mt_svp_simple_004_001.c line 203 function svp_simple_004_001_isr_2_0 thread 0
----------------------------------------------------
  __cs_value_ptr=NULL (0000000000000000000000000000000000000000000000000000000000000000)

State 204 file /home/dell/zyworkspace/nichecker/Experiment/remarks2.1/svp_simple_004/_mt_svp_simple_004_001_result/_cs_svp_simple_004_001_global_var1_rwr_mt_svp_simple_004_001.c line 500 function main thread 0
----------------------------------------------------
  __cs_pc[3l]=0 (000)

State 205 file /home/dell/zyworkspace/nichecker/Experiment/remarks2.1/svp_simple_004/_mt_svp_simple_004_001_result/_cs_svp_simple_004_001_global_var1_rwr_mt_svp_simple_004_001.c line 504 function main thread 0
----------------------------------------------------
  __cs_tmp_t1_r2=4u (00000000000000000000000000000100)

State 207 file /home/dell/zyworkspace/nichecker/Experiment/remarks2.1/svp_simple_004/_mt_svp_simple_004_001_result/_cs_svp_simple_004_001_global_var1_rwr_mt_svp_simple_004_001.c line 509 function main thread 0
----------------------------------------------------
  __cs_thread_index=1 (001)

State 208 file /home/dell/zyworkspace/nichecker/Experiment/remarks2.1/svp_simple_004/_mt_svp_simple_004_001_result/_cs_svp_simple_004_001_global_var1_rwr_mt_svp_simple_004_001.c line 511 function main thread 0
----------------------------------------------------
  __cs_pc_cs[1l]=4 (100)

State 213 file /home/dell/zyworkspace/nichecker/Experiment/remarks2.1/svp_simple_004/_mt_svp_simple_004_001_result/_cs_svp_simple_004_001_global_var1_rwr_mt_svp_simple_004_001.c line 517 function main thread 0
----------------------------------------------------
  __cs_param_main_task_arg=NULL (0000000000000000000000000000000000000000000000000000000000000000)

State 218 file /home/dell/zyworkspace/nichecker/Experiment/remarks2.1/svp_simple_004/_mt_svp_simple_004_001_result/_cs_svp_simple_004_001_global_var1_rwr_mt_svp_simple_004_001.c line 331 function main_task_0 thread 0
----------------------------------------------------
  __cs_local_main_task___cs_tmp_if_cond_1=TRUE (00000001)

State 220 file /home/dell/zyworkspace/nichecker/Experiment/remarks2.1/svp_simple_004/_mt_svp_simple_004_001_result/_cs_svp_simple_004_001_global_var1_rwr_mt_svp_simple_004_001.c line 338 function main_task_0 thread 0
----------------------------------------------------
  __cs_local_main_task_reader2=170 (00000000000000000000000010101010)

State 221 file /home/dell/zyworkspace/nichecker/Experiment/remarks2.1/svp_simple_004/_mt_svp_simple_004_001_result/_cs_svp_simple_004_001_global_var1_rwr_mt_svp_simple_004_001.c line 340 function main_task_0 thread 0
----------------------------------------------------
  rwr_r2=170 (00000000000000000000000010101010)

Violated property:
  file /home/dell/zyworkspace/nichecker/Experiment/remarks2.1/svp_simple_004/_mt_svp_simple_004_001_result/_cs_svp_simple_004_001_global_var1_rwr_mt_svp_simple_004_001.c line 342 function main_task_0
  assertion rwr_r2 == rwr_tmp1
  rwr_r2 == rwr_tmp1


** 1 of 2 failed (2 iterations)
VERIFICATION FAILED
