2023-10-04 12:10:29
SVPCheck: True	LoopAbstraction: True	LabelReduction: True	Slice: True	

SVPCheck var: svp_simple_004_001_global_var1	pattern: rwr
--------------------------Run start-------------------------------
inliner
slice
LoopAbstraction
unroller
insertLabel
lazyseq
feeder  0.199
[91mUNSAFE[0m, counterexample: 1, time: 3.435 s, memory: 29.76 MB
--------------------------Run end---------------------------------
SVPCheck var: svp_simple_004_001_global_var2	pattern: rwr
--------------------------Run start-------------------------------
inliner
slice
LoopAbstraction
unroller
insertLabel
lazyseq
feeder  0.203
[92mSAFE[0m, counterexample: 0, time: 3.478 s, memory: 29.81 MB
--------------------------Run end---------------------------------
SVPCheck var: svp_simple_004_001_global_var3	pattern: rwr
--------------------------Run start-------------------------------
inliner
slice
LoopAbstraction
unroller
insertLabel
lazyseq
feeder  0.194
[92mSAFE[0m, counterexample: 0, time: 3.462 s, memory: 29.92 MB
--------------------------Run end---------------------------------
cbmcTimeSum: 0.596
modulesTimeSum: 10.375
