CBMC version 5.6 64-bit x86_64 linux
Parsing /home/dell/zyworkspace/nichecker/Experiment/remarks2.1_LA_Slicing_PPR/svp_simple_031/_mt_svp_simple_031_001_result/_cs_svp_simple_031_001_tc_block_rcvd_bytes_ch1_rwr_mt_svp_simple_031_001.c
<command-line>: warning: "__STDC_VERSION__" redefined
<built-in>: note: this is the location of the previous definition
Converting
Type-checking _cs_svp_simple_031_001_tc_block_rcvd_bytes_ch1_rwr_mt_svp_simple_031_001
file /home/dell/zyworkspace/nichecker/Experiment/remarks2.1_LA_Slicing_PPR/svp_simple_031/_mt_svp_simple_031_001_result/_cs_svp_simple_031_001_tc_block_rcvd_bytes_ch1_rwr_mt_svp_simple_031_001.c line 207 function main_task_0: function `nondet_rand' is not declared
file /home/dell/zyworkspace/nichecker/Experiment/remarks2.1_LA_Slicing_PPR/svp_simple_031/_mt_svp_simple_031_001_result/_cs_svp_simple_031_001_tc_block_rcvd_bytes_ch1_rwr_mt_svp_simple_031_001.c line 251 function main_task_0: function `assert' is not declared
file /home/dell/zyworkspace/nichecker/Experiment/remarks2.1_LA_Slicing_PPR/svp_simple_031/_mt_svp_simple_031_001_result/_cs_svp_simple_031_001_tc_block_rcvd_bytes_ch1_rwr_mt_svp_simple_031_001.c line 267 function main_task_0: function `__cs_init_scalar' is not declared
Generating GOTO Program
Adding CPROVER library (x86_64)
Removal of function pointers and virtual functions
Partial Inlining
Generic Property Instrumentation
Starting Bounded Model Checking
**** WARNING: no body for function enable_isr
**** WARNING: no body for function __cs_init_scalar
size of program expression: 692 steps
simple slicing removed 60 assignments
Generated 11 VCC(s), 11 remaining after simplification
Passing problem to propositional reduction
converting SSA
Running propositional reduction
Post-processing
Solving with MiniSAT 2.2.1 with simplifier
4667 variables, 12551 clauses
SAT checker: instance is SATISFIABLE
Solving with MiniSAT 2.2.1 with simplifier
4667 variables, 4254 clauses
SAT checker: instance is SATISFIABLE
Solving with MiniSAT 2.2.1 with simplifier
4667 variables, 4167 clauses
SAT checker: instance is SATISFIABLE
Solving with MiniSAT 2.2.1 with simplifier
4667 variables, 4166 clauses
SAT checker: instance is UNSATISFIABLE
Runtime decision procedure: 0.034s

** Results:
[main_task_0.assertion.1] assertion rwr_r1 == rwr_tmp1: SUCCESS
[main_task_0.assertion.2] assertion rwr_r2 == rwr_tmp1: FAILURE
[main_task_0.assertion.3] assertion rwr_r3 == rwr_tmp1: FAILURE
[main_task_0.assertion.4] assertion rwr_r4 == rwr_tmp1: FAILURE

Trace for main_task_0.assertion.2:

State 56 file /home/dell/zyworkspace/nichecker/Experiment/remarks2.1_LA_Slicing_PPR/svp_simple_031/_mt_svp_simple_031_001_result/_cs_svp_simple_031_001_tc_block_rcvd_bytes_ch1_rwr_mt_svp_simple_031_001.c line 439 function main thread 0
----------------------------------------------------
  __cs_tmp_t1_r0=2 (010)

State 58 file /home/dell/zyworkspace/nichecker/Experiment/remarks2.1_LA_Slicing_PPR/svp_simple_031/_mt_svp_simple_031_001_result/_cs_svp_simple_031_001_tc_block_rcvd_bytes_ch1_rwr_mt_svp_simple_031_001.c line 443 function main thread 0
----------------------------------------------------
  __cs_thread_index=1 (01)

State 59 file /home/dell/zyworkspace/nichecker/Experiment/remarks2.1_LA_Slicing_PPR/svp_simple_031/_mt_svp_simple_031_001_result/_cs_svp_simple_031_001_tc_block_rcvd_bytes_ch1_rwr_mt_svp_simple_031_001.c line 445 function main thread 0
----------------------------------------------------
  __cs_pc_cs[1l]=2 (010)

State 64 file /home/dell/zyworkspace/nichecker/Experiment/remarks2.1_LA_Slicing_PPR/svp_simple_031/_mt_svp_simple_031_001_result/_cs_svp_simple_031_001_tc_block_rcvd_bytes_ch1_rwr_mt_svp_simple_031_001.c line 451 function main thread 0
----------------------------------------------------
  __cs_param_main_task_arg=NULL (0000000000000000000000000000000000000000000000000000000000000000)

State 68 file /home/dell/zyworkspace/nichecker/Experiment/remarks2.1_LA_Slicing_PPR/svp_simple_031/_mt_svp_simple_031_001_result/_cs_svp_simple_031_001_tc_block_rcvd_bytes_ch1_rwr_mt_svp_simple_031_001.c line 207 function main_task_0 thread 0
----------------------------------------------------
  svp_simple_031_001_tc_block_rcvd_bytes_ch1=1025 (0000010000000001)

State 71 file /home/dell/zyworkspace/nichecker/Experiment/remarks2.1_LA_Slicing_PPR/svp_simple_031/_mt_svp_simple_031_001_result/_cs_svp_simple_031_001_tc_block_rcvd_bytes_ch1_rwr_mt_svp_simple_031_001.c line 210 function main_task_0 thread 0
----------------------------------------------------
  svp_simple_031_001_gloable_var1=82944u (00000000000000010100010000000000)

State 75 file /home/dell/zyworkspace/nichecker/Experiment/remarks2.1_LA_Slicing_PPR/svp_simple_031/_mt_svp_simple_031_001_result/_cs_svp_simple_031_001_tc_block_rcvd_bytes_ch1_rwr_mt_svp_simple_031_001.c line 216 function main_task_0 thread 0
----------------------------------------------------
  __cs_disable_thread[2l]=0 (0)

State 76 file /home/dell/zyworkspace/nichecker/Experiment/remarks2.1_LA_Slicing_PPR/svp_simple_031/_mt_svp_simple_031_001_result/_cs_svp_simple_031_001_tc_block_rcvd_bytes_ch1_rwr_mt_svp_simple_031_001.c line 219 function main_task_0 thread 0
----------------------------------------------------
  __cs_disable_thread[0l]=0 (0)

State 78 file /home/dell/zyworkspace/nichecker/Experiment/remarks2.1_LA_Slicing_PPR/svp_simple_031/_mt_svp_simple_031_001_result/_cs_svp_simple_031_001_tc_block_rcvd_bytes_ch1_rwr_mt_svp_simple_031_001.c line 235 function main_task_0 thread 0
----------------------------------------------------
  __cs_local_main_task_ichan=0 (00000000000000000000000000000000)

State 79 file /home/dell/zyworkspace/nichecker/Experiment/remarks2.1_LA_Slicing_PPR/svp_simple_031/_mt_svp_simple_031_001_result/_cs_svp_simple_031_001_tc_block_rcvd_bytes_ch1_rwr_mt_svp_simple_031_001.c line 240 function main_task_0 thread 0
----------------------------------------------------
  __cs_local_main_task___cs_tmp_if_cond_0=TRUE (00000001)

State 81 file /home/dell/zyworkspace/nichecker/Experiment/remarks2.1_LA_Slicing_PPR/svp_simple_031/_mt_svp_simple_031_001_result/_cs_svp_simple_031_001_tc_block_rcvd_bytes_ch1_rwr_mt_svp_simple_031_001.c line 247 function main_task_0 thread 0
----------------------------------------------------
  svp_simple_031_001_tc_block_rcvd_bytes=1025 (0000010000000001)

State 82 file /home/dell/zyworkspace/nichecker/Experiment/remarks2.1_LA_Slicing_PPR/svp_simple_031/_mt_svp_simple_031_001_result/_cs_svp_simple_031_001_tc_block_rcvd_bytes_ch1_rwr_mt_svp_simple_031_001.c line 249 function main_task_0 thread 0
----------------------------------------------------
  rwr_r1=1025 (0000010000000001)

State 84 file /home/dell/zyworkspace/nichecker/Experiment/remarks2.1_LA_Slicing_PPR/svp_simple_031/_mt_svp_simple_031_001_result/_cs_svp_simple_031_001_tc_block_rcvd_bytes_ch1_rwr_mt_svp_simple_031_001.c line 253 function main_task_0 thread 0
----------------------------------------------------
  rwr_tmp1_num=1 (00000000000000000000000000000001)

State 85 file /home/dell/zyworkspace/nichecker/Experiment/remarks2.1_LA_Slicing_PPR/svp_simple_031/_mt_svp_simple_031_001_result/_cs_svp_simple_031_001_tc_block_rcvd_bytes_ch1_rwr_mt_svp_simple_031_001.c line 254 function main_task_0 thread 0
----------------------------------------------------
  rwr_tmp1=1025 (0000010000000001)

State 92 file /home/dell/zyworkspace/nichecker/Experiment/remarks2.1_LA_Slicing_PPR/svp_simple_031/_mt_svp_simple_031_001_result/_cs_svp_simple_031_001_tc_block_rcvd_bytes_ch1_rwr_mt_svp_simple_031_001.c line 407 function main_task_0 thread 0
----------------------------------------------------
  __cs_value_ptr=NULL (0000000000000000000000000000000000000000000000000000000000000000)

State 97 file /home/dell/zyworkspace/nichecker/Experiment/remarks2.1_LA_Slicing_PPR/svp_simple_031/_mt_svp_simple_031_001_result/_cs_svp_simple_031_001_tc_block_rcvd_bytes_ch1_rwr_mt_svp_simple_031_001.c line 453 function main thread 0
----------------------------------------------------
  __cs_pc[1l]=2 (010)

State 98 file /home/dell/zyworkspace/nichecker/Experiment/remarks2.1_LA_Slicing_PPR/svp_simple_031/_mt_svp_simple_031_001_result/_cs_svp_simple_031_001_tc_block_rcvd_bytes_ch1_rwr_mt_svp_simple_031_001.c line 459 function main thread 0
----------------------------------------------------
  __cs_tmp_t2_r0=1 (1)

State 100 file /home/dell/zyworkspace/nichecker/Experiment/remarks2.1_LA_Slicing_PPR/svp_simple_031/_mt_svp_simple_031_001_result/_cs_svp_simple_031_001_tc_block_rcvd_bytes_ch1_rwr_mt_svp_simple_031_001.c line 464 function main thread 0
----------------------------------------------------
  __cs_thread_index=2 (10)

State 101 file /home/dell/zyworkspace/nichecker/Experiment/remarks2.1_LA_Slicing_PPR/svp_simple_031/_mt_svp_simple_031_001_result/_cs_svp_simple_031_001_tc_block_rcvd_bytes_ch1_rwr_mt_svp_simple_031_001.c line 466 function main thread 0
----------------------------------------------------
  __cs_pc_cs[2l]=1 (001)

State 106 file /home/dell/zyworkspace/nichecker/Experiment/remarks2.1_LA_Slicing_PPR/svp_simple_031/_mt_svp_simple_031_001_result/_cs_svp_simple_031_001_tc_block_rcvd_bytes_ch1_rwr_mt_svp_simple_031_001.c line 472 function main thread 0
----------------------------------------------------
  __cs_param_svp_simple_031_001_isr_1_arg=NULL (0000000000000000000000000000000000000000000000000000000000000000)

State 108 file /home/dell/zyworkspace/nichecker/Experiment/remarks2.1_LA_Slicing_PPR/svp_simple_031/_mt_svp_simple_031_001_result/_cs_svp_simple_031_001_tc_block_rcvd_bytes_ch1_rwr_mt_svp_simple_031_001.c line 416 function svp_simple_031_001_isr_1_0 thread 0
----------------------------------------------------
  svp_simple_031_001_tc_block_rcvd_bytes_ch1=1024 (0000010000000000)

State 112 file /home/dell/zyworkspace/nichecker/Experiment/remarks2.1_LA_Slicing_PPR/svp_simple_031/_mt_svp_simple_031_001_result/_cs_svp_simple_031_001_tc_block_rcvd_bytes_ch1_rwr_mt_svp_simple_031_001.c line 427 function svp_simple_031_001_isr_1_0 thread 0
----------------------------------------------------
  __cs_value_ptr=NULL (0000000000000000000000000000000000000000000000000000000000000000)

State 117 file /home/dell/zyworkspace/nichecker/Experiment/remarks2.1_LA_Slicing_PPR/svp_simple_031/_mt_svp_simple_031_001_result/_cs_svp_simple_031_001_tc_block_rcvd_bytes_ch1_rwr_mt_svp_simple_031_001.c line 474 function main thread 0
----------------------------------------------------
  __cs_pc[2l]=1 (001)

State 118 file /home/dell/zyworkspace/nichecker/Experiment/remarks2.1_LA_Slicing_PPR/svp_simple_031/_mt_svp_simple_031_001_result/_cs_svp_simple_031_001_tc_block_rcvd_bytes_ch1_rwr_mt_svp_simple_031_001.c line 484 function main thread 0
----------------------------------------------------
  __cs_tmp_t1_r1=2 (010)

State 120 file /home/dell/zyworkspace/nichecker/Experiment/remarks2.1_LA_Slicing_PPR/svp_simple_031/_mt_svp_simple_031_001_result/_cs_svp_simple_031_001_tc_block_rcvd_bytes_ch1_rwr_mt_svp_simple_031_001.c line 489 function main thread 0
----------------------------------------------------
  __cs_thread_index=1 (01)

State 121 file /home/dell/zyworkspace/nichecker/Experiment/remarks2.1_LA_Slicing_PPR/svp_simple_031/_mt_svp_simple_031_001_result/_cs_svp_simple_031_001_tc_block_rcvd_bytes_ch1_rwr_mt_svp_simple_031_001.c line 491 function main thread 0
----------------------------------------------------
  __cs_pc_cs[1l]=2 (010)

State 126 file /home/dell/zyworkspace/nichecker/Experiment/remarks2.1_LA_Slicing_PPR/svp_simple_031/_mt_svp_simple_031_001_result/_cs_svp_simple_031_001_tc_block_rcvd_bytes_ch1_rwr_mt_svp_simple_031_001.c line 497 function main thread 0
----------------------------------------------------
  __cs_param_main_task_arg=NULL (0000000000000000000000000000000000000000000000000000000000000000)

State 135 file /home/dell/zyworkspace/nichecker/Experiment/remarks2.1_LA_Slicing_PPR/svp_simple_031/_mt_svp_simple_031_001_result/_cs_svp_simple_031_001_tc_block_rcvd_bytes_ch1_rwr_mt_svp_simple_031_001.c line 407 function main_task_0 thread 0
----------------------------------------------------
  __cs_value_ptr=NULL (0000000000000000000000000000000000000000000000000000000000000000)

State 140 file /home/dell/zyworkspace/nichecker/Experiment/remarks2.1_LA_Slicing_PPR/svp_simple_031/_mt_svp_simple_031_001_result/_cs_svp_simple_031_001_tc_block_rcvd_bytes_ch1_rwr_mt_svp_simple_031_001.c line 499 function main thread 0
----------------------------------------------------
  __cs_pc[1l]=2 (010)

State 141 file /home/dell/zyworkspace/nichecker/Experiment/remarks2.1_LA_Slicing_PPR/svp_simple_031/_mt_svp_simple_031_001_result/_cs_svp_simple_031_001_tc_block_rcvd_bytes_ch1_rwr_mt_svp_simple_031_001.c line 505 function main thread 0
----------------------------------------------------
  __cs_tmp_t2_r1=1 (1)

State 143 file /home/dell/zyworkspace/nichecker/Experiment/remarks2.1_LA_Slicing_PPR/svp_simple_031/_mt_svp_simple_031_001_result/_cs_svp_simple_031_001_tc_block_rcvd_bytes_ch1_rwr_mt_svp_simple_031_001.c line 510 function main thread 0
----------------------------------------------------
  __cs_thread_index=2 (10)

State 144 file /home/dell/zyworkspace/nichecker/Experiment/remarks2.1_LA_Slicing_PPR/svp_simple_031/_mt_svp_simple_031_001_result/_cs_svp_simple_031_001_tc_block_rcvd_bytes_ch1_rwr_mt_svp_simple_031_001.c line 512 function main thread 0
----------------------------------------------------
  __cs_pc_cs[2l]=1 (001)

State 149 file /home/dell/zyworkspace/nichecker/Experiment/remarks2.1_LA_Slicing_PPR/svp_simple_031/_mt_svp_simple_031_001_result/_cs_svp_simple_031_001_tc_block_rcvd_bytes_ch1_rwr_mt_svp_simple_031_001.c line 518 function main thread 0
----------------------------------------------------
  __cs_param_svp_simple_031_001_isr_1_arg=NULL (0000000000000000000000000000000000000000000000000000000000000000)

State 153 file /home/dell/zyworkspace/nichecker/Experiment/remarks2.1_LA_Slicing_PPR/svp_simple_031/_mt_svp_simple_031_001_result/_cs_svp_simple_031_001_tc_block_rcvd_bytes_ch1_rwr_mt_svp_simple_031_001.c line 427 function svp_simple_031_001_isr_1_0 thread 0
----------------------------------------------------
  __cs_value_ptr=NULL (0000000000000000000000000000000000000000000000000000000000000000)

State 158 file /home/dell/zyworkspace/nichecker/Experiment/remarks2.1_LA_Slicing_PPR/svp_simple_031/_mt_svp_simple_031_001_result/_cs_svp_simple_031_001_tc_block_rcvd_bytes_ch1_rwr_mt_svp_simple_031_001.c line 520 function main thread 0
----------------------------------------------------
  __cs_pc[2l]=1 (001)

State 159 file /home/dell/zyworkspace/nichecker/Experiment/remarks2.1_LA_Slicing_PPR/svp_simple_031/_mt_svp_simple_031_001_result/_cs_svp_simple_031_001_tc_block_rcvd_bytes_ch1_rwr_mt_svp_simple_031_001.c line 524 function main thread 0
----------------------------------------------------
  __cs_tmp_t1_r2=3u (00000000000000000000000000000011)

State 161 file /home/dell/zyworkspace/nichecker/Experiment/remarks2.1_LA_Slicing_PPR/svp_simple_031/_mt_svp_simple_031_001_result/_cs_svp_simple_031_001_tc_block_rcvd_bytes_ch1_rwr_mt_svp_simple_031_001.c line 529 function main thread 0
----------------------------------------------------
  __cs_thread_index=1 (01)

State 162 file /home/dell/zyworkspace/nichecker/Experiment/remarks2.1_LA_Slicing_PPR/svp_simple_031/_mt_svp_simple_031_001_result/_cs_svp_simple_031_001_tc_block_rcvd_bytes_ch1_rwr_mt_svp_simple_031_001.c line 531 function main thread 0
----------------------------------------------------
  __cs_pc_cs[1l]=3 (011)

State 167 file /home/dell/zyworkspace/nichecker/Experiment/remarks2.1_LA_Slicing_PPR/svp_simple_031/_mt_svp_simple_031_001_result/_cs_svp_simple_031_001_tc_block_rcvd_bytes_ch1_rwr_mt_svp_simple_031_001.c line 537 function main thread 0
----------------------------------------------------
  __cs_param_main_task_arg=NULL (0000000000000000000000000000000000000000000000000000000000000000)

State 175 file /home/dell/zyworkspace/nichecker/Experiment/remarks2.1_LA_Slicing_PPR/svp_simple_031/_mt_svp_simple_031_001_result/_cs_svp_simple_031_001_tc_block_rcvd_bytes_ch1_rwr_mt_svp_simple_031_001.c line 271 function main_task_0 thread 0
----------------------------------------------------
  __cs_local_main_task___cs_tmp_if_cond_1=TRUE (00000001)

State 176 file /home/dell/zyworkspace/nichecker/Experiment/remarks2.1_LA_Slicing_PPR/svp_simple_031/_mt_svp_simple_031_001_result/_cs_svp_simple_031_001_tc_block_rcvd_bytes_ch1_rwr_mt_svp_simple_031_001.c line 273 function main_task_0 thread 0
----------------------------------------------------
  rwr_r2=1024 (0000010000000000)

Violated property:
  file /home/dell/zyworkspace/nichecker/Experiment/remarks2.1_LA_Slicing_PPR/svp_simple_031/_mt_svp_simple_031_001_result/_cs_svp_simple_031_001_tc_block_rcvd_bytes_ch1_rwr_mt_svp_simple_031_001.c line 275 function main_task_0
  assertion rwr_r2 == rwr_tmp1
  rwr_r2 == rwr_tmp1


Trace for main_task_0.assertion.3:

State 56 file /home/dell/zyworkspace/nichecker/Experiment/remarks2.1_LA_Slicing_PPR/svp_simple_031/_mt_svp_simple_031_001_result/_cs_svp_simple_031_001_tc_block_rcvd_bytes_ch1_rwr_mt_svp_simple_031_001.c line 439 function main thread 0
----------------------------------------------------
  __cs_tmp_t1_r0=2 (010)

State 58 file /home/dell/zyworkspace/nichecker/Experiment/remarks2.1_LA_Slicing_PPR/svp_simple_031/_mt_svp_simple_031_001_result/_cs_svp_simple_031_001_tc_block_rcvd_bytes_ch1_rwr_mt_svp_simple_031_001.c line 443 function main thread 0
----------------------------------------------------
  __cs_thread_index=1 (01)

State 59 file /home/dell/zyworkspace/nichecker/Experiment/remarks2.1_LA_Slicing_PPR/svp_simple_031/_mt_svp_simple_031_001_result/_cs_svp_simple_031_001_tc_block_rcvd_bytes_ch1_rwr_mt_svp_simple_031_001.c line 445 function main thread 0
----------------------------------------------------
  __cs_pc_cs[1l]=2 (010)

State 64 file /home/dell/zyworkspace/nichecker/Experiment/remarks2.1_LA_Slicing_PPR/svp_simple_031/_mt_svp_simple_031_001_result/_cs_svp_simple_031_001_tc_block_rcvd_bytes_ch1_rwr_mt_svp_simple_031_001.c line 451 function main thread 0
----------------------------------------------------
  __cs_param_main_task_arg=NULL (0000000000000000000000000000000000000000000000000000000000000000)

State 68 file /home/dell/zyworkspace/nichecker/Experiment/remarks2.1_LA_Slicing_PPR/svp_simple_031/_mt_svp_simple_031_001_result/_cs_svp_simple_031_001_tc_block_rcvd_bytes_ch1_rwr_mt_svp_simple_031_001.c line 207 function main_task_0 thread 0
----------------------------------------------------
  svp_simple_031_001_tc_block_rcvd_bytes_ch1=46726 (1011011010000110)

State 71 file /home/dell/zyworkspace/nichecker/Experiment/remarks2.1_LA_Slicing_PPR/svp_simple_031/_mt_svp_simple_031_001_result/_cs_svp_simple_031_001_tc_block_rcvd_bytes_ch1_rwr_mt_svp_simple_031_001.c line 210 function main_task_0 thread 0
----------------------------------------------------
  svp_simple_031_001_gloable_var1=99584u (00000000000000011000010100000000)

State 75 file /home/dell/zyworkspace/nichecker/Experiment/remarks2.1_LA_Slicing_PPR/svp_simple_031/_mt_svp_simple_031_001_result/_cs_svp_simple_031_001_tc_block_rcvd_bytes_ch1_rwr_mt_svp_simple_031_001.c line 216 function main_task_0 thread 0
----------------------------------------------------
  __cs_disable_thread[2l]=0 (0)

State 76 file /home/dell/zyworkspace/nichecker/Experiment/remarks2.1_LA_Slicing_PPR/svp_simple_031/_mt_svp_simple_031_001_result/_cs_svp_simple_031_001_tc_block_rcvd_bytes_ch1_rwr_mt_svp_simple_031_001.c line 219 function main_task_0 thread 0
----------------------------------------------------
  __cs_disable_thread[0l]=0 (0)

State 78 file /home/dell/zyworkspace/nichecker/Experiment/remarks2.1_LA_Slicing_PPR/svp_simple_031/_mt_svp_simple_031_001_result/_cs_svp_simple_031_001_tc_block_rcvd_bytes_ch1_rwr_mt_svp_simple_031_001.c line 235 function main_task_0 thread 0
----------------------------------------------------
  __cs_local_main_task_ichan=0 (00000000000000000000000000000000)

State 79 file /home/dell/zyworkspace/nichecker/Experiment/remarks2.1_LA_Slicing_PPR/svp_simple_031/_mt_svp_simple_031_001_result/_cs_svp_simple_031_001_tc_block_rcvd_bytes_ch1_rwr_mt_svp_simple_031_001.c line 240 function main_task_0 thread 0
----------------------------------------------------
  __cs_local_main_task___cs_tmp_if_cond_0=TRUE (00000001)

State 81 file /home/dell/zyworkspace/nichecker/Experiment/remarks2.1_LA_Slicing_PPR/svp_simple_031/_mt_svp_simple_031_001_result/_cs_svp_simple_031_001_tc_block_rcvd_bytes_ch1_rwr_mt_svp_simple_031_001.c line 247 function main_task_0 thread 0
----------------------------------------------------
  svp_simple_031_001_tc_block_rcvd_bytes=46726 (1011011010000110)

State 82 file /home/dell/zyworkspace/nichecker/Experiment/remarks2.1_LA_Slicing_PPR/svp_simple_031/_mt_svp_simple_031_001_result/_cs_svp_simple_031_001_tc_block_rcvd_bytes_ch1_rwr_mt_svp_simple_031_001.c line 249 function main_task_0 thread 0
----------------------------------------------------
  rwr_r1=-18810 (1011011010000110)

State 84 file /home/dell/zyworkspace/nichecker/Experiment/remarks2.1_LA_Slicing_PPR/svp_simple_031/_mt_svp_simple_031_001_result/_cs_svp_simple_031_001_tc_block_rcvd_bytes_ch1_rwr_mt_svp_simple_031_001.c line 253 function main_task_0 thread 0
----------------------------------------------------
  rwr_tmp1_num=1 (00000000000000000000000000000001)

State 85 file /home/dell/zyworkspace/nichecker/Experiment/remarks2.1_LA_Slicing_PPR/svp_simple_031/_mt_svp_simple_031_001_result/_cs_svp_simple_031_001_tc_block_rcvd_bytes_ch1_rwr_mt_svp_simple_031_001.c line 254 function main_task_0 thread 0
----------------------------------------------------
  rwr_tmp1=-18810 (1011011010000110)

State 92 file /home/dell/zyworkspace/nichecker/Experiment/remarks2.1_LA_Slicing_PPR/svp_simple_031/_mt_svp_simple_031_001_result/_cs_svp_simple_031_001_tc_block_rcvd_bytes_ch1_rwr_mt_svp_simple_031_001.c line 407 function main_task_0 thread 0
----------------------------------------------------
  __cs_value_ptr=NULL (0000000000000000000000000000000000000000000000000000000000000000)

State 97 file /home/dell/zyworkspace/nichecker/Experiment/remarks2.1_LA_Slicing_PPR/svp_simple_031/_mt_svp_simple_031_001_result/_cs_svp_simple_031_001_tc_block_rcvd_bytes_ch1_rwr_mt_svp_simple_031_001.c line 453 function main thread 0
----------------------------------------------------
  __cs_pc[1l]=2 (010)

State 98 file /home/dell/zyworkspace/nichecker/Experiment/remarks2.1_LA_Slicing_PPR/svp_simple_031/_mt_svp_simple_031_001_result/_cs_svp_simple_031_001_tc_block_rcvd_bytes_ch1_rwr_mt_svp_simple_031_001.c line 459 function main thread 0
----------------------------------------------------
  __cs_tmp_t2_r0=0 (0)

State 100 file /home/dell/zyworkspace/nichecker/Experiment/remarks2.1_LA_Slicing_PPR/svp_simple_031/_mt_svp_simple_031_001_result/_cs_svp_simple_031_001_tc_block_rcvd_bytes_ch1_rwr_mt_svp_simple_031_001.c line 464 function main thread 0
----------------------------------------------------
  __cs_thread_index=2 (10)

State 101 file /home/dell/zyworkspace/nichecker/Experiment/remarks2.1_LA_Slicing_PPR/svp_simple_031/_mt_svp_simple_031_001_result/_cs_svp_simple_031_001_tc_block_rcvd_bytes_ch1_rwr_mt_svp_simple_031_001.c line 466 function main thread 0
----------------------------------------------------
  __cs_pc_cs[2l]=0 (000)

State 106 file /home/dell/zyworkspace/nichecker/Experiment/remarks2.1_LA_Slicing_PPR/svp_simple_031/_mt_svp_simple_031_001_result/_cs_svp_simple_031_001_tc_block_rcvd_bytes_ch1_rwr_mt_svp_simple_031_001.c line 472 function main thread 0
----------------------------------------------------
  __cs_param_svp_simple_031_001_isr_1_arg=NULL (0000000000000000000000000000000000000000000000000000000000000000)

State 110 file /home/dell/zyworkspace/nichecker/Experiment/remarks2.1_LA_Slicing_PPR/svp_simple_031/_mt_svp_simple_031_001_result/_cs_svp_simple_031_001_tc_block_rcvd_bytes_ch1_rwr_mt_svp_simple_031_001.c line 427 function svp_simple_031_001_isr_1_0 thread 0
----------------------------------------------------
  __cs_value_ptr=NULL (0000000000000000000000000000000000000000000000000000000000000000)

State 115 file /home/dell/zyworkspace/nichecker/Experiment/remarks2.1_LA_Slicing_PPR/svp_simple_031/_mt_svp_simple_031_001_result/_cs_svp_simple_031_001_tc_block_rcvd_bytes_ch1_rwr_mt_svp_simple_031_001.c line 474 function main thread 0
----------------------------------------------------
  __cs_pc[2l]=0 (000)

State 116 file /home/dell/zyworkspace/nichecker/Experiment/remarks2.1_LA_Slicing_PPR/svp_simple_031/_mt_svp_simple_031_001_result/_cs_svp_simple_031_001_tc_block_rcvd_bytes_ch1_rwr_mt_svp_simple_031_001.c line 484 function main thread 0
----------------------------------------------------
  __cs_tmp_t1_r1=3 (011)

State 118 file /home/dell/zyworkspace/nichecker/Experiment/remarks2.1_LA_Slicing_PPR/svp_simple_031/_mt_svp_simple_031_001_result/_cs_svp_simple_031_001_tc_block_rcvd_bytes_ch1_rwr_mt_svp_simple_031_001.c line 489 function main thread 0
----------------------------------------------------
  __cs_thread_index=1 (01)

State 119 file /home/dell/zyworkspace/nichecker/Experiment/remarks2.1_LA_Slicing_PPR/svp_simple_031/_mt_svp_simple_031_001_result/_cs_svp_simple_031_001_tc_block_rcvd_bytes_ch1_rwr_mt_svp_simple_031_001.c line 491 function main thread 0
----------------------------------------------------
  __cs_pc_cs[1l]=3 (011)

State 124 file /home/dell/zyworkspace/nichecker/Experiment/remarks2.1_LA_Slicing_PPR/svp_simple_031/_mt_svp_simple_031_001_result/_cs_svp_simple_031_001_tc_block_rcvd_bytes_ch1_rwr_mt_svp_simple_031_001.c line 497 function main thread 0
----------------------------------------------------
  __cs_param_main_task_arg=NULL (0000000000000000000000000000000000000000000000000000000000000000)

State 132 file /home/dell/zyworkspace/nichecker/Experiment/remarks2.1_LA_Slicing_PPR/svp_simple_031/_mt_svp_simple_031_001_result/_cs_svp_simple_031_001_tc_block_rcvd_bytes_ch1_rwr_mt_svp_simple_031_001.c line 271 function main_task_0 thread 0
----------------------------------------------------
  __cs_local_main_task___cs_tmp_if_cond_1=TRUE (00000001)

State 133 file /home/dell/zyworkspace/nichecker/Experiment/remarks2.1_LA_Slicing_PPR/svp_simple_031/_mt_svp_simple_031_001_result/_cs_svp_simple_031_001_tc_block_rcvd_bytes_ch1_rwr_mt_svp_simple_031_001.c line 273 function main_task_0 thread 0
----------------------------------------------------
  rwr_r2=-18810 (1011011010000110)

State 136 file /home/dell/zyworkspace/nichecker/Experiment/remarks2.1_LA_Slicing_PPR/svp_simple_031/_mt_svp_simple_031_001_result/_cs_svp_simple_031_001_tc_block_rcvd_bytes_ch1_rwr_mt_svp_simple_031_001.c line 277 function main_task_0 thread 0
----------------------------------------------------
  rwr_tmp1_num=2 (00000000000000000000000000000010)

State 137 file /home/dell/zyworkspace/nichecker/Experiment/remarks2.1_LA_Slicing_PPR/svp_simple_031/_mt_svp_simple_031_001_result/_cs_svp_simple_031_001_tc_block_rcvd_bytes_ch1_rwr_mt_svp_simple_031_001.c line 278 function main_task_0 thread 0
----------------------------------------------------
  rwr_tmp1=-18810 (1011011010000110)

State 143 file /home/dell/zyworkspace/nichecker/Experiment/remarks2.1_LA_Slicing_PPR/svp_simple_031/_mt_svp_simple_031_001_result/_cs_svp_simple_031_001_tc_block_rcvd_bytes_ch1_rwr_mt_svp_simple_031_001.c line 407 function main_task_0 thread 0
----------------------------------------------------
  __cs_value_ptr=NULL (0000000000000000000000000000000000000000000000000000000000000000)

State 148 file /home/dell/zyworkspace/nichecker/Experiment/remarks2.1_LA_Slicing_PPR/svp_simple_031/_mt_svp_simple_031_001_result/_cs_svp_simple_031_001_tc_block_rcvd_bytes_ch1_rwr_mt_svp_simple_031_001.c line 499 function main thread 0
----------------------------------------------------
  __cs_pc[1l]=3 (011)

State 149 file /home/dell/zyworkspace/nichecker/Experiment/remarks2.1_LA_Slicing_PPR/svp_simple_031/_mt_svp_simple_031_001_result/_cs_svp_simple_031_001_tc_block_rcvd_bytes_ch1_rwr_mt_svp_simple_031_001.c line 505 function main thread 0
----------------------------------------------------
  __cs_tmp_t2_r1=1 (1)

State 151 file /home/dell/zyworkspace/nichecker/Experiment/remarks2.1_LA_Slicing_PPR/svp_simple_031/_mt_svp_simple_031_001_result/_cs_svp_simple_031_001_tc_block_rcvd_bytes_ch1_rwr_mt_svp_simple_031_001.c line 510 function main thread 0
----------------------------------------------------
  __cs_thread_index=2 (10)

State 152 file /home/dell/zyworkspace/nichecker/Experiment/remarks2.1_LA_Slicing_PPR/svp_simple_031/_mt_svp_simple_031_001_result/_cs_svp_simple_031_001_tc_block_rcvd_bytes_ch1_rwr_mt_svp_simple_031_001.c line 512 function main thread 0
----------------------------------------------------
  __cs_pc_cs[2l]=1 (001)

State 157 file /home/dell/zyworkspace/nichecker/Experiment/remarks2.1_LA_Slicing_PPR/svp_simple_031/_mt_svp_simple_031_001_result/_cs_svp_simple_031_001_tc_block_rcvd_bytes_ch1_rwr_mt_svp_simple_031_001.c line 518 function main thread 0
----------------------------------------------------
  __cs_param_svp_simple_031_001_isr_1_arg=NULL (0000000000000000000000000000000000000000000000000000000000000000)

State 159 file /home/dell/zyworkspace/nichecker/Experiment/remarks2.1_LA_Slicing_PPR/svp_simple_031/_mt_svp_simple_031_001_result/_cs_svp_simple_031_001_tc_block_rcvd_bytes_ch1_rwr_mt_svp_simple_031_001.c line 416 function svp_simple_031_001_isr_1_0 thread 0
----------------------------------------------------
  svp_simple_031_001_tc_block_rcvd_bytes_ch1=5766 (0001011010000110)

State 163 file /home/dell/zyworkspace/nichecker/Experiment/remarks2.1_LA_Slicing_PPR/svp_simple_031/_mt_svp_simple_031_001_result/_cs_svp_simple_031_001_tc_block_rcvd_bytes_ch1_rwr_mt_svp_simple_031_001.c line 427 function svp_simple_031_001_isr_1_0 thread 0
----------------------------------------------------
  __cs_value_ptr=NULL (0000000000000000000000000000000000000000000000000000000000000000)

State 168 file /home/dell/zyworkspace/nichecker/Experiment/remarks2.1_LA_Slicing_PPR/svp_simple_031/_mt_svp_simple_031_001_result/_cs_svp_simple_031_001_tc_block_rcvd_bytes_ch1_rwr_mt_svp_simple_031_001.c line 520 function main thread 0
----------------------------------------------------
  __cs_pc[2l]=1 (001)

State 169 file /home/dell/zyworkspace/nichecker/Experiment/remarks2.1_LA_Slicing_PPR/svp_simple_031/_mt_svp_simple_031_001_result/_cs_svp_simple_031_001_tc_block_rcvd_bytes_ch1_rwr_mt_svp_simple_031_001.c line 524 function main thread 0
----------------------------------------------------
  __cs_tmp_t1_r2=4u (00000000000000000000000000000100)

State 171 file /home/dell/zyworkspace/nichecker/Experiment/remarks2.1_LA_Slicing_PPR/svp_simple_031/_mt_svp_simple_031_001_result/_cs_svp_simple_031_001_tc_block_rcvd_bytes_ch1_rwr_mt_svp_simple_031_001.c line 529 function main thread 0
----------------------------------------------------
  __cs_thread_index=1 (01)

State 172 file /home/dell/zyworkspace/nichecker/Experiment/remarks2.1_LA_Slicing_PPR/svp_simple_031/_mt_svp_simple_031_001_result/_cs_svp_simple_031_001_tc_block_rcvd_bytes_ch1_rwr_mt_svp_simple_031_001.c line 531 function main thread 0
----------------------------------------------------
  __cs_pc_cs[1l]=4 (100)

State 177 file /home/dell/zyworkspace/nichecker/Experiment/remarks2.1_LA_Slicing_PPR/svp_simple_031/_mt_svp_simple_031_001_result/_cs_svp_simple_031_001_tc_block_rcvd_bytes_ch1_rwr_mt_svp_simple_031_001.c line 537 function main thread 0
----------------------------------------------------
  __cs_param_main_task_arg=NULL (0000000000000000000000000000000000000000000000000000000000000000)

State 183 file /home/dell/zyworkspace/nichecker/Experiment/remarks2.1_LA_Slicing_PPR/svp_simple_031/_mt_svp_simple_031_001_result/_cs_svp_simple_031_001_tc_block_rcvd_bytes_ch1_rwr_mt_svp_simple_031_001.c line 289 function main_task_0 thread 0
----------------------------------------------------
  __cs_local_main_task___cs_retval__svp_simple_031_001_func_1_0=0 (00000000000000000000000000000000)

State 184 file /home/dell/zyworkspace/nichecker/Experiment/remarks2.1_LA_Slicing_PPR/svp_simple_031/_mt_svp_simple_031_001_result/_cs_svp_simple_031_001_tc_block_rcvd_bytes_ch1_rwr_mt_svp_simple_031_001.c line 294 function main_task_0 thread 0
----------------------------------------------------
  __cs_local_main_task_a=99584 (00000000000000011000010100000000)

State 185 file /home/dell/zyworkspace/nichecker/Experiment/remarks2.1_LA_Slicing_PPR/svp_simple_031/_mt_svp_simple_031_001_result/_cs_svp_simple_031_001_tc_block_rcvd_bytes_ch1_rwr_mt_svp_simple_031_001.c line 298 function main_task_0 thread 0
----------------------------------------------------
  __cs_local_main_task_b=5766 (00000000000000000001011010000110)

State 186 file /home/dell/zyworkspace/nichecker/Experiment/remarks2.1_LA_Slicing_PPR/svp_simple_031/_mt_svp_simple_031_001_result/_cs_svp_simple_031_001_tc_block_rcvd_bytes_ch1_rwr_mt_svp_simple_031_001.c line 300 function main_task_0 thread 0
----------------------------------------------------
  rwr_r3=5766 (0001011010000110)

Violated property:
  file /home/dell/zyworkspace/nichecker/Experiment/remarks2.1_LA_Slicing_PPR/svp_simple_031/_mt_svp_simple_031_001_result/_cs_svp_simple_031_001_tc_block_rcvd_bytes_ch1_rwr_mt_svp_simple_031_001.c line 302 function main_task_0
  assertion rwr_r3 == rwr_tmp1
  rwr_r3 == rwr_tmp1


Trace for main_task_0.assertion.4:

State 56 file /home/dell/zyworkspace/nichecker/Experiment/remarks2.1_LA_Slicing_PPR/svp_simple_031/_mt_svp_simple_031_001_result/_cs_svp_simple_031_001_tc_block_rcvd_bytes_ch1_rwr_mt_svp_simple_031_001.c line 439 function main thread 0
----------------------------------------------------
  __cs_tmp_t1_r0=4 (100)

State 58 file /home/dell/zyworkspace/nichecker/Experiment/remarks2.1_LA_Slicing_PPR/svp_simple_031/_mt_svp_simple_031_001_result/_cs_svp_simple_031_001_tc_block_rcvd_bytes_ch1_rwr_mt_svp_simple_031_001.c line 443 function main thread 0
----------------------------------------------------
  __cs_thread_index=1 (01)

State 59 file /home/dell/zyworkspace/nichecker/Experiment/remarks2.1_LA_Slicing_PPR/svp_simple_031/_mt_svp_simple_031_001_result/_cs_svp_simple_031_001_tc_block_rcvd_bytes_ch1_rwr_mt_svp_simple_031_001.c line 445 function main thread 0
----------------------------------------------------
  __cs_pc_cs[1l]=4 (100)

State 64 file /home/dell/zyworkspace/nichecker/Experiment/remarks2.1_LA_Slicing_PPR/svp_simple_031/_mt_svp_simple_031_001_result/_cs_svp_simple_031_001_tc_block_rcvd_bytes_ch1_rwr_mt_svp_simple_031_001.c line 451 function main thread 0
----------------------------------------------------
  __cs_param_main_task_arg=NULL (0000000000000000000000000000000000000000000000000000000000000000)

State 68 file /home/dell/zyworkspace/nichecker/Experiment/remarks2.1_LA_Slicing_PPR/svp_simple_031/_mt_svp_simple_031_001_result/_cs_svp_simple_031_001_tc_block_rcvd_bytes_ch1_rwr_mt_svp_simple_031_001.c line 207 function main_task_0 thread 0
----------------------------------------------------
  svp_simple_031_001_tc_block_rcvd_bytes_ch1=39867 (1001101110111011)

State 71 file /home/dell/zyworkspace/nichecker/Experiment/remarks2.1_LA_Slicing_PPR/svp_simple_031/_mt_svp_simple_031_001_result/_cs_svp_simple_031_001_tc_block_rcvd_bytes_ch1_rwr_mt_svp_simple_031_001.c line 210 function main_task_0 thread 0
----------------------------------------------------
  svp_simple_031_001_gloable_var1=99592u (00000000000000011000010100001000)

State 75 file /home/dell/zyworkspace/nichecker/Experiment/remarks2.1_LA_Slicing_PPR/svp_simple_031/_mt_svp_simple_031_001_result/_cs_svp_simple_031_001_tc_block_rcvd_bytes_ch1_rwr_mt_svp_simple_031_001.c line 216 function main_task_0 thread 0
----------------------------------------------------
  __cs_disable_thread[2l]=0 (0)

State 76 file /home/dell/zyworkspace/nichecker/Experiment/remarks2.1_LA_Slicing_PPR/svp_simple_031/_mt_svp_simple_031_001_result/_cs_svp_simple_031_001_tc_block_rcvd_bytes_ch1_rwr_mt_svp_simple_031_001.c line 219 function main_task_0 thread 0
----------------------------------------------------
  __cs_disable_thread[0l]=0 (0)

State 78 file /home/dell/zyworkspace/nichecker/Experiment/remarks2.1_LA_Slicing_PPR/svp_simple_031/_mt_svp_simple_031_001_result/_cs_svp_simple_031_001_tc_block_rcvd_bytes_ch1_rwr_mt_svp_simple_031_001.c line 235 function main_task_0 thread 0
----------------------------------------------------
  __cs_local_main_task_ichan=0 (00000000000000000000000000000000)

State 79 file /home/dell/zyworkspace/nichecker/Experiment/remarks2.1_LA_Slicing_PPR/svp_simple_031/_mt_svp_simple_031_001_result/_cs_svp_simple_031_001_tc_block_rcvd_bytes_ch1_rwr_mt_svp_simple_031_001.c line 240 function main_task_0 thread 0
----------------------------------------------------
  __cs_local_main_task___cs_tmp_if_cond_0=TRUE (00000001)

State 81 file /home/dell/zyworkspace/nichecker/Experiment/remarks2.1_LA_Slicing_PPR/svp_simple_031/_mt_svp_simple_031_001_result/_cs_svp_simple_031_001_tc_block_rcvd_bytes_ch1_rwr_mt_svp_simple_031_001.c line 247 function main_task_0 thread 0
----------------------------------------------------
  svp_simple_031_001_tc_block_rcvd_bytes=39867 (1001101110111011)

State 82 file /home/dell/zyworkspace/nichecker/Experiment/remarks2.1_LA_Slicing_PPR/svp_simple_031/_mt_svp_simple_031_001_result/_cs_svp_simple_031_001_tc_block_rcvd_bytes_ch1_rwr_mt_svp_simple_031_001.c line 249 function main_task_0 thread 0
----------------------------------------------------
  rwr_r1=-25669 (1001101110111011)

State 84 file /home/dell/zyworkspace/nichecker/Experiment/remarks2.1_LA_Slicing_PPR/svp_simple_031/_mt_svp_simple_031_001_result/_cs_svp_simple_031_001_tc_block_rcvd_bytes_ch1_rwr_mt_svp_simple_031_001.c line 253 function main_task_0 thread 0
----------------------------------------------------
  rwr_tmp1_num=1 (00000000000000000000000000000001)

State 85 file /home/dell/zyworkspace/nichecker/Experiment/remarks2.1_LA_Slicing_PPR/svp_simple_031/_mt_svp_simple_031_001_result/_cs_svp_simple_031_001_tc_block_rcvd_bytes_ch1_rwr_mt_svp_simple_031_001.c line 254 function main_task_0 thread 0
----------------------------------------------------
  rwr_tmp1=-25669 (1001101110111011)

State 91 file /home/dell/zyworkspace/nichecker/Experiment/remarks2.1_LA_Slicing_PPR/svp_simple_031/_mt_svp_simple_031_001_result/_cs_svp_simple_031_001_tc_block_rcvd_bytes_ch1_rwr_mt_svp_simple_031_001.c line 271 function main_task_0 thread 0
----------------------------------------------------
  __cs_local_main_task___cs_tmp_if_cond_1=TRUE (00000001)

State 92 file /home/dell/zyworkspace/nichecker/Experiment/remarks2.1_LA_Slicing_PPR/svp_simple_031/_mt_svp_simple_031_001_result/_cs_svp_simple_031_001_tc_block_rcvd_bytes_ch1_rwr_mt_svp_simple_031_001.c line 273 function main_task_0 thread 0
----------------------------------------------------
  rwr_r2=-25669 (1001101110111011)

State 95 file /home/dell/zyworkspace/nichecker/Experiment/remarks2.1_LA_Slicing_PPR/svp_simple_031/_mt_svp_simple_031_001_result/_cs_svp_simple_031_001_tc_block_rcvd_bytes_ch1_rwr_mt_svp_simple_031_001.c line 277 function main_task_0 thread 0
----------------------------------------------------
  rwr_tmp1_num=2 (00000000000000000000000000000010)

State 96 file /home/dell/zyworkspace/nichecker/Experiment/remarks2.1_LA_Slicing_PPR/svp_simple_031/_mt_svp_simple_031_001_result/_cs_svp_simple_031_001_tc_block_rcvd_bytes_ch1_rwr_mt_svp_simple_031_001.c line 278 function main_task_0 thread 0
----------------------------------------------------
  rwr_tmp1=-25669 (1001101110111011)

State 99 file /home/dell/zyworkspace/nichecker/Experiment/remarks2.1_LA_Slicing_PPR/svp_simple_031/_mt_svp_simple_031_001_result/_cs_svp_simple_031_001_tc_block_rcvd_bytes_ch1_rwr_mt_svp_simple_031_001.c line 289 function main_task_0 thread 0
----------------------------------------------------
  __cs_local_main_task___cs_retval__svp_simple_031_001_func_1_0=0 (00000000000000000000000000000000)

State 100 file /home/dell/zyworkspace/nichecker/Experiment/remarks2.1_LA_Slicing_PPR/svp_simple_031/_mt_svp_simple_031_001_result/_cs_svp_simple_031_001_tc_block_rcvd_bytes_ch1_rwr_mt_svp_simple_031_001.c line 294 function main_task_0 thread 0
----------------------------------------------------
  __cs_local_main_task_a=99592 (00000000000000011000010100001000)

State 101 file /home/dell/zyworkspace/nichecker/Experiment/remarks2.1_LA_Slicing_PPR/svp_simple_031/_mt_svp_simple_031_001_result/_cs_svp_simple_031_001_tc_block_rcvd_bytes_ch1_rwr_mt_svp_simple_031_001.c line 298 function main_task_0 thread 0
----------------------------------------------------
  __cs_local_main_task_b=39867 (00000000000000001001101110111011)

State 102 file /home/dell/zyworkspace/nichecker/Experiment/remarks2.1_LA_Slicing_PPR/svp_simple_031/_mt_svp_simple_031_001_result/_cs_svp_simple_031_001_tc_block_rcvd_bytes_ch1_rwr_mt_svp_simple_031_001.c line 300 function main_task_0 thread 0
----------------------------------------------------
  rwr_r3=-25669 (1001101110111011)

State 105 file /home/dell/zyworkspace/nichecker/Experiment/remarks2.1_LA_Slicing_PPR/svp_simple_031/_mt_svp_simple_031_001_result/_cs_svp_simple_031_001_tc_block_rcvd_bytes_ch1_rwr_mt_svp_simple_031_001.c line 304 function main_task_0 thread 0
----------------------------------------------------
  rwr_tmp1_num=3 (00000000000000000000000000000011)

State 106 file /home/dell/zyworkspace/nichecker/Experiment/remarks2.1_LA_Slicing_PPR/svp_simple_031/_mt_svp_simple_031_001_result/_cs_svp_simple_031_001_tc_block_rcvd_bytes_ch1_rwr_mt_svp_simple_031_001.c line 305 function main_task_0 thread 0
----------------------------------------------------
  rwr_tmp1=-25669 (1001101110111011)

State 111 file /home/dell/zyworkspace/nichecker/Experiment/remarks2.1_LA_Slicing_PPR/svp_simple_031/_mt_svp_simple_031_001_result/_cs_svp_simple_031_001_tc_block_rcvd_bytes_ch1_rwr_mt_svp_simple_031_001.c line 407 function main_task_0 thread 0
----------------------------------------------------
  __cs_value_ptr=NULL (0000000000000000000000000000000000000000000000000000000000000000)

State 116 file /home/dell/zyworkspace/nichecker/Experiment/remarks2.1_LA_Slicing_PPR/svp_simple_031/_mt_svp_simple_031_001_result/_cs_svp_simple_031_001_tc_block_rcvd_bytes_ch1_rwr_mt_svp_simple_031_001.c line 453 function main thread 0
----------------------------------------------------
  __cs_pc[1l]=4 (100)

State 117 file /home/dell/zyworkspace/nichecker/Experiment/remarks2.1_LA_Slicing_PPR/svp_simple_031/_mt_svp_simple_031_001_result/_cs_svp_simple_031_001_tc_block_rcvd_bytes_ch1_rwr_mt_svp_simple_031_001.c line 459 function main thread 0
----------------------------------------------------
  __cs_tmp_t2_r0=1 (1)

State 119 file /home/dell/zyworkspace/nichecker/Experiment/remarks2.1_LA_Slicing_PPR/svp_simple_031/_mt_svp_simple_031_001_result/_cs_svp_simple_031_001_tc_block_rcvd_bytes_ch1_rwr_mt_svp_simple_031_001.c line 464 function main thread 0
----------------------------------------------------
  __cs_thread_index=2 (10)

State 120 file /home/dell/zyworkspace/nichecker/Experiment/remarks2.1_LA_Slicing_PPR/svp_simple_031/_mt_svp_simple_031_001_result/_cs_svp_simple_031_001_tc_block_rcvd_bytes_ch1_rwr_mt_svp_simple_031_001.c line 466 function main thread 0
----------------------------------------------------
  __cs_pc_cs[2l]=1 (001)

State 125 file /home/dell/zyworkspace/nichecker/Experiment/remarks2.1_LA_Slicing_PPR/svp_simple_031/_mt_svp_simple_031_001_result/_cs_svp_simple_031_001_tc_block_rcvd_bytes_ch1_rwr_mt_svp_simple_031_001.c line 472 function main thread 0
----------------------------------------------------
  __cs_param_svp_simple_031_001_isr_1_arg=NULL (0000000000000000000000000000000000000000000000000000000000000000)

State 127 file /home/dell/zyworkspace/nichecker/Experiment/remarks2.1_LA_Slicing_PPR/svp_simple_031/_mt_svp_simple_031_001_result/_cs_svp_simple_031_001_tc_block_rcvd_bytes_ch1_rwr_mt_svp_simple_031_001.c line 416 function svp_simple_031_001_isr_1_0 thread 0
----------------------------------------------------
  svp_simple_031_001_tc_block_rcvd_bytes_ch1=7134 (0001101111011110)

State 131 file /home/dell/zyworkspace/nichecker/Experiment/remarks2.1_LA_Slicing_PPR/svp_simple_031/_mt_svp_simple_031_001_result/_cs_svp_simple_031_001_tc_block_rcvd_bytes_ch1_rwr_mt_svp_simple_031_001.c line 427 function svp_simple_031_001_isr_1_0 thread 0
----------------------------------------------------
  __cs_value_ptr=NULL (0000000000000000000000000000000000000000000000000000000000000000)

State 136 file /home/dell/zyworkspace/nichecker/Experiment/remarks2.1_LA_Slicing_PPR/svp_simple_031/_mt_svp_simple_031_001_result/_cs_svp_simple_031_001_tc_block_rcvd_bytes_ch1_rwr_mt_svp_simple_031_001.c line 474 function main thread 0
----------------------------------------------------
  __cs_pc[2l]=1 (001)

State 137 file /home/dell/zyworkspace/nichecker/Experiment/remarks2.1_LA_Slicing_PPR/svp_simple_031/_mt_svp_simple_031_001_result/_cs_svp_simple_031_001_tc_block_rcvd_bytes_ch1_rwr_mt_svp_simple_031_001.c line 484 function main thread 0
----------------------------------------------------
  __cs_tmp_t1_r1=5 (101)

State 139 file /home/dell/zyworkspace/nichecker/Experiment/remarks2.1_LA_Slicing_PPR/svp_simple_031/_mt_svp_simple_031_001_result/_cs_svp_simple_031_001_tc_block_rcvd_bytes_ch1_rwr_mt_svp_simple_031_001.c line 489 function main thread 0
----------------------------------------------------
  __cs_thread_index=1 (01)

State 140 file /home/dell/zyworkspace/nichecker/Experiment/remarks2.1_LA_Slicing_PPR/svp_simple_031/_mt_svp_simple_031_001_result/_cs_svp_simple_031_001_tc_block_rcvd_bytes_ch1_rwr_mt_svp_simple_031_001.c line 491 function main thread 0
----------------------------------------------------
  __cs_pc_cs[1l]=5 (101)

State 145 file /home/dell/zyworkspace/nichecker/Experiment/remarks2.1_LA_Slicing_PPR/svp_simple_031/_mt_svp_simple_031_001_result/_cs_svp_simple_031_001_tc_block_rcvd_bytes_ch1_rwr_mt_svp_simple_031_001.c line 497 function main thread 0
----------------------------------------------------
  __cs_param_main_task_arg=NULL (0000000000000000000000000000000000000000000000000000000000000000)

State 151 file /home/dell/zyworkspace/nichecker/Experiment/remarks2.1_LA_Slicing_PPR/svp_simple_031/_mt_svp_simple_031_001_result/_cs_svp_simple_031_001_tc_block_rcvd_bytes_ch1_rwr_mt_svp_simple_031_001.c line 312 function main_task_0 thread 0
----------------------------------------------------
  __cs_local_main_task_c=0 (00000000000000000000000000000000)

State 152 file /home/dell/zyworkspace/nichecker/Experiment/remarks2.1_LA_Slicing_PPR/svp_simple_031/_mt_svp_simple_031_001_result/_cs_svp_simple_031_001_tc_block_rcvd_bytes_ch1_rwr_mt_svp_simple_031_001.c line 317 function main_task_0 thread 0
----------------------------------------------------
  __cs_local_main_task___cs_tmp_if_cond_2=FALSE (00000000)

State 154 file /home/dell/zyworkspace/nichecker/Experiment/remarks2.1_LA_Slicing_PPR/svp_simple_031/_mt_svp_simple_031_001_result/_cs_svp_simple_031_001_tc_block_rcvd_bytes_ch1_rwr_mt_svp_simple_031_001.c line 329 function main_task_0 thread 0
----------------------------------------------------
  __cs_local_main_task___cs_retval__svp_simple_031_001_func_2_0=0 (00000000000000000000000000000000)

State 155 file /home/dell/zyworkspace/nichecker/Experiment/remarks2.1_LA_Slicing_PPR/svp_simple_031/_mt_svp_simple_031_001_result/_cs_svp_simple_031_001_tc_block_rcvd_bytes_ch1_rwr_mt_svp_simple_031_001.c line 335 function main_task_0 thread 0
----------------------------------------------------
  __cs_local_main_task___cs_tmp_if_cond_3=TRUE (00000001)

State 156 file /home/dell/zyworkspace/nichecker/Experiment/remarks2.1_LA_Slicing_PPR/svp_simple_031/_mt_svp_simple_031_001_result/_cs_svp_simple_031_001_tc_block_rcvd_bytes_ch1_rwr_mt_svp_simple_031_001.c line 337 function main_task_0 thread 0
----------------------------------------------------
  rwr_r4=7134 (0001101111011110)

Violated property:
  file /home/dell/zyworkspace/nichecker/Experiment/remarks2.1_LA_Slicing_PPR/svp_simple_031/_mt_svp_simple_031_001_result/_cs_svp_simple_031_001_tc_block_rcvd_bytes_ch1_rwr_mt_svp_simple_031_001.c line 339 function main_task_0
  assertion rwr_r4 == rwr_tmp1
  rwr_r4 == rwr_tmp1


** 3 of 4 failed (4 iterations)
VERIFICATION FAILED
