CBMC version 5.6 64-bit x86_64 linux
Parsing /home/dell/zyworkspace/nichecker/Experiment/remarks2.1_LA_Slice_LR/svp_simple_031/_mt_svp_simple_031_001_result/_cs_svp_simple_009_001_q_wrw_mt_svp_simple_031_001.c
<command-line>: warning: "__STDC_VERSION__" redefined
<built-in>: note: this is the location of the previous definition
Converting
Type-checking _cs_svp_simple_009_001_q_wrw_mt_svp_simple_031_001
file /home/dell/zyworkspace/nichecker/Experiment/remarks2.1_LA_Slice_LR/svp_simple_031/_mt_svp_simple_031_001_result/_cs_svp_simple_009_001_q_wrw_mt_svp_simple_031_001.c line 205 function main_task_0: function `nondet_rand' is not declared
file /home/dell/zyworkspace/nichecker/Experiment/remarks2.1_LA_Slice_LR/svp_simple_031/_mt_svp_simple_031_001_result/_cs_svp_simple_009_001_q_wrw_mt_svp_simple_031_001.c line 254 function main_task_0: function `__cs_init_scalar' is not declared
Generating GOTO Program
Adding CPROVER library (x86_64)
Removal of function pointers and virtual functions
Partial Inlining
Generic Property Instrumentation
Starting Bounded Model Checking
**** WARNING: no body for function enable_isr
**** WARNING: no body for function __cs_init_scalar
size of program expression: 449 steps
simple slicing removed 0 assignments
Generated 0 VCC(s), 0 remaining after simplification
VERIFICATION SUCCESSFUL
