CBMC version 5.6 64-bit x86_64 linux
Parsing /home/dell/zyworkspace/Experiment/remarks/svp_simple_005/_cs__mt_svp_simple_005_001.c
<command-line>: warning: "__STDC_VERSION__" redefined
<built-in>: note: this is the location of the previous definition
Converting
Type-checking _cs__mt_svp_simple_005_001
file /home/dell/zyworkspace/Experiment/remarks/svp_simple_005/_cs__mt_svp_simple_005_001.c line 127 function __cs_init_scalar: function `malloc' is not declared
file /home/dell/zyworkspace/Experiment/remarks/svp_simple_005/_cs__mt_svp_simple_005_001.c line 547 function main_task_0: function `assert' is not declared
Generating GOTO Program
Adding CPROVER library (x86_64)
<command-line>: warning: "__STDC_VERSION__" redefined
<built-in>: note: this is the location of the previous definition
file <builtin-library-malloc> line 4: warning: implicit function declaration "malloc"
old definition in module _cs__mt_svp_simple_005_001 file /home/dell/zyworkspace/Experiment/remarks/svp_simple_005/_cs__mt_svp_simple_005_001.c line 127 function __cs_init_scalar
void * (void)
new definition in module <built-in-library> file <builtin-library-malloc> line 4
void * (unsigned long int malloc_size)
Removal of function pointers and virtual functions
Partial Inlining
Generic Property Instrumentation
Starting Bounded Model Checking
**** WARNING: no body for function enable_isr
size of program expression: 1794 steps
simple slicing removed 48 assignments
Generated 17 VCC(s), 12 remaining after simplification
Passing problem to propositional reduction
converting SSA
Running propositional reduction
Post-processing
Solving with MiniSAT 2.2.1 with simplifier
15821 variables, 57865 clauses
SAT checker: instance is SATISFIABLE
Solving with MiniSAT 2.2.1 with simplifier
15821 variables, 27457 clauses
SAT checker: instance is UNSATISFIABLE
Runtime decision procedure: 0.122s

** Results:
[main_task_0.assertion.1] assertion wrw_a_1 == 0: SUCCESS
[main_task_0.assertion.2] assertion wrw_a_1 == 0: SUCCESS
[main_task_0.assertion.3] assertion wrw_a_1 == 0: SUCCESS
[main_task_0.assertion.4] assertion wrw_a_1 == 0: SUCCESS
[main_task_0.assertion.5] assertion wrw_a_1 == 0: SUCCESS
[main_task_0.assertion.6] assertion wrw_a_1 == 0: FAILURE

Trace for main_task_0.assertion.6:

State 65 file /home/dell/zyworkspace/Experiment/remarks/svp_simple_005/_cs__mt_svp_simple_005_001.c line 1112 function main thread 0
----------------------------------------------------
  __cs_thread_index=0 (00)

State 66 file /home/dell/zyworkspace/Experiment/remarks/svp_simple_005/_cs__mt_svp_simple_005_001.c line 1114 function main thread 0
----------------------------------------------------
  __cs_tmp_t0_r0=2 (10)

State 67 file /home/dell/zyworkspace/Experiment/remarks/svp_simple_005/_cs__mt_svp_simple_005_001.c line 1116 function main thread 0
----------------------------------------------------
  __cs_pc_cs[0l]=2 (0010)

State 75 file /home/dell/zyworkspace/Experiment/remarks/svp_simple_005/_cs__mt_svp_simple_005_001.c line 1081 function main_thread thread 0
----------------------------------------------------
  __cs_var=&__cs_local_main_t0 (0000001100000000000000000000000000000000000000000000000000000000)

State 76 file /home/dell/zyworkspace/Experiment/remarks/svp_simple_005/_cs__mt_svp_simple_005_001.c line 1081 function main_thread thread 0
----------------------------------------------------
  __cs_size=4u (00000000000000000000000000000100)

State 78 file /home/dell/zyworkspace/Experiment/remarks/svp_simple_005/_cs__mt_svp_simple_005_001.c line 122 function __cs_init_scalar thread 0
----------------------------------------------------
  __cs_local_main_t0=0 (00000000000000000000000000000000)

State 83 file /home/dell/zyworkspace/Experiment/remarks/svp_simple_005/_cs__mt_svp_simple_005_001.c line 1084 function main_thread thread 0
----------------------------------------------------
  __cs_var=&__cs_local_main_t1 (0000010000000000000000000000000000000000000000000000000000000000)

State 84 file /home/dell/zyworkspace/Experiment/remarks/svp_simple_005/_cs__mt_svp_simple_005_001.c line 1084 function main_thread thread 0
----------------------------------------------------
  __cs_size=4u (00000000000000000000000000000100)

State 86 file /home/dell/zyworkspace/Experiment/remarks/svp_simple_005/_cs__mt_svp_simple_005_001.c line 122 function __cs_init_scalar thread 0
----------------------------------------------------
  __cs_local_main_t1=0 (00000000000000000000000000000000)

State 91 file /home/dell/zyworkspace/Experiment/remarks/svp_simple_005/_cs__mt_svp_simple_005_001.c line 1086 function main_thread thread 0
----------------------------------------------------
  __cs_new_thread_id=&__cs_local_main_t0 (0000001100000000000000000000000000000000000000000000000000000000)

State 92 file /home/dell/zyworkspace/Experiment/remarks/svp_simple_005/_cs__mt_svp_simple_005_001.c line 1086 function main_thread thread 0
----------------------------------------------------
  __cs_attr=NULL (0000000000000000000000000000000000000000000000000000000000000000)

State 93 file /home/dell/zyworkspace/Experiment/remarks/svp_simple_005/_cs__mt_svp_simple_005_001.c line 1086 function main_thread thread 0
----------------------------------------------------
  __cs_func=main_task_0 (0000010100000000000000000000000000000000000000000000000000000000)

State 94 file /home/dell/zyworkspace/Experiment/remarks/svp_simple_005/_cs__mt_svp_simple_005_001.c line 1086 function main_thread thread 0
----------------------------------------------------
  __cs_arg=NULL (0000000000000000000000000000000000000000000000000000000000000000)

State 95 file /home/dell/zyworkspace/Experiment/remarks/svp_simple_005/_cs__mt_svp_simple_005_001.c line 1086 function main_thread thread 0
----------------------------------------------------
  __cs_threadID=1 (00000000000000000000000000000001)

State 97 file /home/dell/zyworkspace/Experiment/remarks/svp_simple_005/_cs__mt_svp_simple_005_001.c line 156 function pthread_create_2 thread 0
----------------------------------------------------
  __cs_local_main_t0=1 (00000000000000000000000000000001)

State 98 file /home/dell/zyworkspace/Experiment/remarks/svp_simple_005/_cs__mt_svp_simple_005_001.c line 158 function pthread_create_2 thread 0
----------------------------------------------------
  __cs_active_thread[1l]=1 (1)

State 99 file /home/dell/zyworkspace/Experiment/remarks/svp_simple_005/_cs__mt_svp_simple_005_001.c line 160 function pthread_create_2 thread 0
----------------------------------------------------
  __cs_threadargs[1l]=NULL (0000000000000000000000000000000000000000000000000000000000000000)

State 102 file /home/dell/zyworkspace/Experiment/remarks/svp_simple_005/_cs__mt_svp_simple_005_001.c line 162 function pthread_create_2 thread 0
----------------------------------------------------
  __cs_message="thread spawned" (0000011000000000000000000000000000000000000000000000000000000000)

State 109 file /home/dell/zyworkspace/Experiment/remarks/svp_simple_005/_cs__mt_svp_simple_005_001.c line 1090 function main_thread thread 0
----------------------------------------------------
  __cs_new_thread_id=&__cs_local_main_t1 (0000010000000000000000000000000000000000000000000000000000000000)

State 110 file /home/dell/zyworkspace/Experiment/remarks/svp_simple_005/_cs__mt_svp_simple_005_001.c line 1090 function main_thread thread 0
----------------------------------------------------
  __cs_attr=NULL (0000000000000000000000000000000000000000000000000000000000000000)

State 111 file /home/dell/zyworkspace/Experiment/remarks/svp_simple_005/_cs__mt_svp_simple_005_001.c line 1090 function main_thread thread 0
----------------------------------------------------
  __cs_func=svp_simple_005_001_isr_1_0 (0000011100000000000000000000000000000000000000000000000000000000)

State 112 file /home/dell/zyworkspace/Experiment/remarks/svp_simple_005/_cs__mt_svp_simple_005_001.c line 1090 function main_thread thread 0
----------------------------------------------------
  __cs_arg=NULL (0000000000000000000000000000000000000000000000000000000000000000)

State 113 file /home/dell/zyworkspace/Experiment/remarks/svp_simple_005/_cs__mt_svp_simple_005_001.c line 1090 function main_thread thread 0
----------------------------------------------------
  __cs_threadID=2 (00000000000000000000000000000010)

State 115 file /home/dell/zyworkspace/Experiment/remarks/svp_simple_005/_cs__mt_svp_simple_005_001.c line 156 function pthread_create_2 thread 0
----------------------------------------------------
  __cs_local_main_t1=2 (00000000000000000000000000000010)

State 116 file /home/dell/zyworkspace/Experiment/remarks/svp_simple_005/_cs__mt_svp_simple_005_001.c line 158 function pthread_create_2 thread 0
----------------------------------------------------
  __cs_active_thread[2l]=1 (1)

State 117 file /home/dell/zyworkspace/Experiment/remarks/svp_simple_005/_cs__mt_svp_simple_005_001.c line 160 function pthread_create_2 thread 0
----------------------------------------------------
  __cs_threadargs[2l]=NULL (0000000000000000000000000000000000000000000000000000000000000000)

State 120 file /home/dell/zyworkspace/Experiment/remarks/svp_simple_005/_cs__mt_svp_simple_005_001.c line 162 function pthread_create_2 thread 0
----------------------------------------------------
  __cs_message="thread spawned" (0000011000000000000000000000000000000000000000000000000000000000)

State 127 file /home/dell/zyworkspace/Experiment/remarks/svp_simple_005/_cs__mt_svp_simple_005_001.c line 1101 function main_thread thread 0
----------------------------------------------------
  __cs_value_ptr=NULL (0000000000000000000000000000000000000000000000000000000000000000)

State 132 file /home/dell/zyworkspace/Experiment/remarks/svp_simple_005/_cs__mt_svp_simple_005_001.c line 1124 function main thread 0
----------------------------------------------------
  __cs_pc[0l]=2 (0010)

State 133 file /home/dell/zyworkspace/Experiment/remarks/svp_simple_005/_cs__mt_svp_simple_005_001.c line 1128 function main thread 0
----------------------------------------------------
  __cs_tmp_t1_r0=3 (0011)

State 136 file /home/dell/zyworkspace/Experiment/remarks/svp_simple_005/_cs__mt_svp_simple_005_001.c line 1132 function main thread 0
----------------------------------------------------
  __cs_thread_index=1 (01)

State 137 file /home/dell/zyworkspace/Experiment/remarks/svp_simple_005/_cs__mt_svp_simple_005_001.c line 1134 function main thread 0
----------------------------------------------------
  __cs_pc_cs[1l]=3 (0011)

State 142 file /home/dell/zyworkspace/Experiment/remarks/svp_simple_005/_cs__mt_svp_simple_005_001.c line 1140 function main thread 0
----------------------------------------------------
  __cs_param_main_task_arg=NULL (0000000000000000000000000000000000000000000000000000000000000000)

State 147 file /home/dell/zyworkspace/Experiment/remarks/svp_simple_005/_cs__mt_svp_simple_005_001.c line 437 function main_task_0 thread 0
----------------------------------------------------
  __cs_disable_thread[2l]=0 (0)

State 148 file /home/dell/zyworkspace/Experiment/remarks/svp_simple_005/_cs__mt_svp_simple_005_001.c line 440 function main_task_0 thread 0
----------------------------------------------------
  __cs_disable_thread[0l]=0 (0)

State 149 file /home/dell/zyworkspace/Experiment/remarks/svp_simple_005/_cs__mt_svp_simple_005_001.c line 451 function main_task_0 thread 0
----------------------------------------------------
  __cs_local_main_task_i=0 (00000000000000000000000000000000)

State 150 file /home/dell/zyworkspace/Experiment/remarks/svp_simple_005/_cs__mt_svp_simple_005_001.c line 459 function main_task_0 thread 0
----------------------------------------------------
  __cs_local_main_task_t=0 (00000000000000000000000000000000)

State 152 file /home/dell/zyworkspace/Experiment/remarks/svp_simple_005/_cs__mt_svp_simple_005_001.c line 477 function main_task_0 thread 0
----------------------------------------------------
  __cs_local_main_task_loop_1_IOVar1=0 (00000000000000000000000000000000)

State 153 file /home/dell/zyworkspace/Experiment/remarks/svp_simple_005/_cs__mt_svp_simple_005_001.c line 480 function main_task_0 thread 0
----------------------------------------------------
  __cs_local_main_task_loop_1_block_2=9999 (00000000000000000010011100001111)

State 154 file /home/dell/zyworkspace/Experiment/remarks/svp_simple_005/_cs__mt_svp_simple_005_001.c line 483 function main_task_0 thread 0
----------------------------------------------------
  __cs_local_main_task_i=9999 (00000000000000000010011100001111)

State 157 file /home/dell/zyworkspace/Experiment/remarks/svp_simple_005/_cs__mt_svp_simple_005_001.c line 494 function main_task_0 thread 0
----------------------------------------------------
  __cs_local_main_task_j=0 (00000000000000000000000000000000)

State 158 file /home/dell/zyworkspace/Experiment/remarks/svp_simple_005/_cs__mt_svp_simple_005_001.c line 502 function main_task_0 thread 0
----------------------------------------------------
  __cs_local_main_task_t=0 (00000000000000000000000000000000)

State 160 file /home/dell/zyworkspace/Experiment/remarks/svp_simple_005/_cs__mt_svp_simple_005_001.c line 520 function main_task_0 thread 0
----------------------------------------------------
  __cs_local_main_task_loop_2_IOVar1=0 (00000000000000000000000000000000)

State 161 file /home/dell/zyworkspace/Experiment/remarks/svp_simple_005/_cs__mt_svp_simple_005_001.c line 523 function main_task_0 thread 0
----------------------------------------------------
  __cs_local_main_task_loop_2_block_2=1000 (00000000000000000000001111101000)

State 162 file /home/dell/zyworkspace/Experiment/remarks/svp_simple_005/_cs__mt_svp_simple_005_001.c line 526 function main_task_0 thread 0
----------------------------------------------------
  __cs_local_main_task_j=1000 (00000000000000000000001111101000)

State 165 file /home/dell/zyworkspace/Experiment/remarks/svp_simple_005/_cs__mt_svp_simple_005_001.c line 536 function main_task_0 thread 0
----------------------------------------------------
  __cs_local_main_task___cs_tmp_if_cond_0=TRUE (00000001)

State 168 file /home/dell/zyworkspace/Experiment/remarks/svp_simple_005/_cs__mt_svp_simple_005_001.c line 544 function main_task_0 thread 0
----------------------------------------------------
  svp_simple_005_001_global_var=1 (00000000000000000000000000000001)

State 170 file /home/dell/zyworkspace/Experiment/remarks/svp_simple_005/_cs__mt_svp_simple_005_001.c line 549 function main_task_0 thread 0
----------------------------------------------------
  wrw_a_1_num=1 (00000000000000000000000000000001)

State 171 file /home/dell/zyworkspace/Experiment/remarks/svp_simple_005/_cs__mt_svp_simple_005_001.c line 550 function main_task_0 thread 0
----------------------------------------------------
  wrw_a_1=0 (00000000000000000000000000000000)

State 173 file /home/dell/zyworkspace/Experiment/remarks/svp_simple_005/_cs__mt_svp_simple_005_001.c line 562 function main_task_0 thread 0
----------------------------------------------------
  __cs_local_main_task_j=1001 (00000000000000000000001111101001)

State 174 file /home/dell/zyworkspace/Experiment/remarks/svp_simple_005/_cs__mt_svp_simple_005_001.c line 568 function main_task_0 thread 0
----------------------------------------------------
  __cs_local_main_task_t=1 (00000000000000000000000000000001)

State 176 file /home/dell/zyworkspace/Experiment/remarks/svp_simple_005/_cs__mt_svp_simple_005_001.c line 586 function main_task_0 thread 0
----------------------------------------------------
  __cs_local_main_task_loop_2_IOVar1=1001 (00000000000000000000001111101001)

State 177 file /home/dell/zyworkspace/Experiment/remarks/svp_simple_005/_cs__mt_svp_simple_005_001.c line 589 function main_task_0 thread 0
----------------------------------------------------
  __cs_local_main_task_loop_2_block_2=8998 (00000000000000000010001100100110)

State 178 file /home/dell/zyworkspace/Experiment/remarks/svp_simple_005/_cs__mt_svp_simple_005_001.c line 592 function main_task_0 thread 0
----------------------------------------------------
  __cs_local_main_task_j=9999 (00000000000000000010011100001111)

State 181 file /home/dell/zyworkspace/Experiment/remarks/svp_simple_005/_cs__mt_svp_simple_005_001.c line 602 function main_task_0 thread 0
----------------------------------------------------
  __cs_local_main_task___cs_tmp_if_cond_0=FALSE (00000000)

State 184 file /home/dell/zyworkspace/Experiment/remarks/svp_simple_005/_cs__mt_svp_simple_005_001.c line 628 function main_task_0 thread 0
----------------------------------------------------
  __cs_local_main_task_j=10000 (00000000000000000010011100010000)

State 185 file /home/dell/zyworkspace/Experiment/remarks/svp_simple_005/_cs__mt_svp_simple_005_001.c line 634 function main_task_0 thread 0
----------------------------------------------------
  __cs_local_main_task_t=2 (00000000000000000000000000000010)

State 186 file /home/dell/zyworkspace/Experiment/remarks/svp_simple_005/_cs__mt_svp_simple_005_001.c line 638 function main_task_0 thread 0
----------------------------------------------------
  __cs_loop_2=FALSE (00000000)

State 197 file /home/dell/zyworkspace/Experiment/remarks/svp_simple_005/_cs__mt_svp_simple_005_001.c line 944 function main_task_0 thread 0
----------------------------------------------------
  __cs_value_ptr=NULL (0000000000000000000000000000000000000000000000000000000000000000)

State 202 file /home/dell/zyworkspace/Experiment/remarks/svp_simple_005/_cs__mt_svp_simple_005_001.c line 1142 function main thread 0
----------------------------------------------------
  __cs_pc[1l]=3 (0011)

State 203 file /home/dell/zyworkspace/Experiment/remarks/svp_simple_005/_cs__mt_svp_simple_005_001.c line 1148 function main thread 0
----------------------------------------------------
  __cs_tmp_t2_r0=1 (1)

State 206 file /home/dell/zyworkspace/Experiment/remarks/svp_simple_005/_cs__mt_svp_simple_005_001.c line 1153 function main thread 0
----------------------------------------------------
  __cs_thread_index=2 (10)

State 207 file /home/dell/zyworkspace/Experiment/remarks/svp_simple_005/_cs__mt_svp_simple_005_001.c line 1155 function main thread 0
----------------------------------------------------
  __cs_pc_cs[2l]=1 (0001)

State 212 file /home/dell/zyworkspace/Experiment/remarks/svp_simple_005/_cs__mt_svp_simple_005_001.c line 1161 function main thread 0
----------------------------------------------------
  __cs_param_svp_simple_005_001_isr_1_arg=NULL (0000000000000000000000000000000000000000000000000000000000000000)

State 214 file /home/dell/zyworkspace/Experiment/remarks/svp_simple_005/_cs__mt_svp_simple_005_001.c line 957 function svp_simple_005_001_isr_1_0 thread 0
----------------------------------------------------
  __cs_local_svp_simple_005_001_isr_1_i=0 (00000000000000000000000000000000)

State 215 file /home/dell/zyworkspace/Experiment/remarks/svp_simple_005/_cs__mt_svp_simple_005_001.c line 959 function svp_simple_005_001_isr_1_0 thread 0
----------------------------------------------------
  __cs_local_svp_simple_005_001_isr_1_i=0 (00000000000000000000000000000000)

State 216 file /home/dell/zyworkspace/Experiment/remarks/svp_simple_005/_cs__mt_svp_simple_005_001.c line 966 function svp_simple_005_001_isr_1_0 thread 0
----------------------------------------------------
  __cs_local_svp_simple_005_001_isr_1_t=0 (00000000000000000000000000000000)

State 218 file /home/dell/zyworkspace/Experiment/remarks/svp_simple_005/_cs__mt_svp_simple_005_001.c line 981 function svp_simple_005_001_isr_1_0 thread 0
----------------------------------------------------
  __cs_local_svp_simple_005_001_isr_1_loop_3_IOVar1=0 (00000000000000000000000000000000)

State 219 file /home/dell/zyworkspace/Experiment/remarks/svp_simple_005/_cs__mt_svp_simple_005_001.c line 983 function svp_simple_005_001_isr_1_0 thread 0
----------------------------------------------------
  __cs_local_svp_simple_005_001_isr_1_loop_3_block_1=100 (00000000000000000000000001100100)

State 220 file /home/dell/zyworkspace/Experiment/remarks/svp_simple_005/_cs__mt_svp_simple_005_001.c line 985 function svp_simple_005_001_isr_1_0 thread 0
----------------------------------------------------
  __cs_local_svp_simple_005_001_isr_1_i=100 (00000000000000000000000001100100)

State 223 file /home/dell/zyworkspace/Experiment/remarks/svp_simple_005/_cs__mt_svp_simple_005_001.c line 996 function svp_simple_005_001_isr_1_0 thread 0
----------------------------------------------------
  __cs_local_svp_simple_005_001_isr_1_i=101 (00000000000000000000000001100101)

State 224 file /home/dell/zyworkspace/Experiment/remarks/svp_simple_005/_cs__mt_svp_simple_005_001.c line 1001 function svp_simple_005_001_isr_1_0 thread 0
----------------------------------------------------
  __cs_local_svp_simple_005_001_isr_1_t=1 (00000000000000000000000000000001)

State 229 file /home/dell/zyworkspace/Experiment/remarks/svp_simple_005/_cs__mt_svp_simple_005_001.c line 1057 function svp_simple_005_001_isr_1_0 thread 0
----------------------------------------------------
  __cs_local_svp_simple_005_001_isr_1_reader=1 (00000000000000000000000000000001)

State 230 file /home/dell/zyworkspace/Experiment/remarks/svp_simple_005/_cs__mt_svp_simple_005_001.c line 1059 function svp_simple_005_001_isr_1_0 thread 0
----------------------------------------------------
  wrw_a_1=1 (00000000000000000000000000000001)

State 234 file /home/dell/zyworkspace/Experiment/remarks/svp_simple_005/_cs__mt_svp_simple_005_001.c line 1071 function svp_simple_005_001_isr_1_0 thread 0
----------------------------------------------------
  __cs_value_ptr=NULL (0000000000000000000000000000000000000000000000000000000000000000)

State 239 file /home/dell/zyworkspace/Experiment/remarks/svp_simple_005/_cs__mt_svp_simple_005_001.c line 1163 function main thread 0
----------------------------------------------------
  __cs_pc[2l]=1 (0001)

State 240 file /home/dell/zyworkspace/Experiment/remarks/svp_simple_005/_cs__mt_svp_simple_005_001.c line 1171 function main thread 0
----------------------------------------------------
  __cs_tmp_t0_r1=2 (10)

State 243 file /home/dell/zyworkspace/Experiment/remarks/svp_simple_005/_cs__mt_svp_simple_005_001.c line 1176 function main thread 0
----------------------------------------------------
  __cs_thread_index=0 (00)

State 244 file /home/dell/zyworkspace/Experiment/remarks/svp_simple_005/_cs__mt_svp_simple_005_001.c line 1178 function main thread 0
----------------------------------------------------
  __cs_pc_cs[0l]=2 (0010)

State 253 file /home/dell/zyworkspace/Experiment/remarks/svp_simple_005/_cs__mt_svp_simple_005_001.c line 1101 function main_thread thread 0
----------------------------------------------------
  __cs_value_ptr=NULL (0000000000000000000000000000000000000000000000000000000000000000)

State 258 file /home/dell/zyworkspace/Experiment/remarks/svp_simple_005/_cs__mt_svp_simple_005_001.c line 1186 function main thread 0
----------------------------------------------------
  __cs_pc[0l]=2 (0010)

State 259 file /home/dell/zyworkspace/Experiment/remarks/svp_simple_005/_cs__mt_svp_simple_005_001.c line 1192 function main thread 0
----------------------------------------------------
  __cs_tmp_t1_r1=10 (1010)

State 262 file /home/dell/zyworkspace/Experiment/remarks/svp_simple_005/_cs__mt_svp_simple_005_001.c line 1197 function main thread 0
----------------------------------------------------
  __cs_thread_index=1 (01)

State 263 file /home/dell/zyworkspace/Experiment/remarks/svp_simple_005/_cs__mt_svp_simple_005_001.c line 1199 function main thread 0
----------------------------------------------------
  __cs_pc_cs[1l]=10 (1010)

State 268 file /home/dell/zyworkspace/Experiment/remarks/svp_simple_005/_cs__mt_svp_simple_005_001.c line 1205 function main thread 0
----------------------------------------------------
  __cs_param_main_task_arg=NULL (0000000000000000000000000000000000000000000000000000000000000000)

State 276 file /home/dell/zyworkspace/Experiment/remarks/svp_simple_005/_cs__mt_svp_simple_005_001.c line 660 function main_task_0 thread 0
----------------------------------------------------
  __cs_local_main_task_i=10000 (00000000000000000010011100010000)

State 277 file /home/dell/zyworkspace/Experiment/remarks/svp_simple_005/_cs__mt_svp_simple_005_001.c line 666 function main_task_0 thread 0
----------------------------------------------------
  __cs_local_main_task_t=1 (00000000000000000000000000000001)

State 280 file /home/dell/zyworkspace/Experiment/remarks/svp_simple_005/_cs__mt_svp_simple_005_001.c line 674 function main_task_0 thread 0
----------------------------------------------------
  __cs_pc[1l]=7 (0111)

State 290 file /home/dell/zyworkspace/Experiment/remarks/svp_simple_005/_cs__mt_svp_simple_005_001.c line 900 function main_task_0 thread 0
----------------------------------------------------
  __cs_local_main_task___cs_tmp_if_cond_1=FALSE (00000000)

State 296 file /home/dell/zyworkspace/Experiment/remarks/svp_simple_005/_cs__mt_svp_simple_005_001.c line 944 function main_task_0 thread 0
----------------------------------------------------
  __cs_value_ptr=NULL (0000000000000000000000000000000000000000000000000000000000000000)

State 301 file /home/dell/zyworkspace/Experiment/remarks/svp_simple_005/_cs__mt_svp_simple_005_001.c line 1207 function main thread 0
----------------------------------------------------
  __cs_pc[1l]=10 (1010)

State 302 file /home/dell/zyworkspace/Experiment/remarks/svp_simple_005/_cs__mt_svp_simple_005_001.c line 1213 function main thread 0
----------------------------------------------------
  __cs_tmp_t2_r1=1 (1)

State 305 file /home/dell/zyworkspace/Experiment/remarks/svp_simple_005/_cs__mt_svp_simple_005_001.c line 1218 function main thread 0
----------------------------------------------------
  __cs_thread_index=2 (10)

State 306 file /home/dell/zyworkspace/Experiment/remarks/svp_simple_005/_cs__mt_svp_simple_005_001.c line 1220 function main thread 0
----------------------------------------------------
  __cs_pc_cs[2l]=1 (0001)

State 311 file /home/dell/zyworkspace/Experiment/remarks/svp_simple_005/_cs__mt_svp_simple_005_001.c line 1226 function main thread 0
----------------------------------------------------
  __cs_param_svp_simple_005_001_isr_1_arg=NULL (0000000000000000000000000000000000000000000000000000000000000000)

State 315 file /home/dell/zyworkspace/Experiment/remarks/svp_simple_005/_cs__mt_svp_simple_005_001.c line 1071 function svp_simple_005_001_isr_1_0 thread 0
----------------------------------------------------
  __cs_value_ptr=NULL (0000000000000000000000000000000000000000000000000000000000000000)

State 320 file /home/dell/zyworkspace/Experiment/remarks/svp_simple_005/_cs__mt_svp_simple_005_001.c line 1228 function main thread 0
----------------------------------------------------
  __cs_pc[2l]=1 (0001)

State 321 file /home/dell/zyworkspace/Experiment/remarks/svp_simple_005/_cs__mt_svp_simple_005_001.c line 1232 function main thread 0
----------------------------------------------------
  __cs_tmp_t1_r2=11u (00000000000000000000000000001011)

State 324 file /home/dell/zyworkspace/Experiment/remarks/svp_simple_005/_cs__mt_svp_simple_005_001.c line 1237 function main thread 0
----------------------------------------------------
  __cs_thread_index=1 (01)

State 325 file /home/dell/zyworkspace/Experiment/remarks/svp_simple_005/_cs__mt_svp_simple_005_001.c line 1239 function main thread 0
----------------------------------------------------
  __cs_pc_cs[1l]=11 (1011)

State 330 file /home/dell/zyworkspace/Experiment/remarks/svp_simple_005/_cs__mt_svp_simple_005_001.c line 1245 function main thread 0
----------------------------------------------------
  __cs_param_main_task_arg=NULL (0000000000000000000000000000000000000000000000000000000000000000)

State 342 file /home/dell/zyworkspace/Experiment/remarks/svp_simple_005/_cs__mt_svp_simple_005_001.c line 925 function main_task_0 thread 0
----------------------------------------------------
  svp_simple_005_001_global_var=5 (00000000000000000000000000000101)

Violated property:
  file /home/dell/zyworkspace/Experiment/remarks/svp_simple_005/_cs__mt_svp_simple_005_001.c line 928 function main_task_0
  assertion wrw_a_1 == 0
  wrw_a_1 == 0


** 1 of 6 failed (2 iterations)
VERIFICATION FAILED
