CBMC version 5.6 64-bit x86_64 linux
Parsing /home/dell/zyworkspace/nichecker/Experiment/remarks2.1_LA_PPR/svp_simple_009/_mt_svp_simple_009_001_result/_cs_svp_simple_009_001_m_wwr_mt_svp_simple_009_001.c
<command-line>: warning: "__STDC_VERSION__" redefined
<built-in>: note: this is the location of the previous definition
Converting
Type-checking _cs_svp_simple_009_001_m_wwr_mt_svp_simple_009_001
file /home/dell/zyworkspace/nichecker/Experiment/remarks2.1_LA_PPR/svp_simple_009/_mt_svp_simple_009_001_result/_cs_svp_simple_009_001_m_wwr_mt_svp_simple_009_001.c line 364 function main_task_0: function `assert' is not declared
Generating GOTO Program
Adding CPROVER library (x86_64)
Removal of function pointers and virtual functions
Partial Inlining
Generic Property Instrumentation
Starting Bounded Model Checking
**** WARNING: no body for function enable_isr
size of program expression: 551 steps
simple slicing removed 23 assignments
Generated 6 VCC(s), 6 remaining after simplification
Passing problem to propositional reduction
converting SSA
warning: ignoring array
  * type: array
      * size: constant
          * type: signedbv
              * width: 64
              * #c_type: signed_long_int
          * value: 0000000000000000000000000000000000000000000000000000000000000000
      * #source_location: 
        * file: /home/dell/zyworkspace/nichecker/Experiment/remarks2.1_LA_PPR/svp_simple_009/_mt_svp_simple_009_001_result/_cs_svp_simple_009_001_m_wwr_mt_svp_simple_009_001.c
        * line: 108
        * working_directory: /home/dell/zyworkspace/nichecker/Cseq
      0: pointer
          * #source_location: 
            * file: /home/dell/zyworkspace/nichecker/Experiment/remarks2.1_LA_PPR/svp_simple_009/_mt_svp_simple_009_001_result/_cs_svp_simple_009_001_m_wwr_mt_svp_simple_009_001.c
            * line: 108
            * working_directory: /home/dell/zyworkspace/nichecker/Cseq
          0: signedbv
              * width: 32
              * #c_type: signed_int
  * #source_location: 
    * file: /home/dell/zyworkspace/nichecker/Experiment/remarks2.1_LA_PPR/svp_simple_009/_mt_svp_simple_009_001_result/_cs_svp_simple_009_001_m_wwr_mt_svp_simple_009_001.c
    * line: 108
    * working_directory: /home/dell/zyworkspace/nichecker/Cseq
Running propositional reduction
Post-processing
Solving with MiniSAT 2.2.1 with simplifier
3618 variables, 8072 clauses
SAT checker: instance is SATISFIABLE
Solving with MiniSAT 2.2.1 with simplifier
3618 variables, 1113 clauses
SAT checker: instance is UNSATISFIABLE
Runtime decision procedure: 0.015s

** Results:
[main_task_0.assertion.1] assertion wwr_rsvp_simple_009_001_m_1 == wwr_w_tmpsvp_simple_009_001_m_1: FAILURE
[main_task_0.assertion.2] assertion wwr_rsvp_simple_009_001_m_1 == wwr_w_tmpsvp_simple_009_001_m_1: SUCCESS

Trace for main_task_0.assertion.1:

State 49 file /home/dell/zyworkspace/nichecker/Experiment/remarks2.1_LA_PPR/svp_simple_009/_mt_svp_simple_009_001_result/_cs_svp_simple_009_001_m_wwr_mt_svp_simple_009_001.c line 405 function main thread 0
----------------------------------------------------
  __cs_tmp_t1_r0=4 (100)

State 51 file /home/dell/zyworkspace/nichecker/Experiment/remarks2.1_LA_PPR/svp_simple_009/_mt_svp_simple_009_001_result/_cs_svp_simple_009_001_m_wwr_mt_svp_simple_009_001.c line 409 function main thread 0
----------------------------------------------------
  __cs_thread_index=1 (01)

State 52 file /home/dell/zyworkspace/nichecker/Experiment/remarks2.1_LA_PPR/svp_simple_009/_mt_svp_simple_009_001_result/_cs_svp_simple_009_001_m_wwr_mt_svp_simple_009_001.c line 411 function main thread 0
----------------------------------------------------
  __cs_pc_cs[1l]=4 (100)

State 57 file /home/dell/zyworkspace/nichecker/Experiment/remarks2.1_LA_PPR/svp_simple_009/_mt_svp_simple_009_001_result/_cs_svp_simple_009_001_m_wwr_mt_svp_simple_009_001.c line 417 function main thread 0
----------------------------------------------------
  __cs_param_main_task_arg=NULL (0000000000000000000000000000000000000000000000000000000000000000)

State 62 file /home/dell/zyworkspace/nichecker/Experiment/remarks2.1_LA_PPR/svp_simple_009/_mt_svp_simple_009_001_result/_cs_svp_simple_009_001_m_wwr_mt_svp_simple_009_001.c line 315 function main_task_0 thread 0
----------------------------------------------------
  __cs_disable_thread[2l]=0 (0)

State 63 file /home/dell/zyworkspace/nichecker/Experiment/remarks2.1_LA_PPR/svp_simple_009/_mt_svp_simple_009_001_result/_cs_svp_simple_009_001_m_wwr_mt_svp_simple_009_001.c line 318 function main_task_0 thread 0
----------------------------------------------------
  __cs_disable_thread[0l]=0 (0)

State 65 file /home/dell/zyworkspace/nichecker/Experiment/remarks2.1_LA_PPR/svp_simple_009/_mt_svp_simple_009_001_result/_cs_svp_simple_009_001_m_wwr_mt_svp_simple_009_001.c line 329 function main_task_0 thread 0
----------------------------------------------------
  __cs_local_main_task_svp_simple_009_001_local_var1=1 (00000000000000000000000000000001)

State 66 file /home/dell/zyworkspace/nichecker/Experiment/remarks2.1_LA_PPR/svp_simple_009/_mt_svp_simple_009_001_result/_cs_svp_simple_009_001_m_wwr_mt_svp_simple_009_001.c line 333 function main_task_0 thread 0
----------------------------------------------------
  __cs_local_main_task_svp_simple_009_001_local_var2=9 (00000000000000000000000000001001)

State 67 file /home/dell/zyworkspace/nichecker/Experiment/remarks2.1_LA_PPR/svp_simple_009/_mt_svp_simple_009_001_result/_cs_svp_simple_009_001_m_wwr_mt_svp_simple_009_001.c line 336 function main_task_0 thread 0
----------------------------------------------------
  svp_simple_009_001_p=&__cs_local_main_task_svp_simple_009_001_local_var1 (0000001000000000000000000000000000000000000000000000000000000000)

State 69 file /home/dell/zyworkspace/nichecker/Experiment/remarks2.1_LA_PPR/svp_simple_009/_mt_svp_simple_009_001_result/_cs_svp_simple_009_001_m_wwr_mt_svp_simple_009_001.c line 341 function main_task_0 thread 0
----------------------------------------------------
  svp_simple_009_001_q=&__cs_local_main_task_svp_simple_009_001_local_var1 (0000001000000000000000000000000000000000000000000000000000000000)

State 70 file /home/dell/zyworkspace/nichecker/Experiment/remarks2.1_LA_PPR/svp_simple_009/_mt_svp_simple_009_001_result/_cs_svp_simple_009_001_m_wwr_mt_svp_simple_009_001.c line 344 function main_task_0 thread 0
----------------------------------------------------
  __cs_local_main_task_svp_simple_009_001_local_var1=2 (00000000000000000000000000000010)

State 72 file /home/dell/zyworkspace/nichecker/Experiment/remarks2.1_LA_PPR/svp_simple_009/_mt_svp_simple_009_001_result/_cs_svp_simple_009_001_m_wwr_mt_svp_simple_009_001.c line 349 function main_task_0 thread 0
----------------------------------------------------
  __cs_local_main_task_svp_simple_009_001_local_var1=3 (00000000000000000000000000000011)

State 73 file /home/dell/zyworkspace/nichecker/Experiment/remarks2.1_LA_PPR/svp_simple_009/_mt_svp_simple_009_001_result/_cs_svp_simple_009_001_m_wwr_mt_svp_simple_009_001.c line 351 function main_task_0 thread 0
----------------------------------------------------
  svp_simple_009_001_m=&__cs_local_main_task_svp_simple_009_001_local_var2 (0000001100000000000000000000000000000000000000000000000000000000)

State 74 file /home/dell/zyworkspace/nichecker/Experiment/remarks2.1_LA_PPR/svp_simple_009/_mt_svp_simple_009_001_result/_cs_svp_simple_009_001_m_wwr_mt_svp_simple_009_001.c line 353 function main_task_0 thread 0
----------------------------------------------------
  wwr_w_tmpsvp_simple_009_001_m_1_num=1 (00000000000000000000000000000001)

State 75 file /home/dell/zyworkspace/nichecker/Experiment/remarks2.1_LA_PPR/svp_simple_009/_mt_svp_simple_009_001_result/_cs_svp_simple_009_001_m_wwr_mt_svp_simple_009_001.c line 354 function main_task_0 thread 0
----------------------------------------------------
  wwr_w_tmpsvp_simple_009_001_m_1=&__cs_local_main_task_svp_simple_009_001_local_var2 (0000001100000000000000000000000000000000000000000000000000000000)

State 81 file /home/dell/zyworkspace/nichecker/Experiment/remarks2.1_LA_PPR/svp_simple_009/_mt_svp_simple_009_001_result/_cs_svp_simple_009_001_m_wwr_mt_svp_simple_009_001.c line 393 function main_task_0 thread 0
----------------------------------------------------
  __cs_value_ptr=NULL (0000000000000000000000000000000000000000000000000000000000000000)

State 86 file /home/dell/zyworkspace/nichecker/Experiment/remarks2.1_LA_PPR/svp_simple_009/_mt_svp_simple_009_001_result/_cs_svp_simple_009_001_m_wwr_mt_svp_simple_009_001.c line 419 function main thread 0
----------------------------------------------------
  __cs_pc[1l]=4 (100)

State 87 file /home/dell/zyworkspace/nichecker/Experiment/remarks2.1_LA_PPR/svp_simple_009/_mt_svp_simple_009_001_result/_cs_svp_simple_009_001_m_wwr_mt_svp_simple_009_001.c line 425 function main thread 0
----------------------------------------------------
  __cs_tmp_t2_r0=0 (0)

State 89 file /home/dell/zyworkspace/nichecker/Experiment/remarks2.1_LA_PPR/svp_simple_009/_mt_svp_simple_009_001_result/_cs_svp_simple_009_001_m_wwr_mt_svp_simple_009_001.c line 430 function main thread 0
----------------------------------------------------
  __cs_thread_index=2 (10)

State 90 file /home/dell/zyworkspace/nichecker/Experiment/remarks2.1_LA_PPR/svp_simple_009/_mt_svp_simple_009_001_result/_cs_svp_simple_009_001_m_wwr_mt_svp_simple_009_001.c line 432 function main thread 0
----------------------------------------------------
  __cs_pc_cs[2l]=0 (000)

State 95 file /home/dell/zyworkspace/nichecker/Experiment/remarks2.1_LA_PPR/svp_simple_009/_mt_svp_simple_009_001_result/_cs_svp_simple_009_001_m_wwr_mt_svp_simple_009_001.c line 438 function main thread 0
----------------------------------------------------
  __cs_param_svp_simple_009_001_isr_1_arg=NULL (0000000000000000000000000000000000000000000000000000000000000000)

State 99 file /home/dell/zyworkspace/nichecker/Experiment/remarks2.1_LA_PPR/svp_simple_009/_mt_svp_simple_009_001_result/_cs_svp_simple_009_001_m_wwr_mt_svp_simple_009_001.c line 303 function svp_simple_009_001_isr_1_0 thread 0
----------------------------------------------------
  __cs_value_ptr=NULL (0000000000000000000000000000000000000000000000000000000000000000)

State 104 file /home/dell/zyworkspace/nichecker/Experiment/remarks2.1_LA_PPR/svp_simple_009/_mt_svp_simple_009_001_result/_cs_svp_simple_009_001_m_wwr_mt_svp_simple_009_001.c line 440 function main thread 0
----------------------------------------------------
  __cs_pc[2l]=0 (000)

State 105 file /home/dell/zyworkspace/nichecker/Experiment/remarks2.1_LA_PPR/svp_simple_009/_mt_svp_simple_009_001_result/_cs_svp_simple_009_001_m_wwr_mt_svp_simple_009_001.c line 450 function main thread 0
----------------------------------------------------
  __cs_tmp_t1_r1=4 (100)

State 107 file /home/dell/zyworkspace/nichecker/Experiment/remarks2.1_LA_PPR/svp_simple_009/_mt_svp_simple_009_001_result/_cs_svp_simple_009_001_m_wwr_mt_svp_simple_009_001.c line 455 function main thread 0
----------------------------------------------------
  __cs_thread_index=1 (01)

State 108 file /home/dell/zyworkspace/nichecker/Experiment/remarks2.1_LA_PPR/svp_simple_009/_mt_svp_simple_009_001_result/_cs_svp_simple_009_001_m_wwr_mt_svp_simple_009_001.c line 457 function main thread 0
----------------------------------------------------
  __cs_pc_cs[1l]=4 (100)

State 113 file /home/dell/zyworkspace/nichecker/Experiment/remarks2.1_LA_PPR/svp_simple_009/_mt_svp_simple_009_001_result/_cs_svp_simple_009_001_m_wwr_mt_svp_simple_009_001.c line 463 function main thread 0
----------------------------------------------------
  __cs_param_main_task_arg=NULL (0000000000000000000000000000000000000000000000000000000000000000)

State 123 file /home/dell/zyworkspace/nichecker/Experiment/remarks2.1_LA_PPR/svp_simple_009/_mt_svp_simple_009_001_result/_cs_svp_simple_009_001_m_wwr_mt_svp_simple_009_001.c line 393 function main_task_0 thread 0
----------------------------------------------------
  __cs_value_ptr=NULL (0000000000000000000000000000000000000000000000000000000000000000)

State 128 file /home/dell/zyworkspace/nichecker/Experiment/remarks2.1_LA_PPR/svp_simple_009/_mt_svp_simple_009_001_result/_cs_svp_simple_009_001_m_wwr_mt_svp_simple_009_001.c line 465 function main thread 0
----------------------------------------------------
  __cs_pc[1l]=4 (100)

State 129 file /home/dell/zyworkspace/nichecker/Experiment/remarks2.1_LA_PPR/svp_simple_009/_mt_svp_simple_009_001_result/_cs_svp_simple_009_001_m_wwr_mt_svp_simple_009_001.c line 471 function main thread 0
----------------------------------------------------
  __cs_tmp_t2_r1=1 (1)

State 131 file /home/dell/zyworkspace/nichecker/Experiment/remarks2.1_LA_PPR/svp_simple_009/_mt_svp_simple_009_001_result/_cs_svp_simple_009_001_m_wwr_mt_svp_simple_009_001.c line 476 function main thread 0
----------------------------------------------------
  __cs_thread_index=2 (10)

State 132 file /home/dell/zyworkspace/nichecker/Experiment/remarks2.1_LA_PPR/svp_simple_009/_mt_svp_simple_009_001_result/_cs_svp_simple_009_001_m_wwr_mt_svp_simple_009_001.c line 478 function main thread 0
----------------------------------------------------
  __cs_pc_cs[2l]=1 (001)

State 137 file /home/dell/zyworkspace/nichecker/Experiment/remarks2.1_LA_PPR/svp_simple_009/_mt_svp_simple_009_001_result/_cs_svp_simple_009_001_m_wwr_mt_svp_simple_009_001.c line 484 function main thread 0
----------------------------------------------------
  __cs_param_svp_simple_009_001_isr_1_arg=NULL (0000000000000000000000000000000000000000000000000000000000000000)

State 139 file /home/dell/zyworkspace/nichecker/Experiment/remarks2.1_LA_PPR/svp_simple_009/_mt_svp_simple_009_001_result/_cs_svp_simple_009_001_m_wwr_mt_svp_simple_009_001.c line 188 function svp_simple_009_001_isr_1_0 thread 0
----------------------------------------------------
  __cs_local_svp_simple_009_001_isr_1_i=0 (00000000000000000000000000000000)

State 140 file /home/dell/zyworkspace/nichecker/Experiment/remarks2.1_LA_PPR/svp_simple_009/_mt_svp_simple_009_001_result/_cs_svp_simple_009_001_m_wwr_mt_svp_simple_009_001.c line 190 function svp_simple_009_001_isr_1_0 thread 0
----------------------------------------------------
  __cs_local_svp_simple_009_001_isr_1_i=0 (00000000000000000000000000000000)

State 141 file /home/dell/zyworkspace/nichecker/Experiment/remarks2.1_LA_PPR/svp_simple_009/_mt_svp_simple_009_001_result/_cs_svp_simple_009_001_m_wwr_mt_svp_simple_009_001.c line 197 function svp_simple_009_001_isr_1_0 thread 0
----------------------------------------------------
  __cs_local_svp_simple_009_001_isr_1_t_1=0 (00000000000000000000000000000000)

State 143 file /home/dell/zyworkspace/nichecker/Experiment/remarks2.1_LA_PPR/svp_simple_009/_mt_svp_simple_009_001_result/_cs_svp_simple_009_001_m_wwr_mt_svp_simple_009_001.c line 212 function svp_simple_009_001_isr_1_0 thread 0
----------------------------------------------------
  __cs_local_svp_simple_009_001_isr_1_loop_1_IOVar1=0 (00000000000000000000000000000000)

State 144 file /home/dell/zyworkspace/nichecker/Experiment/remarks2.1_LA_PPR/svp_simple_009/_mt_svp_simple_009_001_result/_cs_svp_simple_009_001_m_wwr_mt_svp_simple_009_001.c line 214 function svp_simple_009_001_isr_1_0 thread 0
----------------------------------------------------
  __cs_local_svp_simple_009_001_isr_1_loop_1_block_1=100 (00000000000000000000000001100100)

State 145 file /home/dell/zyworkspace/nichecker/Experiment/remarks2.1_LA_PPR/svp_simple_009/_mt_svp_simple_009_001_result/_cs_svp_simple_009_001_m_wwr_mt_svp_simple_009_001.c line 216 function svp_simple_009_001_isr_1_0 thread 0
----------------------------------------------------
  __cs_local_svp_simple_009_001_isr_1_i=100 (00000000000000000000000001100100)

State 148 file /home/dell/zyworkspace/nichecker/Experiment/remarks2.1_LA_PPR/svp_simple_009/_mt_svp_simple_009_001_result/_cs_svp_simple_009_001_m_wwr_mt_svp_simple_009_001.c line 227 function svp_simple_009_001_isr_1_0 thread 0
----------------------------------------------------
  __cs_local_svp_simple_009_001_isr_1_i=101 (00000000000000000000000001100101)

State 149 file /home/dell/zyworkspace/nichecker/Experiment/remarks2.1_LA_PPR/svp_simple_009/_mt_svp_simple_009_001_result/_cs_svp_simple_009_001_m_wwr_mt_svp_simple_009_001.c line 232 function svp_simple_009_001_isr_1_0 thread 0
----------------------------------------------------
  __cs_local_svp_simple_009_001_isr_1_t_1=1 (00000000000000000000000000000001)

State 154 file /home/dell/zyworkspace/nichecker/Experiment/remarks2.1_LA_PPR/svp_simple_009/_mt_svp_simple_009_001_result/_cs_svp_simple_009_001_m_wwr_mt_svp_simple_009_001.c line 286 function svp_simple_009_001_isr_1_0 thread 0
----------------------------------------------------
  __cs_local_svp_simple_009_001_isr_1_reader1=3 (00000000000000000000000000000011)

State 155 file /home/dell/zyworkspace/nichecker/Experiment/remarks2.1_LA_PPR/svp_simple_009/_mt_svp_simple_009_001_result/_cs_svp_simple_009_001_m_wwr_mt_svp_simple_009_001.c line 289 function svp_simple_009_001_isr_1_0 thread 0
----------------------------------------------------
  __cs_local_svp_simple_009_001_isr_1_svp_simple_009_001_local_var3=8 (00000000000000000000000000001000)

State 156 file /home/dell/zyworkspace/nichecker/Experiment/remarks2.1_LA_PPR/svp_simple_009/_mt_svp_simple_009_001_result/_cs_svp_simple_009_001_m_wwr_mt_svp_simple_009_001.c line 290 function svp_simple_009_001_isr_1_0 thread 0
----------------------------------------------------
  svp_simple_009_001_m=&__cs_local_svp_simple_009_001_isr_1_svp_simple_009_001_local_var3 (0000010000000000000000000000000000000000000000000000000000000000)

State 157 file /home/dell/zyworkspace/nichecker/Experiment/remarks2.1_LA_PPR/svp_simple_009/_mt_svp_simple_009_001_result/_cs_svp_simple_009_001_m_wwr_mt_svp_simple_009_001.c line 292 function svp_simple_009_001_isr_1_0 thread 0
----------------------------------------------------
  __cs_local_svp_simple_009_001_isr_1_reader2=8 (00000000000000000000000000001000)

State 161 file /home/dell/zyworkspace/nichecker/Experiment/remarks2.1_LA_PPR/svp_simple_009/_mt_svp_simple_009_001_result/_cs_svp_simple_009_001_m_wwr_mt_svp_simple_009_001.c line 303 function svp_simple_009_001_isr_1_0 thread 0
----------------------------------------------------
  __cs_value_ptr=NULL (0000000000000000000000000000000000000000000000000000000000000000)

State 166 file /home/dell/zyworkspace/nichecker/Experiment/remarks2.1_LA_PPR/svp_simple_009/_mt_svp_simple_009_001_result/_cs_svp_simple_009_001_m_wwr_mt_svp_simple_009_001.c line 486 function main thread 0
----------------------------------------------------
  __cs_pc[2l]=1 (001)

State 167 file /home/dell/zyworkspace/nichecker/Experiment/remarks2.1_LA_PPR/svp_simple_009/_mt_svp_simple_009_001_result/_cs_svp_simple_009_001_m_wwr_mt_svp_simple_009_001.c line 490 function main thread 0
----------------------------------------------------
  __cs_tmp_t1_r2=6u (00000000000000000000000000000110)

State 169 file /home/dell/zyworkspace/nichecker/Experiment/remarks2.1_LA_PPR/svp_simple_009/_mt_svp_simple_009_001_result/_cs_svp_simple_009_001_m_wwr_mt_svp_simple_009_001.c line 495 function main thread 0
----------------------------------------------------
  __cs_thread_index=1 (01)

State 170 file /home/dell/zyworkspace/nichecker/Experiment/remarks2.1_LA_PPR/svp_simple_009/_mt_svp_simple_009_001_result/_cs_svp_simple_009_001_m_wwr_mt_svp_simple_009_001.c line 497 function main thread 0
----------------------------------------------------
  __cs_pc_cs[1l]=6 (110)

State 175 file /home/dell/zyworkspace/nichecker/Experiment/remarks2.1_LA_PPR/svp_simple_009/_mt_svp_simple_009_001_result/_cs_svp_simple_009_001_m_wwr_mt_svp_simple_009_001.c line 503 function main thread 0
----------------------------------------------------
  __cs_param_main_task_arg=NULL (0000000000000000000000000000000000000000000000000000000000000000)

State 181 file /home/dell/zyworkspace/nichecker/Experiment/remarks2.1_LA_PPR/svp_simple_009/_mt_svp_simple_009_001_result/_cs_svp_simple_009_001_m_wwr_mt_svp_simple_009_001.c line 360 function main_task_0 thread 0
----------------------------------------------------
  __cs_local_svp_simple_009_001_isr_1_svp_simple_009_001_local_var3=6 (00000000000000000000000000000110)

State 182 file /home/dell/zyworkspace/nichecker/Experiment/remarks2.1_LA_PPR/svp_simple_009/_mt_svp_simple_009_001_result/_cs_svp_simple_009_001_m_wwr_mt_svp_simple_009_001.c line 362 function main_task_0 thread 0
----------------------------------------------------
  wwr_rsvp_simple_009_001_m_1=&__cs_local_svp_simple_009_001_isr_1_svp_simple_009_001_local_var3 (0000010000000000000000000000000000000000000000000000000000000000)

Violated property:
  file /home/dell/zyworkspace/nichecker/Experiment/remarks2.1_LA_PPR/svp_simple_009/_mt_svp_simple_009_001_result/_cs_svp_simple_009_001_m_wwr_mt_svp_simple_009_001.c line 364 function main_task_0
  assertion wwr_rsvp_simple_009_001_m_1 == wwr_w_tmpsvp_simple_009_001_m_1
  wwr_rsvp_simple_009_001_m_1 == wwr_w_tmpsvp_simple_009_001_m_1


** 1 of 2 failed (2 iterations)
VERIFICATION FAILED
