CBMC version 5.10 (cbmc-5.10) 64-bit x86_64 linux
Parsing _cs_svp_simple_009_001_p_wrw_mt_svp_simple_009_001.c
Converting
Type-checking _cs_svp_simple_009_001_p_wrw_mt_svp_simple_009_001
file _cs_svp_simple_009_001_p_wrw_mt_svp_simple_009_001.c line 353 function main_task_0: function `assert' is not declared
Generating GOTO Program
Adding CPROVER library (x86_64)
Removal of function pointers and virtual functions
file _cs_svp_simple_009_001_p_wrw_mt_svp_simple_009_001.c line 139 function pthread_exit: replacing function pointer by 0 possible targets
Generic Property Instrumentation
Running with 8 object bits, 56 offset bits (default)
Starting Bounded Model Checking
**** WARNING: no body for function enable_isr
size of program expression: 593 steps
simple slicing removed 48 assignments
Generated 7 VCC(s), 6 remaining after simplification
Passing problem to propositional reduction
converting SSA
warning: ignoring array
  * type: array
      * size: constant
          * type: signedbv
              * width: 64
              * #c_type: signed_long_int
          * value: 0000000000000000000000000000000000000000000000000000000000000000
      * #source_location: 
        * file: _cs_svp_simple_009_001_p_wrw_mt_svp_simple_009_001.c
        * line: 108
        * working_directory: /home/dell/zyworkspace/nichecker/Experiment/remarks2.1_LA_PPR/svp_simple_009/_mt_svp_simple_009_001_result
      0: pointer
          * width: 64
          * #source_location: 
            * file: _cs_svp_simple_009_001_p_wrw_mt_svp_simple_009_001.c
            * line: 108
            * working_directory: /home/dell/zyworkspace/nichecker/Experiment/remarks2.1_LA_PPR/svp_simple_009/_mt_svp_simple_009_001_result
          0: signedbv
              * width: 32
              * #c_type: signed_int
  * #source_location: 
    * file: _cs_svp_simple_009_001_p_wrw_mt_svp_simple_009_001.c
    * line: 108
    * working_directory: /home/dell/zyworkspace/nichecker/Experiment/remarks2.1_LA_PPR/svp_simple_009/_mt_svp_simple_009_001_result
Running propositional reduction
Post-processing
Solving with MiniSAT 2.2.1 with simplifier
3515 variables, 7367 clauses
SAT checker: instance is SATISFIABLE
Solving with MiniSAT 2.2.1 with simplifier
3515 variables, 1923 clauses
SAT checker: instance is UNSATISFIABLE
Runtime decision procedure: 0.0154759s

** Results:
[main_task_0.assertion.1] assertion wrw_a_svp_simple_009_001_p_1 == 0: SUCCESS
[main_task_0.assertion.2] assertion wrw_a___cs_local_main_task_svp_simple_009_001_local_var1_1 == 0: SUCCESS
[main_task_0.assertion.3] assertion wrw_a___cs_local_main_task_svp_simple_009_001_local_var1_1 == 0: FAILURE

Trace for main_task_0.assertion.3:

State 50 file _cs_svp_simple_009_001_p_wrw_mt_svp_simple_009_001.c line 427 function main thread 0
----------------------------------------------------
  __cs_tmp_t1_r0=3 (011)

State 52 file _cs_svp_simple_009_001_p_wrw_mt_svp_simple_009_001.c line 431 function main thread 0
----------------------------------------------------
  __cs_thread_index=1 (01)

State 53 file _cs_svp_simple_009_001_p_wrw_mt_svp_simple_009_001.c line 433 function main thread 0
----------------------------------------------------
  __cs_pc_cs[1l]=3 (011)

State 58 file _cs_svp_simple_009_001_p_wrw_mt_svp_simple_009_001.c line 439 function main thread 0
----------------------------------------------------
  __cs_param_main_task_arg=NULL (00000000 00000000 00000000 00000000 00000000 00000000 00000000 00000000)

State 63 file _cs_svp_simple_009_001_p_wrw_mt_svp_simple_009_001.c line 328 function main_task_0 thread 0
----------------------------------------------------
  __cs_disable_thread[2l]=0 (0)

State 64 file _cs_svp_simple_009_001_p_wrw_mt_svp_simple_009_001.c line 331 function main_task_0 thread 0
----------------------------------------------------
  __cs_disable_thread[0l]=0 (0)

State 66 file _cs_svp_simple_009_001_p_wrw_mt_svp_simple_009_001.c line 343 function main_task_0 thread 0
----------------------------------------------------
  __cs_variable_address_list[0l]={  }[0l] (?)

State 67 file _cs_svp_simple_009_001_p_wrw_mt_svp_simple_009_001.c line 344 function main_task_0 thread 0
----------------------------------------------------
  __cs_local_main_task_svp_simple_009_001_local_var1=1 (00000000 00000000 00000000 00000001)

State 68 file _cs_svp_simple_009_001_p_wrw_mt_svp_simple_009_001.c line 348 function main_task_0 thread 0
----------------------------------------------------
  __cs_local_main_task_svp_simple_009_001_local_var2=9 (00000000 00000000 00000000 00001001)

State 69 file _cs_svp_simple_009_001_p_wrw_mt_svp_simple_009_001.c line 350 function main_task_0 thread 0
----------------------------------------------------
  svp_simple_009_001_p=&__cs_local_main_task_svp_simple_009_001_local_var1 (00000010 00000000 00000000 00000000 00000000 00000000 00000000 00000000)

State 71 file _cs_svp_simple_009_001_p_wrw_mt_svp_simple_009_001.c line 355 function main_task_0 thread 0
----------------------------------------------------
  wrw_a_svp_simple_009_001_p_1_num=1 (00000000 00000000 00000000 00000001)

State 72 file _cs_svp_simple_009_001_p_wrw_mt_svp_simple_009_001.c line 356 function main_task_0 thread 0
----------------------------------------------------
  wrw_a_svp_simple_009_001_p_1=0 (00000000 00000000 00000000 00000000)

State 74 file _cs_svp_simple_009_001_p_wrw_mt_svp_simple_009_001.c line 362 function main_task_0 thread 0
----------------------------------------------------
  svp_simple_009_001_q=&__cs_local_main_task_svp_simple_009_001_local_var1 (00000010 00000000 00000000 00000000 00000000 00000000 00000000 00000000)

State 75 file _cs_svp_simple_009_001_p_wrw_mt_svp_simple_009_001.c line 365 function main_task_0 thread 0
----------------------------------------------------
  __cs_local_main_task_svp_simple_009_001_local_var1=2 (00000000 00000000 00000000 00000010)

State 78 file _cs_svp_simple_009_001_p_wrw_mt_svp_simple_009_001.c line 370 function main_task_0 thread 0
----------------------------------------------------
  wrw_a___cs_local_main_task_svp_simple_009_001_local_var1_1_num=1 (00000000 00000000 00000000 00000001)

State 79 file _cs_svp_simple_009_001_p_wrw_mt_svp_simple_009_001.c line 371 function main_task_0 thread 0
----------------------------------------------------
  wrw_a___cs_local_main_task_svp_simple_009_001_local_var1_1=0 (00000000 00000000 00000000 00000000)

State 86 file _cs_svp_simple_009_001_p_wrw_mt_svp_simple_009_001.c line 415 function main_task_0 thread 0
----------------------------------------------------
  __cs_value_ptr=NULL (00000000 00000000 00000000 00000000 00000000 00000000 00000000 00000000)

State 91 file _cs_svp_simple_009_001_p_wrw_mt_svp_simple_009_001.c line 441 function main thread 0
----------------------------------------------------
  __cs_pc[1l]=3 (011)

State 92 file _cs_svp_simple_009_001_p_wrw_mt_svp_simple_009_001.c line 447 function main thread 0
----------------------------------------------------
  __cs_tmp_t2_r0=1 (1)

State 94 file _cs_svp_simple_009_001_p_wrw_mt_svp_simple_009_001.c line 452 function main thread 0
----------------------------------------------------
  __cs_thread_index=2 (10)

State 95 file _cs_svp_simple_009_001_p_wrw_mt_svp_simple_009_001.c line 454 function main thread 0
----------------------------------------------------
  __cs_pc_cs[2l]=1 (001)

State 100 file _cs_svp_simple_009_001_p_wrw_mt_svp_simple_009_001.c line 460 function main thread 0
----------------------------------------------------
  __cs_param_svp_simple_009_001_isr_1_arg=NULL (00000000 00000000 00000000 00000000 00000000 00000000 00000000 00000000)

State 102 file _cs_svp_simple_009_001_p_wrw_mt_svp_simple_009_001.c line 192 function svp_simple_009_001_isr_1_0 thread 0
----------------------------------------------------
  __cs_local_svp_simple_009_001_isr_1_i=0 (00000000 00000000 00000000 00000000)

State 103 file _cs_svp_simple_009_001_p_wrw_mt_svp_simple_009_001.c line 194 function svp_simple_009_001_isr_1_0 thread 0
----------------------------------------------------
  __cs_local_svp_simple_009_001_isr_1_i=0 (00000000 00000000 00000000 00000000)

State 104 file _cs_svp_simple_009_001_p_wrw_mt_svp_simple_009_001.c line 201 function svp_simple_009_001_isr_1_0 thread 0
----------------------------------------------------
  __cs_local_svp_simple_009_001_isr_1_t_1=0 (00000000 00000000 00000000 00000000)

State 106 file _cs_svp_simple_009_001_p_wrw_mt_svp_simple_009_001.c line 216 function svp_simple_009_001_isr_1_0 thread 0
----------------------------------------------------
  __cs_local_svp_simple_009_001_isr_1_loop_1_IOVar1=0 (00000000 00000000 00000000 00000000)

State 107 file _cs_svp_simple_009_001_p_wrw_mt_svp_simple_009_001.c line 218 function svp_simple_009_001_isr_1_0 thread 0
----------------------------------------------------
  __cs_local_svp_simple_009_001_isr_1_loop_1_block_1=100 (00000000 00000000 00000000 01100100)

State 108 file _cs_svp_simple_009_001_p_wrw_mt_svp_simple_009_001.c line 220 function svp_simple_009_001_isr_1_0 thread 0
----------------------------------------------------
  __cs_local_svp_simple_009_001_isr_1_i=100 (00000000 00000000 00000000 01100100)

State 111 file _cs_svp_simple_009_001_p_wrw_mt_svp_simple_009_001.c line 231 function svp_simple_009_001_isr_1_0 thread 0
----------------------------------------------------
  __cs_local_svp_simple_009_001_isr_1_i=101 (00000000 00000000 00000000 01100101)

State 112 file _cs_svp_simple_009_001_p_wrw_mt_svp_simple_009_001.c line 236 function svp_simple_009_001_isr_1_0 thread 0
----------------------------------------------------
  __cs_local_svp_simple_009_001_isr_1_t_1=1 (00000000 00000000 00000000 00000001)

State 116 file _cs_svp_simple_009_001_p_wrw_mt_svp_simple_009_001.c line 290 function svp_simple_009_001_isr_1_0 thread 0
----------------------------------------------------
  __cs_local_svp_simple_009_001_isr_1_reader1=2 (00000000 00000000 00000000 00000010)

State 118 file _cs_svp_simple_009_001_p_wrw_mt_svp_simple_009_001.c line 292 function svp_simple_009_001_isr_1_0 thread 0
----------------------------------------------------
  wrw_a___cs_local_main_task_svp_simple_009_001_local_var1_1=1 (00000000 00000000 00000000 00000001)

State 119 file _cs_svp_simple_009_001_p_wrw_mt_svp_simple_009_001.c line 297 function svp_simple_009_001_isr_1_0 thread 0
----------------------------------------------------
  wrw_a_svp_simple_009_001_p_1=1 (00000000 00000000 00000000 00000001)

State 120 file _cs_svp_simple_009_001_p_wrw_mt_svp_simple_009_001.c line 301 function svp_simple_009_001_isr_1_0 thread 0
----------------------------------------------------
  __cs_local_svp_simple_009_001_isr_1_svp_simple_009_001_local_var3=8 (00000000 00000000 00000000 00001000)

State 121 file _cs_svp_simple_009_001_p_wrw_mt_svp_simple_009_001.c line 303 function svp_simple_009_001_isr_1_0 thread 0
----------------------------------------------------
  svp_simple_009_001_m=&__cs_local_svp_simple_009_001_isr_1_svp_simple_009_001_local_var3 (00000100 00000000 00000000 00000000 00000000 00000000 00000000 00000000)

State 122 file _cs_svp_simple_009_001_p_wrw_mt_svp_simple_009_001.c line 305 function svp_simple_009_001_isr_1_0 thread 0
----------------------------------------------------
  __cs_local_svp_simple_009_001_isr_1_reader2=8 (00000000 00000000 00000000 00001000)

State 125 file _cs_svp_simple_009_001_p_wrw_mt_svp_simple_009_001.c line 316 function svp_simple_009_001_isr_1_0 thread 0
----------------------------------------------------
  __cs_value_ptr=NULL (00000000 00000000 00000000 00000000 00000000 00000000 00000000 00000000)

State 130 file _cs_svp_simple_009_001_p_wrw_mt_svp_simple_009_001.c line 462 function main thread 0
----------------------------------------------------
  __cs_pc[2l]=1 (001)

State 131 file _cs_svp_simple_009_001_p_wrw_mt_svp_simple_009_001.c line 472 function main thread 0
----------------------------------------------------
  __cs_tmp_t1_r1=4 (100)

State 133 file _cs_svp_simple_009_001_p_wrw_mt_svp_simple_009_001.c line 477 function main thread 0
----------------------------------------------------
  __cs_thread_index=1 (01)

State 134 file _cs_svp_simple_009_001_p_wrw_mt_svp_simple_009_001.c line 479 function main thread 0
----------------------------------------------------
  __cs_pc_cs[1l]=4 (100)

State 139 file _cs_svp_simple_009_001_p_wrw_mt_svp_simple_009_001.c line 485 function main thread 0
----------------------------------------------------
  __cs_param_main_task_arg=NULL (00000000 00000000 00000000 00000000 00000000 00000000 00000000 00000000)

State 144 file _cs_svp_simple_009_001_p_wrw_mt_svp_simple_009_001.c line 379 function main_task_0 thread 0
----------------------------------------------------
  __cs_local_main_task_svp_simple_009_001_local_var1=3 (00000000 00000000 00000000 00000011)

Violated property:
  file _cs_svp_simple_009_001_p_wrw_mt_svp_simple_009_001.c line 382 function main_task_0
  assertion wrw_a___cs_local_main_task_svp_simple_009_001_local_var1_1 == 0
  wrw_a___cs_local_main_task_svp_simple_009_001_local_var1_1 == 0



** 1 of 3 failed (2 iterations)
VERIFICATION FAILED
