CBMC version 5.6 64-bit x86_64 linux
Parsing /home/dell/zyworkspace/nichecker/Experiment/remarks2.1_LA_Slicing_PPR/svp_simple_021/_mt_svp_simple_021_001_result/_cs_svp_simple_021_001_tc_block_rcvd_bytes_ch1_rwr_mt_svp_simple_021_001.c
<command-line>: warning: "__STDC_VERSION__" redefined
<built-in>: note: this is the location of the previous definition
Converting
Type-checking _cs_svp_simple_021_001_tc_block_rcvd_bytes_ch1_rwr_mt_svp_simple_021_001
file /home/dell/zyworkspace/nichecker/Experiment/remarks2.1_LA_Slicing_PPR/svp_simple_021/_mt_svp_simple_021_001_result/_cs_svp_simple_021_001_tc_block_rcvd_bytes_ch1_rwr_mt_svp_simple_021_001.c line 218 function main_task_0: function `nondet_rand' is not declared
file /home/dell/zyworkspace/nichecker/Experiment/remarks2.1_LA_Slicing_PPR/svp_simple_021/_mt_svp_simple_021_001_result/_cs_svp_simple_021_001_tc_block_rcvd_bytes_ch1_rwr_mt_svp_simple_021_001.c line 242 function main_task_0: function `__cs_init_scalar' is not declared
file /home/dell/zyworkspace/nichecker/Experiment/remarks2.1_LA_Slicing_PPR/svp_simple_021/_mt_svp_simple_021_001_result/_cs_svp_simple_021_001_tc_block_rcvd_bytes_ch1_rwr_mt_svp_simple_021_001.c line 250 function main_task_0: function `assert' is not declared
Generating GOTO Program
Adding CPROVER library (x86_64)
Removal of function pointers and virtual functions
Partial Inlining
Generic Property Instrumentation
Starting Bounded Model Checking
**** WARNING: no body for function enable_isr
**** WARNING: no body for function __cs_init_scalar
size of program expression: 908 steps
simple slicing removed 99 assignments
Generated 8 VCC(s), 8 remaining after simplification
Passing problem to propositional reduction
converting SSA
Running propositional reduction
Post-processing
Solving with MiniSAT 2.2.1 with simplifier
6097 variables, 20164 clauses
SAT checker: instance is SATISFIABLE
Solving with MiniSAT 2.2.1 with simplifier
6097 variables, 8984 clauses
SAT checker: instance is UNSATISFIABLE
Runtime decision procedure: 0.035s

** Results:
[main_task_0.assertion.1] assertion rwr_r1 == rwr_tmp1: SUCCESS
[main_task_0.assertion.2] assertion rwr_r2 == rwr_tmp1: FAILURE
[main_task_0.assertion.3] assertion rwr_r3 == rwr_tmp1: SUCCESS

Trace for main_task_0.assertion.2:

State 53 file /home/dell/zyworkspace/nichecker/Experiment/remarks2.1_LA_Slicing_PPR/svp_simple_021/_mt_svp_simple_021_001_result/_cs_svp_simple_021_001_tc_block_rcvd_bytes_ch1_rwr_mt_svp_simple_021_001.c line 476 function main thread 0
----------------------------------------------------
  __cs_tmp_t1_r0=1 (001)

State 55 file /home/dell/zyworkspace/nichecker/Experiment/remarks2.1_LA_Slicing_PPR/svp_simple_021/_mt_svp_simple_021_001_result/_cs_svp_simple_021_001_tc_block_rcvd_bytes_ch1_rwr_mt_svp_simple_021_001.c line 480 function main thread 0
----------------------------------------------------
  __cs_thread_index=1 (01)

State 56 file /home/dell/zyworkspace/nichecker/Experiment/remarks2.1_LA_Slicing_PPR/svp_simple_021/_mt_svp_simple_021_001_result/_cs_svp_simple_021_001_tc_block_rcvd_bytes_ch1_rwr_mt_svp_simple_021_001.c line 482 function main thread 0
----------------------------------------------------
  __cs_pc_cs[1l]=1 (001)

State 61 file /home/dell/zyworkspace/nichecker/Experiment/remarks2.1_LA_Slicing_PPR/svp_simple_021/_mt_svp_simple_021_001_result/_cs_svp_simple_021_001_tc_block_rcvd_bytes_ch1_rwr_mt_svp_simple_021_001.c line 488 function main thread 0
----------------------------------------------------
  __cs_param_main_task_arg=NULL (0000000000000000000000000000000000000000000000000000000000000000)

State 65 file /home/dell/zyworkspace/nichecker/Experiment/remarks2.1_LA_Slicing_PPR/svp_simple_021/_mt_svp_simple_021_001_result/_cs_svp_simple_021_001_tc_block_rcvd_bytes_ch1_rwr_mt_svp_simple_021_001.c line 218 function main_task_0 thread 0
----------------------------------------------------
  svp_simple_021_001_tc_block_rcvd_bytes_ch1=9 (0000000000001001)

State 69 file /home/dell/zyworkspace/nichecker/Experiment/remarks2.1_LA_Slicing_PPR/svp_simple_021/_mt_svp_simple_021_001_result/_cs_svp_simple_021_001_tc_block_rcvd_bytes_ch1_rwr_mt_svp_simple_021_001.c line 224 function main_task_0 thread 0
----------------------------------------------------
  __cs_disable_thread[2l]=0 (0)

State 70 file /home/dell/zyworkspace/nichecker/Experiment/remarks2.1_LA_Slicing_PPR/svp_simple_021/_mt_svp_simple_021_001_result/_cs_svp_simple_021_001_tc_block_rcvd_bytes_ch1_rwr_mt_svp_simple_021_001.c line 227 function main_task_0 thread 0
----------------------------------------------------
  __cs_disable_thread[0l]=0 (0)

State 78 file /home/dell/zyworkspace/nichecker/Experiment/remarks2.1_LA_Slicing_PPR/svp_simple_021/_mt_svp_simple_021_001_result/_cs_svp_simple_021_001_tc_block_rcvd_bytes_ch1_rwr_mt_svp_simple_021_001.c line 464 function main_task_0 thread 0
----------------------------------------------------
  __cs_value_ptr=NULL (0000000000000000000000000000000000000000000000000000000000000000)

State 83 file /home/dell/zyworkspace/nichecker/Experiment/remarks2.1_LA_Slicing_PPR/svp_simple_021/_mt_svp_simple_021_001_result/_cs_svp_simple_021_001_tc_block_rcvd_bytes_ch1_rwr_mt_svp_simple_021_001.c line 490 function main thread 0
----------------------------------------------------
  __cs_pc[1l]=1 (001)

State 84 file /home/dell/zyworkspace/nichecker/Experiment/remarks2.1_LA_Slicing_PPR/svp_simple_021/_mt_svp_simple_021_001_result/_cs_svp_simple_021_001_tc_block_rcvd_bytes_ch1_rwr_mt_svp_simple_021_001.c line 496 function main thread 0
----------------------------------------------------
  __cs_tmp_t2_r0=0 (0)

State 86 file /home/dell/zyworkspace/nichecker/Experiment/remarks2.1_LA_Slicing_PPR/svp_simple_021/_mt_svp_simple_021_001_result/_cs_svp_simple_021_001_tc_block_rcvd_bytes_ch1_rwr_mt_svp_simple_021_001.c line 501 function main thread 0
----------------------------------------------------
  __cs_thread_index=2 (10)

State 87 file /home/dell/zyworkspace/nichecker/Experiment/remarks2.1_LA_Slicing_PPR/svp_simple_021/_mt_svp_simple_021_001_result/_cs_svp_simple_021_001_tc_block_rcvd_bytes_ch1_rwr_mt_svp_simple_021_001.c line 503 function main thread 0
----------------------------------------------------
  __cs_pc_cs[2l]=0 (000)

State 92 file /home/dell/zyworkspace/nichecker/Experiment/remarks2.1_LA_Slicing_PPR/svp_simple_021/_mt_svp_simple_021_001_result/_cs_svp_simple_021_001_tc_block_rcvd_bytes_ch1_rwr_mt_svp_simple_021_001.c line 509 function main thread 0
----------------------------------------------------
  __cs_param_svp_simple_021_001_isr_1_arg=NULL (0000000000000000000000000000000000000000000000000000000000000000)

State 96 file /home/dell/zyworkspace/nichecker/Experiment/remarks2.1_LA_Slicing_PPR/svp_simple_021/_mt_svp_simple_021_001_result/_cs_svp_simple_021_001_tc_block_rcvd_bytes_ch1_rwr_mt_svp_simple_021_001.c line 207 function svp_simple_021_001_isr_1_0 thread 0
----------------------------------------------------
  __cs_value_ptr=NULL (0000000000000000000000000000000000000000000000000000000000000000)

State 101 file /home/dell/zyworkspace/nichecker/Experiment/remarks2.1_LA_Slicing_PPR/svp_simple_021/_mt_svp_simple_021_001_result/_cs_svp_simple_021_001_tc_block_rcvd_bytes_ch1_rwr_mt_svp_simple_021_001.c line 511 function main thread 0
----------------------------------------------------
  __cs_pc[2l]=0 (000)

State 102 file /home/dell/zyworkspace/nichecker/Experiment/remarks2.1_LA_Slicing_PPR/svp_simple_021/_mt_svp_simple_021_001_result/_cs_svp_simple_021_001_tc_block_rcvd_bytes_ch1_rwr_mt_svp_simple_021_001.c line 521 function main thread 0
----------------------------------------------------
  __cs_tmp_t1_r1=2 (010)

State 104 file /home/dell/zyworkspace/nichecker/Experiment/remarks2.1_LA_Slicing_PPR/svp_simple_021/_mt_svp_simple_021_001_result/_cs_svp_simple_021_001_tc_block_rcvd_bytes_ch1_rwr_mt_svp_simple_021_001.c line 526 function main thread 0
----------------------------------------------------
  __cs_thread_index=1 (01)

State 105 file /home/dell/zyworkspace/nichecker/Experiment/remarks2.1_LA_Slicing_PPR/svp_simple_021/_mt_svp_simple_021_001_result/_cs_svp_simple_021_001_tc_block_rcvd_bytes_ch1_rwr_mt_svp_simple_021_001.c line 528 function main thread 0
----------------------------------------------------
  __cs_pc_cs[1l]=2 (010)

State 110 file /home/dell/zyworkspace/nichecker/Experiment/remarks2.1_LA_Slicing_PPR/svp_simple_021/_mt_svp_simple_021_001_result/_cs_svp_simple_021_001_tc_block_rcvd_bytes_ch1_rwr_mt_svp_simple_021_001.c line 534 function main thread 0
----------------------------------------------------
  __cs_param_main_task_arg=NULL (0000000000000000000000000000000000000000000000000000000000000000)

State 116 file /home/dell/zyworkspace/nichecker/Experiment/remarks2.1_LA_Slicing_PPR/svp_simple_021/_mt_svp_simple_021_001_result/_cs_svp_simple_021_001_tc_block_rcvd_bytes_ch1_rwr_mt_svp_simple_021_001.c line 246 function main_task_0 thread 0
----------------------------------------------------
  __cs_local_main_task___cs_tmp_if_cond_0=FALSE (00000000)

State 117 file /home/dell/zyworkspace/nichecker/Experiment/remarks2.1_LA_Slicing_PPR/svp_simple_021/_mt_svp_simple_021_001_result/_cs_svp_simple_021_001_tc_block_rcvd_bytes_ch1_rwr_mt_svp_simple_021_001.c line 248 function main_task_0 thread 0
----------------------------------------------------
  rwr_r1=9 (0000000000001001)

State 119 file /home/dell/zyworkspace/nichecker/Experiment/remarks2.1_LA_Slicing_PPR/svp_simple_021/_mt_svp_simple_021_001_result/_cs_svp_simple_021_001_tc_block_rcvd_bytes_ch1_rwr_mt_svp_simple_021_001.c line 252 function main_task_0 thread 0
----------------------------------------------------
  rwr_tmp1_num=1 (00000000000000000000000000000001)

State 120 file /home/dell/zyworkspace/nichecker/Experiment/remarks2.1_LA_Slicing_PPR/svp_simple_021/_mt_svp_simple_021_001_result/_cs_svp_simple_021_001_tc_block_rcvd_bytes_ch1_rwr_mt_svp_simple_021_001.c line 253 function main_task_0 thread 0
----------------------------------------------------
  rwr_tmp1=9 (0000000000001001)

State 127 file /home/dell/zyworkspace/nichecker/Experiment/remarks2.1_LA_Slicing_PPR/svp_simple_021/_mt_svp_simple_021_001_result/_cs_svp_simple_021_001_tc_block_rcvd_bytes_ch1_rwr_mt_svp_simple_021_001.c line 464 function main_task_0 thread 0
----------------------------------------------------
  __cs_value_ptr=NULL (0000000000000000000000000000000000000000000000000000000000000000)

State 132 file /home/dell/zyworkspace/nichecker/Experiment/remarks2.1_LA_Slicing_PPR/svp_simple_021/_mt_svp_simple_021_001_result/_cs_svp_simple_021_001_tc_block_rcvd_bytes_ch1_rwr_mt_svp_simple_021_001.c line 536 function main thread 0
----------------------------------------------------
  __cs_pc[1l]=2 (010)

State 133 file /home/dell/zyworkspace/nichecker/Experiment/remarks2.1_LA_Slicing_PPR/svp_simple_021/_mt_svp_simple_021_001_result/_cs_svp_simple_021_001_tc_block_rcvd_bytes_ch1_rwr_mt_svp_simple_021_001.c line 542 function main thread 0
----------------------------------------------------
  __cs_tmp_t2_r1=1 (1)

State 135 file /home/dell/zyworkspace/nichecker/Experiment/remarks2.1_LA_Slicing_PPR/svp_simple_021/_mt_svp_simple_021_001_result/_cs_svp_simple_021_001_tc_block_rcvd_bytes_ch1_rwr_mt_svp_simple_021_001.c line 547 function main thread 0
----------------------------------------------------
  __cs_thread_index=2 (10)

State 136 file /home/dell/zyworkspace/nichecker/Experiment/remarks2.1_LA_Slicing_PPR/svp_simple_021/_mt_svp_simple_021_001_result/_cs_svp_simple_021_001_tc_block_rcvd_bytes_ch1_rwr_mt_svp_simple_021_001.c line 549 function main thread 0
----------------------------------------------------
  __cs_pc_cs[2l]=1 (001)

State 141 file /home/dell/zyworkspace/nichecker/Experiment/remarks2.1_LA_Slicing_PPR/svp_simple_021/_mt_svp_simple_021_001_result/_cs_svp_simple_021_001_tc_block_rcvd_bytes_ch1_rwr_mt_svp_simple_021_001.c line 555 function main thread 0
----------------------------------------------------
  __cs_param_svp_simple_021_001_isr_1_arg=NULL (0000000000000000000000000000000000000000000000000000000000000000)

State 143 file /home/dell/zyworkspace/nichecker/Experiment/remarks2.1_LA_Slicing_PPR/svp_simple_021/_mt_svp_simple_021_001_result/_cs_svp_simple_021_001_tc_block_rcvd_bytes_ch1_rwr_mt_svp_simple_021_001.c line 196 function svp_simple_021_001_isr_1_0 thread 0
----------------------------------------------------
  svp_simple_021_001_tc_block_rcvd_bytes_ch1=7 (0000000000000111)

State 147 file /home/dell/zyworkspace/nichecker/Experiment/remarks2.1_LA_Slicing_PPR/svp_simple_021/_mt_svp_simple_021_001_result/_cs_svp_simple_021_001_tc_block_rcvd_bytes_ch1_rwr_mt_svp_simple_021_001.c line 207 function svp_simple_021_001_isr_1_0 thread 0
----------------------------------------------------
  __cs_value_ptr=NULL (0000000000000000000000000000000000000000000000000000000000000000)

State 152 file /home/dell/zyworkspace/nichecker/Experiment/remarks2.1_LA_Slicing_PPR/svp_simple_021/_mt_svp_simple_021_001_result/_cs_svp_simple_021_001_tc_block_rcvd_bytes_ch1_rwr_mt_svp_simple_021_001.c line 557 function main thread 0
----------------------------------------------------
  __cs_pc[2l]=1 (001)

State 153 file /home/dell/zyworkspace/nichecker/Experiment/remarks2.1_LA_Slicing_PPR/svp_simple_021/_mt_svp_simple_021_001_result/_cs_svp_simple_021_001_tc_block_rcvd_bytes_ch1_rwr_mt_svp_simple_021_001.c line 561 function main thread 0
----------------------------------------------------
  __cs_tmp_t1_r2=5u (00000000000000000000000000000101)

State 155 file /home/dell/zyworkspace/nichecker/Experiment/remarks2.1_LA_Slicing_PPR/svp_simple_021/_mt_svp_simple_021_001_result/_cs_svp_simple_021_001_tc_block_rcvd_bytes_ch1_rwr_mt_svp_simple_021_001.c line 566 function main thread 0
----------------------------------------------------
  __cs_thread_index=1 (01)

State 156 file /home/dell/zyworkspace/nichecker/Experiment/remarks2.1_LA_Slicing_PPR/svp_simple_021/_mt_svp_simple_021_001_result/_cs_svp_simple_021_001_tc_block_rcvd_bytes_ch1_rwr_mt_svp_simple_021_001.c line 568 function main thread 0
----------------------------------------------------
  __cs_pc_cs[1l]=5 (101)

State 161 file /home/dell/zyworkspace/nichecker/Experiment/remarks2.1_LA_Slicing_PPR/svp_simple_021/_mt_svp_simple_021_001_result/_cs_svp_simple_021_001_tc_block_rcvd_bytes_ch1_rwr_mt_svp_simple_021_001.c line 574 function main thread 0
----------------------------------------------------
  __cs_param_main_task_arg=NULL (0000000000000000000000000000000000000000000000000000000000000000)

State 166 file /home/dell/zyworkspace/nichecker/Experiment/remarks2.1_LA_Slicing_PPR/svp_simple_021/_mt_svp_simple_021_001_result/_cs_svp_simple_021_001_tc_block_rcvd_bytes_ch1_rwr_mt_svp_simple_021_001.c line 281 function main_task_0 thread 0
----------------------------------------------------
  __cs_local_main_task_ichan=0 (00000000000000000000000000000000)

State 167 file /home/dell/zyworkspace/nichecker/Experiment/remarks2.1_LA_Slicing_PPR/svp_simple_021/_mt_svp_simple_021_001_result/_cs_svp_simple_021_001_tc_block_rcvd_bytes_ch1_rwr_mt_svp_simple_021_001.c line 289 function main_task_0 thread 0
----------------------------------------------------
  __cs_local_main_task_t_1=0 (00000000000000000000000000000000)

State 169 file /home/dell/zyworkspace/nichecker/Experiment/remarks2.1_LA_Slicing_PPR/svp_simple_021/_mt_svp_simple_021_001_result/_cs_svp_simple_021_001_tc_block_rcvd_bytes_ch1_rwr_mt_svp_simple_021_001.c line 307 function main_task_0 thread 0
----------------------------------------------------
  __cs_local_main_task_loop_1_IOVar1=0 (00000000000000000000000000000000)

State 170 file /home/dell/zyworkspace/nichecker/Experiment/remarks2.1_LA_Slicing_PPR/svp_simple_021/_mt_svp_simple_021_001_result/_cs_svp_simple_021_001_tc_block_rcvd_bytes_ch1_rwr_mt_svp_simple_021_001.c line 310 function main_task_0 thread 0
----------------------------------------------------
  __cs_local_main_task_loop_1_block_2=0 (00000000000000000000000000000000)

State 171 file /home/dell/zyworkspace/nichecker/Experiment/remarks2.1_LA_Slicing_PPR/svp_simple_021/_mt_svp_simple_021_001_result/_cs_svp_simple_021_001_tc_block_rcvd_bytes_ch1_rwr_mt_svp_simple_021_001.c line 313 function main_task_0 thread 0
----------------------------------------------------
  __cs_local_main_task_ichan=0 (00000000000000000000000000000000)

State 174 file /home/dell/zyworkspace/nichecker/Experiment/remarks2.1_LA_Slicing_PPR/svp_simple_021/_mt_svp_simple_021_001_result/_cs_svp_simple_021_001_tc_block_rcvd_bytes_ch1_rwr_mt_svp_simple_021_001.c line 323 function main_task_0 thread 0
----------------------------------------------------
  __cs_local_main_task___cs_tmp_if_cond_1=TRUE (00000001)

State 176 file /home/dell/zyworkspace/nichecker/Experiment/remarks2.1_LA_Slicing_PPR/svp_simple_021/_mt_svp_simple_021_001_result/_cs_svp_simple_021_001_tc_block_rcvd_bytes_ch1_rwr_mt_svp_simple_021_001.c line 330 function main_task_0 thread 0
----------------------------------------------------
  svp_simple_021_001_tc_block_rcvd_bytes=7 (0000000000000111)

State 177 file /home/dell/zyworkspace/nichecker/Experiment/remarks2.1_LA_Slicing_PPR/svp_simple_021/_mt_svp_simple_021_001_result/_cs_svp_simple_021_001_tc_block_rcvd_bytes_ch1_rwr_mt_svp_simple_021_001.c line 332 function main_task_0 thread 0
----------------------------------------------------
  rwr_r2=7 (0000000000000111)

Violated property:
  file /home/dell/zyworkspace/nichecker/Experiment/remarks2.1_LA_Slicing_PPR/svp_simple_021/_mt_svp_simple_021_001_result/_cs_svp_simple_021_001_tc_block_rcvd_bytes_ch1_rwr_mt_svp_simple_021_001.c line 334 function main_task_0
  assertion rwr_r2 == rwr_tmp1
  rwr_r2 == rwr_tmp1


** 1 of 3 failed (2 iterations)
VERIFICATION FAILED
