CBMC version 5.6 64-bit x86_64 linux
Parsing /home/dell/zyworkspace/nichecker/Experiment/remarks2.1_LA/svp_simple_026/_mt_svp_simple_026_001_result/_cs_svp_simple_026_001_gloable_var_rww_mt_svp_simple_026_001.c
<command-line>: warning: "__STDC_VERSION__" redefined
<built-in>: note: this is the location of the previous definition
Converting
Type-checking _cs_svp_simple_026_001_gloable_var_rww_mt_svp_simple_026_001
file /home/dell/zyworkspace/nichecker/Experiment/remarks2.1_LA/svp_simple_026/_mt_svp_simple_026_001_result/_cs_svp_simple_026_001_gloable_var_rww_mt_svp_simple_026_001.c line 196 function main_task_0: function `nondet_rand' is not declared
file /home/dell/zyworkspace/nichecker/Experiment/remarks2.1_LA/svp_simple_026/_mt_svp_simple_026_001_result/_cs_svp_simple_026_001_gloable_var_rww_mt_svp_simple_026_001.c line 245 function main_task_0: function `assert' is not declared
Generating GOTO Program
Adding CPROVER library (x86_64)
Removal of function pointers and virtual functions
Partial Inlining
Generic Property Instrumentation
Starting Bounded Model Checking
**** WARNING: no body for function disable_isr
**** WARNING: no body for function enable_isr
size of program expression: 605 steps
simple slicing removed 44 assignments
Generated 5 VCC(s), 5 remaining after simplification
Passing problem to propositional reduction
converting SSA
Running propositional reduction
Post-processing
Solving with MiniSAT 2.2.1 with simplifier
3538 variables, 10400 clauses
SAT checker: instance is SATISFIABLE
Solving with MiniSAT 2.2.1 with simplifier
3538 variables, 4174 clauses
SAT checker: instance is SATISFIABLE
Runtime decision procedure: 0.026s

** Results:
[main_task_0.assertion.1] assertion rww_w1 == rww_r_tmp1: FAILURE
[svp_simple_026_001_isr_1_0.assertion.1] assertion rww_w2 == rww_r_tmp2: FAILURE

Trace for main_task_0.assertion.1:

State 43 file /home/dell/zyworkspace/nichecker/Experiment/remarks2.1_LA/svp_simple_026/_mt_svp_simple_026_001_result/_cs_svp_simple_026_001_gloable_var_rww_mt_svp_simple_026_001.c line 353 function main thread 0
----------------------------------------------------
  __cs_tmp_t1_r0=3 (011)

State 45 file /home/dell/zyworkspace/nichecker/Experiment/remarks2.1_LA/svp_simple_026/_mt_svp_simple_026_001_result/_cs_svp_simple_026_001_gloable_var_rww_mt_svp_simple_026_001.c line 357 function main thread 0
----------------------------------------------------
  __cs_thread_index=1 (001)

State 46 file /home/dell/zyworkspace/nichecker/Experiment/remarks2.1_LA/svp_simple_026/_mt_svp_simple_026_001_result/_cs_svp_simple_026_001_gloable_var_rww_mt_svp_simple_026_001.c line 359 function main thread 0
----------------------------------------------------
  __cs_pc_cs[1l]=3 (011)

State 51 file /home/dell/zyworkspace/nichecker/Experiment/remarks2.1_LA/svp_simple_026/_mt_svp_simple_026_001_result/_cs_svp_simple_026_001_gloable_var_rww_mt_svp_simple_026_001.c line 365 function main thread 0
----------------------------------------------------
  __cs_param_main_task_arg=NULL (0000000000000000000000000000000000000000000000000000000000000000)

State 56 file /home/dell/zyworkspace/nichecker/Experiment/remarks2.1_LA/svp_simple_026/_mt_svp_simple_026_001_result/_cs_svp_simple_026_001_gloable_var_rww_mt_svp_simple_026_001.c line 183 function main_task_0 thread 0
----------------------------------------------------
  __cs_disable_thread[3l]=1 (1)

State 57 file /home/dell/zyworkspace/nichecker/Experiment/remarks2.1_LA/svp_simple_026/_mt_svp_simple_026_001_result/_cs_svp_simple_026_001_gloable_var_rww_mt_svp_simple_026_001.c line 186 function main_task_0 thread 0
----------------------------------------------------
  __cs_disable_thread[2l]=1 (1)

State 58 file /home/dell/zyworkspace/nichecker/Experiment/remarks2.1_LA/svp_simple_026/_mt_svp_simple_026_001_result/_cs_svp_simple_026_001_gloable_var_rww_mt_svp_simple_026_001.c line 189 function main_task_0 thread 0
----------------------------------------------------
  __cs_disable_thread[0l]=1 (1)

State 60 file /home/dell/zyworkspace/nichecker/Experiment/remarks2.1_LA/svp_simple_026/_mt_svp_simple_026_001_result/_cs_svp_simple_026_001_gloable_var_rww_mt_svp_simple_026_001.c line 196 function main_task_0 thread 0
----------------------------------------------------
  svp_simple_026_001_gloable_var=2147483647 (01111111111111111111111111111111)

State 64 file /home/dell/zyworkspace/nichecker/Experiment/remarks2.1_LA/svp_simple_026/_mt_svp_simple_026_001_result/_cs_svp_simple_026_001_gloable_var_rww_mt_svp_simple_026_001.c line 202 function main_task_0 thread 0
----------------------------------------------------
  __cs_disable_thread[3l]=0 (0)

State 65 file /home/dell/zyworkspace/nichecker/Experiment/remarks2.1_LA/svp_simple_026/_mt_svp_simple_026_001_result/_cs_svp_simple_026_001_gloable_var_rww_mt_svp_simple_026_001.c line 205 function main_task_0 thread 0
----------------------------------------------------
  __cs_disable_thread[2l]=0 (0)

State 66 file /home/dell/zyworkspace/nichecker/Experiment/remarks2.1_LA/svp_simple_026/_mt_svp_simple_026_001_result/_cs_svp_simple_026_001_gloable_var_rww_mt_svp_simple_026_001.c line 208 function main_task_0 thread 0
----------------------------------------------------
  __cs_disable_thread[0l]=0 (0)

State 70 file /home/dell/zyworkspace/nichecker/Experiment/remarks2.1_LA/svp_simple_026/_mt_svp_simple_026_001_result/_cs_svp_simple_026_001_gloable_var_rww_mt_svp_simple_026_001.c line 221 function main_task_0 thread 0
----------------------------------------------------
  __cs_disable_thread[2l]=1 (1)

State 72 file /home/dell/zyworkspace/nichecker/Experiment/remarks2.1_LA/svp_simple_026/_mt_svp_simple_026_001_result/_cs_svp_simple_026_001_gloable_var_rww_mt_svp_simple_026_001.c line 230 function main_task_0 thread 0
----------------------------------------------------
  __cs_local_main_task___cs_tmp_if_cond_0=TRUE (00000001)

State 73 file /home/dell/zyworkspace/nichecker/Experiment/remarks2.1_LA/svp_simple_026/_mt_svp_simple_026_001_result/_cs_svp_simple_026_001_gloable_var_rww_mt_svp_simple_026_001.c line 232 function main_task_0 thread 0
----------------------------------------------------
  rww_r_tmp1_num=1 (00000000000000000000000000000001)

State 74 file /home/dell/zyworkspace/nichecker/Experiment/remarks2.1_LA/svp_simple_026/_mt_svp_simple_026_001_result/_cs_svp_simple_026_001_gloable_var_rww_mt_svp_simple_026_001.c line 233 function main_task_0 thread 0
----------------------------------------------------
  rww_r_tmp1=2147483647 (01111111111111111111111111111111)

State 79 file /home/dell/zyworkspace/nichecker/Experiment/remarks2.1_LA/svp_simple_026/_mt_svp_simple_026_001_result/_cs_svp_simple_026_001_gloable_var_rww_mt_svp_simple_026_001.c line 276 function main_task_0 thread 0
----------------------------------------------------
  __cs_value_ptr=NULL (0000000000000000000000000000000000000000000000000000000000000000)

State 84 file /home/dell/zyworkspace/nichecker/Experiment/remarks2.1_LA/svp_simple_026/_mt_svp_simple_026_001_result/_cs_svp_simple_026_001_gloable_var_rww_mt_svp_simple_026_001.c line 367 function main thread 0
----------------------------------------------------
  __cs_pc[1l]=3 (011)

State 85 file /home/dell/zyworkspace/nichecker/Experiment/remarks2.1_LA/svp_simple_026/_mt_svp_simple_026_001_result/_cs_svp_simple_026_001_gloable_var_rww_mt_svp_simple_026_001.c line 373 function main thread 0
----------------------------------------------------
  __cs_tmp_t2_r0=3 (11)

State 87 file /home/dell/zyworkspace/nichecker/Experiment/remarks2.1_LA/svp_simple_026/_mt_svp_simple_026_001_result/_cs_svp_simple_026_001_gloable_var_rww_mt_svp_simple_026_001.c line 394 function main thread 0
----------------------------------------------------
  __cs_tmp_t3_r0=0 (0)

State 89 file /home/dell/zyworkspace/nichecker/Experiment/remarks2.1_LA/svp_simple_026/_mt_svp_simple_026_001_result/_cs_svp_simple_026_001_gloable_var_rww_mt_svp_simple_026_001.c line 399 function main thread 0
----------------------------------------------------
  __cs_thread_index=3 (011)

State 90 file /home/dell/zyworkspace/nichecker/Experiment/remarks2.1_LA/svp_simple_026/_mt_svp_simple_026_001_result/_cs_svp_simple_026_001_gloable_var_rww_mt_svp_simple_026_001.c line 401 function main thread 0
----------------------------------------------------
  __cs_pc_cs[3l]=0 (000)

State 95 file /home/dell/zyworkspace/nichecker/Experiment/remarks2.1_LA/svp_simple_026/_mt_svp_simple_026_001_result/_cs_svp_simple_026_001_gloable_var_rww_mt_svp_simple_026_001.c line 407 function main thread 0
----------------------------------------------------
  __cs_param_svp_simple_026_001_isr_2_arg=NULL (0000000000000000000000000000000000000000000000000000000000000000)

State 99 file /home/dell/zyworkspace/nichecker/Experiment/remarks2.1_LA/svp_simple_026/_mt_svp_simple_026_001_result/_cs_svp_simple_026_001_gloable_var_rww_mt_svp_simple_026_001.c line 341 function svp_simple_026_001_isr_2_0 thread 0
----------------------------------------------------
  __cs_value_ptr=NULL (0000000000000000000000000000000000000000000000000000000000000000)

State 104 file /home/dell/zyworkspace/nichecker/Experiment/remarks2.1_LA/svp_simple_026/_mt_svp_simple_026_001_result/_cs_svp_simple_026_001_gloable_var_rww_mt_svp_simple_026_001.c line 409 function main thread 0
----------------------------------------------------
  __cs_pc[3l]=0 (000)

State 105 file /home/dell/zyworkspace/nichecker/Experiment/remarks2.1_LA/svp_simple_026/_mt_svp_simple_026_001_result/_cs_svp_simple_026_001_gloable_var_rww_mt_svp_simple_026_001.c line 419 function main thread 0
----------------------------------------------------
  __cs_tmp_t1_r1=3 (011)

State 112 file /home/dell/zyworkspace/nichecker/Experiment/remarks2.1_LA/svp_simple_026/_mt_svp_simple_026_001_result/_cs_svp_simple_026_001_gloable_var_rww_mt_svp_simple_026_001.c line 424 function main thread 0
----------------------------------------------------
  __cs_thread_index=1 (001)

State 113 file /home/dell/zyworkspace/nichecker/Experiment/remarks2.1_LA/svp_simple_026/_mt_svp_simple_026_001_result/_cs_svp_simple_026_001_gloable_var_rww_mt_svp_simple_026_001.c line 426 function main thread 0
----------------------------------------------------
  __cs_pc_cs[1l]=3 (011)

State 118 file /home/dell/zyworkspace/nichecker/Experiment/remarks2.1_LA/svp_simple_026/_mt_svp_simple_026_001_result/_cs_svp_simple_026_001_gloable_var_rww_mt_svp_simple_026_001.c line 432 function main thread 0
----------------------------------------------------
  __cs_param_main_task_arg=NULL (0000000000000000000000000000000000000000000000000000000000000000)

State 125 file /home/dell/zyworkspace/nichecker/Experiment/remarks2.1_LA/svp_simple_026/_mt_svp_simple_026_001_result/_cs_svp_simple_026_001_gloable_var_rww_mt_svp_simple_026_001.c line 276 function main_task_0 thread 0
----------------------------------------------------
  __cs_value_ptr=NULL (0000000000000000000000000000000000000000000000000000000000000000)

State 130 file /home/dell/zyworkspace/nichecker/Experiment/remarks2.1_LA/svp_simple_026/_mt_svp_simple_026_001_result/_cs_svp_simple_026_001_gloable_var_rww_mt_svp_simple_026_001.c line 434 function main thread 0
----------------------------------------------------
  __cs_pc[1l]=3 (011)

State 131 file /home/dell/zyworkspace/nichecker/Experiment/remarks2.1_LA/svp_simple_026/_mt_svp_simple_026_001_result/_cs_svp_simple_026_001_gloable_var_rww_mt_svp_simple_026_001.c line 440 function main thread 0
----------------------------------------------------
  __cs_tmp_t2_r1=2 (10)

State 133 file /home/dell/zyworkspace/nichecker/Experiment/remarks2.1_LA/svp_simple_026/_mt_svp_simple_026_001_result/_cs_svp_simple_026_001_gloable_var_rww_mt_svp_simple_026_001.c line 461 function main thread 0
----------------------------------------------------
  __cs_tmp_t3_r1=1 (1)

State 135 file /home/dell/zyworkspace/nichecker/Experiment/remarks2.1_LA/svp_simple_026/_mt_svp_simple_026_001_result/_cs_svp_simple_026_001_gloable_var_rww_mt_svp_simple_026_001.c line 466 function main thread 0
----------------------------------------------------
  __cs_thread_index=3 (011)

State 136 file /home/dell/zyworkspace/nichecker/Experiment/remarks2.1_LA/svp_simple_026/_mt_svp_simple_026_001_result/_cs_svp_simple_026_001_gloable_var_rww_mt_svp_simple_026_001.c line 468 function main thread 0
----------------------------------------------------
  __cs_pc_cs[3l]=1 (001)

State 141 file /home/dell/zyworkspace/nichecker/Experiment/remarks2.1_LA/svp_simple_026/_mt_svp_simple_026_001_result/_cs_svp_simple_026_001_gloable_var_rww_mt_svp_simple_026_001.c line 474 function main thread 0
----------------------------------------------------
  __cs_param_svp_simple_026_001_isr_2_arg=NULL (0000000000000000000000000000000000000000000000000000000000000000)

State 143 file /home/dell/zyworkspace/nichecker/Experiment/remarks2.1_LA/svp_simple_026/_mt_svp_simple_026_001_result/_cs_svp_simple_026_001_gloable_var_rww_mt_svp_simple_026_001.c line 327 function svp_simple_026_001_isr_2_0 thread 0
----------------------------------------------------
  __cs_temporary_0=0 (00000000000000000000000000000000)

State 144 file /home/dell/zyworkspace/nichecker/Experiment/remarks2.1_LA/svp_simple_026/_mt_svp_simple_026_001_result/_cs_svp_simple_026_001_gloable_var_rww_mt_svp_simple_026_001.c line 329 function svp_simple_026_001_isr_2_0 thread 0
----------------------------------------------------
  __cs_temporary_0=2147483646 (01111111111111111111111111111110)

State 145 file /home/dell/zyworkspace/nichecker/Experiment/remarks2.1_LA/svp_simple_026/_mt_svp_simple_026_001_result/_cs_svp_simple_026_001_gloable_var_rww_mt_svp_simple_026_001.c line 330 function svp_simple_026_001_isr_2_0 thread 0
----------------------------------------------------
  svp_simple_026_001_gloable_var=2147483646 (01111111111111111111111111111110)

State 149 file /home/dell/zyworkspace/nichecker/Experiment/remarks2.1_LA/svp_simple_026/_mt_svp_simple_026_001_result/_cs_svp_simple_026_001_gloable_var_rww_mt_svp_simple_026_001.c line 341 function svp_simple_026_001_isr_2_0 thread 0
----------------------------------------------------
  __cs_value_ptr=NULL (0000000000000000000000000000000000000000000000000000000000000000)

State 154 file /home/dell/zyworkspace/nichecker/Experiment/remarks2.1_LA/svp_simple_026/_mt_svp_simple_026_001_result/_cs_svp_simple_026_001_gloable_var_rww_mt_svp_simple_026_001.c line 476 function main thread 0
----------------------------------------------------
  __cs_pc[3l]=1 (001)

State 155 file /home/dell/zyworkspace/nichecker/Experiment/remarks2.1_LA/svp_simple_026/_mt_svp_simple_026_001_result/_cs_svp_simple_026_001_gloable_var_rww_mt_svp_simple_026_001.c line 480 function main thread 0
----------------------------------------------------
  __cs_tmp_t1_r2=4u (00000000000000000000000000000100)

State 157 file /home/dell/zyworkspace/nichecker/Experiment/remarks2.1_LA/svp_simple_026/_mt_svp_simple_026_001_result/_cs_svp_simple_026_001_gloable_var_rww_mt_svp_simple_026_001.c line 485 function main thread 0
----------------------------------------------------
  __cs_thread_index=1 (001)

State 158 file /home/dell/zyworkspace/nichecker/Experiment/remarks2.1_LA/svp_simple_026/_mt_svp_simple_026_001_result/_cs_svp_simple_026_001_gloable_var_rww_mt_svp_simple_026_001.c line 487 function main thread 0
----------------------------------------------------
  __cs_pc_cs[1l]=4 (100)

State 163 file /home/dell/zyworkspace/nichecker/Experiment/remarks2.1_LA/svp_simple_026/_mt_svp_simple_026_001_result/_cs_svp_simple_026_001_gloable_var_rww_mt_svp_simple_026_001.c line 493 function main thread 0
----------------------------------------------------
  __cs_param_main_task_arg=NULL (0000000000000000000000000000000000000000000000000000000000000000)

State 168 file /home/dell/zyworkspace/nichecker/Experiment/remarks2.1_LA/svp_simple_026/_mt_svp_simple_026_001_result/_cs_svp_simple_026_001_gloable_var_rww_mt_svp_simple_026_001.c line 243 function main_task_0 thread 0
----------------------------------------------------
  rww_w1=2147483646 (01111111111111111111111111111110)

Violated property:
  file /home/dell/zyworkspace/nichecker/Experiment/remarks2.1_LA/svp_simple_026/_mt_svp_simple_026_001_result/_cs_svp_simple_026_001_gloable_var_rww_mt_svp_simple_026_001.c line 245 function main_task_0
  assertion rww_w1 == rww_r_tmp1
  rww_w1 == rww_r_tmp1


Trace for svp_simple_026_001_isr_1_0.assertion.1:

State 43 file /home/dell/zyworkspace/nichecker/Experiment/remarks2.1_LA/svp_simple_026/_mt_svp_simple_026_001_result/_cs_svp_simple_026_001_gloable_var_rww_mt_svp_simple_026_001.c line 353 function main thread 0
----------------------------------------------------
  __cs_tmp_t1_r0=4 (100)

State 45 file /home/dell/zyworkspace/nichecker/Experiment/remarks2.1_LA/svp_simple_026/_mt_svp_simple_026_001_result/_cs_svp_simple_026_001_gloable_var_rww_mt_svp_simple_026_001.c line 357 function main thread 0
----------------------------------------------------
  __cs_thread_index=1 (001)

State 46 file /home/dell/zyworkspace/nichecker/Experiment/remarks2.1_LA/svp_simple_026/_mt_svp_simple_026_001_result/_cs_svp_simple_026_001_gloable_var_rww_mt_svp_simple_026_001.c line 359 function main thread 0
----------------------------------------------------
  __cs_pc_cs[1l]=4 (100)

State 51 file /home/dell/zyworkspace/nichecker/Experiment/remarks2.1_LA/svp_simple_026/_mt_svp_simple_026_001_result/_cs_svp_simple_026_001_gloable_var_rww_mt_svp_simple_026_001.c line 365 function main thread 0
----------------------------------------------------
  __cs_param_main_task_arg=NULL (0000000000000000000000000000000000000000000000000000000000000000)

State 56 file /home/dell/zyworkspace/nichecker/Experiment/remarks2.1_LA/svp_simple_026/_mt_svp_simple_026_001_result/_cs_svp_simple_026_001_gloable_var_rww_mt_svp_simple_026_001.c line 183 function main_task_0 thread 0
----------------------------------------------------
  __cs_disable_thread[3l]=1 (1)

State 57 file /home/dell/zyworkspace/nichecker/Experiment/remarks2.1_LA/svp_simple_026/_mt_svp_simple_026_001_result/_cs_svp_simple_026_001_gloable_var_rww_mt_svp_simple_026_001.c line 186 function main_task_0 thread 0
----------------------------------------------------
  __cs_disable_thread[2l]=1 (1)

State 58 file /home/dell/zyworkspace/nichecker/Experiment/remarks2.1_LA/svp_simple_026/_mt_svp_simple_026_001_result/_cs_svp_simple_026_001_gloable_var_rww_mt_svp_simple_026_001.c line 189 function main_task_0 thread 0
----------------------------------------------------
  __cs_disable_thread[0l]=1 (1)

State 60 file /home/dell/zyworkspace/nichecker/Experiment/remarks2.1_LA/svp_simple_026/_mt_svp_simple_026_001_result/_cs_svp_simple_026_001_gloable_var_rww_mt_svp_simple_026_001.c line 196 function main_task_0 thread 0
----------------------------------------------------
  svp_simple_026_001_gloable_var=2147483647 (01111111111111111111111111111111)

State 64 file /home/dell/zyworkspace/nichecker/Experiment/remarks2.1_LA/svp_simple_026/_mt_svp_simple_026_001_result/_cs_svp_simple_026_001_gloable_var_rww_mt_svp_simple_026_001.c line 202 function main_task_0 thread 0
----------------------------------------------------
  __cs_disable_thread[3l]=0 (0)

State 65 file /home/dell/zyworkspace/nichecker/Experiment/remarks2.1_LA/svp_simple_026/_mt_svp_simple_026_001_result/_cs_svp_simple_026_001_gloable_var_rww_mt_svp_simple_026_001.c line 205 function main_task_0 thread 0
----------------------------------------------------
  __cs_disable_thread[2l]=0 (0)

State 66 file /home/dell/zyworkspace/nichecker/Experiment/remarks2.1_LA/svp_simple_026/_mt_svp_simple_026_001_result/_cs_svp_simple_026_001_gloable_var_rww_mt_svp_simple_026_001.c line 208 function main_task_0 thread 0
----------------------------------------------------
  __cs_disable_thread[0l]=0 (0)

State 70 file /home/dell/zyworkspace/nichecker/Experiment/remarks2.1_LA/svp_simple_026/_mt_svp_simple_026_001_result/_cs_svp_simple_026_001_gloable_var_rww_mt_svp_simple_026_001.c line 221 function main_task_0 thread 0
----------------------------------------------------
  __cs_disable_thread[2l]=1 (1)

State 72 file /home/dell/zyworkspace/nichecker/Experiment/remarks2.1_LA/svp_simple_026/_mt_svp_simple_026_001_result/_cs_svp_simple_026_001_gloable_var_rww_mt_svp_simple_026_001.c line 230 function main_task_0 thread 0
----------------------------------------------------
  __cs_local_main_task___cs_tmp_if_cond_0=TRUE (00000001)

State 73 file /home/dell/zyworkspace/nichecker/Experiment/remarks2.1_LA/svp_simple_026/_mt_svp_simple_026_001_result/_cs_svp_simple_026_001_gloable_var_rww_mt_svp_simple_026_001.c line 232 function main_task_0 thread 0
----------------------------------------------------
  rww_r_tmp1_num=1 (00000000000000000000000000000001)

State 74 file /home/dell/zyworkspace/nichecker/Experiment/remarks2.1_LA/svp_simple_026/_mt_svp_simple_026_001_result/_cs_svp_simple_026_001_gloable_var_rww_mt_svp_simple_026_001.c line 233 function main_task_0 thread 0
----------------------------------------------------
  rww_r_tmp1=2147483647 (01111111111111111111111111111111)

State 77 file /home/dell/zyworkspace/nichecker/Experiment/remarks2.1_LA/svp_simple_026/_mt_svp_simple_026_001_result/_cs_svp_simple_026_001_gloable_var_rww_mt_svp_simple_026_001.c line 243 function main_task_0 thread 0
----------------------------------------------------
  rww_w1=2147483647 (01111111111111111111111111111111)

State 80 file /home/dell/zyworkspace/nichecker/Experiment/remarks2.1_LA/svp_simple_026/_mt_svp_simple_026_001_result/_cs_svp_simple_026_001_gloable_var_rww_mt_svp_simple_026_001.c line 246 function main_task_0 thread 0
----------------------------------------------------
  rww_r_tmp1_num=0 (00000000000000000000000000000000)

State 81 file /home/dell/zyworkspace/nichecker/Experiment/remarks2.1_LA/svp_simple_026/_mt_svp_simple_026_001_result/_cs_svp_simple_026_001_gloable_var_rww_mt_svp_simple_026_001.c line 249 function main_task_0 thread 0
----------------------------------------------------
  svp_simple_026_001_gloable_var=0 (00000000000000000000000000000000)

State 86 file /home/dell/zyworkspace/nichecker/Experiment/remarks2.1_LA/svp_simple_026/_mt_svp_simple_026_001_result/_cs_svp_simple_026_001_gloable_var_rww_mt_svp_simple_026_001.c line 259 function main_task_0 thread 0
----------------------------------------------------
  __cs_disable_thread[2l]=0 (0)

State 90 file /home/dell/zyworkspace/nichecker/Experiment/remarks2.1_LA/svp_simple_026/_mt_svp_simple_026_001_result/_cs_svp_simple_026_001_gloable_var_rww_mt_svp_simple_026_001.c line 276 function main_task_0 thread 0
----------------------------------------------------
  __cs_value_ptr=NULL (0000000000000000000000000000000000000000000000000000000000000000)

State 95 file /home/dell/zyworkspace/nichecker/Experiment/remarks2.1_LA/svp_simple_026/_mt_svp_simple_026_001_result/_cs_svp_simple_026_001_gloable_var_rww_mt_svp_simple_026_001.c line 367 function main thread 0
----------------------------------------------------
  __cs_pc[1l]=4 (100)

State 96 file /home/dell/zyworkspace/nichecker/Experiment/remarks2.1_LA/svp_simple_026/_mt_svp_simple_026_001_result/_cs_svp_simple_026_001_gloable_var_rww_mt_svp_simple_026_001.c line 373 function main thread 0
----------------------------------------------------
  __cs_tmp_t2_r0=2 (10)

State 98 file /home/dell/zyworkspace/nichecker/Experiment/remarks2.1_LA/svp_simple_026/_mt_svp_simple_026_001_result/_cs_svp_simple_026_001_gloable_var_rww_mt_svp_simple_026_001.c line 378 function main thread 0
----------------------------------------------------
  __cs_thread_index=2 (010)

State 99 file /home/dell/zyworkspace/nichecker/Experiment/remarks2.1_LA/svp_simple_026/_mt_svp_simple_026_001_result/_cs_svp_simple_026_001_gloable_var_rww_mt_svp_simple_026_001.c line 380 function main thread 0
----------------------------------------------------
  __cs_pc_cs[2l]=2 (010)

State 104 file /home/dell/zyworkspace/nichecker/Experiment/remarks2.1_LA/svp_simple_026/_mt_svp_simple_026_001_result/_cs_svp_simple_026_001_gloable_var_rww_mt_svp_simple_026_001.c line 386 function main thread 0
----------------------------------------------------
  __cs_param_svp_simple_026_001_isr_1_arg=NULL (0000000000000000000000000000000000000000000000000000000000000000)

State 106 file /home/dell/zyworkspace/nichecker/Experiment/remarks2.1_LA/svp_simple_026/_mt_svp_simple_026_001_result/_cs_svp_simple_026_001_gloable_var_rww_mt_svp_simple_026_001.c line 287 function svp_simple_026_001_isr_1_0 thread 0
----------------------------------------------------
  __cs_temporary_0=0 (00000000000000000000000000000000)

State 108 file /home/dell/zyworkspace/nichecker/Experiment/remarks2.1_LA/svp_simple_026/_mt_svp_simple_026_001_result/_cs_svp_simple_026_001_gloable_var_rww_mt_svp_simple_026_001.c line 291 function svp_simple_026_001_isr_1_0 thread 0
----------------------------------------------------
  __cs_temporary_0=1 (00000000000000000000000000000001)

State 109 file /home/dell/zyworkspace/nichecker/Experiment/remarks2.1_LA/svp_simple_026/_mt_svp_simple_026_001_result/_cs_svp_simple_026_001_gloable_var_rww_mt_svp_simple_026_001.c line 293 function svp_simple_026_001_isr_1_0 thread 0
----------------------------------------------------
  rww_r_tmp2_num=1 (00000000000000000000000000000001)

State 110 file /home/dell/zyworkspace/nichecker/Experiment/remarks2.1_LA/svp_simple_026/_mt_svp_simple_026_001_result/_cs_svp_simple_026_001_gloable_var_rww_mt_svp_simple_026_001.c line 294 function svp_simple_026_001_isr_1_0 thread 0
----------------------------------------------------
  rww_r_tmp2=0 (00000000000000000000000000000000)

State 114 file /home/dell/zyworkspace/nichecker/Experiment/remarks2.1_LA/svp_simple_026/_mt_svp_simple_026_001_result/_cs_svp_simple_026_001_gloable_var_rww_mt_svp_simple_026_001.c line 316 function svp_simple_026_001_isr_1_0 thread 0
----------------------------------------------------
  __cs_value_ptr=NULL (0000000000000000000000000000000000000000000000000000000000000000)

State 119 file /home/dell/zyworkspace/nichecker/Experiment/remarks2.1_LA/svp_simple_026/_mt_svp_simple_026_001_result/_cs_svp_simple_026_001_gloable_var_rww_mt_svp_simple_026_001.c line 388 function main thread 0
----------------------------------------------------
  __cs_pc[2l]=2 (010)

State 120 file /home/dell/zyworkspace/nichecker/Experiment/remarks2.1_LA/svp_simple_026/_mt_svp_simple_026_001_result/_cs_svp_simple_026_001_gloable_var_rww_mt_svp_simple_026_001.c line 394 function main thread 0
----------------------------------------------------
  __cs_tmp_t3_r0=1 (1)

State 122 file /home/dell/zyworkspace/nichecker/Experiment/remarks2.1_LA/svp_simple_026/_mt_svp_simple_026_001_result/_cs_svp_simple_026_001_gloable_var_rww_mt_svp_simple_026_001.c line 399 function main thread 0
----------------------------------------------------
  __cs_thread_index=3 (011)

State 123 file /home/dell/zyworkspace/nichecker/Experiment/remarks2.1_LA/svp_simple_026/_mt_svp_simple_026_001_result/_cs_svp_simple_026_001_gloable_var_rww_mt_svp_simple_026_001.c line 401 function main thread 0
----------------------------------------------------
  __cs_pc_cs[3l]=1 (001)

State 128 file /home/dell/zyworkspace/nichecker/Experiment/remarks2.1_LA/svp_simple_026/_mt_svp_simple_026_001_result/_cs_svp_simple_026_001_gloable_var_rww_mt_svp_simple_026_001.c line 407 function main thread 0
----------------------------------------------------
  __cs_param_svp_simple_026_001_isr_2_arg=NULL (0000000000000000000000000000000000000000000000000000000000000000)

State 130 file /home/dell/zyworkspace/nichecker/Experiment/remarks2.1_LA/svp_simple_026/_mt_svp_simple_026_001_result/_cs_svp_simple_026_001_gloable_var_rww_mt_svp_simple_026_001.c line 327 function svp_simple_026_001_isr_2_0 thread 0
----------------------------------------------------
  __cs_temporary_0=0 (00000000000000000000000000000000)

State 131 file /home/dell/zyworkspace/nichecker/Experiment/remarks2.1_LA/svp_simple_026/_mt_svp_simple_026_001_result/_cs_svp_simple_026_001_gloable_var_rww_mt_svp_simple_026_001.c line 329 function svp_simple_026_001_isr_2_0 thread 0
----------------------------------------------------
  __cs_temporary_0=-1 (11111111111111111111111111111111)

State 132 file /home/dell/zyworkspace/nichecker/Experiment/remarks2.1_LA/svp_simple_026/_mt_svp_simple_026_001_result/_cs_svp_simple_026_001_gloable_var_rww_mt_svp_simple_026_001.c line 330 function svp_simple_026_001_isr_2_0 thread 0
----------------------------------------------------
  svp_simple_026_001_gloable_var=-1 (11111111111111111111111111111111)

State 136 file /home/dell/zyworkspace/nichecker/Experiment/remarks2.1_LA/svp_simple_026/_mt_svp_simple_026_001_result/_cs_svp_simple_026_001_gloable_var_rww_mt_svp_simple_026_001.c line 341 function svp_simple_026_001_isr_2_0 thread 0
----------------------------------------------------
  __cs_value_ptr=NULL (0000000000000000000000000000000000000000000000000000000000000000)

State 141 file /home/dell/zyworkspace/nichecker/Experiment/remarks2.1_LA/svp_simple_026/_mt_svp_simple_026_001_result/_cs_svp_simple_026_001_gloable_var_rww_mt_svp_simple_026_001.c line 409 function main thread 0
----------------------------------------------------
  __cs_pc[3l]=1 (001)

State 142 file /home/dell/zyworkspace/nichecker/Experiment/remarks2.1_LA/svp_simple_026/_mt_svp_simple_026_001_result/_cs_svp_simple_026_001_gloable_var_rww_mt_svp_simple_026_001.c line 419 function main thread 0
----------------------------------------------------
  __cs_tmp_t1_r1=6 (110)

State 148 file /home/dell/zyworkspace/nichecker/Experiment/remarks2.1_LA/svp_simple_026/_mt_svp_simple_026_001_result/_cs_svp_simple_026_001_gloable_var_rww_mt_svp_simple_026_001.c line 440 function main thread 0
----------------------------------------------------
  __cs_tmp_t2_r1=3 (11)

State 150 file /home/dell/zyworkspace/nichecker/Experiment/remarks2.1_LA/svp_simple_026/_mt_svp_simple_026_001_result/_cs_svp_simple_026_001_gloable_var_rww_mt_svp_simple_026_001.c line 445 function main thread 0
----------------------------------------------------
  __cs_thread_index=2 (010)

State 151 file /home/dell/zyworkspace/nichecker/Experiment/remarks2.1_LA/svp_simple_026/_mt_svp_simple_026_001_result/_cs_svp_simple_026_001_gloable_var_rww_mt_svp_simple_026_001.c line 447 function main thread 0
----------------------------------------------------
  __cs_pc_cs[2l]=3 (011)

State 156 file /home/dell/zyworkspace/nichecker/Experiment/remarks2.1_LA/svp_simple_026/_mt_svp_simple_026_001_result/_cs_svp_simple_026_001_gloable_var_rww_mt_svp_simple_026_001.c line 453 function main thread 0
----------------------------------------------------
  __cs_param_svp_simple_026_001_isr_1_arg=NULL (0000000000000000000000000000000000000000000000000000000000000000)

State 160 file /home/dell/zyworkspace/nichecker/Experiment/remarks2.1_LA/svp_simple_026/_mt_svp_simple_026_001_result/_cs_svp_simple_026_001_gloable_var_rww_mt_svp_simple_026_001.c line 299 function svp_simple_026_001_isr_1_0 thread 0
----------------------------------------------------
  rww_w2=-1 (11111111111111111111111111111111)

Violated property:
  file /home/dell/zyworkspace/nichecker/Experiment/remarks2.1_LA/svp_simple_026/_mt_svp_simple_026_001_result/_cs_svp_simple_026_001_gloable_var_rww_mt_svp_simple_026_001.c line 301 function svp_simple_026_001_isr_1_0
  assertion rww_w2 == rww_r_tmp2
  rww_w2 == rww_r_tmp2


** 2 of 2 failed (2 iterations)
VERIFICATION FAILED
