2023-10-15 16:48:52
SVPCheck: True	LoopAbstraction: True	LabelReduction: False	Slice: False	

SVPCheck var: svp_simple_026_001_gloable_var	pattern: rww
--------------------------Run start-------------------------------
inliner
slice
LoopAbstraction
unroller
insertLabel
lazyseq
feeder  0.212
[91mUNSAFE[0m, counterexample: 2, time: 1.713 s, memory: 30.27 MB
--------------------------Run end---------------------------------
SVPCheck var: svp_simple_026_001_gloable_var	pattern: wwr
--------------------------Run start-------------------------------
inliner
slice
LoopAbstraction
unroller
insertLabel
lazyseq
feeder  0.183
[92mSAFE[0m, counterexample: 0, time: 1.664 s, memory: 28.64 MB
--------------------------Run end---------------------------------
cbmcTimeSum: 0.395
modulesTimeSum: 3.377
