CBMC version 5.6 64-bit x86_64 linux
Parsing /home/dell/zyworkspace/nichecker/Experiment/remarks2.1/svp_simple_027/_mt_svp_simple_027_001_result/_cs_svp_simple_027_001_gloable_var_wwr_mt_svp_simple_027_001.c
<command-line>: warning: "__STDC_VERSION__" redefined
<built-in>: note: this is the location of the previous definition
Converting
Type-checking _cs_svp_simple_027_001_gloable_var_wwr_mt_svp_simple_027_001
file /home/dell/zyworkspace/nichecker/Experiment/remarks2.1/svp_simple_027/_mt_svp_simple_027_001_result/_cs_svp_simple_027_001_gloable_var_wwr_mt_svp_simple_027_001.c line 231 function main_task_0: function `assert' is not declared
Generating GOTO Program
Adding CPROVER library (x86_64)
Removal of function pointers and virtual functions
Partial Inlining
Generic Property Instrumentation
Starting Bounded Model Checking
**** WARNING: no body for function enable_isr
size of program expression: 686 steps
simple slicing removed 42 assignments
Generated 5 VCC(s), 5 remaining after simplification
Passing problem to propositional reduction
converting SSA
Running propositional reduction
Post-processing
Solving with MiniSAT 2.2.1 with simplifier
1870 variables, 4241 clauses
SAT checker: instance is SATISFIABLE
Solving with MiniSAT 2.2.1 with simplifier
1870 variables, 1222 clauses
SAT checker inconsistent: instance is UNSATISFIABLE
Runtime decision procedure: 0.011s

** Results:
[main_task_0.assertion.1] assertion wwr_r1 == wwr_w_tmp1: FAILURE
[svp_simple_027_001_isr_2_0.assertion.1] assertion wwr_r1 == wwr_w_tmp3: SUCCESS
[svp_simple_027_001_isr_1_0.assertion.1] assertion wwr_r1 == wwr_w_tmp2: SUCCESS

Trace for main_task_0.assertion.1:

State 45 file /home/dell/zyworkspace/nichecker/Experiment/remarks2.1/svp_simple_027/_mt_svp_simple_027_001_result/_cs_svp_simple_027_001_gloable_var_wwr_mt_svp_simple_027_001.c line 388 function main thread 0
----------------------------------------------------
  __cs_tmp_t1_r0=2 (010)

State 47 file /home/dell/zyworkspace/nichecker/Experiment/remarks2.1/svp_simple_027/_mt_svp_simple_027_001_result/_cs_svp_simple_027_001_gloable_var_wwr_mt_svp_simple_027_001.c line 392 function main thread 0
----------------------------------------------------
  __cs_thread_index=1 (001)

State 48 file /home/dell/zyworkspace/nichecker/Experiment/remarks2.1/svp_simple_027/_mt_svp_simple_027_001_result/_cs_svp_simple_027_001_gloable_var_wwr_mt_svp_simple_027_001.c line 394 function main thread 0
----------------------------------------------------
  __cs_pc_cs[1l]=2 (010)

State 53 file /home/dell/zyworkspace/nichecker/Experiment/remarks2.1/svp_simple_027/_mt_svp_simple_027_001_result/_cs_svp_simple_027_001_gloable_var_wwr_mt_svp_simple_027_001.c line 400 function main thread 0
----------------------------------------------------
  __cs_param_main_task_arg=NULL (0000000000000000000000000000000000000000000000000000000000000000)

State 55 file /home/dell/zyworkspace/nichecker/Experiment/remarks2.1/svp_simple_027/_mt_svp_simple_027_001_result/_cs_svp_simple_027_001_gloable_var_wwr_mt_svp_simple_027_001.c line 182 function main_task_0 thread 0
----------------------------------------------------
  svp_simple_027_001_gloable_var=15 (00000000000000000000000000001111)

State 56 file /home/dell/zyworkspace/nichecker/Experiment/remarks2.1/svp_simple_027/_mt_svp_simple_027_001_result/_cs_svp_simple_027_001_gloable_var_wwr_mt_svp_simple_027_001.c line 184 function main_task_0 thread 0
----------------------------------------------------
  wwr_w_tmp1_num=1 (00000000000000000000000000000001)

State 57 file /home/dell/zyworkspace/nichecker/Experiment/remarks2.1/svp_simple_027/_mt_svp_simple_027_001_result/_cs_svp_simple_027_001_gloable_var_wwr_mt_svp_simple_027_001.c line 185 function main_task_0 thread 0
----------------------------------------------------
  wwr_w_tmp1=15 (00000000000000000000000000001111)

State 62 file /home/dell/zyworkspace/nichecker/Experiment/remarks2.1/svp_simple_027/_mt_svp_simple_027_001_result/_cs_svp_simple_027_001_gloable_var_wwr_mt_svp_simple_027_001.c line 194 function main_task_0 thread 0
----------------------------------------------------
  __cs_disable_thread[4l]=0 (0)

State 63 file /home/dell/zyworkspace/nichecker/Experiment/remarks2.1/svp_simple_027/_mt_svp_simple_027_001_result/_cs_svp_simple_027_001_gloable_var_wwr_mt_svp_simple_027_001.c line 197 function main_task_0 thread 0
----------------------------------------------------
  __cs_disable_thread[3l]=0 (0)

State 64 file /home/dell/zyworkspace/nichecker/Experiment/remarks2.1/svp_simple_027/_mt_svp_simple_027_001_result/_cs_svp_simple_027_001_gloable_var_wwr_mt_svp_simple_027_001.c line 200 function main_task_0 thread 0
----------------------------------------------------
  __cs_disable_thread[2l]=0 (0)

State 65 file /home/dell/zyworkspace/nichecker/Experiment/remarks2.1/svp_simple_027/_mt_svp_simple_027_001_result/_cs_svp_simple_027_001_gloable_var_wwr_mt_svp_simple_027_001.c line 203 function main_task_0 thread 0
----------------------------------------------------
  __cs_disable_thread[0l]=0 (0)

State 71 file /home/dell/zyworkspace/nichecker/Experiment/remarks2.1/svp_simple_027/_mt_svp_simple_027_001_result/_cs_svp_simple_027_001_gloable_var_wwr_mt_svp_simple_027_001.c line 269 function main_task_0 thread 0
----------------------------------------------------
  __cs_value_ptr=NULL (0000000000000000000000000000000000000000000000000000000000000000)

State 76 file /home/dell/zyworkspace/nichecker/Experiment/remarks2.1/svp_simple_027/_mt_svp_simple_027_001_result/_cs_svp_simple_027_001_gloable_var_wwr_mt_svp_simple_027_001.c line 402 function main thread 0
----------------------------------------------------
  __cs_pc[1l]=2 (010)

State 77 file /home/dell/zyworkspace/nichecker/Experiment/remarks2.1/svp_simple_027/_mt_svp_simple_027_001_result/_cs_svp_simple_027_001_gloable_var_wwr_mt_svp_simple_027_001.c line 408 function main thread 0
----------------------------------------------------
  __cs_tmp_t2_r0=4 (100)

State 84 file /home/dell/zyworkspace/nichecker/Experiment/remarks2.1/svp_simple_027/_mt_svp_simple_027_001_result/_cs_svp_simple_027_001_gloable_var_wwr_mt_svp_simple_027_001.c line 413 function main thread 0
----------------------------------------------------
  __cs_thread_index=2 (010)

State 85 file /home/dell/zyworkspace/nichecker/Experiment/remarks2.1/svp_simple_027/_mt_svp_simple_027_001_result/_cs_svp_simple_027_001_gloable_var_wwr_mt_svp_simple_027_001.c line 415 function main thread 0
----------------------------------------------------
  __cs_pc_cs[2l]=4 (100)

State 90 file /home/dell/zyworkspace/nichecker/Experiment/remarks2.1/svp_simple_027/_mt_svp_simple_027_001_result/_cs_svp_simple_027_001_gloable_var_wwr_mt_svp_simple_027_001.c line 421 function main thread 0
----------------------------------------------------
  __cs_param_svp_simple_027_001_isr_1_arg=NULL (0000000000000000000000000000000000000000000000000000000000000000)

State 92 file /home/dell/zyworkspace/nichecker/Experiment/remarks2.1/svp_simple_027/_mt_svp_simple_027_001_result/_cs_svp_simple_027_001_gloable_var_wwr_mt_svp_simple_027_001.c line 346 function svp_simple_027_001_isr_1_0 thread 0
----------------------------------------------------
  __cs_temporary_0=0 (00000000000000000000000000000000)

State 94 file /home/dell/zyworkspace/nichecker/Experiment/remarks2.1/svp_simple_027/_mt_svp_simple_027_001_result/_cs_svp_simple_027_001_gloable_var_wwr_mt_svp_simple_027_001.c line 350 function svp_simple_027_001_isr_1_0 thread 0
----------------------------------------------------
  __cs_temporary_0=16 (00000000000000000000000000010000)

State 97 file /home/dell/zyworkspace/nichecker/Experiment/remarks2.1/svp_simple_027/_mt_svp_simple_027_001_result/_cs_svp_simple_027_001_gloable_var_wwr_mt_svp_simple_027_001.c line 359 function svp_simple_027_001_isr_1_0 thread 0
----------------------------------------------------
  svp_simple_027_001_gloable_var=16 (00000000000000000000000000010000)

State 98 file /home/dell/zyworkspace/nichecker/Experiment/remarks2.1/svp_simple_027/_mt_svp_simple_027_001_result/_cs_svp_simple_027_001_gloable_var_wwr_mt_svp_simple_027_001.c line 361 function svp_simple_027_001_isr_1_0 thread 0
----------------------------------------------------
  wwr_w_tmp2_num=1 (00000000000000000000000000000001)

State 99 file /home/dell/zyworkspace/nichecker/Experiment/remarks2.1/svp_simple_027/_mt_svp_simple_027_001_result/_cs_svp_simple_027_001_gloable_var_wwr_mt_svp_simple_027_001.c line 362 function svp_simple_027_001_isr_1_0 thread 0
----------------------------------------------------
  wwr_w_tmp2=16 (00000000000000000000000000010000)

State 104 file /home/dell/zyworkspace/nichecker/Experiment/remarks2.1/svp_simple_027/_mt_svp_simple_027_001_result/_cs_svp_simple_027_001_gloable_var_wwr_mt_svp_simple_027_001.c line 376 function svp_simple_027_001_isr_1_0 thread 0
----------------------------------------------------
  __cs_value_ptr=NULL (0000000000000000000000000000000000000000000000000000000000000000)

State 109 file /home/dell/zyworkspace/nichecker/Experiment/remarks2.1/svp_simple_027/_mt_svp_simple_027_001_result/_cs_svp_simple_027_001_gloable_var_wwr_mt_svp_simple_027_001.c line 423 function main thread 0
----------------------------------------------------
  __cs_pc[2l]=4 (100)

State 110 file /home/dell/zyworkspace/nichecker/Experiment/remarks2.1/svp_simple_027/_mt_svp_simple_027_001_result/_cs_svp_simple_027_001_gloable_var_wwr_mt_svp_simple_027_001.c line 429 function main thread 0
----------------------------------------------------
  __cs_tmp_t3_r0=0 (000)

State 112 file /home/dell/zyworkspace/nichecker/Experiment/remarks2.1/svp_simple_027/_mt_svp_simple_027_001_result/_cs_svp_simple_027_001_gloable_var_wwr_mt_svp_simple_027_001.c line 434 function main thread 0
----------------------------------------------------
  __cs_thread_index=3 (011)

State 113 file /home/dell/zyworkspace/nichecker/Experiment/remarks2.1/svp_simple_027/_mt_svp_simple_027_001_result/_cs_svp_simple_027_001_gloable_var_wwr_mt_svp_simple_027_001.c line 436 function main thread 0
----------------------------------------------------
  __cs_pc_cs[3l]=0 (000)

State 118 file /home/dell/zyworkspace/nichecker/Experiment/remarks2.1/svp_simple_027/_mt_svp_simple_027_001_result/_cs_svp_simple_027_001_gloable_var_wwr_mt_svp_simple_027_001.c line 442 function main thread 0
----------------------------------------------------
  __cs_param_svp_simple_027_001_isr_2_arg=NULL (0000000000000000000000000000000000000000000000000000000000000000)

State 125 file /home/dell/zyworkspace/nichecker/Experiment/remarks2.1/svp_simple_027/_mt_svp_simple_027_001_result/_cs_svp_simple_027_001_gloable_var_wwr_mt_svp_simple_027_001.c line 335 function svp_simple_027_001_isr_2_0 thread 0
----------------------------------------------------
  __cs_value_ptr=NULL (0000000000000000000000000000000000000000000000000000000000000000)

State 130 file /home/dell/zyworkspace/nichecker/Experiment/remarks2.1/svp_simple_027/_mt_svp_simple_027_001_result/_cs_svp_simple_027_001_gloable_var_wwr_mt_svp_simple_027_001.c line 444 function main thread 0
----------------------------------------------------
  __cs_pc[3l]=0 (000)

State 131 file /home/dell/zyworkspace/nichecker/Experiment/remarks2.1/svp_simple_027/_mt_svp_simple_027_001_result/_cs_svp_simple_027_001_gloable_var_wwr_mt_svp_simple_027_001.c line 450 function main thread 0
----------------------------------------------------
  __cs_tmp_t4_r0=0 (0)

State 133 file /home/dell/zyworkspace/nichecker/Experiment/remarks2.1/svp_simple_027/_mt_svp_simple_027_001_result/_cs_svp_simple_027_001_gloable_var_wwr_mt_svp_simple_027_001.c line 455 function main thread 0
----------------------------------------------------
  __cs_thread_index=4 (100)

State 134 file /home/dell/zyworkspace/nichecker/Experiment/remarks2.1/svp_simple_027/_mt_svp_simple_027_001_result/_cs_svp_simple_027_001_gloable_var_wwr_mt_svp_simple_027_001.c line 457 function main thread 0
----------------------------------------------------
  __cs_pc_cs[4l]=0 (000)

State 139 file /home/dell/zyworkspace/nichecker/Experiment/remarks2.1/svp_simple_027/_mt_svp_simple_027_001_result/_cs_svp_simple_027_001_gloable_var_wwr_mt_svp_simple_027_001.c line 463 function main thread 0
----------------------------------------------------
  __cs_param_svp_simple_027_001_isr_3_arg=NULL (0000000000000000000000000000000000000000000000000000000000000000)

State 143 file /home/dell/zyworkspace/nichecker/Experiment/remarks2.1/svp_simple_027/_mt_svp_simple_027_001_result/_cs_svp_simple_027_001_gloable_var_wwr_mt_svp_simple_027_001.c line 294 function svp_simple_027_001_isr_3_0 thread 0
----------------------------------------------------
  __cs_value_ptr=NULL (0000000000000000000000000000000000000000000000000000000000000000)

State 148 file /home/dell/zyworkspace/nichecker/Experiment/remarks2.1/svp_simple_027/_mt_svp_simple_027_001_result/_cs_svp_simple_027_001_gloable_var_wwr_mt_svp_simple_027_001.c line 465 function main thread 0
----------------------------------------------------
  __cs_pc[4l]=0 (000)

State 149 file /home/dell/zyworkspace/nichecker/Experiment/remarks2.1/svp_simple_027/_mt_svp_simple_027_001_result/_cs_svp_simple_027_001_gloable_var_wwr_mt_svp_simple_027_001.c line 475 function main thread 0
----------------------------------------------------
  __cs_tmp_t1_r1=4 (100)

State 160 file /home/dell/zyworkspace/nichecker/Experiment/remarks2.1/svp_simple_027/_mt_svp_simple_027_001_result/_cs_svp_simple_027_001_gloable_var_wwr_mt_svp_simple_027_001.c line 480 function main thread 0
----------------------------------------------------
  __cs_thread_index=1 (001)

State 161 file /home/dell/zyworkspace/nichecker/Experiment/remarks2.1/svp_simple_027/_mt_svp_simple_027_001_result/_cs_svp_simple_027_001_gloable_var_wwr_mt_svp_simple_027_001.c line 482 function main thread 0
----------------------------------------------------
  __cs_pc_cs[1l]=4 (100)

State 166 file /home/dell/zyworkspace/nichecker/Experiment/remarks2.1/svp_simple_027/_mt_svp_simple_027_001_result/_cs_svp_simple_027_001_gloable_var_wwr_mt_svp_simple_027_001.c line 488 function main thread 0
----------------------------------------------------
  __cs_param_main_task_arg=NULL (0000000000000000000000000000000000000000000000000000000000000000)

State 173 file /home/dell/zyworkspace/nichecker/Experiment/remarks2.1/svp_simple_027/_mt_svp_simple_027_001_result/_cs_svp_simple_027_001_gloable_var_wwr_mt_svp_simple_027_001.c line 218 function main_task_0 thread 0
----------------------------------------------------
  __cs_disable_thread[2l]=0 (0)

State 175 file /home/dell/zyworkspace/nichecker/Experiment/remarks2.1/svp_simple_027/_mt_svp_simple_027_001_result/_cs_svp_simple_027_001_gloable_var_wwr_mt_svp_simple_027_001.c line 227 function main_task_0 thread 0
----------------------------------------------------
  __cs_local_main_task___cs_tmp_if_cond_0=TRUE (00000001)

State 176 file /home/dell/zyworkspace/nichecker/Experiment/remarks2.1/svp_simple_027/_mt_svp_simple_027_001_result/_cs_svp_simple_027_001_gloable_var_wwr_mt_svp_simple_027_001.c line 229 function main_task_0 thread 0
----------------------------------------------------
  wwr_r1=16 (00000000000000000000000000010000)

Violated property:
  file /home/dell/zyworkspace/nichecker/Experiment/remarks2.1/svp_simple_027/_mt_svp_simple_027_001_result/_cs_svp_simple_027_001_gloable_var_wwr_mt_svp_simple_027_001.c line 231 function main_task_0
  assertion wwr_r1 == wwr_w_tmp1
  wwr_r1 == wwr_w_tmp1


** 1 of 3 failed (2 iterations)
VERIFICATION FAILED
