2023-10-04 12:14:36
SVPCheck: True	LoopAbstraction: True	LabelReduction: True	Slice: True	

SVPCheck var: svp_simple_027_001_gloable_var	pattern: rww
--------------------------Run start-------------------------------
inliner
slice
LoopAbstraction
unroller
insertLabel
lazyseq
feeder  0.221
[91mUNSAFE[0m, counterexample: 3, time: 3.465 s, memory: 30.21 MB
--------------------------Run end---------------------------------
SVPCheck var: svp_simple_027_001_gloable_var	pattern: wwr
--------------------------Run start-------------------------------
inliner
slice
LoopAbstraction
unroller
insertLabel
lazyseq
feeder  0.214
[91mUNSAFE[0m, counterexample: 1, time: 3.462 s, memory: 30.20 MB
--------------------------Run end---------------------------------
cbmcTimeSum: 0.435
modulesTimeSum: 6.927
