CBMC version 5.6 64-bit x86_64 linux
Parsing /home/dell/zyworkspace/nichecker/Experiment/remarks2.1_LA_PPR/svp_simple_004/_mt_svp_simple_004_001_result/_cs_svp_simple_004_001_global_var1_rwr_mt_svp_simple_004_001.c
<command-line>: warning: "__STDC_VERSION__" redefined
<built-in>: note: this is the location of the previous definition
Converting
Type-checking _cs_svp_simple_004_001_global_var1_rwr_mt_svp_simple_004_001
file /home/dell/zyworkspace/nichecker/Experiment/remarks2.1_LA_PPR/svp_simple_004/_mt_svp_simple_004_001_result/_cs_svp_simple_004_001_global_var1_rwr_mt_svp_simple_004_001.c line 327 function main_task_0: function `assert' is not declared
Generating GOTO Program
Adding CPROVER library (x86_64)
Removal of function pointers and virtual functions
Partial Inlining
Generic Property Instrumentation
Starting Bounded Model Checking
**** WARNING: no body for function enable_isr
**** WARNING: no body for function disable_isr
size of program expression: 676 steps
simple slicing removed 61 assignments
Generated 5 VCC(s), 5 remaining after simplification
Passing problem to propositional reduction
converting SSA
Running propositional reduction
Post-processing
Solving with MiniSAT 2.2.1 with simplifier
1513 variables, 2902 clauses
SAT checker: instance is SATISFIABLE
Solving with MiniSAT 2.2.1 with simplifier
1513 variables, 429 clauses
SAT checker: instance is UNSATISFIABLE
Runtime decision procedure: 0.012s

** Results:
[main_task_0.assertion.1] assertion rwr_r1 == rwr_tmp1: SUCCESS
[main_task_0.assertion.2] assertion rwr_r2 == rwr_tmp1: FAILURE

Trace for main_task_0.assertion.2:

State 59 file /home/dell/zyworkspace/nichecker/Experiment/remarks2.1_LA_PPR/svp_simple_004/_mt_svp_simple_004_001_result/_cs_svp_simple_004_001_global_var1_rwr_mt_svp_simple_004_001.c line 427 function main thread 0
----------------------------------------------------
  __cs_tmp_t1_r0=1 (001)

State 61 file /home/dell/zyworkspace/nichecker/Experiment/remarks2.1_LA_PPR/svp_simple_004/_mt_svp_simple_004_001_result/_cs_svp_simple_004_001_global_var1_rwr_mt_svp_simple_004_001.c line 431 function main thread 0
----------------------------------------------------
  __cs_thread_index=1 (001)

State 62 file /home/dell/zyworkspace/nichecker/Experiment/remarks2.1_LA_PPR/svp_simple_004/_mt_svp_simple_004_001_result/_cs_svp_simple_004_001_global_var1_rwr_mt_svp_simple_004_001.c line 433 function main thread 0
----------------------------------------------------
  __cs_pc_cs[1l]=1 (001)

State 67 file /home/dell/zyworkspace/nichecker/Experiment/remarks2.1_LA_PPR/svp_simple_004/_mt_svp_simple_004_001_result/_cs_svp_simple_004_001_global_var1_rwr_mt_svp_simple_004_001.c line 439 function main thread 0
----------------------------------------------------
  __cs_param_main_task_arg=NULL (0000000000000000000000000000000000000000000000000000000000000000)

State 72 file /home/dell/zyworkspace/nichecker/Experiment/remarks2.1_LA_PPR/svp_simple_004/_mt_svp_simple_004_001_result/_cs_svp_simple_004_001_global_var1_rwr_mt_svp_simple_004_001.c line 279 function main_task_0 thread 0
----------------------------------------------------
  __cs_disable_thread[3l]=0 (0)

State 73 file /home/dell/zyworkspace/nichecker/Experiment/remarks2.1_LA_PPR/svp_simple_004/_mt_svp_simple_004_001_result/_cs_svp_simple_004_001_global_var1_rwr_mt_svp_simple_004_001.c line 282 function main_task_0 thread 0
----------------------------------------------------
  __cs_disable_thread[2l]=0 (0)

State 74 file /home/dell/zyworkspace/nichecker/Experiment/remarks2.1_LA_PPR/svp_simple_004/_mt_svp_simple_004_001_result/_cs_svp_simple_004_001_global_var1_rwr_mt_svp_simple_004_001.c line 285 function main_task_0 thread 0
----------------------------------------------------
  __cs_disable_thread[0l]=0 (0)

State 80 file /home/dell/zyworkspace/nichecker/Experiment/remarks2.1_LA_PPR/svp_simple_004/_mt_svp_simple_004_001_result/_cs_svp_simple_004_001_global_var1_rwr_mt_svp_simple_004_001.c line 415 function main_task_0 thread 0
----------------------------------------------------
  __cs_value_ptr=NULL (0000000000000000000000000000000000000000000000000000000000000000)

State 85 file /home/dell/zyworkspace/nichecker/Experiment/remarks2.1_LA_PPR/svp_simple_004/_mt_svp_simple_004_001_result/_cs_svp_simple_004_001_global_var1_rwr_mt_svp_simple_004_001.c line 441 function main thread 0
----------------------------------------------------
  __cs_pc[1l]=1 (001)

State 86 file /home/dell/zyworkspace/nichecker/Experiment/remarks2.1_LA_PPR/svp_simple_004/_mt_svp_simple_004_001_result/_cs_svp_simple_004_001_global_var1_rwr_mt_svp_simple_004_001.c line 447 function main thread 0
----------------------------------------------------
  __cs_tmp_t2_r0=0 (00)

State 88 file /home/dell/zyworkspace/nichecker/Experiment/remarks2.1_LA_PPR/svp_simple_004/_mt_svp_simple_004_001_result/_cs_svp_simple_004_001_global_var1_rwr_mt_svp_simple_004_001.c line 452 function main thread 0
----------------------------------------------------
  __cs_thread_index=2 (010)

State 89 file /home/dell/zyworkspace/nichecker/Experiment/remarks2.1_LA_PPR/svp_simple_004/_mt_svp_simple_004_001_result/_cs_svp_simple_004_001_global_var1_rwr_mt_svp_simple_004_001.c line 454 function main thread 0
----------------------------------------------------
  __cs_pc_cs[2l]=0 (000)

State 94 file /home/dell/zyworkspace/nichecker/Experiment/remarks2.1_LA_PPR/svp_simple_004/_mt_svp_simple_004_001_result/_cs_svp_simple_004_001_global_var1_rwr_mt_svp_simple_004_001.c line 460 function main thread 0
----------------------------------------------------
  __cs_param_svp_simple_004_001_isr_1_arg=NULL (0000000000000000000000000000000000000000000000000000000000000000)

State 100 file /home/dell/zyworkspace/nichecker/Experiment/remarks2.1_LA_PPR/svp_simple_004/_mt_svp_simple_004_001_result/_cs_svp_simple_004_001_global_var1_rwr_mt_svp_simple_004_001.c line 267 function svp_simple_004_001_isr_1_0 thread 0
----------------------------------------------------
  __cs_value_ptr=NULL (0000000000000000000000000000000000000000000000000000000000000000)

State 105 file /home/dell/zyworkspace/nichecker/Experiment/remarks2.1_LA_PPR/svp_simple_004/_mt_svp_simple_004_001_result/_cs_svp_simple_004_001_global_var1_rwr_mt_svp_simple_004_001.c line 462 function main thread 0
----------------------------------------------------
  __cs_pc[2l]=0 (000)

State 106 file /home/dell/zyworkspace/nichecker/Experiment/remarks2.1_LA_PPR/svp_simple_004/_mt_svp_simple_004_001_result/_cs_svp_simple_004_001_global_var1_rwr_mt_svp_simple_004_001.c line 468 function main thread 0
----------------------------------------------------
  __cs_tmp_t3_r0=0 (0)

State 108 file /home/dell/zyworkspace/nichecker/Experiment/remarks2.1_LA_PPR/svp_simple_004/_mt_svp_simple_004_001_result/_cs_svp_simple_004_001_global_var1_rwr_mt_svp_simple_004_001.c line 473 function main thread 0
----------------------------------------------------
  __cs_thread_index=3 (011)

State 109 file /home/dell/zyworkspace/nichecker/Experiment/remarks2.1_LA_PPR/svp_simple_004/_mt_svp_simple_004_001_result/_cs_svp_simple_004_001_global_var1_rwr_mt_svp_simple_004_001.c line 475 function main thread 0
----------------------------------------------------
  __cs_pc_cs[3l]=0 (000)

State 114 file /home/dell/zyworkspace/nichecker/Experiment/remarks2.1_LA_PPR/svp_simple_004/_mt_svp_simple_004_001_result/_cs_svp_simple_004_001_global_var1_rwr_mt_svp_simple_004_001.c line 481 function main thread 0
----------------------------------------------------
  __cs_param_svp_simple_004_001_isr_2_arg=NULL (0000000000000000000000000000000000000000000000000000000000000000)

State 118 file /home/dell/zyworkspace/nichecker/Experiment/remarks2.1_LA_PPR/svp_simple_004/_mt_svp_simple_004_001_result/_cs_svp_simple_004_001_global_var1_rwr_mt_svp_simple_004_001.c line 217 function svp_simple_004_001_isr_2_0 thread 0
----------------------------------------------------
  __cs_value_ptr=NULL (0000000000000000000000000000000000000000000000000000000000000000)

State 123 file /home/dell/zyworkspace/nichecker/Experiment/remarks2.1_LA_PPR/svp_simple_004/_mt_svp_simple_004_001_result/_cs_svp_simple_004_001_global_var1_rwr_mt_svp_simple_004_001.c line 483 function main thread 0
----------------------------------------------------
  __cs_pc[3l]=0 (000)

State 124 file /home/dell/zyworkspace/nichecker/Experiment/remarks2.1_LA_PPR/svp_simple_004/_mt_svp_simple_004_001_result/_cs_svp_simple_004_001_global_var1_rwr_mt_svp_simple_004_001.c line 493 function main thread 0
----------------------------------------------------
  __cs_tmp_t1_r1=2 (010)

State 131 file /home/dell/zyworkspace/nichecker/Experiment/remarks2.1_LA_PPR/svp_simple_004/_mt_svp_simple_004_001_result/_cs_svp_simple_004_001_global_var1_rwr_mt_svp_simple_004_001.c line 498 function main thread 0
----------------------------------------------------
  __cs_thread_index=1 (001)

State 132 file /home/dell/zyworkspace/nichecker/Experiment/remarks2.1_LA_PPR/svp_simple_004/_mt_svp_simple_004_001_result/_cs_svp_simple_004_001_global_var1_rwr_mt_svp_simple_004_001.c line 500 function main thread 0
----------------------------------------------------
  __cs_pc_cs[1l]=2 (010)

State 137 file /home/dell/zyworkspace/nichecker/Experiment/remarks2.1_LA_PPR/svp_simple_004/_mt_svp_simple_004_001_result/_cs_svp_simple_004_001_global_var1_rwr_mt_svp_simple_004_001.c line 506 function main thread 0
----------------------------------------------------
  __cs_param_main_task_arg=NULL (0000000000000000000000000000000000000000000000000000000000000000)

State 143 file /home/dell/zyworkspace/nichecker/Experiment/remarks2.1_LA_PPR/svp_simple_004/_mt_svp_simple_004_001_result/_cs_svp_simple_004_001_global_var1_rwr_mt_svp_simple_004_001.c line 309 function main_task_0 thread 0
----------------------------------------------------
  __cs_disable_thread[3l]=1 (1)

State 144 file /home/dell/zyworkspace/nichecker/Experiment/remarks2.1_LA_PPR/svp_simple_004/_mt_svp_simple_004_001_result/_cs_svp_simple_004_001_global_var1_rwr_mt_svp_simple_004_001.c line 316 function main_task_0 thread 0
----------------------------------------------------
  __cs_local_main_task___cs_tmp_if_cond_0=TRUE (00000001)

State 146 file /home/dell/zyworkspace/nichecker/Experiment/remarks2.1_LA_PPR/svp_simple_004/_mt_svp_simple_004_001_result/_cs_svp_simple_004_001_global_var1_rwr_mt_svp_simple_004_001.c line 323 function main_task_0 thread 0
----------------------------------------------------
  __cs_local_main_task_reader1=17 (00000000000000000000000000010001)

State 147 file /home/dell/zyworkspace/nichecker/Experiment/remarks2.1_LA_PPR/svp_simple_004/_mt_svp_simple_004_001_result/_cs_svp_simple_004_001_global_var1_rwr_mt_svp_simple_004_001.c line 325 function main_task_0 thread 0
----------------------------------------------------
  rwr_r1=17 (00000000000000000000000000010001)

State 149 file /home/dell/zyworkspace/nichecker/Experiment/remarks2.1_LA_PPR/svp_simple_004/_mt_svp_simple_004_001_result/_cs_svp_simple_004_001_global_var1_rwr_mt_svp_simple_004_001.c line 329 function main_task_0 thread 0
----------------------------------------------------
  rwr_tmp1_num=1 (00000000000000000000000000000001)

State 150 file /home/dell/zyworkspace/nichecker/Experiment/remarks2.1_LA_PPR/svp_simple_004/_mt_svp_simple_004_001_result/_cs_svp_simple_004_001_global_var1_rwr_mt_svp_simple_004_001.c line 330 function main_task_0 thread 0
----------------------------------------------------
  rwr_tmp1=17 (00000000000000000000000000010001)

State 155 file /home/dell/zyworkspace/nichecker/Experiment/remarks2.1_LA_PPR/svp_simple_004/_mt_svp_simple_004_001_result/_cs_svp_simple_004_001_global_var1_rwr_mt_svp_simple_004_001.c line 415 function main_task_0 thread 0
----------------------------------------------------
  __cs_value_ptr=NULL (0000000000000000000000000000000000000000000000000000000000000000)

State 160 file /home/dell/zyworkspace/nichecker/Experiment/remarks2.1_LA_PPR/svp_simple_004/_mt_svp_simple_004_001_result/_cs_svp_simple_004_001_global_var1_rwr_mt_svp_simple_004_001.c line 508 function main thread 0
----------------------------------------------------
  __cs_pc[1l]=2 (010)

State 161 file /home/dell/zyworkspace/nichecker/Experiment/remarks2.1_LA_PPR/svp_simple_004/_mt_svp_simple_004_001_result/_cs_svp_simple_004_001_global_var1_rwr_mt_svp_simple_004_001.c line 514 function main thread 0
----------------------------------------------------
  __cs_tmp_t2_r1=2 (10)

State 163 file /home/dell/zyworkspace/nichecker/Experiment/remarks2.1_LA_PPR/svp_simple_004/_mt_svp_simple_004_001_result/_cs_svp_simple_004_001_global_var1_rwr_mt_svp_simple_004_001.c line 519 function main thread 0
----------------------------------------------------
  __cs_thread_index=2 (010)

State 164 file /home/dell/zyworkspace/nichecker/Experiment/remarks2.1_LA_PPR/svp_simple_004/_mt_svp_simple_004_001_result/_cs_svp_simple_004_001_global_var1_rwr_mt_svp_simple_004_001.c line 521 function main thread 0
----------------------------------------------------
  __cs_pc_cs[2l]=2 (010)

State 169 file /home/dell/zyworkspace/nichecker/Experiment/remarks2.1_LA_PPR/svp_simple_004/_mt_svp_simple_004_001_result/_cs_svp_simple_004_001_global_var1_rwr_mt_svp_simple_004_001.c line 527 function main thread 0
----------------------------------------------------
  __cs_param_svp_simple_004_001_isr_1_arg=NULL (0000000000000000000000000000000000000000000000000000000000000000)

State 171 file /home/dell/zyworkspace/nichecker/Experiment/remarks2.1_LA_PPR/svp_simple_004/_mt_svp_simple_004_001_result/_cs_svp_simple_004_001_global_var1_rwr_mt_svp_simple_004_001.c line 227 function svp_simple_004_001_isr_1_0 thread 0
----------------------------------------------------
  svp_simple_004_001_condition6=0 (00000000000000000000000000000000)

State 173 file /home/dell/zyworkspace/nichecker/Experiment/remarks2.1_LA_PPR/svp_simple_004/_mt_svp_simple_004_001_result/_cs_svp_simple_004_001_global_var1_rwr_mt_svp_simple_004_001.c line 233 function svp_simple_004_001_isr_1_0 thread 0
----------------------------------------------------
  __cs_local_svp_simple_004_001_isr_1___cs_tmp_if_cond_4=TRUE (00000001)

State 175 file /home/dell/zyworkspace/nichecker/Experiment/remarks2.1_LA_PPR/svp_simple_004/_mt_svp_simple_004_001_result/_cs_svp_simple_004_001_global_var1_rwr_mt_svp_simple_004_001.c line 238 function svp_simple_004_001_isr_1_0 thread 0
----------------------------------------------------
  svp_simple_004_001_global_var1=170 (00000000000000000000000010101010)

State 180 file /home/dell/zyworkspace/nichecker/Experiment/remarks2.1_LA_PPR/svp_simple_004/_mt_svp_simple_004_001_result/_cs_svp_simple_004_001_global_var1_rwr_mt_svp_simple_004_001.c line 252 function svp_simple_004_001_isr_1_0 thread 0
----------------------------------------------------
  __cs_disable_thread[3l]=0 (0)

State 184 file /home/dell/zyworkspace/nichecker/Experiment/remarks2.1_LA_PPR/svp_simple_004/_mt_svp_simple_004_001_result/_cs_svp_simple_004_001_global_var1_rwr_mt_svp_simple_004_001.c line 267 function svp_simple_004_001_isr_1_0 thread 0
----------------------------------------------------
  __cs_value_ptr=NULL (0000000000000000000000000000000000000000000000000000000000000000)

State 189 file /home/dell/zyworkspace/nichecker/Experiment/remarks2.1_LA_PPR/svp_simple_004/_mt_svp_simple_004_001_result/_cs_svp_simple_004_001_global_var1_rwr_mt_svp_simple_004_001.c line 529 function main thread 0
----------------------------------------------------
  __cs_pc[2l]=2 (010)

State 190 file /home/dell/zyworkspace/nichecker/Experiment/remarks2.1_LA_PPR/svp_simple_004/_mt_svp_simple_004_001_result/_cs_svp_simple_004_001_global_var1_rwr_mt_svp_simple_004_001.c line 535 function main thread 0
----------------------------------------------------
  __cs_tmp_t3_r1=0 (0)

State 192 file /home/dell/zyworkspace/nichecker/Experiment/remarks2.1_LA_PPR/svp_simple_004/_mt_svp_simple_004_001_result/_cs_svp_simple_004_001_global_var1_rwr_mt_svp_simple_004_001.c line 540 function main thread 0
----------------------------------------------------
  __cs_thread_index=3 (011)

State 193 file /home/dell/zyworkspace/nichecker/Experiment/remarks2.1_LA_PPR/svp_simple_004/_mt_svp_simple_004_001_result/_cs_svp_simple_004_001_global_var1_rwr_mt_svp_simple_004_001.c line 542 function main thread 0
----------------------------------------------------
  __cs_pc_cs[3l]=0 (000)

State 198 file /home/dell/zyworkspace/nichecker/Experiment/remarks2.1_LA_PPR/svp_simple_004/_mt_svp_simple_004_001_result/_cs_svp_simple_004_001_global_var1_rwr_mt_svp_simple_004_001.c line 548 function main thread 0
----------------------------------------------------
  __cs_param_svp_simple_004_001_isr_2_arg=NULL (0000000000000000000000000000000000000000000000000000000000000000)

State 202 file /home/dell/zyworkspace/nichecker/Experiment/remarks2.1_LA_PPR/svp_simple_004/_mt_svp_simple_004_001_result/_cs_svp_simple_004_001_global_var1_rwr_mt_svp_simple_004_001.c line 217 function svp_simple_004_001_isr_2_0 thread 0
----------------------------------------------------
  __cs_value_ptr=NULL (0000000000000000000000000000000000000000000000000000000000000000)

State 207 file /home/dell/zyworkspace/nichecker/Experiment/remarks2.1_LA_PPR/svp_simple_004/_mt_svp_simple_004_001_result/_cs_svp_simple_004_001_global_var1_rwr_mt_svp_simple_004_001.c line 550 function main thread 0
----------------------------------------------------
  __cs_pc[3l]=0 (000)

State 208 file /home/dell/zyworkspace/nichecker/Experiment/remarks2.1_LA_PPR/svp_simple_004/_mt_svp_simple_004_001_result/_cs_svp_simple_004_001_global_var1_rwr_mt_svp_simple_004_001.c line 554 function main thread 0
----------------------------------------------------
  __cs_tmp_t1_r2=4u (00000000000000000000000000000100)

State 210 file /home/dell/zyworkspace/nichecker/Experiment/remarks2.1_LA_PPR/svp_simple_004/_mt_svp_simple_004_001_result/_cs_svp_simple_004_001_global_var1_rwr_mt_svp_simple_004_001.c line 559 function main thread 0
----------------------------------------------------
  __cs_thread_index=1 (001)

State 211 file /home/dell/zyworkspace/nichecker/Experiment/remarks2.1_LA_PPR/svp_simple_004/_mt_svp_simple_004_001_result/_cs_svp_simple_004_001_global_var1_rwr_mt_svp_simple_004_001.c line 561 function main thread 0
----------------------------------------------------
  __cs_pc_cs[1l]=4 (100)

State 216 file /home/dell/zyworkspace/nichecker/Experiment/remarks2.1_LA_PPR/svp_simple_004/_mt_svp_simple_004_001_result/_cs_svp_simple_004_001_global_var1_rwr_mt_svp_simple_004_001.c line 567 function main thread 0
----------------------------------------------------
  __cs_param_main_task_arg=NULL (0000000000000000000000000000000000000000000000000000000000000000)

State 220 file /home/dell/zyworkspace/nichecker/Experiment/remarks2.1_LA_PPR/svp_simple_004/_mt_svp_simple_004_001_result/_cs_svp_simple_004_001_global_var1_rwr_mt_svp_simple_004_001.c line 336 function main_task_0 thread 0
----------------------------------------------------
  __cs_local_main_task_reader5=51 (00000000000000000000000000110011)

State 222 file /home/dell/zyworkspace/nichecker/Experiment/remarks2.1_LA_PPR/svp_simple_004/_mt_svp_simple_004_001_result/_cs_svp_simple_004_001_global_var1_rwr_mt_svp_simple_004_001.c line 346 function main_task_0 thread 0
----------------------------------------------------
  __cs_local_main_task___cs_tmp_if_cond_1=TRUE (00000001)

State 224 file /home/dell/zyworkspace/nichecker/Experiment/remarks2.1_LA_PPR/svp_simple_004/_mt_svp_simple_004_001_result/_cs_svp_simple_004_001_global_var1_rwr_mt_svp_simple_004_001.c line 353 function main_task_0 thread 0
----------------------------------------------------
  __cs_local_main_task_reader2=170 (00000000000000000000000010101010)

State 225 file /home/dell/zyworkspace/nichecker/Experiment/remarks2.1_LA_PPR/svp_simple_004/_mt_svp_simple_004_001_result/_cs_svp_simple_004_001_global_var1_rwr_mt_svp_simple_004_001.c line 355 function main_task_0 thread 0
----------------------------------------------------
  rwr_r2=170 (00000000000000000000000010101010)

Violated property:
  file /home/dell/zyworkspace/nichecker/Experiment/remarks2.1_LA_PPR/svp_simple_004/_mt_svp_simple_004_001_result/_cs_svp_simple_004_001_global_var1_rwr_mt_svp_simple_004_001.c line 357 function main_task_0
  assertion rwr_r2 == rwr_tmp1
  rwr_r2 == rwr_tmp1


** 1 of 2 failed (2 iterations)
VERIFICATION FAILED
