2024-06-03 20:35:33
SVPCheck: True	LoopAbstraction: True	LabelReduction: True	Slice: False	

SVPCheck var: svp_simple_004_001_global_var1	pattern: rwr
--------------------------Run start-------------------------------
inliner
slice
LoopAbstraction
unroller
insertLabel
lazyseq
feeder  0.204
[91mUNSAFE[0m, counterexample: 1, time: 2.719 s, memory: 29.56 MB
--------------------------Run end---------------------------------
SVPCheck var: svp_simple_004_001_global_var2	pattern: rwr
--------------------------Run start-------------------------------
inliner
slice
LoopAbstraction
unroller
insertLabel
lazyseq
feeder  0.185
[92mSAFE[0m, counterexample: 0, time: 2.691 s, memory: 29.59 MB
--------------------------Run end---------------------------------
SVPCheck var: svp_simple_004_001_global_var3	pattern: rwr
--------------------------Run start-------------------------------
inliner
slice
LoopAbstraction
unroller
insertLabel
lazyseq
feeder  0.190
[92mSAFE[0m, counterexample: 0, time: 2.789 s, memory: 29.66 MB
--------------------------Run end---------------------------------
cbmcTimeSum: 0.579
modulesTimeSum: 8.199
