CBMC version 5.6 64-bit x86_64 linux
Parsing /home/dell/zyworkspace/nichecker/Experiment/remarks2.1_basic/svp_simple_030/_mt_svp_simple_030_001_result/_cs_svp_simple_030_001_gloable_var_rww_mt_svp_simple_030_001.c
<command-line>: warning: "__STDC_VERSION__" redefined
<built-in>: note: this is the location of the previous definition
Converting
Type-checking _cs_svp_simple_030_001_gloable_var_rww_mt_svp_simple_030_001
file /home/dell/zyworkspace/nichecker/Experiment/remarks2.1_basic/svp_simple_030/_mt_svp_simple_030_001_result/_cs_svp_simple_030_001_gloable_var_rww_mt_svp_simple_030_001.c line 279 function main_task_0: function `assert' is not declared
Generating GOTO Program
Adding CPROVER library (x86_64)
Removal of function pointers and virtual functions
Partial Inlining
Generic Property Instrumentation
Starting Bounded Model Checking
**** WARNING: no body for function disable_isr
**** WARNING: no body for function rand
**** WARNING: no body for function enable_isr
size of program expression: 930 steps
simple slicing removed 39 assignments
Generated 7 VCC(s), 7 remaining after simplification
Passing problem to propositional reduction
converting SSA
Running propositional reduction
Post-processing
Solving with MiniSAT 2.2.1 with simplifier
6357 variables, 19491 clauses
SAT checker: instance is SATISFIABLE
Solving with MiniSAT 2.2.1 with simplifier
6357 variables, 6977 clauses
SAT checker: instance is UNSATISFIABLE
Runtime decision procedure: 0.041s

** Results:
[main_task_0.assertion.1] assertion rww_w1 == rww_r_tmp1: FAILURE
[svp_simple_030_001_isr_1_0.assertion.1] assertion rww_w2 == rww_r_tmp2: SUCCESS
[svp_simple_030_001_isr_2_0.assertion.1] assertion rww_w3 == rww_r_tmp3: SUCCESS

Trace for main_task_0.assertion.1:

State 49 file /home/dell/zyworkspace/nichecker/Experiment/remarks2.1_basic/svp_simple_030/_mt_svp_simple_030_001_result/_cs_svp_simple_030_001_gloable_var_rww_mt_svp_simple_030_001.c line 450 function main thread 0
----------------------------------------------------
  __cs_tmp_t1_r0=4 (100)

State 51 file /home/dell/zyworkspace/nichecker/Experiment/remarks2.1_basic/svp_simple_030/_mt_svp_simple_030_001_result/_cs_svp_simple_030_001_gloable_var_rww_mt_svp_simple_030_001.c line 454 function main thread 0
----------------------------------------------------
  __cs_thread_index=1 (001)

State 52 file /home/dell/zyworkspace/nichecker/Experiment/remarks2.1_basic/svp_simple_030/_mt_svp_simple_030_001_result/_cs_svp_simple_030_001_gloable_var_rww_mt_svp_simple_030_001.c line 456 function main thread 0
----------------------------------------------------
  __cs_pc_cs[1l]=4 (100)

State 57 file /home/dell/zyworkspace/nichecker/Experiment/remarks2.1_basic/svp_simple_030/_mt_svp_simple_030_001_result/_cs_svp_simple_030_001_gloable_var_rww_mt_svp_simple_030_001.c line 462 function main thread 0
----------------------------------------------------
  __cs_param_main_task_arg=NULL (0000000000000000000000000000000000000000000000000000000000000000)

State 62 file /home/dell/zyworkspace/nichecker/Experiment/remarks2.1_basic/svp_simple_030/_mt_svp_simple_030_001_result/_cs_svp_simple_030_001_gloable_var_rww_mt_svp_simple_030_001.c line 190 function main_task_0 thread 0
----------------------------------------------------
  __cs_disable_thread[4l]=1 (1)

State 63 file /home/dell/zyworkspace/nichecker/Experiment/remarks2.1_basic/svp_simple_030/_mt_svp_simple_030_001_result/_cs_svp_simple_030_001_gloable_var_rww_mt_svp_simple_030_001.c line 193 function main_task_0 thread 0
----------------------------------------------------
  __cs_disable_thread[3l]=1 (1)

State 64 file /home/dell/zyworkspace/nichecker/Experiment/remarks2.1_basic/svp_simple_030/_mt_svp_simple_030_001_result/_cs_svp_simple_030_001_gloable_var_rww_mt_svp_simple_030_001.c line 196 function main_task_0 thread 0
----------------------------------------------------
  __cs_disable_thread[2l]=1 (1)

State 65 file /home/dell/zyworkspace/nichecker/Experiment/remarks2.1_basic/svp_simple_030/_mt_svp_simple_030_001_result/_cs_svp_simple_030_001_gloable_var_rww_mt_svp_simple_030_001.c line 199 function main_task_0 thread 0
----------------------------------------------------
  __cs_disable_thread[0l]=1 (1)

State 70 file /home/dell/zyworkspace/nichecker/Experiment/remarks2.1_basic/svp_simple_030/_mt_svp_simple_030_001_result/_cs_svp_simple_030_001_gloable_var_rww_mt_svp_simple_030_001.c line 206 function main_task_0 thread 0
----------------------------------------------------
  svp_simple_030_001_gloable_var=32777 (00000000000000001000000000001001)

State 75 file /home/dell/zyworkspace/nichecker/Experiment/remarks2.1_basic/svp_simple_030/_mt_svp_simple_030_001_result/_cs_svp_simple_030_001_gloable_var_rww_mt_svp_simple_030_001.c line 211 function main_task_0 thread 0
----------------------------------------------------
  svp_simple_030_001_isr_1_flag=0 (00000000000000000000000000000000)

State 79 file /home/dell/zyworkspace/nichecker/Experiment/remarks2.1_basic/svp_simple_030/_mt_svp_simple_030_001_result/_cs_svp_simple_030_001_gloable_var_rww_mt_svp_simple_030_001.c line 217 function main_task_0 thread 0
----------------------------------------------------
  __cs_disable_thread[4l]=0 (0)

State 80 file /home/dell/zyworkspace/nichecker/Experiment/remarks2.1_basic/svp_simple_030/_mt_svp_simple_030_001_result/_cs_svp_simple_030_001_gloable_var_rww_mt_svp_simple_030_001.c line 220 function main_task_0 thread 0
----------------------------------------------------
  __cs_disable_thread[3l]=0 (0)

State 81 file /home/dell/zyworkspace/nichecker/Experiment/remarks2.1_basic/svp_simple_030/_mt_svp_simple_030_001_result/_cs_svp_simple_030_001_gloable_var_rww_mt_svp_simple_030_001.c line 223 function main_task_0 thread 0
----------------------------------------------------
  __cs_disable_thread[2l]=0 (0)

State 82 file /home/dell/zyworkspace/nichecker/Experiment/remarks2.1_basic/svp_simple_030/_mt_svp_simple_030_001_result/_cs_svp_simple_030_001_gloable_var_rww_mt_svp_simple_030_001.c line 226 function main_task_0 thread 0
----------------------------------------------------
  __cs_disable_thread[0l]=0 (0)

State 86 file /home/dell/zyworkspace/nichecker/Experiment/remarks2.1_basic/svp_simple_030/_mt_svp_simple_030_001_result/_cs_svp_simple_030_001_gloable_var_rww_mt_svp_simple_030_001.c line 239 function main_task_0 thread 0
----------------------------------------------------
  __cs_disable_thread[4l]=1 (1)

State 87 file /home/dell/zyworkspace/nichecker/Experiment/remarks2.1_basic/svp_simple_030/_mt_svp_simple_030_001_result/_cs_svp_simple_030_001_gloable_var_rww_mt_svp_simple_030_001.c line 242 function main_task_0 thread 0
----------------------------------------------------
  __cs_disable_thread[3l]=1 (1)

State 88 file /home/dell/zyworkspace/nichecker/Experiment/remarks2.1_basic/svp_simple_030/_mt_svp_simple_030_001_result/_cs_svp_simple_030_001_gloable_var_rww_mt_svp_simple_030_001.c line 245 function main_task_0 thread 0
----------------------------------------------------
  __cs_disable_thread[2l]=1 (1)

State 89 file /home/dell/zyworkspace/nichecker/Experiment/remarks2.1_basic/svp_simple_030/_mt_svp_simple_030_001_result/_cs_svp_simple_030_001_gloable_var_rww_mt_svp_simple_030_001.c line 248 function main_task_0 thread 0
----------------------------------------------------
  __cs_disable_thread[0l]=1 (1)

State 93 file /home/dell/zyworkspace/nichecker/Experiment/remarks2.1_basic/svp_simple_030/_mt_svp_simple_030_001_result/_cs_svp_simple_030_001_gloable_var_rww_mt_svp_simple_030_001.c line 255 function main_task_0 thread 0
----------------------------------------------------
  __cs_disable_thread[2l]=0 (0)

State 95 file /home/dell/zyworkspace/nichecker/Experiment/remarks2.1_basic/svp_simple_030/_mt_svp_simple_030_001_result/_cs_svp_simple_030_001_gloable_var_rww_mt_svp_simple_030_001.c line 264 function main_task_0 thread 0
----------------------------------------------------
  __cs_local_main_task___cs_tmp_if_cond_0=TRUE (00000001)

State 96 file /home/dell/zyworkspace/nichecker/Experiment/remarks2.1_basic/svp_simple_030/_mt_svp_simple_030_001_result/_cs_svp_simple_030_001_gloable_var_rww_mt_svp_simple_030_001.c line 266 function main_task_0 thread 0
----------------------------------------------------
  rww_r_tmp1_num=1 (00000000000000000000000000000001)

State 97 file /home/dell/zyworkspace/nichecker/Experiment/remarks2.1_basic/svp_simple_030/_mt_svp_simple_030_001_result/_cs_svp_simple_030_001_gloable_var_rww_mt_svp_simple_030_001.c line 267 function main_task_0 thread 0
----------------------------------------------------
  rww_r_tmp1=32777 (00000000000000001000000000001001)

State 102 file /home/dell/zyworkspace/nichecker/Experiment/remarks2.1_basic/svp_simple_030/_mt_svp_simple_030_001_result/_cs_svp_simple_030_001_gloable_var_rww_mt_svp_simple_030_001.c line 303 function main_task_0 thread 0
----------------------------------------------------
  __cs_value_ptr=NULL (0000000000000000000000000000000000000000000000000000000000000000)

State 107 file /home/dell/zyworkspace/nichecker/Experiment/remarks2.1_basic/svp_simple_030/_mt_svp_simple_030_001_result/_cs_svp_simple_030_001_gloable_var_rww_mt_svp_simple_030_001.c line 464 function main thread 0
----------------------------------------------------
  __cs_pc[1l]=4 (100)

State 108 file /home/dell/zyworkspace/nichecker/Experiment/remarks2.1_basic/svp_simple_030/_mt_svp_simple_030_001_result/_cs_svp_simple_030_001_gloable_var_rww_mt_svp_simple_030_001.c line 470 function main thread 0
----------------------------------------------------
  __cs_tmp_t2_r0=4 (100)

State 115 file /home/dell/zyworkspace/nichecker/Experiment/remarks2.1_basic/svp_simple_030/_mt_svp_simple_030_001_result/_cs_svp_simple_030_001_gloable_var_rww_mt_svp_simple_030_001.c line 475 function main thread 0
----------------------------------------------------
  __cs_thread_index=2 (010)

State 116 file /home/dell/zyworkspace/nichecker/Experiment/remarks2.1_basic/svp_simple_030/_mt_svp_simple_030_001_result/_cs_svp_simple_030_001_gloable_var_rww_mt_svp_simple_030_001.c line 477 function main thread 0
----------------------------------------------------
  __cs_pc_cs[2l]=4 (100)

State 121 file /home/dell/zyworkspace/nichecker/Experiment/remarks2.1_basic/svp_simple_030/_mt_svp_simple_030_001_result/_cs_svp_simple_030_001_gloable_var_rww_mt_svp_simple_030_001.c line 483 function main thread 0
----------------------------------------------------
  __cs_param_svp_simple_030_001_isr_1_arg=NULL (0000000000000000000000000000000000000000000000000000000000000000)

State 123 file /home/dell/zyworkspace/nichecker/Experiment/remarks2.1_basic/svp_simple_030/_mt_svp_simple_030_001_result/_cs_svp_simple_030_001_gloable_var_rww_mt_svp_simple_030_001.c line 316 function svp_simple_030_001_isr_1_0 thread 0
----------------------------------------------------
  __cs_temporary_0=0 (00000000000000000000000000000000)

State 125 file /home/dell/zyworkspace/nichecker/Experiment/remarks2.1_basic/svp_simple_030/_mt_svp_simple_030_001_result/_cs_svp_simple_030_001_gloable_var_rww_mt_svp_simple_030_001.c line 320 function svp_simple_030_001_isr_1_0 thread 0
----------------------------------------------------
  __cs_temporary_0=32778 (00000000000000001000000000001010)

State 126 file /home/dell/zyworkspace/nichecker/Experiment/remarks2.1_basic/svp_simple_030/_mt_svp_simple_030_001_result/_cs_svp_simple_030_001_gloable_var_rww_mt_svp_simple_030_001.c line 322 function svp_simple_030_001_isr_1_0 thread 0
----------------------------------------------------
  rww_r_tmp2_num=1 (00000000000000000000000000000001)

State 127 file /home/dell/zyworkspace/nichecker/Experiment/remarks2.1_basic/svp_simple_030/_mt_svp_simple_030_001_result/_cs_svp_simple_030_001_gloable_var_rww_mt_svp_simple_030_001.c line 323 function svp_simple_030_001_isr_1_0 thread 0
----------------------------------------------------
  rww_r_tmp2=32777 (00000000000000001000000000001001)

State 129 file /home/dell/zyworkspace/nichecker/Experiment/remarks2.1_basic/svp_simple_030/_mt_svp_simple_030_001_result/_cs_svp_simple_030_001_gloable_var_rww_mt_svp_simple_030_001.c line 328 function svp_simple_030_001_isr_1_0 thread 0
----------------------------------------------------
  rww_w2=32777 (00000000000000001000000000001001)

State 132 file /home/dell/zyworkspace/nichecker/Experiment/remarks2.1_basic/svp_simple_030/_mt_svp_simple_030_001_result/_cs_svp_simple_030_001_gloable_var_rww_mt_svp_simple_030_001.c line 331 function svp_simple_030_001_isr_1_0 thread 0
----------------------------------------------------
  rww_r_tmp2_num=0 (00000000000000000000000000000000)

State 133 file /home/dell/zyworkspace/nichecker/Experiment/remarks2.1_basic/svp_simple_030/_mt_svp_simple_030_001_result/_cs_svp_simple_030_001_gloable_var_rww_mt_svp_simple_030_001.c line 334 function svp_simple_030_001_isr_1_0 thread 0
----------------------------------------------------
  svp_simple_030_001_gloable_var=32778 (00000000000000001000000000001010)

State 135 file /home/dell/zyworkspace/nichecker/Experiment/remarks2.1_basic/svp_simple_030/_mt_svp_simple_030_001_result/_cs_svp_simple_030_001_gloable_var_rww_mt_svp_simple_030_001.c line 341 function svp_simple_030_001_isr_1_0 thread 0
----------------------------------------------------
  svp_simple_030_001_isr_1_flag=0 (00000000000000000000000000000000)

State 139 file /home/dell/zyworkspace/nichecker/Experiment/remarks2.1_basic/svp_simple_030/_mt_svp_simple_030_001_result/_cs_svp_simple_030_001_gloable_var_rww_mt_svp_simple_030_001.c line 345 function svp_simple_030_001_isr_1_0 thread 0
----------------------------------------------------
  __cs_disable_thread[3l]=0 (0)

State 143 file /home/dell/zyworkspace/nichecker/Experiment/remarks2.1_basic/svp_simple_030/_mt_svp_simple_030_001_result/_cs_svp_simple_030_001_gloable_var_rww_mt_svp_simple_030_001.c line 358 function svp_simple_030_001_isr_1_0 thread 0
----------------------------------------------------
  __cs_value_ptr=NULL (0000000000000000000000000000000000000000000000000000000000000000)

State 148 file /home/dell/zyworkspace/nichecker/Experiment/remarks2.1_basic/svp_simple_030/_mt_svp_simple_030_001_result/_cs_svp_simple_030_001_gloable_var_rww_mt_svp_simple_030_001.c line 485 function main thread 0
----------------------------------------------------
  __cs_pc[2l]=4 (100)

State 149 file /home/dell/zyworkspace/nichecker/Experiment/remarks2.1_basic/svp_simple_030/_mt_svp_simple_030_001_result/_cs_svp_simple_030_001_gloable_var_rww_mt_svp_simple_030_001.c line 491 function main thread 0
----------------------------------------------------
  __cs_tmp_t3_r0=0 (000)

State 151 file /home/dell/zyworkspace/nichecker/Experiment/remarks2.1_basic/svp_simple_030/_mt_svp_simple_030_001_result/_cs_svp_simple_030_001_gloable_var_rww_mt_svp_simple_030_001.c line 496 function main thread 0
----------------------------------------------------
  __cs_thread_index=3 (011)

State 152 file /home/dell/zyworkspace/nichecker/Experiment/remarks2.1_basic/svp_simple_030/_mt_svp_simple_030_001_result/_cs_svp_simple_030_001_gloable_var_rww_mt_svp_simple_030_001.c line 498 function main thread 0
----------------------------------------------------
  __cs_pc_cs[3l]=0 (000)

State 157 file /home/dell/zyworkspace/nichecker/Experiment/remarks2.1_basic/svp_simple_030/_mt_svp_simple_030_001_result/_cs_svp_simple_030_001_gloable_var_rww_mt_svp_simple_030_001.c line 504 function main thread 0
----------------------------------------------------
  __cs_param_svp_simple_030_001_isr_2_arg=NULL (0000000000000000000000000000000000000000000000000000000000000000)

State 164 file /home/dell/zyworkspace/nichecker/Experiment/remarks2.1_basic/svp_simple_030/_mt_svp_simple_030_001_result/_cs_svp_simple_030_001_gloable_var_rww_mt_svp_simple_030_001.c line 413 function svp_simple_030_001_isr_2_0 thread 0
----------------------------------------------------
  __cs_value_ptr=NULL (0000000000000000000000000000000000000000000000000000000000000000)

State 169 file /home/dell/zyworkspace/nichecker/Experiment/remarks2.1_basic/svp_simple_030/_mt_svp_simple_030_001_result/_cs_svp_simple_030_001_gloable_var_rww_mt_svp_simple_030_001.c line 506 function main thread 0
----------------------------------------------------
  __cs_pc[3l]=0 (000)

State 170 file /home/dell/zyworkspace/nichecker/Experiment/remarks2.1_basic/svp_simple_030/_mt_svp_simple_030_001_result/_cs_svp_simple_030_001_gloable_var_rww_mt_svp_simple_030_001.c line 512 function main thread 0
----------------------------------------------------
  __cs_tmp_t4_r0=0 (0)

State 172 file /home/dell/zyworkspace/nichecker/Experiment/remarks2.1_basic/svp_simple_030/_mt_svp_simple_030_001_result/_cs_svp_simple_030_001_gloable_var_rww_mt_svp_simple_030_001.c line 537 function main thread 0
----------------------------------------------------
  __cs_tmp_t1_r1=4 (100)

State 183 file /home/dell/zyworkspace/nichecker/Experiment/remarks2.1_basic/svp_simple_030/_mt_svp_simple_030_001_result/_cs_svp_simple_030_001_gloable_var_rww_mt_svp_simple_030_001.c line 542 function main thread 0
----------------------------------------------------
  __cs_thread_index=1 (001)

State 184 file /home/dell/zyworkspace/nichecker/Experiment/remarks2.1_basic/svp_simple_030/_mt_svp_simple_030_001_result/_cs_svp_simple_030_001_gloable_var_rww_mt_svp_simple_030_001.c line 544 function main thread 0
----------------------------------------------------
  __cs_pc_cs[1l]=4 (100)

State 189 file /home/dell/zyworkspace/nichecker/Experiment/remarks2.1_basic/svp_simple_030/_mt_svp_simple_030_001_result/_cs_svp_simple_030_001_gloable_var_rww_mt_svp_simple_030_001.c line 550 function main thread 0
----------------------------------------------------
  __cs_param_main_task_arg=NULL (0000000000000000000000000000000000000000000000000000000000000000)

State 197 file /home/dell/zyworkspace/nichecker/Experiment/remarks2.1_basic/svp_simple_030/_mt_svp_simple_030_001_result/_cs_svp_simple_030_001_gloable_var_rww_mt_svp_simple_030_001.c line 303 function main_task_0 thread 0
----------------------------------------------------
  __cs_value_ptr=NULL (0000000000000000000000000000000000000000000000000000000000000000)

State 202 file /home/dell/zyworkspace/nichecker/Experiment/remarks2.1_basic/svp_simple_030/_mt_svp_simple_030_001_result/_cs_svp_simple_030_001_gloable_var_rww_mt_svp_simple_030_001.c line 552 function main thread 0
----------------------------------------------------
  __cs_pc[1l]=4 (100)

State 203 file /home/dell/zyworkspace/nichecker/Experiment/remarks2.1_basic/svp_simple_030/_mt_svp_simple_030_001_result/_cs_svp_simple_030_001_gloable_var_rww_mt_svp_simple_030_001.c line 558 function main thread 0
----------------------------------------------------
  __cs_tmp_t2_r1=4 (100)

State 210 file /home/dell/zyworkspace/nichecker/Experiment/remarks2.1_basic/svp_simple_030/_mt_svp_simple_030_001_result/_cs_svp_simple_030_001_gloable_var_rww_mt_svp_simple_030_001.c line 563 function main thread 0
----------------------------------------------------
  __cs_thread_index=2 (010)

State 211 file /home/dell/zyworkspace/nichecker/Experiment/remarks2.1_basic/svp_simple_030/_mt_svp_simple_030_001_result/_cs_svp_simple_030_001_gloable_var_rww_mt_svp_simple_030_001.c line 565 function main thread 0
----------------------------------------------------
  __cs_pc_cs[2l]=4 (100)

State 216 file /home/dell/zyworkspace/nichecker/Experiment/remarks2.1_basic/svp_simple_030/_mt_svp_simple_030_001_result/_cs_svp_simple_030_001_gloable_var_rww_mt_svp_simple_030_001.c line 571 function main thread 0
----------------------------------------------------
  __cs_param_svp_simple_030_001_isr_1_arg=NULL (0000000000000000000000000000000000000000000000000000000000000000)

State 223 file /home/dell/zyworkspace/nichecker/Experiment/remarks2.1_basic/svp_simple_030/_mt_svp_simple_030_001_result/_cs_svp_simple_030_001_gloable_var_rww_mt_svp_simple_030_001.c line 358 function svp_simple_030_001_isr_1_0 thread 0
----------------------------------------------------
  __cs_value_ptr=NULL (0000000000000000000000000000000000000000000000000000000000000000)

State 228 file /home/dell/zyworkspace/nichecker/Experiment/remarks2.1_basic/svp_simple_030/_mt_svp_simple_030_001_result/_cs_svp_simple_030_001_gloable_var_rww_mt_svp_simple_030_001.c line 573 function main thread 0
----------------------------------------------------
  __cs_pc[2l]=4 (100)

State 229 file /home/dell/zyworkspace/nichecker/Experiment/remarks2.1_basic/svp_simple_030/_mt_svp_simple_030_001_result/_cs_svp_simple_030_001_gloable_var_rww_mt_svp_simple_030_001.c line 579 function main thread 0
----------------------------------------------------
  __cs_tmp_t3_r1=4 (100)

State 231 file /home/dell/zyworkspace/nichecker/Experiment/remarks2.1_basic/svp_simple_030/_mt_svp_simple_030_001_result/_cs_svp_simple_030_001_gloable_var_rww_mt_svp_simple_030_001.c line 584 function main thread 0
----------------------------------------------------
  __cs_thread_index=3 (011)

State 232 file /home/dell/zyworkspace/nichecker/Experiment/remarks2.1_basic/svp_simple_030/_mt_svp_simple_030_001_result/_cs_svp_simple_030_001_gloable_var_rww_mt_svp_simple_030_001.c line 586 function main thread 0
----------------------------------------------------
  __cs_pc_cs[3l]=4 (100)

State 237 file /home/dell/zyworkspace/nichecker/Experiment/remarks2.1_basic/svp_simple_030/_mt_svp_simple_030_001_result/_cs_svp_simple_030_001_gloable_var_rww_mt_svp_simple_030_001.c line 592 function main thread 0
----------------------------------------------------
  __cs_param_svp_simple_030_001_isr_2_arg=NULL (0000000000000000000000000000000000000000000000000000000000000000)

State 240 file /home/dell/zyworkspace/nichecker/Experiment/remarks2.1_basic/svp_simple_030/_mt_svp_simple_030_001_result/_cs_svp_simple_030_001_gloable_var_rww_mt_svp_simple_030_001.c line 372 function svp_simple_030_001_isr_2_0 thread 0
----------------------------------------------------
  __cs_local_svp_simple_030_001_isr_2___cs_tmp_if_cond_1=FALSE (00000000)

State 246 file /home/dell/zyworkspace/nichecker/Experiment/remarks2.1_basic/svp_simple_030/_mt_svp_simple_030_001_result/_cs_svp_simple_030_001_gloable_var_rww_mt_svp_simple_030_001.c line 413 function svp_simple_030_001_isr_2_0 thread 0
----------------------------------------------------
  __cs_value_ptr=NULL (0000000000000000000000000000000000000000000000000000000000000000)

State 251 file /home/dell/zyworkspace/nichecker/Experiment/remarks2.1_basic/svp_simple_030/_mt_svp_simple_030_001_result/_cs_svp_simple_030_001_gloable_var_rww_mt_svp_simple_030_001.c line 594 function main thread 0
----------------------------------------------------
  __cs_pc[3l]=4 (100)

State 252 file /home/dell/zyworkspace/nichecker/Experiment/remarks2.1_basic/svp_simple_030/_mt_svp_simple_030_001_result/_cs_svp_simple_030_001_gloable_var_rww_mt_svp_simple_030_001.c line 600 function main thread 0
----------------------------------------------------
  __cs_tmp_t4_r1=0 (0)

State 254 file /home/dell/zyworkspace/nichecker/Experiment/remarks2.1_basic/svp_simple_030/_mt_svp_simple_030_001_result/_cs_svp_simple_030_001_gloable_var_rww_mt_svp_simple_030_001.c line 619 function main thread 0
----------------------------------------------------
  __cs_tmp_t1_r2=5u (00000000000000000000000000000101)

State 256 file /home/dell/zyworkspace/nichecker/Experiment/remarks2.1_basic/svp_simple_030/_mt_svp_simple_030_001_result/_cs_svp_simple_030_001_gloable_var_rww_mt_svp_simple_030_001.c line 624 function main thread 0
----------------------------------------------------
  __cs_thread_index=1 (001)

State 257 file /home/dell/zyworkspace/nichecker/Experiment/remarks2.1_basic/svp_simple_030/_mt_svp_simple_030_001_result/_cs_svp_simple_030_001_gloable_var_rww_mt_svp_simple_030_001.c line 626 function main thread 0
----------------------------------------------------
  __cs_pc_cs[1l]=5 (101)

State 262 file /home/dell/zyworkspace/nichecker/Experiment/remarks2.1_basic/svp_simple_030/_mt_svp_simple_030_001_result/_cs_svp_simple_030_001_gloable_var_rww_mt_svp_simple_030_001.c line 632 function main thread 0
----------------------------------------------------
  __cs_param_main_task_arg=NULL (0000000000000000000000000000000000000000000000000000000000000000)

State 268 file /home/dell/zyworkspace/nichecker/Experiment/remarks2.1_basic/svp_simple_030/_mt_svp_simple_030_001_result/_cs_svp_simple_030_001_gloable_var_rww_mt_svp_simple_030_001.c line 277 function main_task_0 thread 0
----------------------------------------------------
  rww_w1=32778 (00000000000000001000000000001010)

Violated property:
  file /home/dell/zyworkspace/nichecker/Experiment/remarks2.1_basic/svp_simple_030/_mt_svp_simple_030_001_result/_cs_svp_simple_030_001_gloable_var_rww_mt_svp_simple_030_001.c line 279 function main_task_0
  assertion rww_w1 == rww_r_tmp1
  rww_w1 == rww_r_tmp1


** 1 of 3 failed (2 iterations)
VERIFICATION FAILED
