CBMC version 5.6 64-bit x86_64 linux
Parsing /home/dell/zyworkspace/nichecker/Experiment/remarks2.1_LA_Slicing/svp_simple_001/_mt_svp_simple_001_001_result/_cs_svp_simple_001_001_global_array[9999]_wrw_mt_svp_simple_001_001.c
<command-line>: warning: "__STDC_VERSION__" redefined
<built-in>: note: this is the location of the previous definition
Converting
Type-checking _cs_svp_simple_001_001_global_array[9999]_wrw_mt_svp_simple_001_001
file /home/dell/zyworkspace/nichecker/Experiment/remarks2.1_LA_Slicing/svp_simple_001/_mt_svp_simple_001_001_result/_cs_svp_simple_001_001_global_array[9999]_wrw_mt_svp_simple_001_001.c line 242 function main_task_0: function `assert' is not declared
Generating GOTO Program
Adding CPROVER library (x86_64)
Removal of function pointers and virtual functions
Partial Inlining
Generic Property Instrumentation
Starting Bounded Model Checking
**** WARNING: no body for function disable_isr
**** WARNING: no body for function enable_isr
size of program expression: 1178 steps
simple slicing removed 73 assignments
Generated 11 VCC(s), 8 remaining after simplification
Passing problem to propositional reduction
converting SSA
Running propositional reduction
Post-processing
Solving with MiniSAT 2.2.1 with simplifier
377932 variables, 4857134 clauses
SAT checker: instance is SATISFIABLE
Solving with MiniSAT 2.2.1 with simplifier
377932 variables, 13643 clauses
SAT checker: instance is SATISFIABLE
Solving with MiniSAT 2.2.1 with simplifier
377932 variables, 13643 clauses
SAT checker: instance is UNSATISFIABLE
Runtime decision procedure: 5.3s

** Results:
[main_task_0.assertion.1] assertion wrw_a_1 == 0: SUCCESS
[main_task_0.assertion.2] assertion wrw_a_1 == 0: SUCCESS
[main_task_0.assertion.3] assertion wrw_a_1 == 0: FAILURE
[main_task_0.assertion.4] assertion wrw_a_1 == 0: FAILURE

Trace for main_task_0.assertion.3:

State 57 file /home/dell/zyworkspace/nichecker/Experiment/remarks2.1_LA_Slicing/svp_simple_001/_mt_svp_simple_001_001_result/_cs_svp_simple_001_001_global_array[9999]_wrw_mt_svp_simple_001_001.c line 631 function main thread 0
----------------------------------------------------
  __cs_tmp_t1_r0=4 (100)

State 59 file /home/dell/zyworkspace/nichecker/Experiment/remarks2.1_LA_Slicing/svp_simple_001/_mt_svp_simple_001_001_result/_cs_svp_simple_001_001_global_array[9999]_wrw_mt_svp_simple_001_001.c line 635 function main thread 0
----------------------------------------------------
  __cs_thread_index=1 (001)

State 60 file /home/dell/zyworkspace/nichecker/Experiment/remarks2.1_LA_Slicing/svp_simple_001/_mt_svp_simple_001_001_result/_cs_svp_simple_001_001_global_array[9999]_wrw_mt_svp_simple_001_001.c line 637 function main thread 0
----------------------------------------------------
  __cs_pc_cs[1l]=4 (100)

State 65 file /home/dell/zyworkspace/nichecker/Experiment/remarks2.1_LA_Slicing/svp_simple_001/_mt_svp_simple_001_001_result/_cs_svp_simple_001_001_global_array[9999]_wrw_mt_svp_simple_001_001.c line 643 function main thread 0
----------------------------------------------------
  __cs_param_main_task_arg=NULL (0000000000000000000000000000000000000000000000000000000000000000)

State 70 file /home/dell/zyworkspace/nichecker/Experiment/remarks2.1_LA_Slicing/svp_simple_001/_mt_svp_simple_001_001_result/_cs_svp_simple_001_001_global_array[9999]_wrw_mt_svp_simple_001_001.c line 180 function main_task_0 thread 0
----------------------------------------------------
  __cs_disable_thread[3l]=1 (1)

State 71 file /home/dell/zyworkspace/nichecker/Experiment/remarks2.1_LA_Slicing/svp_simple_001/_mt_svp_simple_001_001_result/_cs_svp_simple_001_001_global_array[9999]_wrw_mt_svp_simple_001_001.c line 187 function main_task_0 thread 0
----------------------------------------------------
  __cs_local_main_task_i=0 (00000000000000000000000000000000)

State 72 file /home/dell/zyworkspace/nichecker/Experiment/remarks2.1_LA_Slicing/svp_simple_001/_mt_svp_simple_001_001_result/_cs_svp_simple_001_001_global_array[9999]_wrw_mt_svp_simple_001_001.c line 196 function main_task_0 thread 0
----------------------------------------------------
  __cs_local_main_task_i=0 (00000000000000000000000000000000)

State 73 file /home/dell/zyworkspace/nichecker/Experiment/remarks2.1_LA_Slicing/svp_simple_001/_mt_svp_simple_001_001_result/_cs_svp_simple_001_001_global_array[9999]_wrw_mt_svp_simple_001_001.c line 204 function main_task_0 thread 0
----------------------------------------------------
  __cs_local_main_task_t_1=0 (00000000000000000000000000000000)

State 75 file /home/dell/zyworkspace/nichecker/Experiment/remarks2.1_LA_Slicing/svp_simple_001/_mt_svp_simple_001_001_result/_cs_svp_simple_001_001_global_array[9999]_wrw_mt_svp_simple_001_001.c line 222 function main_task_0 thread 0
----------------------------------------------------
  __cs_local_main_task_loop_1_IOVar1=0 (00000000000000000000000000000000)

State 76 file /home/dell/zyworkspace/nichecker/Experiment/remarks2.1_LA_Slicing/svp_simple_001/_mt_svp_simple_001_001_result/_cs_svp_simple_001_001_global_array[9999]_wrw_mt_svp_simple_001_001.c line 225 function main_task_0 thread 0
----------------------------------------------------
  __cs_local_main_task_loop_1_block_1=9743 (00000000000000000010011000001111)

State 77 file /home/dell/zyworkspace/nichecker/Experiment/remarks2.1_LA_Slicing/svp_simple_001/_mt_svp_simple_001_001_result/_cs_svp_simple_001_001_global_array[9999]_wrw_mt_svp_simple_001_001.c line 228 function main_task_0 thread 0
----------------------------------------------------
  __cs_local_main_task_i=9743 (00000000000000000010011000001111)

State 81 file /home/dell/zyworkspace/nichecker/Experiment/remarks2.1_LA_Slicing/svp_simple_001/_mt_svp_simple_001_001_result/_cs_svp_simple_001_001_global_array[9999]_wrw_mt_svp_simple_001_001.c line 238 function main_task_0 thread 0
----------------------------------------------------
  svp_simple_001_001_global_array[9743l]=0 (00000000000000000000000000000000)

State 83 file /home/dell/zyworkspace/nichecker/Experiment/remarks2.1_LA_Slicing/svp_simple_001/_mt_svp_simple_001_001_result/_cs_svp_simple_001_001_global_array[9999]_wrw_mt_svp_simple_001_001.c line 254 function main_task_0 thread 0
----------------------------------------------------
  __cs_local_main_task_i=9744 (00000000000000000010011000010000)

State 84 file /home/dell/zyworkspace/nichecker/Experiment/remarks2.1_LA_Slicing/svp_simple_001/_mt_svp_simple_001_001_result/_cs_svp_simple_001_001_global_array[9999]_wrw_mt_svp_simple_001_001.c line 260 function main_task_0 thread 0
----------------------------------------------------
  __cs_local_main_task_t_1=1 (00000000000000000000000000000001)

State 86 file /home/dell/zyworkspace/nichecker/Experiment/remarks2.1_LA_Slicing/svp_simple_001/_mt_svp_simple_001_001_result/_cs_svp_simple_001_001_global_array[9999]_wrw_mt_svp_simple_001_001.c line 278 function main_task_0 thread 0
----------------------------------------------------
  __cs_local_main_task_loop_1_IOVar1=9744 (00000000000000000010011000010000)

State 87 file /home/dell/zyworkspace/nichecker/Experiment/remarks2.1_LA_Slicing/svp_simple_001/_mt_svp_simple_001_001_result/_cs_svp_simple_001_001_global_array[9999]_wrw_mt_svp_simple_001_001.c line 281 function main_task_0 thread 0
----------------------------------------------------
  __cs_local_main_task_loop_1_block_1=255 (00000000000000000000000011111111)

State 88 file /home/dell/zyworkspace/nichecker/Experiment/remarks2.1_LA_Slicing/svp_simple_001/_mt_svp_simple_001_001_result/_cs_svp_simple_001_001_global_array[9999]_wrw_mt_svp_simple_001_001.c line 284 function main_task_0 thread 0
----------------------------------------------------
  __cs_local_main_task_i=9999 (00000000000000000010011100001111)

State 92 file /home/dell/zyworkspace/nichecker/Experiment/remarks2.1_LA_Slicing/svp_simple_001/_mt_svp_simple_001_001_result/_cs_svp_simple_001_001_global_array[9999]_wrw_mt_svp_simple_001_001.c line 294 function main_task_0 thread 0
----------------------------------------------------
  svp_simple_001_001_global_array[9999l]=0 (00000000000000000000000000000000)

State 95 file /home/dell/zyworkspace/nichecker/Experiment/remarks2.1_LA_Slicing/svp_simple_001/_mt_svp_simple_001_001_result/_cs_svp_simple_001_001_global_array[9999]_wrw_mt_svp_simple_001_001.c line 300 function main_task_0 thread 0
----------------------------------------------------
  wrw_a_1_num=1 (00000000000000000000000000000001)

State 96 file /home/dell/zyworkspace/nichecker/Experiment/remarks2.1_LA_Slicing/svp_simple_001/_mt_svp_simple_001_001_result/_cs_svp_simple_001_001_global_array[9999]_wrw_mt_svp_simple_001_001.c line 301 function main_task_0 thread 0
----------------------------------------------------
  wrw_a_1=0 (00000000000000000000000000000000)

State 97 file /home/dell/zyworkspace/nichecker/Experiment/remarks2.1_LA_Slicing/svp_simple_001/_mt_svp_simple_001_001_result/_cs_svp_simple_001_001_global_array[9999]_wrw_mt_svp_simple_001_001.c line 310 function main_task_0 thread 0
----------------------------------------------------
  __cs_local_main_task_i=10000 (00000000000000000010011100010000)

State 98 file /home/dell/zyworkspace/nichecker/Experiment/remarks2.1_LA_Slicing/svp_simple_001/_mt_svp_simple_001_001_result/_cs_svp_simple_001_001_global_array[9999]_wrw_mt_svp_simple_001_001.c line 316 function main_task_0 thread 0
----------------------------------------------------
  __cs_local_main_task_t_1=2 (00000000000000000000000000000010)

State 99 file /home/dell/zyworkspace/nichecker/Experiment/remarks2.1_LA_Slicing/svp_simple_001/_mt_svp_simple_001_001_result/_cs_svp_simple_001_001_global_array[9999]_wrw_mt_svp_simple_001_001.c line 320 function main_task_0 thread 0
----------------------------------------------------
  __cs_loop_1=FALSE (00000000)

State 104 file /home/dell/zyworkspace/nichecker/Experiment/remarks2.1_LA_Slicing/svp_simple_001/_mt_svp_simple_001_001_result/_cs_svp_simple_001_001_global_array[9999]_wrw_mt_svp_simple_001_001.c line 342 function main_task_0 thread 0
----------------------------------------------------
  __cs_local_main_task_i=0 (00000000000000000000000000000000)

State 105 file /home/dell/zyworkspace/nichecker/Experiment/remarks2.1_LA_Slicing/svp_simple_001/_mt_svp_simple_001_001_result/_cs_svp_simple_001_001_global_array[9999]_wrw_mt_svp_simple_001_001.c line 350 function main_task_0 thread 0
----------------------------------------------------
  __cs_local_main_task_t_2=0 (00000000000000000000000000000000)

State 107 file /home/dell/zyworkspace/nichecker/Experiment/remarks2.1_LA_Slicing/svp_simple_001/_mt_svp_simple_001_001_result/_cs_svp_simple_001_001_global_array[9999]_wrw_mt_svp_simple_001_001.c line 368 function main_task_0 thread 0
----------------------------------------------------
  __cs_local_main_task_loop_2_IOVar1=0 (00000000000000000000000000000000)

State 108 file /home/dell/zyworkspace/nichecker/Experiment/remarks2.1_LA_Slicing/svp_simple_001/_mt_svp_simple_001_001_result/_cs_svp_simple_001_001_global_array[9999]_wrw_mt_svp_simple_001_001.c line 371 function main_task_0 thread 0
----------------------------------------------------
  __cs_local_main_task_loop_2_block_2=9999 (00000000000000000010011100001111)

State 109 file /home/dell/zyworkspace/nichecker/Experiment/remarks2.1_LA_Slicing/svp_simple_001/_mt_svp_simple_001_001_result/_cs_svp_simple_001_001_global_array[9999]_wrw_mt_svp_simple_001_001.c line 374 function main_task_0 thread 0
----------------------------------------------------
  __cs_local_main_task_i=9999 (00000000000000000010011100001111)

State 112 file /home/dell/zyworkspace/nichecker/Experiment/remarks2.1_LA_Slicing/svp_simple_001/_mt_svp_simple_001_001_result/_cs_svp_simple_001_001_global_array[9999]_wrw_mt_svp_simple_001_001.c line 384 function main_task_0 thread 0
----------------------------------------------------
  __cs_local_main_task___cs_tmp_if_cond_0=TRUE (00000001)

State 119 file /home/dell/zyworkspace/nichecker/Experiment/remarks2.1_LA_Slicing/svp_simple_001/_mt_svp_simple_001_001_result/_cs_svp_simple_001_001_global_array[9999]_wrw_mt_svp_simple_001_001.c line 522 function main_task_0 thread 0
----------------------------------------------------
  __cs_value_ptr=NULL (0000000000000000000000000000000000000000000000000000000000000000)

State 124 file /home/dell/zyworkspace/nichecker/Experiment/remarks2.1_LA_Slicing/svp_simple_001/_mt_svp_simple_001_001_result/_cs_svp_simple_001_001_global_array[9999]_wrw_mt_svp_simple_001_001.c line 645 function main thread 0
----------------------------------------------------
  __cs_pc[1l]=4 (100)

State 125 file /home/dell/zyworkspace/nichecker/Experiment/remarks2.1_LA_Slicing/svp_simple_001/_mt_svp_simple_001_001_result/_cs_svp_simple_001_001_global_array[9999]_wrw_mt_svp_simple_001_001.c line 651 function main thread 0
----------------------------------------------------
  __cs_tmp_t2_r0=2 (10)

State 127 file /home/dell/zyworkspace/nichecker/Experiment/remarks2.1_LA_Slicing/svp_simple_001/_mt_svp_simple_001_001_result/_cs_svp_simple_001_001_global_array[9999]_wrw_mt_svp_simple_001_001.c line 656 function main thread 0
----------------------------------------------------
  __cs_thread_index=2 (010)

State 128 file /home/dell/zyworkspace/nichecker/Experiment/remarks2.1_LA_Slicing/svp_simple_001/_mt_svp_simple_001_001_result/_cs_svp_simple_001_001_global_array[9999]_wrw_mt_svp_simple_001_001.c line 658 function main thread 0
----------------------------------------------------
  __cs_pc_cs[2l]=2 (010)

State 133 file /home/dell/zyworkspace/nichecker/Experiment/remarks2.1_LA_Slicing/svp_simple_001/_mt_svp_simple_001_001_result/_cs_svp_simple_001_001_global_array[9999]_wrw_mt_svp_simple_001_001.c line 664 function main thread 0
----------------------------------------------------
  __cs_param_svp_simple_001_001_isr_1_arg=NULL (0000000000000000000000000000000000000000000000000000000000000000)

State 135 file /home/dell/zyworkspace/nichecker/Experiment/remarks2.1_LA_Slicing/svp_simple_001/_mt_svp_simple_001_001_result/_cs_svp_simple_001_001_global_array[9999]_wrw_mt_svp_simple_001_001.c line 535 function svp_simple_001_001_isr_1_0 thread 0
----------------------------------------------------
  __cs_local_svp_simple_001_001_isr_1_i=0 (00000000000000000000000000000000)

State 137 file /home/dell/zyworkspace/nichecker/Experiment/remarks2.1_LA_Slicing/svp_simple_001/_mt_svp_simple_001_001_result/_cs_svp_simple_001_001_global_array[9999]_wrw_mt_svp_simple_001_001.c line 542 function svp_simple_001_001_isr_1_0 thread 0
----------------------------------------------------
  svp_simple_001_001_global_flag=1 (00000000000000000000000000000001)

State 141 file /home/dell/zyworkspace/nichecker/Experiment/remarks2.1_LA_Slicing/svp_simple_001/_mt_svp_simple_001_001_result/_cs_svp_simple_001_001_global_array[9999]_wrw_mt_svp_simple_001_001.c line 546 function svp_simple_001_001_isr_1_0 thread 0
----------------------------------------------------
  __cs_disable_thread[3l]=0 (0)

State 142 file /home/dell/zyworkspace/nichecker/Experiment/remarks2.1_LA_Slicing/svp_simple_001/_mt_svp_simple_001_001_result/_cs_svp_simple_001_001_global_array[9999]_wrw_mt_svp_simple_001_001.c line 553 function svp_simple_001_001_isr_1_0 thread 0
----------------------------------------------------
  __cs_local_svp_simple_001_001_isr_1_i=0 (00000000000000000000000000000000)

State 146 file /home/dell/zyworkspace/nichecker/Experiment/remarks2.1_LA_Slicing/svp_simple_001/_mt_svp_simple_001_001_result/_cs_svp_simple_001_001_global_array[9999]_wrw_mt_svp_simple_001_001.c line 567 function svp_simple_001_001_isr_1_0 thread 0
----------------------------------------------------
  __cs_value_ptr=NULL (0000000000000000000000000000000000000000000000000000000000000000)

State 151 file /home/dell/zyworkspace/nichecker/Experiment/remarks2.1_LA_Slicing/svp_simple_001/_mt_svp_simple_001_001_result/_cs_svp_simple_001_001_global_array[9999]_wrw_mt_svp_simple_001_001.c line 666 function main thread 0
----------------------------------------------------
  __cs_pc[2l]=2 (010)

State 152 file /home/dell/zyworkspace/nichecker/Experiment/remarks2.1_LA_Slicing/svp_simple_001/_mt_svp_simple_001_001_result/_cs_svp_simple_001_001_global_array[9999]_wrw_mt_svp_simple_001_001.c line 672 function main thread 0
----------------------------------------------------
  __cs_tmp_t3_r0=1 (1)

State 154 file /home/dell/zyworkspace/nichecker/Experiment/remarks2.1_LA_Slicing/svp_simple_001/_mt_svp_simple_001_001_result/_cs_svp_simple_001_001_global_array[9999]_wrw_mt_svp_simple_001_001.c line 677 function main thread 0
----------------------------------------------------
  __cs_thread_index=3 (011)

State 155 file /home/dell/zyworkspace/nichecker/Experiment/remarks2.1_LA_Slicing/svp_simple_001/_mt_svp_simple_001_001_result/_cs_svp_simple_001_001_global_array[9999]_wrw_mt_svp_simple_001_001.c line 679 function main thread 0
----------------------------------------------------
  __cs_pc_cs[3l]=1 (001)

State 160 file /home/dell/zyworkspace/nichecker/Experiment/remarks2.1_LA_Slicing/svp_simple_001/_mt_svp_simple_001_001_result/_cs_svp_simple_001_001_global_array[9999]_wrw_mt_svp_simple_001_001.c line 685 function main thread 0
----------------------------------------------------
  __cs_param_svp_simple_001_001_isr_2_arg=NULL (0000000000000000000000000000000000000000000000000000000000000000)

State 162 file /home/dell/zyworkspace/nichecker/Experiment/remarks2.1_LA_Slicing/svp_simple_001/_mt_svp_simple_001_001_result/_cs_svp_simple_001_001_global_array[9999]_wrw_mt_svp_simple_001_001.c line 583 function svp_simple_001_001_isr_2_0 thread 0
----------------------------------------------------
  __cs_local_svp_simple_001_001_isr_2___cs_tmp_if_cond_1=TRUE (00000001)

State 164 file /home/dell/zyworkspace/nichecker/Experiment/remarks2.1_LA_Slicing/svp_simple_001/_mt_svp_simple_001_001_result/_cs_svp_simple_001_001_global_array[9999]_wrw_mt_svp_simple_001_001.c line 589 function svp_simple_001_001_isr_2_0 thread 0
----------------------------------------------------
  __cs_local_svp_simple_001_001_isr_2_reader1=0 (00000000000000000000000000000000)

State 165 file /home/dell/zyworkspace/nichecker/Experiment/remarks2.1_LA_Slicing/svp_simple_001/_mt_svp_simple_001_001_result/_cs_svp_simple_001_001_global_array[9999]_wrw_mt_svp_simple_001_001.c line 591 function svp_simple_001_001_isr_2_0 thread 0
----------------------------------------------------
  wrw_a_2=1 (00000000000000000000000000000001)

State 166 file /home/dell/zyworkspace/nichecker/Experiment/remarks2.1_LA_Slicing/svp_simple_001/_mt_svp_simple_001_001_result/_cs_svp_simple_001_001_global_array[9999]_wrw_mt_svp_simple_001_001.c line 592 function svp_simple_001_001_isr_2_0 thread 0
----------------------------------------------------
  wrw_a_1=1 (00000000000000000000000000000001)

State 168 file /home/dell/zyworkspace/nichecker/Experiment/remarks2.1_LA_Slicing/svp_simple_001/_mt_svp_simple_001_001_result/_cs_svp_simple_001_001_global_array[9999]_wrw_mt_svp_simple_001_001.c line 605 function svp_simple_001_001_isr_2_0 thread 0
----------------------------------------------------
  __cs_local_svp_simple_001_001_isr_2_reader3=0 (00000000000000000000000000000000)

State 169 file /home/dell/zyworkspace/nichecker/Experiment/remarks2.1_LA_Slicing/svp_simple_001/_mt_svp_simple_001_001_result/_cs_svp_simple_001_001_global_array[9999]_wrw_mt_svp_simple_001_001.c line 608 function svp_simple_001_001_isr_2_0 thread 0
----------------------------------------------------
  __cs_local_svp_simple_001_001_isr_2_reader2=0 (00000000000000000000000000000000)

State 173 file /home/dell/zyworkspace/nichecker/Experiment/remarks2.1_LA_Slicing/svp_simple_001/_mt_svp_simple_001_001_result/_cs_svp_simple_001_001_global_array[9999]_wrw_mt_svp_simple_001_001.c line 619 function svp_simple_001_001_isr_2_0 thread 0
----------------------------------------------------
  __cs_value_ptr=NULL (0000000000000000000000000000000000000000000000000000000000000000)

State 178 file /home/dell/zyworkspace/nichecker/Experiment/remarks2.1_LA_Slicing/svp_simple_001/_mt_svp_simple_001_001_result/_cs_svp_simple_001_001_global_array[9999]_wrw_mt_svp_simple_001_001.c line 687 function main thread 0
----------------------------------------------------
  __cs_pc[3l]=1 (001)

State 179 file /home/dell/zyworkspace/nichecker/Experiment/remarks2.1_LA_Slicing/svp_simple_001/_mt_svp_simple_001_001_result/_cs_svp_simple_001_001_global_array[9999]_wrw_mt_svp_simple_001_001.c line 697 function main thread 0
----------------------------------------------------
  __cs_tmp_t1_r1=5 (101)

State 185 file /home/dell/zyworkspace/nichecker/Experiment/remarks2.1_LA_Slicing/svp_simple_001/_mt_svp_simple_001_001_result/_cs_svp_simple_001_001_global_array[9999]_wrw_mt_svp_simple_001_001.c line 702 function main thread 0
----------------------------------------------------
  __cs_thread_index=1 (001)

State 186 file /home/dell/zyworkspace/nichecker/Experiment/remarks2.1_LA_Slicing/svp_simple_001/_mt_svp_simple_001_001_result/_cs_svp_simple_001_001_global_array[9999]_wrw_mt_svp_simple_001_001.c line 704 function main thread 0
----------------------------------------------------
  __cs_pc_cs[1l]=5 (101)

State 191 file /home/dell/zyworkspace/nichecker/Experiment/remarks2.1_LA_Slicing/svp_simple_001/_mt_svp_simple_001_001_result/_cs_svp_simple_001_001_global_array[9999]_wrw_mt_svp_simple_001_001.c line 710 function main thread 0
----------------------------------------------------
  __cs_param_main_task_arg=NULL (0000000000000000000000000000000000000000000000000000000000000000)

State 197 file /home/dell/zyworkspace/nichecker/Experiment/remarks2.1_LA_Slicing/svp_simple_001/_mt_svp_simple_001_001_result/_cs_svp_simple_001_001_global_array[9999]_wrw_mt_svp_simple_001_001.c line 393 function main_task_0 thread 0
----------------------------------------------------
  svp_simple_001_001_global_array[9999l]=1 (00000000000000000000000000000001)

Violated property:
  file /home/dell/zyworkspace/nichecker/Experiment/remarks2.1_LA_Slicing/svp_simple_001/_mt_svp_simple_001_001_result/_cs_svp_simple_001_001_global_array[9999]_wrw_mt_svp_simple_001_001.c line 397 function main_task_0
  assertion wrw_a_1 == 0
  wrw_a_1 == 0


Trace for main_task_0.assertion.4:

State 57 file /home/dell/zyworkspace/nichecker/Experiment/remarks2.1_LA_Slicing/svp_simple_001/_mt_svp_simple_001_001_result/_cs_svp_simple_001_001_global_array[9999]_wrw_mt_svp_simple_001_001.c line 631 function main thread 0
----------------------------------------------------
  __cs_tmp_t1_r0=5 (101)

State 59 file /home/dell/zyworkspace/nichecker/Experiment/remarks2.1_LA_Slicing/svp_simple_001/_mt_svp_simple_001_001_result/_cs_svp_simple_001_001_global_array[9999]_wrw_mt_svp_simple_001_001.c line 635 function main thread 0
----------------------------------------------------
  __cs_thread_index=1 (001)

State 60 file /home/dell/zyworkspace/nichecker/Experiment/remarks2.1_LA_Slicing/svp_simple_001/_mt_svp_simple_001_001_result/_cs_svp_simple_001_001_global_array[9999]_wrw_mt_svp_simple_001_001.c line 637 function main thread 0
----------------------------------------------------
  __cs_pc_cs[1l]=5 (101)

State 65 file /home/dell/zyworkspace/nichecker/Experiment/remarks2.1_LA_Slicing/svp_simple_001/_mt_svp_simple_001_001_result/_cs_svp_simple_001_001_global_array[9999]_wrw_mt_svp_simple_001_001.c line 643 function main thread 0
----------------------------------------------------
  __cs_param_main_task_arg=NULL (0000000000000000000000000000000000000000000000000000000000000000)

State 70 file /home/dell/zyworkspace/nichecker/Experiment/remarks2.1_LA_Slicing/svp_simple_001/_mt_svp_simple_001_001_result/_cs_svp_simple_001_001_global_array[9999]_wrw_mt_svp_simple_001_001.c line 180 function main_task_0 thread 0
----------------------------------------------------
  __cs_disable_thread[3l]=1 (1)

State 71 file /home/dell/zyworkspace/nichecker/Experiment/remarks2.1_LA_Slicing/svp_simple_001/_mt_svp_simple_001_001_result/_cs_svp_simple_001_001_global_array[9999]_wrw_mt_svp_simple_001_001.c line 187 function main_task_0 thread 0
----------------------------------------------------
  __cs_local_main_task_i=0 (00000000000000000000000000000000)

State 72 file /home/dell/zyworkspace/nichecker/Experiment/remarks2.1_LA_Slicing/svp_simple_001/_mt_svp_simple_001_001_result/_cs_svp_simple_001_001_global_array[9999]_wrw_mt_svp_simple_001_001.c line 196 function main_task_0 thread 0
----------------------------------------------------
  __cs_local_main_task_i=0 (00000000000000000000000000000000)

State 73 file /home/dell/zyworkspace/nichecker/Experiment/remarks2.1_LA_Slicing/svp_simple_001/_mt_svp_simple_001_001_result/_cs_svp_simple_001_001_global_array[9999]_wrw_mt_svp_simple_001_001.c line 204 function main_task_0 thread 0
----------------------------------------------------
  __cs_local_main_task_t_1=0 (00000000000000000000000000000000)

State 75 file /home/dell/zyworkspace/nichecker/Experiment/remarks2.1_LA_Slicing/svp_simple_001/_mt_svp_simple_001_001_result/_cs_svp_simple_001_001_global_array[9999]_wrw_mt_svp_simple_001_001.c line 222 function main_task_0 thread 0
----------------------------------------------------
  __cs_local_main_task_loop_1_IOVar1=0 (00000000000000000000000000000000)

State 76 file /home/dell/zyworkspace/nichecker/Experiment/remarks2.1_LA_Slicing/svp_simple_001/_mt_svp_simple_001_001_result/_cs_svp_simple_001_001_global_array[9999]_wrw_mt_svp_simple_001_001.c line 225 function main_task_0 thread 0
----------------------------------------------------
  __cs_local_main_task_loop_1_block_1=9743 (00000000000000000010011000001111)

State 77 file /home/dell/zyworkspace/nichecker/Experiment/remarks2.1_LA_Slicing/svp_simple_001/_mt_svp_simple_001_001_result/_cs_svp_simple_001_001_global_array[9999]_wrw_mt_svp_simple_001_001.c line 228 function main_task_0 thread 0
----------------------------------------------------
  __cs_local_main_task_i=9743 (00000000000000000010011000001111)

State 81 file /home/dell/zyworkspace/nichecker/Experiment/remarks2.1_LA_Slicing/svp_simple_001/_mt_svp_simple_001_001_result/_cs_svp_simple_001_001_global_array[9999]_wrw_mt_svp_simple_001_001.c line 238 function main_task_0 thread 0
----------------------------------------------------
  svp_simple_001_001_global_array[9743l]=0 (00000000000000000000000000000000)

State 83 file /home/dell/zyworkspace/nichecker/Experiment/remarks2.1_LA_Slicing/svp_simple_001/_mt_svp_simple_001_001_result/_cs_svp_simple_001_001_global_array[9999]_wrw_mt_svp_simple_001_001.c line 254 function main_task_0 thread 0
----------------------------------------------------
  __cs_local_main_task_i=9744 (00000000000000000010011000010000)

State 84 file /home/dell/zyworkspace/nichecker/Experiment/remarks2.1_LA_Slicing/svp_simple_001/_mt_svp_simple_001_001_result/_cs_svp_simple_001_001_global_array[9999]_wrw_mt_svp_simple_001_001.c line 260 function main_task_0 thread 0
----------------------------------------------------
  __cs_local_main_task_t_1=1 (00000000000000000000000000000001)

State 86 file /home/dell/zyworkspace/nichecker/Experiment/remarks2.1_LA_Slicing/svp_simple_001/_mt_svp_simple_001_001_result/_cs_svp_simple_001_001_global_array[9999]_wrw_mt_svp_simple_001_001.c line 278 function main_task_0 thread 0
----------------------------------------------------
  __cs_local_main_task_loop_1_IOVar1=9744 (00000000000000000010011000010000)

State 87 file /home/dell/zyworkspace/nichecker/Experiment/remarks2.1_LA_Slicing/svp_simple_001/_mt_svp_simple_001_001_result/_cs_svp_simple_001_001_global_array[9999]_wrw_mt_svp_simple_001_001.c line 281 function main_task_0 thread 0
----------------------------------------------------
  __cs_local_main_task_loop_1_block_1=255 (00000000000000000000000011111111)

State 88 file /home/dell/zyworkspace/nichecker/Experiment/remarks2.1_LA_Slicing/svp_simple_001/_mt_svp_simple_001_001_result/_cs_svp_simple_001_001_global_array[9999]_wrw_mt_svp_simple_001_001.c line 284 function main_task_0 thread 0
----------------------------------------------------
  __cs_local_main_task_i=9999 (00000000000000000010011100001111)

State 92 file /home/dell/zyworkspace/nichecker/Experiment/remarks2.1_LA_Slicing/svp_simple_001/_mt_svp_simple_001_001_result/_cs_svp_simple_001_001_global_array[9999]_wrw_mt_svp_simple_001_001.c line 294 function main_task_0 thread 0
----------------------------------------------------
  svp_simple_001_001_global_array[9999l]=0 (00000000000000000000000000000000)

State 95 file /home/dell/zyworkspace/nichecker/Experiment/remarks2.1_LA_Slicing/svp_simple_001/_mt_svp_simple_001_001_result/_cs_svp_simple_001_001_global_array[9999]_wrw_mt_svp_simple_001_001.c line 300 function main_task_0 thread 0
----------------------------------------------------
  wrw_a_1_num=1 (00000000000000000000000000000001)

State 96 file /home/dell/zyworkspace/nichecker/Experiment/remarks2.1_LA_Slicing/svp_simple_001/_mt_svp_simple_001_001_result/_cs_svp_simple_001_001_global_array[9999]_wrw_mt_svp_simple_001_001.c line 301 function main_task_0 thread 0
----------------------------------------------------
  wrw_a_1=0 (00000000000000000000000000000000)

State 97 file /home/dell/zyworkspace/nichecker/Experiment/remarks2.1_LA_Slicing/svp_simple_001/_mt_svp_simple_001_001_result/_cs_svp_simple_001_001_global_array[9999]_wrw_mt_svp_simple_001_001.c line 310 function main_task_0 thread 0
----------------------------------------------------
  __cs_local_main_task_i=10000 (00000000000000000010011100010000)

State 98 file /home/dell/zyworkspace/nichecker/Experiment/remarks2.1_LA_Slicing/svp_simple_001/_mt_svp_simple_001_001_result/_cs_svp_simple_001_001_global_array[9999]_wrw_mt_svp_simple_001_001.c line 316 function main_task_0 thread 0
----------------------------------------------------
  __cs_local_main_task_t_1=2 (00000000000000000000000000000010)

State 99 file /home/dell/zyworkspace/nichecker/Experiment/remarks2.1_LA_Slicing/svp_simple_001/_mt_svp_simple_001_001_result/_cs_svp_simple_001_001_global_array[9999]_wrw_mt_svp_simple_001_001.c line 320 function main_task_0 thread 0
----------------------------------------------------
  __cs_loop_1=FALSE (00000000)

State 104 file /home/dell/zyworkspace/nichecker/Experiment/remarks2.1_LA_Slicing/svp_simple_001/_mt_svp_simple_001_001_result/_cs_svp_simple_001_001_global_array[9999]_wrw_mt_svp_simple_001_001.c line 342 function main_task_0 thread 0
----------------------------------------------------
  __cs_local_main_task_i=0 (00000000000000000000000000000000)

State 105 file /home/dell/zyworkspace/nichecker/Experiment/remarks2.1_LA_Slicing/svp_simple_001/_mt_svp_simple_001_001_result/_cs_svp_simple_001_001_global_array[9999]_wrw_mt_svp_simple_001_001.c line 350 function main_task_0 thread 0
----------------------------------------------------
  __cs_local_main_task_t_2=0 (00000000000000000000000000000000)

State 107 file /home/dell/zyworkspace/nichecker/Experiment/remarks2.1_LA_Slicing/svp_simple_001/_mt_svp_simple_001_001_result/_cs_svp_simple_001_001_global_array[9999]_wrw_mt_svp_simple_001_001.c line 368 function main_task_0 thread 0
----------------------------------------------------
  __cs_local_main_task_loop_2_IOVar1=0 (00000000000000000000000000000000)

State 108 file /home/dell/zyworkspace/nichecker/Experiment/remarks2.1_LA_Slicing/svp_simple_001/_mt_svp_simple_001_001_result/_cs_svp_simple_001_001_global_array[9999]_wrw_mt_svp_simple_001_001.c line 371 function main_task_0 thread 0
----------------------------------------------------
  __cs_local_main_task_loop_2_block_2=9743 (00000000000000000010011000001111)

State 109 file /home/dell/zyworkspace/nichecker/Experiment/remarks2.1_LA_Slicing/svp_simple_001/_mt_svp_simple_001_001_result/_cs_svp_simple_001_001_global_array[9999]_wrw_mt_svp_simple_001_001.c line 374 function main_task_0 thread 0
----------------------------------------------------
  __cs_local_main_task_i=9743 (00000000000000000010011000001111)

State 112 file /home/dell/zyworkspace/nichecker/Experiment/remarks2.1_LA_Slicing/svp_simple_001/_mt_svp_simple_001_001_result/_cs_svp_simple_001_001_global_array[9999]_wrw_mt_svp_simple_001_001.c line 384 function main_task_0 thread 0
----------------------------------------------------
  __cs_local_main_task___cs_tmp_if_cond_0=FALSE (00000000)

State 115 file /home/dell/zyworkspace/nichecker/Experiment/remarks2.1_LA_Slicing/svp_simple_001/_mt_svp_simple_001_001_result/_cs_svp_simple_001_001_global_array[9999]_wrw_mt_svp_simple_001_001.c line 414 function main_task_0 thread 0
----------------------------------------------------
  __cs_local_main_task_i=9744 (00000000000000000010011000010000)

State 116 file /home/dell/zyworkspace/nichecker/Experiment/remarks2.1_LA_Slicing/svp_simple_001/_mt_svp_simple_001_001_result/_cs_svp_simple_001_001_global_array[9999]_wrw_mt_svp_simple_001_001.c line 420 function main_task_0 thread 0
----------------------------------------------------
  __cs_local_main_task_t_2=1 (00000000000000000000000000000001)

State 118 file /home/dell/zyworkspace/nichecker/Experiment/remarks2.1_LA_Slicing/svp_simple_001/_mt_svp_simple_001_001_result/_cs_svp_simple_001_001_global_array[9999]_wrw_mt_svp_simple_001_001.c line 438 function main_task_0 thread 0
----------------------------------------------------
  __cs_local_main_task_loop_2_IOVar1=9744 (00000000000000000010011000010000)

State 119 file /home/dell/zyworkspace/nichecker/Experiment/remarks2.1_LA_Slicing/svp_simple_001/_mt_svp_simple_001_001_result/_cs_svp_simple_001_001_global_array[9999]_wrw_mt_svp_simple_001_001.c line 441 function main_task_0 thread 0
----------------------------------------------------
  __cs_local_main_task_loop_2_block_2=255 (00000000000000000000000011111111)

State 120 file /home/dell/zyworkspace/nichecker/Experiment/remarks2.1_LA_Slicing/svp_simple_001/_mt_svp_simple_001_001_result/_cs_svp_simple_001_001_global_array[9999]_wrw_mt_svp_simple_001_001.c line 444 function main_task_0 thread 0
----------------------------------------------------
  __cs_local_main_task_i=9999 (00000000000000000010011100001111)

State 123 file /home/dell/zyworkspace/nichecker/Experiment/remarks2.1_LA_Slicing/svp_simple_001/_mt_svp_simple_001_001_result/_cs_svp_simple_001_001_global_array[9999]_wrw_mt_svp_simple_001_001.c line 454 function main_task_0 thread 0
----------------------------------------------------
  __cs_local_main_task___cs_tmp_if_cond_0=TRUE (00000001)

State 129 file /home/dell/zyworkspace/nichecker/Experiment/remarks2.1_LA_Slicing/svp_simple_001/_mt_svp_simple_001_001_result/_cs_svp_simple_001_001_global_array[9999]_wrw_mt_svp_simple_001_001.c line 522 function main_task_0 thread 0
----------------------------------------------------
  __cs_value_ptr=NULL (0000000000000000000000000000000000000000000000000000000000000000)

State 134 file /home/dell/zyworkspace/nichecker/Experiment/remarks2.1_LA_Slicing/svp_simple_001/_mt_svp_simple_001_001_result/_cs_svp_simple_001_001_global_array[9999]_wrw_mt_svp_simple_001_001.c line 645 function main thread 0
----------------------------------------------------
  __cs_pc[1l]=5 (101)

State 135 file /home/dell/zyworkspace/nichecker/Experiment/remarks2.1_LA_Slicing/svp_simple_001/_mt_svp_simple_001_001_result/_cs_svp_simple_001_001_global_array[9999]_wrw_mt_svp_simple_001_001.c line 651 function main thread 0
----------------------------------------------------
  __cs_tmp_t2_r0=2 (10)

State 137 file /home/dell/zyworkspace/nichecker/Experiment/remarks2.1_LA_Slicing/svp_simple_001/_mt_svp_simple_001_001_result/_cs_svp_simple_001_001_global_array[9999]_wrw_mt_svp_simple_001_001.c line 656 function main thread 0
----------------------------------------------------
  __cs_thread_index=2 (010)

State 138 file /home/dell/zyworkspace/nichecker/Experiment/remarks2.1_LA_Slicing/svp_simple_001/_mt_svp_simple_001_001_result/_cs_svp_simple_001_001_global_array[9999]_wrw_mt_svp_simple_001_001.c line 658 function main thread 0
----------------------------------------------------
  __cs_pc_cs[2l]=2 (010)

State 143 file /home/dell/zyworkspace/nichecker/Experiment/remarks2.1_LA_Slicing/svp_simple_001/_mt_svp_simple_001_001_result/_cs_svp_simple_001_001_global_array[9999]_wrw_mt_svp_simple_001_001.c line 664 function main thread 0
----------------------------------------------------
  __cs_param_svp_simple_001_001_isr_1_arg=NULL (0000000000000000000000000000000000000000000000000000000000000000)

State 145 file /home/dell/zyworkspace/nichecker/Experiment/remarks2.1_LA_Slicing/svp_simple_001/_mt_svp_simple_001_001_result/_cs_svp_simple_001_001_global_array[9999]_wrw_mt_svp_simple_001_001.c line 535 function svp_simple_001_001_isr_1_0 thread 0
----------------------------------------------------
  __cs_local_svp_simple_001_001_isr_1_i=0 (00000000000000000000000000000000)

State 147 file /home/dell/zyworkspace/nichecker/Experiment/remarks2.1_LA_Slicing/svp_simple_001/_mt_svp_simple_001_001_result/_cs_svp_simple_001_001_global_array[9999]_wrw_mt_svp_simple_001_001.c line 542 function svp_simple_001_001_isr_1_0 thread 0
----------------------------------------------------
  svp_simple_001_001_global_flag=1 (00000000000000000000000000000001)

State 151 file /home/dell/zyworkspace/nichecker/Experiment/remarks2.1_LA_Slicing/svp_simple_001/_mt_svp_simple_001_001_result/_cs_svp_simple_001_001_global_array[9999]_wrw_mt_svp_simple_001_001.c line 546 function svp_simple_001_001_isr_1_0 thread 0
----------------------------------------------------
  __cs_disable_thread[3l]=0 (0)

State 152 file /home/dell/zyworkspace/nichecker/Experiment/remarks2.1_LA_Slicing/svp_simple_001/_mt_svp_simple_001_001_result/_cs_svp_simple_001_001_global_array[9999]_wrw_mt_svp_simple_001_001.c line 553 function svp_simple_001_001_isr_1_0 thread 0
----------------------------------------------------
  __cs_local_svp_simple_001_001_isr_1_i=0 (00000000000000000000000000000000)

State 156 file /home/dell/zyworkspace/nichecker/Experiment/remarks2.1_LA_Slicing/svp_simple_001/_mt_svp_simple_001_001_result/_cs_svp_simple_001_001_global_array[9999]_wrw_mt_svp_simple_001_001.c line 567 function svp_simple_001_001_isr_1_0 thread 0
----------------------------------------------------
  __cs_value_ptr=NULL (0000000000000000000000000000000000000000000000000000000000000000)

State 161 file /home/dell/zyworkspace/nichecker/Experiment/remarks2.1_LA_Slicing/svp_simple_001/_mt_svp_simple_001_001_result/_cs_svp_simple_001_001_global_array[9999]_wrw_mt_svp_simple_001_001.c line 666 function main thread 0
----------------------------------------------------
  __cs_pc[2l]=2 (010)

State 162 file /home/dell/zyworkspace/nichecker/Experiment/remarks2.1_LA_Slicing/svp_simple_001/_mt_svp_simple_001_001_result/_cs_svp_simple_001_001_global_array[9999]_wrw_mt_svp_simple_001_001.c line 672 function main thread 0
----------------------------------------------------
  __cs_tmp_t3_r0=1 (1)

State 164 file /home/dell/zyworkspace/nichecker/Experiment/remarks2.1_LA_Slicing/svp_simple_001/_mt_svp_simple_001_001_result/_cs_svp_simple_001_001_global_array[9999]_wrw_mt_svp_simple_001_001.c line 677 function main thread 0
----------------------------------------------------
  __cs_thread_index=3 (011)

State 165 file /home/dell/zyworkspace/nichecker/Experiment/remarks2.1_LA_Slicing/svp_simple_001/_mt_svp_simple_001_001_result/_cs_svp_simple_001_001_global_array[9999]_wrw_mt_svp_simple_001_001.c line 679 function main thread 0
----------------------------------------------------
  __cs_pc_cs[3l]=1 (001)

State 170 file /home/dell/zyworkspace/nichecker/Experiment/remarks2.1_LA_Slicing/svp_simple_001/_mt_svp_simple_001_001_result/_cs_svp_simple_001_001_global_array[9999]_wrw_mt_svp_simple_001_001.c line 685 function main thread 0
----------------------------------------------------
  __cs_param_svp_simple_001_001_isr_2_arg=NULL (0000000000000000000000000000000000000000000000000000000000000000)

State 172 file /home/dell/zyworkspace/nichecker/Experiment/remarks2.1_LA_Slicing/svp_simple_001/_mt_svp_simple_001_001_result/_cs_svp_simple_001_001_global_array[9999]_wrw_mt_svp_simple_001_001.c line 583 function svp_simple_001_001_isr_2_0 thread 0
----------------------------------------------------
  __cs_local_svp_simple_001_001_isr_2___cs_tmp_if_cond_1=TRUE (00000001)

State 174 file /home/dell/zyworkspace/nichecker/Experiment/remarks2.1_LA_Slicing/svp_simple_001/_mt_svp_simple_001_001_result/_cs_svp_simple_001_001_global_array[9999]_wrw_mt_svp_simple_001_001.c line 589 function svp_simple_001_001_isr_2_0 thread 0
----------------------------------------------------
  __cs_local_svp_simple_001_001_isr_2_reader1=0 (00000000000000000000000000000000)

State 175 file /home/dell/zyworkspace/nichecker/Experiment/remarks2.1_LA_Slicing/svp_simple_001/_mt_svp_simple_001_001_result/_cs_svp_simple_001_001_global_array[9999]_wrw_mt_svp_simple_001_001.c line 591 function svp_simple_001_001_isr_2_0 thread 0
----------------------------------------------------
  wrw_a_2=1 (00000000000000000000000000000001)

State 176 file /home/dell/zyworkspace/nichecker/Experiment/remarks2.1_LA_Slicing/svp_simple_001/_mt_svp_simple_001_001_result/_cs_svp_simple_001_001_global_array[9999]_wrw_mt_svp_simple_001_001.c line 592 function svp_simple_001_001_isr_2_0 thread 0
----------------------------------------------------
  wrw_a_1=1 (00000000000000000000000000000001)

State 178 file /home/dell/zyworkspace/nichecker/Experiment/remarks2.1_LA_Slicing/svp_simple_001/_mt_svp_simple_001_001_result/_cs_svp_simple_001_001_global_array[9999]_wrw_mt_svp_simple_001_001.c line 605 function svp_simple_001_001_isr_2_0 thread 0
----------------------------------------------------
  __cs_local_svp_simple_001_001_isr_2_reader3=0 (00000000000000000000000000000000)

State 179 file /home/dell/zyworkspace/nichecker/Experiment/remarks2.1_LA_Slicing/svp_simple_001/_mt_svp_simple_001_001_result/_cs_svp_simple_001_001_global_array[9999]_wrw_mt_svp_simple_001_001.c line 608 function svp_simple_001_001_isr_2_0 thread 0
----------------------------------------------------
  __cs_local_svp_simple_001_001_isr_2_reader2=0 (00000000000000000000000000000000)

State 183 file /home/dell/zyworkspace/nichecker/Experiment/remarks2.1_LA_Slicing/svp_simple_001/_mt_svp_simple_001_001_result/_cs_svp_simple_001_001_global_array[9999]_wrw_mt_svp_simple_001_001.c line 619 function svp_simple_001_001_isr_2_0 thread 0
----------------------------------------------------
  __cs_value_ptr=NULL (0000000000000000000000000000000000000000000000000000000000000000)

State 188 file /home/dell/zyworkspace/nichecker/Experiment/remarks2.1_LA_Slicing/svp_simple_001/_mt_svp_simple_001_001_result/_cs_svp_simple_001_001_global_array[9999]_wrw_mt_svp_simple_001_001.c line 687 function main thread 0
----------------------------------------------------
  __cs_pc[3l]=1 (001)

State 189 file /home/dell/zyworkspace/nichecker/Experiment/remarks2.1_LA_Slicing/svp_simple_001/_mt_svp_simple_001_001_result/_cs_svp_simple_001_001_global_array[9999]_wrw_mt_svp_simple_001_001.c line 697 function main thread 0
----------------------------------------------------
  __cs_tmp_t1_r1=6 (110)

State 195 file /home/dell/zyworkspace/nichecker/Experiment/remarks2.1_LA_Slicing/svp_simple_001/_mt_svp_simple_001_001_result/_cs_svp_simple_001_001_global_array[9999]_wrw_mt_svp_simple_001_001.c line 702 function main thread 0
----------------------------------------------------
  __cs_thread_index=1 (001)

State 196 file /home/dell/zyworkspace/nichecker/Experiment/remarks2.1_LA_Slicing/svp_simple_001/_mt_svp_simple_001_001_result/_cs_svp_simple_001_001_global_array[9999]_wrw_mt_svp_simple_001_001.c line 704 function main thread 0
----------------------------------------------------
  __cs_pc_cs[1l]=6 (110)

State 201 file /home/dell/zyworkspace/nichecker/Experiment/remarks2.1_LA_Slicing/svp_simple_001/_mt_svp_simple_001_001_result/_cs_svp_simple_001_001_global_array[9999]_wrw_mt_svp_simple_001_001.c line 710 function main thread 0
----------------------------------------------------
  __cs_param_main_task_arg=NULL (0000000000000000000000000000000000000000000000000000000000000000)

State 208 file /home/dell/zyworkspace/nichecker/Experiment/remarks2.1_LA_Slicing/svp_simple_001/_mt_svp_simple_001_001_result/_cs_svp_simple_001_001_global_array[9999]_wrw_mt_svp_simple_001_001.c line 463 function main_task_0 thread 0
----------------------------------------------------
  svp_simple_001_001_global_array[9999l]=1 (00000000000000000000000000000001)

Violated property:
  file /home/dell/zyworkspace/nichecker/Experiment/remarks2.1_LA_Slicing/svp_simple_001/_mt_svp_simple_001_001_result/_cs_svp_simple_001_001_global_array[9999]_wrw_mt_svp_simple_001_001.c line 467 function main_task_0
  assertion wrw_a_1 == 0
  wrw_a_1 == 0


** 2 of 4 failed (3 iterations)
VERIFICATION FAILED
