2023-10-31 08:15:56
SVPCheck: True	LoopAbstraction: True	LabelReduction: True	Slice: False	

SVPCheck var: svp_simple_004_001_global_var1	pattern: rwr
--------------------------Run start-------------------------------
inliner
slice
LoopAbstraction
unroller
insertLabel
lazyseq
feeder  0.197
[91mUNSAFE[0m, counterexample: 1, time: 2.652 s, memory: 29.66 MB
--------------------------Run end---------------------------------
SVPCheck var: svp_simple_004_001_global_var2	pattern: rwr
--------------------------Run start-------------------------------
inliner
slice
LoopAbstraction
unroller
insertLabel
lazyseq
feeder  0.196
[92mSAFE[0m, counterexample: 0, time: 2.765 s, memory: 29.66 MB
--------------------------Run end---------------------------------
SVPCheck var: svp_simple_004_001_global_var3	pattern: rwr
--------------------------Run start-------------------------------
inliner
slice
LoopAbstraction
unroller
insertLabel
lazyseq
feeder  0.193
[92mSAFE[0m, counterexample: 0, time: 2.783 s, memory: 29.60 MB
--------------------------Run end---------------------------------
cbmcTimeSum: 0.586
modulesTimeSum: 8.2
