CBMC version 5.6 64-bit x86_64 linux
Parsing /home/dell/zyworkspace/nichecker/Experiment/remarks2.1_LA_PPR/svp_simple_010/_mt_svp_simple_010_001_result/_cs_svp_simple_010_001_global_struct_wrw_mt_svp_simple_010_001.c
<command-line>: warning: "__STDC_VERSION__" redefined
<built-in>: note: this is the location of the previous definition
Converting
Type-checking _cs_svp_simple_010_001_global_struct_wrw_mt_svp_simple_010_001
file /home/dell/zyworkspace/nichecker/Experiment/remarks2.1_LA_PPR/svp_simple_010/_mt_svp_simple_010_001_result/_cs_svp_simple_010_001_global_struct_wrw_mt_svp_simple_010_001.c line 366 function main_task_0: function `assert' is not declared
Generating GOTO Program
Adding CPROVER library (x86_64)
Removal of function pointers and virtual functions
Partial Inlining
Generic Property Instrumentation
Starting Bounded Model Checking
**** WARNING: no body for function enable_isr
size of program expression: 449 steps
simple slicing removed 22 assignments
Generated 5 VCC(s), 4 remaining after simplification
Passing problem to propositional reduction
converting SSA
Running propositional reduction
Post-processing
Solving with MiniSAT 2.2.1 with simplifier
1089 variables, 2537 clauses
SAT checker: instance is SATISFIABLE
Solving with MiniSAT 2.2.1 with simplifier
1089 variables, 1059 clauses
SAT checker: instance is UNSATISFIABLE
Runtime decision procedure: 0.007s

** Results:
[main_task_0.assertion.1] assertion wrw_a_1 == 0: SUCCESS
[main_task_0.assertion.2] assertion wrw_a_1 == 0: FAILURE

Trace for main_task_0.assertion.2:

State 46 file /home/dell/zyworkspace/nichecker/Experiment/remarks2.1_LA_PPR/svp_simple_010/_mt_svp_simple_010_001_result/_cs_svp_simple_010_001_global_struct_wrw_mt_svp_simple_010_001.c line 408 function main thread 0
----------------------------------------------------
  __cs_tmp_t1_r0=4 (100)

State 48 file /home/dell/zyworkspace/nichecker/Experiment/remarks2.1_LA_PPR/svp_simple_010/_mt_svp_simple_010_001_result/_cs_svp_simple_010_001_global_struct_wrw_mt_svp_simple_010_001.c line 412 function main thread 0
----------------------------------------------------
  __cs_thread_index=1 (01)

State 49 file /home/dell/zyworkspace/nichecker/Experiment/remarks2.1_LA_PPR/svp_simple_010/_mt_svp_simple_010_001_result/_cs_svp_simple_010_001_global_struct_wrw_mt_svp_simple_010_001.c line 414 function main thread 0
----------------------------------------------------
  __cs_pc_cs[1l]=4 (100)

State 54 file /home/dell/zyworkspace/nichecker/Experiment/remarks2.1_LA_PPR/svp_simple_010/_mt_svp_simple_010_001_result/_cs_svp_simple_010_001_global_struct_wrw_mt_svp_simple_010_001.c line 420 function main thread 0
----------------------------------------------------
  __cs_param_main_task_arg=NULL (0000000000000000000000000000000000000000000000000000000000000000)

State 59 file /home/dell/zyworkspace/nichecker/Experiment/remarks2.1_LA_PPR/svp_simple_010/_mt_svp_simple_010_001_result/_cs_svp_simple_010_001_global_struct_wrw_mt_svp_simple_010_001.c line 324 function main_task_0 thread 0
----------------------------------------------------
  __cs_disable_thread[2l]=0 (0)

State 60 file /home/dell/zyworkspace/nichecker/Experiment/remarks2.1_LA_PPR/svp_simple_010/_mt_svp_simple_010_001_result/_cs_svp_simple_010_001_global_struct_wrw_mt_svp_simple_010_001.c line 327 function main_task_0 thread 0
----------------------------------------------------
  __cs_disable_thread[0l]=0 (0)

State 62 file /home/dell/zyworkspace/nichecker/Experiment/remarks2.1_LA_PPR/svp_simple_010/_mt_svp_simple_010_001_result/_cs_svp_simple_010_001_global_struct_wrw_mt_svp_simple_010_001.c line 338 function main_task_0 thread 0
----------------------------------------------------
  __cs_local_main_task_svp_simple_010_001_local_var1=1 (00000000000000000000000000000001)

State 63 file /home/dell/zyworkspace/nichecker/Experiment/remarks2.1_LA_PPR/svp_simple_010/_mt_svp_simple_010_001_result/_cs_svp_simple_010_001_global_struct_wrw_mt_svp_simple_010_001.c line 342 function main_task_0 thread 0
----------------------------------------------------
  __cs_local_main_task_svp_simple_010_001_local_var2=2 (00000000000000000000000000000010)

State 64 file /home/dell/zyworkspace/nichecker/Experiment/remarks2.1_LA_PPR/svp_simple_010/_mt_svp_simple_010_001_result/_cs_svp_simple_010_001_global_struct_wrw_mt_svp_simple_010_001.c line 346 function main_task_0 thread 0
----------------------------------------------------
  __cs_local_main_task_svp_simple_010_001_local_var3=3 (00000000000000000000000000000011)

State 65 file /home/dell/zyworkspace/nichecker/Experiment/remarks2.1_LA_PPR/svp_simple_010/_mt_svp_simple_010_001_result/_cs_svp_simple_010_001_global_struct_wrw_mt_svp_simple_010_001.c line 350 function main_task_0 thread 0
----------------------------------------------------
  __cs_local_main_task_svp_simple_010_001_local_var4=4 (00000000000000000000000000000100)

State 66 file /home/dell/zyworkspace/nichecker/Experiment/remarks2.1_LA_PPR/svp_simple_010/_mt_svp_simple_010_001_result/_cs_svp_simple_010_001_global_struct_wrw_mt_svp_simple_010_001.c line 353 function main_task_0 thread 0
----------------------------------------------------
  svp_simple_010_001_global_union.header=1 (00000001)

State 68 file /home/dell/zyworkspace/nichecker/Experiment/remarks2.1_LA_PPR/svp_simple_010/_mt_svp_simple_010_001_result/_cs_svp_simple_010_001_global_struct_wrw_mt_svp_simple_010_001.c line 358 function main_task_0 thread 0
----------------------------------------------------
  svp_simple_010_001_global_union.data=2u (00000000000000000000000000000010)

State 70 file /home/dell/zyworkspace/nichecker/Experiment/remarks2.1_LA_PPR/svp_simple_010/_mt_svp_simple_010_001_result/_cs_svp_simple_010_001_global_struct_wrw_mt_svp_simple_010_001.c line 363 function main_task_0 thread 0
----------------------------------------------------
  svp_simple_010_001_global_struct.header=3 (00000011)

State 72 file /home/dell/zyworkspace/nichecker/Experiment/remarks2.1_LA_PPR/svp_simple_010/_mt_svp_simple_010_001_result/_cs_svp_simple_010_001_global_struct_wrw_mt_svp_simple_010_001.c line 368 function main_task_0 thread 0
----------------------------------------------------
  wrw_a_1_num=1 (00000000000000000000000000000001)

State 73 file /home/dell/zyworkspace/nichecker/Experiment/remarks2.1_LA_PPR/svp_simple_010/_mt_svp_simple_010_001_result/_cs_svp_simple_010_001_global_struct_wrw_mt_svp_simple_010_001.c line 369 function main_task_0 thread 0
----------------------------------------------------
  wrw_a_1=0 (00000000000000000000000000000000)

State 78 file /home/dell/zyworkspace/nichecker/Experiment/remarks2.1_LA_PPR/svp_simple_010/_mt_svp_simple_010_001_result/_cs_svp_simple_010_001_global_struct_wrw_mt_svp_simple_010_001.c line 396 function main_task_0 thread 0
----------------------------------------------------
  __cs_value_ptr=NULL (0000000000000000000000000000000000000000000000000000000000000000)

State 83 file /home/dell/zyworkspace/nichecker/Experiment/remarks2.1_LA_PPR/svp_simple_010/_mt_svp_simple_010_001_result/_cs_svp_simple_010_001_global_struct_wrw_mt_svp_simple_010_001.c line 422 function main thread 0
----------------------------------------------------
  __cs_pc[1l]=4 (100)

State 84 file /home/dell/zyworkspace/nichecker/Experiment/remarks2.1_LA_PPR/svp_simple_010/_mt_svp_simple_010_001_result/_cs_svp_simple_010_001_global_struct_wrw_mt_svp_simple_010_001.c line 428 function main thread 0
----------------------------------------------------
  __cs_tmp_t2_r0=1 (1)

State 86 file /home/dell/zyworkspace/nichecker/Experiment/remarks2.1_LA_PPR/svp_simple_010/_mt_svp_simple_010_001_result/_cs_svp_simple_010_001_global_struct_wrw_mt_svp_simple_010_001.c line 433 function main thread 0
----------------------------------------------------
  __cs_thread_index=2 (10)

State 87 file /home/dell/zyworkspace/nichecker/Experiment/remarks2.1_LA_PPR/svp_simple_010/_mt_svp_simple_010_001_result/_cs_svp_simple_010_001_global_struct_wrw_mt_svp_simple_010_001.c line 435 function main thread 0
----------------------------------------------------
  __cs_pc_cs[2l]=1 (001)

State 92 file /home/dell/zyworkspace/nichecker/Experiment/remarks2.1_LA_PPR/svp_simple_010/_mt_svp_simple_010_001_result/_cs_svp_simple_010_001_global_struct_wrw_mt_svp_simple_010_001.c line 441 function main thread 0
----------------------------------------------------
  __cs_param_svp_simple_010_001_isr_1_arg=NULL (0000000000000000000000000000000000000000000000000000000000000000)

State 94 file /home/dell/zyworkspace/nichecker/Experiment/remarks2.1_LA_PPR/svp_simple_010/_mt_svp_simple_010_001_result/_cs_svp_simple_010_001_global_struct_wrw_mt_svp_simple_010_001.c line 194 function svp_simple_010_001_isr_1_0 thread 0
----------------------------------------------------
  __cs_local_svp_simple_010_001_isr_1_i=0 (00000000000000000000000000000000)

State 95 file /home/dell/zyworkspace/nichecker/Experiment/remarks2.1_LA_PPR/svp_simple_010/_mt_svp_simple_010_001_result/_cs_svp_simple_010_001_global_struct_wrw_mt_svp_simple_010_001.c line 196 function svp_simple_010_001_isr_1_0 thread 0
----------------------------------------------------
  __cs_local_svp_simple_010_001_isr_1_i=0 (00000000000000000000000000000000)

State 96 file /home/dell/zyworkspace/nichecker/Experiment/remarks2.1_LA_PPR/svp_simple_010/_mt_svp_simple_010_001_result/_cs_svp_simple_010_001_global_struct_wrw_mt_svp_simple_010_001.c line 203 function svp_simple_010_001_isr_1_0 thread 0
----------------------------------------------------
  __cs_local_svp_simple_010_001_isr_1_t_1=0 (00000000000000000000000000000000)

State 98 file /home/dell/zyworkspace/nichecker/Experiment/remarks2.1_LA_PPR/svp_simple_010/_mt_svp_simple_010_001_result/_cs_svp_simple_010_001_global_struct_wrw_mt_svp_simple_010_001.c line 218 function svp_simple_010_001_isr_1_0 thread 0
----------------------------------------------------
  __cs_local_svp_simple_010_001_isr_1_loop_1_IOVar1=0 (00000000000000000000000000000000)

State 99 file /home/dell/zyworkspace/nichecker/Experiment/remarks2.1_LA_PPR/svp_simple_010/_mt_svp_simple_010_001_result/_cs_svp_simple_010_001_global_struct_wrw_mt_svp_simple_010_001.c line 220 function svp_simple_010_001_isr_1_0 thread 0
----------------------------------------------------
  __cs_local_svp_simple_010_001_isr_1_loop_1_block_1=100 (00000000000000000000000001100100)

State 100 file /home/dell/zyworkspace/nichecker/Experiment/remarks2.1_LA_PPR/svp_simple_010/_mt_svp_simple_010_001_result/_cs_svp_simple_010_001_global_struct_wrw_mt_svp_simple_010_001.c line 222 function svp_simple_010_001_isr_1_0 thread 0
----------------------------------------------------
  __cs_local_svp_simple_010_001_isr_1_i=100 (00000000000000000000000001100100)

State 103 file /home/dell/zyworkspace/nichecker/Experiment/remarks2.1_LA_PPR/svp_simple_010/_mt_svp_simple_010_001_result/_cs_svp_simple_010_001_global_struct_wrw_mt_svp_simple_010_001.c line 233 function svp_simple_010_001_isr_1_0 thread 0
----------------------------------------------------
  __cs_local_svp_simple_010_001_isr_1_i=101 (00000000000000000000000001100101)

State 104 file /home/dell/zyworkspace/nichecker/Experiment/remarks2.1_LA_PPR/svp_simple_010/_mt_svp_simple_010_001_result/_cs_svp_simple_010_001_global_struct_wrw_mt_svp_simple_010_001.c line 238 function svp_simple_010_001_isr_1_0 thread 0
----------------------------------------------------
  __cs_local_svp_simple_010_001_isr_1_t_1=1 (00000000000000000000000000000001)

State 109 file /home/dell/zyworkspace/nichecker/Experiment/remarks2.1_LA_PPR/svp_simple_010/_mt_svp_simple_010_001_result/_cs_svp_simple_010_001_global_struct_wrw_mt_svp_simple_010_001.c line 296 function svp_simple_010_001_isr_1_0 thread 0
----------------------------------------------------
  __cs_local_svp_simple_010_001_isr_1_reader1=1 (00000000000000000000000000000001)

State 110 file /home/dell/zyworkspace/nichecker/Experiment/remarks2.1_LA_PPR/svp_simple_010/_mt_svp_simple_010_001_result/_cs_svp_simple_010_001_global_struct_wrw_mt_svp_simple_010_001.c line 298 function svp_simple_010_001_isr_1_0 thread 0
----------------------------------------------------
  __cs_local_svp_simple_010_001_isr_1_reader2=3 (00000000000000000000000000000011)

State 111 file /home/dell/zyworkspace/nichecker/Experiment/remarks2.1_LA_PPR/svp_simple_010/_mt_svp_simple_010_001_result/_cs_svp_simple_010_001_global_struct_wrw_mt_svp_simple_010_001.c line 300 function svp_simple_010_001_isr_1_0 thread 0
----------------------------------------------------
  wrw_a_1=1 (00000000000000000000000000000001)

State 115 file /home/dell/zyworkspace/nichecker/Experiment/remarks2.1_LA_PPR/svp_simple_010/_mt_svp_simple_010_001_result/_cs_svp_simple_010_001_global_struct_wrw_mt_svp_simple_010_001.c line 312 function svp_simple_010_001_isr_1_0 thread 0
----------------------------------------------------
  __cs_value_ptr=NULL (0000000000000000000000000000000000000000000000000000000000000000)

State 120 file /home/dell/zyworkspace/nichecker/Experiment/remarks2.1_LA_PPR/svp_simple_010/_mt_svp_simple_010_001_result/_cs_svp_simple_010_001_global_struct_wrw_mt_svp_simple_010_001.c line 443 function main thread 0
----------------------------------------------------
  __cs_pc[2l]=1 (001)

State 121 file /home/dell/zyworkspace/nichecker/Experiment/remarks2.1_LA_PPR/svp_simple_010/_mt_svp_simple_010_001_result/_cs_svp_simple_010_001_global_struct_wrw_mt_svp_simple_010_001.c line 453 function main thread 0
----------------------------------------------------
  __cs_tmp_t1_r1=5 (101)

State 123 file /home/dell/zyworkspace/nichecker/Experiment/remarks2.1_LA_PPR/svp_simple_010/_mt_svp_simple_010_001_result/_cs_svp_simple_010_001_global_struct_wrw_mt_svp_simple_010_001.c line 458 function main thread 0
----------------------------------------------------
  __cs_thread_index=1 (01)

State 124 file /home/dell/zyworkspace/nichecker/Experiment/remarks2.1_LA_PPR/svp_simple_010/_mt_svp_simple_010_001_result/_cs_svp_simple_010_001_global_struct_wrw_mt_svp_simple_010_001.c line 460 function main thread 0
----------------------------------------------------
  __cs_pc_cs[1l]=5 (101)

State 129 file /home/dell/zyworkspace/nichecker/Experiment/remarks2.1_LA_PPR/svp_simple_010/_mt_svp_simple_010_001_result/_cs_svp_simple_010_001_global_struct_wrw_mt_svp_simple_010_001.c line 466 function main thread 0
----------------------------------------------------
  __cs_param_main_task_arg=NULL (0000000000000000000000000000000000000000000000000000000000000000)

State 135 file /home/dell/zyworkspace/nichecker/Experiment/remarks2.1_LA_PPR/svp_simple_010/_mt_svp_simple_010_001_result/_cs_svp_simple_010_001_global_struct_wrw_mt_svp_simple_010_001.c line 375 function main_task_0 thread 0
----------------------------------------------------
  svp_simple_010_001_global_struct.data=4u (00000000000000000000000000000100)

Violated property:
  file /home/dell/zyworkspace/nichecker/Experiment/remarks2.1_LA_PPR/svp_simple_010/_mt_svp_simple_010_001_result/_cs_svp_simple_010_001_global_struct_wrw_mt_svp_simple_010_001.c line 378 function main_task_0
  assertion wrw_a_1 == 0
  wrw_a_1 == 0


** 1 of 2 failed (2 iterations)
VERIFICATION FAILED
