CBMC version 5.6 64-bit x86_64 linux
Parsing /home/dell/zyworkspace/nichecker/Experiment/icbmc/i2c_pca_isa_1/_mt_main_n_result/_cs___mt_main_n.c
<command-line>: warning: "__STDC_VERSION__" redefined
<built-in>: note: this is the location of the previous definition
Converting
Type-checking _cs___mt_main_n
file /home/dell/zyworkspace/nichecker/Experiment/icbmc/i2c_pca_isa_1/_mt_main_n_result/_cs___mt_main_n.c line 193 function req1_isr_0: function `assert' is not declared
Generating GOTO Program
Adding CPROVER library (x86_64)
Removal of function pointers and virtual functions
Partial Inlining
Generic Property Instrumentation
Starting Bounded Model Checking
size of program expression: 975 steps
simple slicing removed 109 assignments
Generated 12 VCC(s), 12 remaining after simplification
Passing problem to propositional reduction
converting SSA
Running propositional reduction
Post-processing
Solving with MiniSAT 2.2.1 with simplifier
4295 variables, 12436 clauses
SAT checker: instance is UNSATISFIABLE
Runtime decision procedure: 0.026s

** Results:
[req1_isr_0.assertion.1] assertion 0: SUCCESS
[req1_isr_0.assertion.2] assertion 0: SUCCESS
[req2_isr_0.assertion.1] assertion 0: SUCCESS
[req2_isr_0.assertion.2] assertion 0: SUCCESS
[req3_isr_0.assertion.1] assertion 0: SUCCESS
[req3_isr_0.assertion.2] assertion 0: SUCCESS

** 0 of 6 failed (1 iteration)
VERIFICATION SUCCESSFUL
