CBMC version 5.6 64-bit x86_64 linux
Parsing /home/dell/zyworkspace/nichecker/Experiment/remarks2.1_LA/svp_simple_018/_mt_svp_simple_018_001_result/_cs_svp_simple_018_001_para2_rwr_mt_svp_simple_018_001.c
<command-line>: warning: "__STDC_VERSION__" redefined
<built-in>: note: this is the location of the previous definition
Converting
Type-checking _cs_svp_simple_018_001_para2_rwr_mt_svp_simple_018_001
file /home/dell/zyworkspace/nichecker/Experiment/remarks2.1_LA/svp_simple_018/_mt_svp_simple_018_001_result/_cs_svp_simple_018_001_para2_rwr_mt_svp_simple_018_001.c line 163 function main_task_0: function `enable_isr' is not declared
file /home/dell/zyworkspace/nichecker/Experiment/remarks2.1_LA/svp_simple_018/_mt_svp_simple_018_001_result/_cs_svp_simple_018_001_para2_rwr_mt_svp_simple_018_001.c line 201 function main_task_0: function `assert' is not declared
Generating GOTO Program
Adding CPROVER library (x86_64)
Removal of function pointers and virtual functions
Partial Inlining
Generic Property Instrumentation
Starting Bounded Model Checking
**** WARNING: no body for function enable_isr
size of program expression: 703 steps
simple slicing removed 32 assignments
Generated 8 VCC(s), 6 remaining after simplification
Passing problem to propositional reduction
converting SSA
Running propositional reduction
Post-processing
Solving with MiniSAT 2.2.1 with simplifier
7605 variables, 26145 clauses
SAT checker: instance is SATISFIABLE
Solving with MiniSAT 2.2.1 with simplifier
7605 variables, 2543 clauses
SAT checker: instance is SATISFIABLE
Solving with MiniSAT 2.2.1 with simplifier
7605 variables, 2542 clauses
SAT checker: instance is UNSATISFIABLE
Runtime decision procedure: 0.059s

** Results:
[main_task_0.assertion.1] assertion IEEE_FLOAT_EQUAL(rwr_r1, rwr_tmp1): SUCCESS
[main_task_0.assertion.2] assertion IEEE_FLOAT_EQUAL(rwr_r2, rwr_tmp1): FAILURE
[main_task_0.assertion.3] assertion IEEE_FLOAT_EQUAL(rwr_r3, rwr_tmp1): FAILURE

Trace for main_task_0.assertion.2:

State 60 file /home/dell/zyworkspace/nichecker/Experiment/remarks2.1_LA/svp_simple_018/_mt_svp_simple_018_001_result/_cs_svp_simple_018_001_para2_rwr_mt_svp_simple_018_001.c line 547 function main thread 0
----------------------------------------------------
  __cs_tmp_t1_r0=2 (010)

State 62 file /home/dell/zyworkspace/nichecker/Experiment/remarks2.1_LA/svp_simple_018/_mt_svp_simple_018_001_result/_cs_svp_simple_018_001_para2_rwr_mt_svp_simple_018_001.c line 551 function main thread 0
----------------------------------------------------
  __cs_thread_index=1 (001)

State 63 file /home/dell/zyworkspace/nichecker/Experiment/remarks2.1_LA/svp_simple_018/_mt_svp_simple_018_001_result/_cs_svp_simple_018_001_para2_rwr_mt_svp_simple_018_001.c line 553 function main thread 0
----------------------------------------------------
  __cs_pc_cs[1l]=2 (010)

State 68 file /home/dell/zyworkspace/nichecker/Experiment/remarks2.1_LA/svp_simple_018/_mt_svp_simple_018_001_result/_cs_svp_simple_018_001_para2_rwr_mt_svp_simple_018_001.c line 559 function main thread 0
----------------------------------------------------
  __cs_param_main_task_arg=NULL (0000000000000000000000000000000000000000000000000000000000000000)

State 73 file /home/dell/zyworkspace/nichecker/Experiment/remarks2.1_LA/svp_simple_018/_mt_svp_simple_018_001_result/_cs_svp_simple_018_001_para2_rwr_mt_svp_simple_018_001.c line 165 function main_task_0 thread 0
----------------------------------------------------
  __cs_disable_thread[3l]=0 (0)

State 74 file /home/dell/zyworkspace/nichecker/Experiment/remarks2.1_LA/svp_simple_018/_mt_svp_simple_018_001_result/_cs_svp_simple_018_001_para2_rwr_mt_svp_simple_018_001.c line 168 function main_task_0 thread 0
----------------------------------------------------
  __cs_disable_thread[2l]=0 (0)

State 75 file /home/dell/zyworkspace/nichecker/Experiment/remarks2.1_LA/svp_simple_018/_mt_svp_simple_018_001_result/_cs_svp_simple_018_001_para2_rwr_mt_svp_simple_018_001.c line 171 function main_task_0 thread 0
----------------------------------------------------
  __cs_disable_thread[0l]=0 (0)

State 76 file /home/dell/zyworkspace/nichecker/Experiment/remarks2.1_LA/svp_simple_018/_mt_svp_simple_018_001_result/_cs_svp_simple_018_001_para2_rwr_mt_svp_simple_018_001.c line 180 function main_task_0 thread 0
----------------------------------------------------
  __cs_local_main_task_svp_simple_018_001_perimete=0.000000f (00000000000000000000000000000000)

State 77 file /home/dell/zyworkspace/nichecker/Experiment/remarks2.1_LA/svp_simple_018/_mt_svp_simple_018_001_result/_cs_svp_simple_018_001_para2_rwr_mt_svp_simple_018_001.c line 184 function main_task_0 thread 0
----------------------------------------------------
  __cs_local_main_task_svp_simple_018_001_area=0.000000f (00000000000000000000000000000000)

State 78 file /home/dell/zyworkspace/nichecker/Experiment/remarks2.1_LA/svp_simple_018/_mt_svp_simple_018_001_result/_cs_svp_simple_018_001_para2_rwr_mt_svp_simple_018_001.c line 191 function main_task_0 thread 0
----------------------------------------------------
  __cs_local_main_task_perimete=0.000000f (00000000000000000000000000000000)

State 80 file /home/dell/zyworkspace/nichecker/Experiment/remarks2.1_LA/svp_simple_018/_mt_svp_simple_018_001_result/_cs_svp_simple_018_001_para2_rwr_mt_svp_simple_018_001.c line 196 function main_task_0 thread 0
----------------------------------------------------
  __cs_local_main_task_perimete=0.000000f (00000000000000000000000000000000)

State 81 file /home/dell/zyworkspace/nichecker/Experiment/remarks2.1_LA/svp_simple_018/_mt_svp_simple_018_001_result/_cs_svp_simple_018_001_para2_rwr_mt_svp_simple_018_001.c line 199 function main_task_0 thread 0
----------------------------------------------------
  rwr_r1=0.000000f (00000000000000000000000000000000)

State 83 file /home/dell/zyworkspace/nichecker/Experiment/remarks2.1_LA/svp_simple_018/_mt_svp_simple_018_001_result/_cs_svp_simple_018_001_para2_rwr_mt_svp_simple_018_001.c line 203 function main_task_0 thread 0
----------------------------------------------------
  rwr_tmp1_num=1 (00000000000000000000000000000001)

State 84 file /home/dell/zyworkspace/nichecker/Experiment/remarks2.1_LA/svp_simple_018/_mt_svp_simple_018_001_result/_cs_svp_simple_018_001_para2_rwr_mt_svp_simple_018_001.c line 204 function main_task_0 thread 0
----------------------------------------------------
  rwr_tmp1=0.000000f (00000000000000000000000000000000)

State 85 file /home/dell/zyworkspace/nichecker/Experiment/remarks2.1_LA/svp_simple_018/_mt_svp_simple_018_001_result/_cs_svp_simple_018_001_para2_rwr_mt_svp_simple_018_001.c line 208 function main_task_0 thread 0
----------------------------------------------------
  __cs_local_main_task___cs_retval__svp_simple_018_001_func1_0=0.000000f (00000000000000000000000000000000)

State 86 file /home/dell/zyworkspace/nichecker/Experiment/remarks2.1_LA/svp_simple_018/_mt_svp_simple_018_001_result/_cs_svp_simple_018_001_para2_rwr_mt_svp_simple_018_001.c line 214 function main_task_0 thread 0
----------------------------------------------------
  __cs_local_main_task_svp_simple_018_001_perimete=0.000000f (00000000000000000000000000000000)

State 87 file /home/dell/zyworkspace/nichecker/Experiment/remarks2.1_LA/svp_simple_018/_mt_svp_simple_018_001_result/_cs_svp_simple_018_001_para2_rwr_mt_svp_simple_018_001.c line 221 function main_task_0 thread 0
----------------------------------------------------
  __cs_local_main_task_area=0.000000f (00000000000000000000000000000000)

State 93 file /home/dell/zyworkspace/nichecker/Experiment/remarks2.1_LA/svp_simple_018/_mt_svp_simple_018_001_result/_cs_svp_simple_018_001_para2_rwr_mt_svp_simple_018_001.c line 277 function main_task_0 thread 0
----------------------------------------------------
  __cs_value_ptr=NULL (0000000000000000000000000000000000000000000000000000000000000000)

State 98 file /home/dell/zyworkspace/nichecker/Experiment/remarks2.1_LA/svp_simple_018/_mt_svp_simple_018_001_result/_cs_svp_simple_018_001_para2_rwr_mt_svp_simple_018_001.c line 561 function main thread 0
----------------------------------------------------
  __cs_pc[1l]=2 (010)

State 99 file /home/dell/zyworkspace/nichecker/Experiment/remarks2.1_LA/svp_simple_018/_mt_svp_simple_018_001_result/_cs_svp_simple_018_001_para2_rwr_mt_svp_simple_018_001.c line 567 function main thread 0
----------------------------------------------------
  __cs_tmp_t2_r0=0 (00)

State 101 file /home/dell/zyworkspace/nichecker/Experiment/remarks2.1_LA/svp_simple_018/_mt_svp_simple_018_001_result/_cs_svp_simple_018_001_para2_rwr_mt_svp_simple_018_001.c line 572 function main thread 0
----------------------------------------------------
  __cs_thread_index=2 (010)

State 102 file /home/dell/zyworkspace/nichecker/Experiment/remarks2.1_LA/svp_simple_018/_mt_svp_simple_018_001_result/_cs_svp_simple_018_001_para2_rwr_mt_svp_simple_018_001.c line 574 function main thread 0
----------------------------------------------------
  __cs_pc_cs[2l]=0 (000)

State 107 file /home/dell/zyworkspace/nichecker/Experiment/remarks2.1_LA/svp_simple_018/_mt_svp_simple_018_001_result/_cs_svp_simple_018_001_para2_rwr_mt_svp_simple_018_001.c line 580 function main thread 0
----------------------------------------------------
  __cs_param_svp_simple_018_001_isr_1_arg=NULL (0000000000000000000000000000000000000000000000000000000000000000)

State 113 file /home/dell/zyworkspace/nichecker/Experiment/remarks2.1_LA/svp_simple_018/_mt_svp_simple_018_001_result/_cs_svp_simple_018_001_para2_rwr_mt_svp_simple_018_001.c line 409 function svp_simple_018_001_isr_1_0 thread 0
----------------------------------------------------
  __cs_value_ptr=NULL (0000000000000000000000000000000000000000000000000000000000000000)

State 118 file /home/dell/zyworkspace/nichecker/Experiment/remarks2.1_LA/svp_simple_018/_mt_svp_simple_018_001_result/_cs_svp_simple_018_001_para2_rwr_mt_svp_simple_018_001.c line 582 function main thread 0
----------------------------------------------------
  __cs_pc[2l]=0 (000)

State 119 file /home/dell/zyworkspace/nichecker/Experiment/remarks2.1_LA/svp_simple_018/_mt_svp_simple_018_001_result/_cs_svp_simple_018_001_para2_rwr_mt_svp_simple_018_001.c line 588 function main thread 0
----------------------------------------------------
  __cs_tmp_t3_r0=1 (1)

State 121 file /home/dell/zyworkspace/nichecker/Experiment/remarks2.1_LA/svp_simple_018/_mt_svp_simple_018_001_result/_cs_svp_simple_018_001_para2_rwr_mt_svp_simple_018_001.c line 593 function main thread 0
----------------------------------------------------
  __cs_thread_index=3 (011)

State 122 file /home/dell/zyworkspace/nichecker/Experiment/remarks2.1_LA/svp_simple_018/_mt_svp_simple_018_001_result/_cs_svp_simple_018_001_para2_rwr_mt_svp_simple_018_001.c line 595 function main thread 0
----------------------------------------------------
  __cs_pc_cs[3l]=1 (001)

State 127 file /home/dell/zyworkspace/nichecker/Experiment/remarks2.1_LA/svp_simple_018/_mt_svp_simple_018_001_result/_cs_svp_simple_018_001_para2_rwr_mt_svp_simple_018_001.c line 601 function main thread 0
----------------------------------------------------
  __cs_param_svp_simple_018_001_isr_2_arg=NULL (0000000000000000000000000000000000000000000000000000000000000000)

State 129 file /home/dell/zyworkspace/nichecker/Experiment/remarks2.1_LA/svp_simple_018/_mt_svp_simple_018_001_result/_cs_svp_simple_018_001_para2_rwr_mt_svp_simple_018_001.c line 422 function svp_simple_018_001_isr_2_0 thread 0
----------------------------------------------------
  __cs_local_svp_simple_018_001_isr_2_i=0 (00000000000000000000000000000000)

State 130 file /home/dell/zyworkspace/nichecker/Experiment/remarks2.1_LA/svp_simple_018/_mt_svp_simple_018_001_result/_cs_svp_simple_018_001_para2_rwr_mt_svp_simple_018_001.c line 424 function svp_simple_018_001_isr_2_0 thread 0
----------------------------------------------------
  __cs_local_svp_simple_018_001_isr_2_i=0 (00000000000000000000000000000000)

State 131 file /home/dell/zyworkspace/nichecker/Experiment/remarks2.1_LA/svp_simple_018/_mt_svp_simple_018_001_result/_cs_svp_simple_018_001_para2_rwr_mt_svp_simple_018_001.c line 431 function svp_simple_018_001_isr_2_0 thread 0
----------------------------------------------------
  __cs_local_svp_simple_018_001_isr_2_t_2=0 (00000000000000000000000000000000)

State 133 file /home/dell/zyworkspace/nichecker/Experiment/remarks2.1_LA/svp_simple_018/_mt_svp_simple_018_001_result/_cs_svp_simple_018_001_para2_rwr_mt_svp_simple_018_001.c line 446 function svp_simple_018_001_isr_2_0 thread 0
----------------------------------------------------
  __cs_local_svp_simple_018_001_isr_2_loop_2_IOVar1=0 (00000000000000000000000000000000)

State 134 file /home/dell/zyworkspace/nichecker/Experiment/remarks2.1_LA/svp_simple_018/_mt_svp_simple_018_001_result/_cs_svp_simple_018_001_para2_rwr_mt_svp_simple_018_001.c line 448 function svp_simple_018_001_isr_2_0 thread 0
----------------------------------------------------
  __cs_local_svp_simple_018_001_isr_2_loop_2_block_1=100 (00000000000000000000000001100100)

State 135 file /home/dell/zyworkspace/nichecker/Experiment/remarks2.1_LA/svp_simple_018/_mt_svp_simple_018_001_result/_cs_svp_simple_018_001_para2_rwr_mt_svp_simple_018_001.c line 450 function svp_simple_018_001_isr_2_0 thread 0
----------------------------------------------------
  __cs_local_svp_simple_018_001_isr_2_i=100 (00000000000000000000000001100100)

State 138 file /home/dell/zyworkspace/nichecker/Experiment/remarks2.1_LA/svp_simple_018/_mt_svp_simple_018_001_result/_cs_svp_simple_018_001_para2_rwr_mt_svp_simple_018_001.c line 461 function svp_simple_018_001_isr_2_0 thread 0
----------------------------------------------------
  __cs_local_svp_simple_018_001_isr_2_i=101 (00000000000000000000000001100101)

State 139 file /home/dell/zyworkspace/nichecker/Experiment/remarks2.1_LA/svp_simple_018/_mt_svp_simple_018_001_result/_cs_svp_simple_018_001_para2_rwr_mt_svp_simple_018_001.c line 466 function svp_simple_018_001_isr_2_0 thread 0
----------------------------------------------------
  __cs_local_svp_simple_018_001_isr_2_t_2=1 (00000000000000000000000000000001)

State 144 file /home/dell/zyworkspace/nichecker/Experiment/remarks2.1_LA/svp_simple_018/_mt_svp_simple_018_001_result/_cs_svp_simple_018_001_para2_rwr_mt_svp_simple_018_001.c line 521 function svp_simple_018_001_isr_2_0 thread 0
----------------------------------------------------
  svp_simple_018_001_para2=1.000000f (00111111100000000000000000000000)

State 148 file /home/dell/zyworkspace/nichecker/Experiment/remarks2.1_LA/svp_simple_018/_mt_svp_simple_018_001_result/_cs_svp_simple_018_001_para2_rwr_mt_svp_simple_018_001.c line 535 function svp_simple_018_001_isr_2_0 thread 0
----------------------------------------------------
  __cs_value_ptr=NULL (0000000000000000000000000000000000000000000000000000000000000000)

State 153 file /home/dell/zyworkspace/nichecker/Experiment/remarks2.1_LA/svp_simple_018/_mt_svp_simple_018_001_result/_cs_svp_simple_018_001_para2_rwr_mt_svp_simple_018_001.c line 603 function main thread 0
----------------------------------------------------
  __cs_pc[3l]=1 (001)

State 154 file /home/dell/zyworkspace/nichecker/Experiment/remarks2.1_LA/svp_simple_018/_mt_svp_simple_018_001_result/_cs_svp_simple_018_001_para2_rwr_mt_svp_simple_018_001.c line 613 function main thread 0
----------------------------------------------------
  __cs_tmp_t1_r1=3 (011)

State 161 file /home/dell/zyworkspace/nichecker/Experiment/remarks2.1_LA/svp_simple_018/_mt_svp_simple_018_001_result/_cs_svp_simple_018_001_para2_rwr_mt_svp_simple_018_001.c line 618 function main thread 0
----------------------------------------------------
  __cs_thread_index=1 (001)

State 162 file /home/dell/zyworkspace/nichecker/Experiment/remarks2.1_LA/svp_simple_018/_mt_svp_simple_018_001_result/_cs_svp_simple_018_001_para2_rwr_mt_svp_simple_018_001.c line 620 function main thread 0
----------------------------------------------------
  __cs_pc_cs[1l]=3 (011)

State 167 file /home/dell/zyworkspace/nichecker/Experiment/remarks2.1_LA/svp_simple_018/_mt_svp_simple_018_001_result/_cs_svp_simple_018_001_para2_rwr_mt_svp_simple_018_001.c line 626 function main thread 0
----------------------------------------------------
  __cs_param_main_task_arg=NULL (0000000000000000000000000000000000000000000000000000000000000000)

State 171 file /home/dell/zyworkspace/nichecker/Experiment/remarks2.1_LA/svp_simple_018/_mt_svp_simple_018_001_result/_cs_svp_simple_018_001_para2_rwr_mt_svp_simple_018_001.c line 228 function main_task_0 thread 0
----------------------------------------------------
  __cs_temporary_0=1.000000f (00111111100000000000000000000000)

State 172 file /home/dell/zyworkspace/nichecker/Experiment/remarks2.1_LA/svp_simple_018/_mt_svp_simple_018_001_result/_cs_svp_simple_018_001_para2_rwr_mt_svp_simple_018_001.c line 230 function main_task_0 thread 0
----------------------------------------------------
  rwr_r2=1.000000f (00111111100000000000000000000000)

Violated property:
  file /home/dell/zyworkspace/nichecker/Experiment/remarks2.1_LA/svp_simple_018/_mt_svp_simple_018_001_result/_cs_svp_simple_018_001_para2_rwr_mt_svp_simple_018_001.c line 232 function main_task_0
  assertion IEEE_FLOAT_EQUAL(rwr_r2, rwr_tmp1)
  IEEE_FLOAT_EQUAL(rwr_r2, rwr_tmp1)


Trace for main_task_0.assertion.3:

State 60 file /home/dell/zyworkspace/nichecker/Experiment/remarks2.1_LA/svp_simple_018/_mt_svp_simple_018_001_result/_cs_svp_simple_018_001_para2_rwr_mt_svp_simple_018_001.c line 547 function main thread 0
----------------------------------------------------
  __cs_tmp_t1_r0=3 (011)

State 62 file /home/dell/zyworkspace/nichecker/Experiment/remarks2.1_LA/svp_simple_018/_mt_svp_simple_018_001_result/_cs_svp_simple_018_001_para2_rwr_mt_svp_simple_018_001.c line 551 function main thread 0
----------------------------------------------------
  __cs_thread_index=1 (001)

State 63 file /home/dell/zyworkspace/nichecker/Experiment/remarks2.1_LA/svp_simple_018/_mt_svp_simple_018_001_result/_cs_svp_simple_018_001_para2_rwr_mt_svp_simple_018_001.c line 553 function main thread 0
----------------------------------------------------
  __cs_pc_cs[1l]=3 (011)

State 68 file /home/dell/zyworkspace/nichecker/Experiment/remarks2.1_LA/svp_simple_018/_mt_svp_simple_018_001_result/_cs_svp_simple_018_001_para2_rwr_mt_svp_simple_018_001.c line 559 function main thread 0
----------------------------------------------------
  __cs_param_main_task_arg=NULL (0000000000000000000000000000000000000000000000000000000000000000)

State 73 file /home/dell/zyworkspace/nichecker/Experiment/remarks2.1_LA/svp_simple_018/_mt_svp_simple_018_001_result/_cs_svp_simple_018_001_para2_rwr_mt_svp_simple_018_001.c line 165 function main_task_0 thread 0
----------------------------------------------------
  __cs_disable_thread[3l]=0 (0)

State 74 file /home/dell/zyworkspace/nichecker/Experiment/remarks2.1_LA/svp_simple_018/_mt_svp_simple_018_001_result/_cs_svp_simple_018_001_para2_rwr_mt_svp_simple_018_001.c line 168 function main_task_0 thread 0
----------------------------------------------------
  __cs_disable_thread[2l]=0 (0)

State 75 file /home/dell/zyworkspace/nichecker/Experiment/remarks2.1_LA/svp_simple_018/_mt_svp_simple_018_001_result/_cs_svp_simple_018_001_para2_rwr_mt_svp_simple_018_001.c line 171 function main_task_0 thread 0
----------------------------------------------------
  __cs_disable_thread[0l]=0 (0)

State 76 file /home/dell/zyworkspace/nichecker/Experiment/remarks2.1_LA/svp_simple_018/_mt_svp_simple_018_001_result/_cs_svp_simple_018_001_para2_rwr_mt_svp_simple_018_001.c line 180 function main_task_0 thread 0
----------------------------------------------------
  __cs_local_main_task_svp_simple_018_001_perimete=0.000000f (00000000000000000000000000000000)

State 77 file /home/dell/zyworkspace/nichecker/Experiment/remarks2.1_LA/svp_simple_018/_mt_svp_simple_018_001_result/_cs_svp_simple_018_001_para2_rwr_mt_svp_simple_018_001.c line 184 function main_task_0 thread 0
----------------------------------------------------
  __cs_local_main_task_svp_simple_018_001_area=0.000000f (00000000000000000000000000000000)

State 78 file /home/dell/zyworkspace/nichecker/Experiment/remarks2.1_LA/svp_simple_018/_mt_svp_simple_018_001_result/_cs_svp_simple_018_001_para2_rwr_mt_svp_simple_018_001.c line 191 function main_task_0 thread 0
----------------------------------------------------
  __cs_local_main_task_perimete=0.000000f (00000000000000000000000000000000)

State 80 file /home/dell/zyworkspace/nichecker/Experiment/remarks2.1_LA/svp_simple_018/_mt_svp_simple_018_001_result/_cs_svp_simple_018_001_para2_rwr_mt_svp_simple_018_001.c line 196 function main_task_0 thread 0
----------------------------------------------------
  __cs_local_main_task_perimete=0.000000f (00000000000000000000000000000000)

State 81 file /home/dell/zyworkspace/nichecker/Experiment/remarks2.1_LA/svp_simple_018/_mt_svp_simple_018_001_result/_cs_svp_simple_018_001_para2_rwr_mt_svp_simple_018_001.c line 199 function main_task_0 thread 0
----------------------------------------------------
  rwr_r1=0.000000f (00000000000000000000000000000000)

State 83 file /home/dell/zyworkspace/nichecker/Experiment/remarks2.1_LA/svp_simple_018/_mt_svp_simple_018_001_result/_cs_svp_simple_018_001_para2_rwr_mt_svp_simple_018_001.c line 203 function main_task_0 thread 0
----------------------------------------------------
  rwr_tmp1_num=1 (00000000000000000000000000000001)

State 84 file /home/dell/zyworkspace/nichecker/Experiment/remarks2.1_LA/svp_simple_018/_mt_svp_simple_018_001_result/_cs_svp_simple_018_001_para2_rwr_mt_svp_simple_018_001.c line 204 function main_task_0 thread 0
----------------------------------------------------
  rwr_tmp1=0.000000f (00000000000000000000000000000000)

State 85 file /home/dell/zyworkspace/nichecker/Experiment/remarks2.1_LA/svp_simple_018/_mt_svp_simple_018_001_result/_cs_svp_simple_018_001_para2_rwr_mt_svp_simple_018_001.c line 208 function main_task_0 thread 0
----------------------------------------------------
  __cs_local_main_task___cs_retval__svp_simple_018_001_func1_0=0.000000f (00000000000000000000000000000000)

State 86 file /home/dell/zyworkspace/nichecker/Experiment/remarks2.1_LA/svp_simple_018/_mt_svp_simple_018_001_result/_cs_svp_simple_018_001_para2_rwr_mt_svp_simple_018_001.c line 214 function main_task_0 thread 0
----------------------------------------------------
  __cs_local_main_task_svp_simple_018_001_perimete=0.000000f (00000000000000000000000000000000)

State 87 file /home/dell/zyworkspace/nichecker/Experiment/remarks2.1_LA/svp_simple_018/_mt_svp_simple_018_001_result/_cs_svp_simple_018_001_para2_rwr_mt_svp_simple_018_001.c line 221 function main_task_0 thread 0
----------------------------------------------------
  __cs_local_main_task_area=0.000000f (00000000000000000000000000000000)

State 89 file /home/dell/zyworkspace/nichecker/Experiment/remarks2.1_LA/svp_simple_018/_mt_svp_simple_018_001_result/_cs_svp_simple_018_001_para2_rwr_mt_svp_simple_018_001.c line 228 function main_task_0 thread 0
----------------------------------------------------
  __cs_temporary_0=0.000000f (00000000000000000000000000000000)

State 90 file /home/dell/zyworkspace/nichecker/Experiment/remarks2.1_LA/svp_simple_018/_mt_svp_simple_018_001_result/_cs_svp_simple_018_001_para2_rwr_mt_svp_simple_018_001.c line 230 function main_task_0 thread 0
----------------------------------------------------
  rwr_r2=0.000000f (00000000000000000000000000000000)

State 92 file /home/dell/zyworkspace/nichecker/Experiment/remarks2.1_LA/svp_simple_018/_mt_svp_simple_018_001_result/_cs_svp_simple_018_001_para2_rwr_mt_svp_simple_018_001.c line 234 function main_task_0 thread 0
----------------------------------------------------
  rwr_tmp1_num=2 (00000000000000000000000000000010)

State 93 file /home/dell/zyworkspace/nichecker/Experiment/remarks2.1_LA/svp_simple_018/_mt_svp_simple_018_001_result/_cs_svp_simple_018_001_para2_rwr_mt_svp_simple_018_001.c line 235 function main_task_0 thread 0
----------------------------------------------------
  rwr_tmp1=0.000000f (00000000000000000000000000000000)

State 98 file /home/dell/zyworkspace/nichecker/Experiment/remarks2.1_LA/svp_simple_018/_mt_svp_simple_018_001_result/_cs_svp_simple_018_001_para2_rwr_mt_svp_simple_018_001.c line 277 function main_task_0 thread 0
----------------------------------------------------
  __cs_value_ptr=NULL (0000000000000000000000000000000000000000000000000000000000000000)

State 103 file /home/dell/zyworkspace/nichecker/Experiment/remarks2.1_LA/svp_simple_018/_mt_svp_simple_018_001_result/_cs_svp_simple_018_001_para2_rwr_mt_svp_simple_018_001.c line 561 function main thread 0
----------------------------------------------------
  __cs_pc[1l]=3 (011)

State 104 file /home/dell/zyworkspace/nichecker/Experiment/remarks2.1_LA/svp_simple_018/_mt_svp_simple_018_001_result/_cs_svp_simple_018_001_para2_rwr_mt_svp_simple_018_001.c line 567 function main thread 0
----------------------------------------------------
  __cs_tmp_t2_r0=0 (00)

State 106 file /home/dell/zyworkspace/nichecker/Experiment/remarks2.1_LA/svp_simple_018/_mt_svp_simple_018_001_result/_cs_svp_simple_018_001_para2_rwr_mt_svp_simple_018_001.c line 572 function main thread 0
----------------------------------------------------
  __cs_thread_index=2 (010)

State 107 file /home/dell/zyworkspace/nichecker/Experiment/remarks2.1_LA/svp_simple_018/_mt_svp_simple_018_001_result/_cs_svp_simple_018_001_para2_rwr_mt_svp_simple_018_001.c line 574 function main thread 0
----------------------------------------------------
  __cs_pc_cs[2l]=0 (000)

State 112 file /home/dell/zyworkspace/nichecker/Experiment/remarks2.1_LA/svp_simple_018/_mt_svp_simple_018_001_result/_cs_svp_simple_018_001_para2_rwr_mt_svp_simple_018_001.c line 580 function main thread 0
----------------------------------------------------
  __cs_param_svp_simple_018_001_isr_1_arg=NULL (0000000000000000000000000000000000000000000000000000000000000000)

State 118 file /home/dell/zyworkspace/nichecker/Experiment/remarks2.1_LA/svp_simple_018/_mt_svp_simple_018_001_result/_cs_svp_simple_018_001_para2_rwr_mt_svp_simple_018_001.c line 409 function svp_simple_018_001_isr_1_0 thread 0
----------------------------------------------------
  __cs_value_ptr=NULL (0000000000000000000000000000000000000000000000000000000000000000)

State 123 file /home/dell/zyworkspace/nichecker/Experiment/remarks2.1_LA/svp_simple_018/_mt_svp_simple_018_001_result/_cs_svp_simple_018_001_para2_rwr_mt_svp_simple_018_001.c line 582 function main thread 0
----------------------------------------------------
  __cs_pc[2l]=0 (000)

State 124 file /home/dell/zyworkspace/nichecker/Experiment/remarks2.1_LA/svp_simple_018/_mt_svp_simple_018_001_result/_cs_svp_simple_018_001_para2_rwr_mt_svp_simple_018_001.c line 588 function main thread 0
----------------------------------------------------
  __cs_tmp_t3_r0=1 (1)

State 126 file /home/dell/zyworkspace/nichecker/Experiment/remarks2.1_LA/svp_simple_018/_mt_svp_simple_018_001_result/_cs_svp_simple_018_001_para2_rwr_mt_svp_simple_018_001.c line 593 function main thread 0
----------------------------------------------------
  __cs_thread_index=3 (011)

State 127 file /home/dell/zyworkspace/nichecker/Experiment/remarks2.1_LA/svp_simple_018/_mt_svp_simple_018_001_result/_cs_svp_simple_018_001_para2_rwr_mt_svp_simple_018_001.c line 595 function main thread 0
----------------------------------------------------
  __cs_pc_cs[3l]=1 (001)

State 132 file /home/dell/zyworkspace/nichecker/Experiment/remarks2.1_LA/svp_simple_018/_mt_svp_simple_018_001_result/_cs_svp_simple_018_001_para2_rwr_mt_svp_simple_018_001.c line 601 function main thread 0
----------------------------------------------------
  __cs_param_svp_simple_018_001_isr_2_arg=NULL (0000000000000000000000000000000000000000000000000000000000000000)

State 134 file /home/dell/zyworkspace/nichecker/Experiment/remarks2.1_LA/svp_simple_018/_mt_svp_simple_018_001_result/_cs_svp_simple_018_001_para2_rwr_mt_svp_simple_018_001.c line 422 function svp_simple_018_001_isr_2_0 thread 0
----------------------------------------------------
  __cs_local_svp_simple_018_001_isr_2_i=0 (00000000000000000000000000000000)

State 135 file /home/dell/zyworkspace/nichecker/Experiment/remarks2.1_LA/svp_simple_018/_mt_svp_simple_018_001_result/_cs_svp_simple_018_001_para2_rwr_mt_svp_simple_018_001.c line 424 function svp_simple_018_001_isr_2_0 thread 0
----------------------------------------------------
  __cs_local_svp_simple_018_001_isr_2_i=0 (00000000000000000000000000000000)

State 136 file /home/dell/zyworkspace/nichecker/Experiment/remarks2.1_LA/svp_simple_018/_mt_svp_simple_018_001_result/_cs_svp_simple_018_001_para2_rwr_mt_svp_simple_018_001.c line 431 function svp_simple_018_001_isr_2_0 thread 0
----------------------------------------------------
  __cs_local_svp_simple_018_001_isr_2_t_2=0 (00000000000000000000000000000000)

State 138 file /home/dell/zyworkspace/nichecker/Experiment/remarks2.1_LA/svp_simple_018/_mt_svp_simple_018_001_result/_cs_svp_simple_018_001_para2_rwr_mt_svp_simple_018_001.c line 446 function svp_simple_018_001_isr_2_0 thread 0
----------------------------------------------------
  __cs_local_svp_simple_018_001_isr_2_loop_2_IOVar1=0 (00000000000000000000000000000000)

State 139 file /home/dell/zyworkspace/nichecker/Experiment/remarks2.1_LA/svp_simple_018/_mt_svp_simple_018_001_result/_cs_svp_simple_018_001_para2_rwr_mt_svp_simple_018_001.c line 448 function svp_simple_018_001_isr_2_0 thread 0
----------------------------------------------------
  __cs_local_svp_simple_018_001_isr_2_loop_2_block_1=100 (00000000000000000000000001100100)

State 140 file /home/dell/zyworkspace/nichecker/Experiment/remarks2.1_LA/svp_simple_018/_mt_svp_simple_018_001_result/_cs_svp_simple_018_001_para2_rwr_mt_svp_simple_018_001.c line 450 function svp_simple_018_001_isr_2_0 thread 0
----------------------------------------------------
  __cs_local_svp_simple_018_001_isr_2_i=100 (00000000000000000000000001100100)

State 143 file /home/dell/zyworkspace/nichecker/Experiment/remarks2.1_LA/svp_simple_018/_mt_svp_simple_018_001_result/_cs_svp_simple_018_001_para2_rwr_mt_svp_simple_018_001.c line 461 function svp_simple_018_001_isr_2_0 thread 0
----------------------------------------------------
  __cs_local_svp_simple_018_001_isr_2_i=101 (00000000000000000000000001100101)

State 144 file /home/dell/zyworkspace/nichecker/Experiment/remarks2.1_LA/svp_simple_018/_mt_svp_simple_018_001_result/_cs_svp_simple_018_001_para2_rwr_mt_svp_simple_018_001.c line 466 function svp_simple_018_001_isr_2_0 thread 0
----------------------------------------------------
  __cs_local_svp_simple_018_001_isr_2_t_2=1 (00000000000000000000000000000001)

State 149 file /home/dell/zyworkspace/nichecker/Experiment/remarks2.1_LA/svp_simple_018/_mt_svp_simple_018_001_result/_cs_svp_simple_018_001_para2_rwr_mt_svp_simple_018_001.c line 521 function svp_simple_018_001_isr_2_0 thread 0
----------------------------------------------------
  svp_simple_018_001_para2=1.000000f (00111111100000000000000000000000)

State 153 file /home/dell/zyworkspace/nichecker/Experiment/remarks2.1_LA/svp_simple_018/_mt_svp_simple_018_001_result/_cs_svp_simple_018_001_para2_rwr_mt_svp_simple_018_001.c line 535 function svp_simple_018_001_isr_2_0 thread 0
----------------------------------------------------
  __cs_value_ptr=NULL (0000000000000000000000000000000000000000000000000000000000000000)

State 158 file /home/dell/zyworkspace/nichecker/Experiment/remarks2.1_LA/svp_simple_018/_mt_svp_simple_018_001_result/_cs_svp_simple_018_001_para2_rwr_mt_svp_simple_018_001.c line 603 function main thread 0
----------------------------------------------------
  __cs_pc[3l]=1 (001)

State 159 file /home/dell/zyworkspace/nichecker/Experiment/remarks2.1_LA/svp_simple_018/_mt_svp_simple_018_001_result/_cs_svp_simple_018_001_para2_rwr_mt_svp_simple_018_001.c line 613 function main thread 0
----------------------------------------------------
  __cs_tmp_t1_r1=3 (011)

State 166 file /home/dell/zyworkspace/nichecker/Experiment/remarks2.1_LA/svp_simple_018/_mt_svp_simple_018_001_result/_cs_svp_simple_018_001_para2_rwr_mt_svp_simple_018_001.c line 618 function main thread 0
----------------------------------------------------
  __cs_thread_index=1 (001)

State 167 file /home/dell/zyworkspace/nichecker/Experiment/remarks2.1_LA/svp_simple_018/_mt_svp_simple_018_001_result/_cs_svp_simple_018_001_para2_rwr_mt_svp_simple_018_001.c line 620 function main thread 0
----------------------------------------------------
  __cs_pc_cs[1l]=3 (011)

State 172 file /home/dell/zyworkspace/nichecker/Experiment/remarks2.1_LA/svp_simple_018/_mt_svp_simple_018_001_result/_cs_svp_simple_018_001_para2_rwr_mt_svp_simple_018_001.c line 626 function main thread 0
----------------------------------------------------
  __cs_param_main_task_arg=NULL (0000000000000000000000000000000000000000000000000000000000000000)

State 180 file /home/dell/zyworkspace/nichecker/Experiment/remarks2.1_LA/svp_simple_018/_mt_svp_simple_018_001_result/_cs_svp_simple_018_001_para2_rwr_mt_svp_simple_018_001.c line 277 function main_task_0 thread 0
----------------------------------------------------
  __cs_value_ptr=NULL (0000000000000000000000000000000000000000000000000000000000000000)

State 185 file /home/dell/zyworkspace/nichecker/Experiment/remarks2.1_LA/svp_simple_018/_mt_svp_simple_018_001_result/_cs_svp_simple_018_001_para2_rwr_mt_svp_simple_018_001.c line 628 function main thread 0
----------------------------------------------------
  __cs_pc[1l]=3 (011)

State 186 file /home/dell/zyworkspace/nichecker/Experiment/remarks2.1_LA/svp_simple_018/_mt_svp_simple_018_001_result/_cs_svp_simple_018_001_para2_rwr_mt_svp_simple_018_001.c line 634 function main thread 0
----------------------------------------------------
  __cs_tmp_t2_r1=2 (10)

State 188 file /home/dell/zyworkspace/nichecker/Experiment/remarks2.1_LA/svp_simple_018/_mt_svp_simple_018_001_result/_cs_svp_simple_018_001_para2_rwr_mt_svp_simple_018_001.c line 639 function main thread 0
----------------------------------------------------
  __cs_thread_index=2 (010)

State 189 file /home/dell/zyworkspace/nichecker/Experiment/remarks2.1_LA/svp_simple_018/_mt_svp_simple_018_001_result/_cs_svp_simple_018_001_para2_rwr_mt_svp_simple_018_001.c line 641 function main thread 0
----------------------------------------------------
  __cs_pc_cs[2l]=2 (010)

State 194 file /home/dell/zyworkspace/nichecker/Experiment/remarks2.1_LA/svp_simple_018/_mt_svp_simple_018_001_result/_cs_svp_simple_018_001_para2_rwr_mt_svp_simple_018_001.c line 647 function main thread 0
----------------------------------------------------
  __cs_param_svp_simple_018_001_isr_1_arg=NULL (0000000000000000000000000000000000000000000000000000000000000000)

State 196 file /home/dell/zyworkspace/nichecker/Experiment/remarks2.1_LA/svp_simple_018/_mt_svp_simple_018_001_result/_cs_svp_simple_018_001_para2_rwr_mt_svp_simple_018_001.c line 290 function svp_simple_018_001_isr_1_0 thread 0
----------------------------------------------------
  __cs_local_svp_simple_018_001_isr_1_i=0 (00000000000000000000000000000000)

State 197 file /home/dell/zyworkspace/nichecker/Experiment/remarks2.1_LA/svp_simple_018/_mt_svp_simple_018_001_result/_cs_svp_simple_018_001_para2_rwr_mt_svp_simple_018_001.c line 292 function svp_simple_018_001_isr_1_0 thread 0
----------------------------------------------------
  __cs_local_svp_simple_018_001_isr_1_i=0 (00000000000000000000000000000000)

State 198 file /home/dell/zyworkspace/nichecker/Experiment/remarks2.1_LA/svp_simple_018/_mt_svp_simple_018_001_result/_cs_svp_simple_018_001_para2_rwr_mt_svp_simple_018_001.c line 299 function svp_simple_018_001_isr_1_0 thread 0
----------------------------------------------------
  __cs_local_svp_simple_018_001_isr_1_t_1=0 (00000000000000000000000000000000)

State 200 file /home/dell/zyworkspace/nichecker/Experiment/remarks2.1_LA/svp_simple_018/_mt_svp_simple_018_001_result/_cs_svp_simple_018_001_para2_rwr_mt_svp_simple_018_001.c line 317 function svp_simple_018_001_isr_1_0 thread 0
----------------------------------------------------
  __cs_local_svp_simple_018_001_isr_1_loop_1_IOVar1=0 (00000000000000000000000000000000)

State 201 file /home/dell/zyworkspace/nichecker/Experiment/remarks2.1_LA/svp_simple_018/_mt_svp_simple_018_001_result/_cs_svp_simple_018_001_para2_rwr_mt_svp_simple_018_001.c line 319 function svp_simple_018_001_isr_1_0 thread 0
----------------------------------------------------
  __cs_local_svp_simple_018_001_isr_1_loop_1_block_1=100 (00000000000000000000000001100100)

State 202 file /home/dell/zyworkspace/nichecker/Experiment/remarks2.1_LA/svp_simple_018/_mt_svp_simple_018_001_result/_cs_svp_simple_018_001_para2_rwr_mt_svp_simple_018_001.c line 321 function svp_simple_018_001_isr_1_0 thread 0
----------------------------------------------------
  __cs_local_svp_simple_018_001_isr_1_i=100 (00000000000000000000000001100100)

State 205 file /home/dell/zyworkspace/nichecker/Experiment/remarks2.1_LA/svp_simple_018/_mt_svp_simple_018_001_result/_cs_svp_simple_018_001_para2_rwr_mt_svp_simple_018_001.c line 332 function svp_simple_018_001_isr_1_0 thread 0
----------------------------------------------------
  __cs_local_svp_simple_018_001_isr_1_i=101 (00000000000000000000000001100101)

State 206 file /home/dell/zyworkspace/nichecker/Experiment/remarks2.1_LA/svp_simple_018/_mt_svp_simple_018_001_result/_cs_svp_simple_018_001_para2_rwr_mt_svp_simple_018_001.c line 337 function svp_simple_018_001_isr_1_0 thread 0
----------------------------------------------------
  __cs_local_svp_simple_018_001_isr_1_t_1=1 (00000000000000000000000000000001)

State 209 file /home/dell/zyworkspace/nichecker/Experiment/remarks2.1_LA/svp_simple_018/_mt_svp_simple_018_001_result/_cs_svp_simple_018_001_para2_rwr_mt_svp_simple_018_001.c line 344 function svp_simple_018_001_isr_1_0 thread 0
----------------------------------------------------
  __cs_pc[2l]=1 (001)

State 217 file /home/dell/zyworkspace/nichecker/Experiment/remarks2.1_LA/svp_simple_018/_mt_svp_simple_018_001_result/_cs_svp_simple_018_001_para2_rwr_mt_svp_simple_018_001.c line 409 function svp_simple_018_001_isr_1_0 thread 0
----------------------------------------------------
  __cs_value_ptr=NULL (0000000000000000000000000000000000000000000000000000000000000000)

State 222 file /home/dell/zyworkspace/nichecker/Experiment/remarks2.1_LA/svp_simple_018/_mt_svp_simple_018_001_result/_cs_svp_simple_018_001_para2_rwr_mt_svp_simple_018_001.c line 649 function main thread 0
----------------------------------------------------
  __cs_pc[2l]=2 (010)

State 223 file /home/dell/zyworkspace/nichecker/Experiment/remarks2.1_LA/svp_simple_018/_mt_svp_simple_018_001_result/_cs_svp_simple_018_001_para2_rwr_mt_svp_simple_018_001.c line 655 function main thread 0
----------------------------------------------------
  __cs_tmp_t3_r1=1 (1)

State 225 file /home/dell/zyworkspace/nichecker/Experiment/remarks2.1_LA/svp_simple_018/_mt_svp_simple_018_001_result/_cs_svp_simple_018_001_para2_rwr_mt_svp_simple_018_001.c line 660 function main thread 0
----------------------------------------------------
  __cs_thread_index=3 (011)

State 226 file /home/dell/zyworkspace/nichecker/Experiment/remarks2.1_LA/svp_simple_018/_mt_svp_simple_018_001_result/_cs_svp_simple_018_001_para2_rwr_mt_svp_simple_018_001.c line 662 function main thread 0
----------------------------------------------------
  __cs_pc_cs[3l]=1 (001)

State 231 file /home/dell/zyworkspace/nichecker/Experiment/remarks2.1_LA/svp_simple_018/_mt_svp_simple_018_001_result/_cs_svp_simple_018_001_para2_rwr_mt_svp_simple_018_001.c line 668 function main thread 0
----------------------------------------------------
  __cs_param_svp_simple_018_001_isr_2_arg=NULL (0000000000000000000000000000000000000000000000000000000000000000)

State 235 file /home/dell/zyworkspace/nichecker/Experiment/remarks2.1_LA/svp_simple_018/_mt_svp_simple_018_001_result/_cs_svp_simple_018_001_para2_rwr_mt_svp_simple_018_001.c line 535 function svp_simple_018_001_isr_2_0 thread 0
----------------------------------------------------
  __cs_value_ptr=NULL (0000000000000000000000000000000000000000000000000000000000000000)

State 240 file /home/dell/zyworkspace/nichecker/Experiment/remarks2.1_LA/svp_simple_018/_mt_svp_simple_018_001_result/_cs_svp_simple_018_001_para2_rwr_mt_svp_simple_018_001.c line 670 function main thread 0
----------------------------------------------------
  __cs_pc[3l]=1 (001)

State 241 file /home/dell/zyworkspace/nichecker/Experiment/remarks2.1_LA/svp_simple_018/_mt_svp_simple_018_001_result/_cs_svp_simple_018_001_para2_rwr_mt_svp_simple_018_001.c line 674 function main thread 0
----------------------------------------------------
  __cs_tmp_t1_r2=4u (00000000000000000000000000000100)

State 243 file /home/dell/zyworkspace/nichecker/Experiment/remarks2.1_LA/svp_simple_018/_mt_svp_simple_018_001_result/_cs_svp_simple_018_001_para2_rwr_mt_svp_simple_018_001.c line 679 function main thread 0
----------------------------------------------------
  __cs_thread_index=1 (001)

State 244 file /home/dell/zyworkspace/nichecker/Experiment/remarks2.1_LA/svp_simple_018/_mt_svp_simple_018_001_result/_cs_svp_simple_018_001_para2_rwr_mt_svp_simple_018_001.c line 681 function main thread 0
----------------------------------------------------
  __cs_pc_cs[1l]=4 (100)

State 249 file /home/dell/zyworkspace/nichecker/Experiment/remarks2.1_LA/svp_simple_018/_mt_svp_simple_018_001_result/_cs_svp_simple_018_001_para2_rwr_mt_svp_simple_018_001.c line 687 function main thread 0
----------------------------------------------------
  __cs_param_main_task_arg=NULL (0000000000000000000000000000000000000000000000000000000000000000)

State 254 file /home/dell/zyworkspace/nichecker/Experiment/remarks2.1_LA/svp_simple_018/_mt_svp_simple_018_001_result/_cs_svp_simple_018_001_para2_rwr_mt_svp_simple_018_001.c line 243 function main_task_0 thread 0
----------------------------------------------------
  __cs_temporary_1=1.000000f (00111111100000000000000000000000)

State 255 file /home/dell/zyworkspace/nichecker/Experiment/remarks2.1_LA/svp_simple_018/_mt_svp_simple_018_001_result/_cs_svp_simple_018_001_para2_rwr_mt_svp_simple_018_001.c line 245 function main_task_0 thread 0
----------------------------------------------------
  rwr_r3=1.000000f (00111111100000000000000000000000)

Violated property:
  file /home/dell/zyworkspace/nichecker/Experiment/remarks2.1_LA/svp_simple_018/_mt_svp_simple_018_001_result/_cs_svp_simple_018_001_para2_rwr_mt_svp_simple_018_001.c line 247 function main_task_0
  assertion IEEE_FLOAT_EQUAL(rwr_r3, rwr_tmp1)
  IEEE_FLOAT_EQUAL(rwr_r3, rwr_tmp1)


** 2 of 3 failed (3 iterations)
VERIFICATION FAILED
