CBMC version 5.6 64-bit x86_64 linux
Parsing /home/dell/zyworkspace/nichecker/Experiment/remarks2.1_LA/svp_simple_018/_mt_svp_simple_018_001_result/_cs_svp_simple_018_001_para1_rwr_mt_svp_simple_018_001.c
<command-line>: warning: "__STDC_VERSION__" redefined
<built-in>: note: this is the location of the previous definition
Converting
Type-checking _cs_svp_simple_018_001_para1_rwr_mt_svp_simple_018_001
file /home/dell/zyworkspace/nichecker/Experiment/remarks2.1_LA/svp_simple_018/_mt_svp_simple_018_001_result/_cs_svp_simple_018_001_para1_rwr_mt_svp_simple_018_001.c line 162 function main_task_0: function `enable_isr' is not declared
file /home/dell/zyworkspace/nichecker/Experiment/remarks2.1_LA/svp_simple_018/_mt_svp_simple_018_001_result/_cs_svp_simple_018_001_para1_rwr_mt_svp_simple_018_001.c line 200 function main_task_0: function `assert' is not declared
Generating GOTO Program
Adding CPROVER library (x86_64)
Removal of function pointers and virtual functions
Partial Inlining
Generic Property Instrumentation
Starting Bounded Model Checking
**** WARNING: no body for function enable_isr
size of program expression: 653 steps
simple slicing removed 32 assignments
Generated 5 VCC(s), 4 remaining after simplification
Passing problem to propositional reduction
converting SSA
Running propositional reduction
Post-processing
Solving with MiniSAT 2.2.1 with simplifier
7282 variables, 24864 clauses
SAT checker: instance is SATISFIABLE
Solving with MiniSAT 2.2.1 with simplifier
7282 variables, 2096 clauses
SAT checker: instance is UNSATISFIABLE
Runtime decision procedure: 0.054s

** Results:
[main_task_0.assertion.1] assertion IEEE_FLOAT_EQUAL(rwr_r1, rwr_tmp1): SUCCESS
[main_task_0.assertion.2] assertion IEEE_FLOAT_EQUAL(rwr_r2, rwr_tmp1): FAILURE

Trace for main_task_0.assertion.2:

State 58 file /home/dell/zyworkspace/nichecker/Experiment/remarks2.1_LA/svp_simple_018/_mt_svp_simple_018_001_result/_cs_svp_simple_018_001_para1_rwr_mt_svp_simple_018_001.c line 534 function main thread 0
----------------------------------------------------
  __cs_tmp_t1_r0=2 (010)

State 60 file /home/dell/zyworkspace/nichecker/Experiment/remarks2.1_LA/svp_simple_018/_mt_svp_simple_018_001_result/_cs_svp_simple_018_001_para1_rwr_mt_svp_simple_018_001.c line 538 function main thread 0
----------------------------------------------------
  __cs_thread_index=1 (001)

State 61 file /home/dell/zyworkspace/nichecker/Experiment/remarks2.1_LA/svp_simple_018/_mt_svp_simple_018_001_result/_cs_svp_simple_018_001_para1_rwr_mt_svp_simple_018_001.c line 540 function main thread 0
----------------------------------------------------
  __cs_pc_cs[1l]=2 (010)

State 66 file /home/dell/zyworkspace/nichecker/Experiment/remarks2.1_LA/svp_simple_018/_mt_svp_simple_018_001_result/_cs_svp_simple_018_001_para1_rwr_mt_svp_simple_018_001.c line 546 function main thread 0
----------------------------------------------------
  __cs_param_main_task_arg=NULL (0000000000000000000000000000000000000000000000000000000000000000)

State 71 file /home/dell/zyworkspace/nichecker/Experiment/remarks2.1_LA/svp_simple_018/_mt_svp_simple_018_001_result/_cs_svp_simple_018_001_para1_rwr_mt_svp_simple_018_001.c line 164 function main_task_0 thread 0
----------------------------------------------------
  __cs_disable_thread[3l]=0 (0)

State 72 file /home/dell/zyworkspace/nichecker/Experiment/remarks2.1_LA/svp_simple_018/_mt_svp_simple_018_001_result/_cs_svp_simple_018_001_para1_rwr_mt_svp_simple_018_001.c line 167 function main_task_0 thread 0
----------------------------------------------------
  __cs_disable_thread[2l]=0 (0)

State 73 file /home/dell/zyworkspace/nichecker/Experiment/remarks2.1_LA/svp_simple_018/_mt_svp_simple_018_001_result/_cs_svp_simple_018_001_para1_rwr_mt_svp_simple_018_001.c line 170 function main_task_0 thread 0
----------------------------------------------------
  __cs_disable_thread[0l]=0 (0)

State 74 file /home/dell/zyworkspace/nichecker/Experiment/remarks2.1_LA/svp_simple_018/_mt_svp_simple_018_001_result/_cs_svp_simple_018_001_para1_rwr_mt_svp_simple_018_001.c line 179 function main_task_0 thread 0
----------------------------------------------------
  __cs_local_main_task_svp_simple_018_001_perimete=0.000000f (00000000000000000000000000000000)

State 75 file /home/dell/zyworkspace/nichecker/Experiment/remarks2.1_LA/svp_simple_018/_mt_svp_simple_018_001_result/_cs_svp_simple_018_001_para1_rwr_mt_svp_simple_018_001.c line 183 function main_task_0 thread 0
----------------------------------------------------
  __cs_local_main_task_svp_simple_018_001_area=0.000000f (00000000000000000000000000000000)

State 76 file /home/dell/zyworkspace/nichecker/Experiment/remarks2.1_LA/svp_simple_018/_mt_svp_simple_018_001_result/_cs_svp_simple_018_001_para1_rwr_mt_svp_simple_018_001.c line 190 function main_task_0 thread 0
----------------------------------------------------
  __cs_local_main_task_perimete=0.000000f (00000000000000000000000000000000)

State 78 file /home/dell/zyworkspace/nichecker/Experiment/remarks2.1_LA/svp_simple_018/_mt_svp_simple_018_001_result/_cs_svp_simple_018_001_para1_rwr_mt_svp_simple_018_001.c line 195 function main_task_0 thread 0
----------------------------------------------------
  __cs_local_main_task_perimete=0.000000f (00000000000000000000000000000000)

State 79 file /home/dell/zyworkspace/nichecker/Experiment/remarks2.1_LA/svp_simple_018/_mt_svp_simple_018_001_result/_cs_svp_simple_018_001_para1_rwr_mt_svp_simple_018_001.c line 198 function main_task_0 thread 0
----------------------------------------------------
  rwr_r1=0.000000f (00000000000000000000000000000000)

State 81 file /home/dell/zyworkspace/nichecker/Experiment/remarks2.1_LA/svp_simple_018/_mt_svp_simple_018_001_result/_cs_svp_simple_018_001_para1_rwr_mt_svp_simple_018_001.c line 202 function main_task_0 thread 0
----------------------------------------------------
  rwr_tmp1_num=1 (00000000000000000000000000000001)

State 82 file /home/dell/zyworkspace/nichecker/Experiment/remarks2.1_LA/svp_simple_018/_mt_svp_simple_018_001_result/_cs_svp_simple_018_001_para1_rwr_mt_svp_simple_018_001.c line 203 function main_task_0 thread 0
----------------------------------------------------
  rwr_tmp1=0.000000f (00000000000000000000000000000000)

State 83 file /home/dell/zyworkspace/nichecker/Experiment/remarks2.1_LA/svp_simple_018/_mt_svp_simple_018_001_result/_cs_svp_simple_018_001_para1_rwr_mt_svp_simple_018_001.c line 207 function main_task_0 thread 0
----------------------------------------------------
  __cs_local_main_task___cs_retval__svp_simple_018_001_func1_0=0.000000f (00000000000000000000000000000000)

State 84 file /home/dell/zyworkspace/nichecker/Experiment/remarks2.1_LA/svp_simple_018/_mt_svp_simple_018_001_result/_cs_svp_simple_018_001_para1_rwr_mt_svp_simple_018_001.c line 213 function main_task_0 thread 0
----------------------------------------------------
  __cs_local_main_task_svp_simple_018_001_perimete=0.000000f (00000000000000000000000000000000)

State 85 file /home/dell/zyworkspace/nichecker/Experiment/remarks2.1_LA/svp_simple_018/_mt_svp_simple_018_001_result/_cs_svp_simple_018_001_para1_rwr_mt_svp_simple_018_001.c line 220 function main_task_0 thread 0
----------------------------------------------------
  __cs_local_main_task_area=0.000000f (00000000000000000000000000000000)

State 90 file /home/dell/zyworkspace/nichecker/Experiment/remarks2.1_LA/svp_simple_018/_mt_svp_simple_018_001_result/_cs_svp_simple_018_001_para1_rwr_mt_svp_simple_018_001.c line 261 function main_task_0 thread 0
----------------------------------------------------
  __cs_value_ptr=NULL (0000000000000000000000000000000000000000000000000000000000000000)

State 95 file /home/dell/zyworkspace/nichecker/Experiment/remarks2.1_LA/svp_simple_018/_mt_svp_simple_018_001_result/_cs_svp_simple_018_001_para1_rwr_mt_svp_simple_018_001.c line 548 function main thread 0
----------------------------------------------------
  __cs_pc[1l]=2 (010)

State 96 file /home/dell/zyworkspace/nichecker/Experiment/remarks2.1_LA/svp_simple_018/_mt_svp_simple_018_001_result/_cs_svp_simple_018_001_para1_rwr_mt_svp_simple_018_001.c line 554 function main thread 0
----------------------------------------------------
  __cs_tmp_t2_r0=3 (11)

State 98 file /home/dell/zyworkspace/nichecker/Experiment/remarks2.1_LA/svp_simple_018/_mt_svp_simple_018_001_result/_cs_svp_simple_018_001_para1_rwr_mt_svp_simple_018_001.c line 559 function main thread 0
----------------------------------------------------
  __cs_thread_index=2 (010)

State 99 file /home/dell/zyworkspace/nichecker/Experiment/remarks2.1_LA/svp_simple_018/_mt_svp_simple_018_001_result/_cs_svp_simple_018_001_para1_rwr_mt_svp_simple_018_001.c line 561 function main thread 0
----------------------------------------------------
  __cs_pc_cs[2l]=3 (011)

State 104 file /home/dell/zyworkspace/nichecker/Experiment/remarks2.1_LA/svp_simple_018/_mt_svp_simple_018_001_result/_cs_svp_simple_018_001_para1_rwr_mt_svp_simple_018_001.c line 567 function main thread 0
----------------------------------------------------
  __cs_param_svp_simple_018_001_isr_1_arg=NULL (0000000000000000000000000000000000000000000000000000000000000000)

State 106 file /home/dell/zyworkspace/nichecker/Experiment/remarks2.1_LA/svp_simple_018/_mt_svp_simple_018_001_result/_cs_svp_simple_018_001_para1_rwr_mt_svp_simple_018_001.c line 274 function svp_simple_018_001_isr_1_0 thread 0
----------------------------------------------------
  __cs_local_svp_simple_018_001_isr_1_i=0 (00000000000000000000000000000000)

State 107 file /home/dell/zyworkspace/nichecker/Experiment/remarks2.1_LA/svp_simple_018/_mt_svp_simple_018_001_result/_cs_svp_simple_018_001_para1_rwr_mt_svp_simple_018_001.c line 276 function svp_simple_018_001_isr_1_0 thread 0
----------------------------------------------------
  __cs_local_svp_simple_018_001_isr_1_i=0 (00000000000000000000000000000000)

State 108 file /home/dell/zyworkspace/nichecker/Experiment/remarks2.1_LA/svp_simple_018/_mt_svp_simple_018_001_result/_cs_svp_simple_018_001_para1_rwr_mt_svp_simple_018_001.c line 283 function svp_simple_018_001_isr_1_0 thread 0
----------------------------------------------------
  __cs_local_svp_simple_018_001_isr_1_t_1=0 (00000000000000000000000000000000)

State 110 file /home/dell/zyworkspace/nichecker/Experiment/remarks2.1_LA/svp_simple_018/_mt_svp_simple_018_001_result/_cs_svp_simple_018_001_para1_rwr_mt_svp_simple_018_001.c line 301 function svp_simple_018_001_isr_1_0 thread 0
----------------------------------------------------
  __cs_local_svp_simple_018_001_isr_1_loop_1_IOVar1=0 (00000000000000000000000000000000)

State 111 file /home/dell/zyworkspace/nichecker/Experiment/remarks2.1_LA/svp_simple_018/_mt_svp_simple_018_001_result/_cs_svp_simple_018_001_para1_rwr_mt_svp_simple_018_001.c line 303 function svp_simple_018_001_isr_1_0 thread 0
----------------------------------------------------
  __cs_local_svp_simple_018_001_isr_1_loop_1_block_1=100 (00000000000000000000000001100100)

State 112 file /home/dell/zyworkspace/nichecker/Experiment/remarks2.1_LA/svp_simple_018/_mt_svp_simple_018_001_result/_cs_svp_simple_018_001_para1_rwr_mt_svp_simple_018_001.c line 305 function svp_simple_018_001_isr_1_0 thread 0
----------------------------------------------------
  __cs_local_svp_simple_018_001_isr_1_i=100 (00000000000000000000000001100100)

State 115 file /home/dell/zyworkspace/nichecker/Experiment/remarks2.1_LA/svp_simple_018/_mt_svp_simple_018_001_result/_cs_svp_simple_018_001_para1_rwr_mt_svp_simple_018_001.c line 316 function svp_simple_018_001_isr_1_0 thread 0
----------------------------------------------------
  __cs_local_svp_simple_018_001_isr_1_i=101 (00000000000000000000000001100101)

State 116 file /home/dell/zyworkspace/nichecker/Experiment/remarks2.1_LA/svp_simple_018/_mt_svp_simple_018_001_result/_cs_svp_simple_018_001_para1_rwr_mt_svp_simple_018_001.c line 321 function svp_simple_018_001_isr_1_0 thread 0
----------------------------------------------------
  __cs_local_svp_simple_018_001_isr_1_t_1=1 (00000000000000000000000000000001)

State 119 file /home/dell/zyworkspace/nichecker/Experiment/remarks2.1_LA/svp_simple_018/_mt_svp_simple_018_001_result/_cs_svp_simple_018_001_para1_rwr_mt_svp_simple_018_001.c line 328 function svp_simple_018_001_isr_1_0 thread 0
----------------------------------------------------
  __cs_pc[2l]=1 (001)

State 125 file /home/dell/zyworkspace/nichecker/Experiment/remarks2.1_LA/svp_simple_018/_mt_svp_simple_018_001_result/_cs_svp_simple_018_001_para1_rwr_mt_svp_simple_018_001.c line 381 function svp_simple_018_001_isr_1_0 thread 0
----------------------------------------------------
  svp_simple_018_001_para1=2.000000f (01000000000000000000000000000000)

State 126 file /home/dell/zyworkspace/nichecker/Experiment/remarks2.1_LA/svp_simple_018/_mt_svp_simple_018_001_result/_cs_svp_simple_018_001_para1_rwr_mt_svp_simple_018_001.c line 383 function svp_simple_018_001_isr_1_0 thread 0
----------------------------------------------------
  rwr_tmp2_num=0 (00000000000000000000000000000000)

State 130 file /home/dell/zyworkspace/nichecker/Experiment/remarks2.1_LA/svp_simple_018/_mt_svp_simple_018_001_result/_cs_svp_simple_018_001_para1_rwr_mt_svp_simple_018_001.c line 395 function svp_simple_018_001_isr_1_0 thread 0
----------------------------------------------------
  __cs_value_ptr=NULL (0000000000000000000000000000000000000000000000000000000000000000)

State 135 file /home/dell/zyworkspace/nichecker/Experiment/remarks2.1_LA/svp_simple_018/_mt_svp_simple_018_001_result/_cs_svp_simple_018_001_para1_rwr_mt_svp_simple_018_001.c line 569 function main thread 0
----------------------------------------------------
  __cs_pc[2l]=3 (011)

State 136 file /home/dell/zyworkspace/nichecker/Experiment/remarks2.1_LA/svp_simple_018/_mt_svp_simple_018_001_result/_cs_svp_simple_018_001_para1_rwr_mt_svp_simple_018_001.c line 575 function main thread 0
----------------------------------------------------
  __cs_tmp_t3_r0=0 (0)

State 138 file /home/dell/zyworkspace/nichecker/Experiment/remarks2.1_LA/svp_simple_018/_mt_svp_simple_018_001_result/_cs_svp_simple_018_001_para1_rwr_mt_svp_simple_018_001.c line 580 function main thread 0
----------------------------------------------------
  __cs_thread_index=3 (011)

State 139 file /home/dell/zyworkspace/nichecker/Experiment/remarks2.1_LA/svp_simple_018/_mt_svp_simple_018_001_result/_cs_svp_simple_018_001_para1_rwr_mt_svp_simple_018_001.c line 582 function main thread 0
----------------------------------------------------
  __cs_pc_cs[3l]=0 (000)

State 144 file /home/dell/zyworkspace/nichecker/Experiment/remarks2.1_LA/svp_simple_018/_mt_svp_simple_018_001_result/_cs_svp_simple_018_001_para1_rwr_mt_svp_simple_018_001.c line 588 function main thread 0
----------------------------------------------------
  __cs_param_svp_simple_018_001_isr_2_arg=NULL (0000000000000000000000000000000000000000000000000000000000000000)

State 148 file /home/dell/zyworkspace/nichecker/Experiment/remarks2.1_LA/svp_simple_018/_mt_svp_simple_018_001_result/_cs_svp_simple_018_001_para1_rwr_mt_svp_simple_018_001.c line 522 function svp_simple_018_001_isr_2_0 thread 0
----------------------------------------------------
  __cs_value_ptr=NULL (0000000000000000000000000000000000000000000000000000000000000000)

State 153 file /home/dell/zyworkspace/nichecker/Experiment/remarks2.1_LA/svp_simple_018/_mt_svp_simple_018_001_result/_cs_svp_simple_018_001_para1_rwr_mt_svp_simple_018_001.c line 590 function main thread 0
----------------------------------------------------
  __cs_pc[3l]=0 (000)

State 154 file /home/dell/zyworkspace/nichecker/Experiment/remarks2.1_LA/svp_simple_018/_mt_svp_simple_018_001_result/_cs_svp_simple_018_001_para1_rwr_mt_svp_simple_018_001.c line 600 function main thread 0
----------------------------------------------------
  __cs_tmp_t1_r1=4 (100)

State 160 file /home/dell/zyworkspace/nichecker/Experiment/remarks2.1_LA/svp_simple_018/_mt_svp_simple_018_001_result/_cs_svp_simple_018_001_para1_rwr_mt_svp_simple_018_001.c line 605 function main thread 0
----------------------------------------------------
  __cs_thread_index=1 (001)

State 161 file /home/dell/zyworkspace/nichecker/Experiment/remarks2.1_LA/svp_simple_018/_mt_svp_simple_018_001_result/_cs_svp_simple_018_001_para1_rwr_mt_svp_simple_018_001.c line 607 function main thread 0
----------------------------------------------------
  __cs_pc_cs[1l]=4 (100)

State 166 file /home/dell/zyworkspace/nichecker/Experiment/remarks2.1_LA/svp_simple_018/_mt_svp_simple_018_001_result/_cs_svp_simple_018_001_para1_rwr_mt_svp_simple_018_001.c line 613 function main thread 0
----------------------------------------------------
  __cs_param_main_task_arg=NULL (0000000000000000000000000000000000000000000000000000000000000000)

State 170 file /home/dell/zyworkspace/nichecker/Experiment/remarks2.1_LA/svp_simple_018/_mt_svp_simple_018_001_result/_cs_svp_simple_018_001_para1_rwr_mt_svp_simple_018_001.c line 227 function main_task_0 thread 0
----------------------------------------------------
  __cs_temporary_0=2.000000f (01000000000000000000000000000000)

State 171 file /home/dell/zyworkspace/nichecker/Experiment/remarks2.1_LA/svp_simple_018/_mt_svp_simple_018_001_result/_cs_svp_simple_018_001_para1_rwr_mt_svp_simple_018_001.c line 229 function main_task_0 thread 0
----------------------------------------------------
  rwr_r2=2.000000f (01000000000000000000000000000000)

Violated property:
  file /home/dell/zyworkspace/nichecker/Experiment/remarks2.1_LA/svp_simple_018/_mt_svp_simple_018_001_result/_cs_svp_simple_018_001_para1_rwr_mt_svp_simple_018_001.c line 231 function main_task_0
  assertion IEEE_FLOAT_EQUAL(rwr_r2, rwr_tmp1)
  IEEE_FLOAT_EQUAL(rwr_r2, rwr_tmp1)


** 1 of 2 failed (2 iterations)
VERIFICATION FAILED
