2023-10-15 16:48:18
SVPCheck: True	LoopAbstraction: True	LabelReduction: False	Slice: False	

SVPCheck var: svp_simple_018_001_para1	pattern: rwr
--------------------------Run start-------------------------------
inliner
slice
LoopAbstraction
unroller
insertLabel
lazyseq
feeder  0.243
[91mUNSAFE[0m, counterexample: 1, time: 1.840 s, memory: 32.04 MB
--------------------------Run end---------------------------------
SVPCheck var: svp_simple_018_001_para2	pattern: rwr
--------------------------Run start-------------------------------
inliner
slice
LoopAbstraction
unroller
insertLabel
lazyseq
feeder  0.251
[91mUNSAFE[0m, counterexample: 2, time: 1.825 s, memory: 32.21 MB
--------------------------Run end---------------------------------
cbmcTimeSum: 0.494
modulesTimeSum: 3.665
