2023-10-31 08:18:08
SVPCheck: True	LoopAbstraction: True	LabelReduction: True	Slice: False	

SVPCheck var: svp_simple_023_001_global_var	pattern: rwr
--------------------------Run start-------------------------------
inliner
slice
LoopAbstraction
unroller
insertLabel
lazyseq
feeder  0.196
[91mUNSAFE[0m, counterexample: 1, time: 2.675 s, memory: 29.79 MB
--------------------------Run end---------------------------------
SVPCheck var: svp_simple_023_001_global_var	pattern: rww
--------------------------Run start-------------------------------
inliner
slice
LoopAbstraction
unroller
insertLabel
lazyseq
feeder  0.197
[91mUNSAFE[0m, counterexample: 1, time: 2.616 s, memory: 29.50 MB
--------------------------Run end---------------------------------
cbmcTimeSum: 0.393
modulesTimeSum: 5.291
