CBMC version 5.6 64-bit x86_64 linux
Parsing /home/dell/zyworkspace/nichecker/Experiment/remarks2.1_LA_Slicing/svp_simple_017/_mt_svp_simple_017_001_result/_cs_svp_simple_017_001_global_var_wwr_mt_svp_simple_017_001.c
<command-line>: warning: "__STDC_VERSION__" redefined
<built-in>: note: this is the location of the previous definition
Converting
Type-checking _cs_svp_simple_017_001_global_var_wwr_mt_svp_simple_017_001
file /home/dell/zyworkspace/nichecker/Experiment/remarks2.1_LA_Slicing/svp_simple_017/_mt_svp_simple_017_001_result/_cs_svp_simple_017_001_global_var_wwr_mt_svp_simple_017_001.c line 232 function main_task_0: function `assert' is not declared
Generating GOTO Program
Adding CPROVER library (x86_64)
Removal of function pointers and virtual functions
Partial Inlining
Generic Property Instrumentation
Starting Bounded Model Checking
**** WARNING: no body for function enable_isr
size of program expression: 1003 steps
simple slicing removed 26 assignments
Generated 27 VCC(s), 25 remaining after simplification
Passing problem to propositional reduction
converting SSA
Running propositional reduction
Post-processing
Solving with MiniSAT 2.2.1 with simplifier
11437 variables, 57726 clauses
SAT checker: instance is SATISFIABLE
Solving with MiniSAT 2.2.1 with simplifier
11437 variables, 16044 clauses
SAT checker: instance is SATISFIABLE
Solving with MiniSAT 2.2.1 with simplifier
11437 variables, 16044 clauses
SAT checker: instance is SATISFIABLE
Solving with MiniSAT 2.2.1 with simplifier
11437 variables, 16044 clauses
SAT checker: instance is SATISFIABLE
Solving with MiniSAT 2.2.1 with simplifier
11437 variables, 15039 clauses
SAT checker: instance is SATISFIABLE
Solving with MiniSAT 2.2.1 with simplifier
11437 variables, 14932 clauses
SAT checker: instance is UNSATISFIABLE
Runtime decision procedure: 0.114s

** Results:
[main_task_0.assertion.1] assertion wwr_r1 == wwr_w_tmp1: FAILURE
[main_task_0.assertion.2] assertion wwr_r1 == wwr_w_tmp1: SUCCESS
[main_task_0.assertion.3] assertion wwr_r2 == wwr_w_tmp1: FAILURE
[main_task_0.assertion.4] assertion wwr_r2 == wwr_w_tmp1: SUCCESS
[main_task_0.assertion.5] assertion wwr_r3 == wwr_w_tmp1: FAILURE
[main_task_0.assertion.6] assertion wwr_r3 == wwr_w_tmp1: SUCCESS
[main_task_0.assertion.7] assertion wwr_r4 == wwr_w_tmp1: FAILURE
[main_task_0.assertion.8] assertion wwr_r4 == wwr_w_tmp1: SUCCESS
[main_task_0.assertion.9] assertion wwr_r5 == wwr_w_tmp1: FAILURE

Trace for main_task_0.assertion.1:

State 50 file /home/dell/zyworkspace/nichecker/Experiment/remarks2.1_LA_Slicing/svp_simple_017/_mt_svp_simple_017_001_result/_cs_svp_simple_017_001_global_var_wwr_mt_svp_simple_017_001.c line 491 function main thread 0
----------------------------------------------------
  __cs_tmp_t1_r0=2 (00010)

State 52 file /home/dell/zyworkspace/nichecker/Experiment/remarks2.1_LA_Slicing/svp_simple_017/_mt_svp_simple_017_001_result/_cs_svp_simple_017_001_global_var_wwr_mt_svp_simple_017_001.c line 495 function main thread 0
----------------------------------------------------
  __cs_thread_index=1 (01)

State 53 file /home/dell/zyworkspace/nichecker/Experiment/remarks2.1_LA_Slicing/svp_simple_017/_mt_svp_simple_017_001_result/_cs_svp_simple_017_001_global_var_wwr_mt_svp_simple_017_001.c line 497 function main thread 0
----------------------------------------------------
  __cs_pc_cs[1l]=2 (00010)

State 58 file /home/dell/zyworkspace/nichecker/Experiment/remarks2.1_LA_Slicing/svp_simple_017/_mt_svp_simple_017_001_result/_cs_svp_simple_017_001_global_var_wwr_mt_svp_simple_017_001.c line 503 function main thread 0
----------------------------------------------------
  __cs_param_main_task_arg=NULL (0000000000000000000000000000000000000000000000000000000000000000)

State 63 file /home/dell/zyworkspace/nichecker/Experiment/remarks2.1_LA_Slicing/svp_simple_017/_mt_svp_simple_017_001_result/_cs_svp_simple_017_001_global_var_wwr_mt_svp_simple_017_001.c line 185 function main_task_0 thread 0
----------------------------------------------------
  __cs_disable_thread[2l]=0 (0)

State 64 file /home/dell/zyworkspace/nichecker/Experiment/remarks2.1_LA_Slicing/svp_simple_017/_mt_svp_simple_017_001_result/_cs_svp_simple_017_001_global_var_wwr_mt_svp_simple_017_001.c line 188 function main_task_0 thread 0
----------------------------------------------------
  __cs_disable_thread[0l]=0 (0)

State 65 file /home/dell/zyworkspace/nichecker/Experiment/remarks2.1_LA_Slicing/svp_simple_017/_mt_svp_simple_017_001_result/_cs_svp_simple_017_001_global_var_wwr_mt_svp_simple_017_001.c line 197 function main_task_0 thread 0
----------------------------------------------------
  __cs_local_main_task_i=0 (00000000000000000000000000000000)

State 67 file /home/dell/zyworkspace/nichecker/Experiment/remarks2.1_LA_Slicing/svp_simple_017/_mt_svp_simple_017_001_result/_cs_svp_simple_017_001_global_var_wwr_mt_svp_simple_017_001.c line 201 function main_task_0 thread 0
----------------------------------------------------
  svp_simple_017_001_global_var=0 (00000000000000000000000000000000)

State 68 file /home/dell/zyworkspace/nichecker/Experiment/remarks2.1_LA_Slicing/svp_simple_017/_mt_svp_simple_017_001_result/_cs_svp_simple_017_001_global_var_wwr_mt_svp_simple_017_001.c line 203 function main_task_0 thread 0
----------------------------------------------------
  wwr_w_tmp1_num=1 (00000000000000000000000000000001)

State 69 file /home/dell/zyworkspace/nichecker/Experiment/remarks2.1_LA_Slicing/svp_simple_017/_mt_svp_simple_017_001_result/_cs_svp_simple_017_001_global_var_wwr_mt_svp_simple_017_001.c line 204 function main_task_0 thread 0
----------------------------------------------------
  wwr_w_tmp1=0 (00000000000000000000000000000000)

State 70 file /home/dell/zyworkspace/nichecker/Experiment/remarks2.1_LA_Slicing/svp_simple_017/_mt_svp_simple_017_001_result/_cs_svp_simple_017_001_global_var_wwr_mt_svp_simple_017_001.c line 213 function main_task_0 thread 0
----------------------------------------------------
  __cs_local_main_task_t_1=0 (00000000000000000000000000000000)

State 90 file /home/dell/zyworkspace/nichecker/Experiment/remarks2.1_LA_Slicing/svp_simple_017/_mt_svp_simple_017_001_result/_cs_svp_simple_017_001_global_var_wwr_mt_svp_simple_017_001.c line 451 function main_task_0 thread 0
----------------------------------------------------
  __cs_value_ptr=NULL (0000000000000000000000000000000000000000000000000000000000000000)

State 95 file /home/dell/zyworkspace/nichecker/Experiment/remarks2.1_LA_Slicing/svp_simple_017/_mt_svp_simple_017_001_result/_cs_svp_simple_017_001_global_var_wwr_mt_svp_simple_017_001.c line 505 function main thread 0
----------------------------------------------------
  __cs_pc[1l]=2 (00010)

State 96 file /home/dell/zyworkspace/nichecker/Experiment/remarks2.1_LA_Slicing/svp_simple_017/_mt_svp_simple_017_001_result/_cs_svp_simple_017_001_global_var_wwr_mt_svp_simple_017_001.c line 511 function main thread 0
----------------------------------------------------
  __cs_tmp_t2_r0=1 (1)

State 98 file /home/dell/zyworkspace/nichecker/Experiment/remarks2.1_LA_Slicing/svp_simple_017/_mt_svp_simple_017_001_result/_cs_svp_simple_017_001_global_var_wwr_mt_svp_simple_017_001.c line 516 function main thread 0
----------------------------------------------------
  __cs_thread_index=2 (10)

State 99 file /home/dell/zyworkspace/nichecker/Experiment/remarks2.1_LA_Slicing/svp_simple_017/_mt_svp_simple_017_001_result/_cs_svp_simple_017_001_global_var_wwr_mt_svp_simple_017_001.c line 518 function main thread 0
----------------------------------------------------
  __cs_pc_cs[2l]=1 (00001)

State 104 file /home/dell/zyworkspace/nichecker/Experiment/remarks2.1_LA_Slicing/svp_simple_017/_mt_svp_simple_017_001_result/_cs_svp_simple_017_001_global_var_wwr_mt_svp_simple_017_001.c line 524 function main thread 0
----------------------------------------------------
  __cs_param_svp_simple_017_001_isr_1_arg=NULL (0000000000000000000000000000000000000000000000000000000000000000)

State 106 file /home/dell/zyworkspace/nichecker/Experiment/remarks2.1_LA_Slicing/svp_simple_017/_mt_svp_simple_017_001_result/_cs_svp_simple_017_001_global_var_wwr_mt_svp_simple_017_001.c line 464 function svp_simple_017_001_isr_1_0 thread 0
----------------------------------------------------
  __cs_local_svp_simple_017_001_isr_1_i=0 (00000000000000000000000000000000)

State 107 file /home/dell/zyworkspace/nichecker/Experiment/remarks2.1_LA_Slicing/svp_simple_017/_mt_svp_simple_017_001_result/_cs_svp_simple_017_001_global_var_wwr_mt_svp_simple_017_001.c line 468 function svp_simple_017_001_isr_1_0 thread 0
----------------------------------------------------
  svp_simple_017_001_global_var=50 (00000000000000000000000000110010)

State 111 file /home/dell/zyworkspace/nichecker/Experiment/remarks2.1_LA_Slicing/svp_simple_017/_mt_svp_simple_017_001_result/_cs_svp_simple_017_001_global_var_wwr_mt_svp_simple_017_001.c line 479 function svp_simple_017_001_isr_1_0 thread 0
----------------------------------------------------
  __cs_value_ptr=NULL (0000000000000000000000000000000000000000000000000000000000000000)

State 116 file /home/dell/zyworkspace/nichecker/Experiment/remarks2.1_LA_Slicing/svp_simple_017/_mt_svp_simple_017_001_result/_cs_svp_simple_017_001_global_var_wwr_mt_svp_simple_017_001.c line 526 function main thread 0
----------------------------------------------------
  __cs_pc[2l]=1 (00001)

State 117 file /home/dell/zyworkspace/nichecker/Experiment/remarks2.1_LA_Slicing/svp_simple_017/_mt_svp_simple_017_001_result/_cs_svp_simple_017_001_global_var_wwr_mt_svp_simple_017_001.c line 536 function main thread 0
----------------------------------------------------
  __cs_tmp_t1_r1=17 (10001)

State 119 file /home/dell/zyworkspace/nichecker/Experiment/remarks2.1_LA_Slicing/svp_simple_017/_mt_svp_simple_017_001_result/_cs_svp_simple_017_001_global_var_wwr_mt_svp_simple_017_001.c line 541 function main thread 0
----------------------------------------------------
  __cs_thread_index=1 (01)

State 120 file /home/dell/zyworkspace/nichecker/Experiment/remarks2.1_LA_Slicing/svp_simple_017/_mt_svp_simple_017_001_result/_cs_svp_simple_017_001_global_var_wwr_mt_svp_simple_017_001.c line 543 function main thread 0
----------------------------------------------------
  __cs_pc_cs[1l]=17 (10001)

State 125 file /home/dell/zyworkspace/nichecker/Experiment/remarks2.1_LA_Slicing/svp_simple_017/_mt_svp_simple_017_001_result/_cs_svp_simple_017_001_global_var_wwr_mt_svp_simple_017_001.c line 549 function main thread 0
----------------------------------------------------
  __cs_param_main_task_arg=NULL (0000000000000000000000000000000000000000000000000000000000000000)

State 130 file /home/dell/zyworkspace/nichecker/Experiment/remarks2.1_LA_Slicing/svp_simple_017/_mt_svp_simple_017_001_result/_cs_svp_simple_017_001_global_var_wwr_mt_svp_simple_017_001.c line 230 function main_task_0 thread 0
----------------------------------------------------
  wwr_r1=50 (00000000000000000000000000110010)

Violated property:
  file /home/dell/zyworkspace/nichecker/Experiment/remarks2.1_LA_Slicing/svp_simple_017/_mt_svp_simple_017_001_result/_cs_svp_simple_017_001_global_var_wwr_mt_svp_simple_017_001.c line 232 function main_task_0
  assertion wwr_r1 == wwr_w_tmp1
  wwr_r1 == wwr_w_tmp1


Trace for main_task_0.assertion.3:

State 50 file /home/dell/zyworkspace/nichecker/Experiment/remarks2.1_LA_Slicing/svp_simple_017/_mt_svp_simple_017_001_result/_cs_svp_simple_017_001_global_var_wwr_mt_svp_simple_017_001.c line 491 function main thread 0
----------------------------------------------------
  __cs_tmp_t1_r0=5 (00101)

State 52 file /home/dell/zyworkspace/nichecker/Experiment/remarks2.1_LA_Slicing/svp_simple_017/_mt_svp_simple_017_001_result/_cs_svp_simple_017_001_global_var_wwr_mt_svp_simple_017_001.c line 495 function main thread 0
----------------------------------------------------
  __cs_thread_index=1 (01)

State 53 file /home/dell/zyworkspace/nichecker/Experiment/remarks2.1_LA_Slicing/svp_simple_017/_mt_svp_simple_017_001_result/_cs_svp_simple_017_001_global_var_wwr_mt_svp_simple_017_001.c line 497 function main thread 0
----------------------------------------------------
  __cs_pc_cs[1l]=5 (00101)

State 58 file /home/dell/zyworkspace/nichecker/Experiment/remarks2.1_LA_Slicing/svp_simple_017/_mt_svp_simple_017_001_result/_cs_svp_simple_017_001_global_var_wwr_mt_svp_simple_017_001.c line 503 function main thread 0
----------------------------------------------------
  __cs_param_main_task_arg=NULL (0000000000000000000000000000000000000000000000000000000000000000)

State 63 file /home/dell/zyworkspace/nichecker/Experiment/remarks2.1_LA_Slicing/svp_simple_017/_mt_svp_simple_017_001_result/_cs_svp_simple_017_001_global_var_wwr_mt_svp_simple_017_001.c line 185 function main_task_0 thread 0
----------------------------------------------------
  __cs_disable_thread[2l]=0 (0)

State 64 file /home/dell/zyworkspace/nichecker/Experiment/remarks2.1_LA_Slicing/svp_simple_017/_mt_svp_simple_017_001_result/_cs_svp_simple_017_001_global_var_wwr_mt_svp_simple_017_001.c line 188 function main_task_0 thread 0
----------------------------------------------------
  __cs_disable_thread[0l]=0 (0)

State 65 file /home/dell/zyworkspace/nichecker/Experiment/remarks2.1_LA_Slicing/svp_simple_017/_mt_svp_simple_017_001_result/_cs_svp_simple_017_001_global_var_wwr_mt_svp_simple_017_001.c line 197 function main_task_0 thread 0
----------------------------------------------------
  __cs_local_main_task_i=0 (00000000000000000000000000000000)

State 67 file /home/dell/zyworkspace/nichecker/Experiment/remarks2.1_LA_Slicing/svp_simple_017/_mt_svp_simple_017_001_result/_cs_svp_simple_017_001_global_var_wwr_mt_svp_simple_017_001.c line 201 function main_task_0 thread 0
----------------------------------------------------
  svp_simple_017_001_global_var=0 (00000000000000000000000000000000)

State 68 file /home/dell/zyworkspace/nichecker/Experiment/remarks2.1_LA_Slicing/svp_simple_017/_mt_svp_simple_017_001_result/_cs_svp_simple_017_001_global_var_wwr_mt_svp_simple_017_001.c line 203 function main_task_0 thread 0
----------------------------------------------------
  wwr_w_tmp1_num=1 (00000000000000000000000000000001)

State 69 file /home/dell/zyworkspace/nichecker/Experiment/remarks2.1_LA_Slicing/svp_simple_017/_mt_svp_simple_017_001_result/_cs_svp_simple_017_001_global_var_wwr_mt_svp_simple_017_001.c line 204 function main_task_0 thread 0
----------------------------------------------------
  wwr_w_tmp1=0 (00000000000000000000000000000000)

State 70 file /home/dell/zyworkspace/nichecker/Experiment/remarks2.1_LA_Slicing/svp_simple_017/_mt_svp_simple_017_001_result/_cs_svp_simple_017_001_global_var_wwr_mt_svp_simple_017_001.c line 213 function main_task_0 thread 0
----------------------------------------------------
  __cs_local_main_task_t_1=0 (00000000000000000000000000000000)

State 73 file /home/dell/zyworkspace/nichecker/Experiment/remarks2.1_LA_Slicing/svp_simple_017/_mt_svp_simple_017_001_result/_cs_svp_simple_017_001_global_var_wwr_mt_svp_simple_017_001.c line 230 function main_task_0 thread 0
----------------------------------------------------
  wwr_r1=0 (00000000000000000000000000000000)

State 75 file /home/dell/zyworkspace/nichecker/Experiment/remarks2.1_LA_Slicing/svp_simple_017/_mt_svp_simple_017_001_result/_cs_svp_simple_017_001_global_var_wwr_mt_svp_simple_017_001.c line 233 function main_task_0 thread 0
----------------------------------------------------
  wwr_w_tmp1_num=0 (00000000000000000000000000000000)

State 77 file /home/dell/zyworkspace/nichecker/Experiment/remarks2.1_LA_Slicing/svp_simple_017/_mt_svp_simple_017_001_result/_cs_svp_simple_017_001_global_var_wwr_mt_svp_simple_017_001.c line 242 function main_task_0 thread 0
----------------------------------------------------
  __cs_local_main_task_loop_1_IOVar1=0 (00000000000000000000000000000000)

State 78 file /home/dell/zyworkspace/nichecker/Experiment/remarks2.1_LA_Slicing/svp_simple_017/_mt_svp_simple_017_001_result/_cs_svp_simple_017_001_global_var_wwr_mt_svp_simple_017_001.c line 244 function main_task_0 thread 0
----------------------------------------------------
  wwr_r1=0 (00000000000000000000000000000000)

State 80 file /home/dell/zyworkspace/nichecker/Experiment/remarks2.1_LA_Slicing/svp_simple_017/_mt_svp_simple_017_001_result/_cs_svp_simple_017_001_global_var_wwr_mt_svp_simple_017_001.c line 252 function main_task_0 thread 0
----------------------------------------------------
  __cs_local_main_task_loop_1_block_2=112 (00000000000000000000000001110000)

State 82 file /home/dell/zyworkspace/nichecker/Experiment/remarks2.1_LA_Slicing/svp_simple_017/_mt_svp_simple_017_001_result/_cs_svp_simple_017_001_global_var_wwr_mt_svp_simple_017_001.c line 256 function main_task_0 thread 0
----------------------------------------------------
  svp_simple_017_001_global_var=112 (00000000000000000000000001110000)

State 83 file /home/dell/zyworkspace/nichecker/Experiment/remarks2.1_LA_Slicing/svp_simple_017/_mt_svp_simple_017_001_result/_cs_svp_simple_017_001_global_var_wwr_mt_svp_simple_017_001.c line 258 function main_task_0 thread 0
----------------------------------------------------
  wwr_w_tmp1_num=1 (00000000000000000000000000000001)

State 84 file /home/dell/zyworkspace/nichecker/Experiment/remarks2.1_LA_Slicing/svp_simple_017/_mt_svp_simple_017_001_result/_cs_svp_simple_017_001_global_var_wwr_mt_svp_simple_017_001.c line 259 function main_task_0 thread 0
----------------------------------------------------
  wwr_w_tmp1=112 (00000000000000000000000001110000)

State 102 file /home/dell/zyworkspace/nichecker/Experiment/remarks2.1_LA_Slicing/svp_simple_017/_mt_svp_simple_017_001_result/_cs_svp_simple_017_001_global_var_wwr_mt_svp_simple_017_001.c line 451 function main_task_0 thread 0
----------------------------------------------------
  __cs_value_ptr=NULL (0000000000000000000000000000000000000000000000000000000000000000)

State 107 file /home/dell/zyworkspace/nichecker/Experiment/remarks2.1_LA_Slicing/svp_simple_017/_mt_svp_simple_017_001_result/_cs_svp_simple_017_001_global_var_wwr_mt_svp_simple_017_001.c line 505 function main thread 0
----------------------------------------------------
  __cs_pc[1l]=5 (00101)

State 108 file /home/dell/zyworkspace/nichecker/Experiment/remarks2.1_LA_Slicing/svp_simple_017/_mt_svp_simple_017_001_result/_cs_svp_simple_017_001_global_var_wwr_mt_svp_simple_017_001.c line 511 function main thread 0
----------------------------------------------------
  __cs_tmp_t2_r0=1 (1)

State 110 file /home/dell/zyworkspace/nichecker/Experiment/remarks2.1_LA_Slicing/svp_simple_017/_mt_svp_simple_017_001_result/_cs_svp_simple_017_001_global_var_wwr_mt_svp_simple_017_001.c line 516 function main thread 0
----------------------------------------------------
  __cs_thread_index=2 (10)

State 111 file /home/dell/zyworkspace/nichecker/Experiment/remarks2.1_LA_Slicing/svp_simple_017/_mt_svp_simple_017_001_result/_cs_svp_simple_017_001_global_var_wwr_mt_svp_simple_017_001.c line 518 function main thread 0
----------------------------------------------------
  __cs_pc_cs[2l]=1 (00001)

State 116 file /home/dell/zyworkspace/nichecker/Experiment/remarks2.1_LA_Slicing/svp_simple_017/_mt_svp_simple_017_001_result/_cs_svp_simple_017_001_global_var_wwr_mt_svp_simple_017_001.c line 524 function main thread 0
----------------------------------------------------
  __cs_param_svp_simple_017_001_isr_1_arg=NULL (0000000000000000000000000000000000000000000000000000000000000000)

State 118 file /home/dell/zyworkspace/nichecker/Experiment/remarks2.1_LA_Slicing/svp_simple_017/_mt_svp_simple_017_001_result/_cs_svp_simple_017_001_global_var_wwr_mt_svp_simple_017_001.c line 464 function svp_simple_017_001_isr_1_0 thread 0
----------------------------------------------------
  __cs_local_svp_simple_017_001_isr_1_i=0 (00000000000000000000000000000000)

State 119 file /home/dell/zyworkspace/nichecker/Experiment/remarks2.1_LA_Slicing/svp_simple_017/_mt_svp_simple_017_001_result/_cs_svp_simple_017_001_global_var_wwr_mt_svp_simple_017_001.c line 468 function svp_simple_017_001_isr_1_0 thread 0
----------------------------------------------------
  svp_simple_017_001_global_var=50 (00000000000000000000000000110010)

State 123 file /home/dell/zyworkspace/nichecker/Experiment/remarks2.1_LA_Slicing/svp_simple_017/_mt_svp_simple_017_001_result/_cs_svp_simple_017_001_global_var_wwr_mt_svp_simple_017_001.c line 479 function svp_simple_017_001_isr_1_0 thread 0
----------------------------------------------------
  __cs_value_ptr=NULL (0000000000000000000000000000000000000000000000000000000000000000)

State 128 file /home/dell/zyworkspace/nichecker/Experiment/remarks2.1_LA_Slicing/svp_simple_017/_mt_svp_simple_017_001_result/_cs_svp_simple_017_001_global_var_wwr_mt_svp_simple_017_001.c line 526 function main thread 0
----------------------------------------------------
  __cs_pc[2l]=1 (00001)

State 129 file /home/dell/zyworkspace/nichecker/Experiment/remarks2.1_LA_Slicing/svp_simple_017/_mt_svp_simple_017_001_result/_cs_svp_simple_017_001_global_var_wwr_mt_svp_simple_017_001.c line 536 function main thread 0
----------------------------------------------------
  __cs_tmp_t1_r1=17 (10001)

State 131 file /home/dell/zyworkspace/nichecker/Experiment/remarks2.1_LA_Slicing/svp_simple_017/_mt_svp_simple_017_001_result/_cs_svp_simple_017_001_global_var_wwr_mt_svp_simple_017_001.c line 541 function main thread 0
----------------------------------------------------
  __cs_thread_index=1 (01)

State 132 file /home/dell/zyworkspace/nichecker/Experiment/remarks2.1_LA_Slicing/svp_simple_017/_mt_svp_simple_017_001_result/_cs_svp_simple_017_001_global_var_wwr_mt_svp_simple_017_001.c line 543 function main thread 0
----------------------------------------------------
  __cs_pc_cs[1l]=17 (10001)

State 137 file /home/dell/zyworkspace/nichecker/Experiment/remarks2.1_LA_Slicing/svp_simple_017/_mt_svp_simple_017_001_result/_cs_svp_simple_017_001_global_var_wwr_mt_svp_simple_017_001.c line 549 function main thread 0
----------------------------------------------------
  __cs_param_main_task_arg=NULL (0000000000000000000000000000000000000000000000000000000000000000)

State 148 file /home/dell/zyworkspace/nichecker/Experiment/remarks2.1_LA_Slicing/svp_simple_017/_mt_svp_simple_017_001_result/_cs_svp_simple_017_001_global_var_wwr_mt_svp_simple_017_001.c line 272 function main_task_0 thread 0
----------------------------------------------------
  __cs_local_main_task_i=1 (00000000000000000000000000000001)

State 149 file /home/dell/zyworkspace/nichecker/Experiment/remarks2.1_LA_Slicing/svp_simple_017/_mt_svp_simple_017_001_result/_cs_svp_simple_017_001_global_var_wwr_mt_svp_simple_017_001.c line 272 function main_task_0 thread 0
----------------------------------------------------
  svp_simple_017_001_local_array[50l]=0 (00000000000000000000000000000000)

State 150 file /home/dell/zyworkspace/nichecker/Experiment/remarks2.1_LA_Slicing/svp_simple_017/_mt_svp_simple_017_001_result/_cs_svp_simple_017_001_global_var_wwr_mt_svp_simple_017_001.c line 274 function main_task_0 thread 0
----------------------------------------------------
  wwr_r2=50 (00000000000000000000000000110010)

Violated property:
  file /home/dell/zyworkspace/nichecker/Experiment/remarks2.1_LA_Slicing/svp_simple_017/_mt_svp_simple_017_001_result/_cs_svp_simple_017_001_global_var_wwr_mt_svp_simple_017_001.c line 276 function main_task_0
  assertion wwr_r2 == wwr_w_tmp1
  wwr_r2 == wwr_w_tmp1


Trace for main_task_0.assertion.5:

State 50 file /home/dell/zyworkspace/nichecker/Experiment/remarks2.1_LA_Slicing/svp_simple_017/_mt_svp_simple_017_001_result/_cs_svp_simple_017_001_global_var_wwr_mt_svp_simple_017_001.c line 491 function main thread 0
----------------------------------------------------
  __cs_tmp_t1_r0=9 (01001)

State 52 file /home/dell/zyworkspace/nichecker/Experiment/remarks2.1_LA_Slicing/svp_simple_017/_mt_svp_simple_017_001_result/_cs_svp_simple_017_001_global_var_wwr_mt_svp_simple_017_001.c line 495 function main thread 0
----------------------------------------------------
  __cs_thread_index=1 (01)

State 53 file /home/dell/zyworkspace/nichecker/Experiment/remarks2.1_LA_Slicing/svp_simple_017/_mt_svp_simple_017_001_result/_cs_svp_simple_017_001_global_var_wwr_mt_svp_simple_017_001.c line 497 function main thread 0
----------------------------------------------------
  __cs_pc_cs[1l]=9 (01001)

State 58 file /home/dell/zyworkspace/nichecker/Experiment/remarks2.1_LA_Slicing/svp_simple_017/_mt_svp_simple_017_001_result/_cs_svp_simple_017_001_global_var_wwr_mt_svp_simple_017_001.c line 503 function main thread 0
----------------------------------------------------
  __cs_param_main_task_arg=NULL (0000000000000000000000000000000000000000000000000000000000000000)

State 63 file /home/dell/zyworkspace/nichecker/Experiment/remarks2.1_LA_Slicing/svp_simple_017/_mt_svp_simple_017_001_result/_cs_svp_simple_017_001_global_var_wwr_mt_svp_simple_017_001.c line 185 function main_task_0 thread 0
----------------------------------------------------
  __cs_disable_thread[2l]=0 (0)

State 64 file /home/dell/zyworkspace/nichecker/Experiment/remarks2.1_LA_Slicing/svp_simple_017/_mt_svp_simple_017_001_result/_cs_svp_simple_017_001_global_var_wwr_mt_svp_simple_017_001.c line 188 function main_task_0 thread 0
----------------------------------------------------
  __cs_disable_thread[0l]=0 (0)

State 65 file /home/dell/zyworkspace/nichecker/Experiment/remarks2.1_LA_Slicing/svp_simple_017/_mt_svp_simple_017_001_result/_cs_svp_simple_017_001_global_var_wwr_mt_svp_simple_017_001.c line 197 function main_task_0 thread 0
----------------------------------------------------
  __cs_local_main_task_i=0 (00000000000000000000000000000000)

State 67 file /home/dell/zyworkspace/nichecker/Experiment/remarks2.1_LA_Slicing/svp_simple_017/_mt_svp_simple_017_001_result/_cs_svp_simple_017_001_global_var_wwr_mt_svp_simple_017_001.c line 201 function main_task_0 thread 0
----------------------------------------------------
  svp_simple_017_001_global_var=0 (00000000000000000000000000000000)

State 68 file /home/dell/zyworkspace/nichecker/Experiment/remarks2.1_LA_Slicing/svp_simple_017/_mt_svp_simple_017_001_result/_cs_svp_simple_017_001_global_var_wwr_mt_svp_simple_017_001.c line 203 function main_task_0 thread 0
----------------------------------------------------
  wwr_w_tmp1_num=1 (00000000000000000000000000000001)

State 69 file /home/dell/zyworkspace/nichecker/Experiment/remarks2.1_LA_Slicing/svp_simple_017/_mt_svp_simple_017_001_result/_cs_svp_simple_017_001_global_var_wwr_mt_svp_simple_017_001.c line 204 function main_task_0 thread 0
----------------------------------------------------
  wwr_w_tmp1=0 (00000000000000000000000000000000)

State 70 file /home/dell/zyworkspace/nichecker/Experiment/remarks2.1_LA_Slicing/svp_simple_017/_mt_svp_simple_017_001_result/_cs_svp_simple_017_001_global_var_wwr_mt_svp_simple_017_001.c line 213 function main_task_0 thread 0
----------------------------------------------------
  __cs_local_main_task_t_1=0 (00000000000000000000000000000000)

State 73 file /home/dell/zyworkspace/nichecker/Experiment/remarks2.1_LA_Slicing/svp_simple_017/_mt_svp_simple_017_001_result/_cs_svp_simple_017_001_global_var_wwr_mt_svp_simple_017_001.c line 230 function main_task_0 thread 0
----------------------------------------------------
  wwr_r1=0 (00000000000000000000000000000000)

State 75 file /home/dell/zyworkspace/nichecker/Experiment/remarks2.1_LA_Slicing/svp_simple_017/_mt_svp_simple_017_001_result/_cs_svp_simple_017_001_global_var_wwr_mt_svp_simple_017_001.c line 233 function main_task_0 thread 0
----------------------------------------------------
  wwr_w_tmp1_num=0 (00000000000000000000000000000000)

State 77 file /home/dell/zyworkspace/nichecker/Experiment/remarks2.1_LA_Slicing/svp_simple_017/_mt_svp_simple_017_001_result/_cs_svp_simple_017_001_global_var_wwr_mt_svp_simple_017_001.c line 242 function main_task_0 thread 0
----------------------------------------------------
  __cs_local_main_task_loop_1_IOVar1=0 (00000000000000000000000000000000)

State 78 file /home/dell/zyworkspace/nichecker/Experiment/remarks2.1_LA_Slicing/svp_simple_017/_mt_svp_simple_017_001_result/_cs_svp_simple_017_001_global_var_wwr_mt_svp_simple_017_001.c line 244 function main_task_0 thread 0
----------------------------------------------------
  wwr_r1=0 (00000000000000000000000000000000)

State 80 file /home/dell/zyworkspace/nichecker/Experiment/remarks2.1_LA_Slicing/svp_simple_017/_mt_svp_simple_017_001_result/_cs_svp_simple_017_001_global_var_wwr_mt_svp_simple_017_001.c line 252 function main_task_0 thread 0
----------------------------------------------------
  __cs_local_main_task_loop_1_block_2=36 (00000000000000000000000000100100)

State 82 file /home/dell/zyworkspace/nichecker/Experiment/remarks2.1_LA_Slicing/svp_simple_017/_mt_svp_simple_017_001_result/_cs_svp_simple_017_001_global_var_wwr_mt_svp_simple_017_001.c line 256 function main_task_0 thread 0
----------------------------------------------------
  svp_simple_017_001_global_var=36 (00000000000000000000000000100100)

State 83 file /home/dell/zyworkspace/nichecker/Experiment/remarks2.1_LA_Slicing/svp_simple_017/_mt_svp_simple_017_001_result/_cs_svp_simple_017_001_global_var_wwr_mt_svp_simple_017_001.c line 258 function main_task_0 thread 0
----------------------------------------------------
  wwr_w_tmp1_num=1 (00000000000000000000000000000001)

State 84 file /home/dell/zyworkspace/nichecker/Experiment/remarks2.1_LA_Slicing/svp_simple_017/_mt_svp_simple_017_001_result/_cs_svp_simple_017_001_global_var_wwr_mt_svp_simple_017_001.c line 259 function main_task_0 thread 0
----------------------------------------------------
  wwr_w_tmp1=36 (00000000000000000000000000100100)

State 91 file /home/dell/zyworkspace/nichecker/Experiment/remarks2.1_LA_Slicing/svp_simple_017/_mt_svp_simple_017_001_result/_cs_svp_simple_017_001_global_var_wwr_mt_svp_simple_017_001.c line 272 function main_task_0 thread 0
----------------------------------------------------
  __cs_local_main_task_i=1 (00000000000000000000000000000001)

State 92 file /home/dell/zyworkspace/nichecker/Experiment/remarks2.1_LA_Slicing/svp_simple_017/_mt_svp_simple_017_001_result/_cs_svp_simple_017_001_global_var_wwr_mt_svp_simple_017_001.c line 272 function main_task_0 thread 0
----------------------------------------------------
  svp_simple_017_001_local_array[36l]=0 (00000000000000000000000000000000)

State 93 file /home/dell/zyworkspace/nichecker/Experiment/remarks2.1_LA_Slicing/svp_simple_017/_mt_svp_simple_017_001_result/_cs_svp_simple_017_001_global_var_wwr_mt_svp_simple_017_001.c line 274 function main_task_0 thread 0
----------------------------------------------------
  wwr_r2=36 (00000000000000000000000000100100)

State 96 file /home/dell/zyworkspace/nichecker/Experiment/remarks2.1_LA_Slicing/svp_simple_017/_mt_svp_simple_017_001_result/_cs_svp_simple_017_001_global_var_wwr_mt_svp_simple_017_001.c line 277 function main_task_0 thread 0
----------------------------------------------------
  wwr_w_tmp1_num=0 (00000000000000000000000000000000)

State 97 file /home/dell/zyworkspace/nichecker/Experiment/remarks2.1_LA_Slicing/svp_simple_017/_mt_svp_simple_017_001_result/_cs_svp_simple_017_001_global_var_wwr_mt_svp_simple_017_001.c line 286 function main_task_0 thread 0
----------------------------------------------------
  __cs_temporary_0=0 (00000000000000000000000000000000)

State 99 file /home/dell/zyworkspace/nichecker/Experiment/remarks2.1_LA_Slicing/svp_simple_017/_mt_svp_simple_017_001_result/_cs_svp_simple_017_001_global_var_wwr_mt_svp_simple_017_001.c line 291 function main_task_0 thread 0
----------------------------------------------------
  __cs_temporary_0=37 (00000000000000000000000000100101)

State 100 file /home/dell/zyworkspace/nichecker/Experiment/remarks2.1_LA_Slicing/svp_simple_017/_mt_svp_simple_017_001_result/_cs_svp_simple_017_001_global_var_wwr_mt_svp_simple_017_001.c line 293 function main_task_0 thread 0
----------------------------------------------------
  wwr_r2=36 (00000000000000000000000000100100)

State 103 file /home/dell/zyworkspace/nichecker/Experiment/remarks2.1_LA_Slicing/svp_simple_017/_mt_svp_simple_017_001_result/_cs_svp_simple_017_001_global_var_wwr_mt_svp_simple_017_001.c line 302 function main_task_0 thread 0
----------------------------------------------------
  svp_simple_017_001_global_var=37 (00000000000000000000000000100101)

State 104 file /home/dell/zyworkspace/nichecker/Experiment/remarks2.1_LA_Slicing/svp_simple_017/_mt_svp_simple_017_001_result/_cs_svp_simple_017_001_global_var_wwr_mt_svp_simple_017_001.c line 304 function main_task_0 thread 0
----------------------------------------------------
  wwr_w_tmp1_num=1 (00000000000000000000000000000001)

State 105 file /home/dell/zyworkspace/nichecker/Experiment/remarks2.1_LA_Slicing/svp_simple_017/_mt_svp_simple_017_001_result/_cs_svp_simple_017_001_global_var_wwr_mt_svp_simple_017_001.c line 305 function main_task_0 thread 0
----------------------------------------------------
  wwr_w_tmp1=37 (00000000000000000000000000100101)

State 106 file /home/dell/zyworkspace/nichecker/Experiment/remarks2.1_LA_Slicing/svp_simple_017/_mt_svp_simple_017_001_result/_cs_svp_simple_017_001_global_var_wwr_mt_svp_simple_017_001.c line 312 function main_task_0 thread 0
----------------------------------------------------
  __cs_local_main_task_t_1=1 (00000000000000000000000000000001)

State 119 file /home/dell/zyworkspace/nichecker/Experiment/remarks2.1_LA_Slicing/svp_simple_017/_mt_svp_simple_017_001_result/_cs_svp_simple_017_001_global_var_wwr_mt_svp_simple_017_001.c line 451 function main_task_0 thread 0
----------------------------------------------------
  __cs_value_ptr=NULL (0000000000000000000000000000000000000000000000000000000000000000)

State 124 file /home/dell/zyworkspace/nichecker/Experiment/remarks2.1_LA_Slicing/svp_simple_017/_mt_svp_simple_017_001_result/_cs_svp_simple_017_001_global_var_wwr_mt_svp_simple_017_001.c line 505 function main thread 0
----------------------------------------------------
  __cs_pc[1l]=9 (01001)

State 125 file /home/dell/zyworkspace/nichecker/Experiment/remarks2.1_LA_Slicing/svp_simple_017/_mt_svp_simple_017_001_result/_cs_svp_simple_017_001_global_var_wwr_mt_svp_simple_017_001.c line 511 function main thread 0
----------------------------------------------------
  __cs_tmp_t2_r0=1 (1)

State 127 file /home/dell/zyworkspace/nichecker/Experiment/remarks2.1_LA_Slicing/svp_simple_017/_mt_svp_simple_017_001_result/_cs_svp_simple_017_001_global_var_wwr_mt_svp_simple_017_001.c line 516 function main thread 0
----------------------------------------------------
  __cs_thread_index=2 (10)

State 128 file /home/dell/zyworkspace/nichecker/Experiment/remarks2.1_LA_Slicing/svp_simple_017/_mt_svp_simple_017_001_result/_cs_svp_simple_017_001_global_var_wwr_mt_svp_simple_017_001.c line 518 function main thread 0
----------------------------------------------------
  __cs_pc_cs[2l]=1 (00001)

State 133 file /home/dell/zyworkspace/nichecker/Experiment/remarks2.1_LA_Slicing/svp_simple_017/_mt_svp_simple_017_001_result/_cs_svp_simple_017_001_global_var_wwr_mt_svp_simple_017_001.c line 524 function main thread 0
----------------------------------------------------
  __cs_param_svp_simple_017_001_isr_1_arg=NULL (0000000000000000000000000000000000000000000000000000000000000000)

State 135 file /home/dell/zyworkspace/nichecker/Experiment/remarks2.1_LA_Slicing/svp_simple_017/_mt_svp_simple_017_001_result/_cs_svp_simple_017_001_global_var_wwr_mt_svp_simple_017_001.c line 464 function svp_simple_017_001_isr_1_0 thread 0
----------------------------------------------------
  __cs_local_svp_simple_017_001_isr_1_i=0 (00000000000000000000000000000000)

State 136 file /home/dell/zyworkspace/nichecker/Experiment/remarks2.1_LA_Slicing/svp_simple_017/_mt_svp_simple_017_001_result/_cs_svp_simple_017_001_global_var_wwr_mt_svp_simple_017_001.c line 468 function svp_simple_017_001_isr_1_0 thread 0
----------------------------------------------------
  svp_simple_017_001_global_var=50 (00000000000000000000000000110010)

State 140 file /home/dell/zyworkspace/nichecker/Experiment/remarks2.1_LA_Slicing/svp_simple_017/_mt_svp_simple_017_001_result/_cs_svp_simple_017_001_global_var_wwr_mt_svp_simple_017_001.c line 479 function svp_simple_017_001_isr_1_0 thread 0
----------------------------------------------------
  __cs_value_ptr=NULL (0000000000000000000000000000000000000000000000000000000000000000)

State 145 file /home/dell/zyworkspace/nichecker/Experiment/remarks2.1_LA_Slicing/svp_simple_017/_mt_svp_simple_017_001_result/_cs_svp_simple_017_001_global_var_wwr_mt_svp_simple_017_001.c line 526 function main thread 0
----------------------------------------------------
  __cs_pc[2l]=1 (00001)

State 146 file /home/dell/zyworkspace/nichecker/Experiment/remarks2.1_LA_Slicing/svp_simple_017/_mt_svp_simple_017_001_result/_cs_svp_simple_017_001_global_var_wwr_mt_svp_simple_017_001.c line 536 function main thread 0
----------------------------------------------------
  __cs_tmp_t1_r1=13 (01101)

State 148 file /home/dell/zyworkspace/nichecker/Experiment/remarks2.1_LA_Slicing/svp_simple_017/_mt_svp_simple_017_001_result/_cs_svp_simple_017_001_global_var_wwr_mt_svp_simple_017_001.c line 541 function main thread 0
----------------------------------------------------
  __cs_thread_index=1 (01)

State 149 file /home/dell/zyworkspace/nichecker/Experiment/remarks2.1_LA_Slicing/svp_simple_017/_mt_svp_simple_017_001_result/_cs_svp_simple_017_001_global_var_wwr_mt_svp_simple_017_001.c line 543 function main thread 0
----------------------------------------------------
  __cs_pc_cs[1l]=13 (01101)

State 154 file /home/dell/zyworkspace/nichecker/Experiment/remarks2.1_LA_Slicing/svp_simple_017/_mt_svp_simple_017_001_result/_cs_svp_simple_017_001_global_var_wwr_mt_svp_simple_017_001.c line 549 function main thread 0
----------------------------------------------------
  __cs_param_main_task_arg=NULL (0000000000000000000000000000000000000000000000000000000000000000)

State 166 file /home/dell/zyworkspace/nichecker/Experiment/remarks2.1_LA_Slicing/svp_simple_017/_mt_svp_simple_017_001_result/_cs_svp_simple_017_001_global_var_wwr_mt_svp_simple_017_001.c line 329 function main_task_0 thread 0
----------------------------------------------------
  wwr_r3=50 (00000000000000000000000000110010)

Violated property:
  file /home/dell/zyworkspace/nichecker/Experiment/remarks2.1_LA_Slicing/svp_simple_017/_mt_svp_simple_017_001_result/_cs_svp_simple_017_001_global_var_wwr_mt_svp_simple_017_001.c line 331 function main_task_0
  assertion wwr_r3 == wwr_w_tmp1
  wwr_r3 == wwr_w_tmp1


Trace for main_task_0.assertion.7:

State 50 file /home/dell/zyworkspace/nichecker/Experiment/remarks2.1_LA_Slicing/svp_simple_017/_mt_svp_simple_017_001_result/_cs_svp_simple_017_001_global_var_wwr_mt_svp_simple_017_001.c line 491 function main thread 0
----------------------------------------------------
  __cs_tmp_t1_r0=12 (01100)

State 52 file /home/dell/zyworkspace/nichecker/Experiment/remarks2.1_LA_Slicing/svp_simple_017/_mt_svp_simple_017_001_result/_cs_svp_simple_017_001_global_var_wwr_mt_svp_simple_017_001.c line 495 function main thread 0
----------------------------------------------------
  __cs_thread_index=1 (01)

State 53 file /home/dell/zyworkspace/nichecker/Experiment/remarks2.1_LA_Slicing/svp_simple_017/_mt_svp_simple_017_001_result/_cs_svp_simple_017_001_global_var_wwr_mt_svp_simple_017_001.c line 497 function main thread 0
----------------------------------------------------
  __cs_pc_cs[1l]=12 (01100)

State 58 file /home/dell/zyworkspace/nichecker/Experiment/remarks2.1_LA_Slicing/svp_simple_017/_mt_svp_simple_017_001_result/_cs_svp_simple_017_001_global_var_wwr_mt_svp_simple_017_001.c line 503 function main thread 0
----------------------------------------------------
  __cs_param_main_task_arg=NULL (0000000000000000000000000000000000000000000000000000000000000000)

State 63 file /home/dell/zyworkspace/nichecker/Experiment/remarks2.1_LA_Slicing/svp_simple_017/_mt_svp_simple_017_001_result/_cs_svp_simple_017_001_global_var_wwr_mt_svp_simple_017_001.c line 185 function main_task_0 thread 0
----------------------------------------------------
  __cs_disable_thread[2l]=0 (0)

State 64 file /home/dell/zyworkspace/nichecker/Experiment/remarks2.1_LA_Slicing/svp_simple_017/_mt_svp_simple_017_001_result/_cs_svp_simple_017_001_global_var_wwr_mt_svp_simple_017_001.c line 188 function main_task_0 thread 0
----------------------------------------------------
  __cs_disable_thread[0l]=0 (0)

State 65 file /home/dell/zyworkspace/nichecker/Experiment/remarks2.1_LA_Slicing/svp_simple_017/_mt_svp_simple_017_001_result/_cs_svp_simple_017_001_global_var_wwr_mt_svp_simple_017_001.c line 197 function main_task_0 thread 0
----------------------------------------------------
  __cs_local_main_task_i=0 (00000000000000000000000000000000)

State 67 file /home/dell/zyworkspace/nichecker/Experiment/remarks2.1_LA_Slicing/svp_simple_017/_mt_svp_simple_017_001_result/_cs_svp_simple_017_001_global_var_wwr_mt_svp_simple_017_001.c line 201 function main_task_0 thread 0
----------------------------------------------------
  svp_simple_017_001_global_var=0 (00000000000000000000000000000000)

State 68 file /home/dell/zyworkspace/nichecker/Experiment/remarks2.1_LA_Slicing/svp_simple_017/_mt_svp_simple_017_001_result/_cs_svp_simple_017_001_global_var_wwr_mt_svp_simple_017_001.c line 203 function main_task_0 thread 0
----------------------------------------------------
  wwr_w_tmp1_num=1 (00000000000000000000000000000001)

State 69 file /home/dell/zyworkspace/nichecker/Experiment/remarks2.1_LA_Slicing/svp_simple_017/_mt_svp_simple_017_001_result/_cs_svp_simple_017_001_global_var_wwr_mt_svp_simple_017_001.c line 204 function main_task_0 thread 0
----------------------------------------------------
  wwr_w_tmp1=0 (00000000000000000000000000000000)

State 70 file /home/dell/zyworkspace/nichecker/Experiment/remarks2.1_LA_Slicing/svp_simple_017/_mt_svp_simple_017_001_result/_cs_svp_simple_017_001_global_var_wwr_mt_svp_simple_017_001.c line 213 function main_task_0 thread 0
----------------------------------------------------
  __cs_local_main_task_t_1=0 (00000000000000000000000000000000)

State 73 file /home/dell/zyworkspace/nichecker/Experiment/remarks2.1_LA_Slicing/svp_simple_017/_mt_svp_simple_017_001_result/_cs_svp_simple_017_001_global_var_wwr_mt_svp_simple_017_001.c line 230 function main_task_0 thread 0
----------------------------------------------------
  wwr_r1=0 (00000000000000000000000000000000)

State 75 file /home/dell/zyworkspace/nichecker/Experiment/remarks2.1_LA_Slicing/svp_simple_017/_mt_svp_simple_017_001_result/_cs_svp_simple_017_001_global_var_wwr_mt_svp_simple_017_001.c line 233 function main_task_0 thread 0
----------------------------------------------------
  wwr_w_tmp1_num=0 (00000000000000000000000000000000)

State 77 file /home/dell/zyworkspace/nichecker/Experiment/remarks2.1_LA_Slicing/svp_simple_017/_mt_svp_simple_017_001_result/_cs_svp_simple_017_001_global_var_wwr_mt_svp_simple_017_001.c line 242 function main_task_0 thread 0
----------------------------------------------------
  __cs_local_main_task_loop_1_IOVar1=0 (00000000000000000000000000000000)

State 78 file /home/dell/zyworkspace/nichecker/Experiment/remarks2.1_LA_Slicing/svp_simple_017/_mt_svp_simple_017_001_result/_cs_svp_simple_017_001_global_var_wwr_mt_svp_simple_017_001.c line 244 function main_task_0 thread 0
----------------------------------------------------
  wwr_r1=0 (00000000000000000000000000000000)

State 80 file /home/dell/zyworkspace/nichecker/Experiment/remarks2.1_LA_Slicing/svp_simple_017/_mt_svp_simple_017_001_result/_cs_svp_simple_017_001_global_var_wwr_mt_svp_simple_017_001.c line 252 function main_task_0 thread 0
----------------------------------------------------
  __cs_local_main_task_loop_1_block_2=36 (00000000000000000000000000100100)

State 82 file /home/dell/zyworkspace/nichecker/Experiment/remarks2.1_LA_Slicing/svp_simple_017/_mt_svp_simple_017_001_result/_cs_svp_simple_017_001_global_var_wwr_mt_svp_simple_017_001.c line 256 function main_task_0 thread 0
----------------------------------------------------
  svp_simple_017_001_global_var=36 (00000000000000000000000000100100)

State 83 file /home/dell/zyworkspace/nichecker/Experiment/remarks2.1_LA_Slicing/svp_simple_017/_mt_svp_simple_017_001_result/_cs_svp_simple_017_001_global_var_wwr_mt_svp_simple_017_001.c line 258 function main_task_0 thread 0
----------------------------------------------------
  wwr_w_tmp1_num=1 (00000000000000000000000000000001)

State 84 file /home/dell/zyworkspace/nichecker/Experiment/remarks2.1_LA_Slicing/svp_simple_017/_mt_svp_simple_017_001_result/_cs_svp_simple_017_001_global_var_wwr_mt_svp_simple_017_001.c line 259 function main_task_0 thread 0
----------------------------------------------------
  wwr_w_tmp1=36 (00000000000000000000000000100100)

State 91 file /home/dell/zyworkspace/nichecker/Experiment/remarks2.1_LA_Slicing/svp_simple_017/_mt_svp_simple_017_001_result/_cs_svp_simple_017_001_global_var_wwr_mt_svp_simple_017_001.c line 272 function main_task_0 thread 0
----------------------------------------------------
  __cs_local_main_task_i=1 (00000000000000000000000000000001)

State 92 file /home/dell/zyworkspace/nichecker/Experiment/remarks2.1_LA_Slicing/svp_simple_017/_mt_svp_simple_017_001_result/_cs_svp_simple_017_001_global_var_wwr_mt_svp_simple_017_001.c line 272 function main_task_0 thread 0
----------------------------------------------------
  svp_simple_017_001_local_array[36l]=0 (00000000000000000000000000000000)

State 93 file /home/dell/zyworkspace/nichecker/Experiment/remarks2.1_LA_Slicing/svp_simple_017/_mt_svp_simple_017_001_result/_cs_svp_simple_017_001_global_var_wwr_mt_svp_simple_017_001.c line 274 function main_task_0 thread 0
----------------------------------------------------
  wwr_r2=36 (00000000000000000000000000100100)

State 96 file /home/dell/zyworkspace/nichecker/Experiment/remarks2.1_LA_Slicing/svp_simple_017/_mt_svp_simple_017_001_result/_cs_svp_simple_017_001_global_var_wwr_mt_svp_simple_017_001.c line 277 function main_task_0 thread 0
----------------------------------------------------
  wwr_w_tmp1_num=0 (00000000000000000000000000000000)

State 97 file /home/dell/zyworkspace/nichecker/Experiment/remarks2.1_LA_Slicing/svp_simple_017/_mt_svp_simple_017_001_result/_cs_svp_simple_017_001_global_var_wwr_mt_svp_simple_017_001.c line 286 function main_task_0 thread 0
----------------------------------------------------
  __cs_temporary_0=0 (00000000000000000000000000000000)

State 99 file /home/dell/zyworkspace/nichecker/Experiment/remarks2.1_LA_Slicing/svp_simple_017/_mt_svp_simple_017_001_result/_cs_svp_simple_017_001_global_var_wwr_mt_svp_simple_017_001.c line 291 function main_task_0 thread 0
----------------------------------------------------
  __cs_temporary_0=37 (00000000000000000000000000100101)

State 100 file /home/dell/zyworkspace/nichecker/Experiment/remarks2.1_LA_Slicing/svp_simple_017/_mt_svp_simple_017_001_result/_cs_svp_simple_017_001_global_var_wwr_mt_svp_simple_017_001.c line 293 function main_task_0 thread 0
----------------------------------------------------
  wwr_r2=36 (00000000000000000000000000100100)

State 103 file /home/dell/zyworkspace/nichecker/Experiment/remarks2.1_LA_Slicing/svp_simple_017/_mt_svp_simple_017_001_result/_cs_svp_simple_017_001_global_var_wwr_mt_svp_simple_017_001.c line 302 function main_task_0 thread 0
----------------------------------------------------
  svp_simple_017_001_global_var=37 (00000000000000000000000000100101)

State 104 file /home/dell/zyworkspace/nichecker/Experiment/remarks2.1_LA_Slicing/svp_simple_017/_mt_svp_simple_017_001_result/_cs_svp_simple_017_001_global_var_wwr_mt_svp_simple_017_001.c line 304 function main_task_0 thread 0
----------------------------------------------------
  wwr_w_tmp1_num=1 (00000000000000000000000000000001)

State 105 file /home/dell/zyworkspace/nichecker/Experiment/remarks2.1_LA_Slicing/svp_simple_017/_mt_svp_simple_017_001_result/_cs_svp_simple_017_001_global_var_wwr_mt_svp_simple_017_001.c line 305 function main_task_0 thread 0
----------------------------------------------------
  wwr_w_tmp1=37 (00000000000000000000000000100101)

State 106 file /home/dell/zyworkspace/nichecker/Experiment/remarks2.1_LA_Slicing/svp_simple_017/_mt_svp_simple_017_001_result/_cs_svp_simple_017_001_global_var_wwr_mt_svp_simple_017_001.c line 312 function main_task_0 thread 0
----------------------------------------------------
  __cs_local_main_task_t_1=1 (00000000000000000000000000000001)

State 109 file /home/dell/zyworkspace/nichecker/Experiment/remarks2.1_LA_Slicing/svp_simple_017/_mt_svp_simple_017_001_result/_cs_svp_simple_017_001_global_var_wwr_mt_svp_simple_017_001.c line 329 function main_task_0 thread 0
----------------------------------------------------
  wwr_r3=37 (00000000000000000000000000100101)

State 112 file /home/dell/zyworkspace/nichecker/Experiment/remarks2.1_LA_Slicing/svp_simple_017/_mt_svp_simple_017_001_result/_cs_svp_simple_017_001_global_var_wwr_mt_svp_simple_017_001.c line 332 function main_task_0 thread 0
----------------------------------------------------
  wwr_w_tmp1_num=0 (00000000000000000000000000000000)

State 114 file /home/dell/zyworkspace/nichecker/Experiment/remarks2.1_LA_Slicing/svp_simple_017/_mt_svp_simple_017_001_result/_cs_svp_simple_017_001_global_var_wwr_mt_svp_simple_017_001.c line 341 function main_task_0 thread 0
----------------------------------------------------
  __cs_local_main_task_loop_1_IOVar1=37 (00000000000000000000000000100101)

State 115 file /home/dell/zyworkspace/nichecker/Experiment/remarks2.1_LA_Slicing/svp_simple_017/_mt_svp_simple_017_001_result/_cs_svp_simple_017_001_global_var_wwr_mt_svp_simple_017_001.c line 343 function main_task_0 thread 0
----------------------------------------------------
  wwr_r3=37 (00000000000000000000000000100101)

State 117 file /home/dell/zyworkspace/nichecker/Experiment/remarks2.1_LA_Slicing/svp_simple_017/_mt_svp_simple_017_001_result/_cs_svp_simple_017_001_global_var_wwr_mt_svp_simple_017_001.c line 351 function main_task_0 thread 0
----------------------------------------------------
  __cs_local_main_task_loop_1_block_2=2002780095 (01110111010111111111111110111111)

State 119 file /home/dell/zyworkspace/nichecker/Experiment/remarks2.1_LA_Slicing/svp_simple_017/_mt_svp_simple_017_001_result/_cs_svp_simple_017_001_global_var_wwr_mt_svp_simple_017_001.c line 355 function main_task_0 thread 0
----------------------------------------------------
  svp_simple_017_001_global_var=2002780132 (01110111010111111111111111100100)

State 120 file /home/dell/zyworkspace/nichecker/Experiment/remarks2.1_LA_Slicing/svp_simple_017/_mt_svp_simple_017_001_result/_cs_svp_simple_017_001_global_var_wwr_mt_svp_simple_017_001.c line 357 function main_task_0 thread 0
----------------------------------------------------
  wwr_w_tmp1_num=1 (00000000000000000000000000000001)

State 121 file /home/dell/zyworkspace/nichecker/Experiment/remarks2.1_LA_Slicing/svp_simple_017/_mt_svp_simple_017_001_result/_cs_svp_simple_017_001_global_var_wwr_mt_svp_simple_017_001.c line 358 function main_task_0 thread 0
----------------------------------------------------
  wwr_w_tmp1=2002780132 (01110111010111111111111111100100)

State 132 file /home/dell/zyworkspace/nichecker/Experiment/remarks2.1_LA_Slicing/svp_simple_017/_mt_svp_simple_017_001_result/_cs_svp_simple_017_001_global_var_wwr_mt_svp_simple_017_001.c line 451 function main_task_0 thread 0
----------------------------------------------------
  __cs_value_ptr=NULL (0000000000000000000000000000000000000000000000000000000000000000)

State 137 file /home/dell/zyworkspace/nichecker/Experiment/remarks2.1_LA_Slicing/svp_simple_017/_mt_svp_simple_017_001_result/_cs_svp_simple_017_001_global_var_wwr_mt_svp_simple_017_001.c line 505 function main thread 0
----------------------------------------------------
  __cs_pc[1l]=12 (01100)

State 138 file /home/dell/zyworkspace/nichecker/Experiment/remarks2.1_LA_Slicing/svp_simple_017/_mt_svp_simple_017_001_result/_cs_svp_simple_017_001_global_var_wwr_mt_svp_simple_017_001.c line 511 function main thread 0
----------------------------------------------------
  __cs_tmp_t2_r0=1 (1)

State 140 file /home/dell/zyworkspace/nichecker/Experiment/remarks2.1_LA_Slicing/svp_simple_017/_mt_svp_simple_017_001_result/_cs_svp_simple_017_001_global_var_wwr_mt_svp_simple_017_001.c line 516 function main thread 0
----------------------------------------------------
  __cs_thread_index=2 (10)

State 141 file /home/dell/zyworkspace/nichecker/Experiment/remarks2.1_LA_Slicing/svp_simple_017/_mt_svp_simple_017_001_result/_cs_svp_simple_017_001_global_var_wwr_mt_svp_simple_017_001.c line 518 function main thread 0
----------------------------------------------------
  __cs_pc_cs[2l]=1 (00001)

State 146 file /home/dell/zyworkspace/nichecker/Experiment/remarks2.1_LA_Slicing/svp_simple_017/_mt_svp_simple_017_001_result/_cs_svp_simple_017_001_global_var_wwr_mt_svp_simple_017_001.c line 524 function main thread 0
----------------------------------------------------
  __cs_param_svp_simple_017_001_isr_1_arg=NULL (0000000000000000000000000000000000000000000000000000000000000000)

State 148 file /home/dell/zyworkspace/nichecker/Experiment/remarks2.1_LA_Slicing/svp_simple_017/_mt_svp_simple_017_001_result/_cs_svp_simple_017_001_global_var_wwr_mt_svp_simple_017_001.c line 464 function svp_simple_017_001_isr_1_0 thread 0
----------------------------------------------------
  __cs_local_svp_simple_017_001_isr_1_i=0 (00000000000000000000000000000000)

State 149 file /home/dell/zyworkspace/nichecker/Experiment/remarks2.1_LA_Slicing/svp_simple_017/_mt_svp_simple_017_001_result/_cs_svp_simple_017_001_global_var_wwr_mt_svp_simple_017_001.c line 468 function svp_simple_017_001_isr_1_0 thread 0
----------------------------------------------------
  svp_simple_017_001_global_var=50 (00000000000000000000000000110010)

State 153 file /home/dell/zyworkspace/nichecker/Experiment/remarks2.1_LA_Slicing/svp_simple_017/_mt_svp_simple_017_001_result/_cs_svp_simple_017_001_global_var_wwr_mt_svp_simple_017_001.c line 479 function svp_simple_017_001_isr_1_0 thread 0
----------------------------------------------------
  __cs_value_ptr=NULL (0000000000000000000000000000000000000000000000000000000000000000)

State 158 file /home/dell/zyworkspace/nichecker/Experiment/remarks2.1_LA_Slicing/svp_simple_017/_mt_svp_simple_017_001_result/_cs_svp_simple_017_001_global_var_wwr_mt_svp_simple_017_001.c line 526 function main thread 0
----------------------------------------------------
  __cs_pc[2l]=1 (00001)

State 159 file /home/dell/zyworkspace/nichecker/Experiment/remarks2.1_LA_Slicing/svp_simple_017/_mt_svp_simple_017_001_result/_cs_svp_simple_017_001_global_var_wwr_mt_svp_simple_017_001.c line 536 function main thread 0
----------------------------------------------------
  __cs_tmp_t1_r1=14 (01110)

State 161 file /home/dell/zyworkspace/nichecker/Experiment/remarks2.1_LA_Slicing/svp_simple_017/_mt_svp_simple_017_001_result/_cs_svp_simple_017_001_global_var_wwr_mt_svp_simple_017_001.c line 541 function main thread 0
----------------------------------------------------
  __cs_thread_index=1 (01)

State 162 file /home/dell/zyworkspace/nichecker/Experiment/remarks2.1_LA_Slicing/svp_simple_017/_mt_svp_simple_017_001_result/_cs_svp_simple_017_001_global_var_wwr_mt_svp_simple_017_001.c line 543 function main thread 0
----------------------------------------------------
  __cs_pc_cs[1l]=14 (01110)

State 167 file /home/dell/zyworkspace/nichecker/Experiment/remarks2.1_LA_Slicing/svp_simple_017/_mt_svp_simple_017_001_result/_cs_svp_simple_017_001_global_var_wwr_mt_svp_simple_017_001.c line 549 function main thread 0
----------------------------------------------------
  __cs_param_main_task_arg=NULL (0000000000000000000000000000000000000000000000000000000000000000)

State 185 file /home/dell/zyworkspace/nichecker/Experiment/remarks2.1_LA_Slicing/svp_simple_017/_mt_svp_simple_017_001_result/_cs_svp_simple_017_001_global_var_wwr_mt_svp_simple_017_001.c line 371 function main_task_0 thread 0
----------------------------------------------------
  __cs_local_main_task_i=2 (00000000000000000000000000000010)

State 186 file /home/dell/zyworkspace/nichecker/Experiment/remarks2.1_LA_Slicing/svp_simple_017/_mt_svp_simple_017_001_result/_cs_svp_simple_017_001_global_var_wwr_mt_svp_simple_017_001.c line 371 function main_task_0 thread 0
----------------------------------------------------
  svp_simple_017_001_local_array[50l]=1 (00000000000000000000000000000001)

State 187 file /home/dell/zyworkspace/nichecker/Experiment/remarks2.1_LA_Slicing/svp_simple_017/_mt_svp_simple_017_001_result/_cs_svp_simple_017_001_global_var_wwr_mt_svp_simple_017_001.c line 373 function main_task_0 thread 0
----------------------------------------------------
  wwr_r4=50 (00000000000000000000000000110010)

Violated property:
  file /home/dell/zyworkspace/nichecker/Experiment/remarks2.1_LA_Slicing/svp_simple_017/_mt_svp_simple_017_001_result/_cs_svp_simple_017_001_global_var_wwr_mt_svp_simple_017_001.c line 375 function main_task_0
  assertion wwr_r4 == wwr_w_tmp1
  wwr_r4 == wwr_w_tmp1


Trace for main_task_0.assertion.9:

State 50 file /home/dell/zyworkspace/nichecker/Experiment/remarks2.1_LA_Slicing/svp_simple_017/_mt_svp_simple_017_001_result/_cs_svp_simple_017_001_global_var_wwr_mt_svp_simple_017_001.c line 491 function main thread 0
----------------------------------------------------
  __cs_tmp_t1_r0=16 (10000)

State 52 file /home/dell/zyworkspace/nichecker/Experiment/remarks2.1_LA_Slicing/svp_simple_017/_mt_svp_simple_017_001_result/_cs_svp_simple_017_001_global_var_wwr_mt_svp_simple_017_001.c line 495 function main thread 0
----------------------------------------------------
  __cs_thread_index=1 (01)

State 53 file /home/dell/zyworkspace/nichecker/Experiment/remarks2.1_LA_Slicing/svp_simple_017/_mt_svp_simple_017_001_result/_cs_svp_simple_017_001_global_var_wwr_mt_svp_simple_017_001.c line 497 function main thread 0
----------------------------------------------------
  __cs_pc_cs[1l]=16 (10000)

State 58 file /home/dell/zyworkspace/nichecker/Experiment/remarks2.1_LA_Slicing/svp_simple_017/_mt_svp_simple_017_001_result/_cs_svp_simple_017_001_global_var_wwr_mt_svp_simple_017_001.c line 503 function main thread 0
----------------------------------------------------
  __cs_param_main_task_arg=NULL (0000000000000000000000000000000000000000000000000000000000000000)

State 63 file /home/dell/zyworkspace/nichecker/Experiment/remarks2.1_LA_Slicing/svp_simple_017/_mt_svp_simple_017_001_result/_cs_svp_simple_017_001_global_var_wwr_mt_svp_simple_017_001.c line 185 function main_task_0 thread 0
----------------------------------------------------
  __cs_disable_thread[2l]=0 (0)

State 64 file /home/dell/zyworkspace/nichecker/Experiment/remarks2.1_LA_Slicing/svp_simple_017/_mt_svp_simple_017_001_result/_cs_svp_simple_017_001_global_var_wwr_mt_svp_simple_017_001.c line 188 function main_task_0 thread 0
----------------------------------------------------
  __cs_disable_thread[0l]=0 (0)

State 65 file /home/dell/zyworkspace/nichecker/Experiment/remarks2.1_LA_Slicing/svp_simple_017/_mt_svp_simple_017_001_result/_cs_svp_simple_017_001_global_var_wwr_mt_svp_simple_017_001.c line 197 function main_task_0 thread 0
----------------------------------------------------
  __cs_local_main_task_i=0 (00000000000000000000000000000000)

State 67 file /home/dell/zyworkspace/nichecker/Experiment/remarks2.1_LA_Slicing/svp_simple_017/_mt_svp_simple_017_001_result/_cs_svp_simple_017_001_global_var_wwr_mt_svp_simple_017_001.c line 201 function main_task_0 thread 0
----------------------------------------------------
  svp_simple_017_001_global_var=0 (00000000000000000000000000000000)

State 68 file /home/dell/zyworkspace/nichecker/Experiment/remarks2.1_LA_Slicing/svp_simple_017/_mt_svp_simple_017_001_result/_cs_svp_simple_017_001_global_var_wwr_mt_svp_simple_017_001.c line 203 function main_task_0 thread 0
----------------------------------------------------
  wwr_w_tmp1_num=1 (00000000000000000000000000000001)

State 69 file /home/dell/zyworkspace/nichecker/Experiment/remarks2.1_LA_Slicing/svp_simple_017/_mt_svp_simple_017_001_result/_cs_svp_simple_017_001_global_var_wwr_mt_svp_simple_017_001.c line 204 function main_task_0 thread 0
----------------------------------------------------
  wwr_w_tmp1=0 (00000000000000000000000000000000)

State 70 file /home/dell/zyworkspace/nichecker/Experiment/remarks2.1_LA_Slicing/svp_simple_017/_mt_svp_simple_017_001_result/_cs_svp_simple_017_001_global_var_wwr_mt_svp_simple_017_001.c line 213 function main_task_0 thread 0
----------------------------------------------------
  __cs_local_main_task_t_1=0 (00000000000000000000000000000000)

State 73 file /home/dell/zyworkspace/nichecker/Experiment/remarks2.1_LA_Slicing/svp_simple_017/_mt_svp_simple_017_001_result/_cs_svp_simple_017_001_global_var_wwr_mt_svp_simple_017_001.c line 230 function main_task_0 thread 0
----------------------------------------------------
  wwr_r1=0 (00000000000000000000000000000000)

State 75 file /home/dell/zyworkspace/nichecker/Experiment/remarks2.1_LA_Slicing/svp_simple_017/_mt_svp_simple_017_001_result/_cs_svp_simple_017_001_global_var_wwr_mt_svp_simple_017_001.c line 233 function main_task_0 thread 0
----------------------------------------------------
  wwr_w_tmp1_num=0 (00000000000000000000000000000000)

State 77 file /home/dell/zyworkspace/nichecker/Experiment/remarks2.1_LA_Slicing/svp_simple_017/_mt_svp_simple_017_001_result/_cs_svp_simple_017_001_global_var_wwr_mt_svp_simple_017_001.c line 242 function main_task_0 thread 0
----------------------------------------------------
  __cs_local_main_task_loop_1_IOVar1=0 (00000000000000000000000000000000)

State 78 file /home/dell/zyworkspace/nichecker/Experiment/remarks2.1_LA_Slicing/svp_simple_017/_mt_svp_simple_017_001_result/_cs_svp_simple_017_001_global_var_wwr_mt_svp_simple_017_001.c line 244 function main_task_0 thread 0
----------------------------------------------------
  wwr_r1=0 (00000000000000000000000000000000)

State 80 file /home/dell/zyworkspace/nichecker/Experiment/remarks2.1_LA_Slicing/svp_simple_017/_mt_svp_simple_017_001_result/_cs_svp_simple_017_001_global_var_wwr_mt_svp_simple_017_001.c line 252 function main_task_0 thread 0
----------------------------------------------------
  __cs_local_main_task_loop_1_block_2=11 (00000000000000000000000000001011)

State 82 file /home/dell/zyworkspace/nichecker/Experiment/remarks2.1_LA_Slicing/svp_simple_017/_mt_svp_simple_017_001_result/_cs_svp_simple_017_001_global_var_wwr_mt_svp_simple_017_001.c line 256 function main_task_0 thread 0
----------------------------------------------------
  svp_simple_017_001_global_var=11 (00000000000000000000000000001011)

State 83 file /home/dell/zyworkspace/nichecker/Experiment/remarks2.1_LA_Slicing/svp_simple_017/_mt_svp_simple_017_001_result/_cs_svp_simple_017_001_global_var_wwr_mt_svp_simple_017_001.c line 258 function main_task_0 thread 0
----------------------------------------------------
  wwr_w_tmp1_num=1 (00000000000000000000000000000001)

State 84 file /home/dell/zyworkspace/nichecker/Experiment/remarks2.1_LA_Slicing/svp_simple_017/_mt_svp_simple_017_001_result/_cs_svp_simple_017_001_global_var_wwr_mt_svp_simple_017_001.c line 259 function main_task_0 thread 0
----------------------------------------------------
  wwr_w_tmp1=11 (00000000000000000000000000001011)

State 91 file /home/dell/zyworkspace/nichecker/Experiment/remarks2.1_LA_Slicing/svp_simple_017/_mt_svp_simple_017_001_result/_cs_svp_simple_017_001_global_var_wwr_mt_svp_simple_017_001.c line 272 function main_task_0 thread 0
----------------------------------------------------
  __cs_local_main_task_i=1 (00000000000000000000000000000001)

State 92 file /home/dell/zyworkspace/nichecker/Experiment/remarks2.1_LA_Slicing/svp_simple_017/_mt_svp_simple_017_001_result/_cs_svp_simple_017_001_global_var_wwr_mt_svp_simple_017_001.c line 272 function main_task_0 thread 0
----------------------------------------------------
  svp_simple_017_001_local_array[11l]=0 (00000000000000000000000000000000)

State 93 file /home/dell/zyworkspace/nichecker/Experiment/remarks2.1_LA_Slicing/svp_simple_017/_mt_svp_simple_017_001_result/_cs_svp_simple_017_001_global_var_wwr_mt_svp_simple_017_001.c line 274 function main_task_0 thread 0
----------------------------------------------------
  wwr_r2=11 (00000000000000000000000000001011)

State 96 file /home/dell/zyworkspace/nichecker/Experiment/remarks2.1_LA_Slicing/svp_simple_017/_mt_svp_simple_017_001_result/_cs_svp_simple_017_001_global_var_wwr_mt_svp_simple_017_001.c line 277 function main_task_0 thread 0
----------------------------------------------------
  wwr_w_tmp1_num=0 (00000000000000000000000000000000)

State 97 file /home/dell/zyworkspace/nichecker/Experiment/remarks2.1_LA_Slicing/svp_simple_017/_mt_svp_simple_017_001_result/_cs_svp_simple_017_001_global_var_wwr_mt_svp_simple_017_001.c line 286 function main_task_0 thread 0
----------------------------------------------------
  __cs_temporary_0=0 (00000000000000000000000000000000)

State 99 file /home/dell/zyworkspace/nichecker/Experiment/remarks2.1_LA_Slicing/svp_simple_017/_mt_svp_simple_017_001_result/_cs_svp_simple_017_001_global_var_wwr_mt_svp_simple_017_001.c line 291 function main_task_0 thread 0
----------------------------------------------------
  __cs_temporary_0=12 (00000000000000000000000000001100)

State 100 file /home/dell/zyworkspace/nichecker/Experiment/remarks2.1_LA_Slicing/svp_simple_017/_mt_svp_simple_017_001_result/_cs_svp_simple_017_001_global_var_wwr_mt_svp_simple_017_001.c line 293 function main_task_0 thread 0
----------------------------------------------------
  wwr_r2=11 (00000000000000000000000000001011)

State 103 file /home/dell/zyworkspace/nichecker/Experiment/remarks2.1_LA_Slicing/svp_simple_017/_mt_svp_simple_017_001_result/_cs_svp_simple_017_001_global_var_wwr_mt_svp_simple_017_001.c line 302 function main_task_0 thread 0
----------------------------------------------------
  svp_simple_017_001_global_var=12 (00000000000000000000000000001100)

State 104 file /home/dell/zyworkspace/nichecker/Experiment/remarks2.1_LA_Slicing/svp_simple_017/_mt_svp_simple_017_001_result/_cs_svp_simple_017_001_global_var_wwr_mt_svp_simple_017_001.c line 304 function main_task_0 thread 0
----------------------------------------------------
  wwr_w_tmp1_num=1 (00000000000000000000000000000001)

State 105 file /home/dell/zyworkspace/nichecker/Experiment/remarks2.1_LA_Slicing/svp_simple_017/_mt_svp_simple_017_001_result/_cs_svp_simple_017_001_global_var_wwr_mt_svp_simple_017_001.c line 305 function main_task_0 thread 0
----------------------------------------------------
  wwr_w_tmp1=12 (00000000000000000000000000001100)

State 106 file /home/dell/zyworkspace/nichecker/Experiment/remarks2.1_LA_Slicing/svp_simple_017/_mt_svp_simple_017_001_result/_cs_svp_simple_017_001_global_var_wwr_mt_svp_simple_017_001.c line 312 function main_task_0 thread 0
----------------------------------------------------
  __cs_local_main_task_t_1=1 (00000000000000000000000000000001)

State 109 file /home/dell/zyworkspace/nichecker/Experiment/remarks2.1_LA_Slicing/svp_simple_017/_mt_svp_simple_017_001_result/_cs_svp_simple_017_001_global_var_wwr_mt_svp_simple_017_001.c line 329 function main_task_0 thread 0
----------------------------------------------------
  wwr_r3=12 (00000000000000000000000000001100)

State 112 file /home/dell/zyworkspace/nichecker/Experiment/remarks2.1_LA_Slicing/svp_simple_017/_mt_svp_simple_017_001_result/_cs_svp_simple_017_001_global_var_wwr_mt_svp_simple_017_001.c line 332 function main_task_0 thread 0
----------------------------------------------------
  wwr_w_tmp1_num=0 (00000000000000000000000000000000)

State 114 file /home/dell/zyworkspace/nichecker/Experiment/remarks2.1_LA_Slicing/svp_simple_017/_mt_svp_simple_017_001_result/_cs_svp_simple_017_001_global_var_wwr_mt_svp_simple_017_001.c line 341 function main_task_0 thread 0
----------------------------------------------------
  __cs_local_main_task_loop_1_IOVar1=12 (00000000000000000000000000001100)

State 115 file /home/dell/zyworkspace/nichecker/Experiment/remarks2.1_LA_Slicing/svp_simple_017/_mt_svp_simple_017_001_result/_cs_svp_simple_017_001_global_var_wwr_mt_svp_simple_017_001.c line 343 function main_task_0 thread 0
----------------------------------------------------
  wwr_r3=12 (00000000000000000000000000001100)

State 117 file /home/dell/zyworkspace/nichecker/Experiment/remarks2.1_LA_Slicing/svp_simple_017/_mt_svp_simple_017_001_result/_cs_svp_simple_017_001_global_var_wwr_mt_svp_simple_017_001.c line 351 function main_task_0 thread 0
----------------------------------------------------
  __cs_local_main_task_loop_1_block_2=4 (00000000000000000000000000000100)

State 119 file /home/dell/zyworkspace/nichecker/Experiment/remarks2.1_LA_Slicing/svp_simple_017/_mt_svp_simple_017_001_result/_cs_svp_simple_017_001_global_var_wwr_mt_svp_simple_017_001.c line 355 function main_task_0 thread 0
----------------------------------------------------
  svp_simple_017_001_global_var=16 (00000000000000000000000000010000)

State 120 file /home/dell/zyworkspace/nichecker/Experiment/remarks2.1_LA_Slicing/svp_simple_017/_mt_svp_simple_017_001_result/_cs_svp_simple_017_001_global_var_wwr_mt_svp_simple_017_001.c line 357 function main_task_0 thread 0
----------------------------------------------------
  wwr_w_tmp1_num=1 (00000000000000000000000000000001)

State 121 file /home/dell/zyworkspace/nichecker/Experiment/remarks2.1_LA_Slicing/svp_simple_017/_mt_svp_simple_017_001_result/_cs_svp_simple_017_001_global_var_wwr_mt_svp_simple_017_001.c line 358 function main_task_0 thread 0
----------------------------------------------------
  wwr_w_tmp1=16 (00000000000000000000000000010000)

State 128 file /home/dell/zyworkspace/nichecker/Experiment/remarks2.1_LA_Slicing/svp_simple_017/_mt_svp_simple_017_001_result/_cs_svp_simple_017_001_global_var_wwr_mt_svp_simple_017_001.c line 371 function main_task_0 thread 0
----------------------------------------------------
  __cs_local_main_task_i=2 (00000000000000000000000000000010)

State 129 file /home/dell/zyworkspace/nichecker/Experiment/remarks2.1_LA_Slicing/svp_simple_017/_mt_svp_simple_017_001_result/_cs_svp_simple_017_001_global_var_wwr_mt_svp_simple_017_001.c line 371 function main_task_0 thread 0
----------------------------------------------------
  svp_simple_017_001_local_array[16l]=1 (00000000000000000000000000000001)

State 130 file /home/dell/zyworkspace/nichecker/Experiment/remarks2.1_LA_Slicing/svp_simple_017/_mt_svp_simple_017_001_result/_cs_svp_simple_017_001_global_var_wwr_mt_svp_simple_017_001.c line 373 function main_task_0 thread 0
----------------------------------------------------
  wwr_r4=16 (00000000000000000000000000010000)

State 133 file /home/dell/zyworkspace/nichecker/Experiment/remarks2.1_LA_Slicing/svp_simple_017/_mt_svp_simple_017_001_result/_cs_svp_simple_017_001_global_var_wwr_mt_svp_simple_017_001.c line 376 function main_task_0 thread 0
----------------------------------------------------
  wwr_w_tmp1_num=0 (00000000000000000000000000000000)

State 134 file /home/dell/zyworkspace/nichecker/Experiment/remarks2.1_LA_Slicing/svp_simple_017/_mt_svp_simple_017_001_result/_cs_svp_simple_017_001_global_var_wwr_mt_svp_simple_017_001.c line 385 function main_task_0 thread 0
----------------------------------------------------
  __cs_temporary_1=0 (00000000000000000000000000000000)

State 136 file /home/dell/zyworkspace/nichecker/Experiment/remarks2.1_LA_Slicing/svp_simple_017/_mt_svp_simple_017_001_result/_cs_svp_simple_017_001_global_var_wwr_mt_svp_simple_017_001.c line 390 function main_task_0 thread 0
----------------------------------------------------
  __cs_temporary_1=17 (00000000000000000000000000010001)

State 137 file /home/dell/zyworkspace/nichecker/Experiment/remarks2.1_LA_Slicing/svp_simple_017/_mt_svp_simple_017_001_result/_cs_svp_simple_017_001_global_var_wwr_mt_svp_simple_017_001.c line 392 function main_task_0 thread 0
----------------------------------------------------
  wwr_r4=16 (00000000000000000000000000010000)

State 140 file /home/dell/zyworkspace/nichecker/Experiment/remarks2.1_LA_Slicing/svp_simple_017/_mt_svp_simple_017_001_result/_cs_svp_simple_017_001_global_var_wwr_mt_svp_simple_017_001.c line 401 function main_task_0 thread 0
----------------------------------------------------
  svp_simple_017_001_global_var=17 (00000000000000000000000000010001)

State 141 file /home/dell/zyworkspace/nichecker/Experiment/remarks2.1_LA_Slicing/svp_simple_017/_mt_svp_simple_017_001_result/_cs_svp_simple_017_001_global_var_wwr_mt_svp_simple_017_001.c line 403 function main_task_0 thread 0
----------------------------------------------------
  wwr_w_tmp1_num=1 (00000000000000000000000000000001)

State 142 file /home/dell/zyworkspace/nichecker/Experiment/remarks2.1_LA_Slicing/svp_simple_017/_mt_svp_simple_017_001_result/_cs_svp_simple_017_001_global_var_wwr_mt_svp_simple_017_001.c line 404 function main_task_0 thread 0
----------------------------------------------------
  wwr_w_tmp1=17 (00000000000000000000000000010001)

State 143 file /home/dell/zyworkspace/nichecker/Experiment/remarks2.1_LA_Slicing/svp_simple_017/_mt_svp_simple_017_001_result/_cs_svp_simple_017_001_global_var_wwr_mt_svp_simple_017_001.c line 411 function main_task_0 thread 0
----------------------------------------------------
  __cs_local_main_task_t_1=2 (00000000000000000000000000000010)

State 149 file /home/dell/zyworkspace/nichecker/Experiment/remarks2.1_LA_Slicing/svp_simple_017/_mt_svp_simple_017_001_result/_cs_svp_simple_017_001_global_var_wwr_mt_svp_simple_017_001.c line 451 function main_task_0 thread 0
----------------------------------------------------
  __cs_value_ptr=NULL (0000000000000000000000000000000000000000000000000000000000000000)

State 154 file /home/dell/zyworkspace/nichecker/Experiment/remarks2.1_LA_Slicing/svp_simple_017/_mt_svp_simple_017_001_result/_cs_svp_simple_017_001_global_var_wwr_mt_svp_simple_017_001.c line 505 function main thread 0
----------------------------------------------------
  __cs_pc[1l]=16 (10000)

State 155 file /home/dell/zyworkspace/nichecker/Experiment/remarks2.1_LA_Slicing/svp_simple_017/_mt_svp_simple_017_001_result/_cs_svp_simple_017_001_global_var_wwr_mt_svp_simple_017_001.c line 511 function main thread 0
----------------------------------------------------
  __cs_tmp_t2_r0=0 (0)

State 157 file /home/dell/zyworkspace/nichecker/Experiment/remarks2.1_LA_Slicing/svp_simple_017/_mt_svp_simple_017_001_result/_cs_svp_simple_017_001_global_var_wwr_mt_svp_simple_017_001.c line 516 function main thread 0
----------------------------------------------------
  __cs_thread_index=2 (10)

State 158 file /home/dell/zyworkspace/nichecker/Experiment/remarks2.1_LA_Slicing/svp_simple_017/_mt_svp_simple_017_001_result/_cs_svp_simple_017_001_global_var_wwr_mt_svp_simple_017_001.c line 518 function main thread 0
----------------------------------------------------
  __cs_pc_cs[2l]=0 (00000)

State 163 file /home/dell/zyworkspace/nichecker/Experiment/remarks2.1_LA_Slicing/svp_simple_017/_mt_svp_simple_017_001_result/_cs_svp_simple_017_001_global_var_wwr_mt_svp_simple_017_001.c line 524 function main thread 0
----------------------------------------------------
  __cs_param_svp_simple_017_001_isr_1_arg=NULL (0000000000000000000000000000000000000000000000000000000000000000)

State 167 file /home/dell/zyworkspace/nichecker/Experiment/remarks2.1_LA_Slicing/svp_simple_017/_mt_svp_simple_017_001_result/_cs_svp_simple_017_001_global_var_wwr_mt_svp_simple_017_001.c line 479 function svp_simple_017_001_isr_1_0 thread 0
----------------------------------------------------
  __cs_value_ptr=NULL (0000000000000000000000000000000000000000000000000000000000000000)

State 172 file /home/dell/zyworkspace/nichecker/Experiment/remarks2.1_LA_Slicing/svp_simple_017/_mt_svp_simple_017_001_result/_cs_svp_simple_017_001_global_var_wwr_mt_svp_simple_017_001.c line 526 function main thread 0
----------------------------------------------------
  __cs_pc[2l]=0 (00000)

State 173 file /home/dell/zyworkspace/nichecker/Experiment/remarks2.1_LA_Slicing/svp_simple_017/_mt_svp_simple_017_001_result/_cs_svp_simple_017_001_global_var_wwr_mt_svp_simple_017_001.c line 536 function main thread 0
----------------------------------------------------
  __cs_tmp_t1_r1=16 (10000)

State 175 file /home/dell/zyworkspace/nichecker/Experiment/remarks2.1_LA_Slicing/svp_simple_017/_mt_svp_simple_017_001_result/_cs_svp_simple_017_001_global_var_wwr_mt_svp_simple_017_001.c line 541 function main thread 0
----------------------------------------------------
  __cs_thread_index=1 (01)

State 176 file /home/dell/zyworkspace/nichecker/Experiment/remarks2.1_LA_Slicing/svp_simple_017/_mt_svp_simple_017_001_result/_cs_svp_simple_017_001_global_var_wwr_mt_svp_simple_017_001.c line 543 function main thread 0
----------------------------------------------------
  __cs_pc_cs[1l]=16 (10000)

State 181 file /home/dell/zyworkspace/nichecker/Experiment/remarks2.1_LA_Slicing/svp_simple_017/_mt_svp_simple_017_001_result/_cs_svp_simple_017_001_global_var_wwr_mt_svp_simple_017_001.c line 549 function main thread 0
----------------------------------------------------
  __cs_param_main_task_arg=NULL (0000000000000000000000000000000000000000000000000000000000000000)

State 203 file /home/dell/zyworkspace/nichecker/Experiment/remarks2.1_LA_Slicing/svp_simple_017/_mt_svp_simple_017_001_result/_cs_svp_simple_017_001_global_var_wwr_mt_svp_simple_017_001.c line 451 function main_task_0 thread 0
----------------------------------------------------
  __cs_value_ptr=NULL (0000000000000000000000000000000000000000000000000000000000000000)

State 208 file /home/dell/zyworkspace/nichecker/Experiment/remarks2.1_LA_Slicing/svp_simple_017/_mt_svp_simple_017_001_result/_cs_svp_simple_017_001_global_var_wwr_mt_svp_simple_017_001.c line 551 function main thread 0
----------------------------------------------------
  __cs_pc[1l]=16 (10000)

State 209 file /home/dell/zyworkspace/nichecker/Experiment/remarks2.1_LA_Slicing/svp_simple_017/_mt_svp_simple_017_001_result/_cs_svp_simple_017_001_global_var_wwr_mt_svp_simple_017_001.c line 557 function main thread 0
----------------------------------------------------
  __cs_tmp_t2_r1=1 (1)

State 211 file /home/dell/zyworkspace/nichecker/Experiment/remarks2.1_LA_Slicing/svp_simple_017/_mt_svp_simple_017_001_result/_cs_svp_simple_017_001_global_var_wwr_mt_svp_simple_017_001.c line 562 function main thread 0
----------------------------------------------------
  __cs_thread_index=2 (10)

State 212 file /home/dell/zyworkspace/nichecker/Experiment/remarks2.1_LA_Slicing/svp_simple_017/_mt_svp_simple_017_001_result/_cs_svp_simple_017_001_global_var_wwr_mt_svp_simple_017_001.c line 564 function main thread 0
----------------------------------------------------
  __cs_pc_cs[2l]=1 (00001)

State 217 file /home/dell/zyworkspace/nichecker/Experiment/remarks2.1_LA_Slicing/svp_simple_017/_mt_svp_simple_017_001_result/_cs_svp_simple_017_001_global_var_wwr_mt_svp_simple_017_001.c line 570 function main thread 0
----------------------------------------------------
  __cs_param_svp_simple_017_001_isr_1_arg=NULL (0000000000000000000000000000000000000000000000000000000000000000)

State 219 file /home/dell/zyworkspace/nichecker/Experiment/remarks2.1_LA_Slicing/svp_simple_017/_mt_svp_simple_017_001_result/_cs_svp_simple_017_001_global_var_wwr_mt_svp_simple_017_001.c line 464 function svp_simple_017_001_isr_1_0 thread 0
----------------------------------------------------
  __cs_local_svp_simple_017_001_isr_1_i=0 (00000000000000000000000000000000)

State 220 file /home/dell/zyworkspace/nichecker/Experiment/remarks2.1_LA_Slicing/svp_simple_017/_mt_svp_simple_017_001_result/_cs_svp_simple_017_001_global_var_wwr_mt_svp_simple_017_001.c line 468 function svp_simple_017_001_isr_1_0 thread 0
----------------------------------------------------
  svp_simple_017_001_global_var=50 (00000000000000000000000000110010)

State 224 file /home/dell/zyworkspace/nichecker/Experiment/remarks2.1_LA_Slicing/svp_simple_017/_mt_svp_simple_017_001_result/_cs_svp_simple_017_001_global_var_wwr_mt_svp_simple_017_001.c line 479 function svp_simple_017_001_isr_1_0 thread 0
----------------------------------------------------
  __cs_value_ptr=NULL (0000000000000000000000000000000000000000000000000000000000000000)

State 229 file /home/dell/zyworkspace/nichecker/Experiment/remarks2.1_LA_Slicing/svp_simple_017/_mt_svp_simple_017_001_result/_cs_svp_simple_017_001_global_var_wwr_mt_svp_simple_017_001.c line 572 function main thread 0
----------------------------------------------------
  __cs_pc[2l]=1 (00001)

State 230 file /home/dell/zyworkspace/nichecker/Experiment/remarks2.1_LA_Slicing/svp_simple_017/_mt_svp_simple_017_001_result/_cs_svp_simple_017_001_global_var_wwr_mt_svp_simple_017_001.c line 576 function main thread 0
----------------------------------------------------
  __cs_tmp_t1_r2=17u (00000000000000000000000000010001)

State 232 file /home/dell/zyworkspace/nichecker/Experiment/remarks2.1_LA_Slicing/svp_simple_017/_mt_svp_simple_017_001_result/_cs_svp_simple_017_001_global_var_wwr_mt_svp_simple_017_001.c line 581 function main thread 0
----------------------------------------------------
  __cs_thread_index=1 (01)

State 233 file /home/dell/zyworkspace/nichecker/Experiment/remarks2.1_LA_Slicing/svp_simple_017/_mt_svp_simple_017_001_result/_cs_svp_simple_017_001_global_var_wwr_mt_svp_simple_017_001.c line 583 function main thread 0
----------------------------------------------------
  __cs_pc_cs[1l]=17 (10001)

State 238 file /home/dell/zyworkspace/nichecker/Experiment/remarks2.1_LA_Slicing/svp_simple_017/_mt_svp_simple_017_001_result/_cs_svp_simple_017_001_global_var_wwr_mt_svp_simple_017_001.c line 589 function main thread 0
----------------------------------------------------
  __cs_param_main_task_arg=NULL (0000000000000000000000000000000000000000000000000000000000000000)

State 256 file /home/dell/zyworkspace/nichecker/Experiment/remarks2.1_LA_Slicing/svp_simple_017/_mt_svp_simple_017_001_result/_cs_svp_simple_017_001_global_var_wwr_mt_svp_simple_017_001.c line 417 function main_task_0 thread 0
----------------------------------------------------
  __cs_loop_1=FALSE (00000000)

State 257 file /home/dell/zyworkspace/nichecker/Experiment/remarks2.1_LA_Slicing/svp_simple_017/_mt_svp_simple_017_001_result/_cs_svp_simple_017_001_global_var_wwr_mt_svp_simple_017_001.c line 419 function main_task_0 thread 0
----------------------------------------------------
  wwr_r5=50 (00000000000000000000000000110010)

Violated property:
  file /home/dell/zyworkspace/nichecker/Experiment/remarks2.1_LA_Slicing/svp_simple_017/_mt_svp_simple_017_001_result/_cs_svp_simple_017_001_global_var_wwr_mt_svp_simple_017_001.c line 421 function main_task_0
  assertion wwr_r5 == wwr_w_tmp1
  wwr_r5 == wwr_w_tmp1


** 5 of 9 failed (6 iterations)
VERIFICATION FAILED
