CBMC version 5.6 64-bit x86_64 linux
Parsing /home/dell/zyworkspace/nichecker/Experiment/remarks2.1_LA_Slicing/svp_simple_017/_mt_svp_simple_017_001_result/_cs_svp_simple_017_001_global_var_rwr_mt_svp_simple_017_001.c
<command-line>: warning: "__STDC_VERSION__" redefined
<built-in>: note: this is the location of the previous definition
Converting
Type-checking _cs_svp_simple_017_001_global_var_rwr_mt_svp_simple_017_001
file /home/dell/zyworkspace/nichecker/Experiment/remarks2.1_LA_Slicing/svp_simple_017/_mt_svp_simple_017_001_result/_cs_svp_simple_017_001_global_var_rwr_mt_svp_simple_017_001.c line 232 function main_task_0: function `assert' is not declared
Generating GOTO Program
Adding CPROVER library (x86_64)
Removal of function pointers and virtual functions
Partial Inlining
Generic Property Instrumentation
Starting Bounded Model Checking
**** WARNING: no body for function enable_isr
size of program expression: 1015 steps
simple slicing removed 28 assignments
Generated 26 VCC(s), 25 remaining after simplification
Passing problem to propositional reduction
converting SSA
Running propositional reduction
Post-processing
Solving with MiniSAT 2.2.1 with simplifier
12340 variables, 61225 clauses
SAT checker: instance is SATISFIABLE
Solving with MiniSAT 2.2.1 with simplifier
12340 variables, 19250 clauses
SAT checker: instance is SATISFIABLE
Solving with MiniSAT 2.2.1 with simplifier
12340 variables, 18294 clauses
SAT checker: instance is SATISFIABLE
Solving with MiniSAT 2.2.1 with simplifier
12340 variables, 17720 clauses
SAT checker: instance is SATISFIABLE
Solving with MiniSAT 2.2.1 with simplifier
12340 variables, 16478 clauses
SAT checker: instance is UNSATISFIABLE
Runtime decision procedure: 0.127s

** Results:
[main_task_0.assertion.1] assertion rwr_r1 == rwr_tmp1: SUCCESS
[main_task_0.assertion.2] assertion rwr_r2 == rwr_tmp1: FAILURE
[main_task_0.assertion.3] assertion rwr_r3 == rwr_tmp1: SUCCESS
[main_task_0.assertion.4] assertion rwr_r4 == rwr_tmp1: FAILURE
[main_task_0.assertion.5] assertion rwr_r5 == rwr_tmp1: SUCCESS
[main_task_0.assertion.6] assertion rwr_r6 == rwr_tmp1: FAILURE
[main_task_0.assertion.7] assertion rwr_r7 == rwr_tmp1: SUCCESS
[main_task_0.assertion.8] assertion rwr_r8 == rwr_tmp1: FAILURE
[main_task_0.assertion.9] assertion rwr_r9 == rwr_tmp1: SUCCESS

Trace for main_task_0.assertion.2:

State 54 file /home/dell/zyworkspace/nichecker/Experiment/remarks2.1_LA_Slicing/svp_simple_017/_mt_svp_simple_017_001_result/_cs_svp_simple_017_001_global_var_rwr_mt_svp_simple_017_001.c line 496 function main thread 0
----------------------------------------------------
  __cs_tmp_t1_r0=1 (00001)

State 56 file /home/dell/zyworkspace/nichecker/Experiment/remarks2.1_LA_Slicing/svp_simple_017/_mt_svp_simple_017_001_result/_cs_svp_simple_017_001_global_var_rwr_mt_svp_simple_017_001.c line 500 function main thread 0
----------------------------------------------------
  __cs_thread_index=1 (01)

State 57 file /home/dell/zyworkspace/nichecker/Experiment/remarks2.1_LA_Slicing/svp_simple_017/_mt_svp_simple_017_001_result/_cs_svp_simple_017_001_global_var_rwr_mt_svp_simple_017_001.c line 502 function main thread 0
----------------------------------------------------
  __cs_pc_cs[1l]=1 (00001)

State 62 file /home/dell/zyworkspace/nichecker/Experiment/remarks2.1_LA_Slicing/svp_simple_017/_mt_svp_simple_017_001_result/_cs_svp_simple_017_001_global_var_rwr_mt_svp_simple_017_001.c line 508 function main thread 0
----------------------------------------------------
  __cs_param_main_task_arg=NULL (0000000000000000000000000000000000000000000000000000000000000000)

State 67 file /home/dell/zyworkspace/nichecker/Experiment/remarks2.1_LA_Slicing/svp_simple_017/_mt_svp_simple_017_001_result/_cs_svp_simple_017_001_global_var_rwr_mt_svp_simple_017_001.c line 189 function main_task_0 thread 0
----------------------------------------------------
  __cs_disable_thread[2l]=0 (0)

State 68 file /home/dell/zyworkspace/nichecker/Experiment/remarks2.1_LA_Slicing/svp_simple_017/_mt_svp_simple_017_001_result/_cs_svp_simple_017_001_global_var_rwr_mt_svp_simple_017_001.c line 192 function main_task_0 thread 0
----------------------------------------------------
  __cs_disable_thread[0l]=0 (0)

State 69 file /home/dell/zyworkspace/nichecker/Experiment/remarks2.1_LA_Slicing/svp_simple_017/_mt_svp_simple_017_001_result/_cs_svp_simple_017_001_global_var_rwr_mt_svp_simple_017_001.c line 201 function main_task_0 thread 0
----------------------------------------------------
  __cs_local_main_task_i=0 (00000000000000000000000000000000)

State 90 file /home/dell/zyworkspace/nichecker/Experiment/remarks2.1_LA_Slicing/svp_simple_017/_mt_svp_simple_017_001_result/_cs_svp_simple_017_001_global_var_rwr_mt_svp_simple_017_001.c line 456 function main_task_0 thread 0
----------------------------------------------------
  __cs_value_ptr=NULL (0000000000000000000000000000000000000000000000000000000000000000)

State 95 file /home/dell/zyworkspace/nichecker/Experiment/remarks2.1_LA_Slicing/svp_simple_017/_mt_svp_simple_017_001_result/_cs_svp_simple_017_001_global_var_rwr_mt_svp_simple_017_001.c line 510 function main thread 0
----------------------------------------------------
  __cs_pc[1l]=1 (00001)

State 96 file /home/dell/zyworkspace/nichecker/Experiment/remarks2.1_LA_Slicing/svp_simple_017/_mt_svp_simple_017_001_result/_cs_svp_simple_017_001_global_var_rwr_mt_svp_simple_017_001.c line 516 function main thread 0
----------------------------------------------------
  __cs_tmp_t2_r0=0 (0)

State 98 file /home/dell/zyworkspace/nichecker/Experiment/remarks2.1_LA_Slicing/svp_simple_017/_mt_svp_simple_017_001_result/_cs_svp_simple_017_001_global_var_rwr_mt_svp_simple_017_001.c line 521 function main thread 0
----------------------------------------------------
  __cs_thread_index=2 (10)

State 99 file /home/dell/zyworkspace/nichecker/Experiment/remarks2.1_LA_Slicing/svp_simple_017/_mt_svp_simple_017_001_result/_cs_svp_simple_017_001_global_var_rwr_mt_svp_simple_017_001.c line 523 function main thread 0
----------------------------------------------------
  __cs_pc_cs[2l]=0 (00000)

State 104 file /home/dell/zyworkspace/nichecker/Experiment/remarks2.1_LA_Slicing/svp_simple_017/_mt_svp_simple_017_001_result/_cs_svp_simple_017_001_global_var_rwr_mt_svp_simple_017_001.c line 529 function main thread 0
----------------------------------------------------
  __cs_param_svp_simple_017_001_isr_1_arg=NULL (0000000000000000000000000000000000000000000000000000000000000000)

State 108 file /home/dell/zyworkspace/nichecker/Experiment/remarks2.1_LA_Slicing/svp_simple_017/_mt_svp_simple_017_001_result/_cs_svp_simple_017_001_global_var_rwr_mt_svp_simple_017_001.c line 484 function svp_simple_017_001_isr_1_0 thread 0
----------------------------------------------------
  __cs_value_ptr=NULL (0000000000000000000000000000000000000000000000000000000000000000)

State 113 file /home/dell/zyworkspace/nichecker/Experiment/remarks2.1_LA_Slicing/svp_simple_017/_mt_svp_simple_017_001_result/_cs_svp_simple_017_001_global_var_rwr_mt_svp_simple_017_001.c line 531 function main thread 0
----------------------------------------------------
  __cs_pc[2l]=0 (00000)

State 114 file /home/dell/zyworkspace/nichecker/Experiment/remarks2.1_LA_Slicing/svp_simple_017/_mt_svp_simple_017_001_result/_cs_svp_simple_017_001_global_var_rwr_mt_svp_simple_017_001.c line 541 function main thread 0
----------------------------------------------------
  __cs_tmp_t1_r1=3 (00011)

State 116 file /home/dell/zyworkspace/nichecker/Experiment/remarks2.1_LA_Slicing/svp_simple_017/_mt_svp_simple_017_001_result/_cs_svp_simple_017_001_global_var_rwr_mt_svp_simple_017_001.c line 546 function main thread 0
----------------------------------------------------
  __cs_thread_index=1 (01)

State 117 file /home/dell/zyworkspace/nichecker/Experiment/remarks2.1_LA_Slicing/svp_simple_017/_mt_svp_simple_017_001_result/_cs_svp_simple_017_001_global_var_rwr_mt_svp_simple_017_001.c line 548 function main thread 0
----------------------------------------------------
  __cs_pc_cs[1l]=3 (00011)

State 122 file /home/dell/zyworkspace/nichecker/Experiment/remarks2.1_LA_Slicing/svp_simple_017/_mt_svp_simple_017_001_result/_cs_svp_simple_017_001_global_var_rwr_mt_svp_simple_017_001.c line 554 function main thread 0
----------------------------------------------------
  __cs_param_main_task_arg=NULL (0000000000000000000000000000000000000000000000000000000000000000)

State 125 file /home/dell/zyworkspace/nichecker/Experiment/remarks2.1_LA_Slicing/svp_simple_017/_mt_svp_simple_017_001_result/_cs_svp_simple_017_001_global_var_rwr_mt_svp_simple_017_001.c line 205 function main_task_0 thread 0
----------------------------------------------------
  svp_simple_017_001_global_var=0 (00000000000000000000000000000000)

State 126 file /home/dell/zyworkspace/nichecker/Experiment/remarks2.1_LA_Slicing/svp_simple_017/_mt_svp_simple_017_001_result/_cs_svp_simple_017_001_global_var_rwr_mt_svp_simple_017_001.c line 213 function main_task_0 thread 0
----------------------------------------------------
  __cs_local_main_task_t_1=0 (00000000000000000000000000000000)

State 129 file /home/dell/zyworkspace/nichecker/Experiment/remarks2.1_LA_Slicing/svp_simple_017/_mt_svp_simple_017_001_result/_cs_svp_simple_017_001_global_var_rwr_mt_svp_simple_017_001.c line 230 function main_task_0 thread 0
----------------------------------------------------
  rwr_r1=0 (00000000000000000000000000000000)

State 131 file /home/dell/zyworkspace/nichecker/Experiment/remarks2.1_LA_Slicing/svp_simple_017/_mt_svp_simple_017_001_result/_cs_svp_simple_017_001_global_var_rwr_mt_svp_simple_017_001.c line 234 function main_task_0 thread 0
----------------------------------------------------
  rwr_tmp1_num=1 (00000000000000000000000000000001)

State 132 file /home/dell/zyworkspace/nichecker/Experiment/remarks2.1_LA_Slicing/svp_simple_017/_mt_svp_simple_017_001_result/_cs_svp_simple_017_001_global_var_rwr_mt_svp_simple_017_001.c line 235 function main_task_0 thread 0
----------------------------------------------------
  rwr_tmp1=0 (00000000000000000000000000000000)

State 151 file /home/dell/zyworkspace/nichecker/Experiment/remarks2.1_LA_Slicing/svp_simple_017/_mt_svp_simple_017_001_result/_cs_svp_simple_017_001_global_var_rwr_mt_svp_simple_017_001.c line 456 function main_task_0 thread 0
----------------------------------------------------
  __cs_value_ptr=NULL (0000000000000000000000000000000000000000000000000000000000000000)

State 156 file /home/dell/zyworkspace/nichecker/Experiment/remarks2.1_LA_Slicing/svp_simple_017/_mt_svp_simple_017_001_result/_cs_svp_simple_017_001_global_var_rwr_mt_svp_simple_017_001.c line 556 function main thread 0
----------------------------------------------------
  __cs_pc[1l]=3 (00011)

State 157 file /home/dell/zyworkspace/nichecker/Experiment/remarks2.1_LA_Slicing/svp_simple_017/_mt_svp_simple_017_001_result/_cs_svp_simple_017_001_global_var_rwr_mt_svp_simple_017_001.c line 562 function main thread 0
----------------------------------------------------
  __cs_tmp_t2_r1=1 (1)

State 159 file /home/dell/zyworkspace/nichecker/Experiment/remarks2.1_LA_Slicing/svp_simple_017/_mt_svp_simple_017_001_result/_cs_svp_simple_017_001_global_var_rwr_mt_svp_simple_017_001.c line 567 function main thread 0
----------------------------------------------------
  __cs_thread_index=2 (10)

State 160 file /home/dell/zyworkspace/nichecker/Experiment/remarks2.1_LA_Slicing/svp_simple_017/_mt_svp_simple_017_001_result/_cs_svp_simple_017_001_global_var_rwr_mt_svp_simple_017_001.c line 569 function main thread 0
----------------------------------------------------
  __cs_pc_cs[2l]=1 (00001)

State 165 file /home/dell/zyworkspace/nichecker/Experiment/remarks2.1_LA_Slicing/svp_simple_017/_mt_svp_simple_017_001_result/_cs_svp_simple_017_001_global_var_rwr_mt_svp_simple_017_001.c line 575 function main thread 0
----------------------------------------------------
  __cs_param_svp_simple_017_001_isr_1_arg=NULL (0000000000000000000000000000000000000000000000000000000000000000)

State 167 file /home/dell/zyworkspace/nichecker/Experiment/remarks2.1_LA_Slicing/svp_simple_017/_mt_svp_simple_017_001_result/_cs_svp_simple_017_001_global_var_rwr_mt_svp_simple_017_001.c line 469 function svp_simple_017_001_isr_1_0 thread 0
----------------------------------------------------
  __cs_local_svp_simple_017_001_isr_1_i=0 (00000000000000000000000000000000)

State 168 file /home/dell/zyworkspace/nichecker/Experiment/remarks2.1_LA_Slicing/svp_simple_017/_mt_svp_simple_017_001_result/_cs_svp_simple_017_001_global_var_rwr_mt_svp_simple_017_001.c line 473 function svp_simple_017_001_isr_1_0 thread 0
----------------------------------------------------
  svp_simple_017_001_global_var=50 (00000000000000000000000000110010)

State 172 file /home/dell/zyworkspace/nichecker/Experiment/remarks2.1_LA_Slicing/svp_simple_017/_mt_svp_simple_017_001_result/_cs_svp_simple_017_001_global_var_rwr_mt_svp_simple_017_001.c line 484 function svp_simple_017_001_isr_1_0 thread 0
----------------------------------------------------
  __cs_value_ptr=NULL (0000000000000000000000000000000000000000000000000000000000000000)

State 177 file /home/dell/zyworkspace/nichecker/Experiment/remarks2.1_LA_Slicing/svp_simple_017/_mt_svp_simple_017_001_result/_cs_svp_simple_017_001_global_var_rwr_mt_svp_simple_017_001.c line 577 function main thread 0
----------------------------------------------------
  __cs_pc[2l]=1 (00001)

State 178 file /home/dell/zyworkspace/nichecker/Experiment/remarks2.1_LA_Slicing/svp_simple_017/_mt_svp_simple_017_001_result/_cs_svp_simple_017_001_global_var_rwr_mt_svp_simple_017_001.c line 581 function main thread 0
----------------------------------------------------
  __cs_tmp_t1_r2=7u (00000000000000000000000000000111)

State 180 file /home/dell/zyworkspace/nichecker/Experiment/remarks2.1_LA_Slicing/svp_simple_017/_mt_svp_simple_017_001_result/_cs_svp_simple_017_001_global_var_rwr_mt_svp_simple_017_001.c line 586 function main thread 0
----------------------------------------------------
  __cs_thread_index=1 (01)

State 181 file /home/dell/zyworkspace/nichecker/Experiment/remarks2.1_LA_Slicing/svp_simple_017/_mt_svp_simple_017_001_result/_cs_svp_simple_017_001_global_var_rwr_mt_svp_simple_017_001.c line 588 function main thread 0
----------------------------------------------------
  __cs_pc_cs[1l]=7 (00111)

State 186 file /home/dell/zyworkspace/nichecker/Experiment/remarks2.1_LA_Slicing/svp_simple_017/_mt_svp_simple_017_001_result/_cs_svp_simple_017_001_global_var_rwr_mt_svp_simple_017_001.c line 594 function main thread 0
----------------------------------------------------
  __cs_param_main_task_arg=NULL (0000000000000000000000000000000000000000000000000000000000000000)

State 191 file /home/dell/zyworkspace/nichecker/Experiment/remarks2.1_LA_Slicing/svp_simple_017/_mt_svp_simple_017_001_result/_cs_svp_simple_017_001_global_var_rwr_mt_svp_simple_017_001.c line 243 function main_task_0 thread 0
----------------------------------------------------
  __cs_local_main_task_loop_1_IOVar1=50 (00000000000000000000000000110010)

State 192 file /home/dell/zyworkspace/nichecker/Experiment/remarks2.1_LA_Slicing/svp_simple_017/_mt_svp_simple_017_001_result/_cs_svp_simple_017_001_global_var_rwr_mt_svp_simple_017_001.c line 245 function main_task_0 thread 0
----------------------------------------------------
  rwr_r2=50 (00000000000000000000000000110010)

Violated property:
  file /home/dell/zyworkspace/nichecker/Experiment/remarks2.1_LA_Slicing/svp_simple_017/_mt_svp_simple_017_001_result/_cs_svp_simple_017_001_global_var_rwr_mt_svp_simple_017_001.c line 247 function main_task_0
  assertion rwr_r2 == rwr_tmp1
  rwr_r2 == rwr_tmp1


Trace for main_task_0.assertion.4:

State 54 file /home/dell/zyworkspace/nichecker/Experiment/remarks2.1_LA_Slicing/svp_simple_017/_mt_svp_simple_017_001_result/_cs_svp_simple_017_001_global_var_rwr_mt_svp_simple_017_001.c line 496 function main thread 0
----------------------------------------------------
  __cs_tmp_t1_r0=7 (00111)

State 56 file /home/dell/zyworkspace/nichecker/Experiment/remarks2.1_LA_Slicing/svp_simple_017/_mt_svp_simple_017_001_result/_cs_svp_simple_017_001_global_var_rwr_mt_svp_simple_017_001.c line 500 function main thread 0
----------------------------------------------------
  __cs_thread_index=1 (01)

State 57 file /home/dell/zyworkspace/nichecker/Experiment/remarks2.1_LA_Slicing/svp_simple_017/_mt_svp_simple_017_001_result/_cs_svp_simple_017_001_global_var_rwr_mt_svp_simple_017_001.c line 502 function main thread 0
----------------------------------------------------
  __cs_pc_cs[1l]=7 (00111)

State 62 file /home/dell/zyworkspace/nichecker/Experiment/remarks2.1_LA_Slicing/svp_simple_017/_mt_svp_simple_017_001_result/_cs_svp_simple_017_001_global_var_rwr_mt_svp_simple_017_001.c line 508 function main thread 0
----------------------------------------------------
  __cs_param_main_task_arg=NULL (0000000000000000000000000000000000000000000000000000000000000000)

State 67 file /home/dell/zyworkspace/nichecker/Experiment/remarks2.1_LA_Slicing/svp_simple_017/_mt_svp_simple_017_001_result/_cs_svp_simple_017_001_global_var_rwr_mt_svp_simple_017_001.c line 189 function main_task_0 thread 0
----------------------------------------------------
  __cs_disable_thread[2l]=0 (0)

State 68 file /home/dell/zyworkspace/nichecker/Experiment/remarks2.1_LA_Slicing/svp_simple_017/_mt_svp_simple_017_001_result/_cs_svp_simple_017_001_global_var_rwr_mt_svp_simple_017_001.c line 192 function main_task_0 thread 0
----------------------------------------------------
  __cs_disable_thread[0l]=0 (0)

State 69 file /home/dell/zyworkspace/nichecker/Experiment/remarks2.1_LA_Slicing/svp_simple_017/_mt_svp_simple_017_001_result/_cs_svp_simple_017_001_global_var_rwr_mt_svp_simple_017_001.c line 201 function main_task_0 thread 0
----------------------------------------------------
  __cs_local_main_task_i=0 (00000000000000000000000000000000)

State 71 file /home/dell/zyworkspace/nichecker/Experiment/remarks2.1_LA_Slicing/svp_simple_017/_mt_svp_simple_017_001_result/_cs_svp_simple_017_001_global_var_rwr_mt_svp_simple_017_001.c line 205 function main_task_0 thread 0
----------------------------------------------------
  svp_simple_017_001_global_var=0 (00000000000000000000000000000000)

State 72 file /home/dell/zyworkspace/nichecker/Experiment/remarks2.1_LA_Slicing/svp_simple_017/_mt_svp_simple_017_001_result/_cs_svp_simple_017_001_global_var_rwr_mt_svp_simple_017_001.c line 213 function main_task_0 thread 0
----------------------------------------------------
  __cs_local_main_task_t_1=0 (00000000000000000000000000000000)

State 75 file /home/dell/zyworkspace/nichecker/Experiment/remarks2.1_LA_Slicing/svp_simple_017/_mt_svp_simple_017_001_result/_cs_svp_simple_017_001_global_var_rwr_mt_svp_simple_017_001.c line 230 function main_task_0 thread 0
----------------------------------------------------
  rwr_r1=0 (00000000000000000000000000000000)

State 77 file /home/dell/zyworkspace/nichecker/Experiment/remarks2.1_LA_Slicing/svp_simple_017/_mt_svp_simple_017_001_result/_cs_svp_simple_017_001_global_var_rwr_mt_svp_simple_017_001.c line 234 function main_task_0 thread 0
----------------------------------------------------
  rwr_tmp1_num=1 (00000000000000000000000000000001)

State 78 file /home/dell/zyworkspace/nichecker/Experiment/remarks2.1_LA_Slicing/svp_simple_017/_mt_svp_simple_017_001_result/_cs_svp_simple_017_001_global_var_rwr_mt_svp_simple_017_001.c line 235 function main_task_0 thread 0
----------------------------------------------------
  rwr_tmp1=0 (00000000000000000000000000000000)

State 80 file /home/dell/zyworkspace/nichecker/Experiment/remarks2.1_LA_Slicing/svp_simple_017/_mt_svp_simple_017_001_result/_cs_svp_simple_017_001_global_var_rwr_mt_svp_simple_017_001.c line 243 function main_task_0 thread 0
----------------------------------------------------
  __cs_local_main_task_loop_1_IOVar1=0 (00000000000000000000000000000000)

State 81 file /home/dell/zyworkspace/nichecker/Experiment/remarks2.1_LA_Slicing/svp_simple_017/_mt_svp_simple_017_001_result/_cs_svp_simple_017_001_global_var_rwr_mt_svp_simple_017_001.c line 245 function main_task_0 thread 0
----------------------------------------------------
  rwr_r2=0 (00000000000000000000000000000000)

State 83 file /home/dell/zyworkspace/nichecker/Experiment/remarks2.1_LA_Slicing/svp_simple_017/_mt_svp_simple_017_001_result/_cs_svp_simple_017_001_global_var_rwr_mt_svp_simple_017_001.c line 249 function main_task_0 thread 0
----------------------------------------------------
  rwr_tmp1_num=2 (00000000000000000000000000000010)

State 84 file /home/dell/zyworkspace/nichecker/Experiment/remarks2.1_LA_Slicing/svp_simple_017/_mt_svp_simple_017_001_result/_cs_svp_simple_017_001_global_var_rwr_mt_svp_simple_017_001.c line 250 function main_task_0 thread 0
----------------------------------------------------
  rwr_tmp1=0 (00000000000000000000000000000000)

State 85 file /home/dell/zyworkspace/nichecker/Experiment/remarks2.1_LA_Slicing/svp_simple_017/_mt_svp_simple_017_001_result/_cs_svp_simple_017_001_global_var_rwr_mt_svp_simple_017_001.c line 254 function main_task_0 thread 0
----------------------------------------------------
  __cs_local_main_task_loop_1_block_2=18 (00000000000000000000000000010010)

State 87 file /home/dell/zyworkspace/nichecker/Experiment/remarks2.1_LA_Slicing/svp_simple_017/_mt_svp_simple_017_001_result/_cs_svp_simple_017_001_global_var_rwr_mt_svp_simple_017_001.c line 258 function main_task_0 thread 0
----------------------------------------------------
  svp_simple_017_001_global_var=18 (00000000000000000000000000010010)

State 88 file /home/dell/zyworkspace/nichecker/Experiment/remarks2.1_LA_Slicing/svp_simple_017/_mt_svp_simple_017_001_result/_cs_svp_simple_017_001_global_var_rwr_mt_svp_simple_017_001.c line 260 function main_task_0 thread 0
----------------------------------------------------
  rwr_tmp1_num=0 (00000000000000000000000000000000)

State 95 file /home/dell/zyworkspace/nichecker/Experiment/remarks2.1_LA_Slicing/svp_simple_017/_mt_svp_simple_017_001_result/_cs_svp_simple_017_001_global_var_rwr_mt_svp_simple_017_001.c line 273 function main_task_0 thread 0
----------------------------------------------------
  __cs_local_main_task_i=1 (00000000000000000000000000000001)

State 96 file /home/dell/zyworkspace/nichecker/Experiment/remarks2.1_LA_Slicing/svp_simple_017/_mt_svp_simple_017_001_result/_cs_svp_simple_017_001_global_var_rwr_mt_svp_simple_017_001.c line 273 function main_task_0 thread 0
----------------------------------------------------
  svp_simple_017_001_local_array[18l]=0 (00000000000000000000000000000000)

State 97 file /home/dell/zyworkspace/nichecker/Experiment/remarks2.1_LA_Slicing/svp_simple_017/_mt_svp_simple_017_001_result/_cs_svp_simple_017_001_global_var_rwr_mt_svp_simple_017_001.c line 275 function main_task_0 thread 0
----------------------------------------------------
  rwr_r3=18 (00000000000000000000000000010010)

State 99 file /home/dell/zyworkspace/nichecker/Experiment/remarks2.1_LA_Slicing/svp_simple_017/_mt_svp_simple_017_001_result/_cs_svp_simple_017_001_global_var_rwr_mt_svp_simple_017_001.c line 279 function main_task_0 thread 0
----------------------------------------------------
  rwr_tmp1_num=1 (00000000000000000000000000000001)

State 100 file /home/dell/zyworkspace/nichecker/Experiment/remarks2.1_LA_Slicing/svp_simple_017/_mt_svp_simple_017_001_result/_cs_svp_simple_017_001_global_var_rwr_mt_svp_simple_017_001.c line 280 function main_task_0 thread 0
----------------------------------------------------
  rwr_tmp1=18 (00000000000000000000000000010010)

State 101 file /home/dell/zyworkspace/nichecker/Experiment/remarks2.1_LA_Slicing/svp_simple_017/_mt_svp_simple_017_001_result/_cs_svp_simple_017_001_global_var_rwr_mt_svp_simple_017_001.c line 288 function main_task_0 thread 0
----------------------------------------------------
  __cs_temporary_0=0 (00000000000000000000000000000000)

State 116 file /home/dell/zyworkspace/nichecker/Experiment/remarks2.1_LA_Slicing/svp_simple_017/_mt_svp_simple_017_001_result/_cs_svp_simple_017_001_global_var_rwr_mt_svp_simple_017_001.c line 456 function main_task_0 thread 0
----------------------------------------------------
  __cs_value_ptr=NULL (0000000000000000000000000000000000000000000000000000000000000000)

State 121 file /home/dell/zyworkspace/nichecker/Experiment/remarks2.1_LA_Slicing/svp_simple_017/_mt_svp_simple_017_001_result/_cs_svp_simple_017_001_global_var_rwr_mt_svp_simple_017_001.c line 510 function main thread 0
----------------------------------------------------
  __cs_pc[1l]=7 (00111)

State 122 file /home/dell/zyworkspace/nichecker/Experiment/remarks2.1_LA_Slicing/svp_simple_017/_mt_svp_simple_017_001_result/_cs_svp_simple_017_001_global_var_rwr_mt_svp_simple_017_001.c line 516 function main thread 0
----------------------------------------------------
  __cs_tmp_t2_r0=1 (1)

State 124 file /home/dell/zyworkspace/nichecker/Experiment/remarks2.1_LA_Slicing/svp_simple_017/_mt_svp_simple_017_001_result/_cs_svp_simple_017_001_global_var_rwr_mt_svp_simple_017_001.c line 521 function main thread 0
----------------------------------------------------
  __cs_thread_index=2 (10)

State 125 file /home/dell/zyworkspace/nichecker/Experiment/remarks2.1_LA_Slicing/svp_simple_017/_mt_svp_simple_017_001_result/_cs_svp_simple_017_001_global_var_rwr_mt_svp_simple_017_001.c line 523 function main thread 0
----------------------------------------------------
  __cs_pc_cs[2l]=1 (00001)

State 130 file /home/dell/zyworkspace/nichecker/Experiment/remarks2.1_LA_Slicing/svp_simple_017/_mt_svp_simple_017_001_result/_cs_svp_simple_017_001_global_var_rwr_mt_svp_simple_017_001.c line 529 function main thread 0
----------------------------------------------------
  __cs_param_svp_simple_017_001_isr_1_arg=NULL (0000000000000000000000000000000000000000000000000000000000000000)

State 132 file /home/dell/zyworkspace/nichecker/Experiment/remarks2.1_LA_Slicing/svp_simple_017/_mt_svp_simple_017_001_result/_cs_svp_simple_017_001_global_var_rwr_mt_svp_simple_017_001.c line 469 function svp_simple_017_001_isr_1_0 thread 0
----------------------------------------------------
  __cs_local_svp_simple_017_001_isr_1_i=0 (00000000000000000000000000000000)

State 133 file /home/dell/zyworkspace/nichecker/Experiment/remarks2.1_LA_Slicing/svp_simple_017/_mt_svp_simple_017_001_result/_cs_svp_simple_017_001_global_var_rwr_mt_svp_simple_017_001.c line 473 function svp_simple_017_001_isr_1_0 thread 0
----------------------------------------------------
  svp_simple_017_001_global_var=50 (00000000000000000000000000110010)

State 137 file /home/dell/zyworkspace/nichecker/Experiment/remarks2.1_LA_Slicing/svp_simple_017/_mt_svp_simple_017_001_result/_cs_svp_simple_017_001_global_var_rwr_mt_svp_simple_017_001.c line 484 function svp_simple_017_001_isr_1_0 thread 0
----------------------------------------------------
  __cs_value_ptr=NULL (0000000000000000000000000000000000000000000000000000000000000000)

State 142 file /home/dell/zyworkspace/nichecker/Experiment/remarks2.1_LA_Slicing/svp_simple_017/_mt_svp_simple_017_001_result/_cs_svp_simple_017_001_global_var_rwr_mt_svp_simple_017_001.c line 531 function main thread 0
----------------------------------------------------
  __cs_pc[2l]=1 (00001)

State 143 file /home/dell/zyworkspace/nichecker/Experiment/remarks2.1_LA_Slicing/svp_simple_017/_mt_svp_simple_017_001_result/_cs_svp_simple_017_001_global_var_rwr_mt_svp_simple_017_001.c line 541 function main thread 0
----------------------------------------------------
  __cs_tmp_t1_r1=18 (10010)

State 145 file /home/dell/zyworkspace/nichecker/Experiment/remarks2.1_LA_Slicing/svp_simple_017/_mt_svp_simple_017_001_result/_cs_svp_simple_017_001_global_var_rwr_mt_svp_simple_017_001.c line 546 function main thread 0
----------------------------------------------------
  __cs_thread_index=1 (01)

State 146 file /home/dell/zyworkspace/nichecker/Experiment/remarks2.1_LA_Slicing/svp_simple_017/_mt_svp_simple_017_001_result/_cs_svp_simple_017_001_global_var_rwr_mt_svp_simple_017_001.c line 548 function main thread 0
----------------------------------------------------
  __cs_pc_cs[1l]=18 (10010)

State 151 file /home/dell/zyworkspace/nichecker/Experiment/remarks2.1_LA_Slicing/svp_simple_017/_mt_svp_simple_017_001_result/_cs_svp_simple_017_001_global_var_rwr_mt_svp_simple_017_001.c line 554 function main thread 0
----------------------------------------------------
  __cs_param_main_task_arg=NULL (0000000000000000000000000000000000000000000000000000000000000000)

State 160 file /home/dell/zyworkspace/nichecker/Experiment/remarks2.1_LA_Slicing/svp_simple_017/_mt_svp_simple_017_001_result/_cs_svp_simple_017_001_global_var_rwr_mt_svp_simple_017_001.c line 293 function main_task_0 thread 0
----------------------------------------------------
  __cs_temporary_0=51 (00000000000000000000000000110011)

State 161 file /home/dell/zyworkspace/nichecker/Experiment/remarks2.1_LA_Slicing/svp_simple_017/_mt_svp_simple_017_001_result/_cs_svp_simple_017_001_global_var_rwr_mt_svp_simple_017_001.c line 295 function main_task_0 thread 0
----------------------------------------------------
  rwr_r4=50 (00000000000000000000000000110010)

Violated property:
  file /home/dell/zyworkspace/nichecker/Experiment/remarks2.1_LA_Slicing/svp_simple_017/_mt_svp_simple_017_001_result/_cs_svp_simple_017_001_global_var_rwr_mt_svp_simple_017_001.c line 297 function main_task_0
  assertion rwr_r4 == rwr_tmp1
  rwr_r4 == rwr_tmp1


Trace for main_task_0.assertion.6:

State 54 file /home/dell/zyworkspace/nichecker/Experiment/remarks2.1_LA_Slicing/svp_simple_017/_mt_svp_simple_017_001_result/_cs_svp_simple_017_001_global_var_rwr_mt_svp_simple_017_001.c line 496 function main thread 0
----------------------------------------------------
  __cs_tmp_t1_r0=10 (01010)

State 56 file /home/dell/zyworkspace/nichecker/Experiment/remarks2.1_LA_Slicing/svp_simple_017/_mt_svp_simple_017_001_result/_cs_svp_simple_017_001_global_var_rwr_mt_svp_simple_017_001.c line 500 function main thread 0
----------------------------------------------------
  __cs_thread_index=1 (01)

State 57 file /home/dell/zyworkspace/nichecker/Experiment/remarks2.1_LA_Slicing/svp_simple_017/_mt_svp_simple_017_001_result/_cs_svp_simple_017_001_global_var_rwr_mt_svp_simple_017_001.c line 502 function main thread 0
----------------------------------------------------
  __cs_pc_cs[1l]=10 (01010)

State 62 file /home/dell/zyworkspace/nichecker/Experiment/remarks2.1_LA_Slicing/svp_simple_017/_mt_svp_simple_017_001_result/_cs_svp_simple_017_001_global_var_rwr_mt_svp_simple_017_001.c line 508 function main thread 0
----------------------------------------------------
  __cs_param_main_task_arg=NULL (0000000000000000000000000000000000000000000000000000000000000000)

State 67 file /home/dell/zyworkspace/nichecker/Experiment/remarks2.1_LA_Slicing/svp_simple_017/_mt_svp_simple_017_001_result/_cs_svp_simple_017_001_global_var_rwr_mt_svp_simple_017_001.c line 189 function main_task_0 thread 0
----------------------------------------------------
  __cs_disable_thread[2l]=0 (0)

State 68 file /home/dell/zyworkspace/nichecker/Experiment/remarks2.1_LA_Slicing/svp_simple_017/_mt_svp_simple_017_001_result/_cs_svp_simple_017_001_global_var_rwr_mt_svp_simple_017_001.c line 192 function main_task_0 thread 0
----------------------------------------------------
  __cs_disable_thread[0l]=0 (0)

State 69 file /home/dell/zyworkspace/nichecker/Experiment/remarks2.1_LA_Slicing/svp_simple_017/_mt_svp_simple_017_001_result/_cs_svp_simple_017_001_global_var_rwr_mt_svp_simple_017_001.c line 201 function main_task_0 thread 0
----------------------------------------------------
  __cs_local_main_task_i=0 (00000000000000000000000000000000)

State 71 file /home/dell/zyworkspace/nichecker/Experiment/remarks2.1_LA_Slicing/svp_simple_017/_mt_svp_simple_017_001_result/_cs_svp_simple_017_001_global_var_rwr_mt_svp_simple_017_001.c line 205 function main_task_0 thread 0
----------------------------------------------------
  svp_simple_017_001_global_var=0 (00000000000000000000000000000000)

State 72 file /home/dell/zyworkspace/nichecker/Experiment/remarks2.1_LA_Slicing/svp_simple_017/_mt_svp_simple_017_001_result/_cs_svp_simple_017_001_global_var_rwr_mt_svp_simple_017_001.c line 213 function main_task_0 thread 0
----------------------------------------------------
  __cs_local_main_task_t_1=0 (00000000000000000000000000000000)

State 75 file /home/dell/zyworkspace/nichecker/Experiment/remarks2.1_LA_Slicing/svp_simple_017/_mt_svp_simple_017_001_result/_cs_svp_simple_017_001_global_var_rwr_mt_svp_simple_017_001.c line 230 function main_task_0 thread 0
----------------------------------------------------
  rwr_r1=0 (00000000000000000000000000000000)

State 77 file /home/dell/zyworkspace/nichecker/Experiment/remarks2.1_LA_Slicing/svp_simple_017/_mt_svp_simple_017_001_result/_cs_svp_simple_017_001_global_var_rwr_mt_svp_simple_017_001.c line 234 function main_task_0 thread 0
----------------------------------------------------
  rwr_tmp1_num=1 (00000000000000000000000000000001)

State 78 file /home/dell/zyworkspace/nichecker/Experiment/remarks2.1_LA_Slicing/svp_simple_017/_mt_svp_simple_017_001_result/_cs_svp_simple_017_001_global_var_rwr_mt_svp_simple_017_001.c line 235 function main_task_0 thread 0
----------------------------------------------------
  rwr_tmp1=0 (00000000000000000000000000000000)

State 80 file /home/dell/zyworkspace/nichecker/Experiment/remarks2.1_LA_Slicing/svp_simple_017/_mt_svp_simple_017_001_result/_cs_svp_simple_017_001_global_var_rwr_mt_svp_simple_017_001.c line 243 function main_task_0 thread 0
----------------------------------------------------
  __cs_local_main_task_loop_1_IOVar1=0 (00000000000000000000000000000000)

State 81 file /home/dell/zyworkspace/nichecker/Experiment/remarks2.1_LA_Slicing/svp_simple_017/_mt_svp_simple_017_001_result/_cs_svp_simple_017_001_global_var_rwr_mt_svp_simple_017_001.c line 245 function main_task_0 thread 0
----------------------------------------------------
  rwr_r2=0 (00000000000000000000000000000000)

State 83 file /home/dell/zyworkspace/nichecker/Experiment/remarks2.1_LA_Slicing/svp_simple_017/_mt_svp_simple_017_001_result/_cs_svp_simple_017_001_global_var_rwr_mt_svp_simple_017_001.c line 249 function main_task_0 thread 0
----------------------------------------------------
  rwr_tmp1_num=2 (00000000000000000000000000000010)

State 84 file /home/dell/zyworkspace/nichecker/Experiment/remarks2.1_LA_Slicing/svp_simple_017/_mt_svp_simple_017_001_result/_cs_svp_simple_017_001_global_var_rwr_mt_svp_simple_017_001.c line 250 function main_task_0 thread 0
----------------------------------------------------
  rwr_tmp1=0 (00000000000000000000000000000000)

State 85 file /home/dell/zyworkspace/nichecker/Experiment/remarks2.1_LA_Slicing/svp_simple_017/_mt_svp_simple_017_001_result/_cs_svp_simple_017_001_global_var_rwr_mt_svp_simple_017_001.c line 254 function main_task_0 thread 0
----------------------------------------------------
  __cs_local_main_task_loop_1_block_2=17 (00000000000000000000000000010001)

State 87 file /home/dell/zyworkspace/nichecker/Experiment/remarks2.1_LA_Slicing/svp_simple_017/_mt_svp_simple_017_001_result/_cs_svp_simple_017_001_global_var_rwr_mt_svp_simple_017_001.c line 258 function main_task_0 thread 0
----------------------------------------------------
  svp_simple_017_001_global_var=17 (00000000000000000000000000010001)

State 88 file /home/dell/zyworkspace/nichecker/Experiment/remarks2.1_LA_Slicing/svp_simple_017/_mt_svp_simple_017_001_result/_cs_svp_simple_017_001_global_var_rwr_mt_svp_simple_017_001.c line 260 function main_task_0 thread 0
----------------------------------------------------
  rwr_tmp1_num=0 (00000000000000000000000000000000)

State 95 file /home/dell/zyworkspace/nichecker/Experiment/remarks2.1_LA_Slicing/svp_simple_017/_mt_svp_simple_017_001_result/_cs_svp_simple_017_001_global_var_rwr_mt_svp_simple_017_001.c line 273 function main_task_0 thread 0
----------------------------------------------------
  __cs_local_main_task_i=1 (00000000000000000000000000000001)

State 96 file /home/dell/zyworkspace/nichecker/Experiment/remarks2.1_LA_Slicing/svp_simple_017/_mt_svp_simple_017_001_result/_cs_svp_simple_017_001_global_var_rwr_mt_svp_simple_017_001.c line 273 function main_task_0 thread 0
----------------------------------------------------
  svp_simple_017_001_local_array[17l]=0 (00000000000000000000000000000000)

State 97 file /home/dell/zyworkspace/nichecker/Experiment/remarks2.1_LA_Slicing/svp_simple_017/_mt_svp_simple_017_001_result/_cs_svp_simple_017_001_global_var_rwr_mt_svp_simple_017_001.c line 275 function main_task_0 thread 0
----------------------------------------------------
  rwr_r3=17 (00000000000000000000000000010001)

State 99 file /home/dell/zyworkspace/nichecker/Experiment/remarks2.1_LA_Slicing/svp_simple_017/_mt_svp_simple_017_001_result/_cs_svp_simple_017_001_global_var_rwr_mt_svp_simple_017_001.c line 279 function main_task_0 thread 0
----------------------------------------------------
  rwr_tmp1_num=1 (00000000000000000000000000000001)

State 100 file /home/dell/zyworkspace/nichecker/Experiment/remarks2.1_LA_Slicing/svp_simple_017/_mt_svp_simple_017_001_result/_cs_svp_simple_017_001_global_var_rwr_mt_svp_simple_017_001.c line 280 function main_task_0 thread 0
----------------------------------------------------
  rwr_tmp1=17 (00000000000000000000000000010001)

State 101 file /home/dell/zyworkspace/nichecker/Experiment/remarks2.1_LA_Slicing/svp_simple_017/_mt_svp_simple_017_001_result/_cs_svp_simple_017_001_global_var_rwr_mt_svp_simple_017_001.c line 288 function main_task_0 thread 0
----------------------------------------------------
  __cs_temporary_0=0 (00000000000000000000000000000000)

State 103 file /home/dell/zyworkspace/nichecker/Experiment/remarks2.1_LA_Slicing/svp_simple_017/_mt_svp_simple_017_001_result/_cs_svp_simple_017_001_global_var_rwr_mt_svp_simple_017_001.c line 293 function main_task_0 thread 0
----------------------------------------------------
  __cs_temporary_0=18 (00000000000000000000000000010010)

State 104 file /home/dell/zyworkspace/nichecker/Experiment/remarks2.1_LA_Slicing/svp_simple_017/_mt_svp_simple_017_001_result/_cs_svp_simple_017_001_global_var_rwr_mt_svp_simple_017_001.c line 295 function main_task_0 thread 0
----------------------------------------------------
  rwr_r4=17 (00000000000000000000000000010001)

State 107 file /home/dell/zyworkspace/nichecker/Experiment/remarks2.1_LA_Slicing/svp_simple_017/_mt_svp_simple_017_001_result/_cs_svp_simple_017_001_global_var_rwr_mt_svp_simple_017_001.c line 299 function main_task_0 thread 0
----------------------------------------------------
  rwr_tmp1_num=2 (00000000000000000000000000000010)

State 108 file /home/dell/zyworkspace/nichecker/Experiment/remarks2.1_LA_Slicing/svp_simple_017/_mt_svp_simple_017_001_result/_cs_svp_simple_017_001_global_var_rwr_mt_svp_simple_017_001.c line 300 function main_task_0 thread 0
----------------------------------------------------
  rwr_tmp1=17 (00000000000000000000000000010001)

State 110 file /home/dell/zyworkspace/nichecker/Experiment/remarks2.1_LA_Slicing/svp_simple_017/_mt_svp_simple_017_001_result/_cs_svp_simple_017_001_global_var_rwr_mt_svp_simple_017_001.c line 305 function main_task_0 thread 0
----------------------------------------------------
  svp_simple_017_001_global_var=18 (00000000000000000000000000010010)

State 111 file /home/dell/zyworkspace/nichecker/Experiment/remarks2.1_LA_Slicing/svp_simple_017/_mt_svp_simple_017_001_result/_cs_svp_simple_017_001_global_var_rwr_mt_svp_simple_017_001.c line 307 function main_task_0 thread 0
----------------------------------------------------
  rwr_tmp1_num=0 (00000000000000000000000000000000)

State 112 file /home/dell/zyworkspace/nichecker/Experiment/remarks2.1_LA_Slicing/svp_simple_017/_mt_svp_simple_017_001_result/_cs_svp_simple_017_001_global_var_rwr_mt_svp_simple_017_001.c line 314 function main_task_0 thread 0
----------------------------------------------------
  __cs_local_main_task_t_1=1 (00000000000000000000000000000001)

State 115 file /home/dell/zyworkspace/nichecker/Experiment/remarks2.1_LA_Slicing/svp_simple_017/_mt_svp_simple_017_001_result/_cs_svp_simple_017_001_global_var_rwr_mt_svp_simple_017_001.c line 331 function main_task_0 thread 0
----------------------------------------------------
  rwr_r5=18 (00000000000000000000000000010010)

State 117 file /home/dell/zyworkspace/nichecker/Experiment/remarks2.1_LA_Slicing/svp_simple_017/_mt_svp_simple_017_001_result/_cs_svp_simple_017_001_global_var_rwr_mt_svp_simple_017_001.c line 335 function main_task_0 thread 0
----------------------------------------------------
  rwr_tmp1_num=1 (00000000000000000000000000000001)

State 118 file /home/dell/zyworkspace/nichecker/Experiment/remarks2.1_LA_Slicing/svp_simple_017/_mt_svp_simple_017_001_result/_cs_svp_simple_017_001_global_var_rwr_mt_svp_simple_017_001.c line 336 function main_task_0 thread 0
----------------------------------------------------
  rwr_tmp1=18 (00000000000000000000000000010010)

State 130 file /home/dell/zyworkspace/nichecker/Experiment/remarks2.1_LA_Slicing/svp_simple_017/_mt_svp_simple_017_001_result/_cs_svp_simple_017_001_global_var_rwr_mt_svp_simple_017_001.c line 456 function main_task_0 thread 0
----------------------------------------------------
  __cs_value_ptr=NULL (0000000000000000000000000000000000000000000000000000000000000000)

State 135 file /home/dell/zyworkspace/nichecker/Experiment/remarks2.1_LA_Slicing/svp_simple_017/_mt_svp_simple_017_001_result/_cs_svp_simple_017_001_global_var_rwr_mt_svp_simple_017_001.c line 510 function main thread 0
----------------------------------------------------
  __cs_pc[1l]=10 (01010)

State 136 file /home/dell/zyworkspace/nichecker/Experiment/remarks2.1_LA_Slicing/svp_simple_017/_mt_svp_simple_017_001_result/_cs_svp_simple_017_001_global_var_rwr_mt_svp_simple_017_001.c line 516 function main thread 0
----------------------------------------------------
  __cs_tmp_t2_r0=1 (1)

State 138 file /home/dell/zyworkspace/nichecker/Experiment/remarks2.1_LA_Slicing/svp_simple_017/_mt_svp_simple_017_001_result/_cs_svp_simple_017_001_global_var_rwr_mt_svp_simple_017_001.c line 521 function main thread 0
----------------------------------------------------
  __cs_thread_index=2 (10)

State 139 file /home/dell/zyworkspace/nichecker/Experiment/remarks2.1_LA_Slicing/svp_simple_017/_mt_svp_simple_017_001_result/_cs_svp_simple_017_001_global_var_rwr_mt_svp_simple_017_001.c line 523 function main thread 0
----------------------------------------------------
  __cs_pc_cs[2l]=1 (00001)

State 144 file /home/dell/zyworkspace/nichecker/Experiment/remarks2.1_LA_Slicing/svp_simple_017/_mt_svp_simple_017_001_result/_cs_svp_simple_017_001_global_var_rwr_mt_svp_simple_017_001.c line 529 function main thread 0
----------------------------------------------------
  __cs_param_svp_simple_017_001_isr_1_arg=NULL (0000000000000000000000000000000000000000000000000000000000000000)

State 146 file /home/dell/zyworkspace/nichecker/Experiment/remarks2.1_LA_Slicing/svp_simple_017/_mt_svp_simple_017_001_result/_cs_svp_simple_017_001_global_var_rwr_mt_svp_simple_017_001.c line 469 function svp_simple_017_001_isr_1_0 thread 0
----------------------------------------------------
  __cs_local_svp_simple_017_001_isr_1_i=0 (00000000000000000000000000000000)

State 147 file /home/dell/zyworkspace/nichecker/Experiment/remarks2.1_LA_Slicing/svp_simple_017/_mt_svp_simple_017_001_result/_cs_svp_simple_017_001_global_var_rwr_mt_svp_simple_017_001.c line 473 function svp_simple_017_001_isr_1_0 thread 0
----------------------------------------------------
  svp_simple_017_001_global_var=50 (00000000000000000000000000110010)

State 151 file /home/dell/zyworkspace/nichecker/Experiment/remarks2.1_LA_Slicing/svp_simple_017/_mt_svp_simple_017_001_result/_cs_svp_simple_017_001_global_var_rwr_mt_svp_simple_017_001.c line 484 function svp_simple_017_001_isr_1_0 thread 0
----------------------------------------------------
  __cs_value_ptr=NULL (0000000000000000000000000000000000000000000000000000000000000000)

State 156 file /home/dell/zyworkspace/nichecker/Experiment/remarks2.1_LA_Slicing/svp_simple_017/_mt_svp_simple_017_001_result/_cs_svp_simple_017_001_global_var_rwr_mt_svp_simple_017_001.c line 531 function main thread 0
----------------------------------------------------
  __cs_pc[2l]=1 (00001)

State 157 file /home/dell/zyworkspace/nichecker/Experiment/remarks2.1_LA_Slicing/svp_simple_017/_mt_svp_simple_017_001_result/_cs_svp_simple_017_001_global_var_rwr_mt_svp_simple_017_001.c line 541 function main thread 0
----------------------------------------------------
  __cs_tmp_t1_r1=18 (10010)

State 159 file /home/dell/zyworkspace/nichecker/Experiment/remarks2.1_LA_Slicing/svp_simple_017/_mt_svp_simple_017_001_result/_cs_svp_simple_017_001_global_var_rwr_mt_svp_simple_017_001.c line 546 function main thread 0
----------------------------------------------------
  __cs_thread_index=1 (01)

State 160 file /home/dell/zyworkspace/nichecker/Experiment/remarks2.1_LA_Slicing/svp_simple_017/_mt_svp_simple_017_001_result/_cs_svp_simple_017_001_global_var_rwr_mt_svp_simple_017_001.c line 548 function main thread 0
----------------------------------------------------
  __cs_pc_cs[1l]=18 (10010)

State 165 file /home/dell/zyworkspace/nichecker/Experiment/remarks2.1_LA_Slicing/svp_simple_017/_mt_svp_simple_017_001_result/_cs_svp_simple_017_001_global_var_rwr_mt_svp_simple_017_001.c line 554 function main thread 0
----------------------------------------------------
  __cs_param_main_task_arg=NULL (0000000000000000000000000000000000000000000000000000000000000000)

State 177 file /home/dell/zyworkspace/nichecker/Experiment/remarks2.1_LA_Slicing/svp_simple_017/_mt_svp_simple_017_001_result/_cs_svp_simple_017_001_global_var_rwr_mt_svp_simple_017_001.c line 344 function main_task_0 thread 0
----------------------------------------------------
  __cs_local_main_task_loop_1_IOVar1=50 (00000000000000000000000000110010)

State 178 file /home/dell/zyworkspace/nichecker/Experiment/remarks2.1_LA_Slicing/svp_simple_017/_mt_svp_simple_017_001_result/_cs_svp_simple_017_001_global_var_rwr_mt_svp_simple_017_001.c line 346 function main_task_0 thread 0
----------------------------------------------------
  rwr_r6=50 (00000000000000000000000000110010)

Violated property:
  file /home/dell/zyworkspace/nichecker/Experiment/remarks2.1_LA_Slicing/svp_simple_017/_mt_svp_simple_017_001_result/_cs_svp_simple_017_001_global_var_rwr_mt_svp_simple_017_001.c line 348 function main_task_0
  assertion rwr_r6 == rwr_tmp1
  rwr_r6 == rwr_tmp1


Trace for main_task_0.assertion.8:

State 54 file /home/dell/zyworkspace/nichecker/Experiment/remarks2.1_LA_Slicing/svp_simple_017/_mt_svp_simple_017_001_result/_cs_svp_simple_017_001_global_var_rwr_mt_svp_simple_017_001.c line 496 function main thread 0
----------------------------------------------------
  __cs_tmp_t1_r0=14 (01110)

State 56 file /home/dell/zyworkspace/nichecker/Experiment/remarks2.1_LA_Slicing/svp_simple_017/_mt_svp_simple_017_001_result/_cs_svp_simple_017_001_global_var_rwr_mt_svp_simple_017_001.c line 500 function main thread 0
----------------------------------------------------
  __cs_thread_index=1 (01)

State 57 file /home/dell/zyworkspace/nichecker/Experiment/remarks2.1_LA_Slicing/svp_simple_017/_mt_svp_simple_017_001_result/_cs_svp_simple_017_001_global_var_rwr_mt_svp_simple_017_001.c line 502 function main thread 0
----------------------------------------------------
  __cs_pc_cs[1l]=14 (01110)

State 62 file /home/dell/zyworkspace/nichecker/Experiment/remarks2.1_LA_Slicing/svp_simple_017/_mt_svp_simple_017_001_result/_cs_svp_simple_017_001_global_var_rwr_mt_svp_simple_017_001.c line 508 function main thread 0
----------------------------------------------------
  __cs_param_main_task_arg=NULL (0000000000000000000000000000000000000000000000000000000000000000)

State 67 file /home/dell/zyworkspace/nichecker/Experiment/remarks2.1_LA_Slicing/svp_simple_017/_mt_svp_simple_017_001_result/_cs_svp_simple_017_001_global_var_rwr_mt_svp_simple_017_001.c line 189 function main_task_0 thread 0
----------------------------------------------------
  __cs_disable_thread[2l]=0 (0)

State 68 file /home/dell/zyworkspace/nichecker/Experiment/remarks2.1_LA_Slicing/svp_simple_017/_mt_svp_simple_017_001_result/_cs_svp_simple_017_001_global_var_rwr_mt_svp_simple_017_001.c line 192 function main_task_0 thread 0
----------------------------------------------------
  __cs_disable_thread[0l]=0 (0)

State 69 file /home/dell/zyworkspace/nichecker/Experiment/remarks2.1_LA_Slicing/svp_simple_017/_mt_svp_simple_017_001_result/_cs_svp_simple_017_001_global_var_rwr_mt_svp_simple_017_001.c line 201 function main_task_0 thread 0
----------------------------------------------------
  __cs_local_main_task_i=0 (00000000000000000000000000000000)

State 71 file /home/dell/zyworkspace/nichecker/Experiment/remarks2.1_LA_Slicing/svp_simple_017/_mt_svp_simple_017_001_result/_cs_svp_simple_017_001_global_var_rwr_mt_svp_simple_017_001.c line 205 function main_task_0 thread 0
----------------------------------------------------
  svp_simple_017_001_global_var=0 (00000000000000000000000000000000)

State 72 file /home/dell/zyworkspace/nichecker/Experiment/remarks2.1_LA_Slicing/svp_simple_017/_mt_svp_simple_017_001_result/_cs_svp_simple_017_001_global_var_rwr_mt_svp_simple_017_001.c line 213 function main_task_0 thread 0
----------------------------------------------------
  __cs_local_main_task_t_1=0 (00000000000000000000000000000000)

State 75 file /home/dell/zyworkspace/nichecker/Experiment/remarks2.1_LA_Slicing/svp_simple_017/_mt_svp_simple_017_001_result/_cs_svp_simple_017_001_global_var_rwr_mt_svp_simple_017_001.c line 230 function main_task_0 thread 0
----------------------------------------------------
  rwr_r1=0 (00000000000000000000000000000000)

State 77 file /home/dell/zyworkspace/nichecker/Experiment/remarks2.1_LA_Slicing/svp_simple_017/_mt_svp_simple_017_001_result/_cs_svp_simple_017_001_global_var_rwr_mt_svp_simple_017_001.c line 234 function main_task_0 thread 0
----------------------------------------------------
  rwr_tmp1_num=1 (00000000000000000000000000000001)

State 78 file /home/dell/zyworkspace/nichecker/Experiment/remarks2.1_LA_Slicing/svp_simple_017/_mt_svp_simple_017_001_result/_cs_svp_simple_017_001_global_var_rwr_mt_svp_simple_017_001.c line 235 function main_task_0 thread 0
----------------------------------------------------
  rwr_tmp1=0 (00000000000000000000000000000000)

State 80 file /home/dell/zyworkspace/nichecker/Experiment/remarks2.1_LA_Slicing/svp_simple_017/_mt_svp_simple_017_001_result/_cs_svp_simple_017_001_global_var_rwr_mt_svp_simple_017_001.c line 243 function main_task_0 thread 0
----------------------------------------------------
  __cs_local_main_task_loop_1_IOVar1=0 (00000000000000000000000000000000)

State 81 file /home/dell/zyworkspace/nichecker/Experiment/remarks2.1_LA_Slicing/svp_simple_017/_mt_svp_simple_017_001_result/_cs_svp_simple_017_001_global_var_rwr_mt_svp_simple_017_001.c line 245 function main_task_0 thread 0
----------------------------------------------------
  rwr_r2=0 (00000000000000000000000000000000)

State 83 file /home/dell/zyworkspace/nichecker/Experiment/remarks2.1_LA_Slicing/svp_simple_017/_mt_svp_simple_017_001_result/_cs_svp_simple_017_001_global_var_rwr_mt_svp_simple_017_001.c line 249 function main_task_0 thread 0
----------------------------------------------------
  rwr_tmp1_num=2 (00000000000000000000000000000010)

State 84 file /home/dell/zyworkspace/nichecker/Experiment/remarks2.1_LA_Slicing/svp_simple_017/_mt_svp_simple_017_001_result/_cs_svp_simple_017_001_global_var_rwr_mt_svp_simple_017_001.c line 250 function main_task_0 thread 0
----------------------------------------------------
  rwr_tmp1=0 (00000000000000000000000000000000)

State 85 file /home/dell/zyworkspace/nichecker/Experiment/remarks2.1_LA_Slicing/svp_simple_017/_mt_svp_simple_017_001_result/_cs_svp_simple_017_001_global_var_rwr_mt_svp_simple_017_001.c line 254 function main_task_0 thread 0
----------------------------------------------------
  __cs_local_main_task_loop_1_block_2=66 (00000000000000000000000001000010)

State 87 file /home/dell/zyworkspace/nichecker/Experiment/remarks2.1_LA_Slicing/svp_simple_017/_mt_svp_simple_017_001_result/_cs_svp_simple_017_001_global_var_rwr_mt_svp_simple_017_001.c line 258 function main_task_0 thread 0
----------------------------------------------------
  svp_simple_017_001_global_var=66 (00000000000000000000000001000010)

State 88 file /home/dell/zyworkspace/nichecker/Experiment/remarks2.1_LA_Slicing/svp_simple_017/_mt_svp_simple_017_001_result/_cs_svp_simple_017_001_global_var_rwr_mt_svp_simple_017_001.c line 260 function main_task_0 thread 0
----------------------------------------------------
  rwr_tmp1_num=0 (00000000000000000000000000000000)

State 95 file /home/dell/zyworkspace/nichecker/Experiment/remarks2.1_LA_Slicing/svp_simple_017/_mt_svp_simple_017_001_result/_cs_svp_simple_017_001_global_var_rwr_mt_svp_simple_017_001.c line 273 function main_task_0 thread 0
----------------------------------------------------
  __cs_local_main_task_i=1 (00000000000000000000000000000001)

State 96 file /home/dell/zyworkspace/nichecker/Experiment/remarks2.1_LA_Slicing/svp_simple_017/_mt_svp_simple_017_001_result/_cs_svp_simple_017_001_global_var_rwr_mt_svp_simple_017_001.c line 273 function main_task_0 thread 0
----------------------------------------------------
  svp_simple_017_001_local_array[66l]=0 (00000000000000000000000000000000)

State 97 file /home/dell/zyworkspace/nichecker/Experiment/remarks2.1_LA_Slicing/svp_simple_017/_mt_svp_simple_017_001_result/_cs_svp_simple_017_001_global_var_rwr_mt_svp_simple_017_001.c line 275 function main_task_0 thread 0
----------------------------------------------------
  rwr_r3=66 (00000000000000000000000001000010)

State 99 file /home/dell/zyworkspace/nichecker/Experiment/remarks2.1_LA_Slicing/svp_simple_017/_mt_svp_simple_017_001_result/_cs_svp_simple_017_001_global_var_rwr_mt_svp_simple_017_001.c line 279 function main_task_0 thread 0
----------------------------------------------------
  rwr_tmp1_num=1 (00000000000000000000000000000001)

State 100 file /home/dell/zyworkspace/nichecker/Experiment/remarks2.1_LA_Slicing/svp_simple_017/_mt_svp_simple_017_001_result/_cs_svp_simple_017_001_global_var_rwr_mt_svp_simple_017_001.c line 280 function main_task_0 thread 0
----------------------------------------------------
  rwr_tmp1=66 (00000000000000000000000001000010)

State 101 file /home/dell/zyworkspace/nichecker/Experiment/remarks2.1_LA_Slicing/svp_simple_017/_mt_svp_simple_017_001_result/_cs_svp_simple_017_001_global_var_rwr_mt_svp_simple_017_001.c line 288 function main_task_0 thread 0
----------------------------------------------------
  __cs_temporary_0=0 (00000000000000000000000000000000)

State 103 file /home/dell/zyworkspace/nichecker/Experiment/remarks2.1_LA_Slicing/svp_simple_017/_mt_svp_simple_017_001_result/_cs_svp_simple_017_001_global_var_rwr_mt_svp_simple_017_001.c line 293 function main_task_0 thread 0
----------------------------------------------------
  __cs_temporary_0=67 (00000000000000000000000001000011)

State 104 file /home/dell/zyworkspace/nichecker/Experiment/remarks2.1_LA_Slicing/svp_simple_017/_mt_svp_simple_017_001_result/_cs_svp_simple_017_001_global_var_rwr_mt_svp_simple_017_001.c line 295 function main_task_0 thread 0
----------------------------------------------------
  rwr_r4=66 (00000000000000000000000001000010)

State 107 file /home/dell/zyworkspace/nichecker/Experiment/remarks2.1_LA_Slicing/svp_simple_017/_mt_svp_simple_017_001_result/_cs_svp_simple_017_001_global_var_rwr_mt_svp_simple_017_001.c line 299 function main_task_0 thread 0
----------------------------------------------------
  rwr_tmp1_num=2 (00000000000000000000000000000010)

State 108 file /home/dell/zyworkspace/nichecker/Experiment/remarks2.1_LA_Slicing/svp_simple_017/_mt_svp_simple_017_001_result/_cs_svp_simple_017_001_global_var_rwr_mt_svp_simple_017_001.c line 300 function main_task_0 thread 0
----------------------------------------------------
  rwr_tmp1=66 (00000000000000000000000001000010)

State 110 file /home/dell/zyworkspace/nichecker/Experiment/remarks2.1_LA_Slicing/svp_simple_017/_mt_svp_simple_017_001_result/_cs_svp_simple_017_001_global_var_rwr_mt_svp_simple_017_001.c line 305 function main_task_0 thread 0
----------------------------------------------------
  svp_simple_017_001_global_var=67 (00000000000000000000000001000011)

State 111 file /home/dell/zyworkspace/nichecker/Experiment/remarks2.1_LA_Slicing/svp_simple_017/_mt_svp_simple_017_001_result/_cs_svp_simple_017_001_global_var_rwr_mt_svp_simple_017_001.c line 307 function main_task_0 thread 0
----------------------------------------------------
  rwr_tmp1_num=0 (00000000000000000000000000000000)

State 112 file /home/dell/zyworkspace/nichecker/Experiment/remarks2.1_LA_Slicing/svp_simple_017/_mt_svp_simple_017_001_result/_cs_svp_simple_017_001_global_var_rwr_mt_svp_simple_017_001.c line 314 function main_task_0 thread 0
----------------------------------------------------
  __cs_local_main_task_t_1=1 (00000000000000000000000000000001)

State 115 file /home/dell/zyworkspace/nichecker/Experiment/remarks2.1_LA_Slicing/svp_simple_017/_mt_svp_simple_017_001_result/_cs_svp_simple_017_001_global_var_rwr_mt_svp_simple_017_001.c line 331 function main_task_0 thread 0
----------------------------------------------------
  rwr_r5=67 (00000000000000000000000001000011)

State 117 file /home/dell/zyworkspace/nichecker/Experiment/remarks2.1_LA_Slicing/svp_simple_017/_mt_svp_simple_017_001_result/_cs_svp_simple_017_001_global_var_rwr_mt_svp_simple_017_001.c line 335 function main_task_0 thread 0
----------------------------------------------------
  rwr_tmp1_num=1 (00000000000000000000000000000001)

State 118 file /home/dell/zyworkspace/nichecker/Experiment/remarks2.1_LA_Slicing/svp_simple_017/_mt_svp_simple_017_001_result/_cs_svp_simple_017_001_global_var_rwr_mt_svp_simple_017_001.c line 336 function main_task_0 thread 0
----------------------------------------------------
  rwr_tmp1=67 (00000000000000000000000001000011)

State 120 file /home/dell/zyworkspace/nichecker/Experiment/remarks2.1_LA_Slicing/svp_simple_017/_mt_svp_simple_017_001_result/_cs_svp_simple_017_001_global_var_rwr_mt_svp_simple_017_001.c line 344 function main_task_0 thread 0
----------------------------------------------------
  __cs_local_main_task_loop_1_IOVar1=67 (00000000000000000000000001000011)

State 121 file /home/dell/zyworkspace/nichecker/Experiment/remarks2.1_LA_Slicing/svp_simple_017/_mt_svp_simple_017_001_result/_cs_svp_simple_017_001_global_var_rwr_mt_svp_simple_017_001.c line 346 function main_task_0 thread 0
----------------------------------------------------
  rwr_r6=67 (00000000000000000000000001000011)

State 124 file /home/dell/zyworkspace/nichecker/Experiment/remarks2.1_LA_Slicing/svp_simple_017/_mt_svp_simple_017_001_result/_cs_svp_simple_017_001_global_var_rwr_mt_svp_simple_017_001.c line 350 function main_task_0 thread 0
----------------------------------------------------
  rwr_tmp1_num=2 (00000000000000000000000000000010)

State 125 file /home/dell/zyworkspace/nichecker/Experiment/remarks2.1_LA_Slicing/svp_simple_017/_mt_svp_simple_017_001_result/_cs_svp_simple_017_001_global_var_rwr_mt_svp_simple_017_001.c line 351 function main_task_0 thread 0
----------------------------------------------------
  rwr_tmp1=67 (00000000000000000000000001000011)

State 126 file /home/dell/zyworkspace/nichecker/Experiment/remarks2.1_LA_Slicing/svp_simple_017/_mt_svp_simple_017_001_result/_cs_svp_simple_017_001_global_var_rwr_mt_svp_simple_017_001.c line 355 function main_task_0 thread 0
----------------------------------------------------
  __cs_local_main_task_loop_1_block_2=4 (00000000000000000000000000000100)

State 128 file /home/dell/zyworkspace/nichecker/Experiment/remarks2.1_LA_Slicing/svp_simple_017/_mt_svp_simple_017_001_result/_cs_svp_simple_017_001_global_var_rwr_mt_svp_simple_017_001.c line 359 function main_task_0 thread 0
----------------------------------------------------
  svp_simple_017_001_global_var=71 (00000000000000000000000001000111)

State 129 file /home/dell/zyworkspace/nichecker/Experiment/remarks2.1_LA_Slicing/svp_simple_017/_mt_svp_simple_017_001_result/_cs_svp_simple_017_001_global_var_rwr_mt_svp_simple_017_001.c line 361 function main_task_0 thread 0
----------------------------------------------------
  rwr_tmp1_num=0 (00000000000000000000000000000000)

State 136 file /home/dell/zyworkspace/nichecker/Experiment/remarks2.1_LA_Slicing/svp_simple_017/_mt_svp_simple_017_001_result/_cs_svp_simple_017_001_global_var_rwr_mt_svp_simple_017_001.c line 374 function main_task_0 thread 0
----------------------------------------------------
  __cs_local_main_task_i=2 (00000000000000000000000000000010)

State 137 file /home/dell/zyworkspace/nichecker/Experiment/remarks2.1_LA_Slicing/svp_simple_017/_mt_svp_simple_017_001_result/_cs_svp_simple_017_001_global_var_rwr_mt_svp_simple_017_001.c line 374 function main_task_0 thread 0
----------------------------------------------------
  svp_simple_017_001_local_array[71l]=1 (00000000000000000000000000000001)

State 138 file /home/dell/zyworkspace/nichecker/Experiment/remarks2.1_LA_Slicing/svp_simple_017/_mt_svp_simple_017_001_result/_cs_svp_simple_017_001_global_var_rwr_mt_svp_simple_017_001.c line 376 function main_task_0 thread 0
----------------------------------------------------
  rwr_r7=71 (00000000000000000000000001000111)

State 140 file /home/dell/zyworkspace/nichecker/Experiment/remarks2.1_LA_Slicing/svp_simple_017/_mt_svp_simple_017_001_result/_cs_svp_simple_017_001_global_var_rwr_mt_svp_simple_017_001.c line 380 function main_task_0 thread 0
----------------------------------------------------
  rwr_tmp1_num=1 (00000000000000000000000000000001)

State 141 file /home/dell/zyworkspace/nichecker/Experiment/remarks2.1_LA_Slicing/svp_simple_017/_mt_svp_simple_017_001_result/_cs_svp_simple_017_001_global_var_rwr_mt_svp_simple_017_001.c line 381 function main_task_0 thread 0
----------------------------------------------------
  rwr_tmp1=71 (00000000000000000000000001000111)

State 142 file /home/dell/zyworkspace/nichecker/Experiment/remarks2.1_LA_Slicing/svp_simple_017/_mt_svp_simple_017_001_result/_cs_svp_simple_017_001_global_var_rwr_mt_svp_simple_017_001.c line 389 function main_task_0 thread 0
----------------------------------------------------
  __cs_temporary_1=0 (00000000000000000000000000000000)

State 150 file /home/dell/zyworkspace/nichecker/Experiment/remarks2.1_LA_Slicing/svp_simple_017/_mt_svp_simple_017_001_result/_cs_svp_simple_017_001_global_var_rwr_mt_svp_simple_017_001.c line 456 function main_task_0 thread 0
----------------------------------------------------
  __cs_value_ptr=NULL (0000000000000000000000000000000000000000000000000000000000000000)

State 155 file /home/dell/zyworkspace/nichecker/Experiment/remarks2.1_LA_Slicing/svp_simple_017/_mt_svp_simple_017_001_result/_cs_svp_simple_017_001_global_var_rwr_mt_svp_simple_017_001.c line 510 function main thread 0
----------------------------------------------------
  __cs_pc[1l]=14 (01110)

State 156 file /home/dell/zyworkspace/nichecker/Experiment/remarks2.1_LA_Slicing/svp_simple_017/_mt_svp_simple_017_001_result/_cs_svp_simple_017_001_global_var_rwr_mt_svp_simple_017_001.c line 516 function main thread 0
----------------------------------------------------
  __cs_tmp_t2_r0=1 (1)

State 158 file /home/dell/zyworkspace/nichecker/Experiment/remarks2.1_LA_Slicing/svp_simple_017/_mt_svp_simple_017_001_result/_cs_svp_simple_017_001_global_var_rwr_mt_svp_simple_017_001.c line 521 function main thread 0
----------------------------------------------------
  __cs_thread_index=2 (10)

State 159 file /home/dell/zyworkspace/nichecker/Experiment/remarks2.1_LA_Slicing/svp_simple_017/_mt_svp_simple_017_001_result/_cs_svp_simple_017_001_global_var_rwr_mt_svp_simple_017_001.c line 523 function main thread 0
----------------------------------------------------
  __cs_pc_cs[2l]=1 (00001)

State 164 file /home/dell/zyworkspace/nichecker/Experiment/remarks2.1_LA_Slicing/svp_simple_017/_mt_svp_simple_017_001_result/_cs_svp_simple_017_001_global_var_rwr_mt_svp_simple_017_001.c line 529 function main thread 0
----------------------------------------------------
  __cs_param_svp_simple_017_001_isr_1_arg=NULL (0000000000000000000000000000000000000000000000000000000000000000)

State 166 file /home/dell/zyworkspace/nichecker/Experiment/remarks2.1_LA_Slicing/svp_simple_017/_mt_svp_simple_017_001_result/_cs_svp_simple_017_001_global_var_rwr_mt_svp_simple_017_001.c line 469 function svp_simple_017_001_isr_1_0 thread 0
----------------------------------------------------
  __cs_local_svp_simple_017_001_isr_1_i=0 (00000000000000000000000000000000)

State 167 file /home/dell/zyworkspace/nichecker/Experiment/remarks2.1_LA_Slicing/svp_simple_017/_mt_svp_simple_017_001_result/_cs_svp_simple_017_001_global_var_rwr_mt_svp_simple_017_001.c line 473 function svp_simple_017_001_isr_1_0 thread 0
----------------------------------------------------
  svp_simple_017_001_global_var=50 (00000000000000000000000000110010)

State 171 file /home/dell/zyworkspace/nichecker/Experiment/remarks2.1_LA_Slicing/svp_simple_017/_mt_svp_simple_017_001_result/_cs_svp_simple_017_001_global_var_rwr_mt_svp_simple_017_001.c line 484 function svp_simple_017_001_isr_1_0 thread 0
----------------------------------------------------
  __cs_value_ptr=NULL (0000000000000000000000000000000000000000000000000000000000000000)

State 176 file /home/dell/zyworkspace/nichecker/Experiment/remarks2.1_LA_Slicing/svp_simple_017/_mt_svp_simple_017_001_result/_cs_svp_simple_017_001_global_var_rwr_mt_svp_simple_017_001.c line 531 function main thread 0
----------------------------------------------------
  __cs_pc[2l]=1 (00001)

State 177 file /home/dell/zyworkspace/nichecker/Experiment/remarks2.1_LA_Slicing/svp_simple_017/_mt_svp_simple_017_001_result/_cs_svp_simple_017_001_global_var_rwr_mt_svp_simple_017_001.c line 541 function main thread 0
----------------------------------------------------
  __cs_tmp_t1_r1=17 (10001)

State 179 file /home/dell/zyworkspace/nichecker/Experiment/remarks2.1_LA_Slicing/svp_simple_017/_mt_svp_simple_017_001_result/_cs_svp_simple_017_001_global_var_rwr_mt_svp_simple_017_001.c line 546 function main thread 0
----------------------------------------------------
  __cs_thread_index=1 (01)

State 180 file /home/dell/zyworkspace/nichecker/Experiment/remarks2.1_LA_Slicing/svp_simple_017/_mt_svp_simple_017_001_result/_cs_svp_simple_017_001_global_var_rwr_mt_svp_simple_017_001.c line 548 function main thread 0
----------------------------------------------------
  __cs_pc_cs[1l]=17 (10001)

State 185 file /home/dell/zyworkspace/nichecker/Experiment/remarks2.1_LA_Slicing/svp_simple_017/_mt_svp_simple_017_001_result/_cs_svp_simple_017_001_global_var_rwr_mt_svp_simple_017_001.c line 554 function main thread 0
----------------------------------------------------
  __cs_param_main_task_arg=NULL (0000000000000000000000000000000000000000000000000000000000000000)

State 201 file /home/dell/zyworkspace/nichecker/Experiment/remarks2.1_LA_Slicing/svp_simple_017/_mt_svp_simple_017_001_result/_cs_svp_simple_017_001_global_var_rwr_mt_svp_simple_017_001.c line 394 function main_task_0 thread 0
----------------------------------------------------
  __cs_temporary_1=51 (00000000000000000000000000110011)

State 202 file /home/dell/zyworkspace/nichecker/Experiment/remarks2.1_LA_Slicing/svp_simple_017/_mt_svp_simple_017_001_result/_cs_svp_simple_017_001_global_var_rwr_mt_svp_simple_017_001.c line 396 function main_task_0 thread 0
----------------------------------------------------
  rwr_r8=50 (00000000000000000000000000110010)

Violated property:
  file /home/dell/zyworkspace/nichecker/Experiment/remarks2.1_LA_Slicing/svp_simple_017/_mt_svp_simple_017_001_result/_cs_svp_simple_017_001_global_var_rwr_mt_svp_simple_017_001.c line 398 function main_task_0
  assertion rwr_r8 == rwr_tmp1
  rwr_r8 == rwr_tmp1


** 4 of 9 failed (5 iterations)
VERIFICATION FAILED
