CBMC version 5.6 64-bit x86_64 linux
Parsing /home/dell/zyworkspace/nichecker/Experiment/remarks2.1_LA/svp_simple_014/_mt_svp_simple_014_001_result/_cs_svp_simple_014_001_global_var1_rwr_mt_svp_simple_014_001.c
<command-line>: warning: "__STDC_VERSION__" redefined
<built-in>: note: this is the location of the previous definition
Converting
Type-checking _cs_svp_simple_014_001_global_var1_rwr_mt_svp_simple_014_001
file /home/dell/zyworkspace/nichecker/Experiment/remarks2.1_LA/svp_simple_014/_mt_svp_simple_014_001_result/_cs_svp_simple_014_001_global_var1_rwr_mt_svp_simple_014_001.c line 412 function svp_simple_014_001_isr_1_0: function `assert' is not declared
Generating GOTO Program
Adding CPROVER library (x86_64)
Removal of function pointers and virtual functions
Partial Inlining
Generic Property Instrumentation
Starting Bounded Model Checking
**** WARNING: no body for function enable_isr
**** WARNING: no body for function disable_isr
size of program expression: 1125 steps
simple slicing removed 284 assignments
Generated 5 VCC(s), 5 remaining after simplification
Passing problem to propositional reduction
converting SSA
Running propositional reduction
Post-processing
Solving with MiniSAT 2.2.1 with simplifier
4760 variables, 14640 clauses
SAT checker: instance is SATISFIABLE
Solving with MiniSAT 2.2.1 with simplifier
4760 variables, 6364 clauses
SAT checker: instance is UNSATISFIABLE
Runtime decision procedure: 0.027s

** Results:
[svp_simple_014_001_isr_1_0.assertion.1] assertion rwr_r1 == rwr_tmp2: SUCCESS
[svp_simple_014_001_isr_1_0.assertion.2] assertion rwr_r2 == rwr_tmp2: SUCCESS
[svp_simple_014_001_isr_1_0.assertion.3] assertion rwr_r3 == rwr_tmp2: FAILURE

Trace for svp_simple_014_001_isr_1_0.assertion.3:

State 68 file /home/dell/zyworkspace/nichecker/Experiment/remarks2.1_LA/svp_simple_014/_mt_svp_simple_014_001_result/_cs_svp_simple_014_001_global_var1_rwr_mt_svp_simple_014_001.c line 742 function main thread 0
----------------------------------------------------
  __cs_tmp_t1_r0=2 (10)

State 70 file /home/dell/zyworkspace/nichecker/Experiment/remarks2.1_LA/svp_simple_014/_mt_svp_simple_014_001_result/_cs_svp_simple_014_001_global_var1_rwr_mt_svp_simple_014_001.c line 746 function main thread 0
----------------------------------------------------
  __cs_thread_index=1 (001)

State 71 file /home/dell/zyworkspace/nichecker/Experiment/remarks2.1_LA/svp_simple_014/_mt_svp_simple_014_001_result/_cs_svp_simple_014_001_global_var1_rwr_mt_svp_simple_014_001.c line 748 function main thread 0
----------------------------------------------------
  __cs_pc_cs[1l]=2 (010)

State 76 file /home/dell/zyworkspace/nichecker/Experiment/remarks2.1_LA/svp_simple_014/_mt_svp_simple_014_001_result/_cs_svp_simple_014_001_global_var1_rwr_mt_svp_simple_014_001.c line 754 function main thread 0
----------------------------------------------------
  __cs_param_main_task_arg=NULL (0000000000000000000000000000000000000000000000000000000000000000)

State 81 file /home/dell/zyworkspace/nichecker/Experiment/remarks2.1_LA/svp_simple_014/_mt_svp_simple_014_001_result/_cs_svp_simple_014_001_global_var1_rwr_mt_svp_simple_014_001.c line 189 function main_task_0 thread 0
----------------------------------------------------
  __cs_disable_thread[2l]=0 (0)

State 82 file /home/dell/zyworkspace/nichecker/Experiment/remarks2.1_LA/svp_simple_014/_mt_svp_simple_014_001_result/_cs_svp_simple_014_001_global_var1_rwr_mt_svp_simple_014_001.c line 192 function main_task_0 thread 0
----------------------------------------------------
  __cs_disable_thread[3l]=0 (0)

State 83 file /home/dell/zyworkspace/nichecker/Experiment/remarks2.1_LA/svp_simple_014/_mt_svp_simple_014_001_result/_cs_svp_simple_014_001_global_var1_rwr_mt_svp_simple_014_001.c line 195 function main_task_0 thread 0
----------------------------------------------------
  __cs_disable_thread[4l]=0 (0)

State 84 file /home/dell/zyworkspace/nichecker/Experiment/remarks2.1_LA/svp_simple_014/_mt_svp_simple_014_001_result/_cs_svp_simple_014_001_global_var1_rwr_mt_svp_simple_014_001.c line 198 function main_task_0 thread 0
----------------------------------------------------
  __cs_disable_thread[0l]=0 (0)

State 85 file /home/dell/zyworkspace/nichecker/Experiment/remarks2.1_LA/svp_simple_014/_mt_svp_simple_014_001_result/_cs_svp_simple_014_001_global_var1_rwr_mt_svp_simple_014_001.c line 208 function main_task_0 thread 0
----------------------------------------------------
  __cs_local_main_task_i=0 (00000000000000000000000000000000)

State 86 file /home/dell/zyworkspace/nichecker/Experiment/remarks2.1_LA/svp_simple_014/_mt_svp_simple_014_001_result/_cs_svp_simple_014_001_global_var1_rwr_mt_svp_simple_014_001.c line 211 function main_task_0 thread 0
----------------------------------------------------
  __cs_local_main_task_i=0 (00000000000000000000000000000000)

State 87 file /home/dell/zyworkspace/nichecker/Experiment/remarks2.1_LA/svp_simple_014/_mt_svp_simple_014_001_result/_cs_svp_simple_014_001_global_var1_rwr_mt_svp_simple_014_001.c line 219 function main_task_0 thread 0
----------------------------------------------------
  __cs_local_main_task_t_1=0 (00000000000000000000000000000000)

State 89 file /home/dell/zyworkspace/nichecker/Experiment/remarks2.1_LA/svp_simple_014/_mt_svp_simple_014_001_result/_cs_svp_simple_014_001_global_var1_rwr_mt_svp_simple_014_001.c line 237 function main_task_0 thread 0
----------------------------------------------------
  __cs_local_main_task_loop_1_IOVar1=0 (00000000000000000000000000000000)

State 90 file /home/dell/zyworkspace/nichecker/Experiment/remarks2.1_LA/svp_simple_014/_mt_svp_simple_014_001_result/_cs_svp_simple_014_001_global_var1_rwr_mt_svp_simple_014_001.c line 240 function main_task_0 thread 0
----------------------------------------------------
  __cs_local_main_task_loop_1_block_1=100 (00000000000000000000000001100100)

State 91 file /home/dell/zyworkspace/nichecker/Experiment/remarks2.1_LA/svp_simple_014/_mt_svp_simple_014_001_result/_cs_svp_simple_014_001_global_var1_rwr_mt_svp_simple_014_001.c line 243 function main_task_0 thread 0
----------------------------------------------------
  __cs_local_main_task_i=100 (00000000000000000000000001100100)

State 94 file /home/dell/zyworkspace/nichecker/Experiment/remarks2.1_LA/svp_simple_014/_mt_svp_simple_014_001_result/_cs_svp_simple_014_001_global_var1_rwr_mt_svp_simple_014_001.c line 254 function main_task_0 thread 0
----------------------------------------------------
  __cs_local_main_task_i=101 (00000000000000000000000001100101)

State 95 file /home/dell/zyworkspace/nichecker/Experiment/remarks2.1_LA/svp_simple_014/_mt_svp_simple_014_001_result/_cs_svp_simple_014_001_global_var1_rwr_mt_svp_simple_014_001.c line 260 function main_task_0 thread 0
----------------------------------------------------
  __cs_local_main_task_t_1=1 (00000000000000000000000000000001)

State 98 file /home/dell/zyworkspace/nichecker/Experiment/remarks2.1_LA/svp_simple_014/_mt_svp_simple_014_001_result/_cs_svp_simple_014_001_global_var1_rwr_mt_svp_simple_014_001.c line 268 function main_task_0 thread 0
----------------------------------------------------
  __cs_pc[1l]=1 (001)

State 106 file /home/dell/zyworkspace/nichecker/Experiment/remarks2.1_LA/svp_simple_014/_mt_svp_simple_014_001_result/_cs_svp_simple_014_001_global_var1_rwr_mt_svp_simple_014_001.c line 333 function main_task_0 thread 0
----------------------------------------------------
  __cs_value_ptr=NULL (0000000000000000000000000000000000000000000000000000000000000000)

State 111 file /home/dell/zyworkspace/nichecker/Experiment/remarks2.1_LA/svp_simple_014/_mt_svp_simple_014_001_result/_cs_svp_simple_014_001_global_var1_rwr_mt_svp_simple_014_001.c line 756 function main thread 0
----------------------------------------------------
  __cs_pc[1l]=2 (010)

State 112 file /home/dell/zyworkspace/nichecker/Experiment/remarks2.1_LA/svp_simple_014/_mt_svp_simple_014_001_result/_cs_svp_simple_014_001_global_var1_rwr_mt_svp_simple_014_001.c line 762 function main thread 0
----------------------------------------------------
  __cs_tmp_t2_r0=3 (011)

State 119 file /home/dell/zyworkspace/nichecker/Experiment/remarks2.1_LA/svp_simple_014/_mt_svp_simple_014_001_result/_cs_svp_simple_014_001_global_var1_rwr_mt_svp_simple_014_001.c line 767 function main thread 0
----------------------------------------------------
  __cs_thread_index=2 (010)

State 120 file /home/dell/zyworkspace/nichecker/Experiment/remarks2.1_LA/svp_simple_014/_mt_svp_simple_014_001_result/_cs_svp_simple_014_001_global_var1_rwr_mt_svp_simple_014_001.c line 769 function main thread 0
----------------------------------------------------
  __cs_pc_cs[2l]=3 (011)

State 125 file /home/dell/zyworkspace/nichecker/Experiment/remarks2.1_LA/svp_simple_014/_mt_svp_simple_014_001_result/_cs_svp_simple_014_001_global_var1_rwr_mt_svp_simple_014_001.c line 775 function main thread 0
----------------------------------------------------
  __cs_param_svp_simple_014_001_isr_1_arg=NULL (0000000000000000000000000000000000000000000000000000000000000000)

State 130 file /home/dell/zyworkspace/nichecker/Experiment/remarks2.1_LA/svp_simple_014/_mt_svp_simple_014_001_result/_cs_svp_simple_014_001_global_var1_rwr_mt_svp_simple_014_001.c line 345 function svp_simple_014_001_isr_1_0 thread 0
----------------------------------------------------
  __cs_disable_thread[4l]=1 (1)

State 131 file /home/dell/zyworkspace/nichecker/Experiment/remarks2.1_LA/svp_simple_014/_mt_svp_simple_014_001_result/_cs_svp_simple_014_001_global_var1_rwr_mt_svp_simple_014_001.c line 361 function svp_simple_014_001_isr_1_0 thread 0
----------------------------------------------------
  __cs_local_svp_simple_014_001_isr_1_i=0 (00000000000000000000000000000000)

State 132 file /home/dell/zyworkspace/nichecker/Experiment/remarks2.1_LA/svp_simple_014/_mt_svp_simple_014_001_result/_cs_svp_simple_014_001_global_var1_rwr_mt_svp_simple_014_001.c line 368 function svp_simple_014_001_isr_1_0 thread 0
----------------------------------------------------
  __cs_local_svp_simple_014_001_isr_1_t_2=0 (00000000000000000000000000000000)

State 134 file /home/dell/zyworkspace/nichecker/Experiment/remarks2.1_LA/svp_simple_014/_mt_svp_simple_014_001_result/_cs_svp_simple_014_001_global_var1_rwr_mt_svp_simple_014_001.c line 386 function svp_simple_014_001_isr_1_0 thread 0
----------------------------------------------------
  __cs_local_svp_simple_014_001_isr_1_loop_2_IOVar1=0 (00000000000000000000000000000000)

State 135 file /home/dell/zyworkspace/nichecker/Experiment/remarks2.1_LA/svp_simple_014/_mt_svp_simple_014_001_result/_cs_svp_simple_014_001_global_var1_rwr_mt_svp_simple_014_001.c line 388 function svp_simple_014_001_isr_1_0 thread 0
----------------------------------------------------
  __cs_local_svp_simple_014_001_isr_1_loop_2_block_2=97 (00000000000000000000000001100001)

State 136 file /home/dell/zyworkspace/nichecker/Experiment/remarks2.1_LA/svp_simple_014/_mt_svp_simple_014_001_result/_cs_svp_simple_014_001_global_var1_rwr_mt_svp_simple_014_001.c line 390 function svp_simple_014_001_isr_1_0 thread 0
----------------------------------------------------
  __cs_local_svp_simple_014_001_isr_1_i=97 (00000000000000000000000001100001)

State 139 file /home/dell/zyworkspace/nichecker/Experiment/remarks2.1_LA/svp_simple_014/_mt_svp_simple_014_001_result/_cs_svp_simple_014_001_global_var1_rwr_mt_svp_simple_014_001.c line 400 function svp_simple_014_001_isr_1_0 thread 0
----------------------------------------------------
  __cs_local_svp_simple_014_001_isr_1___cs_tmp_if_cond_0=FALSE (00000000)

State 142 file /home/dell/zyworkspace/nichecker/Experiment/remarks2.1_LA/svp_simple_014/_mt_svp_simple_014_001_result/_cs_svp_simple_014_001_global_var1_rwr_mt_svp_simple_014_001.c line 426 function svp_simple_014_001_isr_1_0 thread 0
----------------------------------------------------
  __cs_local_svp_simple_014_001_isr_1_i=98 (00000000000000000000000001100010)

State 143 file /home/dell/zyworkspace/nichecker/Experiment/remarks2.1_LA/svp_simple_014/_mt_svp_simple_014_001_result/_cs_svp_simple_014_001_global_var1_rwr_mt_svp_simple_014_001.c line 431 function svp_simple_014_001_isr_1_0 thread 0
----------------------------------------------------
  __cs_local_svp_simple_014_001_isr_1_t_2=1 (00000000000000000000000000000001)

State 145 file /home/dell/zyworkspace/nichecker/Experiment/remarks2.1_LA/svp_simple_014/_mt_svp_simple_014_001_result/_cs_svp_simple_014_001_global_var1_rwr_mt_svp_simple_014_001.c line 449 function svp_simple_014_001_isr_1_0 thread 0
----------------------------------------------------
  __cs_local_svp_simple_014_001_isr_1_loop_2_IOVar1=98 (00000000000000000000000001100010)

State 146 file /home/dell/zyworkspace/nichecker/Experiment/remarks2.1_LA/svp_simple_014/_mt_svp_simple_014_001_result/_cs_svp_simple_014_001_global_var1_rwr_mt_svp_simple_014_001.c line 451 function svp_simple_014_001_isr_1_0 thread 0
----------------------------------------------------
  __cs_local_svp_simple_014_001_isr_1_loop_2_block_2=1 (00000000000000000000000000000001)

State 147 file /home/dell/zyworkspace/nichecker/Experiment/remarks2.1_LA/svp_simple_014/_mt_svp_simple_014_001_result/_cs_svp_simple_014_001_global_var1_rwr_mt_svp_simple_014_001.c line 453 function svp_simple_014_001_isr_1_0 thread 0
----------------------------------------------------
  __cs_local_svp_simple_014_001_isr_1_i=99 (00000000000000000000000001100011)

State 150 file /home/dell/zyworkspace/nichecker/Experiment/remarks2.1_LA/svp_simple_014/_mt_svp_simple_014_001_result/_cs_svp_simple_014_001_global_var1_rwr_mt_svp_simple_014_001.c line 463 function svp_simple_014_001_isr_1_0 thread 0
----------------------------------------------------
  __cs_local_svp_simple_014_001_isr_1___cs_tmp_if_cond_0=TRUE (00000001)

State 153 file /home/dell/zyworkspace/nichecker/Experiment/remarks2.1_LA/svp_simple_014/_mt_svp_simple_014_001_result/_cs_svp_simple_014_001_global_var1_rwr_mt_svp_simple_014_001.c line 471 function svp_simple_014_001_isr_1_0 thread 0
----------------------------------------------------
  __cs_local_svp_simple_014_001_isr_1_reader1=1 (00000000000000000000000000000001)

State 154 file /home/dell/zyworkspace/nichecker/Experiment/remarks2.1_LA/svp_simple_014/_mt_svp_simple_014_001_result/_cs_svp_simple_014_001_global_var1_rwr_mt_svp_simple_014_001.c line 473 function svp_simple_014_001_isr_1_0 thread 0
----------------------------------------------------
  rwr_r2=1 (00000000000000000000000000000001)

State 156 file /home/dell/zyworkspace/nichecker/Experiment/remarks2.1_LA/svp_simple_014/_mt_svp_simple_014_001_result/_cs_svp_simple_014_001_global_var1_rwr_mt_svp_simple_014_001.c line 477 function svp_simple_014_001_isr_1_0 thread 0
----------------------------------------------------
  rwr_tmp2_num=1 (00000000000000000000000000000001)

State 157 file /home/dell/zyworkspace/nichecker/Experiment/remarks2.1_LA/svp_simple_014/_mt_svp_simple_014_001_result/_cs_svp_simple_014_001_global_var1_rwr_mt_svp_simple_014_001.c line 478 function svp_simple_014_001_isr_1_0 thread 0
----------------------------------------------------
  rwr_tmp2=1 (00000000000000000000000000000001)

State 159 file /home/dell/zyworkspace/nichecker/Experiment/remarks2.1_LA/svp_simple_014/_mt_svp_simple_014_001_result/_cs_svp_simple_014_001_global_var1_rwr_mt_svp_simple_014_001.c line 489 function svp_simple_014_001_isr_1_0 thread 0
----------------------------------------------------
  __cs_local_svp_simple_014_001_isr_1_i=100 (00000000000000000000000001100100)

State 160 file /home/dell/zyworkspace/nichecker/Experiment/remarks2.1_LA/svp_simple_014/_mt_svp_simple_014_001_result/_cs_svp_simple_014_001_global_var1_rwr_mt_svp_simple_014_001.c line 494 function svp_simple_014_001_isr_1_0 thread 0
----------------------------------------------------
  __cs_local_svp_simple_014_001_isr_1_t_2=2 (00000000000000000000000000000010)

State 161 file /home/dell/zyworkspace/nichecker/Experiment/remarks2.1_LA/svp_simple_014/_mt_svp_simple_014_001_result/_cs_svp_simple_014_001_global_var1_rwr_mt_svp_simple_014_001.c line 497 function svp_simple_014_001_isr_1_0 thread 0
----------------------------------------------------
  __cs_loop_2=FALSE (00000000)

State 168 file /home/dell/zyworkspace/nichecker/Experiment/remarks2.1_LA/svp_simple_014/_mt_svp_simple_014_001_result/_cs_svp_simple_014_001_global_var1_rwr_mt_svp_simple_014_001.c line 544 function svp_simple_014_001_isr_1_0 thread 0
----------------------------------------------------
  __cs_value_ptr=NULL (0000000000000000000000000000000000000000000000000000000000000000)

State 173 file /home/dell/zyworkspace/nichecker/Experiment/remarks2.1_LA/svp_simple_014/_mt_svp_simple_014_001_result/_cs_svp_simple_014_001_global_var1_rwr_mt_svp_simple_014_001.c line 777 function main thread 0
----------------------------------------------------
  __cs_pc[2l]=3 (011)

State 174 file /home/dell/zyworkspace/nichecker/Experiment/remarks2.1_LA/svp_simple_014/_mt_svp_simple_014_001_result/_cs_svp_simple_014_001_global_var1_rwr_mt_svp_simple_014_001.c line 783 function main thread 0
----------------------------------------------------
  __cs_tmp_t3_r0=3 (11)

State 176 file /home/dell/zyworkspace/nichecker/Experiment/remarks2.1_LA/svp_simple_014/_mt_svp_simple_014_001_result/_cs_svp_simple_014_001_global_var1_rwr_mt_svp_simple_014_001.c line 788 function main thread 0
----------------------------------------------------
  __cs_thread_index=3 (011)

State 177 file /home/dell/zyworkspace/nichecker/Experiment/remarks2.1_LA/svp_simple_014/_mt_svp_simple_014_001_result/_cs_svp_simple_014_001_global_var1_rwr_mt_svp_simple_014_001.c line 790 function main thread 0
----------------------------------------------------
  __cs_pc_cs[3l]=3 (011)

State 182 file /home/dell/zyworkspace/nichecker/Experiment/remarks2.1_LA/svp_simple_014/_mt_svp_simple_014_001_result/_cs_svp_simple_014_001_global_var1_rwr_mt_svp_simple_014_001.c line 796 function main thread 0
----------------------------------------------------
  __cs_param_svp_simple_014_001_isr_2_arg=NULL (0000000000000000000000000000000000000000000000000000000000000000)

State 184 file /home/dell/zyworkspace/nichecker/Experiment/remarks2.1_LA/svp_simple_014/_mt_svp_simple_014_001_result/_cs_svp_simple_014_001_global_var1_rwr_mt_svp_simple_014_001.c line 554 function svp_simple_014_001_isr_2_0 thread 0
----------------------------------------------------
  svp_simple_014_001_global_flag1=1 (00000000000000000000000000000001)

State 186 file /home/dell/zyworkspace/nichecker/Experiment/remarks2.1_LA/svp_simple_014/_mt_svp_simple_014_001_result/_cs_svp_simple_014_001_global_var1_rwr_mt_svp_simple_014_001.c line 558 function svp_simple_014_001_isr_2_0 thread 0
----------------------------------------------------
  svp_simple_014_001_global_flag2=0 (00000000000000000000000000000000)

State 190 file /home/dell/zyworkspace/nichecker/Experiment/remarks2.1_LA/svp_simple_014/_mt_svp_simple_014_001_result/_cs_svp_simple_014_001_global_var1_rwr_mt_svp_simple_014_001.c line 562 function svp_simple_014_001_isr_2_0 thread 0
----------------------------------------------------
  __cs_disable_thread[4l]=0 (0)

State 191 file /home/dell/zyworkspace/nichecker/Experiment/remarks2.1_LA/svp_simple_014/_mt_svp_simple_014_001_result/_cs_svp_simple_014_001_global_var1_rwr_mt_svp_simple_014_001.c line 569 function svp_simple_014_001_isr_2_0 thread 0
----------------------------------------------------
  __cs_local_svp_simple_014_001_isr_2_i=0 (00000000000000000000000000000000)

State 192 file /home/dell/zyworkspace/nichecker/Experiment/remarks2.1_LA/svp_simple_014/_mt_svp_simple_014_001_result/_cs_svp_simple_014_001_global_var1_rwr_mt_svp_simple_014_001.c line 571 function svp_simple_014_001_isr_2_0 thread 0
----------------------------------------------------
  __cs_local_svp_simple_014_001_isr_2_i=0 (00000000000000000000000000000000)

State 193 file /home/dell/zyworkspace/nichecker/Experiment/remarks2.1_LA/svp_simple_014/_mt_svp_simple_014_001_result/_cs_svp_simple_014_001_global_var1_rwr_mt_svp_simple_014_001.c line 578 function svp_simple_014_001_isr_2_0 thread 0
----------------------------------------------------
  __cs_local_svp_simple_014_001_isr_2_t_3=0 (00000000000000000000000000000000)

State 195 file /home/dell/zyworkspace/nichecker/Experiment/remarks2.1_LA/svp_simple_014/_mt_svp_simple_014_001_result/_cs_svp_simple_014_001_global_var1_rwr_mt_svp_simple_014_001.c line 596 function svp_simple_014_001_isr_2_0 thread 0
----------------------------------------------------
  __cs_local_svp_simple_014_001_isr_2_loop_3_IOVar1=0 (00000000000000000000000000000000)

State 196 file /home/dell/zyworkspace/nichecker/Experiment/remarks2.1_LA/svp_simple_014/_mt_svp_simple_014_001_result/_cs_svp_simple_014_001_global_var1_rwr_mt_svp_simple_014_001.c line 598 function svp_simple_014_001_isr_2_0 thread 0
----------------------------------------------------
  __cs_local_svp_simple_014_001_isr_2_loop_3_block_1=100 (00000000000000000000000001100100)

State 197 file /home/dell/zyworkspace/nichecker/Experiment/remarks2.1_LA/svp_simple_014/_mt_svp_simple_014_001_result/_cs_svp_simple_014_001_global_var1_rwr_mt_svp_simple_014_001.c line 600 function svp_simple_014_001_isr_2_0 thread 0
----------------------------------------------------
  __cs_local_svp_simple_014_001_isr_2_i=100 (00000000000000000000000001100100)

State 200 file /home/dell/zyworkspace/nichecker/Experiment/remarks2.1_LA/svp_simple_014/_mt_svp_simple_014_001_result/_cs_svp_simple_014_001_global_var1_rwr_mt_svp_simple_014_001.c line 611 function svp_simple_014_001_isr_2_0 thread 0
----------------------------------------------------
  __cs_local_svp_simple_014_001_isr_2_i=101 (00000000000000000000000001100101)

State 201 file /home/dell/zyworkspace/nichecker/Experiment/remarks2.1_LA/svp_simple_014/_mt_svp_simple_014_001_result/_cs_svp_simple_014_001_global_var1_rwr_mt_svp_simple_014_001.c line 616 function svp_simple_014_001_isr_2_0 thread 0
----------------------------------------------------
  __cs_local_svp_simple_014_001_isr_2_t_3=1 (00000000000000000000000000000001)

State 204 file /home/dell/zyworkspace/nichecker/Experiment/remarks2.1_LA/svp_simple_014/_mt_svp_simple_014_001_result/_cs_svp_simple_014_001_global_var1_rwr_mt_svp_simple_014_001.c line 623 function svp_simple_014_001_isr_2_0 thread 0
----------------------------------------------------
  __cs_pc[3l]=2 (010)

State 212 file /home/dell/zyworkspace/nichecker/Experiment/remarks2.1_LA/svp_simple_014/_mt_svp_simple_014_001_result/_cs_svp_simple_014_001_global_var1_rwr_mt_svp_simple_014_001.c line 684 function svp_simple_014_001_isr_2_0 thread 0
----------------------------------------------------
  __cs_value_ptr=NULL (0000000000000000000000000000000000000000000000000000000000000000)

State 217 file /home/dell/zyworkspace/nichecker/Experiment/remarks2.1_LA/svp_simple_014/_mt_svp_simple_014_001_result/_cs_svp_simple_014_001_global_var1_rwr_mt_svp_simple_014_001.c line 798 function main thread 0
----------------------------------------------------
  __cs_pc[3l]=3 (011)

State 218 file /home/dell/zyworkspace/nichecker/Experiment/remarks2.1_LA/svp_simple_014/_mt_svp_simple_014_001_result/_cs_svp_simple_014_001_global_var1_rwr_mt_svp_simple_014_001.c line 804 function main thread 0
----------------------------------------------------
  __cs_tmp_t4_r0=1 (1)

State 220 file /home/dell/zyworkspace/nichecker/Experiment/remarks2.1_LA/svp_simple_014/_mt_svp_simple_014_001_result/_cs_svp_simple_014_001_global_var1_rwr_mt_svp_simple_014_001.c line 809 function main thread 0
----------------------------------------------------
  __cs_thread_index=4 (100)

State 221 file /home/dell/zyworkspace/nichecker/Experiment/remarks2.1_LA/svp_simple_014/_mt_svp_simple_014_001_result/_cs_svp_simple_014_001_global_var1_rwr_mt_svp_simple_014_001.c line 811 function main thread 0
----------------------------------------------------
  __cs_pc_cs[4l]=1 (001)

State 226 file /home/dell/zyworkspace/nichecker/Experiment/remarks2.1_LA/svp_simple_014/_mt_svp_simple_014_001_result/_cs_svp_simple_014_001_global_var1_rwr_mt_svp_simple_014_001.c line 817 function main thread 0
----------------------------------------------------
  __cs_param_svp_simple_014_001_isr_3_arg=NULL (0000000000000000000000000000000000000000000000000000000000000000)

State 228 file /home/dell/zyworkspace/nichecker/Experiment/remarks2.1_LA/svp_simple_014/_mt_svp_simple_014_001_result/_cs_svp_simple_014_001_global_var1_rwr_mt_svp_simple_014_001.c line 696 function svp_simple_014_001_isr_3_0 thread 0
----------------------------------------------------
  __cs_local_svp_simple_014_001_isr_3___cs_tmp_if_cond_1=TRUE (00000001)

State 230 file /home/dell/zyworkspace/nichecker/Experiment/remarks2.1_LA/svp_simple_014/_mt_svp_simple_014_001_result/_cs_svp_simple_014_001_global_var1_rwr_mt_svp_simple_014_001.c line 701 function svp_simple_014_001_isr_3_0 thread 0
----------------------------------------------------
  svp_simple_014_001_global_var1=9 (00000000000000000000000000001001)

State 231 file /home/dell/zyworkspace/nichecker/Experiment/remarks2.1_LA/svp_simple_014/_mt_svp_simple_014_001_result/_cs_svp_simple_014_001_global_var1_rwr_mt_svp_simple_014_001.c line 709 function svp_simple_014_001_isr_3_0 thread 0
----------------------------------------------------
  __cs_local_svp_simple_014_001_isr_3___cs_tmp_if_cond_2=FALSE (00000000)

State 236 file /home/dell/zyworkspace/nichecker/Experiment/remarks2.1_LA/svp_simple_014/_mt_svp_simple_014_001_result/_cs_svp_simple_014_001_global_var1_rwr_mt_svp_simple_014_001.c line 730 function svp_simple_014_001_isr_3_0 thread 0
----------------------------------------------------
  __cs_value_ptr=NULL (0000000000000000000000000000000000000000000000000000000000000000)

State 241 file /home/dell/zyworkspace/nichecker/Experiment/remarks2.1_LA/svp_simple_014/_mt_svp_simple_014_001_result/_cs_svp_simple_014_001_global_var1_rwr_mt_svp_simple_014_001.c line 819 function main thread 0
----------------------------------------------------
  __cs_pc[4l]=1 (001)

State 242 file /home/dell/zyworkspace/nichecker/Experiment/remarks2.1_LA/svp_simple_014/_mt_svp_simple_014_001_result/_cs_svp_simple_014_001_global_var1_rwr_mt_svp_simple_014_001.c line 829 function main thread 0
----------------------------------------------------
  __cs_tmp_t1_r1=0 (00)

State 248 file /home/dell/zyworkspace/nichecker/Experiment/remarks2.1_LA/svp_simple_014/_mt_svp_simple_014_001_result/_cs_svp_simple_014_001_global_var1_rwr_mt_svp_simple_014_001.c line 850 function main thread 0
----------------------------------------------------
  __cs_tmp_t2_r1=5 (101)

State 254 file /home/dell/zyworkspace/nichecker/Experiment/remarks2.1_LA/svp_simple_014/_mt_svp_simple_014_001_result/_cs_svp_simple_014_001_global_var1_rwr_mt_svp_simple_014_001.c line 855 function main thread 0
----------------------------------------------------
  __cs_thread_index=2 (010)

State 255 file /home/dell/zyworkspace/nichecker/Experiment/remarks2.1_LA/svp_simple_014/_mt_svp_simple_014_001_result/_cs_svp_simple_014_001_global_var1_rwr_mt_svp_simple_014_001.c line 857 function main thread 0
----------------------------------------------------
  __cs_pc_cs[2l]=5 (101)

State 260 file /home/dell/zyworkspace/nichecker/Experiment/remarks2.1_LA/svp_simple_014/_mt_svp_simple_014_001_result/_cs_svp_simple_014_001_global_var1_rwr_mt_svp_simple_014_001.c line 863 function main thread 0
----------------------------------------------------
  __cs_param_svp_simple_014_001_isr_1_arg=NULL (0000000000000000000000000000000000000000000000000000000000000000)

State 269 file /home/dell/zyworkspace/nichecker/Experiment/remarks2.1_LA/svp_simple_014/_mt_svp_simple_014_001_result/_cs_svp_simple_014_001_global_var1_rwr_mt_svp_simple_014_001.c line 517 function svp_simple_014_001_isr_1_0 thread 0
----------------------------------------------------
  __cs_local_svp_simple_014_001_isr_1_reader2=9 (00000000000000000000000000001001)

State 270 file /home/dell/zyworkspace/nichecker/Experiment/remarks2.1_LA/svp_simple_014/_mt_svp_simple_014_001_result/_cs_svp_simple_014_001_global_var1_rwr_mt_svp_simple_014_001.c line 519 function svp_simple_014_001_isr_1_0 thread 0
----------------------------------------------------
  rwr_r3=9 (00000000000000000000000000001001)

Violated property:
  file /home/dell/zyworkspace/nichecker/Experiment/remarks2.1_LA/svp_simple_014/_mt_svp_simple_014_001_result/_cs_svp_simple_014_001_global_var1_rwr_mt_svp_simple_014_001.c line 521 function svp_simple_014_001_isr_1_0
  assertion rwr_r3 == rwr_tmp2
  rwr_r3 == rwr_tmp2


** 1 of 3 failed (2 iterations)
VERIFICATION FAILED
