2023-10-15 16:47:59
SVPCheck: True	LoopAbstraction: True	LabelReduction: False	Slice: False	

SVPCheck var: svp_simple_014_001_global_var1	pattern: rwr
--------------------------Run start-------------------------------
inliner
slice
LoopAbstraction
unroller
insertLabel
lazyseq
feeder  0.259
[91mUNSAFE[0m, counterexample: 1, time: 1.991 s, memory: 31.83 MB
--------------------------Run end---------------------------------
SVPCheck var: svp_simple_014_001_global_var2	pattern: rwr
--------------------------Run start-------------------------------
inliner
slice
LoopAbstraction
unroller
insertLabel
lazyseq
feeder  0.251
[92mSAFE[0m, counterexample: 0, time: 1.983 s, memory: 31.73 MB
--------------------------Run end---------------------------------
cbmcTimeSum: 0.51
modulesTimeSum: 3.974
