CBMC version 5.6 64-bit x86_64 linux
Parsing /home/dell/zyworkspace/nichecker/Experiment/remarks2.1_LA_Slicing/svp_simple_015/_mt_svp_simple_015_001_result/_cs_svp_simple_015_001_global_var1_rwr_mt_svp_simple_015_001.c
<command-line>: warning: "__STDC_VERSION__" redefined
<built-in>: note: this is the location of the previous definition
Converting
Type-checking _cs_svp_simple_015_001_global_var1_rwr_mt_svp_simple_015_001
file /home/dell/zyworkspace/nichecker/Experiment/remarks2.1_LA_Slicing/svp_simple_015/_mt_svp_simple_015_001_result/_cs_svp_simple_015_001_global_var1_rwr_mt_svp_simple_015_001.c line 194 function main_task_0: function `nondet_rand' is not declared
file /home/dell/zyworkspace/nichecker/Experiment/remarks2.1_LA_Slicing/svp_simple_015/_mt_svp_simple_015_001_result/_cs_svp_simple_015_001_global_var1_rwr_mt_svp_simple_015_001.c line 219 function main_task_0: function `assert' is not declared
Generating GOTO Program
Adding CPROVER library (x86_64)
Removal of function pointers and virtual functions
Partial Inlining
Generic Property Instrumentation
Starting Bounded Model Checking
**** WARNING: no body for function enable_isr
size of program expression: 388 steps
simple slicing removed 26 assignments
Generated 5 VCC(s), 4 remaining after simplification
Passing problem to propositional reduction
converting SSA
Running propositional reduction
Post-processing
Solving with MiniSAT 2.2.1 with simplifier
1387 variables, 2527 clauses
SAT checker: instance is SATISFIABLE
Solving with MiniSAT 2.2.1 with simplifier
1387 variables, 67 clauses
SAT checker: instance is UNSATISFIABLE
Runtime decision procedure: 0.005s

** Results:
[main_task_0.assertion.1] assertion rwr_r1 == rwr_tmp1: SUCCESS
[main_task_0.assertion.2] assertion rwr_r2 == rwr_tmp1: FAILURE

Trace for main_task_0.assertion.2:

State 47 file /home/dell/zyworkspace/nichecker/Experiment/remarks2.1_LA_Slicing/svp_simple_015/_mt_svp_simple_015_001_result/_cs_svp_simple_015_001_global_var1_rwr_mt_svp_simple_015_001.c line 301 function main thread 0
----------------------------------------------------
  __cs_tmp_t1_r0=2 (10)

State 49 file /home/dell/zyworkspace/nichecker/Experiment/remarks2.1_LA_Slicing/svp_simple_015/_mt_svp_simple_015_001_result/_cs_svp_simple_015_001_global_var1_rwr_mt_svp_simple_015_001.c line 305 function main thread 0
----------------------------------------------------
  __cs_thread_index=1 (01)

State 50 file /home/dell/zyworkspace/nichecker/Experiment/remarks2.1_LA_Slicing/svp_simple_015/_mt_svp_simple_015_001_result/_cs_svp_simple_015_001_global_var1_rwr_mt_svp_simple_015_001.c line 307 function main thread 0
----------------------------------------------------
  __cs_pc_cs[1l]=2 (10)

State 55 file /home/dell/zyworkspace/nichecker/Experiment/remarks2.1_LA_Slicing/svp_simple_015/_mt_svp_simple_015_001_result/_cs_svp_simple_015_001_global_var1_rwr_mt_svp_simple_015_001.c line 313 function main thread 0
----------------------------------------------------
  __cs_param_main_task_arg=NULL (0000000000000000000000000000000000000000000000000000000000000000)

State 60 file /home/dell/zyworkspace/nichecker/Experiment/remarks2.1_LA_Slicing/svp_simple_015/_mt_svp_simple_015_001_result/_cs_svp_simple_015_001_global_var1_rwr_mt_svp_simple_015_001.c line 182 function main_task_0 thread 0
----------------------------------------------------
  __cs_disable_thread[2l]=0 (0)

State 61 file /home/dell/zyworkspace/nichecker/Experiment/remarks2.1_LA_Slicing/svp_simple_015/_mt_svp_simple_015_001_result/_cs_svp_simple_015_001_global_var1_rwr_mt_svp_simple_015_001.c line 185 function main_task_0 thread 0
----------------------------------------------------
  __cs_disable_thread[0l]=0 (0)

State 62 file /home/dell/zyworkspace/nichecker/Experiment/remarks2.1_LA_Slicing/svp_simple_015/_mt_svp_simple_015_001_result/_cs_svp_simple_015_001_global_var1_rwr_mt_svp_simple_015_001.c line 194 function main_task_0 thread 0
----------------------------------------------------
  __cs_local_main_task_x=5 (00000000000000000000000000000101)

State 63 file /home/dell/zyworkspace/nichecker/Experiment/remarks2.1_LA_Slicing/svp_simple_015/_mt_svp_simple_015_001_result/_cs_svp_simple_015_001_global_var1_rwr_mt_svp_simple_015_001.c line 198 function main_task_0 thread 0
----------------------------------------------------
  __cs_local_main_task_y=0 (00000000000000000000000000000000)

State 64 file /home/dell/zyworkspace/nichecker/Experiment/remarks2.1_LA_Slicing/svp_simple_015/_mt_svp_simple_015_001_result/_cs_svp_simple_015_001_global_var1_rwr_mt_svp_simple_015_001.c line 202 function main_task_0 thread 0
----------------------------------------------------
  __cs_local_main_task_z=0 (00000000000000000000000000000000)

State 65 file /home/dell/zyworkspace/nichecker/Experiment/remarks2.1_LA_Slicing/svp_simple_015/_mt_svp_simple_015_001_result/_cs_svp_simple_015_001_global_var1_rwr_mt_svp_simple_015_001.c line 206 function main_task_0 thread 0
----------------------------------------------------
  __cs_local_main_task_p=0 (00000000000000000000000000000000)

State 67 file /home/dell/zyworkspace/nichecker/Experiment/remarks2.1_LA_Slicing/svp_simple_015/_mt_svp_simple_015_001_result/_cs_svp_simple_015_001_global_var1_rwr_mt_svp_simple_015_001.c line 215 function main_task_0 thread 0
----------------------------------------------------
  __cs_temporary_0=0 (00000000000000000000000000000000)

State 68 file /home/dell/zyworkspace/nichecker/Experiment/remarks2.1_LA_Slicing/svp_simple_015/_mt_svp_simple_015_001_result/_cs_svp_simple_015_001_global_var1_rwr_mt_svp_simple_015_001.c line 217 function main_task_0 thread 0
----------------------------------------------------
  rwr_r1=0 (00000000000000000000000000000000)

State 70 file /home/dell/zyworkspace/nichecker/Experiment/remarks2.1_LA_Slicing/svp_simple_015/_mt_svp_simple_015_001_result/_cs_svp_simple_015_001_global_var1_rwr_mt_svp_simple_015_001.c line 221 function main_task_0 thread 0
----------------------------------------------------
  rwr_tmp1_num=1 (00000000000000000000000000000001)

State 71 file /home/dell/zyworkspace/nichecker/Experiment/remarks2.1_LA_Slicing/svp_simple_015/_mt_svp_simple_015_001_result/_cs_svp_simple_015_001_global_var1_rwr_mt_svp_simple_015_001.c line 222 function main_task_0 thread 0
----------------------------------------------------
  rwr_tmp1=0 (00000000000000000000000000000000)

State 75 file /home/dell/zyworkspace/nichecker/Experiment/remarks2.1_LA_Slicing/svp_simple_015/_mt_svp_simple_015_001_result/_cs_svp_simple_015_001_global_var1_rwr_mt_svp_simple_015_001.c line 261 function main_task_0 thread 0
----------------------------------------------------
  __cs_value_ptr=NULL (0000000000000000000000000000000000000000000000000000000000000000)

State 80 file /home/dell/zyworkspace/nichecker/Experiment/remarks2.1_LA_Slicing/svp_simple_015/_mt_svp_simple_015_001_result/_cs_svp_simple_015_001_global_var1_rwr_mt_svp_simple_015_001.c line 315 function main thread 0
----------------------------------------------------
  __cs_pc[1l]=2 (10)

State 81 file /home/dell/zyworkspace/nichecker/Experiment/remarks2.1_LA_Slicing/svp_simple_015/_mt_svp_simple_015_001_result/_cs_svp_simple_015_001_global_var1_rwr_mt_svp_simple_015_001.c line 321 function main thread 0
----------------------------------------------------
  __cs_tmp_t2_r0=1 (1)

State 83 file /home/dell/zyworkspace/nichecker/Experiment/remarks2.1_LA_Slicing/svp_simple_015/_mt_svp_simple_015_001_result/_cs_svp_simple_015_001_global_var1_rwr_mt_svp_simple_015_001.c line 326 function main thread 0
----------------------------------------------------
  __cs_thread_index=2 (10)

State 84 file /home/dell/zyworkspace/nichecker/Experiment/remarks2.1_LA_Slicing/svp_simple_015/_mt_svp_simple_015_001_result/_cs_svp_simple_015_001_global_var1_rwr_mt_svp_simple_015_001.c line 328 function main thread 0
----------------------------------------------------
  __cs_pc_cs[2l]=1 (01)

State 89 file /home/dell/zyworkspace/nichecker/Experiment/remarks2.1_LA_Slicing/svp_simple_015/_mt_svp_simple_015_001_result/_cs_svp_simple_015_001_global_var1_rwr_mt_svp_simple_015_001.c line 334 function main thread 0
----------------------------------------------------
  __cs_param_svp_simple_015_001_isr_1_arg=NULL (0000000000000000000000000000000000000000000000000000000000000000)

State 91 file /home/dell/zyworkspace/nichecker/Experiment/remarks2.1_LA_Slicing/svp_simple_015/_mt_svp_simple_015_001_result/_cs_svp_simple_015_001_global_var1_rwr_mt_svp_simple_015_001.c line 274 function svp_simple_015_001_isr_1_0 thread 0
----------------------------------------------------
  __cs_local_svp_simple_015_001_isr_1_i=0 (00000000000000000000000000000000)

State 92 file /home/dell/zyworkspace/nichecker/Experiment/remarks2.1_LA_Slicing/svp_simple_015/_mt_svp_simple_015_001_result/_cs_svp_simple_015_001_global_var1_rwr_mt_svp_simple_015_001.c line 278 function svp_simple_015_001_isr_1_0 thread 0
----------------------------------------------------
  svp_simple_015_001_global_var1=5 (00000000000000000000000000000101)

State 96 file /home/dell/zyworkspace/nichecker/Experiment/remarks2.1_LA_Slicing/svp_simple_015/_mt_svp_simple_015_001_result/_cs_svp_simple_015_001_global_var1_rwr_mt_svp_simple_015_001.c line 289 function svp_simple_015_001_isr_1_0 thread 0
----------------------------------------------------
  __cs_value_ptr=NULL (0000000000000000000000000000000000000000000000000000000000000000)

State 101 file /home/dell/zyworkspace/nichecker/Experiment/remarks2.1_LA_Slicing/svp_simple_015/_mt_svp_simple_015_001_result/_cs_svp_simple_015_001_global_var1_rwr_mt_svp_simple_015_001.c line 336 function main thread 0
----------------------------------------------------
  __cs_pc[2l]=1 (01)

State 102 file /home/dell/zyworkspace/nichecker/Experiment/remarks2.1_LA_Slicing/svp_simple_015/_mt_svp_simple_015_001_result/_cs_svp_simple_015_001_global_var1_rwr_mt_svp_simple_015_001.c line 346 function main thread 0
----------------------------------------------------
  __cs_tmp_t1_r1=3 (11)

State 104 file /home/dell/zyworkspace/nichecker/Experiment/remarks2.1_LA_Slicing/svp_simple_015/_mt_svp_simple_015_001_result/_cs_svp_simple_015_001_global_var1_rwr_mt_svp_simple_015_001.c line 351 function main thread 0
----------------------------------------------------
  __cs_thread_index=1 (01)

State 105 file /home/dell/zyworkspace/nichecker/Experiment/remarks2.1_LA_Slicing/svp_simple_015/_mt_svp_simple_015_001_result/_cs_svp_simple_015_001_global_var1_rwr_mt_svp_simple_015_001.c line 353 function main thread 0
----------------------------------------------------
  __cs_pc_cs[1l]=3 (11)

State 110 file /home/dell/zyworkspace/nichecker/Experiment/remarks2.1_LA_Slicing/svp_simple_015/_mt_svp_simple_015_001_result/_cs_svp_simple_015_001_global_var1_rwr_mt_svp_simple_015_001.c line 359 function main thread 0
----------------------------------------------------
  __cs_param_main_task_arg=NULL (0000000000000000000000000000000000000000000000000000000000000000)

State 114 file /home/dell/zyworkspace/nichecker/Experiment/remarks2.1_LA_Slicing/svp_simple_015/_mt_svp_simple_015_001_result/_cs_svp_simple_015_001_global_var1_rwr_mt_svp_simple_015_001.c line 230 function main_task_0 thread 0
----------------------------------------------------
  __cs_temporary_1=5 (00000000000000000000000000000101)

State 115 file /home/dell/zyworkspace/nichecker/Experiment/remarks2.1_LA_Slicing/svp_simple_015/_mt_svp_simple_015_001_result/_cs_svp_simple_015_001_global_var1_rwr_mt_svp_simple_015_001.c line 232 function main_task_0 thread 0
----------------------------------------------------
  rwr_r2=5 (00000000000000000000000000000101)

Violated property:
  file /home/dell/zyworkspace/nichecker/Experiment/remarks2.1_LA_Slicing/svp_simple_015/_mt_svp_simple_015_001_result/_cs_svp_simple_015_001_global_var1_rwr_mt_svp_simple_015_001.c line 234 function main_task_0
  assertion rwr_r2 == rwr_tmp1
  rwr_r2 == rwr_tmp1


** 1 of 2 failed (2 iterations)
VERIFICATION FAILED
