2024-06-03 21:54:48
SVPCheck: True	LoopAbstraction: True	LabelReduction: False	Slice: True	

SVPCheck var: svp_simple_015_001_global_var1	pattern: rwr
--------------------------Run start-------------------------------
inliner
slice
LoopAbstraction
unroller
insertLabel
lazyseq
feeder  0.195
[91mUNSAFE[0m, counterexample: 1, time: 2.600 s, memory: 29.15 MB
--------------------------Run end---------------------------------
SVPCheck var: svp_simple_015_001_global_var2	pattern: rwr
--------------------------Run start-------------------------------
inliner
slice
LoopAbstraction
unroller
insertLabel
lazyseq
feeder  0.175
[92mSAFE[0m, counterexample: 0, time: 2.567 s, memory: 28.33 MB
--------------------------Run end---------------------------------
cbmcTimeSum: 0.37
modulesTimeSum: 5.167
