CBMC version 5.6 64-bit x86_64 linux
Parsing /home/dell/zyworkspace/nichecker/Experiment/remarks2.1_LA/svp_simple_002/_mt_svp_simple_002_001_result/_cs_svp_simple_002_001_global_array[9999]_wwr_mt_svp_simple_002_001.c
<command-line>: warning: "__STDC_VERSION__" redefined
<built-in>: note: this is the location of the previous definition
Converting
Type-checking _cs_svp_simple_002_001_global_array[9999]_wwr_mt_svp_simple_002_001
file /home/dell/zyworkspace/nichecker/Experiment/remarks2.1_LA/svp_simple_002/_mt_svp_simple_002_001_result/_cs_svp_simple_002_001_global_array[9999]_wwr_mt_svp_simple_002_001.c line 534 function svp_simple_002_001_isr_1_0: function `assert' is not declared
Generating GOTO Program
Adding CPROVER library (x86_64)
Removal of function pointers and virtual functions
Partial Inlining
Generic Property Instrumentation
Starting Bounded Model Checking
**** WARNING: no body for function enable_isr
size of program expression: 901 steps
simple slicing removed 143 assignments
Generated 2 VCC(s), 2 remaining after simplification
Passing problem to propositional reduction
converting SSA
Running propositional reduction
Post-processing
Solving with MiniSAT 2.2.1 with simplifier
4735 variables, 16493 clauses
SAT checker: instance is SATISFIABLE
Runtime decision procedure: 0.409s

** Results:
[svp_simple_002_001_isr_1_0.assertion.1] assertion wwr_r1 == wwr_w_tmp2: FAILURE

Trace for svp_simple_002_001_isr_1_0.assertion.1:

State 60 file /home/dell/zyworkspace/nichecker/Experiment/remarks2.1_LA/svp_simple_002/_mt_svp_simple_002_001_result/_cs_svp_simple_002_001_global_array[9999]_wwr_mt_svp_simple_002_001.c line 686 function main thread 0
----------------------------------------------------
  __cs_tmp_t1_r0=2 (10)

State 62 file /home/dell/zyworkspace/nichecker/Experiment/remarks2.1_LA/svp_simple_002/_mt_svp_simple_002_001_result/_cs_svp_simple_002_001_global_array[9999]_wwr_mt_svp_simple_002_001.c line 690 function main thread 0
----------------------------------------------------
  __cs_thread_index=1 (001)

State 63 file /home/dell/zyworkspace/nichecker/Experiment/remarks2.1_LA/svp_simple_002/_mt_svp_simple_002_001_result/_cs_svp_simple_002_001_global_array[9999]_wwr_mt_svp_simple_002_001.c line 692 function main thread 0
----------------------------------------------------
  __cs_pc_cs[1l]=2 (0010)

State 68 file /home/dell/zyworkspace/nichecker/Experiment/remarks2.1_LA/svp_simple_002/_mt_svp_simple_002_001_result/_cs_svp_simple_002_001_global_array[9999]_wwr_mt_svp_simple_002_001.c line 698 function main thread 0
----------------------------------------------------
  __cs_param_main_task_arg=NULL (0000000000000000000000000000000000000000000000000000000000000000)

State 73 file /home/dell/zyworkspace/nichecker/Experiment/remarks2.1_LA/svp_simple_002/_mt_svp_simple_002_001_result/_cs_svp_simple_002_001_global_array[9999]_wwr_mt_svp_simple_002_001.c line 181 function main_task_0 thread 0
----------------------------------------------------
  __cs_disable_thread[3l]=0 (0)

State 74 file /home/dell/zyworkspace/nichecker/Experiment/remarks2.1_LA/svp_simple_002/_mt_svp_simple_002_001_result/_cs_svp_simple_002_001_global_array[9999]_wwr_mt_svp_simple_002_001.c line 184 function main_task_0 thread 0
----------------------------------------------------
  __cs_disable_thread[2l]=0 (0)

State 75 file /home/dell/zyworkspace/nichecker/Experiment/remarks2.1_LA/svp_simple_002/_mt_svp_simple_002_001_result/_cs_svp_simple_002_001_global_array[9999]_wwr_mt_svp_simple_002_001.c line 187 function main_task_0 thread 0
----------------------------------------------------
  __cs_disable_thread[0l]=0 (0)

State 76 file /home/dell/zyworkspace/nichecker/Experiment/remarks2.1_LA/svp_simple_002/_mt_svp_simple_002_001_result/_cs_svp_simple_002_001_global_array[9999]_wwr_mt_svp_simple_002_001.c line 197 function main_task_0 thread 0
----------------------------------------------------
  __cs_local_main_task_i=0 (00000000000000000000000000000000)

State 77 file /home/dell/zyworkspace/nichecker/Experiment/remarks2.1_LA/svp_simple_002/_mt_svp_simple_002_001_result/_cs_svp_simple_002_001_global_array[9999]_wwr_mt_svp_simple_002_001.c line 200 function main_task_0 thread 0
----------------------------------------------------
  __cs_local_main_task_i=0 (00000000000000000000000000000000)

State 78 file /home/dell/zyworkspace/nichecker/Experiment/remarks2.1_LA/svp_simple_002/_mt_svp_simple_002_001_result/_cs_svp_simple_002_001_global_array[9999]_wwr_mt_svp_simple_002_001.c line 208 function main_task_0 thread 0
----------------------------------------------------
  __cs_local_main_task_t_1=0 (00000000000000000000000000000000)

State 80 file /home/dell/zyworkspace/nichecker/Experiment/remarks2.1_LA/svp_simple_002/_mt_svp_simple_002_001_result/_cs_svp_simple_002_001_global_array[9999]_wwr_mt_svp_simple_002_001.c line 226 function main_task_0 thread 0
----------------------------------------------------
  __cs_local_main_task_loop_1_IOVar1=0 (00000000000000000000000000000000)

State 81 file /home/dell/zyworkspace/nichecker/Experiment/remarks2.1_LA/svp_simple_002/_mt_svp_simple_002_001_result/_cs_svp_simple_002_001_global_array[9999]_wwr_mt_svp_simple_002_001.c line 229 function main_task_0 thread 0
----------------------------------------------------
  __cs_local_main_task_loop_1_block_1=100 (00000000000000000000000001100100)

State 82 file /home/dell/zyworkspace/nichecker/Experiment/remarks2.1_LA/svp_simple_002/_mt_svp_simple_002_001_result/_cs_svp_simple_002_001_global_array[9999]_wwr_mt_svp_simple_002_001.c line 232 function main_task_0 thread 0
----------------------------------------------------
  __cs_local_main_task_i=100 (00000000000000000000000001100100)

State 85 file /home/dell/zyworkspace/nichecker/Experiment/remarks2.1_LA/svp_simple_002/_mt_svp_simple_002_001_result/_cs_svp_simple_002_001_global_array[9999]_wwr_mt_svp_simple_002_001.c line 243 function main_task_0 thread 0
----------------------------------------------------
  __cs_local_main_task_i=101 (00000000000000000000000001100101)

State 86 file /home/dell/zyworkspace/nichecker/Experiment/remarks2.1_LA/svp_simple_002/_mt_svp_simple_002_001_result/_cs_svp_simple_002_001_global_array[9999]_wwr_mt_svp_simple_002_001.c line 249 function main_task_0 thread 0
----------------------------------------------------
  __cs_local_main_task_t_1=1 (00000000000000000000000000000001)

State 89 file /home/dell/zyworkspace/nichecker/Experiment/remarks2.1_LA/svp_simple_002/_mt_svp_simple_002_001_result/_cs_svp_simple_002_001_global_array[9999]_wwr_mt_svp_simple_002_001.c line 257 function main_task_0 thread 0
----------------------------------------------------
  __cs_pc[1l]=1 (0001)

State 97 file /home/dell/zyworkspace/nichecker/Experiment/remarks2.1_LA/svp_simple_002/_mt_svp_simple_002_001_result/_cs_svp_simple_002_001_global_array[9999]_wwr_mt_svp_simple_002_001.c line 322 function main_task_0 thread 0
----------------------------------------------------
  __cs_value_ptr=NULL (0000000000000000000000000000000000000000000000000000000000000000)

State 102 file /home/dell/zyworkspace/nichecker/Experiment/remarks2.1_LA/svp_simple_002/_mt_svp_simple_002_001_result/_cs_svp_simple_002_001_global_array[9999]_wwr_mt_svp_simple_002_001.c line 700 function main thread 0
----------------------------------------------------
  __cs_pc[1l]=2 (0010)

State 103 file /home/dell/zyworkspace/nichecker/Experiment/remarks2.1_LA/svp_simple_002/_mt_svp_simple_002_001_result/_cs_svp_simple_002_001_global_array[9999]_wwr_mt_svp_simple_002_001.c line 706 function main thread 0
----------------------------------------------------
  __cs_tmp_t2_r0=5 (0101)

State 105 file /home/dell/zyworkspace/nichecker/Experiment/remarks2.1_LA/svp_simple_002/_mt_svp_simple_002_001_result/_cs_svp_simple_002_001_global_array[9999]_wwr_mt_svp_simple_002_001.c line 711 function main thread 0
----------------------------------------------------
  __cs_thread_index=2 (010)

State 106 file /home/dell/zyworkspace/nichecker/Experiment/remarks2.1_LA/svp_simple_002/_mt_svp_simple_002_001_result/_cs_svp_simple_002_001_global_array[9999]_wwr_mt_svp_simple_002_001.c line 713 function main thread 0
----------------------------------------------------
  __cs_pc_cs[2l]=5 (0101)

State 111 file /home/dell/zyworkspace/nichecker/Experiment/remarks2.1_LA/svp_simple_002/_mt_svp_simple_002_001_result/_cs_svp_simple_002_001_global_array[9999]_wwr_mt_svp_simple_002_001.c line 719 function main thread 0
----------------------------------------------------
  __cs_param_svp_simple_002_001_isr_1_arg=NULL (0000000000000000000000000000000000000000000000000000000000000000)

State 113 file /home/dell/zyworkspace/nichecker/Experiment/remarks2.1_LA/svp_simple_002/_mt_svp_simple_002_001_result/_cs_svp_simple_002_001_global_array[9999]_wwr_mt_svp_simple_002_001.c line 340 function svp_simple_002_001_isr_1_0 thread 0
----------------------------------------------------
  __cs_local_svp_simple_002_001_isr_1_i=0 (00000000000000000000000000000000)

State 114 file /home/dell/zyworkspace/nichecker/Experiment/remarks2.1_LA/svp_simple_002/_mt_svp_simple_002_001_result/_cs_svp_simple_002_001_global_array[9999]_wwr_mt_svp_simple_002_001.c line 347 function svp_simple_002_001_isr_1_0 thread 0
----------------------------------------------------
  __cs_local_svp_simple_002_001_isr_1_t_2=0 (00000000000000000000000000000000)

State 116 file /home/dell/zyworkspace/nichecker/Experiment/remarks2.1_LA/svp_simple_002/_mt_svp_simple_002_001_result/_cs_svp_simple_002_001_global_array[9999]_wwr_mt_svp_simple_002_001.c line 365 function svp_simple_002_001_isr_1_0 thread 0
----------------------------------------------------
  __cs_local_svp_simple_002_001_isr_1_loop_2_IOVar1=0 (00000000000000000000000000000000)

State 117 file /home/dell/zyworkspace/nichecker/Experiment/remarks2.1_LA/svp_simple_002/_mt_svp_simple_002_001_result/_cs_svp_simple_002_001_global_array[9999]_wwr_mt_svp_simple_002_001.c line 367 function svp_simple_002_001_isr_1_0 thread 0
----------------------------------------------------
  __cs_local_svp_simple_002_001_isr_1_loop_2_block_3=0 (00000000000000000000000000000000)

State 118 file /home/dell/zyworkspace/nichecker/Experiment/remarks2.1_LA/svp_simple_002/_mt_svp_simple_002_001_result/_cs_svp_simple_002_001_global_array[9999]_wwr_mt_svp_simple_002_001.c line 369 function svp_simple_002_001_isr_1_0 thread 0
----------------------------------------------------
  __cs_local_svp_simple_002_001_isr_1_i=0 (00000000000000000000000000000000)

State 121 file /home/dell/zyworkspace/nichecker/Experiment/remarks2.1_LA/svp_simple_002/_mt_svp_simple_002_001_result/_cs_svp_simple_002_001_global_array[9999]_wwr_mt_svp_simple_002_001.c line 379 function svp_simple_002_001_isr_1_0 thread 0
----------------------------------------------------
  __cs_local_svp_simple_002_001_isr_1___cs_tmp_if_cond_0=FALSE (00000000)

State 124 file /home/dell/zyworkspace/nichecker/Experiment/remarks2.1_LA/svp_simple_002/_mt_svp_simple_002_001_result/_cs_svp_simple_002_001_global_array[9999]_wwr_mt_svp_simple_002_001.c line 400 function svp_simple_002_001_isr_1_0 thread 0
----------------------------------------------------
  __cs_local_svp_simple_002_001_isr_1___cs_tmp_if_cond_1=FALSE (00000000)

State 127 file /home/dell/zyworkspace/nichecker/Experiment/remarks2.1_LA/svp_simple_002/_mt_svp_simple_002_001_result/_cs_svp_simple_002_001_global_array[9999]_wwr_mt_svp_simple_002_001.c line 422 function svp_simple_002_001_isr_1_0 thread 0
----------------------------------------------------
  __cs_local_svp_simple_002_001_isr_1_i=1 (00000000000000000000000000000001)

State 128 file /home/dell/zyworkspace/nichecker/Experiment/remarks2.1_LA/svp_simple_002/_mt_svp_simple_002_001_result/_cs_svp_simple_002_001_global_array[9999]_wwr_mt_svp_simple_002_001.c line 427 function svp_simple_002_001_isr_1_0 thread 0
----------------------------------------------------
  __cs_local_svp_simple_002_001_isr_1_t_2=1 (00000000000000000000000000000001)

State 130 file /home/dell/zyworkspace/nichecker/Experiment/remarks2.1_LA/svp_simple_002/_mt_svp_simple_002_001_result/_cs_svp_simple_002_001_global_array[9999]_wwr_mt_svp_simple_002_001.c line 445 function svp_simple_002_001_isr_1_0 thread 0
----------------------------------------------------
  __cs_local_svp_simple_002_001_isr_1_loop_2_IOVar1=1 (00000000000000000000000000000001)

State 131 file /home/dell/zyworkspace/nichecker/Experiment/remarks2.1_LA/svp_simple_002/_mt_svp_simple_002_001_result/_cs_svp_simple_002_001_global_array[9999]_wwr_mt_svp_simple_002_001.c line 447 function svp_simple_002_001_isr_1_0 thread 0
----------------------------------------------------
  __cs_local_svp_simple_002_001_isr_1_loop_2_block_3=9998 (00000000000000000010011100001110)

State 132 file /home/dell/zyworkspace/nichecker/Experiment/remarks2.1_LA/svp_simple_002/_mt_svp_simple_002_001_result/_cs_svp_simple_002_001_global_array[9999]_wwr_mt_svp_simple_002_001.c line 449 function svp_simple_002_001_isr_1_0 thread 0
----------------------------------------------------
  __cs_local_svp_simple_002_001_isr_1_i=9999 (00000000000000000010011100001111)

State 135 file /home/dell/zyworkspace/nichecker/Experiment/remarks2.1_LA/svp_simple_002/_mt_svp_simple_002_001_result/_cs_svp_simple_002_001_global_array[9999]_wwr_mt_svp_simple_002_001.c line 459 function svp_simple_002_001_isr_1_0 thread 0
----------------------------------------------------
  __cs_local_svp_simple_002_001_isr_1___cs_tmp_if_cond_0=TRUE (00000001)

State 138 file /home/dell/zyworkspace/nichecker/Experiment/remarks2.1_LA/svp_simple_002/_mt_svp_simple_002_001_result/_cs_svp_simple_002_001_global_array[9999]_wwr_mt_svp_simple_002_001.c line 467 function svp_simple_002_001_isr_1_0 thread 0
----------------------------------------------------
  svp_simple_002_001_global_array[9999l]=1 (00000000000000000000000000000001)

State 139 file /home/dell/zyworkspace/nichecker/Experiment/remarks2.1_LA/svp_simple_002/_mt_svp_simple_002_001_result/_cs_svp_simple_002_001_global_array[9999]_wwr_mt_svp_simple_002_001.c line 469 function svp_simple_002_001_isr_1_0 thread 0
----------------------------------------------------
  wwr_w_tmp2_num=1 (00000000000000000000000000000001)

State 140 file /home/dell/zyworkspace/nichecker/Experiment/remarks2.1_LA/svp_simple_002/_mt_svp_simple_002_001_result/_cs_svp_simple_002_001_global_array[9999]_wwr_mt_svp_simple_002_001.c line 470 function svp_simple_002_001_isr_1_0 thread 0
----------------------------------------------------
  wwr_w_tmp2=1 (00000000000000000000000000000001)

State 142 file /home/dell/zyworkspace/nichecker/Experiment/remarks2.1_LA/svp_simple_002/_mt_svp_simple_002_001_result/_cs_svp_simple_002_001_global_array[9999]_wwr_mt_svp_simple_002_001.c line 480 function svp_simple_002_001_isr_1_0 thread 0
----------------------------------------------------
  __cs_local_svp_simple_002_001_isr_1___cs_tmp_if_cond_1=FALSE (00000000)

State 145 file /home/dell/zyworkspace/nichecker/Experiment/remarks2.1_LA/svp_simple_002/_mt_svp_simple_002_001_result/_cs_svp_simple_002_001_global_array[9999]_wwr_mt_svp_simple_002_001.c line 502 function svp_simple_002_001_isr_1_0 thread 0
----------------------------------------------------
  __cs_local_svp_simple_002_001_isr_1_i=10000 (00000000000000000010011100010000)

State 146 file /home/dell/zyworkspace/nichecker/Experiment/remarks2.1_LA/svp_simple_002/_mt_svp_simple_002_001_result/_cs_svp_simple_002_001_global_array[9999]_wwr_mt_svp_simple_002_001.c line 507 function svp_simple_002_001_isr_1_0 thread 0
----------------------------------------------------
  __cs_local_svp_simple_002_001_isr_1_t_2=2 (00000000000000000000000000000010)

State 147 file /home/dell/zyworkspace/nichecker/Experiment/remarks2.1_LA/svp_simple_002/_mt_svp_simple_002_001_result/_cs_svp_simple_002_001_global_array[9999]_wwr_mt_svp_simple_002_001.c line 510 function svp_simple_002_001_isr_1_0 thread 0
----------------------------------------------------
  __cs_loop_2=FALSE (00000000)

State 153 file /home/dell/zyworkspace/nichecker/Experiment/remarks2.1_LA/svp_simple_002/_mt_svp_simple_002_001_result/_cs_svp_simple_002_001_global_array[9999]_wwr_mt_svp_simple_002_001.c line 552 function svp_simple_002_001_isr_1_0 thread 0
----------------------------------------------------
  __cs_value_ptr=NULL (0000000000000000000000000000000000000000000000000000000000000000)

State 158 file /home/dell/zyworkspace/nichecker/Experiment/remarks2.1_LA/svp_simple_002/_mt_svp_simple_002_001_result/_cs_svp_simple_002_001_global_array[9999]_wwr_mt_svp_simple_002_001.c line 721 function main thread 0
----------------------------------------------------
  __cs_pc[2l]=5 (0101)

State 159 file /home/dell/zyworkspace/nichecker/Experiment/remarks2.1_LA/svp_simple_002/_mt_svp_simple_002_001_result/_cs_svp_simple_002_001_global_array[9999]_wwr_mt_svp_simple_002_001.c line 727 function main thread 0
----------------------------------------------------
  __cs_tmp_t3_r0=1 (1)

State 161 file /home/dell/zyworkspace/nichecker/Experiment/remarks2.1_LA/svp_simple_002/_mt_svp_simple_002_001_result/_cs_svp_simple_002_001_global_array[9999]_wwr_mt_svp_simple_002_001.c line 732 function main thread 0
----------------------------------------------------
  __cs_thread_index=3 (011)

State 162 file /home/dell/zyworkspace/nichecker/Experiment/remarks2.1_LA/svp_simple_002/_mt_svp_simple_002_001_result/_cs_svp_simple_002_001_global_array[9999]_wwr_mt_svp_simple_002_001.c line 734 function main thread 0
----------------------------------------------------
  __cs_pc_cs[3l]=1 (0001)

State 167 file /home/dell/zyworkspace/nichecker/Experiment/remarks2.1_LA/svp_simple_002/_mt_svp_simple_002_001_result/_cs_svp_simple_002_001_global_array[9999]_wwr_mt_svp_simple_002_001.c line 740 function main thread 0
----------------------------------------------------
  __cs_param_svp_simple_002_001_isr_2_arg=NULL (0000000000000000000000000000000000000000000000000000000000000000)

State 169 file /home/dell/zyworkspace/nichecker/Experiment/remarks2.1_LA/svp_simple_002/_mt_svp_simple_002_001_result/_cs_svp_simple_002_001_global_array[9999]_wwr_mt_svp_simple_002_001.c line 565 function svp_simple_002_001_isr_2_0 thread 0
----------------------------------------------------
  __cs_local_svp_simple_002_001_isr_2_i=0 (00000000000000000000000000000000)

State 170 file /home/dell/zyworkspace/nichecker/Experiment/remarks2.1_LA/svp_simple_002/_mt_svp_simple_002_001_result/_cs_svp_simple_002_001_global_array[9999]_wwr_mt_svp_simple_002_001.c line 567 function svp_simple_002_001_isr_2_0 thread 0
----------------------------------------------------
  __cs_local_svp_simple_002_001_isr_2_i=0 (00000000000000000000000000000000)

State 171 file /home/dell/zyworkspace/nichecker/Experiment/remarks2.1_LA/svp_simple_002/_mt_svp_simple_002_001_result/_cs_svp_simple_002_001_global_array[9999]_wwr_mt_svp_simple_002_001.c line 574 function svp_simple_002_001_isr_2_0 thread 0
----------------------------------------------------
  __cs_local_svp_simple_002_001_isr_2_t_3=0 (00000000000000000000000000000000)

State 173 file /home/dell/zyworkspace/nichecker/Experiment/remarks2.1_LA/svp_simple_002/_mt_svp_simple_002_001_result/_cs_svp_simple_002_001_global_array[9999]_wwr_mt_svp_simple_002_001.c line 589 function svp_simple_002_001_isr_2_0 thread 0
----------------------------------------------------
  __cs_local_svp_simple_002_001_isr_2_loop_3_IOVar1=0 (00000000000000000000000000000000)

State 174 file /home/dell/zyworkspace/nichecker/Experiment/remarks2.1_LA/svp_simple_002/_mt_svp_simple_002_001_result/_cs_svp_simple_002_001_global_array[9999]_wwr_mt_svp_simple_002_001.c line 591 function svp_simple_002_001_isr_2_0 thread 0
----------------------------------------------------
  __cs_local_svp_simple_002_001_isr_2_loop_3_block_1=100 (00000000000000000000000001100100)

State 175 file /home/dell/zyworkspace/nichecker/Experiment/remarks2.1_LA/svp_simple_002/_mt_svp_simple_002_001_result/_cs_svp_simple_002_001_global_array[9999]_wwr_mt_svp_simple_002_001.c line 593 function svp_simple_002_001_isr_2_0 thread 0
----------------------------------------------------
  __cs_local_svp_simple_002_001_isr_2_i=100 (00000000000000000000000001100100)

State 178 file /home/dell/zyworkspace/nichecker/Experiment/remarks2.1_LA/svp_simple_002/_mt_svp_simple_002_001_result/_cs_svp_simple_002_001_global_array[9999]_wwr_mt_svp_simple_002_001.c line 604 function svp_simple_002_001_isr_2_0 thread 0
----------------------------------------------------
  __cs_local_svp_simple_002_001_isr_2_i=101 (00000000000000000000000001100101)

State 179 file /home/dell/zyworkspace/nichecker/Experiment/remarks2.1_LA/svp_simple_002/_mt_svp_simple_002_001_result/_cs_svp_simple_002_001_global_array[9999]_wwr_mt_svp_simple_002_001.c line 609 function svp_simple_002_001_isr_2_0 thread 0
----------------------------------------------------
  __cs_local_svp_simple_002_001_isr_2_t_3=1 (00000000000000000000000000000001)

State 184 file /home/dell/zyworkspace/nichecker/Experiment/remarks2.1_LA/svp_simple_002/_mt_svp_simple_002_001_result/_cs_svp_simple_002_001_global_array[9999]_wwr_mt_svp_simple_002_001.c line 663 function svp_simple_002_001_isr_2_0 thread 0
----------------------------------------------------
  svp_simple_002_001_global_array[9999l]=999 (00000000000000000000001111100111)

State 188 file /home/dell/zyworkspace/nichecker/Experiment/remarks2.1_LA/svp_simple_002/_mt_svp_simple_002_001_result/_cs_svp_simple_002_001_global_array[9999]_wwr_mt_svp_simple_002_001.c line 674 function svp_simple_002_001_isr_2_0 thread 0
----------------------------------------------------
  __cs_value_ptr=NULL (0000000000000000000000000000000000000000000000000000000000000000)

State 193 file /home/dell/zyworkspace/nichecker/Experiment/remarks2.1_LA/svp_simple_002/_mt_svp_simple_002_001_result/_cs_svp_simple_002_001_global_array[9999]_wwr_mt_svp_simple_002_001.c line 742 function main thread 0
----------------------------------------------------
  __cs_pc[3l]=1 (0001)

State 194 file /home/dell/zyworkspace/nichecker/Experiment/remarks2.1_LA/svp_simple_002/_mt_svp_simple_002_001_result/_cs_svp_simple_002_001_global_array[9999]_wwr_mt_svp_simple_002_001.c line 752 function main thread 0
----------------------------------------------------
  __cs_tmp_t1_r1=0 (00)

State 200 file /home/dell/zyworkspace/nichecker/Experiment/remarks2.1_LA/svp_simple_002/_mt_svp_simple_002_001_result/_cs_svp_simple_002_001_global_array[9999]_wwr_mt_svp_simple_002_001.c line 773 function main thread 0
----------------------------------------------------
  __cs_tmp_t2_r1=7 (0111)

State 202 file /home/dell/zyworkspace/nichecker/Experiment/remarks2.1_LA/svp_simple_002/_mt_svp_simple_002_001_result/_cs_svp_simple_002_001_global_array[9999]_wwr_mt_svp_simple_002_001.c line 778 function main thread 0
----------------------------------------------------
  __cs_thread_index=2 (010)

State 203 file /home/dell/zyworkspace/nichecker/Experiment/remarks2.1_LA/svp_simple_002/_mt_svp_simple_002_001_result/_cs_svp_simple_002_001_global_array[9999]_wwr_mt_svp_simple_002_001.c line 780 function main thread 0
----------------------------------------------------
  __cs_pc_cs[2l]=7 (0111)

State 208 file /home/dell/zyworkspace/nichecker/Experiment/remarks2.1_LA/svp_simple_002/_mt_svp_simple_002_001_result/_cs_svp_simple_002_001_global_array[9999]_wwr_mt_svp_simple_002_001.c line 786 function main thread 0
----------------------------------------------------
  __cs_param_svp_simple_002_001_isr_1_arg=NULL (0000000000000000000000000000000000000000000000000000000000000000)

State 219 file /home/dell/zyworkspace/nichecker/Experiment/remarks2.1_LA/svp_simple_002/_mt_svp_simple_002_001_result/_cs_svp_simple_002_001_global_array[9999]_wwr_mt_svp_simple_002_001.c line 530 function svp_simple_002_001_isr_1_0 thread 0
----------------------------------------------------
  __cs_local_svp_simple_002_001_isr_1_mininum=989 (00000000000000000000001111011101)

State 220 file /home/dell/zyworkspace/nichecker/Experiment/remarks2.1_LA/svp_simple_002/_mt_svp_simple_002_001_result/_cs_svp_simple_002_001_global_array[9999]_wwr_mt_svp_simple_002_001.c line 532 function svp_simple_002_001_isr_1_0 thread 0
----------------------------------------------------
  wwr_r1=999 (00000000000000000000001111100111)

Violated property:
  file /home/dell/zyworkspace/nichecker/Experiment/remarks2.1_LA/svp_simple_002/_mt_svp_simple_002_001_result/_cs_svp_simple_002_001_global_array[9999]_wwr_mt_svp_simple_002_001.c line 534 function svp_simple_002_001_isr_1_0
  assertion wwr_r1 == wwr_w_tmp2
  wwr_r1 == wwr_w_tmp2


** 1 of 1 failed (1 iteration)
VERIFICATION FAILED
