CBMC version 5.6 64-bit x86_64 linux
Parsing /home/dell/zyworkspace/nichecker/Experiment/remarks2.1_LA_PPR/svp_simple_002/_mt_svp_simple_002_001_result/_cs_svp_simple_002_001_global_array[9999]_wwr_mt_svp_simple_002_001.c
<command-line>: warning: "__STDC_VERSION__" redefined
<built-in>: note: this is the location of the previous definition
Converting
Type-checking _cs_svp_simple_002_001_global_array[9999]_wwr_mt_svp_simple_002_001
file /home/dell/zyworkspace/nichecker/Experiment/remarks2.1_LA_PPR/svp_simple_002/_mt_svp_simple_002_001_result/_cs_svp_simple_002_001_global_array[9999]_wwr_mt_svp_simple_002_001.c line 534 function svp_simple_002_001_isr_1_0: function `assert' is not declared
Generating GOTO Program
Adding CPROVER library (x86_64)
Removal of function pointers and virtual functions
Partial Inlining
Generic Property Instrumentation
Starting Bounded Model Checking
**** WARNING: no body for function enable_isr
size of program expression: 911 steps
simple slicing removed 143 assignments
Generated 2 VCC(s), 2 remaining after simplification
Passing problem to propositional reduction
converting SSA
Running propositional reduction
Post-processing
Solving with MiniSAT 2.2.1 with simplifier
4725 variables, 16464 clauses
SAT checker: instance is SATISFIABLE
Runtime decision procedure: 0.447s

** Results:
[svp_simple_002_001_isr_1_0.assertion.1] assertion wwr_r1 == wwr_w_tmp2: FAILURE

Trace for svp_simple_002_001_isr_1_0.assertion.1:

State 60 file /home/dell/zyworkspace/nichecker/Experiment/remarks2.1_LA_PPR/svp_simple_002/_mt_svp_simple_002_001_result/_cs_svp_simple_002_001_global_array[9999]_wwr_mt_svp_simple_002_001.c line 684 function main thread 0
----------------------------------------------------
  __cs_tmp_t1_r0=1 (01)

State 62 file /home/dell/zyworkspace/nichecker/Experiment/remarks2.1_LA_PPR/svp_simple_002/_mt_svp_simple_002_001_result/_cs_svp_simple_002_001_global_array[9999]_wwr_mt_svp_simple_002_001.c line 688 function main thread 0
----------------------------------------------------
  __cs_thread_index=1 (001)

State 63 file /home/dell/zyworkspace/nichecker/Experiment/remarks2.1_LA_PPR/svp_simple_002/_mt_svp_simple_002_001_result/_cs_svp_simple_002_001_global_array[9999]_wwr_mt_svp_simple_002_001.c line 690 function main thread 0
----------------------------------------------------
  __cs_pc_cs[1l]=1 (001)

State 68 file /home/dell/zyworkspace/nichecker/Experiment/remarks2.1_LA_PPR/svp_simple_002/_mt_svp_simple_002_001_result/_cs_svp_simple_002_001_global_array[9999]_wwr_mt_svp_simple_002_001.c line 696 function main thread 0
----------------------------------------------------
  __cs_param_main_task_arg=NULL (0000000000000000000000000000000000000000000000000000000000000000)

State 73 file /home/dell/zyworkspace/nichecker/Experiment/remarks2.1_LA_PPR/svp_simple_002/_mt_svp_simple_002_001_result/_cs_svp_simple_002_001_global_array[9999]_wwr_mt_svp_simple_002_001.c line 181 function main_task_0 thread 0
----------------------------------------------------
  __cs_disable_thread[3l]=0 (0)

State 74 file /home/dell/zyworkspace/nichecker/Experiment/remarks2.1_LA_PPR/svp_simple_002/_mt_svp_simple_002_001_result/_cs_svp_simple_002_001_global_array[9999]_wwr_mt_svp_simple_002_001.c line 184 function main_task_0 thread 0
----------------------------------------------------
  __cs_disable_thread[2l]=0 (0)

State 75 file /home/dell/zyworkspace/nichecker/Experiment/remarks2.1_LA_PPR/svp_simple_002/_mt_svp_simple_002_001_result/_cs_svp_simple_002_001_global_array[9999]_wwr_mt_svp_simple_002_001.c line 187 function main_task_0 thread 0
----------------------------------------------------
  __cs_disable_thread[0l]=0 (0)

State 80 file /home/dell/zyworkspace/nichecker/Experiment/remarks2.1_LA_PPR/svp_simple_002/_mt_svp_simple_002_001_result/_cs_svp_simple_002_001_global_array[9999]_wwr_mt_svp_simple_002_001.c line 324 function main_task_0 thread 0
----------------------------------------------------
  __cs_value_ptr=NULL (0000000000000000000000000000000000000000000000000000000000000000)

State 85 file /home/dell/zyworkspace/nichecker/Experiment/remarks2.1_LA_PPR/svp_simple_002/_mt_svp_simple_002_001_result/_cs_svp_simple_002_001_global_array[9999]_wwr_mt_svp_simple_002_001.c line 698 function main thread 0
----------------------------------------------------
  __cs_pc[1l]=1 (001)

State 86 file /home/dell/zyworkspace/nichecker/Experiment/remarks2.1_LA_PPR/svp_simple_002/_mt_svp_simple_002_001_result/_cs_svp_simple_002_001_global_array[9999]_wwr_mt_svp_simple_002_001.c line 704 function main thread 0
----------------------------------------------------
  __cs_tmp_t2_r0=5 (101)

State 88 file /home/dell/zyworkspace/nichecker/Experiment/remarks2.1_LA_PPR/svp_simple_002/_mt_svp_simple_002_001_result/_cs_svp_simple_002_001_global_array[9999]_wwr_mt_svp_simple_002_001.c line 709 function main thread 0
----------------------------------------------------
  __cs_thread_index=2 (010)

State 89 file /home/dell/zyworkspace/nichecker/Experiment/remarks2.1_LA_PPR/svp_simple_002/_mt_svp_simple_002_001_result/_cs_svp_simple_002_001_global_array[9999]_wwr_mt_svp_simple_002_001.c line 711 function main thread 0
----------------------------------------------------
  __cs_pc_cs[2l]=5 (101)

State 94 file /home/dell/zyworkspace/nichecker/Experiment/remarks2.1_LA_PPR/svp_simple_002/_mt_svp_simple_002_001_result/_cs_svp_simple_002_001_global_array[9999]_wwr_mt_svp_simple_002_001.c line 717 function main thread 0
----------------------------------------------------
  __cs_param_svp_simple_002_001_isr_1_arg=NULL (0000000000000000000000000000000000000000000000000000000000000000)

State 96 file /home/dell/zyworkspace/nichecker/Experiment/remarks2.1_LA_PPR/svp_simple_002/_mt_svp_simple_002_001_result/_cs_svp_simple_002_001_global_array[9999]_wwr_mt_svp_simple_002_001.c line 342 function svp_simple_002_001_isr_1_0 thread 0
----------------------------------------------------
  __cs_local_svp_simple_002_001_isr_1_i=0 (00000000000000000000000000000000)

State 97 file /home/dell/zyworkspace/nichecker/Experiment/remarks2.1_LA_PPR/svp_simple_002/_mt_svp_simple_002_001_result/_cs_svp_simple_002_001_global_array[9999]_wwr_mt_svp_simple_002_001.c line 349 function svp_simple_002_001_isr_1_0 thread 0
----------------------------------------------------
  __cs_local_svp_simple_002_001_isr_1_t_2=0 (00000000000000000000000000000000)

State 99 file /home/dell/zyworkspace/nichecker/Experiment/remarks2.1_LA_PPR/svp_simple_002/_mt_svp_simple_002_001_result/_cs_svp_simple_002_001_global_array[9999]_wwr_mt_svp_simple_002_001.c line 367 function svp_simple_002_001_isr_1_0 thread 0
----------------------------------------------------
  __cs_local_svp_simple_002_001_isr_1_loop_2_IOVar1=0 (00000000000000000000000000000000)

State 100 file /home/dell/zyworkspace/nichecker/Experiment/remarks2.1_LA_PPR/svp_simple_002/_mt_svp_simple_002_001_result/_cs_svp_simple_002_001_global_array[9999]_wwr_mt_svp_simple_002_001.c line 369 function svp_simple_002_001_isr_1_0 thread 0
----------------------------------------------------
  __cs_local_svp_simple_002_001_isr_1_loop_2_block_3=1807 (00000000000000000000011100001111)

State 101 file /home/dell/zyworkspace/nichecker/Experiment/remarks2.1_LA_PPR/svp_simple_002/_mt_svp_simple_002_001_result/_cs_svp_simple_002_001_global_array[9999]_wwr_mt_svp_simple_002_001.c line 371 function svp_simple_002_001_isr_1_0 thread 0
----------------------------------------------------
  __cs_local_svp_simple_002_001_isr_1_i=1807 (00000000000000000000011100001111)

State 104 file /home/dell/zyworkspace/nichecker/Experiment/remarks2.1_LA_PPR/svp_simple_002/_mt_svp_simple_002_001_result/_cs_svp_simple_002_001_global_array[9999]_wwr_mt_svp_simple_002_001.c line 381 function svp_simple_002_001_isr_1_0 thread 0
----------------------------------------------------
  __cs_local_svp_simple_002_001_isr_1___cs_tmp_if_cond_0=FALSE (00000000)

State 107 file /home/dell/zyworkspace/nichecker/Experiment/remarks2.1_LA_PPR/svp_simple_002/_mt_svp_simple_002_001_result/_cs_svp_simple_002_001_global_array[9999]_wwr_mt_svp_simple_002_001.c line 402 function svp_simple_002_001_isr_1_0 thread 0
----------------------------------------------------
  __cs_local_svp_simple_002_001_isr_1___cs_tmp_if_cond_1=FALSE (00000000)

State 110 file /home/dell/zyworkspace/nichecker/Experiment/remarks2.1_LA_PPR/svp_simple_002/_mt_svp_simple_002_001_result/_cs_svp_simple_002_001_global_array[9999]_wwr_mt_svp_simple_002_001.c line 424 function svp_simple_002_001_isr_1_0 thread 0
----------------------------------------------------
  __cs_local_svp_simple_002_001_isr_1_i=1808 (00000000000000000000011100010000)

State 111 file /home/dell/zyworkspace/nichecker/Experiment/remarks2.1_LA_PPR/svp_simple_002/_mt_svp_simple_002_001_result/_cs_svp_simple_002_001_global_array[9999]_wwr_mt_svp_simple_002_001.c line 429 function svp_simple_002_001_isr_1_0 thread 0
----------------------------------------------------
  __cs_local_svp_simple_002_001_isr_1_t_2=1 (00000000000000000000000000000001)

State 113 file /home/dell/zyworkspace/nichecker/Experiment/remarks2.1_LA_PPR/svp_simple_002/_mt_svp_simple_002_001_result/_cs_svp_simple_002_001_global_array[9999]_wwr_mt_svp_simple_002_001.c line 447 function svp_simple_002_001_isr_1_0 thread 0
----------------------------------------------------
  __cs_local_svp_simple_002_001_isr_1_loop_2_IOVar1=1808 (00000000000000000000011100010000)

State 114 file /home/dell/zyworkspace/nichecker/Experiment/remarks2.1_LA_PPR/svp_simple_002/_mt_svp_simple_002_001_result/_cs_svp_simple_002_001_global_array[9999]_wwr_mt_svp_simple_002_001.c line 449 function svp_simple_002_001_isr_1_0 thread 0
----------------------------------------------------
  __cs_local_svp_simple_002_001_isr_1_loop_2_block_3=8191 (00000000000000000001111111111111)

State 115 file /home/dell/zyworkspace/nichecker/Experiment/remarks2.1_LA_PPR/svp_simple_002/_mt_svp_simple_002_001_result/_cs_svp_simple_002_001_global_array[9999]_wwr_mt_svp_simple_002_001.c line 451 function svp_simple_002_001_isr_1_0 thread 0
----------------------------------------------------
  __cs_local_svp_simple_002_001_isr_1_i=9999 (00000000000000000010011100001111)

State 118 file /home/dell/zyworkspace/nichecker/Experiment/remarks2.1_LA_PPR/svp_simple_002/_mt_svp_simple_002_001_result/_cs_svp_simple_002_001_global_array[9999]_wwr_mt_svp_simple_002_001.c line 461 function svp_simple_002_001_isr_1_0 thread 0
----------------------------------------------------
  __cs_local_svp_simple_002_001_isr_1___cs_tmp_if_cond_0=TRUE (00000001)

State 120 file /home/dell/zyworkspace/nichecker/Experiment/remarks2.1_LA_PPR/svp_simple_002/_mt_svp_simple_002_001_result/_cs_svp_simple_002_001_global_array[9999]_wwr_mt_svp_simple_002_001.c line 467 function svp_simple_002_001_isr_1_0 thread 0
----------------------------------------------------
  svp_simple_002_001_global_array[9999l]=1 (00000000000000000000000000000001)

State 121 file /home/dell/zyworkspace/nichecker/Experiment/remarks2.1_LA_PPR/svp_simple_002/_mt_svp_simple_002_001_result/_cs_svp_simple_002_001_global_array[9999]_wwr_mt_svp_simple_002_001.c line 469 function svp_simple_002_001_isr_1_0 thread 0
----------------------------------------------------
  wwr_w_tmp2_num=1 (00000000000000000000000000000001)

State 122 file /home/dell/zyworkspace/nichecker/Experiment/remarks2.1_LA_PPR/svp_simple_002/_mt_svp_simple_002_001_result/_cs_svp_simple_002_001_global_array[9999]_wwr_mt_svp_simple_002_001.c line 470 function svp_simple_002_001_isr_1_0 thread 0
----------------------------------------------------
  wwr_w_tmp2=1 (00000000000000000000000000000001)

State 125 file /home/dell/zyworkspace/nichecker/Experiment/remarks2.1_LA_PPR/svp_simple_002/_mt_svp_simple_002_001_result/_cs_svp_simple_002_001_global_array[9999]_wwr_mt_svp_simple_002_001.c line 482 function svp_simple_002_001_isr_1_0 thread 0
----------------------------------------------------
  __cs_local_svp_simple_002_001_isr_1___cs_tmp_if_cond_1=FALSE (00000000)

State 128 file /home/dell/zyworkspace/nichecker/Experiment/remarks2.1_LA_PPR/svp_simple_002/_mt_svp_simple_002_001_result/_cs_svp_simple_002_001_global_array[9999]_wwr_mt_svp_simple_002_001.c line 504 function svp_simple_002_001_isr_1_0 thread 0
----------------------------------------------------
  __cs_local_svp_simple_002_001_isr_1_i=10000 (00000000000000000010011100010000)

State 129 file /home/dell/zyworkspace/nichecker/Experiment/remarks2.1_LA_PPR/svp_simple_002/_mt_svp_simple_002_001_result/_cs_svp_simple_002_001_global_array[9999]_wwr_mt_svp_simple_002_001.c line 509 function svp_simple_002_001_isr_1_0 thread 0
----------------------------------------------------
  __cs_local_svp_simple_002_001_isr_1_t_2=2 (00000000000000000000000000000010)

State 130 file /home/dell/zyworkspace/nichecker/Experiment/remarks2.1_LA_PPR/svp_simple_002/_mt_svp_simple_002_001_result/_cs_svp_simple_002_001_global_array[9999]_wwr_mt_svp_simple_002_001.c line 512 function svp_simple_002_001_isr_1_0 thread 0
----------------------------------------------------
  __cs_loop_2=FALSE (00000000)

State 134 file /home/dell/zyworkspace/nichecker/Experiment/remarks2.1_LA_PPR/svp_simple_002/_mt_svp_simple_002_001_result/_cs_svp_simple_002_001_global_array[9999]_wwr_mt_svp_simple_002_001.c line 550 function svp_simple_002_001_isr_1_0 thread 0
----------------------------------------------------
  __cs_value_ptr=NULL (0000000000000000000000000000000000000000000000000000000000000000)

State 139 file /home/dell/zyworkspace/nichecker/Experiment/remarks2.1_LA_PPR/svp_simple_002/_mt_svp_simple_002_001_result/_cs_svp_simple_002_001_global_array[9999]_wwr_mt_svp_simple_002_001.c line 719 function main thread 0
----------------------------------------------------
  __cs_pc[2l]=5 (101)

State 140 file /home/dell/zyworkspace/nichecker/Experiment/remarks2.1_LA_PPR/svp_simple_002/_mt_svp_simple_002_001_result/_cs_svp_simple_002_001_global_array[9999]_wwr_mt_svp_simple_002_001.c line 725 function main thread 0
----------------------------------------------------
  __cs_tmp_t3_r0=1 (1)

State 142 file /home/dell/zyworkspace/nichecker/Experiment/remarks2.1_LA_PPR/svp_simple_002/_mt_svp_simple_002_001_result/_cs_svp_simple_002_001_global_array[9999]_wwr_mt_svp_simple_002_001.c line 730 function main thread 0
----------------------------------------------------
  __cs_thread_index=3 (011)

State 143 file /home/dell/zyworkspace/nichecker/Experiment/remarks2.1_LA_PPR/svp_simple_002/_mt_svp_simple_002_001_result/_cs_svp_simple_002_001_global_array[9999]_wwr_mt_svp_simple_002_001.c line 732 function main thread 0
----------------------------------------------------
  __cs_pc_cs[3l]=1 (001)

State 148 file /home/dell/zyworkspace/nichecker/Experiment/remarks2.1_LA_PPR/svp_simple_002/_mt_svp_simple_002_001_result/_cs_svp_simple_002_001_global_array[9999]_wwr_mt_svp_simple_002_001.c line 738 function main thread 0
----------------------------------------------------
  __cs_param_svp_simple_002_001_isr_2_arg=NULL (0000000000000000000000000000000000000000000000000000000000000000)

State 150 file /home/dell/zyworkspace/nichecker/Experiment/remarks2.1_LA_PPR/svp_simple_002/_mt_svp_simple_002_001_result/_cs_svp_simple_002_001_global_array[9999]_wwr_mt_svp_simple_002_001.c line 563 function svp_simple_002_001_isr_2_0 thread 0
----------------------------------------------------
  __cs_local_svp_simple_002_001_isr_2_i=0 (00000000000000000000000000000000)

State 151 file /home/dell/zyworkspace/nichecker/Experiment/remarks2.1_LA_PPR/svp_simple_002/_mt_svp_simple_002_001_result/_cs_svp_simple_002_001_global_array[9999]_wwr_mt_svp_simple_002_001.c line 565 function svp_simple_002_001_isr_2_0 thread 0
----------------------------------------------------
  __cs_local_svp_simple_002_001_isr_2_i=0 (00000000000000000000000000000000)

State 152 file /home/dell/zyworkspace/nichecker/Experiment/remarks2.1_LA_PPR/svp_simple_002/_mt_svp_simple_002_001_result/_cs_svp_simple_002_001_global_array[9999]_wwr_mt_svp_simple_002_001.c line 572 function svp_simple_002_001_isr_2_0 thread 0
----------------------------------------------------
  __cs_local_svp_simple_002_001_isr_2_t_3=0 (00000000000000000000000000000000)

State 154 file /home/dell/zyworkspace/nichecker/Experiment/remarks2.1_LA_PPR/svp_simple_002/_mt_svp_simple_002_001_result/_cs_svp_simple_002_001_global_array[9999]_wwr_mt_svp_simple_002_001.c line 587 function svp_simple_002_001_isr_2_0 thread 0
----------------------------------------------------
  __cs_local_svp_simple_002_001_isr_2_loop_3_IOVar1=0 (00000000000000000000000000000000)

State 155 file /home/dell/zyworkspace/nichecker/Experiment/remarks2.1_LA_PPR/svp_simple_002/_mt_svp_simple_002_001_result/_cs_svp_simple_002_001_global_array[9999]_wwr_mt_svp_simple_002_001.c line 589 function svp_simple_002_001_isr_2_0 thread 0
----------------------------------------------------
  __cs_local_svp_simple_002_001_isr_2_loop_3_block_1=100 (00000000000000000000000001100100)

State 156 file /home/dell/zyworkspace/nichecker/Experiment/remarks2.1_LA_PPR/svp_simple_002/_mt_svp_simple_002_001_result/_cs_svp_simple_002_001_global_array[9999]_wwr_mt_svp_simple_002_001.c line 591 function svp_simple_002_001_isr_2_0 thread 0
----------------------------------------------------
  __cs_local_svp_simple_002_001_isr_2_i=100 (00000000000000000000000001100100)

State 159 file /home/dell/zyworkspace/nichecker/Experiment/remarks2.1_LA_PPR/svp_simple_002/_mt_svp_simple_002_001_result/_cs_svp_simple_002_001_global_array[9999]_wwr_mt_svp_simple_002_001.c line 602 function svp_simple_002_001_isr_2_0 thread 0
----------------------------------------------------
  __cs_local_svp_simple_002_001_isr_2_i=101 (00000000000000000000000001100101)

State 160 file /home/dell/zyworkspace/nichecker/Experiment/remarks2.1_LA_PPR/svp_simple_002/_mt_svp_simple_002_001_result/_cs_svp_simple_002_001_global_array[9999]_wwr_mt_svp_simple_002_001.c line 607 function svp_simple_002_001_isr_2_0 thread 0
----------------------------------------------------
  __cs_local_svp_simple_002_001_isr_2_t_3=1 (00000000000000000000000000000001)

State 165 file /home/dell/zyworkspace/nichecker/Experiment/remarks2.1_LA_PPR/svp_simple_002/_mt_svp_simple_002_001_result/_cs_svp_simple_002_001_global_array[9999]_wwr_mt_svp_simple_002_001.c line 661 function svp_simple_002_001_isr_2_0 thread 0
----------------------------------------------------
  svp_simple_002_001_global_array[9999l]=999 (00000000000000000000001111100111)

State 169 file /home/dell/zyworkspace/nichecker/Experiment/remarks2.1_LA_PPR/svp_simple_002/_mt_svp_simple_002_001_result/_cs_svp_simple_002_001_global_array[9999]_wwr_mt_svp_simple_002_001.c line 672 function svp_simple_002_001_isr_2_0 thread 0
----------------------------------------------------
  __cs_value_ptr=NULL (0000000000000000000000000000000000000000000000000000000000000000)

State 174 file /home/dell/zyworkspace/nichecker/Experiment/remarks2.1_LA_PPR/svp_simple_002/_mt_svp_simple_002_001_result/_cs_svp_simple_002_001_global_array[9999]_wwr_mt_svp_simple_002_001.c line 740 function main thread 0
----------------------------------------------------
  __cs_pc[3l]=1 (001)

State 175 file /home/dell/zyworkspace/nichecker/Experiment/remarks2.1_LA_PPR/svp_simple_002/_mt_svp_simple_002_001_result/_cs_svp_simple_002_001_global_array[9999]_wwr_mt_svp_simple_002_001.c line 750 function main thread 0
----------------------------------------------------
  __cs_tmp_t1_r1=0 (00)

State 181 file /home/dell/zyworkspace/nichecker/Experiment/remarks2.1_LA_PPR/svp_simple_002/_mt_svp_simple_002_001_result/_cs_svp_simple_002_001_global_array[9999]_wwr_mt_svp_simple_002_001.c line 771 function main thread 0
----------------------------------------------------
  __cs_tmp_t2_r1=6 (110)

State 183 file /home/dell/zyworkspace/nichecker/Experiment/remarks2.1_LA_PPR/svp_simple_002/_mt_svp_simple_002_001_result/_cs_svp_simple_002_001_global_array[9999]_wwr_mt_svp_simple_002_001.c line 776 function main thread 0
----------------------------------------------------
  __cs_thread_index=2 (010)

State 184 file /home/dell/zyworkspace/nichecker/Experiment/remarks2.1_LA_PPR/svp_simple_002/_mt_svp_simple_002_001_result/_cs_svp_simple_002_001_global_array[9999]_wwr_mt_svp_simple_002_001.c line 778 function main thread 0
----------------------------------------------------
  __cs_pc_cs[2l]=6 (110)

State 189 file /home/dell/zyworkspace/nichecker/Experiment/remarks2.1_LA_PPR/svp_simple_002/_mt_svp_simple_002_001_result/_cs_svp_simple_002_001_global_array[9999]_wwr_mt_svp_simple_002_001.c line 784 function main thread 0
----------------------------------------------------
  __cs_param_svp_simple_002_001_isr_1_arg=NULL (0000000000000000000000000000000000000000000000000000000000000000)

State 199 file /home/dell/zyworkspace/nichecker/Experiment/remarks2.1_LA_PPR/svp_simple_002/_mt_svp_simple_002_001_result/_cs_svp_simple_002_001_global_array[9999]_wwr_mt_svp_simple_002_001.c line 530 function svp_simple_002_001_isr_1_0 thread 0
----------------------------------------------------
  __cs_local_svp_simple_002_001_isr_1_mininum=989 (00000000000000000000001111011101)

State 200 file /home/dell/zyworkspace/nichecker/Experiment/remarks2.1_LA_PPR/svp_simple_002/_mt_svp_simple_002_001_result/_cs_svp_simple_002_001_global_array[9999]_wwr_mt_svp_simple_002_001.c line 532 function svp_simple_002_001_isr_1_0 thread 0
----------------------------------------------------
  wwr_r1=999 (00000000000000000000001111100111)

Violated property:
  file /home/dell/zyworkspace/nichecker/Experiment/remarks2.1_LA_PPR/svp_simple_002/_mt_svp_simple_002_001_result/_cs_svp_simple_002_001_global_array[9999]_wwr_mt_svp_simple_002_001.c line 534 function svp_simple_002_001_isr_1_0
  assertion wwr_r1 == wwr_w_tmp2
  wwr_r1 == wwr_w_tmp2


** 1 of 1 failed (1 iteration)
VERIFICATION FAILED
