2023-10-15 16:47:19
SVPCheck: True	LoopAbstraction: True	LabelReduction: False	Slice: False	

SVPCheck var: svp_simple_004_001_global_var1	pattern: rwr
--------------------------Run start-------------------------------
inliner
slice
LoopAbstraction
unroller
insertLabel
lazyseq
feeder  0.206
[91mUNSAFE[0m, counterexample: 1, time: 1.755 s, memory: 30.00 MB
--------------------------Run end---------------------------------
SVPCheck var: svp_simple_004_001_global_var2	pattern: rwr
--------------------------Run start-------------------------------
inliner
slice
LoopAbstraction
unroller
insertLabel
lazyseq
feeder  0.202
[92mSAFE[0m, counterexample: 0, time: 1.822 s, memory: 29.91 MB
--------------------------Run end---------------------------------
SVPCheck var: svp_simple_004_001_global_var3	pattern: rwr
--------------------------Run start-------------------------------
inliner
slice
LoopAbstraction
unroller
insertLabel
lazyseq
feeder  0.203
[92mSAFE[0m, counterexample: 0, time: 1.753 s, memory: 29.95 MB
--------------------------Run end---------------------------------
cbmcTimeSum: 0.611
modulesTimeSum: 5.33
