CBMC version 5.6 64-bit x86_64 linux
Parsing /home/dell/zyworkspace/nichecker/Experiment/remarks2.1/svp_simple_022/_mt_svp_simple_022_001_result/_cs_svp_simple_022_001_global_var1_rwr_mt_svp_simple_022_001.c
<command-line>: warning: "__STDC_VERSION__" redefined
<built-in>: note: this is the location of the previous definition
Converting
Type-checking _cs_svp_simple_022_001_global_var1_rwr_mt_svp_simple_022_001
file /home/dell/zyworkspace/nichecker/Experiment/remarks2.1/svp_simple_022/_mt_svp_simple_022_001_result/_cs_svp_simple_022_001_global_var1_rwr_mt_svp_simple_022_001.c line 194 function svp_simple_022_001_isr_1_0: function `nondet_rand' is not declared
file /home/dell/zyworkspace/nichecker/Experiment/remarks2.1/svp_simple_022/_mt_svp_simple_022_001_result/_cs_svp_simple_022_001_global_var1_rwr_mt_svp_simple_022_001.c line 246 function main_task_0: function `assert' is not declared
Generating GOTO Program
Adding CPROVER library (x86_64)
Removal of function pointers and virtual functions
Partial Inlining
Generic Property Instrumentation
Starting Bounded Model Checking
**** WARNING: no body for function enable_isr
size of program expression: 422 steps
simple slicing removed 23 assignments
Generated 5 VCC(s), 5 remaining after simplification
Passing problem to propositional reduction
converting SSA
Running propositional reduction
Post-processing
Solving with MiniSAT 2.2.1 with simplifier
1684 variables, 3921 clauses
SAT checker: instance is SATISFIABLE
Solving with MiniSAT 2.2.1 with simplifier
1684 variables, 1289 clauses
SAT checker inconsistent: instance is UNSATISFIABLE
Runtime decision procedure: 0.01s

** Results:
[main_task_0.assertion.1] assertion rwr_r1 == rwr_tmp1: SUCCESS
[main_task_0.assertion.2] assertion rwr_r2 == rwr_tmp1: SUCCESS
[main_task_0.assertion.3] assertion rwr_r3 == rwr_tmp1: FAILURE

Trace for main_task_0.assertion.3:

State 44 file /home/dell/zyworkspace/nichecker/Experiment/remarks2.1/svp_simple_022/_mt_svp_simple_022_001_result/_cs_svp_simple_022_001_global_var1_rwr_mt_svp_simple_022_001.c line 342 function main thread 0
----------------------------------------------------
  __cs_tmp_t1_r0=1 (001)

State 46 file /home/dell/zyworkspace/nichecker/Experiment/remarks2.1/svp_simple_022/_mt_svp_simple_022_001_result/_cs_svp_simple_022_001_global_var1_rwr_mt_svp_simple_022_001.c line 346 function main thread 0
----------------------------------------------------
  __cs_thread_index=1 (01)

State 47 file /home/dell/zyworkspace/nichecker/Experiment/remarks2.1/svp_simple_022/_mt_svp_simple_022_001_result/_cs_svp_simple_022_001_global_var1_rwr_mt_svp_simple_022_001.c line 348 function main thread 0
----------------------------------------------------
  __cs_pc_cs[1l]=1 (001)

State 52 file /home/dell/zyworkspace/nichecker/Experiment/remarks2.1/svp_simple_022/_mt_svp_simple_022_001_result/_cs_svp_simple_022_001_global_var1_rwr_mt_svp_simple_022_001.c line 354 function main thread 0
----------------------------------------------------
  __cs_param_main_task_arg=NULL (0000000000000000000000000000000000000000000000000000000000000000)

State 54 file /home/dell/zyworkspace/nichecker/Experiment/remarks2.1/svp_simple_022/_mt_svp_simple_022_001_result/_cs_svp_simple_022_001_global_var1_rwr_mt_svp_simple_022_001.c line 214 function main_task_0 thread 0
----------------------------------------------------
  svp_simple_022_001_global_var1=32 (00000000000000000000000000100000)

State 58 file /home/dell/zyworkspace/nichecker/Experiment/remarks2.1/svp_simple_022/_mt_svp_simple_022_001_result/_cs_svp_simple_022_001_global_var1_rwr_mt_svp_simple_022_001.c line 220 function main_task_0 thread 0
----------------------------------------------------
  __cs_disable_thread[2l]=0 (0)

State 59 file /home/dell/zyworkspace/nichecker/Experiment/remarks2.1/svp_simple_022/_mt_svp_simple_022_001_result/_cs_svp_simple_022_001_global_var1_rwr_mt_svp_simple_022_001.c line 223 function main_task_0 thread 0
----------------------------------------------------
  __cs_disable_thread[0l]=0 (0)

State 66 file /home/dell/zyworkspace/nichecker/Experiment/remarks2.1/svp_simple_022/_mt_svp_simple_022_001_result/_cs_svp_simple_022_001_global_var1_rwr_mt_svp_simple_022_001.c line 330 function main_task_0 thread 0
----------------------------------------------------
  __cs_value_ptr=NULL (0000000000000000000000000000000000000000000000000000000000000000)

State 71 file /home/dell/zyworkspace/nichecker/Experiment/remarks2.1/svp_simple_022/_mt_svp_simple_022_001_result/_cs_svp_simple_022_001_global_var1_rwr_mt_svp_simple_022_001.c line 356 function main thread 0
----------------------------------------------------
  __cs_pc[1l]=1 (001)

State 72 file /home/dell/zyworkspace/nichecker/Experiment/remarks2.1/svp_simple_022/_mt_svp_simple_022_001_result/_cs_svp_simple_022_001_global_var1_rwr_mt_svp_simple_022_001.c line 362 function main thread 0
----------------------------------------------------
  __cs_tmp_t2_r0=0 (0)

State 74 file /home/dell/zyworkspace/nichecker/Experiment/remarks2.1/svp_simple_022/_mt_svp_simple_022_001_result/_cs_svp_simple_022_001_global_var1_rwr_mt_svp_simple_022_001.c line 367 function main thread 0
----------------------------------------------------
  __cs_thread_index=2 (10)

State 75 file /home/dell/zyworkspace/nichecker/Experiment/remarks2.1/svp_simple_022/_mt_svp_simple_022_001_result/_cs_svp_simple_022_001_global_var1_rwr_mt_svp_simple_022_001.c line 369 function main thread 0
----------------------------------------------------
  __cs_pc_cs[2l]=0 (000)

State 80 file /home/dell/zyworkspace/nichecker/Experiment/remarks2.1/svp_simple_022/_mt_svp_simple_022_001_result/_cs_svp_simple_022_001_global_var1_rwr_mt_svp_simple_022_001.c line 375 function main thread 0
----------------------------------------------------
  __cs_param_svp_simple_022_001_isr_1_arg=NULL (0000000000000000000000000000000000000000000000000000000000000000)

State 84 file /home/dell/zyworkspace/nichecker/Experiment/remarks2.1/svp_simple_022/_mt_svp_simple_022_001_result/_cs_svp_simple_022_001_global_var1_rwr_mt_svp_simple_022_001.c line 205 function svp_simple_022_001_isr_1_0 thread 0
----------------------------------------------------
  __cs_value_ptr=NULL (0000000000000000000000000000000000000000000000000000000000000000)

State 89 file /home/dell/zyworkspace/nichecker/Experiment/remarks2.1/svp_simple_022/_mt_svp_simple_022_001_result/_cs_svp_simple_022_001_global_var1_rwr_mt_svp_simple_022_001.c line 377 function main thread 0
----------------------------------------------------
  __cs_pc[2l]=0 (000)

State 90 file /home/dell/zyworkspace/nichecker/Experiment/remarks2.1/svp_simple_022/_mt_svp_simple_022_001_result/_cs_svp_simple_022_001_global_var1_rwr_mt_svp_simple_022_001.c line 387 function main thread 0
----------------------------------------------------
  __cs_tmp_t1_r1=3 (011)

State 92 file /home/dell/zyworkspace/nichecker/Experiment/remarks2.1/svp_simple_022/_mt_svp_simple_022_001_result/_cs_svp_simple_022_001_global_var1_rwr_mt_svp_simple_022_001.c line 392 function main thread 0
----------------------------------------------------
  __cs_thread_index=1 (01)

State 93 file /home/dell/zyworkspace/nichecker/Experiment/remarks2.1/svp_simple_022/_mt_svp_simple_022_001_result/_cs_svp_simple_022_001_global_var1_rwr_mt_svp_simple_022_001.c line 394 function main thread 0
----------------------------------------------------
  __cs_pc_cs[1l]=3 (011)

State 98 file /home/dell/zyworkspace/nichecker/Experiment/remarks2.1/svp_simple_022/_mt_svp_simple_022_001_result/_cs_svp_simple_022_001_global_var1_rwr_mt_svp_simple_022_001.c line 400 function main thread 0
----------------------------------------------------
  __cs_param_main_task_arg=NULL (0000000000000000000000000000000000000000000000000000000000000000)

State 101 file /home/dell/zyworkspace/nichecker/Experiment/remarks2.1/svp_simple_022/_mt_svp_simple_022_001_result/_cs_svp_simple_022_001_global_var1_rwr_mt_svp_simple_022_001.c line 235 function main_task_0 thread 0
----------------------------------------------------
  svp_simple_022_001_global_var1=0 (00000000000000000000000000000000)

State 102 file /home/dell/zyworkspace/nichecker/Experiment/remarks2.1/svp_simple_022/_mt_svp_simple_022_001_result/_cs_svp_simple_022_001_global_var1_rwr_mt_svp_simple_022_001.c line 242 function main_task_0 thread 0
----------------------------------------------------
  __cs_local_main_task___cs_tmp_if_cond_0=FALSE (00000000)

State 103 file /home/dell/zyworkspace/nichecker/Experiment/remarks2.1/svp_simple_022/_mt_svp_simple_022_001_result/_cs_svp_simple_022_001_global_var1_rwr_mt_svp_simple_022_001.c line 244 function main_task_0 thread 0
----------------------------------------------------
  rwr_r1=0 (00000000000000000000000000000000)

State 105 file /home/dell/zyworkspace/nichecker/Experiment/remarks2.1/svp_simple_022/_mt_svp_simple_022_001_result/_cs_svp_simple_022_001_global_var1_rwr_mt_svp_simple_022_001.c line 248 function main_task_0 thread 0
----------------------------------------------------
  rwr_tmp1_num=1 (00000000000000000000000000000001)

State 106 file /home/dell/zyworkspace/nichecker/Experiment/remarks2.1/svp_simple_022/_mt_svp_simple_022_001_result/_cs_svp_simple_022_001_global_var1_rwr_mt_svp_simple_022_001.c line 249 function main_task_0 thread 0
----------------------------------------------------
  rwr_tmp1=0 (00000000000000000000000000000000)

State 109 file /home/dell/zyworkspace/nichecker/Experiment/remarks2.1/svp_simple_022/_mt_svp_simple_022_001_result/_cs_svp_simple_022_001_global_var1_rwr_mt_svp_simple_022_001.c line 267 function main_task_0 thread 0
----------------------------------------------------
  svp_simple_022_001_global_var1=0 (00000000000000000000000000000000)

State 110 file /home/dell/zyworkspace/nichecker/Experiment/remarks2.1/svp_simple_022/_mt_svp_simple_022_001_result/_cs_svp_simple_022_001_global_var1_rwr_mt_svp_simple_022_001.c line 269 function main_task_0 thread 0
----------------------------------------------------
  rwr_tmp1_num=0 (00000000000000000000000000000000)

State 111 file /home/dell/zyworkspace/nichecker/Experiment/remarks2.1/svp_simple_022/_mt_svp_simple_022_001_result/_cs_svp_simple_022_001_global_var1_rwr_mt_svp_simple_022_001.c line 284 function main_task_0 thread 0
----------------------------------------------------
  __cs_local_main_task_i=0 (00000000000000000000000000000000)

State 112 file /home/dell/zyworkspace/nichecker/Experiment/remarks2.1/svp_simple_022/_mt_svp_simple_022_001_result/_cs_svp_simple_022_001_global_var1_rwr_mt_svp_simple_022_001.c line 289 function main_task_0 thread 0
----------------------------------------------------
  svp_simple_022_001_global_var3=0 (00000000000000000000000000000000)

State 113 file /home/dell/zyworkspace/nichecker/Experiment/remarks2.1/svp_simple_022/_mt_svp_simple_022_001_result/_cs_svp_simple_022_001_global_var1_rwr_mt_svp_simple_022_001.c line 291 function main_task_0 thread 0
----------------------------------------------------
  rwr_r2=0 (00000000000000000000000000000000)

State 115 file /home/dell/zyworkspace/nichecker/Experiment/remarks2.1/svp_simple_022/_mt_svp_simple_022_001_result/_cs_svp_simple_022_001_global_var1_rwr_mt_svp_simple_022_001.c line 295 function main_task_0 thread 0
----------------------------------------------------
  rwr_tmp1_num=1 (00000000000000000000000000000001)

State 116 file /home/dell/zyworkspace/nichecker/Experiment/remarks2.1/svp_simple_022/_mt_svp_simple_022_001_result/_cs_svp_simple_022_001_global_var1_rwr_mt_svp_simple_022_001.c line 296 function main_task_0 thread 0
----------------------------------------------------
  rwr_tmp1=0 (00000000000000000000000000000000)

State 121 file /home/dell/zyworkspace/nichecker/Experiment/remarks2.1/svp_simple_022/_mt_svp_simple_022_001_result/_cs_svp_simple_022_001_global_var1_rwr_mt_svp_simple_022_001.c line 330 function main_task_0 thread 0
----------------------------------------------------
  __cs_value_ptr=NULL (0000000000000000000000000000000000000000000000000000000000000000)

State 126 file /home/dell/zyworkspace/nichecker/Experiment/remarks2.1/svp_simple_022/_mt_svp_simple_022_001_result/_cs_svp_simple_022_001_global_var1_rwr_mt_svp_simple_022_001.c line 402 function main thread 0
----------------------------------------------------
  __cs_pc[1l]=3 (011)

State 127 file /home/dell/zyworkspace/nichecker/Experiment/remarks2.1/svp_simple_022/_mt_svp_simple_022_001_result/_cs_svp_simple_022_001_global_var1_rwr_mt_svp_simple_022_001.c line 408 function main thread 0
----------------------------------------------------
  __cs_tmp_t2_r1=1 (1)

State 129 file /home/dell/zyworkspace/nichecker/Experiment/remarks2.1/svp_simple_022/_mt_svp_simple_022_001_result/_cs_svp_simple_022_001_global_var1_rwr_mt_svp_simple_022_001.c line 413 function main thread 0
----------------------------------------------------
  __cs_thread_index=2 (10)

State 130 file /home/dell/zyworkspace/nichecker/Experiment/remarks2.1/svp_simple_022/_mt_svp_simple_022_001_result/_cs_svp_simple_022_001_global_var1_rwr_mt_svp_simple_022_001.c line 415 function main thread 0
----------------------------------------------------
  __cs_pc_cs[2l]=1 (001)

State 135 file /home/dell/zyworkspace/nichecker/Experiment/remarks2.1/svp_simple_022/_mt_svp_simple_022_001_result/_cs_svp_simple_022_001_global_var1_rwr_mt_svp_simple_022_001.c line 421 function main thread 0
----------------------------------------------------
  __cs_param_svp_simple_022_001_isr_1_arg=NULL (0000000000000000000000000000000000000000000000000000000000000000)

State 137 file /home/dell/zyworkspace/nichecker/Experiment/remarks2.1/svp_simple_022/_mt_svp_simple_022_001_result/_cs_svp_simple_022_001_global_var1_rwr_mt_svp_simple_022_001.c line 194 function svp_simple_022_001_isr_1_0 thread 0
----------------------------------------------------
  svp_simple_022_001_global_var1=8 (00000000000000000000000000001000)

State 141 file /home/dell/zyworkspace/nichecker/Experiment/remarks2.1/svp_simple_022/_mt_svp_simple_022_001_result/_cs_svp_simple_022_001_global_var1_rwr_mt_svp_simple_022_001.c line 205 function svp_simple_022_001_isr_1_0 thread 0
----------------------------------------------------
  __cs_value_ptr=NULL (0000000000000000000000000000000000000000000000000000000000000000)

State 146 file /home/dell/zyworkspace/nichecker/Experiment/remarks2.1/svp_simple_022/_mt_svp_simple_022_001_result/_cs_svp_simple_022_001_global_var1_rwr_mt_svp_simple_022_001.c line 423 function main thread 0
----------------------------------------------------
  __cs_pc[2l]=1 (001)

State 147 file /home/dell/zyworkspace/nichecker/Experiment/remarks2.1/svp_simple_022/_mt_svp_simple_022_001_result/_cs_svp_simple_022_001_global_var1_rwr_mt_svp_simple_022_001.c line 427 function main thread 0
----------------------------------------------------
  __cs_tmp_t1_r2=4u (00000000000000000000000000000100)

State 149 file /home/dell/zyworkspace/nichecker/Experiment/remarks2.1/svp_simple_022/_mt_svp_simple_022_001_result/_cs_svp_simple_022_001_global_var1_rwr_mt_svp_simple_022_001.c line 432 function main thread 0
----------------------------------------------------
  __cs_thread_index=1 (01)

State 150 file /home/dell/zyworkspace/nichecker/Experiment/remarks2.1/svp_simple_022/_mt_svp_simple_022_001_result/_cs_svp_simple_022_001_global_var1_rwr_mt_svp_simple_022_001.c line 434 function main thread 0
----------------------------------------------------
  __cs_pc_cs[1l]=4 (100)

State 155 file /home/dell/zyworkspace/nichecker/Experiment/remarks2.1/svp_simple_022/_mt_svp_simple_022_001_result/_cs_svp_simple_022_001_global_var1_rwr_mt_svp_simple_022_001.c line 440 function main thread 0
----------------------------------------------------
  __cs_param_main_task_arg=NULL (0000000000000000000000000000000000000000000000000000000000000000)

State 160 file /home/dell/zyworkspace/nichecker/Experiment/remarks2.1/svp_simple_022/_mt_svp_simple_022_001_result/_cs_svp_simple_022_001_global_var1_rwr_mt_svp_simple_022_001.c line 308 function main_task_0 thread 0
----------------------------------------------------
  svp_simple_022_001_global_var3=8 (00000000000000000000000000001000)

State 161 file /home/dell/zyworkspace/nichecker/Experiment/remarks2.1/svp_simple_022/_mt_svp_simple_022_001_result/_cs_svp_simple_022_001_global_var1_rwr_mt_svp_simple_022_001.c line 310 function main_task_0 thread 0
----------------------------------------------------
  rwr_r3=8 (00000000000000000000000000001000)

Violated property:
  file /home/dell/zyworkspace/nichecker/Experiment/remarks2.1/svp_simple_022/_mt_svp_simple_022_001_result/_cs_svp_simple_022_001_global_var1_rwr_mt_svp_simple_022_001.c line 312 function main_task_0
  assertion rwr_r3 == rwr_tmp1
  rwr_r3 == rwr_tmp1


** 1 of 3 failed (2 iterations)
VERIFICATION FAILED
