CBMC version 5.6 64-bit x86_64 linux
Parsing /home/dell/zyworkspace/nichecker/Experiment/remarks2.1_LA_Slicing/svp_simple_018/_mt_svp_simple_018_001_result/_cs_svp_simple_018_001_para1_rwr_mt_svp_simple_018_001.c
<command-line>: warning: "__STDC_VERSION__" redefined
<built-in>: note: this is the location of the previous definition
Converting
Type-checking _cs_svp_simple_018_001_para1_rwr_mt_svp_simple_018_001
file /home/dell/zyworkspace/nichecker/Experiment/remarks2.1_LA_Slicing/svp_simple_018/_mt_svp_simple_018_001_result/_cs_svp_simple_018_001_para1_rwr_mt_svp_simple_018_001.c line 162 function main_task_0: function `enable_isr' is not declared
file /home/dell/zyworkspace/nichecker/Experiment/remarks2.1_LA_Slicing/svp_simple_018/_mt_svp_simple_018_001_result/_cs_svp_simple_018_001_para1_rwr_mt_svp_simple_018_001.c line 187 function main_task_0: function `__cs_init_scalar' is not declared
file /home/dell/zyworkspace/nichecker/Experiment/remarks2.1_LA_Slicing/svp_simple_018/_mt_svp_simple_018_001_result/_cs_svp_simple_018_001_para1_rwr_mt_svp_simple_018_001.c line 200 function main_task_0: function `assert' is not declared
Generating GOTO Program
Adding CPROVER library (x86_64)
Removal of function pointers and virtual functions
Partial Inlining
Generic Property Instrumentation
Starting Bounded Model Checking
**** WARNING: no body for function enable_isr
**** WARNING: no body for function __cs_init_scalar
size of program expression: 509 steps
simple slicing removed 26 assignments
Generated 5 VCC(s), 4 remaining after simplification
Passing problem to propositional reduction
converting SSA
Running propositional reduction
Post-processing
Solving with MiniSAT 2.2.1 with simplifier
5850 variables, 20249 clauses
SAT checker: instance is SATISFIABLE
Solving with MiniSAT 2.2.1 with simplifier
5850 variables, 204 clauses
SAT checker: instance is UNSATISFIABLE
Runtime decision procedure: 0.046s

** Results:
[main_task_0.assertion.1] assertion IEEE_FLOAT_EQUAL(rwr_r1, rwr_tmp1): SUCCESS
[main_task_0.assertion.2] assertion IEEE_FLOAT_EQUAL(rwr_r2, rwr_tmp1): FAILURE

Trace for main_task_0.assertion.2:

State 50 file /home/dell/zyworkspace/nichecker/Experiment/remarks2.1_LA_Slicing/svp_simple_018/_mt_svp_simple_018_001_result/_cs_svp_simple_018_001_para1_rwr_mt_svp_simple_018_001.c line 329 function main thread 0
----------------------------------------------------
  __cs_tmp_t1_r0=2 (010)

State 52 file /home/dell/zyworkspace/nichecker/Experiment/remarks2.1_LA_Slicing/svp_simple_018/_mt_svp_simple_018_001_result/_cs_svp_simple_018_001_para1_rwr_mt_svp_simple_018_001.c line 333 function main thread 0
----------------------------------------------------
  __cs_thread_index=1 (001)

State 53 file /home/dell/zyworkspace/nichecker/Experiment/remarks2.1_LA_Slicing/svp_simple_018/_mt_svp_simple_018_001_result/_cs_svp_simple_018_001_para1_rwr_mt_svp_simple_018_001.c line 335 function main thread 0
----------------------------------------------------
  __cs_pc_cs[1l]=2 (010)

State 58 file /home/dell/zyworkspace/nichecker/Experiment/remarks2.1_LA_Slicing/svp_simple_018/_mt_svp_simple_018_001_result/_cs_svp_simple_018_001_para1_rwr_mt_svp_simple_018_001.c line 341 function main thread 0
----------------------------------------------------
  __cs_param_main_task_arg=NULL (0000000000000000000000000000000000000000000000000000000000000000)

State 63 file /home/dell/zyworkspace/nichecker/Experiment/remarks2.1_LA_Slicing/svp_simple_018/_mt_svp_simple_018_001_result/_cs_svp_simple_018_001_para1_rwr_mt_svp_simple_018_001.c line 164 function main_task_0 thread 0
----------------------------------------------------
  __cs_disable_thread[3l]=0 (0)

State 64 file /home/dell/zyworkspace/nichecker/Experiment/remarks2.1_LA_Slicing/svp_simple_018/_mt_svp_simple_018_001_result/_cs_svp_simple_018_001_para1_rwr_mt_svp_simple_018_001.c line 167 function main_task_0 thread 0
----------------------------------------------------
  __cs_disable_thread[2l]=0 (0)

State 65 file /home/dell/zyworkspace/nichecker/Experiment/remarks2.1_LA_Slicing/svp_simple_018/_mt_svp_simple_018_001_result/_cs_svp_simple_018_001_para1_rwr_mt_svp_simple_018_001.c line 170 function main_task_0 thread 0
----------------------------------------------------
  __cs_disable_thread[0l]=0 (0)

State 66 file /home/dell/zyworkspace/nichecker/Experiment/remarks2.1_LA_Slicing/svp_simple_018/_mt_svp_simple_018_001_result/_cs_svp_simple_018_001_para1_rwr_mt_svp_simple_018_001.c line 179 function main_task_0 thread 0
----------------------------------------------------
  __cs_local_main_task_svp_simple_018_001_perimete=0.000000f (00000000000000000000000000000000)

State 67 file /home/dell/zyworkspace/nichecker/Experiment/remarks2.1_LA_Slicing/svp_simple_018/_mt_svp_simple_018_001_result/_cs_svp_simple_018_001_para1_rwr_mt_svp_simple_018_001.c line 183 function main_task_0 thread 0
----------------------------------------------------
  __cs_local_main_task_svp_simple_018_001_area=0.000000f (00000000000000000000000000000000)

State 71 file /home/dell/zyworkspace/nichecker/Experiment/remarks2.1_LA_Slicing/svp_simple_018/_mt_svp_simple_018_001_result/_cs_svp_simple_018_001_para1_rwr_mt_svp_simple_018_001.c line 191 function main_task_0 thread 0
----------------------------------------------------
  __cs_local_main_task_perimete=0.000000f (00000000000000000000000000000000)

State 73 file /home/dell/zyworkspace/nichecker/Experiment/remarks2.1_LA_Slicing/svp_simple_018/_mt_svp_simple_018_001_result/_cs_svp_simple_018_001_para1_rwr_mt_svp_simple_018_001.c line 196 function main_task_0 thread 0
----------------------------------------------------
  __cs_local_main_task_perimete=0.000000f (00000000000000000000000000000000)

State 74 file /home/dell/zyworkspace/nichecker/Experiment/remarks2.1_LA_Slicing/svp_simple_018/_mt_svp_simple_018_001_result/_cs_svp_simple_018_001_para1_rwr_mt_svp_simple_018_001.c line 198 function main_task_0 thread 0
----------------------------------------------------
  rwr_r1=0.000000f (00000000000000000000000000000000)

State 76 file /home/dell/zyworkspace/nichecker/Experiment/remarks2.1_LA_Slicing/svp_simple_018/_mt_svp_simple_018_001_result/_cs_svp_simple_018_001_para1_rwr_mt_svp_simple_018_001.c line 202 function main_task_0 thread 0
----------------------------------------------------
  rwr_tmp1_num=1 (00000000000000000000000000000001)

State 77 file /home/dell/zyworkspace/nichecker/Experiment/remarks2.1_LA_Slicing/svp_simple_018/_mt_svp_simple_018_001_result/_cs_svp_simple_018_001_para1_rwr_mt_svp_simple_018_001.c line 203 function main_task_0 thread 0
----------------------------------------------------
  rwr_tmp1=0.000000f (00000000000000000000000000000000)

State 81 file /home/dell/zyworkspace/nichecker/Experiment/remarks2.1_LA_Slicing/svp_simple_018/_mt_svp_simple_018_001_result/_cs_svp_simple_018_001_para1_rwr_mt_svp_simple_018_001.c line 215 function main_task_0 thread 0
----------------------------------------------------
  __cs_local_main_task_area=0.000000f (00000000000000000000000000000000)

State 86 file /home/dell/zyworkspace/nichecker/Experiment/remarks2.1_LA_Slicing/svp_simple_018/_mt_svp_simple_018_001_result/_cs_svp_simple_018_001_para1_rwr_mt_svp_simple_018_001.c line 250 function main_task_0 thread 0
----------------------------------------------------
  __cs_value_ptr=NULL (0000000000000000000000000000000000000000000000000000000000000000)

State 91 file /home/dell/zyworkspace/nichecker/Experiment/remarks2.1_LA_Slicing/svp_simple_018/_mt_svp_simple_018_001_result/_cs_svp_simple_018_001_para1_rwr_mt_svp_simple_018_001.c line 343 function main thread 0
----------------------------------------------------
  __cs_pc[1l]=2 (010)

State 92 file /home/dell/zyworkspace/nichecker/Experiment/remarks2.1_LA_Slicing/svp_simple_018/_mt_svp_simple_018_001_result/_cs_svp_simple_018_001_para1_rwr_mt_svp_simple_018_001.c line 349 function main thread 0
----------------------------------------------------
  __cs_tmp_t2_r0=2 (10)

State 94 file /home/dell/zyworkspace/nichecker/Experiment/remarks2.1_LA_Slicing/svp_simple_018/_mt_svp_simple_018_001_result/_cs_svp_simple_018_001_para1_rwr_mt_svp_simple_018_001.c line 354 function main thread 0
----------------------------------------------------
  __cs_thread_index=2 (010)

State 95 file /home/dell/zyworkspace/nichecker/Experiment/remarks2.1_LA_Slicing/svp_simple_018/_mt_svp_simple_018_001_result/_cs_svp_simple_018_001_para1_rwr_mt_svp_simple_018_001.c line 356 function main thread 0
----------------------------------------------------
  __cs_pc_cs[2l]=2 (010)

State 100 file /home/dell/zyworkspace/nichecker/Experiment/remarks2.1_LA_Slicing/svp_simple_018/_mt_svp_simple_018_001_result/_cs_svp_simple_018_001_para1_rwr_mt_svp_simple_018_001.c line 362 function main thread 0
----------------------------------------------------
  __cs_param_svp_simple_018_001_isr_1_arg=NULL (0000000000000000000000000000000000000000000000000000000000000000)

State 102 file /home/dell/zyworkspace/nichecker/Experiment/remarks2.1_LA_Slicing/svp_simple_018/_mt_svp_simple_018_001_result/_cs_svp_simple_018_001_para1_rwr_mt_svp_simple_018_001.c line 297 function svp_simple_018_001_isr_1_0 thread 0
----------------------------------------------------
  __cs_local_svp_simple_018_001_isr_1_i=0 (00000000000000000000000000000000)

State 104 file /home/dell/zyworkspace/nichecker/Experiment/remarks2.1_LA_Slicing/svp_simple_018/_mt_svp_simple_018_001_result/_cs_svp_simple_018_001_para1_rwr_mt_svp_simple_018_001.c line 303 function svp_simple_018_001_isr_1_0 thread 0
----------------------------------------------------
  svp_simple_018_001_para1=2.000000f (01000000000000000000000000000000)

State 105 file /home/dell/zyworkspace/nichecker/Experiment/remarks2.1_LA_Slicing/svp_simple_018/_mt_svp_simple_018_001_result/_cs_svp_simple_018_001_para1_rwr_mt_svp_simple_018_001.c line 305 function svp_simple_018_001_isr_1_0 thread 0
----------------------------------------------------
  rwr_tmp2_num=0 (00000000000000000000000000000000)

State 109 file /home/dell/zyworkspace/nichecker/Experiment/remarks2.1_LA_Slicing/svp_simple_018/_mt_svp_simple_018_001_result/_cs_svp_simple_018_001_para1_rwr_mt_svp_simple_018_001.c line 317 function svp_simple_018_001_isr_1_0 thread 0
----------------------------------------------------
  __cs_value_ptr=NULL (0000000000000000000000000000000000000000000000000000000000000000)

State 114 file /home/dell/zyworkspace/nichecker/Experiment/remarks2.1_LA_Slicing/svp_simple_018/_mt_svp_simple_018_001_result/_cs_svp_simple_018_001_para1_rwr_mt_svp_simple_018_001.c line 364 function main thread 0
----------------------------------------------------
  __cs_pc[2l]=2 (010)

State 115 file /home/dell/zyworkspace/nichecker/Experiment/remarks2.1_LA_Slicing/svp_simple_018/_mt_svp_simple_018_001_result/_cs_svp_simple_018_001_para1_rwr_mt_svp_simple_018_001.c line 370 function main thread 0
----------------------------------------------------
  __cs_tmp_t3_r0=1 (1)

State 117 file /home/dell/zyworkspace/nichecker/Experiment/remarks2.1_LA_Slicing/svp_simple_018/_mt_svp_simple_018_001_result/_cs_svp_simple_018_001_para1_rwr_mt_svp_simple_018_001.c line 375 function main thread 0
----------------------------------------------------
  __cs_thread_index=3 (011)

State 118 file /home/dell/zyworkspace/nichecker/Experiment/remarks2.1_LA_Slicing/svp_simple_018/_mt_svp_simple_018_001_result/_cs_svp_simple_018_001_para1_rwr_mt_svp_simple_018_001.c line 377 function main thread 0
----------------------------------------------------
  __cs_pc_cs[3l]=1 (001)

State 123 file /home/dell/zyworkspace/nichecker/Experiment/remarks2.1_LA_Slicing/svp_simple_018/_mt_svp_simple_018_001_result/_cs_svp_simple_018_001_para1_rwr_mt_svp_simple_018_001.c line 383 function main thread 0
----------------------------------------------------
  __cs_param_svp_simple_018_001_isr_2_arg=NULL (0000000000000000000000000000000000000000000000000000000000000000)

State 125 file /home/dell/zyworkspace/nichecker/Experiment/remarks2.1_LA_Slicing/svp_simple_018/_mt_svp_simple_018_001_result/_cs_svp_simple_018_001_para1_rwr_mt_svp_simple_018_001.c line 263 function svp_simple_018_001_isr_2_0 thread 0
----------------------------------------------------
  __cs_local_svp_simple_018_001_isr_2_i=0 (00000000000000000000000000000000)

State 126 file /home/dell/zyworkspace/nichecker/Experiment/remarks2.1_LA_Slicing/svp_simple_018/_mt_svp_simple_018_001_result/_cs_svp_simple_018_001_para1_rwr_mt_svp_simple_018_001.c line 270 function svp_simple_018_001_isr_2_0 thread 0
----------------------------------------------------
  svp_simple_018_001_para2=1.000000f (00111111100000000000000000000000)

State 130 file /home/dell/zyworkspace/nichecker/Experiment/remarks2.1_LA_Slicing/svp_simple_018/_mt_svp_simple_018_001_result/_cs_svp_simple_018_001_para1_rwr_mt_svp_simple_018_001.c line 284 function svp_simple_018_001_isr_2_0 thread 0
----------------------------------------------------
  __cs_value_ptr=NULL (0000000000000000000000000000000000000000000000000000000000000000)

State 135 file /home/dell/zyworkspace/nichecker/Experiment/remarks2.1_LA_Slicing/svp_simple_018/_mt_svp_simple_018_001_result/_cs_svp_simple_018_001_para1_rwr_mt_svp_simple_018_001.c line 385 function main thread 0
----------------------------------------------------
  __cs_pc[3l]=1 (001)

State 136 file /home/dell/zyworkspace/nichecker/Experiment/remarks2.1_LA_Slicing/svp_simple_018/_mt_svp_simple_018_001_result/_cs_svp_simple_018_001_para1_rwr_mt_svp_simple_018_001.c line 395 function main thread 0
----------------------------------------------------
  __cs_tmp_t1_r1=3 (011)

State 142 file /home/dell/zyworkspace/nichecker/Experiment/remarks2.1_LA_Slicing/svp_simple_018/_mt_svp_simple_018_001_result/_cs_svp_simple_018_001_para1_rwr_mt_svp_simple_018_001.c line 400 function main thread 0
----------------------------------------------------
  __cs_thread_index=1 (001)

State 143 file /home/dell/zyworkspace/nichecker/Experiment/remarks2.1_LA_Slicing/svp_simple_018/_mt_svp_simple_018_001_result/_cs_svp_simple_018_001_para1_rwr_mt_svp_simple_018_001.c line 402 function main thread 0
----------------------------------------------------
  __cs_pc_cs[1l]=3 (011)

State 148 file /home/dell/zyworkspace/nichecker/Experiment/remarks2.1_LA_Slicing/svp_simple_018/_mt_svp_simple_018_001_result/_cs_svp_simple_018_001_para1_rwr_mt_svp_simple_018_001.c line 408 function main thread 0
----------------------------------------------------
  __cs_param_main_task_arg=NULL (0000000000000000000000000000000000000000000000000000000000000000)

State 152 file /home/dell/zyworkspace/nichecker/Experiment/remarks2.1_LA_Slicing/svp_simple_018/_mt_svp_simple_018_001_result/_cs_svp_simple_018_001_para1_rwr_mt_svp_simple_018_001.c line 222 function main_task_0 thread 0
----------------------------------------------------
  __cs_temporary_0=2.000000f (01000000000000000000000000000000)

State 153 file /home/dell/zyworkspace/nichecker/Experiment/remarks2.1_LA_Slicing/svp_simple_018/_mt_svp_simple_018_001_result/_cs_svp_simple_018_001_para1_rwr_mt_svp_simple_018_001.c line 224 function main_task_0 thread 0
----------------------------------------------------
  rwr_r2=2.000000f (01000000000000000000000000000000)

Violated property:
  file /home/dell/zyworkspace/nichecker/Experiment/remarks2.1_LA_Slicing/svp_simple_018/_mt_svp_simple_018_001_result/_cs_svp_simple_018_001_para1_rwr_mt_svp_simple_018_001.c line 226 function main_task_0
  assertion IEEE_FLOAT_EQUAL(rwr_r2, rwr_tmp1)
  IEEE_FLOAT_EQUAL(rwr_r2, rwr_tmp1)


** 1 of 2 failed (2 iterations)
VERIFICATION FAILED
