CBMC version 5.6 64-bit x86_64 linux
Parsing /home/dell/zyworkspace/nichecker/Experiment/remarks2.1_LA_Slicing/svp_simple_018/_mt_svp_simple_018_001_result/_cs_svp_simple_018_001_para2_rwr_mt_svp_simple_018_001.c
<command-line>: warning: "__STDC_VERSION__" redefined
<built-in>: note: this is the location of the previous definition
Converting
Type-checking _cs_svp_simple_018_001_para2_rwr_mt_svp_simple_018_001
file /home/dell/zyworkspace/nichecker/Experiment/remarks2.1_LA_Slicing/svp_simple_018/_mt_svp_simple_018_001_result/_cs_svp_simple_018_001_para2_rwr_mt_svp_simple_018_001.c line 163 function main_task_0: function `enable_isr' is not declared
file /home/dell/zyworkspace/nichecker/Experiment/remarks2.1_LA_Slicing/svp_simple_018/_mt_svp_simple_018_001_result/_cs_svp_simple_018_001_para2_rwr_mt_svp_simple_018_001.c line 188 function main_task_0: function `__cs_init_scalar' is not declared
file /home/dell/zyworkspace/nichecker/Experiment/remarks2.1_LA_Slicing/svp_simple_018/_mt_svp_simple_018_001_result/_cs_svp_simple_018_001_para2_rwr_mt_svp_simple_018_001.c line 201 function main_task_0: function `assert' is not declared
Generating GOTO Program
Adding CPROVER library (x86_64)
Removal of function pointers and virtual functions
Partial Inlining
Generic Property Instrumentation
Starting Bounded Model Checking
**** WARNING: no body for function enable_isr
**** WARNING: no body for function __cs_init_scalar
size of program expression: 559 steps
simple slicing removed 26 assignments
Generated 8 VCC(s), 6 remaining after simplification
Passing problem to propositional reduction
converting SSA
Running propositional reduction
Post-processing
Solving with MiniSAT 2.2.1 with simplifier
6173 variables, 21530 clauses
SAT checker: instance is SATISFIABLE
Solving with MiniSAT 2.2.1 with simplifier
6173 variables, 612 clauses
SAT checker: instance is SATISFIABLE
Solving with MiniSAT 2.2.1 with simplifier
6173 variables, 611 clauses
SAT checker: instance is UNSATISFIABLE
Runtime decision procedure: 0.053s

** Results:
[main_task_0.assertion.1] assertion IEEE_FLOAT_EQUAL(rwr_r1, rwr_tmp1): SUCCESS
[main_task_0.assertion.2] assertion IEEE_FLOAT_EQUAL(rwr_r2, rwr_tmp1): FAILURE
[main_task_0.assertion.3] assertion IEEE_FLOAT_EQUAL(rwr_r3, rwr_tmp1): FAILURE

Trace for main_task_0.assertion.2:

State 52 file /home/dell/zyworkspace/nichecker/Experiment/remarks2.1_LA_Slicing/svp_simple_018/_mt_svp_simple_018_001_result/_cs_svp_simple_018_001_para2_rwr_mt_svp_simple_018_001.c line 342 function main thread 0
----------------------------------------------------
  __cs_tmp_t1_r0=1 (001)

State 54 file /home/dell/zyworkspace/nichecker/Experiment/remarks2.1_LA_Slicing/svp_simple_018/_mt_svp_simple_018_001_result/_cs_svp_simple_018_001_para2_rwr_mt_svp_simple_018_001.c line 346 function main thread 0
----------------------------------------------------
  __cs_thread_index=1 (001)

State 55 file /home/dell/zyworkspace/nichecker/Experiment/remarks2.1_LA_Slicing/svp_simple_018/_mt_svp_simple_018_001_result/_cs_svp_simple_018_001_para2_rwr_mt_svp_simple_018_001.c line 348 function main thread 0
----------------------------------------------------
  __cs_pc_cs[1l]=1 (001)

State 60 file /home/dell/zyworkspace/nichecker/Experiment/remarks2.1_LA_Slicing/svp_simple_018/_mt_svp_simple_018_001_result/_cs_svp_simple_018_001_para2_rwr_mt_svp_simple_018_001.c line 354 function main thread 0
----------------------------------------------------
  __cs_param_main_task_arg=NULL (0000000000000000000000000000000000000000000000000000000000000000)

State 65 file /home/dell/zyworkspace/nichecker/Experiment/remarks2.1_LA_Slicing/svp_simple_018/_mt_svp_simple_018_001_result/_cs_svp_simple_018_001_para2_rwr_mt_svp_simple_018_001.c line 165 function main_task_0 thread 0
----------------------------------------------------
  __cs_disable_thread[3l]=0 (0)

State 66 file /home/dell/zyworkspace/nichecker/Experiment/remarks2.1_LA_Slicing/svp_simple_018/_mt_svp_simple_018_001_result/_cs_svp_simple_018_001_para2_rwr_mt_svp_simple_018_001.c line 168 function main_task_0 thread 0
----------------------------------------------------
  __cs_disable_thread[2l]=0 (0)

State 67 file /home/dell/zyworkspace/nichecker/Experiment/remarks2.1_LA_Slicing/svp_simple_018/_mt_svp_simple_018_001_result/_cs_svp_simple_018_001_para2_rwr_mt_svp_simple_018_001.c line 171 function main_task_0 thread 0
----------------------------------------------------
  __cs_disable_thread[0l]=0 (0)

State 68 file /home/dell/zyworkspace/nichecker/Experiment/remarks2.1_LA_Slicing/svp_simple_018/_mt_svp_simple_018_001_result/_cs_svp_simple_018_001_para2_rwr_mt_svp_simple_018_001.c line 180 function main_task_0 thread 0
----------------------------------------------------
  __cs_local_main_task_svp_simple_018_001_perimete=0.000000f (00000000000000000000000000000000)

State 69 file /home/dell/zyworkspace/nichecker/Experiment/remarks2.1_LA_Slicing/svp_simple_018/_mt_svp_simple_018_001_result/_cs_svp_simple_018_001_para2_rwr_mt_svp_simple_018_001.c line 184 function main_task_0 thread 0
----------------------------------------------------
  __cs_local_main_task_svp_simple_018_001_area=0.000000f (00000000000000000000000000000000)

State 73 file /home/dell/zyworkspace/nichecker/Experiment/remarks2.1_LA_Slicing/svp_simple_018/_mt_svp_simple_018_001_result/_cs_svp_simple_018_001_para2_rwr_mt_svp_simple_018_001.c line 192 function main_task_0 thread 0
----------------------------------------------------
  __cs_local_main_task_perimete=0.000000f (00000000000000000000000000000000)

State 80 file /home/dell/zyworkspace/nichecker/Experiment/remarks2.1_LA_Slicing/svp_simple_018/_mt_svp_simple_018_001_result/_cs_svp_simple_018_001_para2_rwr_mt_svp_simple_018_001.c line 266 function main_task_0 thread 0
----------------------------------------------------
  __cs_value_ptr=NULL (0000000000000000000000000000000000000000000000000000000000000000)

State 85 file /home/dell/zyworkspace/nichecker/Experiment/remarks2.1_LA_Slicing/svp_simple_018/_mt_svp_simple_018_001_result/_cs_svp_simple_018_001_para2_rwr_mt_svp_simple_018_001.c line 356 function main thread 0
----------------------------------------------------
  __cs_pc[1l]=1 (001)

State 86 file /home/dell/zyworkspace/nichecker/Experiment/remarks2.1_LA_Slicing/svp_simple_018/_mt_svp_simple_018_001_result/_cs_svp_simple_018_001_para2_rwr_mt_svp_simple_018_001.c line 362 function main thread 0
----------------------------------------------------
  __cs_tmp_t2_r0=0 (00)

State 88 file /home/dell/zyworkspace/nichecker/Experiment/remarks2.1_LA_Slicing/svp_simple_018/_mt_svp_simple_018_001_result/_cs_svp_simple_018_001_para2_rwr_mt_svp_simple_018_001.c line 367 function main thread 0
----------------------------------------------------
  __cs_thread_index=2 (010)

State 89 file /home/dell/zyworkspace/nichecker/Experiment/remarks2.1_LA_Slicing/svp_simple_018/_mt_svp_simple_018_001_result/_cs_svp_simple_018_001_para2_rwr_mt_svp_simple_018_001.c line 369 function main thread 0
----------------------------------------------------
  __cs_pc_cs[2l]=0 (000)

State 94 file /home/dell/zyworkspace/nichecker/Experiment/remarks2.1_LA_Slicing/svp_simple_018/_mt_svp_simple_018_001_result/_cs_svp_simple_018_001_para2_rwr_mt_svp_simple_018_001.c line 375 function main thread 0
----------------------------------------------------
  __cs_param_svp_simple_018_001_isr_1_arg=NULL (0000000000000000000000000000000000000000000000000000000000000000)

State 99 file /home/dell/zyworkspace/nichecker/Experiment/remarks2.1_LA_Slicing/svp_simple_018/_mt_svp_simple_018_001_result/_cs_svp_simple_018_001_para2_rwr_mt_svp_simple_018_001.c line 330 function svp_simple_018_001_isr_1_0 thread 0
----------------------------------------------------
  __cs_value_ptr=NULL (0000000000000000000000000000000000000000000000000000000000000000)

State 104 file /home/dell/zyworkspace/nichecker/Experiment/remarks2.1_LA_Slicing/svp_simple_018/_mt_svp_simple_018_001_result/_cs_svp_simple_018_001_para2_rwr_mt_svp_simple_018_001.c line 377 function main thread 0
----------------------------------------------------
  __cs_pc[2l]=0 (000)

State 105 file /home/dell/zyworkspace/nichecker/Experiment/remarks2.1_LA_Slicing/svp_simple_018/_mt_svp_simple_018_001_result/_cs_svp_simple_018_001_para2_rwr_mt_svp_simple_018_001.c line 383 function main thread 0
----------------------------------------------------
  __cs_tmp_t3_r0=0 (0)

State 107 file /home/dell/zyworkspace/nichecker/Experiment/remarks2.1_LA_Slicing/svp_simple_018/_mt_svp_simple_018_001_result/_cs_svp_simple_018_001_para2_rwr_mt_svp_simple_018_001.c line 388 function main thread 0
----------------------------------------------------
  __cs_thread_index=3 (011)

State 108 file /home/dell/zyworkspace/nichecker/Experiment/remarks2.1_LA_Slicing/svp_simple_018/_mt_svp_simple_018_001_result/_cs_svp_simple_018_001_para2_rwr_mt_svp_simple_018_001.c line 390 function main thread 0
----------------------------------------------------
  __cs_pc_cs[3l]=0 (000)

State 113 file /home/dell/zyworkspace/nichecker/Experiment/remarks2.1_LA_Slicing/svp_simple_018/_mt_svp_simple_018_001_result/_cs_svp_simple_018_001_para2_rwr_mt_svp_simple_018_001.c line 396 function main thread 0
----------------------------------------------------
  __cs_param_svp_simple_018_001_isr_2_arg=NULL (0000000000000000000000000000000000000000000000000000000000000000)

State 117 file /home/dell/zyworkspace/nichecker/Experiment/remarks2.1_LA_Slicing/svp_simple_018/_mt_svp_simple_018_001_result/_cs_svp_simple_018_001_para2_rwr_mt_svp_simple_018_001.c line 299 function svp_simple_018_001_isr_2_0 thread 0
----------------------------------------------------
  __cs_value_ptr=NULL (0000000000000000000000000000000000000000000000000000000000000000)

State 122 file /home/dell/zyworkspace/nichecker/Experiment/remarks2.1_LA_Slicing/svp_simple_018/_mt_svp_simple_018_001_result/_cs_svp_simple_018_001_para2_rwr_mt_svp_simple_018_001.c line 398 function main thread 0
----------------------------------------------------
  __cs_pc[3l]=0 (000)

State 123 file /home/dell/zyworkspace/nichecker/Experiment/remarks2.1_LA_Slicing/svp_simple_018/_mt_svp_simple_018_001_result/_cs_svp_simple_018_001_para2_rwr_mt_svp_simple_018_001.c line 408 function main thread 0
----------------------------------------------------
  __cs_tmp_t1_r1=2 (010)

State 130 file /home/dell/zyworkspace/nichecker/Experiment/remarks2.1_LA_Slicing/svp_simple_018/_mt_svp_simple_018_001_result/_cs_svp_simple_018_001_para2_rwr_mt_svp_simple_018_001.c line 413 function main thread 0
----------------------------------------------------
  __cs_thread_index=1 (001)

State 131 file /home/dell/zyworkspace/nichecker/Experiment/remarks2.1_LA_Slicing/svp_simple_018/_mt_svp_simple_018_001_result/_cs_svp_simple_018_001_para2_rwr_mt_svp_simple_018_001.c line 415 function main thread 0
----------------------------------------------------
  __cs_pc_cs[1l]=2 (010)

State 136 file /home/dell/zyworkspace/nichecker/Experiment/remarks2.1_LA_Slicing/svp_simple_018/_mt_svp_simple_018_001_result/_cs_svp_simple_018_001_para2_rwr_mt_svp_simple_018_001.c line 421 function main thread 0
----------------------------------------------------
  __cs_param_main_task_arg=NULL (0000000000000000000000000000000000000000000000000000000000000000)

State 139 file /home/dell/zyworkspace/nichecker/Experiment/remarks2.1_LA_Slicing/svp_simple_018/_mt_svp_simple_018_001_result/_cs_svp_simple_018_001_para2_rwr_mt_svp_simple_018_001.c line 197 function main_task_0 thread 0
----------------------------------------------------
  __cs_local_main_task_perimete=0.000000f (00000000000000000000000000000000)

State 140 file /home/dell/zyworkspace/nichecker/Experiment/remarks2.1_LA_Slicing/svp_simple_018/_mt_svp_simple_018_001_result/_cs_svp_simple_018_001_para2_rwr_mt_svp_simple_018_001.c line 199 function main_task_0 thread 0
----------------------------------------------------
  rwr_r1=0.000000f (00000000000000000000000000000000)

State 142 file /home/dell/zyworkspace/nichecker/Experiment/remarks2.1_LA_Slicing/svp_simple_018/_mt_svp_simple_018_001_result/_cs_svp_simple_018_001_para2_rwr_mt_svp_simple_018_001.c line 203 function main_task_0 thread 0
----------------------------------------------------
  rwr_tmp1_num=1 (00000000000000000000000000000001)

State 143 file /home/dell/zyworkspace/nichecker/Experiment/remarks2.1_LA_Slicing/svp_simple_018/_mt_svp_simple_018_001_result/_cs_svp_simple_018_001_para2_rwr_mt_svp_simple_018_001.c line 204 function main_task_0 thread 0
----------------------------------------------------
  rwr_tmp1=0.000000f (00000000000000000000000000000000)

State 147 file /home/dell/zyworkspace/nichecker/Experiment/remarks2.1_LA_Slicing/svp_simple_018/_mt_svp_simple_018_001_result/_cs_svp_simple_018_001_para2_rwr_mt_svp_simple_018_001.c line 216 function main_task_0 thread 0
----------------------------------------------------
  __cs_local_main_task_area=0.000000f (00000000000000000000000000000000)

State 153 file /home/dell/zyworkspace/nichecker/Experiment/remarks2.1_LA_Slicing/svp_simple_018/_mt_svp_simple_018_001_result/_cs_svp_simple_018_001_para2_rwr_mt_svp_simple_018_001.c line 266 function main_task_0 thread 0
----------------------------------------------------
  __cs_value_ptr=NULL (0000000000000000000000000000000000000000000000000000000000000000)

State 158 file /home/dell/zyworkspace/nichecker/Experiment/remarks2.1_LA_Slicing/svp_simple_018/_mt_svp_simple_018_001_result/_cs_svp_simple_018_001_para2_rwr_mt_svp_simple_018_001.c line 423 function main thread 0
----------------------------------------------------
  __cs_pc[1l]=2 (010)

State 159 file /home/dell/zyworkspace/nichecker/Experiment/remarks2.1_LA_Slicing/svp_simple_018/_mt_svp_simple_018_001_result/_cs_svp_simple_018_001_para2_rwr_mt_svp_simple_018_001.c line 429 function main thread 0
----------------------------------------------------
  __cs_tmp_t2_r1=2 (10)

State 161 file /home/dell/zyworkspace/nichecker/Experiment/remarks2.1_LA_Slicing/svp_simple_018/_mt_svp_simple_018_001_result/_cs_svp_simple_018_001_para2_rwr_mt_svp_simple_018_001.c line 434 function main thread 0
----------------------------------------------------
  __cs_thread_index=2 (010)

State 162 file /home/dell/zyworkspace/nichecker/Experiment/remarks2.1_LA_Slicing/svp_simple_018/_mt_svp_simple_018_001_result/_cs_svp_simple_018_001_para2_rwr_mt_svp_simple_018_001.c line 436 function main thread 0
----------------------------------------------------
  __cs_pc_cs[2l]=2 (010)

State 167 file /home/dell/zyworkspace/nichecker/Experiment/remarks2.1_LA_Slicing/svp_simple_018/_mt_svp_simple_018_001_result/_cs_svp_simple_018_001_para2_rwr_mt_svp_simple_018_001.c line 442 function main thread 0
----------------------------------------------------
  __cs_param_svp_simple_018_001_isr_1_arg=NULL (0000000000000000000000000000000000000000000000000000000000000000)

State 169 file /home/dell/zyworkspace/nichecker/Experiment/remarks2.1_LA_Slicing/svp_simple_018/_mt_svp_simple_018_001_result/_cs_svp_simple_018_001_para2_rwr_mt_svp_simple_018_001.c line 312 function svp_simple_018_001_isr_1_0 thread 0
----------------------------------------------------
  __cs_local_svp_simple_018_001_isr_1_i=0 (00000000000000000000000000000000)

State 171 file /home/dell/zyworkspace/nichecker/Experiment/remarks2.1_LA_Slicing/svp_simple_018/_mt_svp_simple_018_001_result/_cs_svp_simple_018_001_para2_rwr_mt_svp_simple_018_001.c line 319 function svp_simple_018_001_isr_1_0 thread 0
----------------------------------------------------
  svp_simple_018_001_para1=2.000000f (01000000000000000000000000000000)

State 175 file /home/dell/zyworkspace/nichecker/Experiment/remarks2.1_LA_Slicing/svp_simple_018/_mt_svp_simple_018_001_result/_cs_svp_simple_018_001_para2_rwr_mt_svp_simple_018_001.c line 330 function svp_simple_018_001_isr_1_0 thread 0
----------------------------------------------------
  __cs_value_ptr=NULL (0000000000000000000000000000000000000000000000000000000000000000)

State 180 file /home/dell/zyworkspace/nichecker/Experiment/remarks2.1_LA_Slicing/svp_simple_018/_mt_svp_simple_018_001_result/_cs_svp_simple_018_001_para2_rwr_mt_svp_simple_018_001.c line 444 function main thread 0
----------------------------------------------------
  __cs_pc[2l]=2 (010)

State 181 file /home/dell/zyworkspace/nichecker/Experiment/remarks2.1_LA_Slicing/svp_simple_018/_mt_svp_simple_018_001_result/_cs_svp_simple_018_001_para2_rwr_mt_svp_simple_018_001.c line 450 function main thread 0
----------------------------------------------------
  __cs_tmp_t3_r1=1 (1)

State 183 file /home/dell/zyworkspace/nichecker/Experiment/remarks2.1_LA_Slicing/svp_simple_018/_mt_svp_simple_018_001_result/_cs_svp_simple_018_001_para2_rwr_mt_svp_simple_018_001.c line 455 function main thread 0
----------------------------------------------------
  __cs_thread_index=3 (011)

State 184 file /home/dell/zyworkspace/nichecker/Experiment/remarks2.1_LA_Slicing/svp_simple_018/_mt_svp_simple_018_001_result/_cs_svp_simple_018_001_para2_rwr_mt_svp_simple_018_001.c line 457 function main thread 0
----------------------------------------------------
  __cs_pc_cs[3l]=1 (001)

State 189 file /home/dell/zyworkspace/nichecker/Experiment/remarks2.1_LA_Slicing/svp_simple_018/_mt_svp_simple_018_001_result/_cs_svp_simple_018_001_para2_rwr_mt_svp_simple_018_001.c line 463 function main thread 0
----------------------------------------------------
  __cs_param_svp_simple_018_001_isr_2_arg=NULL (0000000000000000000000000000000000000000000000000000000000000000)

State 191 file /home/dell/zyworkspace/nichecker/Experiment/remarks2.1_LA_Slicing/svp_simple_018/_mt_svp_simple_018_001_result/_cs_svp_simple_018_001_para2_rwr_mt_svp_simple_018_001.c line 279 function svp_simple_018_001_isr_2_0 thread 0
----------------------------------------------------
  __cs_local_svp_simple_018_001_isr_2_i=0 (00000000000000000000000000000000)

State 192 file /home/dell/zyworkspace/nichecker/Experiment/remarks2.1_LA_Slicing/svp_simple_018/_mt_svp_simple_018_001_result/_cs_svp_simple_018_001_para2_rwr_mt_svp_simple_018_001.c line 285 function svp_simple_018_001_isr_2_0 thread 0
----------------------------------------------------
  svp_simple_018_001_para2=1.000000f (00111111100000000000000000000000)

State 196 file /home/dell/zyworkspace/nichecker/Experiment/remarks2.1_LA_Slicing/svp_simple_018/_mt_svp_simple_018_001_result/_cs_svp_simple_018_001_para2_rwr_mt_svp_simple_018_001.c line 299 function svp_simple_018_001_isr_2_0 thread 0
----------------------------------------------------
  __cs_value_ptr=NULL (0000000000000000000000000000000000000000000000000000000000000000)

State 201 file /home/dell/zyworkspace/nichecker/Experiment/remarks2.1_LA_Slicing/svp_simple_018/_mt_svp_simple_018_001_result/_cs_svp_simple_018_001_para2_rwr_mt_svp_simple_018_001.c line 465 function main thread 0
----------------------------------------------------
  __cs_pc[3l]=1 (001)

State 202 file /home/dell/zyworkspace/nichecker/Experiment/remarks2.1_LA_Slicing/svp_simple_018/_mt_svp_simple_018_001_result/_cs_svp_simple_018_001_para2_rwr_mt_svp_simple_018_001.c line 469 function main thread 0
----------------------------------------------------
  __cs_tmp_t1_r2=3u (00000000000000000000000000000011)

State 204 file /home/dell/zyworkspace/nichecker/Experiment/remarks2.1_LA_Slicing/svp_simple_018/_mt_svp_simple_018_001_result/_cs_svp_simple_018_001_para2_rwr_mt_svp_simple_018_001.c line 474 function main thread 0
----------------------------------------------------
  __cs_thread_index=1 (001)

State 205 file /home/dell/zyworkspace/nichecker/Experiment/remarks2.1_LA_Slicing/svp_simple_018/_mt_svp_simple_018_001_result/_cs_svp_simple_018_001_para2_rwr_mt_svp_simple_018_001.c line 476 function main thread 0
----------------------------------------------------
  __cs_pc_cs[1l]=3 (011)

State 210 file /home/dell/zyworkspace/nichecker/Experiment/remarks2.1_LA_Slicing/svp_simple_018/_mt_svp_simple_018_001_result/_cs_svp_simple_018_001_para2_rwr_mt_svp_simple_018_001.c line 482 function main thread 0
----------------------------------------------------
  __cs_param_main_task_arg=NULL (0000000000000000000000000000000000000000000000000000000000000000)

State 214 file /home/dell/zyworkspace/nichecker/Experiment/remarks2.1_LA_Slicing/svp_simple_018/_mt_svp_simple_018_001_result/_cs_svp_simple_018_001_para2_rwr_mt_svp_simple_018_001.c line 223 function main_task_0 thread 0
----------------------------------------------------
  __cs_temporary_0=1.000000f (00111111100000000000000000000000)

State 215 file /home/dell/zyworkspace/nichecker/Experiment/remarks2.1_LA_Slicing/svp_simple_018/_mt_svp_simple_018_001_result/_cs_svp_simple_018_001_para2_rwr_mt_svp_simple_018_001.c line 225 function main_task_0 thread 0
----------------------------------------------------
  rwr_r2=1.000000f (00111111100000000000000000000000)

Violated property:
  file /home/dell/zyworkspace/nichecker/Experiment/remarks2.1_LA_Slicing/svp_simple_018/_mt_svp_simple_018_001_result/_cs_svp_simple_018_001_para2_rwr_mt_svp_simple_018_001.c line 227 function main_task_0
  assertion IEEE_FLOAT_EQUAL(rwr_r2, rwr_tmp1)
  IEEE_FLOAT_EQUAL(rwr_r2, rwr_tmp1)


Trace for main_task_0.assertion.3:

State 52 file /home/dell/zyworkspace/nichecker/Experiment/remarks2.1_LA_Slicing/svp_simple_018/_mt_svp_simple_018_001_result/_cs_svp_simple_018_001_para2_rwr_mt_svp_simple_018_001.c line 342 function main thread 0
----------------------------------------------------
  __cs_tmp_t1_r0=3 (011)

State 54 file /home/dell/zyworkspace/nichecker/Experiment/remarks2.1_LA_Slicing/svp_simple_018/_mt_svp_simple_018_001_result/_cs_svp_simple_018_001_para2_rwr_mt_svp_simple_018_001.c line 346 function main thread 0
----------------------------------------------------
  __cs_thread_index=1 (001)

State 55 file /home/dell/zyworkspace/nichecker/Experiment/remarks2.1_LA_Slicing/svp_simple_018/_mt_svp_simple_018_001_result/_cs_svp_simple_018_001_para2_rwr_mt_svp_simple_018_001.c line 348 function main thread 0
----------------------------------------------------
  __cs_pc_cs[1l]=3 (011)

State 60 file /home/dell/zyworkspace/nichecker/Experiment/remarks2.1_LA_Slicing/svp_simple_018/_mt_svp_simple_018_001_result/_cs_svp_simple_018_001_para2_rwr_mt_svp_simple_018_001.c line 354 function main thread 0
----------------------------------------------------
  __cs_param_main_task_arg=NULL (0000000000000000000000000000000000000000000000000000000000000000)

State 65 file /home/dell/zyworkspace/nichecker/Experiment/remarks2.1_LA_Slicing/svp_simple_018/_mt_svp_simple_018_001_result/_cs_svp_simple_018_001_para2_rwr_mt_svp_simple_018_001.c line 165 function main_task_0 thread 0
----------------------------------------------------
  __cs_disable_thread[3l]=0 (0)

State 66 file /home/dell/zyworkspace/nichecker/Experiment/remarks2.1_LA_Slicing/svp_simple_018/_mt_svp_simple_018_001_result/_cs_svp_simple_018_001_para2_rwr_mt_svp_simple_018_001.c line 168 function main_task_0 thread 0
----------------------------------------------------
  __cs_disable_thread[2l]=0 (0)

State 67 file /home/dell/zyworkspace/nichecker/Experiment/remarks2.1_LA_Slicing/svp_simple_018/_mt_svp_simple_018_001_result/_cs_svp_simple_018_001_para2_rwr_mt_svp_simple_018_001.c line 171 function main_task_0 thread 0
----------------------------------------------------
  __cs_disable_thread[0l]=0 (0)

State 68 file /home/dell/zyworkspace/nichecker/Experiment/remarks2.1_LA_Slicing/svp_simple_018/_mt_svp_simple_018_001_result/_cs_svp_simple_018_001_para2_rwr_mt_svp_simple_018_001.c line 180 function main_task_0 thread 0
----------------------------------------------------
  __cs_local_main_task_svp_simple_018_001_perimete=0.000000f (00000000000000000000000000000000)

State 69 file /home/dell/zyworkspace/nichecker/Experiment/remarks2.1_LA_Slicing/svp_simple_018/_mt_svp_simple_018_001_result/_cs_svp_simple_018_001_para2_rwr_mt_svp_simple_018_001.c line 184 function main_task_0 thread 0
----------------------------------------------------
  __cs_local_main_task_svp_simple_018_001_area=0.000000f (00000000000000000000000000000000)

State 73 file /home/dell/zyworkspace/nichecker/Experiment/remarks2.1_LA_Slicing/svp_simple_018/_mt_svp_simple_018_001_result/_cs_svp_simple_018_001_para2_rwr_mt_svp_simple_018_001.c line 192 function main_task_0 thread 0
----------------------------------------------------
  __cs_local_main_task_perimete=0.000000f (00000000000000000000000000000000)

State 75 file /home/dell/zyworkspace/nichecker/Experiment/remarks2.1_LA_Slicing/svp_simple_018/_mt_svp_simple_018_001_result/_cs_svp_simple_018_001_para2_rwr_mt_svp_simple_018_001.c line 197 function main_task_0 thread 0
----------------------------------------------------
  __cs_local_main_task_perimete=0.000000f (00000000000000000000000000000000)

State 76 file /home/dell/zyworkspace/nichecker/Experiment/remarks2.1_LA_Slicing/svp_simple_018/_mt_svp_simple_018_001_result/_cs_svp_simple_018_001_para2_rwr_mt_svp_simple_018_001.c line 199 function main_task_0 thread 0
----------------------------------------------------
  rwr_r1=0.000000f (00000000000000000000000000000000)

State 78 file /home/dell/zyworkspace/nichecker/Experiment/remarks2.1_LA_Slicing/svp_simple_018/_mt_svp_simple_018_001_result/_cs_svp_simple_018_001_para2_rwr_mt_svp_simple_018_001.c line 203 function main_task_0 thread 0
----------------------------------------------------
  rwr_tmp1_num=1 (00000000000000000000000000000001)

State 79 file /home/dell/zyworkspace/nichecker/Experiment/remarks2.1_LA_Slicing/svp_simple_018/_mt_svp_simple_018_001_result/_cs_svp_simple_018_001_para2_rwr_mt_svp_simple_018_001.c line 204 function main_task_0 thread 0
----------------------------------------------------
  rwr_tmp1=0.000000f (00000000000000000000000000000000)

State 83 file /home/dell/zyworkspace/nichecker/Experiment/remarks2.1_LA_Slicing/svp_simple_018/_mt_svp_simple_018_001_result/_cs_svp_simple_018_001_para2_rwr_mt_svp_simple_018_001.c line 216 function main_task_0 thread 0
----------------------------------------------------
  __cs_local_main_task_area=0.000000f (00000000000000000000000000000000)

State 85 file /home/dell/zyworkspace/nichecker/Experiment/remarks2.1_LA_Slicing/svp_simple_018/_mt_svp_simple_018_001_result/_cs_svp_simple_018_001_para2_rwr_mt_svp_simple_018_001.c line 223 function main_task_0 thread 0
----------------------------------------------------
  __cs_temporary_0=0.000000f (00000000000000000000000000000000)

State 86 file /home/dell/zyworkspace/nichecker/Experiment/remarks2.1_LA_Slicing/svp_simple_018/_mt_svp_simple_018_001_result/_cs_svp_simple_018_001_para2_rwr_mt_svp_simple_018_001.c line 225 function main_task_0 thread 0
----------------------------------------------------
  rwr_r2=0.000000f (00000000000000000000000000000000)

State 88 file /home/dell/zyworkspace/nichecker/Experiment/remarks2.1_LA_Slicing/svp_simple_018/_mt_svp_simple_018_001_result/_cs_svp_simple_018_001_para2_rwr_mt_svp_simple_018_001.c line 229 function main_task_0 thread 0
----------------------------------------------------
  rwr_tmp1_num=2 (00000000000000000000000000000010)

State 89 file /home/dell/zyworkspace/nichecker/Experiment/remarks2.1_LA_Slicing/svp_simple_018/_mt_svp_simple_018_001_result/_cs_svp_simple_018_001_para2_rwr_mt_svp_simple_018_001.c line 230 function main_task_0 thread 0
----------------------------------------------------
  rwr_tmp1=0.000000f (00000000000000000000000000000000)

State 94 file /home/dell/zyworkspace/nichecker/Experiment/remarks2.1_LA_Slicing/svp_simple_018/_mt_svp_simple_018_001_result/_cs_svp_simple_018_001_para2_rwr_mt_svp_simple_018_001.c line 266 function main_task_0 thread 0
----------------------------------------------------
  __cs_value_ptr=NULL (0000000000000000000000000000000000000000000000000000000000000000)

State 99 file /home/dell/zyworkspace/nichecker/Experiment/remarks2.1_LA_Slicing/svp_simple_018/_mt_svp_simple_018_001_result/_cs_svp_simple_018_001_para2_rwr_mt_svp_simple_018_001.c line 356 function main thread 0
----------------------------------------------------
  __cs_pc[1l]=3 (011)

State 100 file /home/dell/zyworkspace/nichecker/Experiment/remarks2.1_LA_Slicing/svp_simple_018/_mt_svp_simple_018_001_result/_cs_svp_simple_018_001_para2_rwr_mt_svp_simple_018_001.c line 362 function main thread 0
----------------------------------------------------
  __cs_tmp_t2_r0=1 (01)

State 102 file /home/dell/zyworkspace/nichecker/Experiment/remarks2.1_LA_Slicing/svp_simple_018/_mt_svp_simple_018_001_result/_cs_svp_simple_018_001_para2_rwr_mt_svp_simple_018_001.c line 367 function main thread 0
----------------------------------------------------
  __cs_thread_index=2 (010)

State 103 file /home/dell/zyworkspace/nichecker/Experiment/remarks2.1_LA_Slicing/svp_simple_018/_mt_svp_simple_018_001_result/_cs_svp_simple_018_001_para2_rwr_mt_svp_simple_018_001.c line 369 function main thread 0
----------------------------------------------------
  __cs_pc_cs[2l]=1 (001)

State 108 file /home/dell/zyworkspace/nichecker/Experiment/remarks2.1_LA_Slicing/svp_simple_018/_mt_svp_simple_018_001_result/_cs_svp_simple_018_001_para2_rwr_mt_svp_simple_018_001.c line 375 function main thread 0
----------------------------------------------------
  __cs_param_svp_simple_018_001_isr_1_arg=NULL (0000000000000000000000000000000000000000000000000000000000000000)

State 110 file /home/dell/zyworkspace/nichecker/Experiment/remarks2.1_LA_Slicing/svp_simple_018/_mt_svp_simple_018_001_result/_cs_svp_simple_018_001_para2_rwr_mt_svp_simple_018_001.c line 312 function svp_simple_018_001_isr_1_0 thread 0
----------------------------------------------------
  __cs_local_svp_simple_018_001_isr_1_i=0 (00000000000000000000000000000000)

State 114 file /home/dell/zyworkspace/nichecker/Experiment/remarks2.1_LA_Slicing/svp_simple_018/_mt_svp_simple_018_001_result/_cs_svp_simple_018_001_para2_rwr_mt_svp_simple_018_001.c line 330 function svp_simple_018_001_isr_1_0 thread 0
----------------------------------------------------
  __cs_value_ptr=NULL (0000000000000000000000000000000000000000000000000000000000000000)

State 119 file /home/dell/zyworkspace/nichecker/Experiment/remarks2.1_LA_Slicing/svp_simple_018/_mt_svp_simple_018_001_result/_cs_svp_simple_018_001_para2_rwr_mt_svp_simple_018_001.c line 377 function main thread 0
----------------------------------------------------
  __cs_pc[2l]=1 (001)

State 120 file /home/dell/zyworkspace/nichecker/Experiment/remarks2.1_LA_Slicing/svp_simple_018/_mt_svp_simple_018_001_result/_cs_svp_simple_018_001_para2_rwr_mt_svp_simple_018_001.c line 383 function main thread 0
----------------------------------------------------
  __cs_tmp_t3_r0=0 (0)

State 122 file /home/dell/zyworkspace/nichecker/Experiment/remarks2.1_LA_Slicing/svp_simple_018/_mt_svp_simple_018_001_result/_cs_svp_simple_018_001_para2_rwr_mt_svp_simple_018_001.c line 388 function main thread 0
----------------------------------------------------
  __cs_thread_index=3 (011)

State 123 file /home/dell/zyworkspace/nichecker/Experiment/remarks2.1_LA_Slicing/svp_simple_018/_mt_svp_simple_018_001_result/_cs_svp_simple_018_001_para2_rwr_mt_svp_simple_018_001.c line 390 function main thread 0
----------------------------------------------------
  __cs_pc_cs[3l]=0 (000)

State 128 file /home/dell/zyworkspace/nichecker/Experiment/remarks2.1_LA_Slicing/svp_simple_018/_mt_svp_simple_018_001_result/_cs_svp_simple_018_001_para2_rwr_mt_svp_simple_018_001.c line 396 function main thread 0
----------------------------------------------------
  __cs_param_svp_simple_018_001_isr_2_arg=NULL (0000000000000000000000000000000000000000000000000000000000000000)

State 132 file /home/dell/zyworkspace/nichecker/Experiment/remarks2.1_LA_Slicing/svp_simple_018/_mt_svp_simple_018_001_result/_cs_svp_simple_018_001_para2_rwr_mt_svp_simple_018_001.c line 299 function svp_simple_018_001_isr_2_0 thread 0
----------------------------------------------------
  __cs_value_ptr=NULL (0000000000000000000000000000000000000000000000000000000000000000)

State 137 file /home/dell/zyworkspace/nichecker/Experiment/remarks2.1_LA_Slicing/svp_simple_018/_mt_svp_simple_018_001_result/_cs_svp_simple_018_001_para2_rwr_mt_svp_simple_018_001.c line 398 function main thread 0
----------------------------------------------------
  __cs_pc[3l]=0 (000)

State 138 file /home/dell/zyworkspace/nichecker/Experiment/remarks2.1_LA_Slicing/svp_simple_018/_mt_svp_simple_018_001_result/_cs_svp_simple_018_001_para2_rwr_mt_svp_simple_018_001.c line 408 function main thread 0
----------------------------------------------------
  __cs_tmp_t1_r1=6 (110)

State 144 file /home/dell/zyworkspace/nichecker/Experiment/remarks2.1_LA_Slicing/svp_simple_018/_mt_svp_simple_018_001_result/_cs_svp_simple_018_001_para2_rwr_mt_svp_simple_018_001.c line 429 function main thread 0
----------------------------------------------------
  __cs_tmp_t2_r1=2 (10)

State 146 file /home/dell/zyworkspace/nichecker/Experiment/remarks2.1_LA_Slicing/svp_simple_018/_mt_svp_simple_018_001_result/_cs_svp_simple_018_001_para2_rwr_mt_svp_simple_018_001.c line 434 function main thread 0
----------------------------------------------------
  __cs_thread_index=2 (010)

State 147 file /home/dell/zyworkspace/nichecker/Experiment/remarks2.1_LA_Slicing/svp_simple_018/_mt_svp_simple_018_001_result/_cs_svp_simple_018_001_para2_rwr_mt_svp_simple_018_001.c line 436 function main thread 0
----------------------------------------------------
  __cs_pc_cs[2l]=2 (010)

State 152 file /home/dell/zyworkspace/nichecker/Experiment/remarks2.1_LA_Slicing/svp_simple_018/_mt_svp_simple_018_001_result/_cs_svp_simple_018_001_para2_rwr_mt_svp_simple_018_001.c line 442 function main thread 0
----------------------------------------------------
  __cs_param_svp_simple_018_001_isr_1_arg=NULL (0000000000000000000000000000000000000000000000000000000000000000)

State 155 file /home/dell/zyworkspace/nichecker/Experiment/remarks2.1_LA_Slicing/svp_simple_018/_mt_svp_simple_018_001_result/_cs_svp_simple_018_001_para2_rwr_mt_svp_simple_018_001.c line 319 function svp_simple_018_001_isr_1_0 thread 0
----------------------------------------------------
  svp_simple_018_001_para1=2.000000f (01000000000000000000000000000000)

State 159 file /home/dell/zyworkspace/nichecker/Experiment/remarks2.1_LA_Slicing/svp_simple_018/_mt_svp_simple_018_001_result/_cs_svp_simple_018_001_para2_rwr_mt_svp_simple_018_001.c line 330 function svp_simple_018_001_isr_1_0 thread 0
----------------------------------------------------
  __cs_value_ptr=NULL (0000000000000000000000000000000000000000000000000000000000000000)

State 164 file /home/dell/zyworkspace/nichecker/Experiment/remarks2.1_LA_Slicing/svp_simple_018/_mt_svp_simple_018_001_result/_cs_svp_simple_018_001_para2_rwr_mt_svp_simple_018_001.c line 444 function main thread 0
----------------------------------------------------
  __cs_pc[2l]=2 (010)

State 165 file /home/dell/zyworkspace/nichecker/Experiment/remarks2.1_LA_Slicing/svp_simple_018/_mt_svp_simple_018_001_result/_cs_svp_simple_018_001_para2_rwr_mt_svp_simple_018_001.c line 450 function main thread 0
----------------------------------------------------
  __cs_tmp_t3_r1=1 (1)

State 167 file /home/dell/zyworkspace/nichecker/Experiment/remarks2.1_LA_Slicing/svp_simple_018/_mt_svp_simple_018_001_result/_cs_svp_simple_018_001_para2_rwr_mt_svp_simple_018_001.c line 455 function main thread 0
----------------------------------------------------
  __cs_thread_index=3 (011)

State 168 file /home/dell/zyworkspace/nichecker/Experiment/remarks2.1_LA_Slicing/svp_simple_018/_mt_svp_simple_018_001_result/_cs_svp_simple_018_001_para2_rwr_mt_svp_simple_018_001.c line 457 function main thread 0
----------------------------------------------------
  __cs_pc_cs[3l]=1 (001)

State 173 file /home/dell/zyworkspace/nichecker/Experiment/remarks2.1_LA_Slicing/svp_simple_018/_mt_svp_simple_018_001_result/_cs_svp_simple_018_001_para2_rwr_mt_svp_simple_018_001.c line 463 function main thread 0
----------------------------------------------------
  __cs_param_svp_simple_018_001_isr_2_arg=NULL (0000000000000000000000000000000000000000000000000000000000000000)

State 175 file /home/dell/zyworkspace/nichecker/Experiment/remarks2.1_LA_Slicing/svp_simple_018/_mt_svp_simple_018_001_result/_cs_svp_simple_018_001_para2_rwr_mt_svp_simple_018_001.c line 279 function svp_simple_018_001_isr_2_0 thread 0
----------------------------------------------------
  __cs_local_svp_simple_018_001_isr_2_i=0 (00000000000000000000000000000000)

State 176 file /home/dell/zyworkspace/nichecker/Experiment/remarks2.1_LA_Slicing/svp_simple_018/_mt_svp_simple_018_001_result/_cs_svp_simple_018_001_para2_rwr_mt_svp_simple_018_001.c line 285 function svp_simple_018_001_isr_2_0 thread 0
----------------------------------------------------
  svp_simple_018_001_para2=1.000000f (00111111100000000000000000000000)

State 180 file /home/dell/zyworkspace/nichecker/Experiment/remarks2.1_LA_Slicing/svp_simple_018/_mt_svp_simple_018_001_result/_cs_svp_simple_018_001_para2_rwr_mt_svp_simple_018_001.c line 299 function svp_simple_018_001_isr_2_0 thread 0
----------------------------------------------------
  __cs_value_ptr=NULL (0000000000000000000000000000000000000000000000000000000000000000)

State 185 file /home/dell/zyworkspace/nichecker/Experiment/remarks2.1_LA_Slicing/svp_simple_018/_mt_svp_simple_018_001_result/_cs_svp_simple_018_001_para2_rwr_mt_svp_simple_018_001.c line 465 function main thread 0
----------------------------------------------------
  __cs_pc[3l]=1 (001)

State 186 file /home/dell/zyworkspace/nichecker/Experiment/remarks2.1_LA_Slicing/svp_simple_018/_mt_svp_simple_018_001_result/_cs_svp_simple_018_001_para2_rwr_mt_svp_simple_018_001.c line 469 function main thread 0
----------------------------------------------------
  __cs_tmp_t1_r2=4u (00000000000000000000000000000100)

State 188 file /home/dell/zyworkspace/nichecker/Experiment/remarks2.1_LA_Slicing/svp_simple_018/_mt_svp_simple_018_001_result/_cs_svp_simple_018_001_para2_rwr_mt_svp_simple_018_001.c line 474 function main thread 0
----------------------------------------------------
  __cs_thread_index=1 (001)

State 189 file /home/dell/zyworkspace/nichecker/Experiment/remarks2.1_LA_Slicing/svp_simple_018/_mt_svp_simple_018_001_result/_cs_svp_simple_018_001_para2_rwr_mt_svp_simple_018_001.c line 476 function main thread 0
----------------------------------------------------
  __cs_pc_cs[1l]=4 (100)

State 194 file /home/dell/zyworkspace/nichecker/Experiment/remarks2.1_LA_Slicing/svp_simple_018/_mt_svp_simple_018_001_result/_cs_svp_simple_018_001_para2_rwr_mt_svp_simple_018_001.c line 482 function main thread 0
----------------------------------------------------
  __cs_param_main_task_arg=NULL (0000000000000000000000000000000000000000000000000000000000000000)

State 199 file /home/dell/zyworkspace/nichecker/Experiment/remarks2.1_LA_Slicing/svp_simple_018/_mt_svp_simple_018_001_result/_cs_svp_simple_018_001_para2_rwr_mt_svp_simple_018_001.c line 238 function main_task_0 thread 0
----------------------------------------------------
  __cs_temporary_1=1.000000f (00111111100000000000000000000000)

State 200 file /home/dell/zyworkspace/nichecker/Experiment/remarks2.1_LA_Slicing/svp_simple_018/_mt_svp_simple_018_001_result/_cs_svp_simple_018_001_para2_rwr_mt_svp_simple_018_001.c line 240 function main_task_0 thread 0
----------------------------------------------------
  rwr_r3=1.000000f (00111111100000000000000000000000)

Violated property:
  file /home/dell/zyworkspace/nichecker/Experiment/remarks2.1_LA_Slicing/svp_simple_018/_mt_svp_simple_018_001_result/_cs_svp_simple_018_001_para2_rwr_mt_svp_simple_018_001.c line 242 function main_task_0
  assertion IEEE_FLOAT_EQUAL(rwr_r3, rwr_tmp1)
  IEEE_FLOAT_EQUAL(rwr_r3, rwr_tmp1)


** 2 of 3 failed (3 iterations)
VERIFICATION FAILED
