CBMC version 5.6 64-bit x86_64 linux
Parsing /home/dell/zyworkspace/nichecker/Experiment/remarks2.1_basic/svp_simple_017/_mt_svp_simple_017_001_result/_cs_svp_simple_017_001_global_var_rww_mt_svp_simple_017_001.c
<command-line>: warning: "__STDC_VERSION__" redefined
<built-in>: note: this is the location of the previous definition
Converting
Type-checking _cs_svp_simple_017_001_global_var_rww_mt_svp_simple_017_001
file /home/dell/zyworkspace/nichecker/Experiment/remarks2.1_basic/svp_simple_017/_mt_svp_simple_017_001_result/_cs_svp_simple_017_001_global_var_rww_mt_svp_simple_017_001.c line 252 function main_task_0: function `assert' is not declared
Generating GOTO Program
Adding CPROVER library (x86_64)
Removal of function pointers and virtual functions
Partial Inlining
Generic Property Instrumentation
Starting Bounded Model Checking
**** WARNING: no body for function enable_isr
size of program expression: 710 steps
simple slicing removed 36 assignments
Generated 6 VCC(s), 5 remaining after simplification
Passing problem to propositional reduction
converting SSA
Running propositional reduction
Post-processing
Solving with MiniSAT 2.2.1 with simplifier
4590 variables, 13634 clauses
SAT checker: instance is UNSATISFIABLE
Runtime decision procedure: 0.022s

** Results:
[main_task_0.assertion.1] assertion rww_w1 == rww_r_tmp1: SUCCESS
[main_task_0.assertion.2] assertion rww_w2 == rww_r_tmp1: SUCCESS

** 0 of 2 failed (1 iteration)
VERIFICATION SUCCESSFUL
