2023-10-15 16:52:30
SVPCheck: True	LoopAbstraction: False	LabelReduction: False	Slice: False	

SVPCheck var: svp_simple_017_001_global_var	pattern: rwr
--------------------------Run start-------------------------------
inliner
slice
LoopAbstraction
unroller
insertLabel
lazyseq
feeder  0.222
[92mSAFE[0m, counterexample: 0, time: 1.712 s, memory: 31.64 MB
--------------------------Run end---------------------------------
SVPCheck var: svp_simple_017_001_global_var	pattern: rww
--------------------------Run start-------------------------------
inliner
slice
LoopAbstraction
unroller
insertLabel
lazyseq
feeder  0.215
[92mSAFE[0m, counterexample: 0, time: 1.654 s, memory: 31.20 MB
--------------------------Run end---------------------------------
SVPCheck var: svp_simple_017_001_global_var	pattern: wwr
--------------------------Run start-------------------------------
inliner
slice
LoopAbstraction
unroller
insertLabel
lazyseq
feeder  0.217
[92mSAFE[0m, counterexample: 0, time: 1.698 s, memory: 31.34 MB
--------------------------Run end---------------------------------
SVPCheck var: svp_simple_017_001_local_array[50]	pattern: rwr
--------------------------Run start-------------------------------
inliner
slice
LoopAbstraction
unroller
insertLabel
lazyseq
feeder  0.179
[92mSAFE[0m, counterexample: 0, time: 1.630 s, memory: 28.64 MB
--------------------------Run end---------------------------------
cbmcTimeSum: 0.833
modulesTimeSum: 6.694
