2024-06-03 20:37:13
SVPCheck: True	LoopAbstraction: True	LabelReduction: True	Slice: False	

SVPCheck var: svp_simple_019_001_global_var1	pattern: rwr
--------------------------Run start-------------------------------
inliner
slice
LoopAbstraction
unroller
insertLabel
lazyseq
feeder  0.284
[91mUNSAFE[0m, counterexample: 1, time: 3.209 s, memory: 33.94 MB
--------------------------Run end---------------------------------
SVPCheck var: svp_simple_019_001_global_var2	pattern: rwr
--------------------------Run start-------------------------------
inliner
slice
LoopAbstraction
unroller
insertLabel
lazyseq
feeder  0.292
[92mSAFE[0m, counterexample: 0, time: 3.227 s, memory: 33.59 MB
--------------------------Run end---------------------------------
SVPCheck var: svp_simple_019_001_global_condition3	pattern: rwr
--------------------------Run start-------------------------------
inliner
slice
LoopAbstraction
unroller
insertLabel
lazyseq
feeder  0.283
[92mSAFE[0m, counterexample: 0, time: 3.384 s, memory: 33.75 MB
--------------------------Run end---------------------------------
cbmcTimeSum: 0.859
modulesTimeSum: 9.82
