CBMC version 4.9 64-bit linux
Parsing main.c
<command-line>: warning: "__STDC_VERSION__" redefined
<built-in>: note: this is the location of the previous definition
Converting
Type-checking main
Generating GOTO Program
Adding CPROVER library
Function Pointer Removal
Partial Inlining
Generic Property Instrumentation
Starting Bounded Model Checking
Adding interrupt constraints
size of program expression: 603 steps
no slicing due to threads
Generated 2 VCC(s), 2 remaining after simplification
Passing problem to propositional reduction
Running propositional reduction
Post-processing
Solving with MiniSAT 2.2.0 with simplifier
7877 variables, 29436 clauses
SAT checker: negated claim is SATISFIABLE, i.e., does not hold
Runtime decision procedure: 0.104s
Building error trace

Counterexample:

State 3 file main.c line 20 thread 0
----------------------------------------------------
  startTime=0 (00000000000000000000000000000000)

State 4 file main.c line 21 thread 0
----------------------------------------------------
  decodingStatus=0 (00000000000000000000000000000000)

State 5 file main.c line 23 thread 0
----------------------------------------------------
  cmd=0 (00000000000000000000000000000000)

State 6 file main.c line 24 thread 0
----------------------------------------------------
  sendit=0 (00000000000000000000000000000000)

State 7 file main.c line 28 thread 0
----------------------------------------------------
  systemState=0 (00000000000000000000000000000000)

State 8 file main.c line 29 thread 0
----------------------------------------------------
  rspStatus=0 (00000000000000000000000000000000)

State 9 file main.c line 46 thread 0
----------------------------------------------------
  __CPROVER_thread_priorities={ 5, 2 } ({ 00000000000000000000000000000101, 00000000000000000000000000000010 })

State 10 file <built-in-additions> line 57 thread 0
----------------------------------------------------
  __CPROVER_rounding_mode=0 (00000000000000000000000000000000)

State 11 file main.c line 47 thread 0
----------------------------------------------------
  __CPROVER_threads={ "c::task_communicate", "c::task_measure" } ({ 0000001000000000000000000000000000000000000000000000000000000000, 0000001100000000000000000000000000000000000000000000000000000000 })

State 12 file main.c line 51 thread 0
----------------------------------------------------
  cnt1=0 (00000000000000000000000000000000)

State 13 file main.c line 51 thread 0
----------------------------------------------------
  cnt2=0 (00000000000000000000000000000000)

State 14 file main.c line 51 thread 0
----------------------------------------------------
  cnt3=0 (00000000000000000000000000000000)

State 15 file <built-in-additions> line 78 thread 0
----------------------------------------------------
  __CPROVER_pipe_count=0 (00000000000000000000000000000000)

State 16 file <built-in-additions> line 21 thread 0
----------------------------------------------------
  __CPROVER_thread_id=0 (0000000000000000000000000000000000000000000000000000000000000000)

State 17 file <built-in-additions> line 22 thread 0
----------------------------------------------------
  __CPROVER_threads_exited=__CPROVER_threads_exited#1 (?)

State 18 file <built-in-additions> line 23 thread 0
----------------------------------------------------
  __CPROVER_next_thread_id=0 (0000000000000000000000000000000000000000000000000000000000000000)

State 19 file <built-in-additions> line 30 thread 0
----------------------------------------------------
  __CPROVER_deallocated=NULL (0000000000000000000000000000000000000000000000000000000000000000)

State 20 file <built-in-additions> line 31 thread 0
----------------------------------------------------
  __CPROVER_dead_object=NULL (0000000000000000000000000000000000000000000000000000000000000000)

State 21 file <built-in-additions> line 32 thread 0
----------------------------------------------------
  __CPROVER_malloc_object=NULL (0000000000000000000000000000000000000000000000000000000000000000)

State 22 file <built-in-additions> line 33 thread 0
----------------------------------------------------
  __CPROVER_malloc_size=0 (0000000000000000000000000000000000000000000000000000000000000000)

State 23 file <built-in-additions> line 34 thread 0
----------------------------------------------------
  __CPROVER_malloc_is_new_array=FALSE (0)

State 24 file <built-in-additions> line 35 thread 0
----------------------------------------------------
  __CPROVER_memory_leak=NULL (0000000000000000000000000000000000000000000000000000000000000000)

State 25 file main.c line 10 thread 0
----------------------------------------------------
  numberOfRecords=0 (00000000000000000000000000000000)

State 26 file main.c line 12 thread 0
----------------------------------------------------
  records=0 (00000000000000000000000000000000)

State 27 file main.c line 15 thread 0
----------------------------------------------------
  msgBuffer={ 0, 0, 0, 0, 0, 0, 0, 0, 0, 0, 0, 0, 0, 0, 0, 0, 0, 0, 0, 0, 0, 0, 0, 0, 0, 0, 0, 0, 0, 0, 0, 0, 0, 0, 0, 0, 0, 0, 0, 0, 0, 0, 0, 0, 0, 0, 0, 0, 0, 0, 0, 0, 0, 0, 0, 0, 0, 0, 0, 0, 0, 0, 0, 0 } ({ 00000000000000000000000000000000, 00000000000000000000000000000000, 00000000000000000000000000000000, 00000000000000000000000000000000, 00000000000000000000000000000000, 00000000000000000000000000000000, 00000000000000000000000000000000, 00000000000000000000000000000000, 00000000000000000000000000000000, 00000000000000000000000000000000, 00000000000000000000000000000000, 00000000000000000000000000000000, 00000000000000000000000000000000, 00000000000000000000000000000000, 00000000000000000000000000000000, 00000000000000000000000000000000, 00000000000000000000000000000000, 00000000000000000000000000000000, 00000000000000000000000000000000, 00000000000000000000000000000000, 00000000000000000000000000000000, 00000000000000000000000000000000, 00000000000000000000000000000000, 00000000000000000000000000000000, 00000000000000000000000000000000, 00000000000000000000000000000000, 00000000000000000000000000000000, 00000000000000000000000000000000, 00000000000000000000000000000000, 00000000000000000000000000000000, 00000000000000000000000000000000, 00000000000000000000000000000000, 00000000000000000000000000000000, 00000000000000000000000000000000, 00000000000000000000000000000000, 00000000000000000000000000000000, 00000000000000000000000000000000, 00000000000000000000000000000000, 00000000000000000000000000000000, 00000000000000000000000000000000, 00000000000000000000000000000000, 00000000000000000000000000000000, 00000000000000000000000000000000, 00000000000000000000000000000000, 00000000000000000000000000000000, 00000000000000000000000000000000, 00000000000000000000000000000000, 00000000000000000000000000000000, 00000000000000000000000000000000, 00000000000000000000000000000000, 00000000000000000000000000000000, 00000000000000000000000000000000, 00000000000000000000000000000000, 00000000000000000000000000000000, 00000000000000000000000000000000, 00000000000000000000000000000000, 00000000000000000000000000000000, 00000000000000000000000000000000, 00000000000000000000000000000000, 00000000000000000000000000000000, 00000000000000000000000000000000, 00000000000000000000000000000000, 00000000000000000000000000000000, 00000000000000000000000000000000 })

State 28 file main.c line 17 thread 0
----------------------------------------------------
  intervalCounter=0 (00000000000000000000000000000000)

State 29 file main.c line 18 thread 0
----------------------------------------------------
  tickCounter=0 (00000000000000000000000000000000)

State 30 file main.c line 19 thread 0
----------------------------------------------------
  interval=0 (00000000000000000000000000000000)

State 34 file main.c line 161 function main thread 0
----------------------------------------------------
  systemState=0 (00000000000000000000000000000000)

State 42 file main.c line 102 function task_communicate thread 2
----------------------------------------------------
  cmd=0 (00000000000000000000000000000000)

State 43 file main.c line 103 function task_communicate thread 2
----------------------------------------------------
  return_value_rand$2=0 (00000000000000000000000000000000)

State 45 file main.c line 103 function task_communicate thread 2
----------------------------------------------------
  return_value_rand$2=1073971202 (01000000000000111000000000000010)

State 46 file main.c line 103 function task_communicate thread 2
----------------------------------------------------
  rspStatus=1 (00000000000000000000000000000001)

State 47 file main.c line 104 function task_communicate thread 2
----------------------------------------------------
  decodingStatus=0 (00000000000000000000000000000000)

State 56 file main.c line 79 function task_measure thread 1
----------------------------------------------------
  tickCounter=1 (00000000000000000000000000000001)

State 57 file main.c line 80 function task_measure thread 1
----------------------------------------------------
  tmp_tickCounter=0 (00000000000000000000000000000000)

State 58 file main.c line 80 function task_measure thread 1
----------------------------------------------------
  tmp_tickCounter=1 (00000000000000000000000000000001)

State 59 file main.c line 81 function task_measure thread 1
----------------------------------------------------
  tmp_interval=0 (00000000000000000000000000000000)

State 61 file main.c line 81 function task_measure thread 1
----------------------------------------------------
  tmp_interval=0 (00000000000000000000000000000000)

State 62 file main.c line 83 function task_measure thread 1
----------------------------------------------------
  value=0 (00000000000000000000000000000000)

State 63 file main.c line 83 function task_measure thread 1
----------------------------------------------------
  value=1 (00000000000000000000000000000001)

State 64 file main.c line 84 function task_measure thread 1
----------------------------------------------------
  tickCounter=0 (00000000000000000000000000000000)

State 67 file main.c line 134 function task_communicate thread 2
----------------------------------------------------
  tmp_num=0 (00000000000000000000000000000000)

State 68 file main.c line 134 function task_communicate thread 2
----------------------------------------------------
  tmp_num=1 (00000000000000000000000000000001)

State 70 file main.c line 85 function task_measure thread 1
----------------------------------------------------
  intervalCounter=1 (00000000000000000000000000000001)

State 71 file main.c line 138 function task_communicate thread 2
----------------------------------------------------
  intervalCounter=0 (00000000000000000000000000000000)

State 72 file main.c line 139 function task_communicate thread 2
----------------------------------------------------
  tickCounter=0 (00000000000000000000000000000000)

State 73 file main.c line 140 function task_communicate thread 2
----------------------------------------------------
  numberOfRecords=0 (00000000000000000000000000000000)

State 74 file main.c line 141 function task_communicate thread 2
----------------------------------------------------
  startTime=1 (00000000000000000000000000000001)

State 75 file main.c line 142 function task_communicate thread 2
----------------------------------------------------
  interval=1 (00000000000000000000000000000001)

State 76 file main.c line 143 function task_communicate thread 2
----------------------------------------------------
  systemState=1 (00000000000000000000000000000001)

State 78 file main.c line 149 function task_communicate thread 2
----------------------------------------------------
  sendit=1 (00000000000000000000000000000001)

Violated property:
  file main.c line 86 function task_measure
  assertion intervalCounter==1
  FALSE

VERIFICATION FAILED

real	0m0.336s
user	0m0.291s
sys	0m0.045s
